#
# A fatal error has been detected by the Java Runtime Environment:
#
#  Internal Error (c1/c1_LIR.hpp:731), pid=7356, tid=9564
#  Error: ShouldNotReachHere()
#
# JRE version: OpenJDK Runtime Environment Corretto-11.0.22.7.1 (11.0.22+7) (build 11.0.22+7-LTS)
# Java VM: OpenJDK 64-Bit Server VM Corretto-11.0.22.7.1 (11.0.22+7-LTS, mixed mode, tiered, compressed oops, g1 gc, windows-amd64)
# No core dump will be written. Minidumps are not enabled by default on client versions of Windows
#
# If you would like to submit a bug report, please visit:
#   https://github.com/corretto/corretto-11/issues/
#

---------------  S U M M A R Y ------------

Command Line: -agentlib:jdwp=transport=dt_socket,server=n,suspend=y,address=127.0.0.1:57787 -javaagent:C:\Users\Donni\.gradle\caches\modules-2\files-2.1\org.jetbrains.kotlinx\kotlinx-coroutines-core-jvm\1.6.0\f3b8fd26c2e76d2f18cbc36aacb6e349fcb9fd5f\kotlinx-coroutines-core-jvm-1.6.0.jar -Dfile.encoding=windows-1252 -Duser.country=US -Duser.language=en -Duser.variant -ea com.piggyplugins.PluginTester

Host: 11th Gen Intel(R) Core(TM) i5-1145G7 @ 2.60GHz, 8 cores, 15G,  Windows 11 , 64 bit Build 22621 (10.0.22621.2506)
Time: Fri Feb  9 19:46:25 2024 Mountain Standard Time elapsed time: 21.992689 seconds (0d 0h 0m 21s)

---------------  T H R E A D  ---------------

Current thread (0x0000023703061800):  JavaThread "C1 CompilerThread0" daemon [_thread_in_native, id=9564, stack(0x000000c435000000,0x000000c435100000)]


Current CompileTask:
C1:  21992 10881 %     3       org.bouncycastle.math.raw.Nat256::mul @ 292 (637 bytes)

Stack: [0x000000c435000000,0x000000c435100000]
Native frames: (J=compiled Java code, j=interpreted, Vv=VM code, C=native code)
V  [jvm.dll+0x64585a]
V  [jvm.dll+0x7d9bb9]
V  [jvm.dll+0x7db2b9]
V  [jvm.dll+0x7db957]
V  [jvm.dll+0x26941c]
V  [jvm.dll+0x269363]
V  [jvm.dll+0x1760a9]
V  [jvm.dll+0x171ea4]
V  [jvm.dll+0x168c0e]
V  [jvm.dll+0x1552d0]
V  [jvm.dll+0x13c659]
V  [jvm.dll+0x13bf8f]
V  [jvm.dll+0x13c1c4]
V  [jvm.dll+0x13b512]
V  [jvm.dll+0x13d3ac]
V  [jvm.dll+0x2305e9]
V  [jvm.dll+0x22e75f]
V  [jvm.dll+0x79ae51]
V  [jvm.dll+0x793b24]
V  [jvm.dll+0x644615]
C  [ucrtbase.dll+0x29363]
C  [KERNEL32.DLL+0x1257d]
C  [ntdll.dll+0x5aa58]


---------------  P R O C E S S  ---------------

Threads class SMR info:
_java_thread_list=0x000002370b21f700, length=41, elements={
0x0000023702ffc800, 0x0000023702ffe000, 0x000002370305b800, 0x000002370305d000,
0x000002370305f000, 0x0000023703060800, 0x0000023703061800, 0x0000023703062800,
0x0000023702fd0800, 0x000002370331d000, 0x000002370334c800, 0x000002370334d800,
0x00000237039ce000, 0x0000023704e2d000, 0x0000023704e2d800, 0x000002370427a800,
0x000002370503e000, 0x0000023704025800, 0x0000023705547000, 0x0000023703e40000,
0x0000023705017000, 0x0000023705538800, 0x0000023705539800, 0x0000023705536000,
0x0000023705537000, 0x0000023705533800, 0x000002370553a000, 0x0000023705537800,
0x0000023705535000, 0x0000023705cf0000, 0x0000023705cf3000, 0x0000023705cef000,
0x0000023705cf0800, 0x0000023705cf1800, 0x0000023705cf7000, 0x0000023705cf9000,
0x0000023705ced800, 0x0000023705cf9800, 0x000002370c0a3000, 0x000002370d279800,
0x0000023705cfa800
}

Java Threads: ( => current thread )
  0x0000023702ffc800 JavaThread "Reference Handler" daemon [_thread_blocked, id=5268, stack(0x000000c434a00000,0x000000c434b00000)]
  0x0000023702ffe000 JavaThread "Finalizer" daemon [_thread_blocked, id=14768, stack(0x000000c434b00000,0x000000c434c00000)]
  0x000002370305b800 JavaThread "Signal Dispatcher" daemon [_thread_blocked, id=13824, stack(0x000000c434c00000,0x000000c434d00000)]
  0x000002370305d000 JavaThread "Attach Listener" daemon [_thread_blocked, id=9424, stack(0x000000c434d00000,0x000000c434e00000)]
  0x000002370305f000 JavaThread "Service Thread" daemon [_thread_blocked, id=8068, stack(0x000000c434e00000,0x000000c434f00000)]
  0x0000023703060800 JavaThread "C2 CompilerThread0" daemon [_thread_in_native, id=10460, stack(0x000000c434f00000,0x000000c435000000)]
=>0x0000023703061800 JavaThread "C1 CompilerThread0" daemon [_thread_in_native, id=9564, stack(0x000000c435000000,0x000000c435100000)]
  0x0000023703062800 JavaThread "Sweeper thread" daemon [_thread_blocked, id=8500, stack(0x000000c435100000,0x000000c435200000)]
  0x0000023702fd0800 JavaThread "Common-Cleaner" daemon [_thread_blocked, id=7864, stack(0x000000c435200000,0x000000c435300000)]
  0x000002370331d000 JavaThread "JDWP Transport Listener: dt_socket" daemon [_thread_blocked, id=13672, stack(0x000000c435400000,0x000000c435500000)]
  0x000002370334c800 JavaThread "JDWP Event Helper Thread" daemon [_thread_blocked, id=16052, stack(0x000000c435500000,0x000000c435600000)]
  0x000002370334d800 JavaThread "JDWP Command Reader" daemon [_thread_in_native, id=13888, stack(0x000000c435600000,0x000000c435700000)]
  0x00000237039ce000 JavaThread "Coroutines Debugger Cleaner" daemon [_thread_blocked, id=15340, stack(0x000000c435700000,0x000000c435800000)]
  0x0000023704e2d000 JavaThread "Java2D Disposer" daemon [_thread_blocked, id=16264, stack(0x000000c436200000,0x000000c436300000)]
  0x0000023704e2d800 JavaThread "AWT-Shutdown" [_thread_blocked, id=9124, stack(0x000000c436300000,0x000000c436400000)]
  0x000002370427a800 JavaThread "AWT-Windows" daemon [_thread_in_native, id=5660, stack(0x000000c436400000,0x000000c436500000)]
  0x000002370503e000 JavaThread "AWT-EventQueue-0" [_thread_blocked, id=10404, stack(0x000000c436600000,0x000000c436700000)]
  0x0000023704025800 JavaThread "TimerQueue" daemon [_thread_blocked, id=12376, stack(0x000000c436700000,0x000000c436800000)]
  0x0000023705547000 JavaThread "OkHttp Dispatcher" [_thread_blocked, id=13872, stack(0x000000c436800000,0x000000c436900000)]
  0x0000023703e40000 JavaThread "OkHttp ConnectionPool" daemon [_thread_blocked, id=6856, stack(0x000000c435900000,0x000000c435a00000)]
  0x0000023705017000 JavaThread "Okio Watchdog" daemon [_thread_blocked, id=16376, stack(0x000000c436b00000,0x000000c436c00000)]
  0x0000023705538800 JavaThread "pool-2-thread-1" [_thread_blocked, id=13048, stack(0x000000c437000000,0x000000c437100000)]
  0x0000023705539800 JavaThread "Thread-1" daemon [_thread_blocked, id=3288, stack(0x000000c436900000,0x000000c436a00000)]
  0x0000023705536000 JavaThread "Client" daemon [_thread_in_Java, id=4316, stack(0x000000c437100000,0x000000c437200000)]
  0x0000023705537000 JavaThread "Thread-3" daemon [_thread_in_native, id=11364, stack(0x000000c435300000,0x000000c435400000)]
  0x0000023705533800 JavaThread "Thread-4" daemon [_thread_in_native, id=5032, stack(0x000000c437300000,0x000000c437400000)]
  0x000002370553a000 JavaThread "Thread-5" daemon [_thread_blocked, id=9920, stack(0x000000c437400000,0x000000c437500000)]
  0x0000023705537800 JavaThread "cache io" daemon [_thread_blocked, id=6680, stack(0x000000c437500000,0x000000c437600000)]
  0x0000023705535000 JavaThread "Java Sound Event Dispatcher" daemon [_thread_blocked, id=11952, stack(0x000000c437800000,0x000000c437900000)]
  0x0000023705cf0000 JavaThread "Sound Engine" [_thread_blocked, id=15560, stack(0x000000c437c00000,0x000000c437d00000)]
  0x0000023705cf3000 JavaThread "OkHttp repo.runelite.net Writer" [_thread_blocked, id=11432, stack(0x000000c437f00000,0x000000c438000000)]
  0x0000023705cef000 JavaThread "OkHttp repo.runelite.net" [_thread_in_native, id=5716, stack(0x000000c438000000,0x000000c438100000)]
  0x0000023705cf0800 JavaThread "Thread-8" daemon [_thread_blocked, id=14332, stack(0x000000c438200000,0x000000c438300000)]
  0x0000023705cf1800 JavaThread "OkHttp Http2Connection" daemon [_thread_blocked, id=16220, stack(0x000000c438300000,0x000000c438400000)]
  0x0000023705cf7000 JavaThread "pool-5-thread-1" [_thread_in_native, id=15688, stack(0x000000c438600000,0x000000c438700000)]
  0x0000023705cf9000 JavaThread "DestroyJavaVM" [_thread_blocked, id=12440, stack(0x000000c434300000,0x000000c434400000)]
  0x0000023705ced800 JavaThread "Thread-10" daemon [_thread_in_native, id=14636, stack(0x000000c436c00000,0x000000c436d00000)]
  0x0000023705cf9800 JavaThread "Thread-11" daemon [_thread_blocked, id=14848, stack(0x000000c436f00000,0x000000c437000000)]
  0x000002370c0a3000 JavaThread "C2 CompilerThread1" daemon [_thread_in_native, id=8800, stack(0x000000c438100000,0x000000c438200000)]
  0x000002370d279800 JavaThread "C2 CompilerThread2" daemon [_thread_in_native, id=7948, stack(0x000000c438500000,0x000000c438600000)]
  0x0000023705cfa800 JavaThread "crmsession-rest-request-1" daemon [_thread_in_native, id=12892, stack(0x000000c438800000,0x000000c438900000)]

Other Threads:
  0x0000023702fd8800 VMThread "VM Thread" [stack: 0x000000c434900000,0x000000c434a00000] [id=2156]
  0x00000237039cf000 WatcherThread [stack: 0x000000c435800000,0x000000c435900000] [id=1888]
  0x000002375eb42000 GCTaskThread "GC Thread#0" [stack: 0x000000c434400000,0x000000c434500000] [id=16232]
  0x00000237043ab000 GCTaskThread "GC Thread#1" [stack: 0x000000c435a00000,0x000000c435b00000] [id=1216]
  0x0000023703dc4000 GCTaskThread "GC Thread#2" [stack: 0x000000c435b00000,0x000000c435c00000] [id=14804]
  0x00000237046ff000 GCTaskThread "GC Thread#3" [stack: 0x000000c435c00000,0x000000c435d00000] [id=11576]
  0x0000023704489000 GCTaskThread "GC Thread#4" [stack: 0x000000c435d00000,0x000000c435e00000] [id=7292]
  0x0000023703c2e000 GCTaskThread "GC Thread#5" [stack: 0x000000c435e00000,0x000000c435f00000] [id=6644]
  0x0000023705b8c800 GCTaskThread "GC Thread#6" [stack: 0x000000c436d00000,0x000000c436e00000] [id=7532]
  0x00000237050f7800 GCTaskThread "GC Thread#7" [stack: 0x000000c436e00000,0x000000c436f00000] [id=2060]
  0x000002375eb9c000 ConcurrentGCThread "G1 Main Marker" [stack: 0x000000c434500000,0x000000c434600000] [id=15604]
  0x000002375eb9e800 ConcurrentGCThread "G1 Conc#0" [stack: 0x000000c434600000,0x000000c434700000] [id=16212]
  0x00000237051da800 ConcurrentGCThread "G1 Conc#1" [stack: 0x000000c436500000,0x000000c436600000] [id=11464]
  0x0000023702631000 ConcurrentGCThread "G1 Refine#0" [stack: 0x000000c434700000,0x000000c434800000] [id=7984]
  0x0000023703469800 ConcurrentGCThread "G1 Refine#1" [stack: 0x000000c435f00000,0x000000c436000000] [id=16360]
  0x000002370469c000 ConcurrentGCThread "G1 Refine#2" [stack: 0x000000c436000000,0x000000c436100000] [id=276]
  0x0000023702632000 ConcurrentGCThread "G1 Young RemSet Sampling" [stack: 0x000000c434800000,0x000000c434900000] [id=8276]

Threads with active compile tasks:
C2 CompilerThread0    22005 10796 %     4       km::cj @ 1371 (2177 bytes)
C1 CompilerThread0    22005 10881 %     3       org.bouncycastle.math.raw.Nat256::mul @ 292 (637 bytes)
C2 CompilerThread1    22005 10808 % !   4       jt::nj @ 30 (6679 bytes)
C2 CompilerThread2    22005 10504 % !   4       jt::af @ 620 (4395 bytes)

VM state:not at safepoint (normal execution)

VM Mutex/Monitor currently owned by a thread: None

Heap address: 0x0000000704800000, size: 4024 MB, Compressed Oops mode: Zero based, Oop shift amount: 3
Narrow klass base: 0x0000000800000000, Narrow klass shift: 0
Compressed class space size: 1073741824 Address: 0x0000000800000000

Heap:
 garbage-first heap   total 310272K, used 183062K [0x0000000704800000, 0x0000000800000000)
  region size 1024K, 18 young (18432K), 7 survivors (7168K)
 Metaspace       used 88580K, capacity 91639K, committed 91900K, reserved 1130496K
  class space    used 9252K, capacity 10523K, committed 10624K, reserved 1048576K
Heap Regions: E=young(eden), S=young(survivor), O=old, HS=humongous(starts), HC=humongous(continues), CS=collection set, F=free, A=archive, TAMS=top-at-mark-start (previous, next)
|   0|0x0000000704800000, 0x0000000704900000, 0x0000000704900000|100%| O|  |TAMS 0x0000000704900000, 0x0000000704800000| Untracked 
|   1|0x0000000704900000, 0x0000000704a00000, 0x0000000704a00000|100%| O|  |TAMS 0x0000000704a00000, 0x0000000704900000| Untracked 
|   2|0x0000000704a00000, 0x0000000704b00000, 0x0000000704b00000|100%| O|  |TAMS 0x0000000704b00000, 0x0000000704a00000| Untracked 
|   3|0x0000000704b00000, 0x0000000704c00000, 0x0000000704c00000|100%| O|  |TAMS 0x0000000704c00000, 0x0000000704b00000| Untracked 
|   4|0x0000000704c00000, 0x0000000704d00000, 0x0000000704d00000|100%| O|  |TAMS 0x0000000704d00000, 0x0000000704c00000| Complete 
|   5|0x0000000704d00000, 0x0000000704e00000, 0x0000000704e00000|100%| O|  |TAMS 0x0000000704e00000, 0x0000000704d00000| Complete 
|   6|0x0000000704e00000, 0x0000000704f00000, 0x0000000704f00000|100%| O|  |TAMS 0x0000000704f00000, 0x0000000704e00000| Untracked 
|   7|0x0000000704f00000, 0x0000000705000000, 0x0000000705000000|100%| O|  |TAMS 0x0000000705000000, 0x0000000704f00000| Untracked 
|   8|0x0000000705000000, 0x0000000705100000, 0x0000000705100000|100%| O|  |TAMS 0x0000000705100000, 0x0000000705000000| Untracked 
|   9|0x0000000705100000, 0x0000000705200000, 0x0000000705200000|100%| O|  |TAMS 0x0000000705200000, 0x0000000705100000| Untracked 
|  10|0x0000000705200000, 0x0000000705300000, 0x0000000705300000|100%| O|  |TAMS 0x0000000705300000, 0x0000000705200000| Untracked 
|  11|0x0000000705300000, 0x0000000705400000, 0x0000000705400000|100%| O|  |TAMS 0x0000000705400000, 0x0000000705300000| Complete 
|  12|0x0000000705400000, 0x0000000705500000, 0x0000000705500000|100%|HS|  |TAMS 0x0000000705500000, 0x0000000705400000| Complete 
|  13|0x0000000705500000, 0x0000000705600000, 0x0000000705600000|100%|HC|  |TAMS 0x0000000705600000, 0x0000000705500000| Complete 
|  14|0x0000000705600000, 0x0000000705700000, 0x0000000705700000|100%|HC|  |TAMS 0x0000000705700000, 0x0000000705600000| Complete 
|  15|0x0000000705700000, 0x0000000705800000, 0x0000000705800000|100%| O|  |TAMS 0x0000000705800000, 0x0000000705700000| Untracked 
|  16|0x0000000705800000, 0x0000000705900000, 0x0000000705900000|100%| O|  |TAMS 0x0000000705900000, 0x0000000705800000| Untracked 
|  17|0x0000000705900000, 0x0000000705a00000, 0x0000000705a00000|100%| O|  |TAMS 0x0000000705a00000, 0x0000000705900000| Untracked 
|  18|0x0000000705a00000, 0x0000000705b00000, 0x0000000705b00000|100%| O|  |TAMS 0x0000000705b00000, 0x0000000705a00000| Complete 
|  19|0x0000000705b00000, 0x0000000705c00000, 0x0000000705c00000|100%| O|  |TAMS 0x0000000705c00000, 0x0000000705b00000| Untracked 
|  20|0x0000000705c00000, 0x0000000705d00000, 0x0000000705d00000|100%| O|  |TAMS 0x0000000705d00000, 0x0000000705c00000| Untracked 
|  21|0x0000000705d00000, 0x0000000705e00000, 0x0000000705e00000|100%| O|  |TAMS 0x0000000705e00000, 0x0000000705d00000| Untracked 
|  22|0x0000000705e00000, 0x0000000705f00000, 0x0000000705f00000|100%| O|  |TAMS 0x0000000705f00000, 0x0000000705e00000| Untracked 
|  23|0x0000000705f00000, 0x0000000706000000, 0x0000000706000000|100%| O|  |TAMS 0x0000000706000000, 0x0000000705f00000| Untracked 
|  24|0x0000000706000000, 0x0000000706100000, 0x0000000706100000|100%| O|  |TAMS 0x0000000706100000, 0x0000000706000000| Untracked 
|  25|0x0000000706100000, 0x0000000706200000, 0x0000000706200000|100%| O|  |TAMS 0x0000000706200000, 0x0000000706100000| Untracked 
|  26|0x0000000706200000, 0x0000000706300000, 0x0000000706300000|100%| O|  |TAMS 0x0000000706300000, 0x0000000706200000| Untracked 
|  27|0x0000000706300000, 0x0000000706400000, 0x0000000706400000|100%| O|  |TAMS 0x0000000706400000, 0x0000000706300000| Untracked 
|  28|0x0000000706400000, 0x0000000706500000, 0x0000000706500000|100%| O|  |TAMS 0x0000000706500000, 0x0000000706400000| Untracked 
|  29|0x0000000706500000, 0x0000000706600000, 0x0000000706600000|100%| O|  |TAMS 0x0000000706600000, 0x0000000706500000| Complete 
|  30|0x0000000706600000, 0x0000000706700000, 0x0000000706700000|100%| O|  |TAMS 0x0000000706700000, 0x0000000706600000| Complete 
|  31|0x0000000706700000, 0x0000000706800000, 0x0000000706800000|100%| O|  |TAMS 0x0000000706800000, 0x0000000706700000| Complete 
|  32|0x0000000706800000, 0x0000000706900000, 0x0000000706900000|100%|HS|  |TAMS 0x0000000706800000, 0x0000000706800000| Complete 
|  33|0x0000000706900000, 0x0000000706a00000, 0x0000000706a00000|100%| O|  |TAMS 0x0000000706a00000, 0x0000000706900000| Complete 
|  34|0x0000000706a00000, 0x0000000706b00000, 0x0000000706b00000|100%| O|  |TAMS 0x0000000706b00000, 0x0000000706a00000| Complete 
|  35|0x0000000706b00000, 0x0000000706bc5800, 0x0000000706c00000| 77%| O|  |TAMS 0x0000000706bc5800, 0x0000000706b00000| Untracked 
|  36|0x0000000706c00000, 0x0000000706d00000, 0x0000000706d00000|100%|HS|  |TAMS 0x0000000706c00000, 0x0000000706c00000| Complete 
|  37|0x0000000706d00000, 0x0000000706d00000, 0x0000000706e00000|  0%| F|  |TAMS 0x0000000706d00000, 0x0000000706d00000| Untracked 
|  38|0x0000000706e00000, 0x0000000706e00000, 0x0000000706f00000|  0%| F|  |TAMS 0x0000000706e00000, 0x0000000706e00000| Untracked 
|  39|0x0000000706f00000, 0x0000000707000000, 0x0000000707000000|100%|HS|  |TAMS 0x0000000707000000, 0x0000000706f00000| Complete 
|  40|0x0000000707000000, 0x0000000707100000, 0x0000000707100000|100%|HC|  |TAMS 0x0000000707100000, 0x0000000707000000| Complete 
|  41|0x0000000707100000, 0x0000000707100000, 0x0000000707200000|  0%| F|  |TAMS 0x0000000707100000, 0x0000000707100000| Untracked 
|  42|0x0000000707200000, 0x0000000707200000, 0x0000000707300000|  0%| F|  |TAMS 0x0000000707200000, 0x0000000707200000| Untracked 
|  43|0x0000000707300000, 0x0000000707400000, 0x0000000707400000|100%| O|  |TAMS 0x0000000707400000, 0x0000000707300000| Complete 
|  44|0x0000000707400000, 0x0000000707500000, 0x0000000707500000|100%| O|  |TAMS 0x0000000707500000, 0x0000000707400000| Untracked 
|  45|0x0000000707500000, 0x0000000707600000, 0x0000000707600000|100%| O|  |TAMS 0x0000000707600000, 0x0000000707500000| Untracked 
|  46|0x0000000707600000, 0x0000000707700000, 0x0000000707700000|100%| O|  |TAMS 0x0000000707700000, 0x0000000707600000| Untracked 
|  47|0x0000000707700000, 0x0000000707800000, 0x0000000707800000|100%| O|  |TAMS 0x0000000707800000, 0x0000000707700000| Complete 
|  48|0x0000000707800000, 0x0000000707900000, 0x0000000707900000|100%| O|  |TAMS 0x0000000707900000, 0x0000000707800000| Complete 
|  49|0x0000000707900000, 0x0000000707a00000, 0x0000000707a00000|100%| O|  |TAMS 0x0000000707a00000, 0x0000000707900000| Complete 
|  50|0x0000000707a00000, 0x0000000707b00000, 0x0000000707b00000|100%| O|  |TAMS 0x0000000707b00000, 0x0000000707a00000| Complete 
|  51|0x0000000707b00000, 0x0000000707c00000, 0x0000000707c00000|100%| O|  |TAMS 0x0000000707c00000, 0x0000000707b00000| Complete 
|  52|0x0000000707c00000, 0x0000000707d00000, 0x0000000707d00000|100%| O|  |TAMS 0x0000000707d00000, 0x0000000707c00000| Complete 
|  53|0x0000000707d00000, 0x0000000707e00000, 0x0000000707e00000|100%| O|  |TAMS 0x0000000707e00000, 0x0000000707d00000| Untracked 
|  54|0x0000000707e00000, 0x0000000707f00000, 0x0000000707f00000|100%| O|  |TAMS 0x0000000707f00000, 0x0000000707e00000| Untracked 
|  55|0x0000000707f00000, 0x0000000708000000, 0x0000000708000000|100%| O|  |TAMS 0x0000000708000000, 0x0000000707f00000| Complete 
|  56|0x0000000708000000, 0x0000000708100000, 0x0000000708100000|100%| O|  |TAMS 0x0000000708100000, 0x0000000708000000| Complete 
|  57|0x0000000708100000, 0x0000000708200000, 0x0000000708200000|100%| O|  |TAMS 0x0000000708200000, 0x0000000708100000| Untracked 
|  58|0x0000000708200000, 0x0000000708300000, 0x0000000708300000|100%| O|  |TAMS 0x0000000708300000, 0x0000000708200000| Untracked 
|  59|0x0000000708300000, 0x0000000708400000, 0x0000000708400000|100%| O|  |TAMS 0x0000000708400000, 0x0000000708300000| Untracked 
|  60|0x0000000708400000, 0x0000000708500000, 0x0000000708500000|100%| O|  |TAMS 0x0000000708500000, 0x0000000708400000| Untracked 
|  61|0x0000000708500000, 0x0000000708600000, 0x0000000708600000|100%| O|  |TAMS 0x0000000708600000, 0x0000000708500000| Untracked 
|  62|0x0000000708600000, 0x0000000708700000, 0x0000000708700000|100%| O|  |TAMS 0x0000000708700000, 0x0000000708600000| Untracked 
|  63|0x0000000708700000, 0x0000000708800000, 0x0000000708800000|100%| O|  |TAMS 0x0000000708800000, 0x0000000708700000| Complete 
|  64|0x0000000708800000, 0x0000000708900000, 0x0000000708900000|100%| O|  |TAMS 0x0000000708900000, 0x0000000708800000| Untracked 
|  65|0x0000000708900000, 0x0000000708a00000, 0x0000000708a00000|100%| O|  |TAMS 0x0000000708a00000, 0x0000000708900000| Untracked 
|  66|0x0000000708a00000, 0x0000000708b00000, 0x0000000708b00000|100%| O|  |TAMS 0x0000000708b00000, 0x0000000708a00000| Untracked 
|  67|0x0000000708b00000, 0x0000000708c00000, 0x0000000708c00000|100%| O|  |TAMS 0x0000000708c00000, 0x0000000708b00000| Untracked 
|  68|0x0000000708c00000, 0x0000000708d00000, 0x0000000708d00000|100%| O|  |TAMS 0x0000000708d00000, 0x0000000708c00000| Complete 
|  69|0x0000000708d00000, 0x0000000708e00000, 0x0000000708e00000|100%| O|  |TAMS 0x0000000708e00000, 0x0000000708d00000| Untracked 
|  70|0x0000000708e00000, 0x0000000708f00000, 0x0000000708f00000|100%| O|  |TAMS 0x0000000708f00000, 0x0000000708e00000| Untracked 
|  71|0x0000000708f00000, 0x0000000709000000, 0x0000000709000000|100%| O|  |TAMS 0x0000000709000000, 0x0000000708f00000| Complete 
|  72|0x0000000709000000, 0x0000000709100000, 0x0000000709100000|100%| O|  |TAMS 0x0000000709100000, 0x0000000709000000| Complete 
|  73|0x0000000709100000, 0x0000000709200000, 0x0000000709200000|100%| O|  |TAMS 0x0000000709200000, 0x0000000709100000| Complete 
|  74|0x0000000709200000, 0x0000000709300000, 0x0000000709300000|100%| O|  |TAMS 0x0000000709300000, 0x0000000709200000| Untracked 
|  75|0x0000000709300000, 0x0000000709400000, 0x0000000709400000|100%| O|  |TAMS 0x0000000709400000, 0x0000000709300000| Untracked 
|  76|0x0000000709400000, 0x0000000709500000, 0x0000000709500000|100%| O|  |TAMS 0x0000000709500000, 0x0000000709400000| Complete 
|  77|0x0000000709500000, 0x0000000709600000, 0x0000000709600000|100%| O|  |TAMS 0x0000000709600000, 0x0000000709500000| Untracked 
|  78|0x0000000709600000, 0x0000000709700000, 0x0000000709700000|100%| O|  |TAMS 0x0000000709700000, 0x0000000709600000| Untracked 
|  79|0x0000000709700000, 0x0000000709800000, 0x0000000709800000|100%| O|  |TAMS 0x0000000709800000, 0x0000000709700000| Untracked 
|  80|0x0000000709800000, 0x0000000709900000, 0x0000000709900000|100%| O|  |TAMS 0x0000000709900000, 0x0000000709800000| Untracked 
|  81|0x0000000709900000, 0x0000000709a00000, 0x0000000709a00000|100%| O|  |TAMS 0x0000000709a00000, 0x0000000709900000| Untracked 
|  82|0x0000000709a00000, 0x0000000709b00000, 0x0000000709b00000|100%| O|  |TAMS 0x0000000709b00000, 0x0000000709a00000| Untracked 
|  83|0x0000000709b00000, 0x0000000709c00000, 0x0000000709c00000|100%| O|  |TAMS 0x0000000709c00000, 0x0000000709b00000| Complete 
|  84|0x0000000709c00000, 0x0000000709d00000, 0x0000000709d00000|100%| O|  |TAMS 0x0000000709d00000, 0x0000000709c00000| Complete 
|  85|0x0000000709d00000, 0x0000000709e00000, 0x0000000709e00000|100%| O|  |TAMS 0x0000000709e00000, 0x0000000709d00000| Untracked 
|  86|0x0000000709e00000, 0x0000000709f00000, 0x0000000709f00000|100%| O|  |TAMS 0x0000000709f00000, 0x0000000709e00000| Complete 
|  87|0x0000000709f00000, 0x000000070a000000, 0x000000070a000000|100%| O|  |TAMS 0x000000070a000000, 0x0000000709f00000| Untracked 
|  88|0x000000070a000000, 0x000000070a100000, 0x000000070a100000|100%| O|  |TAMS 0x000000070a100000, 0x000000070a000000| Untracked 
|  89|0x000000070a100000, 0x000000070a200000, 0x000000070a200000|100%| O|  |TAMS 0x000000070a200000, 0x000000070a100000| Untracked 
|  90|0x000000070a200000, 0x000000070a300000, 0x000000070a300000|100%| O|  |TAMS 0x000000070a300000, 0x000000070a200000| Untracked 
|  91|0x000000070a300000, 0x000000070a400000, 0x000000070a400000|100%| O|  |TAMS 0x000000070a400000, 0x000000070a300000| Untracked 
|  92|0x000000070a400000, 0x000000070a500000, 0x000000070a500000|100%| O|  |TAMS 0x000000070a500000, 0x000000070a400000| Untracked 
|  93|0x000000070a500000, 0x000000070a600000, 0x000000070a600000|100%| O|  |TAMS 0x000000070a600000, 0x000000070a500000| Untracked 
|  94|0x000000070a600000, 0x000000070a700000, 0x000000070a700000|100%| O|  |TAMS 0x000000070a700000, 0x000000070a600000| Complete 
|  95|0x000000070a700000, 0x000000070a800000, 0x000000070a800000|100%| O|  |TAMS 0x000000070a800000, 0x000000070a700000| Untracked 
|  96|0x000000070a800000, 0x000000070a900000, 0x000000070a900000|100%| O|  |TAMS 0x000000070a900000, 0x000000070a800000| Complete 
|  97|0x000000070a900000, 0x000000070aa00000, 0x000000070aa00000|100%| O|  |TAMS 0x000000070aa00000, 0x000000070a900000| Untracked 
|  98|0x000000070aa00000, 0x000000070ab00000, 0x000000070ab00000|100%| O|  |TAMS 0x000000070ab00000, 0x000000070aa00000| Untracked 
|  99|0x000000070ab00000, 0x000000070ac00000, 0x000000070ac00000|100%| O|  |TAMS 0x000000070ac00000, 0x000000070ab00000| Untracked 
| 100|0x000000070ac00000, 0x000000070ad00000, 0x000000070ad00000|100%| O|  |TAMS 0x000000070ad00000, 0x000000070ac00000| Untracked 
| 101|0x000000070ad00000, 0x000000070ae00000, 0x000000070ae00000|100%| O|  |TAMS 0x000000070ae00000, 0x000000070ad00000| Complete 
| 102|0x000000070ae00000, 0x000000070af00000, 0x000000070af00000|100%| O|  |TAMS 0x000000070af00000, 0x000000070ae00000| Complete 
| 103|0x000000070af00000, 0x000000070b000000, 0x000000070b000000|100%| O|  |TAMS 0x000000070b000000, 0x000000070af00000| Complete 
| 104|0x000000070b000000, 0x000000070b100000, 0x000000070b100000|100%| O|  |TAMS 0x000000070b100000, 0x000000070b000000| Untracked 
| 105|0x000000070b100000, 0x000000070b200000, 0x000000070b200000|100%| O|  |TAMS 0x000000070b200000, 0x000000070b100000| Untracked 
| 106|0x000000070b200000, 0x000000070b300000, 0x000000070b300000|100%| O|  |TAMS 0x000000070b300000, 0x000000070b200000| Complete 
| 107|0x000000070b300000, 0x000000070b400000, 0x000000070b400000|100%| O|  |TAMS 0x000000070b400000, 0x000000070b300000| Complete 
| 108|0x000000070b400000, 0x000000070b500000, 0x000000070b500000|100%|HS|  |TAMS 0x000000070b500000, 0x000000070b400000| Complete 
| 109|0x000000070b500000, 0x000000070b600000, 0x000000070b600000|100%|HC|  |TAMS 0x000000070b600000, 0x000000070b500000| Complete 
| 110|0x000000070b600000, 0x000000070b700000, 0x000000070b700000|100%|HS|  |TAMS 0x000000070b700000, 0x000000070b600000| Complete 
| 111|0x000000070b700000, 0x000000070b800000, 0x000000070b800000|100%|HC|  |TAMS 0x000000070b800000, 0x000000070b700000| Complete 
| 112|0x000000070b800000, 0x000000070b900000, 0x000000070b900000|100%|HC|  |TAMS 0x000000070b900000, 0x000000070b800000| Complete 
| 113|0x000000070b900000, 0x000000070ba00000, 0x000000070ba00000|100%|HC|  |TAMS 0x000000070ba00000, 0x000000070b900000| Complete 
| 114|0x000000070ba00000, 0x000000070bb00000, 0x000000070bb00000|100%|HS|  |TAMS 0x000000070bb00000, 0x000000070ba00000| Complete 
| 115|0x000000070bb00000, 0x000000070bc00000, 0x000000070bc00000|100%|HC|  |TAMS 0x000000070bc00000, 0x000000070bb00000| Complete 
| 116|0x000000070bc00000, 0x000000070bd00000, 0x000000070bd00000|100%| O|  |TAMS 0x000000070bd00000, 0x000000070bc00000| Untracked 
| 117|0x000000070bd00000, 0x000000070be00000, 0x000000070be00000|100%| O|  |TAMS 0x000000070be00000, 0x000000070bd00000| Untracked 
| 118|0x000000070be00000, 0x000000070bf00000, 0x000000070bf00000|100%|HS|  |TAMS 0x000000070bf00000, 0x000000070be00000| Complete 
| 119|0x000000070bf00000, 0x000000070c000000, 0x000000070c000000|100%|HC|  |TAMS 0x000000070c000000, 0x000000070bf00000| Complete 
| 120|0x000000070c000000, 0x000000070c100000, 0x000000070c100000|100%|HS|  |TAMS 0x000000070c100000, 0x000000070c000000| Complete 
| 121|0x000000070c100000, 0x000000070c200000, 0x000000070c200000|100%|HC|  |TAMS 0x000000070c200000, 0x000000070c100000| Complete 
| 122|0x000000070c200000, 0x000000070c300000, 0x000000070c300000|100%|HS|  |TAMS 0x000000070c300000, 0x000000070c200000| Complete 
| 123|0x000000070c300000, 0x000000070c400000, 0x000000070c400000|100%|HC|  |TAMS 0x000000070c400000, 0x000000070c300000| Complete 
| 124|0x000000070c400000, 0x000000070c500000, 0x000000070c500000|100%|HS|  |TAMS 0x000000070c500000, 0x000000070c400000| Complete 
| 125|0x000000070c500000, 0x000000070c600000, 0x000000070c600000|100%|HC|  |TAMS 0x000000070c600000, 0x000000070c500000| Complete 
| 126|0x000000070c600000, 0x000000070c700000, 0x000000070c700000|100%|HS|  |TAMS 0x000000070c700000, 0x000000070c600000| Complete 
| 127|0x000000070c700000, 0x000000070c800000, 0x000000070c800000|100%|HC|  |TAMS 0x000000070c800000, 0x000000070c700000| Complete 
| 128|0x000000070c800000, 0x000000070c900000, 0x000000070c900000|100%|HS|  |TAMS 0x000000070c900000, 0x000000070c800000| Complete 
| 129|0x000000070c900000, 0x000000070ca00000, 0x000000070ca00000|100%|HC|  |TAMS 0x000000070ca00000, 0x000000070c900000| Complete 
| 130|0x000000070ca00000, 0x000000070cb00000, 0x000000070cb00000|100%|HS|  |TAMS 0x000000070cb00000, 0x000000070ca00000| Complete 
| 131|0x000000070cb00000, 0x000000070cc00000, 0x000000070cc00000|100%|HC|  |TAMS 0x000000070cc00000, 0x000000070cb00000| Complete 
| 132|0x000000070cc00000, 0x000000070cd00000, 0x000000070cd00000|100%|HS|  |TAMS 0x000000070cd00000, 0x000000070cc00000| Complete 
| 133|0x000000070cd00000, 0x000000070ce00000, 0x000000070ce00000|100%|HC|  |TAMS 0x000000070ce00000, 0x000000070cd00000| Complete 
| 134|0x000000070ce00000, 0x000000070cf00000, 0x000000070cf00000|100%|HC|  |TAMS 0x000000070cf00000, 0x000000070ce00000| Complete 
| 135|0x000000070cf00000, 0x000000070d000000, 0x000000070d000000|100%|HC|  |TAMS 0x000000070d000000, 0x000000070cf00000| Complete 
| 136|0x000000070d000000, 0x000000070d100000, 0x000000070d100000|100%|HC|  |TAMS 0x000000070d100000, 0x000000070d000000| Complete 
| 137|0x000000070d100000, 0x000000070d200000, 0x000000070d200000|100%|HC|  |TAMS 0x000000070d200000, 0x000000070d100000| Complete 
| 138|0x000000070d200000, 0x000000070d300000, 0x000000070d300000|100%| O|  |TAMS 0x000000070d300000, 0x000000070d200000| Untracked 
| 139|0x000000070d300000, 0x000000070d400000, 0x000000070d400000|100%| O|  |TAMS 0x000000070d400000, 0x000000070d300000| Untracked 
| 140|0x000000070d400000, 0x000000070d500000, 0x000000070d500000|100%| O|  |TAMS 0x000000070d500000, 0x000000070d400000| Untracked 
| 141|0x000000070d500000, 0x000000070d600000, 0x000000070d600000|100%| O|  |TAMS 0x000000070d600000, 0x000000070d500000| Untracked 
| 142|0x000000070d600000, 0x000000070d700000, 0x000000070d700000|100%| O|  |TAMS 0x000000070d700000, 0x000000070d600000| Untracked 
| 143|0x000000070d700000, 0x000000070d800000, 0x000000070d800000|100%| O|  |TAMS 0x000000070d800000, 0x000000070d700000| Untracked 
| 144|0x000000070d800000, 0x000000070d900000, 0x000000070d900000|100%| O|  |TAMS 0x000000070d900000, 0x000000070d800000| Untracked 
| 145|0x000000070d900000, 0x000000070da00000, 0x000000070da00000|100%| O|  |TAMS 0x000000070da00000, 0x000000070d900000| Untracked 
| 146|0x000000070da00000, 0x000000070db00000, 0x000000070db00000|100%| O|  |TAMS 0x000000070db00000, 0x000000070da00000| Untracked 
| 147|0x000000070db00000, 0x000000070dc00000, 0x000000070dc00000|100%| O|  |TAMS 0x000000070dc00000, 0x000000070db00000| Untracked 
| 148|0x000000070dc00000, 0x000000070dd00000, 0x000000070dd00000|100%| O|  |TAMS 0x000000070dd00000, 0x000000070dc00000| Untracked 
| 149|0x000000070dd00000, 0x000000070de00000, 0x000000070de00000|100%| O|  |TAMS 0x000000070de00000, 0x000000070dd00000| Untracked 
| 150|0x000000070de00000, 0x000000070df00000, 0x000000070df00000|100%| O|  |TAMS 0x000000070df00000, 0x000000070de00000| Untracked 
| 151|0x000000070df00000, 0x000000070e000000, 0x000000070e000000|100%| O|  |TAMS 0x000000070e000000, 0x000000070df00000| Untracked 
| 152|0x000000070e000000, 0x000000070e100000, 0x000000070e100000|100%| O|  |TAMS 0x000000070e100000, 0x000000070e000000| Untracked 
| 153|0x000000070e100000, 0x000000070e200000, 0x000000070e200000|100%| O|  |TAMS 0x000000070e200000, 0x000000070e100000| Untracked 
| 154|0x000000070e200000, 0x000000070e300000, 0x000000070e300000|100%| O|  |TAMS 0x000000070e300000, 0x000000070e200000| Untracked 
| 155|0x000000070e300000, 0x000000070e400000, 0x000000070e400000|100%| O|  |TAMS 0x000000070e400000, 0x000000070e300000| Untracked 
| 156|0x000000070e400000, 0x000000070e500000, 0x000000070e500000|100%| O|  |TAMS 0x000000070e500000, 0x000000070e400000| Untracked 
| 157|0x000000070e500000, 0x000000070e600000, 0x000000070e600000|100%| O|  |TAMS 0x000000070e600000, 0x000000070e500000| Untracked 
| 158|0x000000070e600000, 0x000000070e700000, 0x000000070e700000|100%| O|  |TAMS 0x000000070e700000, 0x000000070e600000| Untracked 
| 159|0x000000070e700000, 0x000000070e800000, 0x000000070e800000|100%| O|  |TAMS 0x000000070e800000, 0x000000070e700000| Untracked 
| 160|0x000000070e800000, 0x000000070e900000, 0x000000070e900000|100%| O|  |TAMS 0x000000070e900000, 0x000000070e800000| Untracked 
| 161|0x000000070e900000, 0x000000070ea00000, 0x000000070ea00000|100%| O|  |TAMS 0x000000070ea00000, 0x000000070e900000| Untracked 
| 162|0x000000070ea00000, 0x000000070eb00000, 0x000000070eb00000|100%| O|  |TAMS 0x000000070eb00000, 0x000000070ea00000| Untracked 
| 163|0x000000070eb00000, 0x000000070ec00000, 0x000000070ec00000|100%| O|  |TAMS 0x000000070ec00000, 0x000000070eb00000| Untracked 
| 164|0x000000070ec00000, 0x000000070ed00000, 0x000000070ed00000|100%| O|  |TAMS 0x000000070ed00000, 0x000000070ec00000| Complete 
| 165|0x000000070ed00000, 0x000000070ee00000, 0x000000070ee00000|100%| O|  |TAMS 0x000000070ee00000, 0x000000070ed00000| Complete 
| 166|0x000000070ee00000, 0x000000070ef00000, 0x000000070ef00000|100%| O|  |TAMS 0x000000070ef00000, 0x000000070ee00000| Complete 
| 167|0x000000070ef00000, 0x000000070ef00000, 0x000000070f000000|  0%| F|  |TAMS 0x000000070ef00000, 0x000000070ef00000| Untracked 
| 168|0x000000070f000000, 0x000000070f000000, 0x000000070f100000|  0%| F|  |TAMS 0x000000070f000000, 0x000000070f000000| Untracked 
| 169|0x000000070f100000, 0x000000070f100000, 0x000000070f200000|  0%| F|  |TAMS 0x000000070f100000, 0x000000070f100000| Untracked 
| 170|0x000000070f200000, 0x000000070f200000, 0x000000070f300000|  0%| F|  |TAMS 0x000000070f200000, 0x000000070f200000| Untracked 
| 171|0x000000070f300000, 0x000000070f300000, 0x000000070f400000|  0%| F|  |TAMS 0x000000070f300000, 0x000000070f300000| Untracked 
| 172|0x000000070f400000, 0x000000070f400000, 0x000000070f500000|  0%| F|  |TAMS 0x000000070f400000, 0x000000070f400000| Untracked 
| 173|0x000000070f500000, 0x000000070f500000, 0x000000070f600000|  0%| F|  |TAMS 0x000000070f500000, 0x000000070f500000| Untracked 
| 174|0x000000070f600000, 0x000000070f600000, 0x000000070f700000|  0%| F|  |TAMS 0x000000070f600000, 0x000000070f600000| Untracked 
| 175|0x000000070f700000, 0x000000070f700000, 0x000000070f800000|  0%| F|  |TAMS 0x000000070f700000, 0x000000070f700000| Untracked 
| 176|0x000000070f800000, 0x000000070f800000, 0x000000070f900000|  0%| F|  |TAMS 0x000000070f800000, 0x000000070f800000| Untracked 
| 177|0x000000070f900000, 0x000000070f900000, 0x000000070fa00000|  0%| F|  |TAMS 0x000000070f900000, 0x000000070f900000| Untracked 
| 178|0x000000070fa00000, 0x000000070fa00000, 0x000000070fb00000|  0%| F|  |TAMS 0x000000070fa00000, 0x000000070fa00000| Untracked 
| 179|0x000000070fb00000, 0x000000070fb00000, 0x000000070fc00000|  0%| F|  |TAMS 0x000000070fb00000, 0x000000070fb00000| Untracked 
| 180|0x000000070fc00000, 0x000000070fc00000, 0x000000070fd00000|  0%| F|  |TAMS 0x000000070fc00000, 0x000000070fc00000| Untracked 
| 181|0x000000070fd00000, 0x000000070fd00000, 0x000000070fe00000|  0%| F|  |TAMS 0x000000070fd00000, 0x000000070fd00000| Untracked 
| 182|0x000000070fe00000, 0x000000070fe00000, 0x000000070ff00000|  0%| F|  |TAMS 0x000000070fe00000, 0x000000070fe00000| Untracked 
| 183|0x000000070ff00000, 0x000000070ff00000, 0x0000000710000000|  0%| F|  |TAMS 0x000000070ff00000, 0x000000070ff00000| Untracked 
| 184|0x0000000710000000, 0x0000000710000000, 0x0000000710100000|  0%| F|  |TAMS 0x0000000710000000, 0x0000000710000000| Untracked 
| 185|0x0000000710100000, 0x0000000710100000, 0x0000000710200000|  0%| F|  |TAMS 0x0000000710100000, 0x0000000710100000| Untracked 
| 186|0x0000000710200000, 0x0000000710200000, 0x0000000710300000|  0%| F|  |TAMS 0x0000000710200000, 0x0000000710200000| Untracked 
| 187|0x0000000710300000, 0x0000000710300000, 0x0000000710400000|  0%| F|  |TAMS 0x0000000710300000, 0x0000000710300000| Untracked 
| 188|0x0000000710400000, 0x0000000710400000, 0x0000000710500000|  0%| F|  |TAMS 0x0000000710400000, 0x0000000710400000| Untracked 
| 189|0x0000000710500000, 0x0000000710500000, 0x0000000710600000|  0%| F|  |TAMS 0x0000000710500000, 0x0000000710500000| Untracked 
| 190|0x0000000710600000, 0x0000000710600000, 0x0000000710700000|  0%| F|  |TAMS 0x0000000710600000, 0x0000000710600000| Untracked 
| 191|0x0000000710700000, 0x0000000710700000, 0x0000000710800000|  0%| F|  |TAMS 0x0000000710700000, 0x0000000710700000| Untracked 
| 192|0x0000000710800000, 0x0000000710800000, 0x0000000710900000|  0%| F|  |TAMS 0x0000000710800000, 0x0000000710800000| Untracked 
| 193|0x0000000710900000, 0x0000000710900000, 0x0000000710a00000|  0%| F|  |TAMS 0x0000000710900000, 0x0000000710900000| Untracked 
| 194|0x0000000710a00000, 0x0000000710a00000, 0x0000000710b00000|  0%| F|  |TAMS 0x0000000710a00000, 0x0000000710a00000| Untracked 
| 195|0x0000000710b00000, 0x0000000710b00000, 0x0000000710c00000|  0%| F|  |TAMS 0x0000000710b00000, 0x0000000710b00000| Untracked 
| 196|0x0000000710c00000, 0x0000000710c00000, 0x0000000710d00000|  0%| F|  |TAMS 0x0000000710c00000, 0x0000000710c00000| Untracked 
| 197|0x0000000710d00000, 0x0000000710d00000, 0x0000000710e00000|  0%| F|  |TAMS 0x0000000710d00000, 0x0000000710d00000| Untracked 
| 198|0x0000000710e00000, 0x0000000710e00000, 0x0000000710f00000|  0%| F|  |TAMS 0x0000000710e00000, 0x0000000710e00000| Untracked 
| 199|0x0000000710f00000, 0x0000000710f00000, 0x0000000711000000|  0%| F|  |TAMS 0x0000000710f00000, 0x0000000710f00000| Untracked 
| 200|0x0000000711000000, 0x0000000711000000, 0x0000000711100000|  0%| F|  |TAMS 0x0000000711000000, 0x0000000711000000| Untracked 
| 201|0x0000000711100000, 0x0000000711100000, 0x0000000711200000|  0%| F|  |TAMS 0x0000000711100000, 0x0000000711100000| Untracked 
| 202|0x0000000711200000, 0x0000000711200000, 0x0000000711300000|  0%| F|  |TAMS 0x0000000711200000, 0x0000000711200000| Untracked 
| 203|0x0000000711300000, 0x0000000711300000, 0x0000000711400000|  0%| F|  |TAMS 0x0000000711300000, 0x0000000711300000| Untracked 
| 204|0x0000000711400000, 0x0000000711400000, 0x0000000711500000|  0%| F|  |TAMS 0x0000000711400000, 0x0000000711400000| Untracked 
| 205|0x0000000711500000, 0x0000000711500000, 0x0000000711600000|  0%| F|  |TAMS 0x0000000711500000, 0x0000000711500000| Untracked 
| 206|0x0000000711600000, 0x0000000711600000, 0x0000000711700000|  0%| F|  |TAMS 0x0000000711600000, 0x0000000711600000| Untracked 
| 207|0x0000000711700000, 0x0000000711700000, 0x0000000711800000|  0%| F|  |TAMS 0x0000000711700000, 0x0000000711700000| Untracked 
| 208|0x0000000711800000, 0x0000000711800000, 0x0000000711900000|  0%| F|  |TAMS 0x0000000711800000, 0x0000000711800000| Untracked 
| 209|0x0000000711900000, 0x0000000711900000, 0x0000000711a00000|  0%| F|  |TAMS 0x0000000711900000, 0x0000000711900000| Untracked 
| 210|0x0000000711a00000, 0x0000000711a00000, 0x0000000711b00000|  0%| F|  |TAMS 0x0000000711a00000, 0x0000000711a00000| Untracked 
| 211|0x0000000711b00000, 0x0000000711b00000, 0x0000000711c00000|  0%| F|  |TAMS 0x0000000711b00000, 0x0000000711b00000| Untracked 
| 212|0x0000000711c00000, 0x0000000711c00000, 0x0000000711d00000|  0%| F|  |TAMS 0x0000000711c00000, 0x0000000711c00000| Untracked 
| 213|0x0000000711d00000, 0x0000000711d00000, 0x0000000711e00000|  0%| F|  |TAMS 0x0000000711d00000, 0x0000000711d00000| Untracked 
| 214|0x0000000711e00000, 0x0000000711e00000, 0x0000000711f00000|  0%| F|  |TAMS 0x0000000711e00000, 0x0000000711e00000| Untracked 
| 215|0x0000000711f00000, 0x0000000711f00000, 0x0000000712000000|  0%| F|  |TAMS 0x0000000711f00000, 0x0000000711f00000| Untracked 
| 216|0x0000000712000000, 0x0000000712000000, 0x0000000712100000|  0%| F|  |TAMS 0x0000000712000000, 0x0000000712000000| Untracked 
| 217|0x0000000712100000, 0x0000000712100000, 0x0000000712200000|  0%| F|  |TAMS 0x0000000712100000, 0x0000000712100000| Untracked 
| 218|0x0000000712200000, 0x0000000712200000, 0x0000000712300000|  0%| F|  |TAMS 0x0000000712200000, 0x0000000712200000| Untracked 
| 219|0x0000000712300000, 0x0000000712300000, 0x0000000712400000|  0%| F|  |TAMS 0x0000000712300000, 0x0000000712300000| Untracked 
| 220|0x0000000712400000, 0x0000000712400000, 0x0000000712500000|  0%| F|  |TAMS 0x0000000712400000, 0x0000000712400000| Untracked 
| 221|0x0000000712500000, 0x0000000712500000, 0x0000000712600000|  0%| F|  |TAMS 0x0000000712500000, 0x0000000712500000| Untracked 
| 222|0x0000000712600000, 0x0000000712600000, 0x0000000712700000|  0%| F|  |TAMS 0x0000000712600000, 0x0000000712600000| Untracked 
| 223|0x0000000712700000, 0x0000000712700000, 0x0000000712800000|  0%| F|  |TAMS 0x0000000712700000, 0x0000000712700000| Untracked 
| 224|0x0000000712800000, 0x0000000712800000, 0x0000000712900000|  0%| F|  |TAMS 0x0000000712800000, 0x0000000712800000| Untracked 
| 225|0x0000000712900000, 0x0000000712900000, 0x0000000712a00000|  0%| F|  |TAMS 0x0000000712900000, 0x0000000712900000| Untracked 
| 226|0x0000000712a00000, 0x0000000712a00000, 0x0000000712b00000|  0%| F|  |TAMS 0x0000000712a00000, 0x0000000712a00000| Untracked 
| 227|0x0000000712b00000, 0x0000000712b00000, 0x0000000712c00000|  0%| F|  |TAMS 0x0000000712b00000, 0x0000000712b00000| Untracked 
| 228|0x0000000712c00000, 0x0000000712c00000, 0x0000000712d00000|  0%| F|  |TAMS 0x0000000712c00000, 0x0000000712c00000| Untracked 
| 229|0x0000000712d00000, 0x0000000712d00000, 0x0000000712e00000|  0%| F|  |TAMS 0x0000000712d00000, 0x0000000712d00000| Untracked 
| 230|0x0000000712e00000, 0x0000000712e00000, 0x0000000712f00000|  0%| F|  |TAMS 0x0000000712e00000, 0x0000000712e00000| Untracked 
| 231|0x0000000712f00000, 0x0000000712f00000, 0x0000000713000000|  0%| F|  |TAMS 0x0000000712f00000, 0x0000000712f00000| Untracked 
| 232|0x0000000713000000, 0x0000000713000000, 0x0000000713100000|  0%| F|  |TAMS 0x0000000713000000, 0x0000000713000000| Untracked 
| 233|0x0000000713100000, 0x0000000713100000, 0x0000000713200000|  0%| F|  |TAMS 0x0000000713100000, 0x0000000713100000| Untracked 
| 234|0x0000000713200000, 0x0000000713200000, 0x0000000713300000|  0%| F|  |TAMS 0x0000000713200000, 0x0000000713200000| Untracked 
| 235|0x0000000713300000, 0x0000000713300000, 0x0000000713400000|  0%| F|  |TAMS 0x0000000713300000, 0x0000000713300000| Untracked 
| 236|0x0000000713400000, 0x0000000713400000, 0x0000000713500000|  0%| F|  |TAMS 0x0000000713400000, 0x0000000713400000| Untracked 
| 237|0x0000000713500000, 0x0000000713500000, 0x0000000713600000|  0%| F|  |TAMS 0x0000000713500000, 0x0000000713500000| Untracked 
| 238|0x0000000713600000, 0x0000000713600000, 0x0000000713700000|  0%| F|  |TAMS 0x0000000713600000, 0x0000000713600000| Untracked 
| 239|0x0000000713700000, 0x0000000713700000, 0x0000000713800000|  0%| F|  |TAMS 0x0000000713700000, 0x0000000713700000| Untracked 
| 240|0x0000000713800000, 0x0000000713800000, 0x0000000713900000|  0%| F|  |TAMS 0x0000000713800000, 0x0000000713800000| Untracked 
| 241|0x0000000713900000, 0x0000000713900000, 0x0000000713a00000|  0%| F|  |TAMS 0x0000000713900000, 0x0000000713900000| Untracked 
| 242|0x0000000713a00000, 0x0000000713a00000, 0x0000000713b00000|  0%| F|  |TAMS 0x0000000713a00000, 0x0000000713a00000| Untracked 
| 243|0x0000000713b00000, 0x0000000713b00000, 0x0000000713c00000|  0%| F|  |TAMS 0x0000000713b00000, 0x0000000713b00000| Untracked 
| 244|0x0000000713c00000, 0x0000000713c00000, 0x0000000713d00000|  0%| F|  |TAMS 0x0000000713c00000, 0x0000000713c00000| Untracked 
| 245|0x0000000713d00000, 0x0000000713d00000, 0x0000000713e00000|  0%| F|  |TAMS 0x0000000713d00000, 0x0000000713d00000| Untracked 
| 246|0x0000000713e00000, 0x0000000713e00000, 0x0000000713f00000|  0%| F|  |TAMS 0x0000000713e00000, 0x0000000713e00000| Untracked 
| 247|0x0000000713f00000, 0x0000000714000000, 0x0000000714000000|100%| S|CS|TAMS 0x0000000713f00000, 0x0000000713f00000| Complete 
| 248|0x0000000714000000, 0x0000000714100000, 0x0000000714100000|100%| S|CS|TAMS 0x0000000714000000, 0x0000000714000000| Complete 
| 249|0x0000000714100000, 0x0000000714200000, 0x0000000714200000|100%| S|CS|TAMS 0x0000000714100000, 0x0000000714100000| Complete 
| 250|0x0000000714200000, 0x0000000714300000, 0x0000000714300000|100%| S|CS|TAMS 0x0000000714200000, 0x0000000714200000| Complete 
| 251|0x0000000714300000, 0x0000000714400000, 0x0000000714400000|100%| S|CS|TAMS 0x0000000714300000, 0x0000000714300000| Complete 
| 252|0x0000000714400000, 0x0000000714500000, 0x0000000714500000|100%| S|CS|TAMS 0x0000000714400000, 0x0000000714400000| Complete 
| 253|0x0000000714500000, 0x0000000714600000, 0x0000000714600000|100%| S|CS|TAMS 0x0000000714500000, 0x0000000714500000| Complete 
| 254|0x0000000714600000, 0x0000000714600000, 0x0000000714700000|  0%| F|  |TAMS 0x0000000714600000, 0x0000000714600000| Untracked 
| 255|0x0000000714700000, 0x0000000714700000, 0x0000000714800000|  0%| F|  |TAMS 0x0000000714700000, 0x0000000714700000| Untracked 
| 256|0x0000000714800000, 0x0000000714800000, 0x0000000714900000|  0%| F|  |TAMS 0x0000000714800000, 0x0000000714800000| Untracked 
| 257|0x0000000714900000, 0x0000000714900000, 0x0000000714a00000|  0%| F|  |TAMS 0x0000000714900000, 0x0000000714900000| Untracked 
| 258|0x0000000714a00000, 0x0000000714a00000, 0x0000000714b00000|  0%| F|  |TAMS 0x0000000714a00000, 0x0000000714a00000| Untracked 
| 259|0x0000000714b00000, 0x0000000714b00000, 0x0000000714c00000|  0%| F|  |TAMS 0x0000000714b00000, 0x0000000714b00000| Untracked 
| 260|0x0000000714c00000, 0x0000000714c00000, 0x0000000714d00000|  0%| F|  |TAMS 0x0000000714c00000, 0x0000000714c00000| Untracked 
| 261|0x0000000714d00000, 0x0000000714d00000, 0x0000000714e00000|  0%| F|  |TAMS 0x0000000714d00000, 0x0000000714d00000| Untracked 
| 262|0x0000000714e00000, 0x0000000714e00000, 0x0000000714f00000|  0%| F|  |TAMS 0x0000000714e00000, 0x0000000714e00000| Untracked 
| 263|0x0000000714f00000, 0x0000000714f00000, 0x0000000715000000|  0%| F|  |TAMS 0x0000000714f00000, 0x0000000714f00000| Untracked 
| 264|0x0000000715000000, 0x0000000715000000, 0x0000000715100000|  0%| F|  |TAMS 0x0000000715000000, 0x0000000715000000| Untracked 
| 265|0x0000000715100000, 0x0000000715100000, 0x0000000715200000|  0%| F|  |TAMS 0x0000000715100000, 0x0000000715100000| Untracked 
| 266|0x0000000715200000, 0x0000000715200000, 0x0000000715300000|  0%| F|  |TAMS 0x0000000715200000, 0x0000000715200000| Untracked 
| 267|0x0000000715300000, 0x0000000715300000, 0x0000000715400000|  0%| F|  |TAMS 0x0000000715300000, 0x0000000715300000| Untracked 
| 268|0x0000000715400000, 0x0000000715400000, 0x0000000715500000|  0%| F|  |TAMS 0x0000000715400000, 0x0000000715400000| Untracked 
| 269|0x0000000715500000, 0x0000000715500000, 0x0000000715600000|  0%| F|  |TAMS 0x0000000715500000, 0x0000000715500000| Untracked 
| 270|0x0000000715600000, 0x0000000715600000, 0x0000000715700000|  0%| F|  |TAMS 0x0000000715600000, 0x0000000715600000| Untracked 
| 271|0x0000000715700000, 0x0000000715700000, 0x0000000715800000|  0%| F|  |TAMS 0x0000000715700000, 0x0000000715700000| Untracked 
| 272|0x0000000715800000, 0x0000000715800000, 0x0000000715900000|  0%| F|  |TAMS 0x0000000715800000, 0x0000000715800000| Untracked 
| 273|0x0000000715900000, 0x0000000715900000, 0x0000000715a00000|  0%| F|  |TAMS 0x0000000715900000, 0x0000000715900000| Untracked 
| 274|0x0000000715a00000, 0x0000000715a00000, 0x0000000715b00000|  0%| F|  |TAMS 0x0000000715a00000, 0x0000000715a00000| Untracked 
| 275|0x0000000715b00000, 0x0000000715b00000, 0x0000000715c00000|  0%| F|  |TAMS 0x0000000715b00000, 0x0000000715b00000| Untracked 
| 276|0x0000000715c00000, 0x0000000715c00000, 0x0000000715d00000|  0%| F|  |TAMS 0x0000000715c00000, 0x0000000715c00000| Untracked 
| 277|0x0000000715d00000, 0x0000000715d00000, 0x0000000715e00000|  0%| F|  |TAMS 0x0000000715d00000, 0x0000000715d00000| Untracked 
| 278|0x0000000715e00000, 0x0000000715e00000, 0x0000000715f00000|  0%| F|  |TAMS 0x0000000715e00000, 0x0000000715e00000| Untracked 
| 279|0x0000000715f00000, 0x0000000715f00000, 0x0000000716000000|  0%| F|  |TAMS 0x0000000715f00000, 0x0000000715f00000| Untracked 
| 280|0x0000000716000000, 0x0000000716000000, 0x0000000716100000|  0%| F|  |TAMS 0x0000000716000000, 0x0000000716000000| Untracked 
| 281|0x0000000716100000, 0x0000000716100000, 0x0000000716200000|  0%| F|  |TAMS 0x0000000716100000, 0x0000000716100000| Untracked 
| 282|0x0000000716200000, 0x0000000716200000, 0x0000000716300000|  0%| F|  |TAMS 0x0000000716200000, 0x0000000716200000| Untracked 
| 283|0x0000000716300000, 0x0000000716300000, 0x0000000716400000|  0%| F|  |TAMS 0x0000000716300000, 0x0000000716300000| Untracked 
| 284|0x0000000716400000, 0x0000000716400000, 0x0000000716500000|  0%| F|  |TAMS 0x0000000716400000, 0x0000000716400000| Untracked 
| 285|0x0000000716500000, 0x0000000716500000, 0x0000000716600000|  0%| F|  |TAMS 0x0000000716500000, 0x0000000716500000| Untracked 
| 286|0x0000000716600000, 0x0000000716600000, 0x0000000716700000|  0%| F|  |TAMS 0x0000000716600000, 0x0000000716600000| Untracked 
| 287|0x0000000716700000, 0x0000000716700000, 0x0000000716800000|  0%| F|  |TAMS 0x0000000716700000, 0x0000000716700000| Untracked 
| 288|0x0000000716800000, 0x0000000716800000, 0x0000000716900000|  0%| F|  |TAMS 0x0000000716800000, 0x0000000716800000| Untracked 
| 289|0x0000000716900000, 0x0000000716900000, 0x0000000716a00000|  0%| F|  |TAMS 0x0000000716900000, 0x0000000716900000| Untracked 
| 290|0x0000000716a00000, 0x0000000716a00000, 0x0000000716b00000|  0%| F|  |TAMS 0x0000000716a00000, 0x0000000716a00000| Untracked 
| 291|0x0000000716b00000, 0x0000000716b00000, 0x0000000716c00000|  0%| F|  |TAMS 0x0000000716b00000, 0x0000000716b00000| Untracked 
| 292|0x0000000716c00000, 0x0000000716cef5c8, 0x0000000716d00000| 93%| E|  |TAMS 0x0000000716c00000, 0x0000000716c00000| Complete 
| 293|0x0000000716d00000, 0x0000000716e00000, 0x0000000716e00000|100%| E|CS|TAMS 0x0000000716d00000, 0x0000000716d00000| Complete 
| 294|0x0000000716e00000, 0x0000000716f00000, 0x0000000716f00000|100%| E|CS|TAMS 0x0000000716e00000, 0x0000000716e00000| Complete 
| 295|0x0000000716f00000, 0x0000000717000000, 0x0000000717000000|100%| E|CS|TAMS 0x0000000716f00000, 0x0000000716f00000| Complete 
| 296|0x0000000717000000, 0x0000000717100000, 0x0000000717100000|100%| E|CS|TAMS 0x0000000717000000, 0x0000000717000000| Complete 
| 297|0x0000000717100000, 0x0000000717200000, 0x0000000717200000|100%| E|  |TAMS 0x0000000717100000, 0x0000000717100000| Complete 
| 298|0x0000000717200000, 0x0000000717300000, 0x0000000717300000|100%| E|CS|TAMS 0x0000000717200000, 0x0000000717200000| Complete 
| 299|0x0000000717300000, 0x0000000717400000, 0x0000000717400000|100%| E|CS|TAMS 0x0000000717300000, 0x0000000717300000| Complete 
| 300|0x0000000717400000, 0x0000000717500000, 0x0000000717500000|100%| E|CS|TAMS 0x0000000717400000, 0x0000000717400000| Complete 
| 301|0x0000000717500000, 0x0000000717600000, 0x0000000717600000|100%| E|CS|TAMS 0x0000000717500000, 0x0000000717500000| Complete 
| 302|0x0000000717600000, 0x0000000717700000, 0x0000000717700000|100%| E|CS|TAMS 0x0000000717600000, 0x0000000717600000| Complete 

Card table byte_map: [0x0000023776db0000,0x0000023777590000] _byte_map_base: 0x000002377358c000

Marking Bits (Prev, Next): (CMBitMap*) 0x000002375eb8b958, (CMBitMap*) 0x000002375eb8b990
 Prev Bits: [0x0000023777d70000, 0x000002377bc50000)
 Next Bits: [0x000002377bc50000, 0x000002377fb30000)

Polling page: 0x000002375e2e0000

Metaspace:

Usage:
  Non-class:     79.21 MB capacity,    77.47 MB ( 98%) used,     1.39 MB (  2%) free+waste,   363.75 KB ( <1%) overhead. 
      Class:     10.28 MB capacity,     9.04 MB ( 88%) used,     1.08 MB ( 10%) free+waste,   166.44 KB (  2%) overhead. 
       Both:     89.49 MB capacity,    86.50 MB ( 97%) used,     2.47 MB (  3%) free+waste,   530.19 KB ( <1%) overhead. 

Virtual space:
  Non-class space:       80.00 MB reserved,      79.37 MB (>99%) committed 
      Class space:        1.00 GB reserved,      10.38 MB (  1%) committed 
             Both:        1.08 GB reserved,      89.75 MB (  8%) committed 

Chunk freelists:
   Non-Class:  32.00 KB
       Class:  5.00 KB
        Both:  37.00 KB

MaxMetaspaceSize: 17179869184.00 GB
CompressedClassSpaceSize: 1.00 GB
Initial GC threshold: 20.80 MB
Current GC threshold: 148.54 MB
CDS: off

CodeHeap 'non-profiled nmethods': size=120000Kb used=8931Kb max_used=8931Kb free=111068Kb
 bounds [0x000002376ed70000, 0x000002376f630000, 0x00000237762a0000]
CodeHeap 'profiled nmethods': size=120000Kb used=33192Kb max_used=33192Kb free=86808Kb
 bounds [0x0000023767840000, 0x00000237698b0000, 0x000002376ed70000]
CodeHeap 'non-nmethods': size=5760Kb used=1763Kb max_used=1827Kb free=3996Kb
 bounds [0x00000237672a0000, 0x0000023767510000, 0x0000023767840000]
 total_blobs=11502 nmethods=10430 adapters=991
 compilation: enabled
              stopped_count=0, restarted_count=0
 full_count=0

Compilation events (20 events):
Event: 21.978 Thread 0x0000023703061800 nmethod 10871% 0x00000237698a1810 code [0x00000237698a1a60, 0x00000237698a2548]
Event: 21.978 Thread 0x0000023703061800 10873       2       org.bouncycastle.math.raw.Nat::shiftDownBit (40 bytes)
Event: 21.979 Thread 0x0000023703061800 nmethod 10873 0x00000237698a2a10 code [0x00000237698a2bc0, 0x00000237698a2d38]
Event: 21.979 Thread 0x0000023703061800 10857       1       org.bouncycastle.math.ec.ECPoint::getCurve (5 bytes)
Event: 21.979 Thread 0x0000023703061800 nmethod 10857 0x000002376f628b10 code [0x000002376f628cc0, 0x000002376f628d78]
Event: 21.979 Thread 0x0000023703061800 10839       2       org.bouncycastle.asn1.ASN1Primitive::toASN1Primitive (2 bytes)
Event: 21.979 Thread 0x0000023703061800 nmethod 10839 0x00000237698a2e90 code [0x00000237698a3040, 0x00000237698a3138]
Event: 21.979 Thread 0x0000023703061800 10831       2       sun.security.x509.X509CertImpl::byte2hex (125 bytes)
Event: 21.979 Thread 0x0000023703061800 nmethod 10831 0x00000237698a3210 code [0x00000237698a33e0, 0x00000237698a3698]
Event: 21.979 Thread 0x0000023703061800 10875       3       ko::ac (1301 bytes)
Event: 21.981 Thread 0x0000023703061800 nmethod 10875 0x00000237698a3810 code [0x00000237698a3d20, 0x00000237698a6978]
Event: 21.981 Thread 0x0000023703061800 10872       2       org.bouncycastle.math.ec.custom.sec.SecP256R1FieldElement::isZero (8 bytes)
Event: 21.981 Thread 0x0000023703061800 nmethod 10872 0x00000237698a8510 code [0x00000237698a86e0, 0x00000237698a8938]
Event: 21.981 Thread 0x0000023703061800 10876       2       net.runelite.client.ui.overlay.OverlayRenderer::renderAfterLayer (44 bytes)
Event: 21.981 Thread 0x0000023703061800 nmethod 10876 0x00000237698a8a90 code [0x00000237698a8ca0, 0x00000237698a91a8]
Event: 21.981 Thread 0x0000023703061800 10879       2       org.bouncycastle.math.ec.custom.sec.SecP256R1Field::subPInvFrom (198 bytes)
Event: 21.982 Thread 0x0000023703061800 nmethod 10879 0x00000237698a9490 code [0x00000237698a9660, 0x00000237698a9ab8]
Event: 21.982 Thread 0x0000023703061800 10843       2       org.bouncycastle.asn1.ASN1OutputStream::write (9 bytes)
Event: 21.982 Thread 0x0000023703061800 nmethod 10843 0x00000237698a9c90 code [0x00000237698a9e40, 0x00000237698a9f68]
Event: 21.982 Thread 0x0000023703061800 10881 %     3       org.bouncycastle.math.raw.Nat256::mul @ 292 (637 bytes)

GC Heap History (20 events):
Event: 7.502 GC heap before
{Heap before GC invocations=11 (full 0):
 garbage-first heap   total 310272K, used 198641K [0x0000000704800000, 0x0000000800000000)
  region size 1024K, 122 young (124928K), 14 survivors (14336K)
 Metaspace       used 66803K, capacity 67966K, committed 68304K, reserved 1110016K
  class space    used 6836K, capacity 7310K, committed 7424K, reserved 1048576K
}
Event: 7.510 GC heap after
{Heap after GC invocations=12 (full 0):
 garbage-first heap   total 310272K, used 98459K [0x0000000704800000, 0x0000000800000000)
  region size 1024K, 16 young (16384K), 16 survivors (16384K)
 Metaspace       used 66803K, capacity 67966K, committed 68304K, reserved 1110016K
  class space    used 6836K, capacity 7310K, committed 7424K, reserved 1048576K
}
Event: 8.280 GC heap before
{Heap before GC invocations=12 (full 0):
 garbage-first heap   total 310272K, used 158875K [0x0000000704800000, 0x0000000800000000)
  region size 1024K, 76 young (77824K), 16 survivors (16384K)
 Metaspace       used 76176K, capacity 77811K, committed 77904K, reserved 1118208K
  class space    used 7808K, capacity 8497K, committed 8576K, reserved 1048576K
}
Event: 8.288 GC heap after
{Heap after GC invocations=13 (full 0):
 garbage-first heap   total 310272K, used 103452K [0x0000000704800000, 0x0000000800000000)
  region size 1024K, 6 young (6144K), 6 survivors (6144K)
 Metaspace       used 76176K, capacity 77811K, committed 77904K, reserved 1118208K
  class space    used 7808K, capacity 8497K, committed 8576K, reserved 1048576K
}
Event: 9.631 GC heap before
{Heap before GC invocations=14 (full 0):
 garbage-first heap   total 310272K, used 215068K [0x0000000704800000, 0x0000000800000000)
  region size 1024K, 117 young (119808K), 6 survivors (6144K)
 Metaspace       used 79312K, capacity 81142K, committed 81276K, reserved 1122304K
  class space    used 8116K, capacity 8865K, committed 8960K, reserved 1048576K
}
Event: 9.639 GC heap after
{Heap after GC invocations=15 (full 0):
 garbage-first heap   total 310272K, used 109979K [0x0000000704800000, 0x0000000800000000)
  region size 1024K, 14 young (14336K), 14 survivors (14336K)
 Metaspace       used 79312K, capacity 81142K, committed 81276K, reserved 1122304K
  class space    used 8116K, capacity 8865K, committed 8960K, reserved 1048576K
}
Event: 10.165 GC heap before
{Heap before GC invocations=15 (full 0):
 garbage-first heap   total 310272K, used 224667K [0x0000000704800000, 0x0000000800000000)
  region size 1024K, 126 young (129024K), 14 survivors (14336K)
 Metaspace       used 80174K, capacity 82218K, committed 82300K, reserved 1122304K
  class space    used 8268K, capacity 9138K, committed 9216K, reserved 1048576K
}
Event: 10.174 GC heap after
{Heap after GC invocations=16 (full 0):
 garbage-first heap   total 310272K, used 114127K [0x0000000704800000, 0x0000000800000000)
  region size 1024K, 5 young (5120K), 5 survivors (5120K)
 Metaspace       used 80174K, capacity 82218K, committed 82300K, reserved 1122304K
  class space    used 8268K, capacity 9138K, committed 9216K, reserved 1048576K
}
Event: 10.729 GC heap before
{Heap before GC invocations=16 (full 0):
 garbage-first heap   total 310272K, used 234959K [0x0000000704800000, 0x0000000800000000)
  region size 1024K, 121 young (123904K), 5 survivors (5120K)
 Metaspace       used 81388K, capacity 83830K, committed 83964K, reserved 1124352K
  class space    used 8498K, capacity 9522K, committed 9600K, reserved 1048576K
}
Event: 10.733 GC heap after
{Heap after GC invocations=17 (full 0):
 garbage-first heap   total 310272K, used 118368K [0x0000000704800000, 0x0000000800000000)
  region size 1024K, 8 young (8192K), 8 survivors (8192K)
 Metaspace       used 81388K, capacity 83830K, committed 83964K, reserved 1124352K
  class space    used 8498K, capacity 9522K, committed 9600K, reserved 1048576K
}
Event: 11.293 GC heap before
{Heap before GC invocations=17 (full 0):
 garbage-first heap   total 310272K, used 239200K [0x0000000704800000, 0x0000000800000000)
  region size 1024K, 125 young (128000K), 8 survivors (8192K)
 Metaspace       used 83149K, capacity 85915K, committed 86140K, reserved 1126400K
  class space    used 8823K, capacity 9918K, committed 9984K, reserved 1048576K
}
Event: 11.302 GC heap after
{Heap after GC invocations=18 (full 0):
 garbage-first heap   total 310272K, used 125542K [0x0000000704800000, 0x0000000800000000)
  region size 1024K, 15 young (15360K), 15 survivors (15360K)
 Metaspace       used 83149K, capacity 85915K, committed 86140K, reserved 1126400K
  class space    used 8823K, capacity 9918K, committed 9984K, reserved 1048576K
}
Event: 20.020 GC heap before
{Heap before GC invocations=18 (full 0):
 garbage-first heap   total 310272K, used 262758K [0x0000000704800000, 0x0000000800000000)
  region size 1024K, 123 young (125952K), 15 survivors (15360K)
 Metaspace       used 84913K, capacity 87772K, committed 87932K, reserved 1126400K
  class space    used 8990K, capacity 10131K, committed 10240K, reserved 1048576K
}
Event: 20.030 GC heap after
{Heap after GC invocations=19 (full 0):
 garbage-first heap   total 310272K, used 157751K [0x0000000704800000, 0x0000000800000000)
  region size 1024K, 17 young (17408K), 17 survivors (17408K)
 Metaspace       used 84913K, capacity 87772K, committed 87932K, reserved 1126400K
  class space    used 8990K, capacity 10131K, committed 10240K, reserved 1048576K
}
Event: 20.734 GC heap before
{Heap before GC invocations=20 (full 0):
 garbage-first heap   total 310272K, used 221239K [0x0000000704800000, 0x0000000800000000)
  region size 1024K, 80 young (81920K), 17 survivors (17408K)
 Metaspace       used 85748K, capacity 88660K, committed 88828K, reserved 1128448K
  class space    used 9062K, capacity 10252K, committed 10368K, reserved 1048576K
}
Event: 20.747 GC heap after
{Heap after GC invocations=21 (full 0):
 garbage-first heap   total 310272K, used 184746K [0x0000000704800000, 0x0000000800000000)
  region size 1024K, 14 young (14336K), 14 survivors (14336K)
 Metaspace       used 85748K, capacity 88660K, committed 88828K, reserved 1128448K
  class space    used 9062K, capacity 10252K, committed 10368K, reserved 1048576K
}
Event: 21.172 GC heap before
{Heap before GC invocations=22 (full 0):
 garbage-first heap   total 310272K, used 174506K [0x0000000704800000, 0x0000000800000000)
  region size 1024K, 26 young (26624K), 14 survivors (14336K)
 Metaspace       used 86974K, capacity 89908K, committed 90236K, reserved 1128448K
  class space    used 9155K, capacity 10375K, committed 10496K, reserved 1048576K
}
Event: 21.184 GC heap after
{Heap after GC invocations=23 (full 0):
 garbage-first heap   total 310272K, used 167268K [0x0000000704800000, 0x0000000800000000)
  region size 1024K, 6 young (6144K), 6 survivors (6144K)
 Metaspace       used 86974K, capacity 89908K, committed 90236K, reserved 1128448K
  class space    used 9155K, capacity 10375K, committed 10496K, reserved 1048576K
}
Event: 21.731 GC heap before
{Heap before GC invocations=24 (full 0):
 garbage-first heap   total 310272K, used 210276K [0x0000000704800000, 0x0000000800000000)
  region size 1024K, 49 young (50176K), 6 survivors (6144K)
 Metaspace       used 88043K, capacity 91019K, committed 91260K, reserved 1130496K
  class space    used 9237K, capacity 10488K, committed 10496K, reserved 1048576K
}
Event: 21.736 GC heap after
{Heap after GC invocations=25 (full 0):
 garbage-first heap   total 310272K, used 171798K [0x0000000704800000, 0x0000000800000000)
  region size 1024K, 7 young (7168K), 7 survivors (7168K)
 Metaspace       used 88043K, capacity 91019K, committed 91260K, reserved 1130496K
  class space    used 9237K, capacity 10488K, committed 10496K, reserved 1048576K
}

Deoptimization events (20 events):
Event: 21.922 Thread 0x0000023705537000 DEOPT PACKING pc=0x000002376f40e820 sp=0x000000c4353fe070
Event: 21.922 Thread 0x0000023705537000 DEOPT UNPACKING pc=0x00000237672a85af sp=0x000000c4353fe008 mode 2
Event: 21.928 Thread 0x0000023705cfa800 Uncommon trap: trap_request=0xffffff4d fr.pc=0x000002376ef2e604 relative=0x0000000000001644
Event: 21.928 Thread 0x0000023705cfa800 Uncommon trap: reason=unstable_if action=reinterpret pc=0x000002376ef2e604 method=java.util.concurrent.ConcurrentHashMap.putVal(Ljava/lang/Object;Ljava/lang/Object;Z)Ljava/lang/Object; @ 401 c2
Event: 21.928 Thread 0x0000023705cfa800 DEOPT PACKING pc=0x000002376ef2e604 sp=0x000000c4388fccc0
Event: 21.928 Thread 0x0000023705cfa800 DEOPT UNPACKING pc=0x00000237672a85af sp=0x000000c4388fcc80 mode 2
Event: 21.929 Thread 0x0000023705cfa800 Uncommon trap: trap_request=0xffffff4d fr.pc=0x000002376eefb064 relative=0x00000000000002a4
Event: 21.929 Thread 0x0000023705cfa800 Uncommon trap: reason=unstable_if action=reinterpret pc=0x000002376eefb064 method=java.util.concurrent.ConcurrentHashMap.get(Ljava/lang/Object;)Ljava/lang/Object; @ 86 c2
Event: 21.929 Thread 0x0000023705cfa800 DEOPT PACKING pc=0x000002376eefb064 sp=0x000000c4388fcd90
Event: 21.929 Thread 0x0000023705cfa800 DEOPT UNPACKING pc=0x00000237672a85af sp=0x000000c4388fcd18 mode 2
Event: 21.932 Thread 0x0000023705cfa800 Uncommon trap: trap_request=0xffffff4d fr.pc=0x000002376ef2bd78 relative=0x00000000000011f8
Event: 21.933 Thread 0x0000023705cfa800 Uncommon trap: reason=unstable_if action=reinterpret pc=0x000002376ef2bd78 method=java.util.concurrent.ConcurrentHashMap.transfer([Ljava/util/concurrent/ConcurrentHashMap$Node;[Ljava/util/concurrent/ConcurrentHashMap$Node;)V @ 352 c2
Event: 21.933 Thread 0x0000023705cfa800 DEOPT PACKING pc=0x000002376ef2bd78 sp=0x000000c4388fd570
Event: 21.933 Thread 0x0000023705cfa800 DEOPT UNPACKING pc=0x00000237672a85af sp=0x000000c4388fd508 mode 2
Event: 21.937 Thread 0x0000023705536000 DEOPT PACKING pc=0x0000023769825a6a sp=0x000000c4371fe190
Event: 21.937 Thread 0x0000023705536000 DEOPT UNPACKING pc=0x00000237672e9d0e sp=0x000000c4371fd790 mode 0
Event: 21.974 Thread 0x0000023705536000 DEOPT PACKING pc=0x0000023769804a4b sp=0x000000c4371fccd0
Event: 21.974 Thread 0x0000023705536000 DEOPT UNPACKING pc=0x00000237672e9d0e sp=0x000000c4371fc8c8 mode 0
Event: 21.979 Thread 0x0000023705536000 DEOPT PACKING pc=0x00000237698896cc sp=0x000000c4371fa900
Event: 21.979 Thread 0x0000023705536000 DEOPT UNPACKING pc=0x00000237672e9d0e sp=0x000000c4371f9dc8 mode 0

Classes redefined (0 events):
No events

Internal exceptions (20 events):
Event: 21.341 Thread 0x0000023705536000 Exception <a 'java/lang/IncompatibleClassChangeError'{0x0000000716bc6c10}: Found class java.lang.Object, but interface was expected> (0x0000000716bc6c10) thrown at [s\src\hotspot\share\interpreter\linkResolver.cpp, line 839]
Event: 21.341 Thread 0x0000023705536000 Exception <a 'java/lang/IncompatibleClassChangeError'{0x0000000716bc9490}: Found class java.lang.Object, but interface was expected> (0x0000000716bc9490) thrown at [s\src\hotspot\share\interpreter\linkResolver.cpp, line 839]
Event: 21.341 Thread 0x0000023705536000 Exception <a 'java/lang/IncompatibleClassChangeError'{0x0000000716bcbd00}: Found class java.lang.Object, but interface was expected> (0x0000000716bcbd00) thrown at [s\src\hotspot\share\interpreter\linkResolver.cpp, line 839]
Event: 21.341 Thread 0x0000023705536000 Exception <a 'java/lang/IncompatibleClassChangeError'{0x0000000716bce7b0}: Found class java.lang.Object, but interface was expected> (0x0000000716bce7b0) thrown at [s\src\hotspot\share\interpreter\linkResolver.cpp, line 839]
Event: 21.341 Thread 0x0000023705536000 Exception <a 'java/lang/IncompatibleClassChangeError'{0x0000000716bd0fd8}: Found class java.lang.Object, but interface was expected> (0x0000000716bd0fd8) thrown at [s\src\hotspot\share\interpreter\linkResolver.cpp, line 839]
Event: 21.342 Thread 0x0000023705536000 Exception <a 'java/lang/IncompatibleClassChangeError'{0x0000000716bd3830}: Found class java.lang.Object, but interface was expected> (0x0000000716bd3830) thrown at [s\src\hotspot\share\interpreter\linkResolver.cpp, line 839]
Event: 21.342 Thread 0x0000023705536000 Exception <a 'java/lang/IncompatibleClassChangeError'{0x0000000716bd6060}: Found class java.lang.Object, but interface was expected> (0x0000000716bd6060) thrown at [s\src\hotspot\share\interpreter\linkResolver.cpp, line 839]
Event: 21.342 Thread 0x0000023705536000 Exception <a 'java/lang/IncompatibleClassChangeError'{0x0000000716bd88c0}: Found class java.lang.Object, but interface was expected> (0x0000000716bd88c0) thrown at [s\src\hotspot\share\interpreter\linkResolver.cpp, line 839]
Event: 21.342 Thread 0x0000023705536000 Exception <a 'java/lang/IncompatibleClassChangeError'{0x0000000716bdb128}: Found class java.lang.Object, but interface was expected> (0x0000000716bdb128) thrown at [s\src\hotspot\share\interpreter\linkResolver.cpp, line 839]
Event: 21.342 Thread 0x0000023705536000 Exception <a 'java/lang/IncompatibleClassChangeError'{0x0000000716bdd990}: Found class java.lang.Object, but interface was expected> (0x0000000716bdd990) thrown at [s\src\hotspot\share\interpreter\linkResolver.cpp, line 839]
Event: 21.343 Thread 0x0000023705536000 Exception <a 'java/lang/IncompatibleClassChangeError'{0x0000000716be01f8}: Found class java.lang.Object, but interface was expected> (0x0000000716be01f8) thrown at [s\src\hotspot\share\interpreter\linkResolver.cpp, line 839]
Event: 21.343 Thread 0x0000023705536000 Exception <a 'java/lang/IncompatibleClassChangeError'{0x0000000716be2a48}: Found class java.lang.Object, but interface was expected> (0x0000000716be2a48) thrown at [s\src\hotspot\share\interpreter\linkResolver.cpp, line 839]
Event: 21.343 Thread 0x0000023705536000 Exception <a 'java/lang/IncompatibleClassChangeError'{0x0000000716be54e8}: Found class java.lang.Object, but interface was expected> (0x0000000716be54e8) thrown at [s\src\hotspot\share\interpreter\linkResolver.cpp, line 839]
Event: 21.343 Thread 0x0000023705536000 Exception <a 'java/lang/IncompatibleClassChangeError'{0x0000000716be7d48}: Found class java.lang.Object, but interface was expected> (0x0000000716be7d48) thrown at [s\src\hotspot\share\interpreter\linkResolver.cpp, line 839]
Event: 21.344 Thread 0x0000023705536000 Exception <a 'java/lang/IncompatibleClassChangeError'{0x0000000716bea5a8}: Found class java.lang.Object, but interface was expected> (0x0000000716bea5a8) thrown at [s\src\hotspot\share\interpreter\linkResolver.cpp, line 839]
Event: 21.344 Thread 0x0000023705536000 Exception <a 'java/lang/IncompatibleClassChangeError'{0x0000000716bece08}: Found class java.lang.Object, but interface was expected> (0x0000000716bece08) thrown at [s\src\hotspot\share\interpreter\linkResolver.cpp, line 839]
Event: 21.344 Thread 0x0000023705536000 Exception <a 'java/lang/IncompatibleClassChangeError'{0x0000000716bef678}: Found class java.lang.Object, but interface was expected> (0x0000000716bef678) thrown at [s\src\hotspot\share\interpreter\linkResolver.cpp, line 839]
Event: 21.369 Thread 0x0000023705536000 Exception <a 'java/lang/NoSuchMethodError'{0x00000007164692b8}: 'void java.lang.invoke.DirectMethodHandle$Holder.invokeStatic(java.lang.Object, long)'> (0x00000007164692b8) thrown at [s\src\hotspot\share\interpreter\linkResolver.cpp, line 773]
Event: 21.636 Thread 0x0000023705536000 Exception <a 'java/lang/NoSuchMethodError'{0x0000000714ee4878}: 'java.lang.Object java.lang.invoke.DirectMethodHandle$Holder.invokeStatic(java.lang.Object, java.lang.Object, java.lang.Object, java.lang.Object, java.lang.Object, int)'> (0x0000000714ee4878) thrown at [s\src\hotspot\share\interpreter\linkResolver.cpp, line 773]
Event: 21.636 Thread 0x0000023705536000 Exception <a 'java/lang/NoSuchMethodError'{0x0000000714ee85f0}: 'java.lang.Object java.lang.invoke.DirectMethodHandle$Holder.invokeSpecial(java.lang.Object, java.lang.Object, java.lang.Object, java.lang.Object, java.lang.Object, java.lang.Object, int)'> (0x0000000714ee85f0) thrown at [s\src\hotspot\share\interpreter\linkResolver.cpp, line 773]

Events (20 events):
Event: 21.920 Executing VM operation: RevokeBias
Event: 21.920 Executing VM operation: RevokeBias done
Event: 21.920 loading class java/security/cert/PKIXRevocationChecker
Event: 21.921 loading class java/security/cert/PKIXRevocationChecker done
Event: 21.922 loading class java/util/SimpleTimeZone
Event: 21.922 loading class java/util/SimpleTimeZone done
Event: 21.923 loading class sun/security/util/AnchorCertificates
Event: 21.923 loading class sun/security/util/AnchorCertificates done
Event: 21.923 loading class sun/security/util/AnchorCertificates$1
Event: 21.923 loading class sun/security/util/AnchorCertificates$1 done
Event: 21.923 loading class sun/security/provider/JavaKeyStore$DualFormatJKS
Event: 21.923 loading class sun/security/provider/JavaKeyStore$DualFormatJKS done
Event: 21.927 loading class sun/security/util/HostnameChecker
Event: 21.928 loading class java/util/concurrent/ConcurrentHashMap$TreeNode
Event: 21.928 loading class sun/security/util/HostnameChecker done
Event: 21.928 loading class java/util/concurrent/ConcurrentHashMap$TreeNode done
Event: 21.928 loading class java/util/concurrent/ConcurrentHashMap$TreeBin
Event: 21.929 loading class java/util/concurrent/ConcurrentHashMap$TreeBin done
Event: 21.932 Executing VM operation: RevokeBias
Event: 21.933 Executing VM operation: RevokeBias done


Dynamic libraries:
0x00007ff770740000 - 0x00007ff77074e000 	C:\Users\Donni\.jdks\corretto-11.0.22\bin\java.exe
0x00007fff2cc50000 - 0x00007fff2ce67000 	C:\WINDOWS\SYSTEM32\ntdll.dll
0x00007fff2c200000 - 0x00007fff2c2c4000 	C:\WINDOWS\System32\KERNEL32.DLL
0x00007fff2a2a0000 - 0x00007fff2a646000 	C:\WINDOWS\System32\KERNELBASE.dll
0x00007fff2a180000 - 0x00007fff2a291000 	C:\WINDOWS\System32\ucrtbase.dll
0x00007fff072f0000 - 0x00007fff07307000 	C:\Users\Donni\.jdks\corretto-11.0.22\bin\jli.dll
0x00007fff07310000 - 0x00007fff0732b000 	C:\Users\Donni\.jdks\corretto-11.0.22\bin\VCRUNTIME140.dll
0x00007fff2af40000 - 0x00007fff2b0ee000 	C:\WINDOWS\System32\USER32.dll
0x00007fff0be70000 - 0x00007fff0c103000 	C:\WINDOWS\WinSxS\amd64_microsoft.windows.common-controls_6595b64144ccf1df_6.0.22621.2506_none_270c5ae97388e100\COMCTL32.dll
0x00007fff2a650000 - 0x00007fff2a676000 	C:\WINDOWS\System32\win32u.dll
0x00007fff2bbe0000 - 0x00007fff2bc87000 	C:\WINDOWS\System32\msvcrt.dll
0x00007fff2b170000 - 0x00007fff2b199000 	C:\WINDOWS\System32\GDI32.dll
0x00007fff2a030000 - 0x00007fff2a148000 	C:\WINDOWS\System32\gdi32full.dll
0x00007fff29f90000 - 0x00007fff2a02a000 	C:\WINDOWS\System32\msvcp_win.dll
0x00007fff2cb40000 - 0x00007fff2cb71000 	C:\WINDOWS\System32\IMM32.DLL
0x00007fff1ff30000 - 0x00007fff1ff3c000 	C:\Users\Donni\.jdks\corretto-11.0.22\bin\vcruntime140_1.dll
0x00007ffef7d50000 - 0x00007ffef7ddd000 	C:\Users\Donni\.jdks\corretto-11.0.22\bin\msvcp140.dll
0x00007ffed82d0000 - 0x00007ffed8e93000 	C:\Users\Donni\.jdks\corretto-11.0.22\bin\server\jvm.dll
0x00007fff2c2e0000 - 0x00007fff2c393000 	C:\WINDOWS\System32\ADVAPI32.dll
0x00007fff2c8f0000 - 0x00007fff2c998000 	C:\WINDOWS\System32\sechost.dll
0x00007fff2a150000 - 0x00007fff2a178000 	C:\WINDOWS\System32\bcrypt.dll
0x00007fff2c9a0000 - 0x00007fff2cab7000 	C:\WINDOWS\System32\RPCRT4.dll
0x00007fff2ae20000 - 0x00007fff2ae28000 	C:\WINDOWS\System32\PSAPI.DLL
0x00007fff20f10000 - 0x00007fff20f44000 	C:\WINDOWS\SYSTEM32\WINMM.dll
0x00007fff26d80000 - 0x00007fff26d89000 	C:\WINDOWS\SYSTEM32\WSOCK32.dll
0x00007fff203f0000 - 0x00007fff203fa000 	C:\WINDOWS\SYSTEM32\VERSION.dll
0x00007fff2cac0000 - 0x00007fff2cb31000 	C:\WINDOWS\System32\WS2_32.dll
0x00007fff28fc0000 - 0x00007fff28fd8000 	C:\WINDOWS\SYSTEM32\kernel.appcore.dll
0x00007fff1fea0000 - 0x00007fff1feb0000 	C:\Users\Donni\.jdks\corretto-11.0.22\bin\verify.dll
0x00007fff272d0000 - 0x00007fff27503000 	C:\WINDOWS\SYSTEM32\DBGHELP.DLL
0x00007fff2bc90000 - 0x00007fff2c019000 	C:\WINDOWS\System32\combase.dll
0x00007fff2ba90000 - 0x00007fff2bb67000 	C:\WINDOWS\System32\OLEAUT32.dll
0x00007ffefe410000 - 0x00007ffefe442000 	C:\WINDOWS\SYSTEM32\dbgcore.DLL
0x00007fff2a860000 - 0x00007fff2a8da000 	C:\WINDOWS\System32\bcryptPrimitives.dll
0x00007fff06e10000 - 0x00007fff06e38000 	C:\Users\Donni\.jdks\corretto-11.0.22\bin\java.dll
0x00007fff1cb60000 - 0x00007fff1cb6a000 	C:\Users\Donni\.jdks\corretto-11.0.22\bin\jimage.dll
0x00007fff1cc30000 - 0x00007fff1cc69000 	C:\Users\Donni\.jdks\corretto-11.0.22\bin\jdwp.dll
0x00007fff26470000 - 0x00007fff2647e000 	C:\Users\Donni\.jdks\corretto-11.0.22\bin\instrument.dll
0x00007fff06df0000 - 0x00007fff06e08000 	C:\Users\Donni\.jdks\corretto-11.0.22\bin\zip.dll
0x00007fff2b230000 - 0x00007fff2ba8a000 	C:\WINDOWS\System32\SHELL32.dll
0x00007fff27ee0000 - 0x00007fff287d6000 	C:\WINDOWS\SYSTEM32\windows.storage.dll
0x00007fff27da0000 - 0x00007fff27ede000 	C:\WINDOWS\SYSTEM32\wintypes.dll
0x00007fff2c7f0000 - 0x00007fff2c8e3000 	C:\WINDOWS\System32\SHCORE.dll
0x00007fff2ae30000 - 0x00007fff2ae8e000 	C:\WINDOWS\System32\shlwapi.dll
0x00007fff29ec0000 - 0x00007fff29ee6000 	C:\WINDOWS\SYSTEM32\profapi.dll
0x00007fff254a0000 - 0x00007fff254aa000 	C:\Users\Donni\.jdks\corretto-11.0.22\bin\dt_socket.dll
0x00007fff29440000 - 0x00007fff294a9000 	C:\WINDOWS\system32\mswsock.dll
0x00007fff06dd0000 - 0x00007fff06de9000 	C:\Users\Donni\.jdks\corretto-11.0.22\bin\net.dll
0x00007fff23b20000 - 0x00007fff23c57000 	C:\WINDOWS\SYSTEM32\WINHTTP.dll
0x00007fff02130000 - 0x00007fff02142000 	C:\Users\Donni\.jdks\corretto-11.0.22\bin\nio.dll
0x00007fff20040000 - 0x00007fff20067000 	C:\Users\Donni\.jdks\corretto-11.0.22\bin\sunec.dll
0x00007fff24070000 - 0x00007fff2407e000 	C:\Users\Donni\.jdks\corretto-11.0.22\bin\sunmscapi.dll
0x00007fff2a6f0000 - 0x00007fff2a856000 	C:\WINDOWS\System32\CRYPT32.dll
0x00007fff29850000 - 0x00007fff2987e000 	C:\WINDOWS\SYSTEM32\ncrypt.dll
0x00007fff29810000 - 0x00007fff29847000 	C:\WINDOWS\SYSTEM32\NTASN1.dll
0x00007fff296f0000 - 0x00007fff29702000 	C:\WINDOWS\SYSTEM32\MSASN1.dll
0x00007fff296a0000 - 0x00007fff296bb000 	C:\WINDOWS\SYSTEM32\CRYPTSP.dll
0x00007fff28f20000 - 0x00007fff28f55000 	C:\WINDOWS\system32\rsaenh.dll
0x00007fff29690000 - 0x00007fff2969c000 	C:\WINDOWS\SYSTEM32\CRYPTBASE.dll
0x00007fff294d0000 - 0x00007fff294f6000 	C:\WINDOWS\SYSTEM32\gpapi.dll
0x00007fff29530000 - 0x00007fff2955c000 	C:\WINDOWS\SYSTEM32\USERENV.dll
0x00007fff29c70000 - 0x00007fff29c7a000 	C:\WINDOWS\SYSTEM32\DPAPI.dll
0x00007fff28ad0000 - 0x00007fff28afd000 	C:\WINDOWS\SYSTEM32\IPHLPAPI.DLL
0x00007fff2b160000 - 0x00007fff2b169000 	C:\WINDOWS\System32\NSI.dll
0x00007fff23960000 - 0x00007fff23979000 	C:\WINDOWS\SYSTEM32\dhcpcsvc6.DLL
0x00007fff23930000 - 0x00007fff2394f000 	C:\WINDOWS\SYSTEM32\dhcpcsvc.DLL
0x00007fff28b00000 - 0x00007fff28bf9000 	C:\WINDOWS\SYSTEM32\DNSAPI.dll
0x00007ffef7bc0000 - 0x00007ffef7d42000 	C:\Users\Donni\.jdks\corretto-11.0.22\bin\awt.dll
0x00007fff263c0000 - 0x00007fff26457000 	C:\WINDOWS\SYSTEM32\apphelp.dll
0x00007fff26f10000 - 0x00007fff26fbb000 	C:\WINDOWS\system32\uxtheme.dll
0x00007fff2c3a0000 - 0x00007fff2c4f0000 	C:\WINDOWS\System32\MSCTF.dll
0x00007fff2c650000 - 0x00007fff2c7f0000 	C:\WINDOWS\System32\ole32.dll
0x00007fff27730000 - 0x00007fff2775b000 	C:\WINDOWS\system32\DWMAPI.DLL
0x00007ffef6b10000 - 0x00007ffef6c10000 	C:\WINDOWS\system32\opengl32.dll
0x00007ffef6ae0000 - 0x00007ffef6b0d000 	C:\WINDOWS\SYSTEM32\GLU32.dll
0x00007fff27570000 - 0x00007fff275a6000 	C:\WINDOWS\SYSTEM32\dxcore.dll
0x00007fff116e0000 - 0x00007fff11767000 	C:\Users\Donni\.jdks\corretto-11.0.22\bin\freetype.dll
0x00007ffef8100000 - 0x00007ffef81d3000 	C:\Users\Donni\.jdks\corretto-11.0.22\bin\fontmanager.dll
0x00007fff105f0000 - 0x00007fff1073a000 	C:\WINDOWS\SYSTEM32\textinputframework.dll
0x00007fff254d0000 - 0x00007fff25604000 	C:\WINDOWS\SYSTEM32\CoreMessaging.dll
0x00007fff22860000 - 0x00007fff22bcc000 	C:\WINDOWS\SYSTEM32\CoreUIComponents.dll
0x00007fff23ce0000 - 0x00007fff23ce9000 	C:\Users\Donni\.jdks\corretto-11.0.22\bin\management.dll
0x00007fff21130000 - 0x00007fff2113b000 	C:\Users\Donni\.jdks\corretto-11.0.22\bin\management_ext.dll
0x00007fff203e0000 - 0x00007fff203ea000 	C:\Windows\System32\rasadhlp.dll
0x00007fff22570000 - 0x00007fff225f3000 	C:\WINDOWS\System32\fwpuclnt.dll
0x00007fff12450000 - 0x00007fff12494000 	C:\Users\Donni\AppData\Local\Temp\jna-68899\jna9368183834949051677.dll
0x00007ffef8060000 - 0x00007ffef80fc000 	C:\Users\Donni\AppData\Local\Temp\jna-68899\jna2088510208732537380.dll
0x00007fff1fdd0000 - 0x00007fff1fde2000 	C:\Users\Donni\.jdks\corretto-11.0.22\bin\jsound.dll
0x00007ffef78f0000 - 0x00007ffef7992000 	C:\WINDOWS\SYSTEM32\DSOUND.dll
0x00007fff29e60000 - 0x00007fff29ead000 	C:\WINDOWS\SYSTEM32\powrprof.dll
0x00007ffef44a0000 - 0x00007ffef4551000 	C:\WINDOWS\SYSTEM32\ResampleDmo.DLL
0x00007fff125d0000 - 0x00007fff125f9000 	C:\WINDOWS\SYSTEM32\winmmbase.dll
0x00007fff21120000 - 0x00007fff2112b000 	C:\WINDOWS\SYSTEM32\msdmo.dll
0x00007fff29d90000 - 0x00007fff29da3000 	C:\WINDOWS\SYSTEM32\UMPDC.dll
0x00007fff2ae90000 - 0x00007fff2af40000 	C:\WINDOWS\System32\clbcatq.dll
0x00007fff1d470000 - 0x00007fff1d50d000 	C:\WINDOWS\System32\MMDevApi.dll
0x00007fff29bd0000 - 0x00007fff29bfc000 	C:\WINDOWS\System32\DEVOBJ.dll
0x00007fff29c00000 - 0x00007fff29c4e000 	C:\WINDOWS\SYSTEM32\cfgmgr32.dll
0x00007ffeccbc0000 - 0x00007ffeccc06000 	C:\WINDOWS\SYSTEM32\wdmaud.drv
0x00007fff05b50000 - 0x00007fff05b59000 	C:\WINDOWS\SYSTEM32\ksuser.dll
0x00007fff22e70000 - 0x00007fff22e7b000 	C:\WINDOWS\SYSTEM32\AVRT.dll
0x00007fff19ad0000 - 0x00007fff19cbc000 	C:\WINDOWS\SYSTEM32\AUDIOSES.DLL
0x00007fff23cd0000 - 0x00007fff23cde000 	C:\WINDOWS\SYSTEM32\msacm32.drv
0x00007fff19420000 - 0x00007fff1943e000 	C:\WINDOWS\SYSTEM32\MSACM32.dll
0x00007fff19410000 - 0x00007fff1941b000 	C:\WINDOWS\SYSTEM32\midimap.dll
0x00007fff0acf0000 - 0x00007fff0ad6f000 	C:\Users\Donni\.jdks\corretto-11.0.22\bin\mlib_image.dll
0x00007fff27a70000 - 0x00007fff27a85000 	C:\WINDOWS\SYSTEM32\resourcepolicyclient.dll
0x00007fff1c770000 - 0x00007fff1c8e4000 	C:\Windows\System32\Windows.UI.dll
0x00007fff12420000 - 0x00007fff1244d000 	C:\Users\Donni\.jdks\corretto-11.0.22\bin\javajpeg.dll
0x00007fff122c0000 - 0x00007fff122c6000 	C:\Users\Donni\AppData\Local\Temp\flatlaf.temp\flatlaf-windows-x86_64-2131235718933000.dll
0x00007fff122b0000 - 0x00007fff122b7000 	C:\Users\Donni\.jdks\corretto-11.0.22\bin\jawt.dll
0x00007fff26ec0000 - 0x00007fff26ecd000 	C:\WINDOWS\SYSTEM32\WINNSI.DLL
0x00007fff244b0000 - 0x00007fff24660000 	C:\WINDOWS\SYSTEM32\WindowsCodecs.dll
0x00007ffef3f20000 - 0x00007ffef3f7e000 	C:\WINDOWS\system32\dataexchange.dll
0x00007fff20ac0000 - 0x00007fff20d45000 	C:\WINDOWS\system32\twinapi.appcore.dll
0x00007fff21550000 - 0x00007fff2160c000 	C:\WINDOWS\SYSTEM32\mscms.dll
0x00007fff1fc70000 - 0x00007fff1fcb9000 	C:\WINDOWS\SYSTEM32\icm32.dll

dbghelp: loaded successfully - version: 4.0.5 - missing functions: none
symbol engine: initialized successfully - sym options: 0x614 - pdb path: .;C:\Users\Donni\.jdks\corretto-11.0.22\bin;C:\WINDOWS\SYSTEM32;C:\WINDOWS\WinSxS\amd64_microsoft.windows.common-controls_6595b64144ccf1df_6.0.22621.2506_none_270c5ae97388e100;C:\Users\Donni\.jdks\corretto-11.0.22\bin\server;C:\Users\Donni\AppData\Local\Temp\jna-68899;C:\Users\Donni\AppData\Local\Temp\flatlaf.temp

VM Arguments:
jvm_args: -agentlib:jdwp=transport=dt_socket,server=n,suspend=y,address=127.0.0.1:57787 -javaagent:C:\Users\Donni\.gradle\caches\modules-2\files-2.1\org.jetbrains.kotlinx\kotlinx-coroutines-core-jvm\1.6.0\f3b8fd26c2e76d2f18cbc36aacb6e349fcb9fd5f\kotlinx-coroutines-core-jvm-1.6.0.jar -Dfile.encoding=windows-1252 -Duser.country=US -Duser.language=en -Duser.variant -ea 
java_command: com.piggyplugins.PluginTester
java_class_path (initial): C:\Users\Donni\IdeaProjects\PiggyPlugins\build\classes\java\test;C:\Users\Donni\IdeaProjects\PiggyPlugins\build\resources\test;C:\Users\Donni\IdeaProjects\PiggyPlugins\build\classes\java\main;C:\Users\Donni\IdeaProjects\PiggyPlugins\build\resources\main;C:\Users\Donni\IdeaProjects\PiggyPlugins\AutoTitheFarm\build\libs\AutoTitheFarm-1.0.0.jar;C:\Users\Donni\IdeaProjects\PiggyPlugins\AutoAerial\build\libs\AutoAerial-1.0.0.jar;C:\Users\Donni\IdeaProjects\PiggyPlugins\AutoRuneDragons\build\libs\AutoRuneDragons-1.0.0.jar;C:\Users\Donni\IdeaProjects\PiggyPlugins\AutoBoner\build\libs\AutoBoner-1.0.3.jar;C:\Users\Donni\IdeaProjects\PiggyPlugins\AutoChompy\build\libs\AutoChompy-1.0.3.jar;C:\Users\Donni\IdeaProjects\PiggyPlugins\AutoVorkath\build\libs\AutoVorkath-1.0.19.jar;C:\Users\Donni\IdeaProjects\PiggyPlugins\AutoCombat\build\libs\AutoCombat-1.0.0.jar;C:\Users\Donni\IdeaProjects\PiggyPlugins\AutoTrapper\build\libs\AutoTrapper-1.0.0.jar;C:\Users\Donni\IdeaProjects\PiggyPlugins\AutoSmith\build\libs\AutoSmith-1.0.0.jar;C:\Users\Donni\IdeaProjects\PiggyPlugins\ButterflyCatcher\build\libs\ButterflyCatcher-1.0.0.jar;C:\Users\Donni\IdeaProjects\PiggyPlugins\DialogueContinuer\build\libs\DialogueContinuer-1.0.0.jar;C:\Users\Donni\IdeaProjects\PiggyPlugins\Firemaking\build\libs\Firemaking-1.0.0.jar;C:\Users\Donni\IdeaProjects\PiggyPlugins\KittenFeeder\build\libs\KittenFeeder-1.0.0.jar;C:\Users\Donni\IdeaProjects\PiggyPlugins\AutoJugHumidifier\build\libs\AutoJugHumidifier-1.0.0.jar;C:\Users\Donni\IdeaProjects\PiggyPlugins\AutoRifts\build\libs\AutoRifts-1.0.0.jar;C:\Users\Donni\IdeaProjects\PiggyPlugins\AutoTele\build\libs\AutoTele-1.0.0.jar;C:\Users\Donni\IdeaProjects\PiggyPlugins\CalvarionHelper\build\libs\CalvarionHelper-1.0.0.jar;C:\Users\Donni\IdeaProjects\PiggyPlugins\CannonReloader\build\libs\CannonReloader-1.0.0.jar;C:\Users\Donni\IdeaProjects\PiggyPlugins\E3T4G\build\libs\E3T4G-1.0.0.jar;C:\Users\Donni\IdeaProjects\PiggyPlugins\EthansApi\build\l
Launcher Type: SUN_STANDARD

[Global flags]
     intx CICompilerCount                          = 4                                         {product} {ergonomic}
     uint ConcGCThreads                            = 2                                         {product} {ergonomic}
     uint G1ConcRefinementThreads                  = 8                                         {product} {ergonomic}
   size_t G1HeapRegionSize                         = 1048576                                   {product} {ergonomic}
    uintx GCDrainStackTargetSize                   = 64                                        {product} {ergonomic}
   size_t InitialHeapSize                          = 264241152                                 {product} {ergonomic}
   size_t MarkStackSize                            = 4194304                                   {product} {ergonomic}
   size_t MaxHeapSize                              = 4219469824                                {product} {ergonomic}
   size_t MaxNewSize                               = 2531262464                                {product} {ergonomic}
   size_t MinHeapDeltaBytes                        = 1048576                                   {product} {ergonomic}
    uintx NonNMethodCodeHeapSize                   = 5836300                                {pd product} {ergonomic}
    uintx NonProfiledCodeHeapSize                  = 122910970                              {pd product} {ergonomic}
    uintx ProfiledCodeHeapSize                     = 122910970                              {pd product} {ergonomic}
    uintx ReservedCodeCacheSize                    = 251658240                              {pd product} {ergonomic}
     bool SegmentedCodeCache                       = true                                      {product} {ergonomic}
     bool UseCompressedClassPointers               = true                                 {lp64_product} {ergonomic}
     bool UseCompressedOops                        = true                                 {lp64_product} {ergonomic}
     bool UseG1GC                                  = true                                      {product} {ergonomic}
     bool UseLargePagesIndividualAllocation        = false                                  {pd product} {ergonomic}

Logging:
Log output configuration:
 #0: stdout all=warning uptime,level,tags
 #1: stderr all=off uptime,level,tags

Environment Variables:
JAVA_HOME=C:\Program Files (x86)\Eclipse Adoptium\jdk-11.0.21.9-hotspot\
PATH=C:\Program Files (x86)\Eclipse Adoptium\jdk-11.0.21.9-hotspot\bin;C:\Program Files\Common Files\Oracle\Java\javapath;C:\Python311\Scripts\;C:\Python311\;C:\WINDOWS\system32;C:\WINDOWS;C:\WINDOWS\System32\Wbem;C:\WINDOWS\System32\WindowsPowerShell\v1.0\;C:\WINDOWS\System32\OpenSSH\;C:\ProgramData\chocolatey\bin;C:\Program Files\Git\cmd;C:\Program Files\nodejs\;C:\Program Files\Microsoft VS Code\bin;C:\Program Files\dotnet\;C:\Users\Donni\AppData\Local\Microsoft\WindowsApps;;C:\Exercism;C:\Users\Donni\AppData\Roaming\npm;C:\Program Files\JetBrains\IntelliJ IDEA Community Edition 2023.2.5\bin;
USERNAME=Don
OS=Windows_NT
PROCESSOR_IDENTIFIER=Intel64 Family 6 Model 140 Stepping 1, GenuineIntel
TMP=C:\Users\Donni\AppData\Local\Temp
TEMP=C:\Users\Donni\AppData\Local\Temp



---------------  S Y S T E M  ---------------

OS: Windows 11 , 64 bit Build 22621 (10.0.22621.2506)
OS uptime: 2 days 11:12 hours

CPU:total 8 (initial active 8) (4 cores per cpu, 2 threads per core) family 6 model 140 stepping 1 microcode 0xac, cmov, cx8, fxsr, mmx, sse, sse2, sse3, ssse3, sse4.1, sse4.2, popcnt, avx, avx2, aes, clmul, erms, 3dnowpref, lzcnt, ht, tsc, tscinvbit, bmi1, bmi2, adx, evex, sha, fma

Memory: 4k page, system-wide physical 16091M (7870M free)
TotalPageFile size 17115M (AvailPageFile size 7142M)
current process WorkingSet (physical memory assigned to process): 623M, peak: 652M
current process commit charge ("private bytes"): 658M, peak: 696M

vm_info: OpenJDK 64-Bit Server VM (11.0.22+7-LTS) for windows-amd64 JRE (11.0.22+7-LTS), built on Jan 10 2024 19:54:00 by "Administrator" with MS VC++ 16.10 / 16.11 (VS2019)

END.
