#
# A fatal error has been detected by the Java Runtime Environment:
#
#  Internal Error (c1/c1_LIR.hpp:731), pid=2716, tid=1296
#  Error: ShouldNotReachHere()
#
# JRE version: OpenJDK Runtime Environment Corretto-11.0.22.7.1 (11.0.22+7) (build 11.0.22+7-LTS)
# Java VM: OpenJDK 64-Bit Server VM Corretto-11.0.22.7.1 (11.0.22+7-LTS, mixed mode, tiered, compressed oops, g1 gc, windows-amd64)
# No core dump will be written. Minidumps are not enabled by default on client versions of Windows
#
# If you would like to submit a bug report, please visit:
#   https://github.com/corretto/corretto-11/issues/
#

---------------  S U M M A R Y ------------

Command Line: -agentlib:jdwp=transport=dt_socket,server=n,suspend=y,address=127.0.0.1:51303 -javaagent:C:\Users\Donni\.gradle\caches\modules-2\files-2.1\org.jetbrains.kotlinx\kotlinx-coroutines-core-jvm\1.6.0\f3b8fd26c2e76d2f18cbc36aacb6e349fcb9fd5f\kotlinx-coroutines-core-jvm-1.6.0.jar -Dfile.encoding=windows-1252 -Duser.country=US -Duser.language=en -Duser.variant -ea com.piggyplugins.PluginTester

Host: 11th Gen Intel(R) Core(TM) i5-1145G7 @ 2.60GHz, 8 cores, 15G,  Windows 11 , 64 bit Build 22621 (10.0.22621.2506)
Time: Sun Feb 11 18:36:16 2024 Mountain Standard Time elapsed time: 26.321011 seconds (0d 0h 0m 26s)

---------------  T H R E A D  ---------------

Current thread (0x0000012e83fee000):  JavaThread "C1 CompilerThread0" daemon [_thread_in_native, id=1296, stack(0x0000002318700000,0x0000002318800000)]


Current CompileTask:
C1:  26321 11136 %     3       org.bouncycastle.math.raw.Nat256::mul @ 292 (637 bytes)

Stack: [0x0000002318700000,0x0000002318800000]
Native frames: (J=compiled Java code, j=interpreted, Vv=VM code, C=native code)
V  [jvm.dll+0x64585a]
V  [jvm.dll+0x7d9bb9]
V  [jvm.dll+0x7db2b9]
V  [jvm.dll+0x7db957]
V  [jvm.dll+0x26941c]
V  [jvm.dll+0x269363]
V  [jvm.dll+0x1760a9]
V  [jvm.dll+0x171ea4]
V  [jvm.dll+0x168c0e]
V  [jvm.dll+0x1552d0]
V  [jvm.dll+0x13c659]
V  [jvm.dll+0x13bf8f]
V  [jvm.dll+0x13c1c4]
V  [jvm.dll+0x13b512]
V  [jvm.dll+0x13d3ac]
V  [jvm.dll+0x2305e9]
V  [jvm.dll+0x22e75f]
V  [jvm.dll+0x79ae51]
V  [jvm.dll+0x793b24]
V  [jvm.dll+0x644615]
C  [ucrtbase.dll+0x29363]
C  [KERNEL32.DLL+0x1257d]
C  [ntdll.dll+0x5aa58]


---------------  P R O C E S S  ---------------

Threads class SMR info:
_java_thread_list=0x0000012e919d3160, length=41, elements={
0x0000012eff6be800, 0x0000012e83f83800, 0x0000012e83fe1800, 0x0000012e83fe4000,
0x0000012e83fe6000, 0x0000012e83fe7800, 0x0000012e83fee000, 0x0000012e83fef000,
0x0000012eff674000, 0x0000012e843dd000, 0x0000012e8437d000, 0x0000012e842dd800,
0x0000012e84985800, 0x0000012e8540a000, 0x0000012e855ca800, 0x0000012e8540a800,
0x0000012e85879800, 0x0000012e852a5000, 0x0000012e87e78800, 0x0000012e8545e800,
0x0000012e8556d800, 0x0000012e8861b000, 0x0000012e8861d800, 0x0000012e8861c000,
0x0000012e8861c800, 0x0000012e8861f000, 0x0000012e88619800, 0x0000012e8861a000,
0x0000012e8a045000, 0x0000012e8a049000, 0x0000012e8a047800, 0x0000012e8a048800,
0x0000012e8a04a000, 0x0000012e8a044000, 0x0000012e8a046800, 0x0000012e8a04b800,
0x0000012e8a04f800, 0x0000012e8a04a800, 0x0000012e8f1fa000, 0x0000012e99038800,
0x0000012e8a04e000
}

Java Threads: ( => current thread )
  0x0000012eff6be800 JavaThread "Reference Handler" daemon [_thread_blocked, id=9564, stack(0x0000002318100000,0x0000002318200000)]
  0x0000012e83f83800 JavaThread "Finalizer" daemon [_thread_blocked, id=1744, stack(0x0000002318200000,0x0000002318300000)]
  0x0000012e83fe1800 JavaThread "Signal Dispatcher" daemon [_thread_blocked, id=13880, stack(0x0000002318300000,0x0000002318400000)]
  0x0000012e83fe4000 JavaThread "Attach Listener" daemon [_thread_blocked, id=10964, stack(0x0000002318400000,0x0000002318500000)]
  0x0000012e83fe6000 JavaThread "Service Thread" daemon [_thread_blocked, id=4564, stack(0x0000002318500000,0x0000002318600000)]
  0x0000012e83fe7800 JavaThread "C2 CompilerThread0" daemon [_thread_in_native, id=3508, stack(0x0000002318600000,0x0000002318700000)]
=>0x0000012e83fee000 JavaThread "C1 CompilerThread0" daemon [_thread_in_native, id=1296, stack(0x0000002318700000,0x0000002318800000)]
  0x0000012e83fef000 JavaThread "Sweeper thread" daemon [_thread_blocked, id=13108, stack(0x0000002318800000,0x0000002318900000)]
  0x0000012eff674000 JavaThread "Common-Cleaner" daemon [_thread_blocked, id=5316, stack(0x0000002318900000,0x0000002318a00000)]
  0x0000012e843dd000 JavaThread "JDWP Transport Listener: dt_socket" daemon [_thread_blocked, id=10604, stack(0x0000002318b00000,0x0000002318c00000)]
  0x0000012e8437d000 JavaThread "JDWP Event Helper Thread" daemon [_thread_blocked, id=5220, stack(0x0000002318c00000,0x0000002318d00000)]
  0x0000012e842dd800 JavaThread "JDWP Command Reader" daemon [_thread_in_native, id=7992, stack(0x0000002318d00000,0x0000002318e00000)]
  0x0000012e84985800 JavaThread "Coroutines Debugger Cleaner" daemon [_thread_blocked, id=9716, stack(0x0000002318e00000,0x0000002318f00000)]
  0x0000012e8540a000 JavaThread "Java2D Disposer" daemon [_thread_blocked, id=11332, stack(0x0000002319000000,0x0000002319100000)]
  0x0000012e855ca800 JavaThread "AWT-Shutdown" [_thread_blocked, id=5728, stack(0x0000002319800000,0x0000002319900000)]
  0x0000012e8540a800 JavaThread "AWT-Windows" daemon [_thread_in_native, id=3044, stack(0x0000002319900000,0x0000002319a00000)]
  0x0000012e85879800 JavaThread "AWT-EventQueue-0" [_thread_blocked, id=1088, stack(0x0000002319b00000,0x0000002319c00000)]
  0x0000012e852a5000 JavaThread "TimerQueue" daemon [_thread_blocked, id=1852, stack(0x0000002319c00000,0x0000002319d00000)]
  0x0000012e87e78800 JavaThread "OkHttp Dispatcher" [_thread_blocked, id=13628, stack(0x0000002319e00000,0x0000002319f00000)]
  0x0000012e8545e800 JavaThread "OkHttp ConnectionPool" daemon [_thread_blocked, id=5616, stack(0x0000002318a00000,0x0000002318b00000)]
  0x0000012e8556d800 JavaThread "Okio Watchdog" daemon [_thread_blocked, id=11496, stack(0x0000002319d00000,0x0000002319e00000)]
  0x0000012e8861b000 JavaThread "pool-2-thread-1" [_thread_blocked, id=6884, stack(0x000000231a500000,0x000000231a600000)]
  0x0000012e8861d800 JavaThread "Thread-1" daemon [_thread_blocked, id=3928, stack(0x0000002319f00000,0x000000231a000000)]
  0x0000012e8861c000 JavaThread "Client" daemon [_thread_in_Java, id=740, stack(0x000000231a600000,0x000000231a700000)]
  0x0000012e8861c800 JavaThread "Thread-3" daemon [_thread_in_native, id=8104, stack(0x000000231a400000,0x000000231a500000)]
  0x0000012e8861f000 JavaThread "Thread-4" daemon [_thread_in_native, id=10212, stack(0x000000231a900000,0x000000231aa00000)]
  0x0000012e88619800 JavaThread "Thread-5" daemon [_thread_blocked, id=13884, stack(0x000000231aa00000,0x000000231ab00000)]
  0x0000012e8861a000 JavaThread "cache io" daemon [_thread_blocked, id=10640, stack(0x000000231ab00000,0x000000231ac00000)]
  0x0000012e8a045000 JavaThread "Java Sound Event Dispatcher" daemon [_thread_blocked, id=5352, stack(0x000000231ae00000,0x000000231af00000)]
  0x0000012e8a049000 JavaThread "Sound Engine" [_thread_blocked, id=6036, stack(0x000000231b200000,0x000000231b300000)]
  0x0000012e8a047800 JavaThread "OkHttp repo.runelite.net Writer" [_thread_blocked, id=10728, stack(0x000000231b300000,0x000000231b400000)]
  0x0000012e8a048800 JavaThread "OkHttp repo.runelite.net" [_thread_in_native, id=4788, stack(0x000000231b400000,0x000000231b500000)]
  0x0000012e8a04a000 JavaThread "OkHttp Http2Connection" daemon [_thread_blocked, id=9264, stack(0x000000231b600000,0x000000231b700000)]
  0x0000012e8a044000 JavaThread "Thread-8" daemon [_thread_blocked, id=6496, stack(0x000000231b800000,0x000000231b900000)]
  0x0000012e8a046800 JavaThread "pool-5-thread-1" [_thread_in_native, id=11032, stack(0x000000231bb00000,0x000000231bc00000)]
  0x0000012e8a04b800 JavaThread "DestroyJavaVM" [_thread_blocked, id=3524, stack(0x0000002317a00000,0x0000002317b00000)]
  0x0000012e8a04f800 JavaThread "Thread-10" daemon [_thread_in_native, id=4528, stack(0x000000231a300000,0x000000231a400000)]
  0x0000012e8a04a800 JavaThread "Thread-11" daemon [_thread_blocked, id=12608, stack(0x000000231a700000,0x000000231a800000)]
  0x0000012e8f1fa000 JavaThread "C2 CompilerThread1" daemon [_thread_in_native, id=3504, stack(0x000000231b700000,0x000000231b800000)]
  0x0000012e99038800 JavaThread "C2 CompilerThread2" daemon [_thread_in_native, id=6764, stack(0x000000231bc00000,0x000000231bd00000)]
  0x0000012e8a04e000 JavaThread "crmsession-rest-request-1" daemon [_thread_in_native, id=10504, stack(0x000000231bd00000,0x000000231be00000)]

Other Threads:
  0x0000012eff6bb000 VMThread "VM Thread" [stack: 0x0000002318000000,0x0000002318100000] [id=10412]
  0x0000012e8499f800 WatcherThread [stack: 0x0000002318f00000,0x0000002319000000] [id=5228]
  0x0000012edfa11800 GCTaskThread "GC Thread#0" [stack: 0x0000002317b00000,0x0000002317c00000] [id=13380]
  0x0000012e853de800 GCTaskThread "GC Thread#1" [stack: 0x0000002319100000,0x0000002319200000] [id=4600]
  0x0000012e853df800 GCTaskThread "GC Thread#2" [stack: 0x0000002319200000,0x0000002319300000] [id=13372]
  0x0000012e84868000 GCTaskThread "GC Thread#3" [stack: 0x0000002319300000,0x0000002319400000] [id=10312]
  0x0000012e851ec000 GCTaskThread "GC Thread#4" [stack: 0x0000002319400000,0x0000002319500000] [id=8132]
  0x0000012e851ee800 GCTaskThread "GC Thread#5" [stack: 0x0000002319500000,0x0000002319600000] [id=5212]
  0x0000012e851ef000 GCTaskThread "GC Thread#6" [stack: 0x000000231a100000,0x000000231a200000] [id=11864]
  0x0000012e851f3800 GCTaskThread "GC Thread#7" [stack: 0x000000231a200000,0x000000231a300000] [id=4000]
  0x0000012edfa6c800 ConcurrentGCThread "G1 Main Marker" [stack: 0x0000002317c00000,0x0000002317d00000] [id=3796]
  0x0000012edfa6e000 ConcurrentGCThread "G1 Conc#0" [stack: 0x0000002317d00000,0x0000002317e00000] [id=12724]
  0x0000012e851ed000 ConcurrentGCThread "G1 Conc#1" [stack: 0x0000002319a00000,0x0000002319b00000] [id=8528]
  0x0000012eff5a2000 ConcurrentGCThread "G1 Refine#0" [stack: 0x0000002317e00000,0x0000002317f00000] [id=11036]
  0x0000012e84dec800 ConcurrentGCThread "G1 Refine#1" [stack: 0x0000002319600000,0x0000002319700000] [id=8924]
  0x0000012eff5a3000 ConcurrentGCThread "G1 Young RemSet Sampling" [stack: 0x0000002317f00000,0x0000002318000000] [id=8336]

Threads with active compile tasks:
C2 CompilerThread0    26347 10890   !   4       kt::ad (1687 bytes)
C1 CompilerThread0    26347 11136 %     3       org.bouncycastle.math.raw.Nat256::mul @ 292 (637 bytes)
C2 CompilerThread1    26347 10862   !   4       fx::ag (5569 bytes)
C2 CompilerThread2    26347 10523 %     4       uj::af @ 457 (2605 bytes)

VM state:not at safepoint (normal execution)

VM Mutex/Monitor currently owned by a thread: None

Heap address: 0x0000000704800000, size: 4024 MB, Compressed Oops mode: Zero based, Oop shift amount: 3
Narrow klass base: 0x0000000800000000, Narrow klass shift: 0
Compressed class space size: 1073741824 Address: 0x0000000800000000

Heap:
 garbage-first heap   total 372736K, used 318624K [0x0000000704800000, 0x0000000800000000)
  region size 1024K, 160 young (163840K), 10 survivors (10240K)
 Metaspace       used 88507K, capacity 91470K, committed 91776K, reserved 1130496K
  class space    used 9261K, capacity 10512K, committed 10624K, reserved 1048576K
Heap Regions: E=young(eden), S=young(survivor), O=old, HS=humongous(starts), HC=humongous(continues), CS=collection set, F=free, A=archive, TAMS=top-at-mark-start (previous, next)
|   0|0x0000000704800000, 0x0000000704900000, 0x0000000704900000|100%| O|  |TAMS 0x0000000704900000, 0x0000000704800000| Untracked 
|   1|0x0000000704900000, 0x0000000704a00000, 0x0000000704a00000|100%| O|  |TAMS 0x0000000704a00000, 0x0000000704900000| Untracked 
|   2|0x0000000704a00000, 0x0000000704b00000, 0x0000000704b00000|100%| O|  |TAMS 0x0000000704b00000, 0x0000000704a00000| Untracked 
|   3|0x0000000704b00000, 0x0000000704c00000, 0x0000000704c00000|100%| O|  |TAMS 0x0000000704c00000, 0x0000000704b00000| Untracked 
|   4|0x0000000704c00000, 0x0000000704d00000, 0x0000000704d00000|100%| O|  |TAMS 0x0000000704d00000, 0x0000000704c00000| Untracked 
|   5|0x0000000704d00000, 0x0000000704e00000, 0x0000000704e00000|100%| O|  |TAMS 0x0000000704e00000, 0x0000000704d00000| Untracked 
|   6|0x0000000704e00000, 0x0000000704f00000, 0x0000000704f00000|100%| O|  |TAMS 0x0000000704f00000, 0x0000000704e00000| Untracked 
|   7|0x0000000704f00000, 0x0000000705000000, 0x0000000705000000|100%| O|  |TAMS 0x0000000705000000, 0x0000000704f00000| Untracked 
|   8|0x0000000705000000, 0x0000000705100000, 0x0000000705100000|100%| O|  |TAMS 0x0000000705100000, 0x0000000705000000| Untracked 
|   9|0x0000000705100000, 0x0000000705200000, 0x0000000705200000|100%| O|  |TAMS 0x0000000705200000, 0x0000000705100000| Untracked 
|  10|0x0000000705200000, 0x0000000705300000, 0x0000000705300000|100%| O|  |TAMS 0x0000000705300000, 0x0000000705200000| Untracked 
|  11|0x0000000705300000, 0x0000000705400000, 0x0000000705400000|100%| O|  |TAMS 0x0000000705400000, 0x0000000705300000| Untracked 
|  12|0x0000000705400000, 0x0000000705500000, 0x0000000705500000|100%| O|  |TAMS 0x0000000705500000, 0x0000000705400000| Untracked 
|  13|0x0000000705500000, 0x0000000705600000, 0x0000000705600000|100%| O|  |TAMS 0x0000000705600000, 0x0000000705500000| Untracked 
|  14|0x0000000705600000, 0x0000000705700000, 0x0000000705700000|100%| O|  |TAMS 0x0000000705700000, 0x0000000705600000| Untracked 
|  15|0x0000000705700000, 0x0000000705800000, 0x0000000705800000|100%| O|  |TAMS 0x0000000705800000, 0x0000000705700000| Untracked 
|  16|0x0000000705800000, 0x0000000705900000, 0x0000000705900000|100%| O|  |TAMS 0x0000000705900000, 0x0000000705800000| Untracked 
|  17|0x0000000705900000, 0x0000000705a00000, 0x0000000705a00000|100%|HS|  |TAMS 0x0000000705a00000, 0x0000000705900000| Complete 
|  18|0x0000000705a00000, 0x0000000705b00000, 0x0000000705b00000|100%|HC|  |TAMS 0x0000000705b00000, 0x0000000705a00000| Complete 
|  19|0x0000000705b00000, 0x0000000705c00000, 0x0000000705c00000|100%|HC|  |TAMS 0x0000000705c00000, 0x0000000705b00000| Complete 
|  20|0x0000000705c00000, 0x0000000705d00000, 0x0000000705d00000|100%| O|  |TAMS 0x0000000705d00000, 0x0000000705c00000| Untracked 
|  21|0x0000000705d00000, 0x0000000705e00000, 0x0000000705e00000|100%| O|  |TAMS 0x0000000705e00000, 0x0000000705d00000| Untracked 
|  22|0x0000000705e00000, 0x0000000705f00000, 0x0000000705f00000|100%|HS|  |TAMS 0x0000000705f00000, 0x0000000705e00000| Complete 
|  23|0x0000000705f00000, 0x0000000706000000, 0x0000000706000000|100%|HC|  |TAMS 0x0000000706000000, 0x0000000705f00000| Complete 
|  24|0x0000000706000000, 0x0000000706100000, 0x0000000706100000|100%|HS|  |TAMS 0x0000000706100000, 0x0000000706000000| Complete 
|  25|0x0000000706100000, 0x0000000706200000, 0x0000000706200000|100%|HC|  |TAMS 0x0000000706200000, 0x0000000706100000| Complete 
|  26|0x0000000706200000, 0x0000000706300000, 0x0000000706300000|100%|HS|  |TAMS 0x0000000706300000, 0x0000000706200000| Complete 
|  27|0x0000000706300000, 0x0000000706400000, 0x0000000706400000|100%|HC|  |TAMS 0x0000000706400000, 0x0000000706300000| Complete 
|  28|0x0000000706400000, 0x0000000706500000, 0x0000000706500000|100%|HS|  |TAMS 0x0000000706500000, 0x0000000706400000| Complete 
|  29|0x0000000706500000, 0x0000000706600000, 0x0000000706600000|100%|HC|  |TAMS 0x0000000706600000, 0x0000000706500000| Complete 
|  30|0x0000000706600000, 0x0000000706700000, 0x0000000706700000|100%|HS|  |TAMS 0x0000000706700000, 0x0000000706600000| Complete 
|  31|0x0000000706700000, 0x0000000706800000, 0x0000000706800000|100%|HC|  |TAMS 0x0000000706800000, 0x0000000706700000| Complete 
|  32|0x0000000706800000, 0x0000000706900000, 0x0000000706900000|100%|HS|  |TAMS 0x0000000706900000, 0x0000000706800000| Complete 
|  33|0x0000000706900000, 0x0000000706a00000, 0x0000000706a00000|100%|HC|  |TAMS 0x0000000706a00000, 0x0000000706900000| Complete 
|  34|0x0000000706a00000, 0x0000000706b00000, 0x0000000706b00000|100%|HS|  |TAMS 0x0000000706b00000, 0x0000000706a00000| Complete 
|  35|0x0000000706b00000, 0x0000000706c00000, 0x0000000706c00000|100%|HC|  |TAMS 0x0000000706c00000, 0x0000000706b00000| Complete 
|  36|0x0000000706c00000, 0x0000000706d00000, 0x0000000706d00000|100%|HS|  |TAMS 0x0000000706d00000, 0x0000000706c00000| Complete 
|  37|0x0000000706d00000, 0x0000000706e00000, 0x0000000706e00000|100%|HC|  |TAMS 0x0000000706e00000, 0x0000000706d00000| Complete 
|  38|0x0000000706e00000, 0x0000000706f00000, 0x0000000706f00000|100%|HC|  |TAMS 0x0000000706f00000, 0x0000000706e00000| Complete 
|  39|0x0000000706f00000, 0x0000000707000000, 0x0000000707000000|100%|HC|  |TAMS 0x0000000707000000, 0x0000000706f00000| Complete 
|  40|0x0000000707000000, 0x0000000707100000, 0x0000000707100000|100%|HC|  |TAMS 0x0000000707100000, 0x0000000707000000| Complete 
|  41|0x0000000707100000, 0x0000000707200000, 0x0000000707200000|100%|HC|  |TAMS 0x0000000707200000, 0x0000000707100000| Complete 
|  42|0x0000000707200000, 0x0000000707300000, 0x0000000707300000|100%|HS|  |TAMS 0x0000000707300000, 0x0000000707200000| Complete 
|  43|0x0000000707300000, 0x0000000707400000, 0x0000000707400000|100%|HC|  |TAMS 0x0000000707400000, 0x0000000707300000| Complete 
|  44|0x0000000707400000, 0x0000000707500000, 0x0000000707500000|100%|HS|  |TAMS 0x0000000707500000, 0x0000000707400000| Complete 
|  45|0x0000000707500000, 0x0000000707600000, 0x0000000707600000|100%|HC|  |TAMS 0x0000000707600000, 0x0000000707500000| Complete 
|  46|0x0000000707600000, 0x0000000707700000, 0x0000000707700000|100%|HS|  |TAMS 0x0000000707700000, 0x0000000707600000| Untracked 
|  47|0x0000000707700000, 0x0000000707800000, 0x0000000707800000|100%|HC|  |TAMS 0x0000000707800000, 0x0000000707700000| Untracked 
|  48|0x0000000707800000, 0x0000000707900000, 0x0000000707900000|100%| O|  |TAMS 0x0000000707900000, 0x0000000707800000| Untracked 
|  49|0x0000000707900000, 0x0000000707a00000, 0x0000000707a00000|100%| O|  |TAMS 0x0000000707a00000, 0x0000000707900000| Untracked 
|  50|0x0000000707a00000, 0x0000000707b00000, 0x0000000707b00000|100%| O|  |TAMS 0x0000000707b00000, 0x0000000707a00000| Untracked 
|  51|0x0000000707b00000, 0x0000000707c00000, 0x0000000707c00000|100%| O|  |TAMS 0x0000000707c00000, 0x0000000707b00000| Untracked 
|  52|0x0000000707c00000, 0x0000000707d00000, 0x0000000707d00000|100%| O|  |TAMS 0x0000000707d00000, 0x0000000707c00000| Untracked 
|  53|0x0000000707d00000, 0x0000000707e00000, 0x0000000707e00000|100%| O|  |TAMS 0x0000000707e00000, 0x0000000707d00000| Untracked 
|  54|0x0000000707e00000, 0x0000000707f00000, 0x0000000707f00000|100%| O|  |TAMS 0x0000000707f00000, 0x0000000707e00000| Untracked 
|  55|0x0000000707f00000, 0x0000000708000000, 0x0000000708000000|100%| O|  |TAMS 0x0000000708000000, 0x0000000707f00000| Untracked 
|  56|0x0000000708000000, 0x0000000708100000, 0x0000000708100000|100%| O|  |TAMS 0x00000007080d7000, 0x0000000708000000| Untracked 
|  57|0x0000000708100000, 0x0000000708200000, 0x0000000708200000|100%| O|  |TAMS 0x0000000708100000, 0x0000000708100000| Untracked 
|  58|0x0000000708200000, 0x0000000708300000, 0x0000000708300000|100%|HS|  |TAMS 0x0000000708200000, 0x0000000708200000| Complete 
|  59|0x0000000708300000, 0x0000000708400000, 0x0000000708400000|100%|HS|  |TAMS 0x0000000708300000, 0x0000000708300000| Complete 
|  60|0x0000000708400000, 0x0000000708500000, 0x0000000708500000|100%| O|  |TAMS 0x0000000708400000, 0x0000000708400000| Untracked 
|  61|0x0000000708500000, 0x0000000708600000, 0x0000000708600000|100%| O|  |TAMS 0x0000000708500000, 0x0000000708500000| Untracked 
|  62|0x0000000708600000, 0x0000000708700000, 0x0000000708700000|100%|HS|  |TAMS 0x0000000708600000, 0x0000000708600000| Complete 
|  63|0x0000000708700000, 0x0000000708800000, 0x0000000708800000|100%| O|  |TAMS 0x0000000708700000, 0x0000000708700000| Untracked 
|  64|0x0000000708800000, 0x0000000708900000, 0x0000000708900000|100%| O|  |TAMS 0x0000000708800000, 0x0000000708800000| Untracked 
|  65|0x0000000708900000, 0x0000000708a00000, 0x0000000708a00000|100%| O|  |TAMS 0x0000000708900000, 0x0000000708900000| Untracked 
|  66|0x0000000708a00000, 0x0000000708b00000, 0x0000000708b00000|100%| O|  |TAMS 0x0000000708a00000, 0x0000000708a00000| Untracked 
|  67|0x0000000708b00000, 0x0000000708c00000, 0x0000000708c00000|100%| O|  |TAMS 0x0000000708b00000, 0x0000000708b00000| Untracked 
|  68|0x0000000708c00000, 0x0000000708d00000, 0x0000000708d00000|100%| O|  |TAMS 0x0000000708c00000, 0x0000000708c00000| Untracked 
|  69|0x0000000708d00000, 0x0000000708e00000, 0x0000000708e00000|100%| O|  |TAMS 0x0000000708d00000, 0x0000000708d00000| Untracked 
|  70|0x0000000708e00000, 0x0000000708f00000, 0x0000000708f00000|100%| O|  |TAMS 0x0000000708e00000, 0x0000000708e00000| Untracked 
|  71|0x0000000708f00000, 0x0000000709000000, 0x0000000709000000|100%| O|  |TAMS 0x0000000708f00000, 0x0000000708f00000| Untracked 
|  72|0x0000000709000000, 0x0000000709100000, 0x0000000709100000|100%| O|  |TAMS 0x0000000709000000, 0x0000000709000000| Untracked 
|  73|0x0000000709100000, 0x0000000709200000, 0x0000000709200000|100%| O|  |TAMS 0x0000000709100000, 0x0000000709100000| Untracked 
|  74|0x0000000709200000, 0x0000000709300000, 0x0000000709300000|100%| O|  |TAMS 0x0000000709200000, 0x0000000709200000| Untracked 
|  75|0x0000000709300000, 0x0000000709400000, 0x0000000709400000|100%| O|  |TAMS 0x0000000709300000, 0x0000000709300000| Untracked 
|  76|0x0000000709400000, 0x0000000709500000, 0x0000000709500000|100%| O|  |TAMS 0x0000000709400000, 0x0000000709400000| Untracked 
|  77|0x0000000709500000, 0x0000000709600000, 0x0000000709600000|100%| O|  |TAMS 0x0000000709500000, 0x0000000709500000| Untracked 
|  78|0x0000000709600000, 0x0000000709700000, 0x0000000709700000|100%| O|  |TAMS 0x0000000709600000, 0x0000000709600000| Untracked 
|  79|0x0000000709700000, 0x0000000709800000, 0x0000000709800000|100%| O|  |TAMS 0x0000000709700000, 0x0000000709700000| Untracked 
|  80|0x0000000709800000, 0x0000000709900000, 0x0000000709900000|100%| O|  |TAMS 0x0000000709800000, 0x0000000709800000| Untracked 
|  81|0x0000000709900000, 0x0000000709a00000, 0x0000000709a00000|100%| O|  |TAMS 0x0000000709900000, 0x0000000709900000| Untracked 
|  82|0x0000000709a00000, 0x0000000709b00000, 0x0000000709b00000|100%| O|  |TAMS 0x0000000709a00000, 0x0000000709a00000| Untracked 
|  83|0x0000000709b00000, 0x0000000709c00000, 0x0000000709c00000|100%| O|  |TAMS 0x0000000709b00000, 0x0000000709b00000| Untracked 
|  84|0x0000000709c00000, 0x0000000709d00000, 0x0000000709d00000|100%| O|  |TAMS 0x0000000709c00000, 0x0000000709c00000| Untracked 
|  85|0x0000000709d00000, 0x0000000709e00000, 0x0000000709e00000|100%| O|  |TAMS 0x0000000709d00000, 0x0000000709d00000| Untracked 
|  86|0x0000000709e00000, 0x0000000709f00000, 0x0000000709f00000|100%| O|  |TAMS 0x0000000709e00000, 0x0000000709e00000| Untracked 
|  87|0x0000000709f00000, 0x000000070a000000, 0x000000070a000000|100%| O|  |TAMS 0x0000000709f00000, 0x0000000709f00000| Untracked 
|  88|0x000000070a000000, 0x000000070a100000, 0x000000070a100000|100%| O|  |TAMS 0x000000070a000000, 0x000000070a000000| Untracked 
|  89|0x000000070a100000, 0x000000070a200000, 0x000000070a200000|100%| O|  |TAMS 0x000000070a100000, 0x000000070a100000| Untracked 
|  90|0x000000070a200000, 0x000000070a300000, 0x000000070a300000|100%| O|  |TAMS 0x000000070a200000, 0x000000070a200000| Untracked 
|  91|0x000000070a300000, 0x000000070a400000, 0x000000070a400000|100%| O|  |TAMS 0x000000070a300000, 0x000000070a300000| Untracked 
|  92|0x000000070a400000, 0x000000070a500000, 0x000000070a500000|100%| O|  |TAMS 0x000000070a400000, 0x000000070a400000| Untracked 
|  93|0x000000070a500000, 0x000000070a600000, 0x000000070a600000|100%| O|  |TAMS 0x000000070a500000, 0x000000070a500000| Untracked 
|  94|0x000000070a600000, 0x000000070a700000, 0x000000070a700000|100%|HS|  |TAMS 0x000000070a600000, 0x000000070a600000| Complete 
|  95|0x000000070a700000, 0x000000070a800000, 0x000000070a800000|100%| O|  |TAMS 0x000000070a700000, 0x000000070a700000| Untracked 
|  96|0x000000070a800000, 0x000000070a900000, 0x000000070a900000|100%| O|  |TAMS 0x000000070a800000, 0x000000070a800000| Untracked 
|  97|0x000000070a900000, 0x000000070aa00000, 0x000000070aa00000|100%| O|  |TAMS 0x000000070a900000, 0x000000070a900000| Untracked 
|  98|0x000000070aa00000, 0x000000070ab00000, 0x000000070ab00000|100%| O|  |TAMS 0x000000070aa00000, 0x000000070aa00000| Untracked 
|  99|0x000000070ab00000, 0x000000070ac00000, 0x000000070ac00000|100%| O|  |TAMS 0x000000070ab00000, 0x000000070ab00000| Untracked 
| 100|0x000000070ac00000, 0x000000070ad00000, 0x000000070ad00000|100%| O|  |TAMS 0x000000070ac00000, 0x000000070ac00000| Untracked 
| 101|0x000000070ad00000, 0x000000070ae00000, 0x000000070ae00000|100%| O|  |TAMS 0x000000070ad00000, 0x000000070ad00000| Untracked 
| 102|0x000000070ae00000, 0x000000070af00000, 0x000000070af00000|100%| O|  |TAMS 0x000000070ae00000, 0x000000070ae00000| Untracked 
| 103|0x000000070af00000, 0x000000070b000000, 0x000000070b000000|100%| O|  |TAMS 0x000000070af00000, 0x000000070af00000| Untracked 
| 104|0x000000070b000000, 0x000000070b100000, 0x000000070b100000|100%| O|  |TAMS 0x000000070b000000, 0x000000070b000000| Untracked 
| 105|0x000000070b100000, 0x000000070b200000, 0x000000070b200000|100%| O|  |TAMS 0x000000070b100000, 0x000000070b100000| Untracked 
| 106|0x000000070b200000, 0x000000070b300000, 0x000000070b300000|100%| O|  |TAMS 0x000000070b200000, 0x000000070b200000| Untracked 
| 107|0x000000070b300000, 0x000000070b400000, 0x000000070b400000|100%| O|  |TAMS 0x000000070b300000, 0x000000070b300000| Untracked 
| 108|0x000000070b400000, 0x000000070b500000, 0x000000070b500000|100%| O|  |TAMS 0x000000070b400000, 0x000000070b400000| Untracked 
| 109|0x000000070b500000, 0x000000070b600000, 0x000000070b600000|100%| O|  |TAMS 0x000000070b500000, 0x000000070b500000| Untracked 
| 110|0x000000070b600000, 0x000000070b700000, 0x000000070b700000|100%| O|  |TAMS 0x000000070b600000, 0x000000070b600000| Untracked 
| 111|0x000000070b700000, 0x000000070b800000, 0x000000070b800000|100%| O|  |TAMS 0x000000070b700000, 0x000000070b700000| Untracked 
| 112|0x000000070b800000, 0x000000070b900000, 0x000000070b900000|100%|HS|  |TAMS 0x000000070b800000, 0x000000070b800000| Complete 
| 113|0x000000070b900000, 0x000000070ba00000, 0x000000070ba00000|100%|HC|  |TAMS 0x000000070b900000, 0x000000070b900000| Complete 
| 114|0x000000070ba00000, 0x000000070bb00000, 0x000000070bb00000|100%|HS|  |TAMS 0x000000070ba00000, 0x000000070ba00000| Complete 
| 115|0x000000070bb00000, 0x000000070bc00000, 0x000000070bc00000|100%|HC|  |TAMS 0x000000070bb00000, 0x000000070bb00000| Complete 
| 116|0x000000070bc00000, 0x000000070bd00000, 0x000000070bd00000|100%|HS|  |TAMS 0x000000070bc00000, 0x000000070bc00000| Complete 
| 117|0x000000070bd00000, 0x000000070be00000, 0x000000070be00000|100%|HC|  |TAMS 0x000000070bd00000, 0x000000070bd00000| Complete 
| 118|0x000000070be00000, 0x000000070bf00000, 0x000000070bf00000|100%|HS|  |TAMS 0x000000070be00000, 0x000000070be00000| Complete 
| 119|0x000000070bf00000, 0x000000070c000000, 0x000000070c000000|100%|HC|  |TAMS 0x000000070bf00000, 0x000000070bf00000| Complete 
| 120|0x000000070c000000, 0x000000070c100000, 0x000000070c100000|100%|HC|  |TAMS 0x000000070c000000, 0x000000070c000000| Complete 
| 121|0x000000070c100000, 0x000000070c200000, 0x000000070c200000|100%|HC|  |TAMS 0x000000070c100000, 0x000000070c100000| Complete 
| 122|0x000000070c200000, 0x000000070c300000, 0x000000070c300000|100%|HC|  |TAMS 0x000000070c200000, 0x000000070c200000| Complete 
| 123|0x000000070c300000, 0x000000070c400000, 0x000000070c400000|100%| O|  |TAMS 0x000000070c300000, 0x000000070c300000| Untracked 
| 124|0x000000070c400000, 0x000000070c500000, 0x000000070c500000|100%| O|  |TAMS 0x000000070c400000, 0x000000070c400000| Untracked 
| 125|0x000000070c500000, 0x000000070c600000, 0x000000070c600000|100%| O|  |TAMS 0x000000070c500000, 0x000000070c500000| Untracked 
| 126|0x000000070c600000, 0x000000070c700000, 0x000000070c700000|100%| O|  |TAMS 0x000000070c600000, 0x000000070c600000| Untracked 
| 127|0x000000070c700000, 0x000000070c800000, 0x000000070c800000|100%| O|  |TAMS 0x000000070c700000, 0x000000070c700000| Untracked 
| 128|0x000000070c800000, 0x000000070c828200, 0x000000070c900000| 15%| O|  |TAMS 0x000000070c800000, 0x000000070c800000| Untracked 
| 129|0x000000070c900000, 0x000000070ca00000, 0x000000070ca00000|100%|HS|  |TAMS 0x000000070c900000, 0x000000070c900000| Complete 
| 130|0x000000070ca00000, 0x000000070cb00000, 0x000000070cb00000|100%|HC|  |TAMS 0x000000070ca00000, 0x000000070ca00000| Complete 
| 131|0x000000070cb00000, 0x000000070cc00000, 0x000000070cc00000|100%|HS|  |TAMS 0x000000070cb00000, 0x000000070cb00000| Complete 
| 132|0x000000070cc00000, 0x000000070cd00000, 0x000000070cd00000|100%|HC|  |TAMS 0x000000070cc00000, 0x000000070cc00000| Complete 
| 133|0x000000070cd00000, 0x000000070ce00000, 0x000000070ce00000|100%|HS|  |TAMS 0x000000070cd00000, 0x000000070cd00000| Complete 
| 134|0x000000070ce00000, 0x000000070cf00000, 0x000000070cf00000|100%|HC|  |TAMS 0x000000070ce00000, 0x000000070ce00000| Complete 
| 135|0x000000070cf00000, 0x000000070d000000, 0x000000070d000000|100%|HS|  |TAMS 0x000000070cf00000, 0x000000070cf00000| Complete 
| 136|0x000000070d000000, 0x000000070d100000, 0x000000070d100000|100%|HC|  |TAMS 0x000000070d000000, 0x000000070d000000| Complete 
| 137|0x000000070d100000, 0x000000070d200000, 0x000000070d200000|100%|HS|  |TAMS 0x000000070d100000, 0x000000070d100000| Complete 
| 138|0x000000070d200000, 0x000000070d300000, 0x000000070d300000|100%|HC|  |TAMS 0x000000070d200000, 0x000000070d200000| Complete 
| 139|0x000000070d300000, 0x000000070d400000, 0x000000070d400000|100%|HS|  |TAMS 0x000000070d300000, 0x000000070d300000| Complete 
| 140|0x000000070d400000, 0x000000070d500000, 0x000000070d500000|100%|HC|  |TAMS 0x000000070d400000, 0x000000070d400000| Complete 
| 141|0x000000070d500000, 0x000000070d600000, 0x000000070d600000|100%|HS|  |TAMS 0x000000070d500000, 0x000000070d500000| Complete 
| 142|0x000000070d600000, 0x000000070d700000, 0x000000070d700000|100%|HC|  |TAMS 0x000000070d600000, 0x000000070d600000| Complete 
| 143|0x000000070d700000, 0x000000070d800000, 0x000000070d800000|100%|HC|  |TAMS 0x000000070d700000, 0x000000070d700000| Complete 
| 144|0x000000070d800000, 0x000000070d900000, 0x000000070d900000|100%|HC|  |TAMS 0x000000070d800000, 0x000000070d800000| Complete 
| 145|0x000000070d900000, 0x000000070da00000, 0x000000070da00000|100%|HC|  |TAMS 0x000000070d900000, 0x000000070d900000| Complete 
| 146|0x000000070da00000, 0x000000070db00000, 0x000000070db00000|100%|HC|  |TAMS 0x000000070da00000, 0x000000070da00000| Complete 
| 147|0x000000070db00000, 0x000000070dc00000, 0x000000070dc00000|100%|HS|  |TAMS 0x000000070db00000, 0x000000070db00000| Complete 
| 148|0x000000070dc00000, 0x000000070dd00000, 0x000000070dd00000|100%|HC|  |TAMS 0x000000070dc00000, 0x000000070dc00000| Complete 
| 149|0x000000070dd00000, 0x000000070de00000, 0x000000070de00000|100%|HS|  |TAMS 0x000000070dd00000, 0x000000070dd00000| Complete 
| 150|0x000000070de00000, 0x000000070df00000, 0x000000070df00000|100%|HC|  |TAMS 0x000000070de00000, 0x000000070de00000| Complete 
| 151|0x000000070df00000, 0x000000070e000000, 0x000000070e000000|100%|HS|  |TAMS 0x000000070df00000, 0x000000070df00000| Complete 
| 152|0x000000070e000000, 0x000000070e100000, 0x000000070e100000|100%|HS|  |TAMS 0x000000070e000000, 0x000000070e000000| Complete 
| 153|0x000000070e100000, 0x000000070e200000, 0x000000070e200000|100%|HS|  |TAMS 0x000000070e100000, 0x000000070e100000| Complete 
| 154|0x000000070e200000, 0x000000070e200000, 0x000000070e300000|  0%| F|  |TAMS 0x000000070e200000, 0x000000070e200000| Untracked 
| 155|0x000000070e300000, 0x000000070e300000, 0x000000070e400000|  0%| F|  |TAMS 0x000000070e300000, 0x000000070e300000| Untracked 
| 156|0x000000070e400000, 0x000000070e400000, 0x000000070e500000|  0%| F|  |TAMS 0x000000070e400000, 0x000000070e400000| Untracked 
| 157|0x000000070e500000, 0x000000070e500000, 0x000000070e600000|  0%| F|  |TAMS 0x000000070e500000, 0x000000070e500000| Untracked 
| 158|0x000000070e600000, 0x000000070e600000, 0x000000070e700000|  0%| F|  |TAMS 0x000000070e600000, 0x000000070e600000| Untracked 
| 159|0x000000070e700000, 0x000000070e700000, 0x000000070e800000|  0%| F|  |TAMS 0x000000070e700000, 0x000000070e700000| Untracked 
| 160|0x000000070e800000, 0x000000070e800000, 0x000000070e900000|  0%| F|  |TAMS 0x000000070e800000, 0x000000070e800000| Untracked 
| 161|0x000000070e900000, 0x000000070e900000, 0x000000070ea00000|  0%| F|  |TAMS 0x000000070e900000, 0x000000070e900000| Untracked 
| 162|0x000000070ea00000, 0x000000070ea00000, 0x000000070eb00000|  0%| F|  |TAMS 0x000000070ea00000, 0x000000070ea00000| Untracked 
| 163|0x000000070eb00000, 0x000000070eb00000, 0x000000070ec00000|  0%| F|  |TAMS 0x000000070eb00000, 0x000000070eb00000| Untracked 
| 164|0x000000070ec00000, 0x000000070ec00000, 0x000000070ed00000|  0%| F|  |TAMS 0x000000070ec00000, 0x000000070ec00000| Untracked 
| 165|0x000000070ed00000, 0x000000070ed00000, 0x000000070ee00000|  0%| F|  |TAMS 0x000000070ed00000, 0x000000070ed00000| Untracked 
| 166|0x000000070ee00000, 0x000000070ee00000, 0x000000070ef00000|  0%| F|  |TAMS 0x000000070ee00000, 0x000000070ee00000| Untracked 
| 167|0x000000070ef00000, 0x000000070ef00000, 0x000000070f000000|  0%| F|  |TAMS 0x000000070ef00000, 0x000000070ef00000| Untracked 
| 168|0x000000070f000000, 0x000000070f000000, 0x000000070f100000|  0%| F|  |TAMS 0x000000070f000000, 0x000000070f000000| Untracked 
| 169|0x000000070f100000, 0x000000070f100000, 0x000000070f200000|  0%| F|  |TAMS 0x000000070f100000, 0x000000070f100000| Untracked 
| 170|0x000000070f200000, 0x000000070f200000, 0x000000070f300000|  0%| F|  |TAMS 0x000000070f200000, 0x000000070f200000| Untracked 
| 171|0x000000070f300000, 0x000000070f300000, 0x000000070f400000|  0%| F|  |TAMS 0x000000070f300000, 0x000000070f300000| Untracked 
| 172|0x000000070f400000, 0x000000070f400000, 0x000000070f500000|  0%| F|  |TAMS 0x000000070f400000, 0x000000070f400000| Untracked 
| 173|0x000000070f500000, 0x000000070f500000, 0x000000070f600000|  0%| F|  |TAMS 0x000000070f500000, 0x000000070f500000| Untracked 
| 174|0x000000070f600000, 0x000000070f600000, 0x000000070f700000|  0%| F|  |TAMS 0x000000070f600000, 0x000000070f600000| Untracked 
| 175|0x000000070f700000, 0x000000070f700000, 0x000000070f800000|  0%| F|  |TAMS 0x000000070f700000, 0x000000070f700000| Untracked 
| 176|0x000000070f800000, 0x000000070f800000, 0x000000070f900000|  0%| F|  |TAMS 0x000000070f800000, 0x000000070f800000| Untracked 
| 177|0x000000070f900000, 0x000000070fa00000, 0x000000070fa00000|100%| S|CS|TAMS 0x000000070f900000, 0x000000070f900000| Complete 
| 178|0x000000070fa00000, 0x000000070fa00000, 0x000000070fb00000|  0%| F|  |TAMS 0x000000070fa00000, 0x000000070fa00000| Untracked 
| 179|0x000000070fb00000, 0x000000070fb00000, 0x000000070fc00000|  0%| F|  |TAMS 0x000000070fb00000, 0x000000070fb00000| Untracked 
| 180|0x000000070fc00000, 0x000000070fc00000, 0x000000070fd00000|  0%| F|  |TAMS 0x000000070fc00000, 0x000000070fc00000| Untracked 
| 181|0x000000070fd00000, 0x000000070fd00000, 0x000000070fe00000|  0%| F|  |TAMS 0x000000070fd00000, 0x000000070fd00000| Untracked 
| 182|0x000000070fe00000, 0x000000070fe00000, 0x000000070ff00000|  0%| F|  |TAMS 0x000000070fe00000, 0x000000070fe00000| Untracked 
| 183|0x000000070ff00000, 0x000000070ff00000, 0x0000000710000000|  0%| F|  |TAMS 0x000000070ff00000, 0x000000070ff00000| Untracked 
| 184|0x0000000710000000, 0x0000000710000000, 0x0000000710100000|  0%| F|  |TAMS 0x0000000710000000, 0x0000000710000000| Untracked 
| 185|0x0000000710100000, 0x0000000710100000, 0x0000000710200000|  0%| F|  |TAMS 0x0000000710100000, 0x0000000710100000| Untracked 
| 186|0x0000000710200000, 0x0000000710200000, 0x0000000710300000|  0%| F|  |TAMS 0x0000000710200000, 0x0000000710200000| Untracked 
| 187|0x0000000710300000, 0x0000000710300000, 0x0000000710400000|  0%| F|  |TAMS 0x0000000710300000, 0x0000000710300000| Untracked 
| 188|0x0000000710400000, 0x0000000710500000, 0x0000000710500000|100%| S|CS|TAMS 0x0000000710400000, 0x0000000710400000| Complete 
| 189|0x0000000710500000, 0x0000000710600000, 0x0000000710600000|100%| S|CS|TAMS 0x0000000710500000, 0x0000000710500000| Complete 
| 190|0x0000000710600000, 0x0000000710700000, 0x0000000710700000|100%| S|CS|TAMS 0x0000000710600000, 0x0000000710600000| Complete 
| 191|0x0000000710700000, 0x0000000710800000, 0x0000000710800000|100%| S|CS|TAMS 0x0000000710700000, 0x0000000710700000| Complete 
| 192|0x0000000710800000, 0x0000000710900000, 0x0000000710900000|100%| S|CS|TAMS 0x0000000710800000, 0x0000000710800000| Complete 
| 193|0x0000000710900000, 0x0000000710a00000, 0x0000000710a00000|100%| S|CS|TAMS 0x0000000710900000, 0x0000000710900000| Complete 
| 194|0x0000000710a00000, 0x0000000710b00000, 0x0000000710b00000|100%| S|CS|TAMS 0x0000000710a00000, 0x0000000710a00000| Complete 
| 195|0x0000000710b00000, 0x0000000710c00000, 0x0000000710c00000|100%| S|CS|TAMS 0x0000000710b00000, 0x0000000710b00000| Complete 
| 196|0x0000000710c00000, 0x0000000710d00000, 0x0000000710d00000|100%| S|CS|TAMS 0x0000000710c00000, 0x0000000710c00000| Complete 
| 197|0x0000000710d00000, 0x0000000710d00000, 0x0000000710e00000|  0%| F|  |TAMS 0x0000000710d00000, 0x0000000710d00000| Untracked 
| 198|0x0000000710e00000, 0x0000000710e00000, 0x0000000710f00000|  0%| F|  |TAMS 0x0000000710e00000, 0x0000000710e00000| Untracked 
| 199|0x0000000710f00000, 0x0000000710f00000, 0x0000000711000000|  0%| F|  |TAMS 0x0000000710f00000, 0x0000000710f00000| Untracked 
| 200|0x0000000711000000, 0x0000000711000000, 0x0000000711100000|  0%| F|  |TAMS 0x0000000711000000, 0x0000000711000000| Untracked 
| 201|0x0000000711100000, 0x0000000711100000, 0x0000000711200000|  0%| F|  |TAMS 0x0000000711100000, 0x0000000711100000| Untracked 
| 202|0x0000000711200000, 0x0000000711200000, 0x0000000711300000|  0%| F|  |TAMS 0x0000000711200000, 0x0000000711200000| Untracked 
| 203|0x0000000711300000, 0x0000000711300000, 0x0000000711400000|  0%| F|  |TAMS 0x0000000711300000, 0x0000000711300000| Untracked 
| 204|0x0000000711400000, 0x0000000711400000, 0x0000000711500000|  0%| F|  |TAMS 0x0000000711400000, 0x0000000711400000| Untracked 
| 205|0x0000000711500000, 0x0000000711500000, 0x0000000711600000|  0%| F|  |TAMS 0x0000000711500000, 0x0000000711500000| Untracked 
| 206|0x0000000711600000, 0x0000000711600000, 0x0000000711700000|  0%| F|  |TAMS 0x0000000711600000, 0x0000000711600000| Untracked 
| 207|0x0000000711700000, 0x0000000711700000, 0x0000000711800000|  0%| F|  |TAMS 0x0000000711700000, 0x0000000711700000| Untracked 
| 208|0x0000000711800000, 0x0000000711800000, 0x0000000711900000|  0%| F|  |TAMS 0x0000000711800000, 0x0000000711800000| Untracked 
| 209|0x0000000711900000, 0x0000000711900000, 0x0000000711a00000|  0%| F|  |TAMS 0x0000000711900000, 0x0000000711900000| Untracked 
| 210|0x0000000711a00000, 0x0000000711a00000, 0x0000000711b00000|  0%| F|  |TAMS 0x0000000711a00000, 0x0000000711a00000| Untracked 
| 211|0x0000000711b00000, 0x0000000711b00000, 0x0000000711c00000|  0%| F|  |TAMS 0x0000000711b00000, 0x0000000711b00000| Untracked 
| 212|0x0000000711c00000, 0x0000000711c00000, 0x0000000711d00000|  0%| F|  |TAMS 0x0000000711c00000, 0x0000000711c00000| Untracked 
| 213|0x0000000711d00000, 0x0000000711d00000, 0x0000000711e00000|  0%| F|  |TAMS 0x0000000711d00000, 0x0000000711d00000| Untracked 
| 214|0x0000000711e00000, 0x0000000711ebad20, 0x0000000711f00000| 72%| E|  |TAMS 0x0000000711e00000, 0x0000000711e00000| Complete 
| 215|0x0000000711f00000, 0x0000000712000000, 0x0000000712000000|100%| E|CS|TAMS 0x0000000711f00000, 0x0000000711f00000| Complete 
| 216|0x0000000712000000, 0x0000000712100000, 0x0000000712100000|100%| E|CS|TAMS 0x0000000712000000, 0x0000000712000000| Complete 
| 217|0x0000000712100000, 0x0000000712200000, 0x0000000712200000|100%| E|CS|TAMS 0x0000000712100000, 0x0000000712100000| Complete 
| 218|0x0000000712200000, 0x0000000712300000, 0x0000000712300000|100%| E|CS|TAMS 0x0000000712200000, 0x0000000712200000| Complete 
| 219|0x0000000712300000, 0x0000000712400000, 0x0000000712400000|100%| E|CS|TAMS 0x0000000712300000, 0x0000000712300000| Complete 
| 220|0x0000000712400000, 0x0000000712500000, 0x0000000712500000|100%| E|CS|TAMS 0x0000000712400000, 0x0000000712400000| Complete 
| 221|0x0000000712500000, 0x0000000712600000, 0x0000000712600000|100%| E|CS|TAMS 0x0000000712500000, 0x0000000712500000| Complete 
| 222|0x0000000712600000, 0x0000000712700000, 0x0000000712700000|100%| E|CS|TAMS 0x0000000712600000, 0x0000000712600000| Complete 
| 223|0x0000000712700000, 0x0000000712800000, 0x0000000712800000|100%| E|CS|TAMS 0x0000000712700000, 0x0000000712700000| Complete 
| 224|0x0000000712800000, 0x0000000712900000, 0x0000000712900000|100%| E|CS|TAMS 0x0000000712800000, 0x0000000712800000| Complete 
| 225|0x0000000712900000, 0x0000000712a00000, 0x0000000712a00000|100%| E|CS|TAMS 0x0000000712900000, 0x0000000712900000| Complete 
| 226|0x0000000712a00000, 0x0000000712b00000, 0x0000000712b00000|100%| E|CS|TAMS 0x0000000712a00000, 0x0000000712a00000| Complete 
| 227|0x0000000712b00000, 0x0000000712c00000, 0x0000000712c00000|100%| E|CS|TAMS 0x0000000712b00000, 0x0000000712b00000| Complete 
| 228|0x0000000712c00000, 0x0000000712d00000, 0x0000000712d00000|100%| E|CS|TAMS 0x0000000712c00000, 0x0000000712c00000| Complete 
| 229|0x0000000712d00000, 0x0000000712e00000, 0x0000000712e00000|100%| E|CS|TAMS 0x0000000712d00000, 0x0000000712d00000| Complete 
| 230|0x0000000712e00000, 0x0000000712f00000, 0x0000000712f00000|100%| E|  |TAMS 0x0000000712e00000, 0x0000000712e00000| Complete 
| 231|0x0000000712f00000, 0x0000000713000000, 0x0000000713000000|100%| E|CS|TAMS 0x0000000712f00000, 0x0000000712f00000| Complete 
| 232|0x0000000713000000, 0x0000000713100000, 0x0000000713100000|100%| E|CS|TAMS 0x0000000713000000, 0x0000000713000000| Complete 
| 233|0x0000000713100000, 0x0000000713200000, 0x0000000713200000|100%| E|CS|TAMS 0x0000000713100000, 0x0000000713100000| Complete 
| 234|0x0000000713200000, 0x0000000713300000, 0x0000000713300000|100%| E|CS|TAMS 0x0000000713200000, 0x0000000713200000| Complete 
| 235|0x0000000713300000, 0x0000000713400000, 0x0000000713400000|100%| E|CS|TAMS 0x0000000713300000, 0x0000000713300000| Complete 
| 236|0x0000000713400000, 0x0000000713500000, 0x0000000713500000|100%| E|CS|TAMS 0x0000000713400000, 0x0000000713400000| Complete 
| 237|0x0000000713500000, 0x0000000713600000, 0x0000000713600000|100%| E|CS|TAMS 0x0000000713500000, 0x0000000713500000| Complete 
| 238|0x0000000713600000, 0x0000000713700000, 0x0000000713700000|100%| E|CS|TAMS 0x0000000713600000, 0x0000000713600000| Complete 
| 239|0x0000000713700000, 0x0000000713800000, 0x0000000713800000|100%| E|CS|TAMS 0x0000000713700000, 0x0000000713700000| Complete 
| 240|0x0000000713800000, 0x0000000713900000, 0x0000000713900000|100%| E|CS|TAMS 0x0000000713800000, 0x0000000713800000| Complete 
| 241|0x0000000713900000, 0x0000000713a00000, 0x0000000713a00000|100%| E|CS|TAMS 0x0000000713900000, 0x0000000713900000| Complete 
| 242|0x0000000713a00000, 0x0000000713b00000, 0x0000000713b00000|100%| E|CS|TAMS 0x0000000713a00000, 0x0000000713a00000| Complete 
| 243|0x0000000713b00000, 0x0000000713c00000, 0x0000000713c00000|100%| E|CS|TAMS 0x0000000713b00000, 0x0000000713b00000| Complete 
| 244|0x0000000713c00000, 0x0000000713d00000, 0x0000000713d00000|100%| E|CS|TAMS 0x0000000713c00000, 0x0000000713c00000| Complete 
| 245|0x0000000713d00000, 0x0000000713e00000, 0x0000000713e00000|100%| E|CS|TAMS 0x0000000713d00000, 0x0000000713d00000| Complete 
| 246|0x0000000713e00000, 0x0000000713f00000, 0x0000000713f00000|100%| E|CS|TAMS 0x0000000713e00000, 0x0000000713e00000| Complete 
| 247|0x0000000713f00000, 0x0000000714000000, 0x0000000714000000|100%| E|CS|TAMS 0x0000000713f00000, 0x0000000713f00000| Complete 
| 248|0x0000000714000000, 0x0000000714100000, 0x0000000714100000|100%| E|CS|TAMS 0x0000000714000000, 0x0000000714000000| Complete 
| 249|0x0000000714100000, 0x0000000714200000, 0x0000000714200000|100%| E|CS|TAMS 0x0000000714100000, 0x0000000714100000| Complete 
| 250|0x0000000714200000, 0x0000000714300000, 0x0000000714300000|100%| E|CS|TAMS 0x0000000714200000, 0x0000000714200000| Complete 
| 251|0x0000000714300000, 0x0000000714400000, 0x0000000714400000|100%| E|CS|TAMS 0x0000000714300000, 0x0000000714300000| Complete 
| 252|0x0000000714400000, 0x0000000714500000, 0x0000000714500000|100%| E|CS|TAMS 0x0000000714400000, 0x0000000714400000| Complete 
| 253|0x0000000714500000, 0x0000000714600000, 0x0000000714600000|100%| E|CS|TAMS 0x0000000714500000, 0x0000000714500000| Complete 
| 254|0x0000000714600000, 0x0000000714700000, 0x0000000714700000|100%| E|CS|TAMS 0x0000000714600000, 0x0000000714600000| Complete 
| 255|0x0000000714700000, 0x0000000714800000, 0x0000000714800000|100%| E|CS|TAMS 0x0000000714700000, 0x0000000714700000| Complete 
| 256|0x0000000714800000, 0x0000000714900000, 0x0000000714900000|100%| E|CS|TAMS 0x0000000714800000, 0x0000000714800000| Complete 
| 257|0x0000000714900000, 0x0000000714a00000, 0x0000000714a00000|100%| E|CS|TAMS 0x0000000714900000, 0x0000000714900000| Complete 
| 258|0x0000000714a00000, 0x0000000714b00000, 0x0000000714b00000|100%| E|CS|TAMS 0x0000000714a00000, 0x0000000714a00000| Complete 
| 259|0x0000000714b00000, 0x0000000714c00000, 0x0000000714c00000|100%| E|CS|TAMS 0x0000000714b00000, 0x0000000714b00000| Complete 
| 260|0x0000000714c00000, 0x0000000714d00000, 0x0000000714d00000|100%| E|CS|TAMS 0x0000000714c00000, 0x0000000714c00000| Complete 
| 261|0x0000000714d00000, 0x0000000714e00000, 0x0000000714e00000|100%| E|CS|TAMS 0x0000000714d00000, 0x0000000714d00000| Complete 
| 262|0x0000000714e00000, 0x0000000714f00000, 0x0000000714f00000|100%| E|CS|TAMS 0x0000000714e00000, 0x0000000714e00000| Complete 
| 263|0x0000000714f00000, 0x0000000715000000, 0x0000000715000000|100%| E|CS|TAMS 0x0000000714f00000, 0x0000000714f00000| Complete 
| 264|0x0000000715000000, 0x0000000715100000, 0x0000000715100000|100%| E|CS|TAMS 0x0000000715000000, 0x0000000715000000| Complete 
| 265|0x0000000715100000, 0x0000000715200000, 0x0000000715200000|100%| E|CS|TAMS 0x0000000715100000, 0x0000000715100000| Complete 
| 266|0x0000000715200000, 0x0000000715300000, 0x0000000715300000|100%| E|CS|TAMS 0x0000000715200000, 0x0000000715200000| Complete 
| 267|0x0000000715300000, 0x0000000715400000, 0x0000000715400000|100%| E|CS|TAMS 0x0000000715300000, 0x0000000715300000| Complete 
| 268|0x0000000715400000, 0x0000000715500000, 0x0000000715500000|100%| E|CS|TAMS 0x0000000715400000, 0x0000000715400000| Complete 
| 269|0x0000000715500000, 0x0000000715600000, 0x0000000715600000|100%| E|CS|TAMS 0x0000000715500000, 0x0000000715500000| Complete 
| 270|0x0000000715600000, 0x0000000715700000, 0x0000000715700000|100%| E|CS|TAMS 0x0000000715600000, 0x0000000715600000| Complete 
| 271|0x0000000715700000, 0x0000000715800000, 0x0000000715800000|100%| E|CS|TAMS 0x0000000715700000, 0x0000000715700000| Complete 
| 272|0x0000000715800000, 0x0000000715900000, 0x0000000715900000|100%| E|CS|TAMS 0x0000000715800000, 0x0000000715800000| Complete 
| 273|0x0000000715900000, 0x0000000715a00000, 0x0000000715a00000|100%| E|CS|TAMS 0x0000000715900000, 0x0000000715900000| Complete 
| 274|0x0000000715a00000, 0x0000000715b00000, 0x0000000715b00000|100%| E|CS|TAMS 0x0000000715a00000, 0x0000000715a00000| Complete 
| 275|0x0000000715b00000, 0x0000000715c00000, 0x0000000715c00000|100%| E|CS|TAMS 0x0000000715b00000, 0x0000000715b00000| Complete 
| 276|0x0000000715c00000, 0x0000000715d00000, 0x0000000715d00000|100%| E|CS|TAMS 0x0000000715c00000, 0x0000000715c00000| Complete 
| 277|0x0000000715d00000, 0x0000000715e00000, 0x0000000715e00000|100%| E|CS|TAMS 0x0000000715d00000, 0x0000000715d00000| Complete 
| 278|0x0000000715e00000, 0x0000000715f00000, 0x0000000715f00000|100%| E|CS|TAMS 0x0000000715e00000, 0x0000000715e00000| Complete 
| 279|0x0000000715f00000, 0x0000000716000000, 0x0000000716000000|100%| E|CS|TAMS 0x0000000715f00000, 0x0000000715f00000| Complete 
| 280|0x0000000716000000, 0x0000000716100000, 0x0000000716100000|100%| E|CS|TAMS 0x0000000716000000, 0x0000000716000000| Complete 
| 281|0x0000000716100000, 0x0000000716200000, 0x0000000716200000|100%| E|CS|TAMS 0x0000000716100000, 0x0000000716100000| Complete 
| 282|0x0000000716200000, 0x0000000716300000, 0x0000000716300000|100%| E|CS|TAMS 0x0000000716200000, 0x0000000716200000| Complete 
| 283|0x0000000716300000, 0x0000000716400000, 0x0000000716400000|100%| E|CS|TAMS 0x0000000716300000, 0x0000000716300000| Complete 
| 284|0x0000000716400000, 0x0000000716500000, 0x0000000716500000|100%| E|CS|TAMS 0x0000000716400000, 0x0000000716400000| Complete 
| 285|0x0000000716500000, 0x0000000716600000, 0x0000000716600000|100%| E|CS|TAMS 0x0000000716500000, 0x0000000716500000| Complete 
| 286|0x0000000716600000, 0x0000000716700000, 0x0000000716700000|100%| E|CS|TAMS 0x0000000716600000, 0x0000000716600000| Complete 
| 287|0x0000000716700000, 0x0000000716800000, 0x0000000716800000|100%| E|CS|TAMS 0x0000000716700000, 0x0000000716700000| Complete 
| 288|0x0000000716800000, 0x0000000716900000, 0x0000000716900000|100%| E|CS|TAMS 0x0000000716800000, 0x0000000716800000| Complete 
| 289|0x0000000716900000, 0x0000000716a00000, 0x0000000716a00000|100%| E|CS|TAMS 0x0000000716900000, 0x0000000716900000| Complete 
| 290|0x0000000716a00000, 0x0000000716b00000, 0x0000000716b00000|100%| E|CS|TAMS 0x0000000716a00000, 0x0000000716a00000| Complete 
| 291|0x0000000716b00000, 0x0000000716c00000, 0x0000000716c00000|100%| E|CS|TAMS 0x0000000716b00000, 0x0000000716b00000| Complete 
| 292|0x0000000716c00000, 0x0000000716d00000, 0x0000000716d00000|100%| E|CS|TAMS 0x0000000716c00000, 0x0000000716c00000| Complete 
| 293|0x0000000716d00000, 0x0000000716e00000, 0x0000000716e00000|100%| E|CS|TAMS 0x0000000716d00000, 0x0000000716d00000| Complete 
| 294|0x0000000716e00000, 0x0000000716f00000, 0x0000000716f00000|100%| E|CS|TAMS 0x0000000716e00000, 0x0000000716e00000| Complete 
| 295|0x0000000716f00000, 0x0000000717000000, 0x0000000717000000|100%| E|CS|TAMS 0x0000000716f00000, 0x0000000716f00000| Complete 
| 296|0x0000000717000000, 0x0000000717100000, 0x0000000717100000|100%| E|CS|TAMS 0x0000000717000000, 0x0000000717000000| Complete 
| 297|0x0000000717100000, 0x0000000717200000, 0x0000000717200000|100%| E|CS|TAMS 0x0000000717100000, 0x0000000717100000| Complete 
| 298|0x0000000717200000, 0x0000000717300000, 0x0000000717300000|100%| E|CS|TAMS 0x0000000717200000, 0x0000000717200000| Complete 
| 299|0x0000000717300000, 0x0000000717400000, 0x0000000717400000|100%| E|CS|TAMS 0x0000000717300000, 0x0000000717300000| Complete 
| 300|0x0000000717400000, 0x0000000717500000, 0x0000000717500000|100%| E|CS|TAMS 0x0000000717400000, 0x0000000717400000| Complete 
| 301|0x0000000717500000, 0x0000000717600000, 0x0000000717600000|100%| E|CS|TAMS 0x0000000717500000, 0x0000000717500000| Complete 
| 302|0x0000000717600000, 0x0000000717700000, 0x0000000717700000|100%| E|CS|TAMS 0x0000000717600000, 0x0000000717600000| Complete 
| 303|0x0000000717700000, 0x0000000717800000, 0x0000000717800000|100%| E|CS|TAMS 0x0000000717700000, 0x0000000717700000| Complete 
| 304|0x0000000717800000, 0x0000000717900000, 0x0000000717900000|100%| E|CS|TAMS 0x0000000717800000, 0x0000000717800000| Complete 
| 305|0x0000000717900000, 0x0000000717a00000, 0x0000000717a00000|100%| E|CS|TAMS 0x0000000717900000, 0x0000000717900000| Complete 
| 306|0x0000000717a00000, 0x0000000717b00000, 0x0000000717b00000|100%| E|CS|TAMS 0x0000000717a00000, 0x0000000717a00000| Complete 
| 307|0x0000000717b00000, 0x0000000717c00000, 0x0000000717c00000|100%| E|CS|TAMS 0x0000000717b00000, 0x0000000717b00000| Complete 
| 308|0x0000000717c00000, 0x0000000717d00000, 0x0000000717d00000|100%| E|CS|TAMS 0x0000000717c00000, 0x0000000717c00000| Complete 
| 309|0x0000000717d00000, 0x0000000717e00000, 0x0000000717e00000|100%| E|CS|TAMS 0x0000000717d00000, 0x0000000717d00000| Complete 
| 310|0x0000000717e00000, 0x0000000717f00000, 0x0000000717f00000|100%| E|CS|TAMS 0x0000000717e00000, 0x0000000717e00000| Complete 
| 311|0x0000000717f00000, 0x0000000718000000, 0x0000000718000000|100%| E|CS|TAMS 0x0000000717f00000, 0x0000000717f00000| Complete 
| 312|0x0000000718000000, 0x0000000718100000, 0x0000000718100000|100%| E|CS|TAMS 0x0000000718000000, 0x0000000718000000| Complete 
| 313|0x0000000718100000, 0x0000000718200000, 0x0000000718200000|100%| E|CS|TAMS 0x0000000718100000, 0x0000000718100000| Complete 
| 314|0x0000000718200000, 0x0000000718300000, 0x0000000718300000|100%| E|CS|TAMS 0x0000000718200000, 0x0000000718200000| Complete 
| 315|0x0000000718300000, 0x0000000718400000, 0x0000000718400000|100%| E|CS|TAMS 0x0000000718300000, 0x0000000718300000| Complete 
| 316|0x0000000718400000, 0x0000000718500000, 0x0000000718500000|100%| E|CS|TAMS 0x0000000718400000, 0x0000000718400000| Complete 
| 317|0x0000000718500000, 0x0000000718600000, 0x0000000718600000|100%| E|CS|TAMS 0x0000000718500000, 0x0000000718500000| Complete 
| 318|0x0000000718600000, 0x0000000718700000, 0x0000000718700000|100%| E|CS|TAMS 0x0000000718600000, 0x0000000718600000| Complete 
| 319|0x0000000718700000, 0x0000000718800000, 0x0000000718800000|100%| E|CS|TAMS 0x0000000718700000, 0x0000000718700000| Complete 
| 320|0x0000000718800000, 0x0000000718900000, 0x0000000718900000|100%| E|CS|TAMS 0x0000000718800000, 0x0000000718800000| Complete 
| 321|0x0000000718900000, 0x0000000718a00000, 0x0000000718a00000|100%| E|CS|TAMS 0x0000000718900000, 0x0000000718900000| Complete 
| 322|0x0000000718a00000, 0x0000000718b00000, 0x0000000718b00000|100%| E|CS|TAMS 0x0000000718a00000, 0x0000000718a00000| Complete 
| 323|0x0000000718b00000, 0x0000000718c00000, 0x0000000718c00000|100%| E|CS|TAMS 0x0000000718b00000, 0x0000000718b00000| Complete 
| 324|0x0000000718c00000, 0x0000000718d00000, 0x0000000718d00000|100%| E|CS|TAMS 0x0000000718c00000, 0x0000000718c00000| Complete 
| 325|0x0000000718d00000, 0x0000000718e00000, 0x0000000718e00000|100%| E|CS|TAMS 0x0000000718d00000, 0x0000000718d00000| Complete 
| 326|0x0000000718e00000, 0x0000000718f00000, 0x0000000718f00000|100%| E|CS|TAMS 0x0000000718e00000, 0x0000000718e00000| Complete 
| 327|0x0000000718f00000, 0x0000000719000000, 0x0000000719000000|100%| E|CS|TAMS 0x0000000718f00000, 0x0000000718f00000| Complete 
| 328|0x0000000719000000, 0x0000000719100000, 0x0000000719100000|100%| E|CS|TAMS 0x0000000719000000, 0x0000000719000000| Complete 
| 329|0x0000000719100000, 0x0000000719200000, 0x0000000719200000|100%| E|CS|TAMS 0x0000000719100000, 0x0000000719100000| Complete 
| 330|0x0000000719200000, 0x0000000719300000, 0x0000000719300000|100%| E|CS|TAMS 0x0000000719200000, 0x0000000719200000| Complete 
| 331|0x0000000719300000, 0x0000000719400000, 0x0000000719400000|100%| E|CS|TAMS 0x0000000719300000, 0x0000000719300000| Complete 
| 332|0x0000000719400000, 0x0000000719500000, 0x0000000719500000|100%| E|CS|TAMS 0x0000000719400000, 0x0000000719400000| Complete 
| 333|0x0000000719500000, 0x0000000719600000, 0x0000000719600000|100%| E|CS|TAMS 0x0000000719500000, 0x0000000719500000| Complete 
| 334|0x0000000719600000, 0x0000000719700000, 0x0000000719700000|100%| E|CS|TAMS 0x0000000719600000, 0x0000000719600000| Complete 
| 335|0x0000000719700000, 0x0000000719800000, 0x0000000719800000|100%| E|CS|TAMS 0x0000000719700000, 0x0000000719700000| Complete 
| 336|0x0000000719800000, 0x0000000719900000, 0x0000000719900000|100%| E|CS|TAMS 0x0000000719800000, 0x0000000719800000| Complete 
| 337|0x0000000719900000, 0x0000000719a00000, 0x0000000719a00000|100%| E|CS|TAMS 0x0000000719900000, 0x0000000719900000| Complete 
| 338|0x0000000719a00000, 0x0000000719b00000, 0x0000000719b00000|100%| E|CS|TAMS 0x0000000719a00000, 0x0000000719a00000| Complete 
| 339|0x0000000719b00000, 0x0000000719c00000, 0x0000000719c00000|100%| E|CS|TAMS 0x0000000719b00000, 0x0000000719b00000| Complete 
| 340|0x0000000719c00000, 0x0000000719d00000, 0x0000000719d00000|100%| E|CS|TAMS 0x0000000719c00000, 0x0000000719c00000| Complete 
| 341|0x0000000719d00000, 0x0000000719e00000, 0x0000000719e00000|100%| E|CS|TAMS 0x0000000719d00000, 0x0000000719d00000| Complete 
| 342|0x0000000719e00000, 0x0000000719f00000, 0x0000000719f00000|100%| E|CS|TAMS 0x0000000719e00000, 0x0000000719e00000| Complete 
| 343|0x0000000719f00000, 0x000000071a000000, 0x000000071a000000|100%| E|CS|TAMS 0x0000000719f00000, 0x0000000719f00000| Complete 
| 344|0x000000071a000000, 0x000000071a100000, 0x000000071a100000|100%| E|CS|TAMS 0x000000071a000000, 0x000000071a000000| Complete 
| 345|0x000000071a100000, 0x000000071a200000, 0x000000071a200000|100%| E|CS|TAMS 0x000000071a100000, 0x000000071a100000| Complete 
| 346|0x000000071a200000, 0x000000071a300000, 0x000000071a300000|100%| E|CS|TAMS 0x000000071a200000, 0x000000071a200000| Complete 
| 347|0x000000071a300000, 0x000000071a400000, 0x000000071a400000|100%| E|CS|TAMS 0x000000071a300000, 0x000000071a300000| Complete 
| 348|0x000000071a400000, 0x000000071a500000, 0x000000071a500000|100%| E|CS|TAMS 0x000000071a400000, 0x000000071a400000| Complete 
| 349|0x000000071a500000, 0x000000071a600000, 0x000000071a600000|100%| E|CS|TAMS 0x000000071a500000, 0x000000071a500000| Complete 
| 350|0x000000071a600000, 0x000000071a700000, 0x000000071a700000|100%| E|CS|TAMS 0x000000071a600000, 0x000000071a600000| Complete 
| 351|0x000000071a700000, 0x000000071a800000, 0x000000071a800000|100%| E|CS|TAMS 0x000000071a700000, 0x000000071a700000| Complete 
| 352|0x000000071a800000, 0x000000071a900000, 0x000000071a900000|100%| E|CS|TAMS 0x000000071a800000, 0x000000071a800000| Complete 
| 353|0x000000071a900000, 0x000000071aa00000, 0x000000071aa00000|100%| E|CS|TAMS 0x000000071a900000, 0x000000071a900000| Complete 
| 354|0x000000071aa00000, 0x000000071ab00000, 0x000000071ab00000|100%| E|CS|TAMS 0x000000071aa00000, 0x000000071aa00000| Complete 
| 355|0x000000071ab00000, 0x000000071ac00000, 0x000000071ac00000|100%| E|CS|TAMS 0x000000071ab00000, 0x000000071ab00000| Complete 
| 356|0x000000071ac00000, 0x000000071ad00000, 0x000000071ad00000|100%| E|CS|TAMS 0x000000071ac00000, 0x000000071ac00000| Complete 
| 357|0x000000071ad00000, 0x000000071ae00000, 0x000000071ae00000|100%| E|CS|TAMS 0x000000071ad00000, 0x000000071ad00000| Complete 
| 358|0x000000071ae00000, 0x000000071af00000, 0x000000071af00000|100%| E|CS|TAMS 0x000000071ae00000, 0x000000071ae00000| Complete 
| 359|0x000000071af00000, 0x000000071b000000, 0x000000071b000000|100%| E|CS|TAMS 0x000000071af00000, 0x000000071af00000| Complete 
| 360|0x000000071b000000, 0x000000071b100000, 0x000000071b100000|100%| E|CS|TAMS 0x000000071b000000, 0x000000071b000000| Complete 
| 361|0x000000071b100000, 0x000000071b200000, 0x000000071b200000|100%| E|CS|TAMS 0x000000071b100000, 0x000000071b100000| Complete 
| 362|0x000000071b200000, 0x000000071b300000, 0x000000071b300000|100%| E|CS|TAMS 0x000000071b200000, 0x000000071b200000| Complete 
| 363|0x000000071b300000, 0x000000071b400000, 0x000000071b400000|100%| E|CS|TAMS 0x000000071b300000, 0x000000071b300000| Complete 

Card table byte_map: [0x0000012ef7c90000,0x0000012ef8470000] _byte_map_base: 0x0000012ef446c000

Marking Bits (Prev, Next): (CMBitMap*) 0x0000012edfa5c390, (CMBitMap*) 0x0000012edfa5c358
 Prev Bits: [0x0000012e80000000, 0x0000012e83ee0000)
 Next Bits: [0x0000012ef8c50000, 0x0000012efcb30000)

Polling page: 0x0000012edd9f0000

Metaspace:

Usage:
  Non-class:     79.06 MB capacity,    77.39 MB ( 98%) used,     1.32 MB (  2%) free+waste,   362.12 KB ( <1%) overhead. 
      Class:     10.27 MB capacity,     9.04 MB ( 88%) used,     1.06 MB ( 10%) free+waste,   165.81 KB (  2%) overhead. 
       Both:     89.33 MB capacity,    86.43 MB ( 97%) used,     2.38 MB (  3%) free+waste,   527.94 KB ( <1%) overhead. 

Virtual space:
  Non-class space:       80.00 MB reserved,      79.25 MB (>99%) committed 
      Class space:        1.00 GB reserved,      10.38 MB (  1%) committed 
             Both:        1.08 GB reserved,      89.62 MB (  8%) committed 

Chunk freelists:
   Non-Class:  2.00 KB
       Class:  0 bytes
        Both:  2.00 KB

MaxMetaspaceSize: 17179869184.00 GB
CompressedClassSpaceSize: 1.00 GB
Initial GC threshold: 20.80 MB
Current GC threshold: 98.34 MB
CDS: off

CodeHeap 'non-profiled nmethods': size=120000Kb used=9387Kb max_used=9387Kb free=110612Kb
 bounds [0x0000012eefc40000, 0x0000012ef0570000, 0x0000012ef7170000]
CodeHeap 'profiled nmethods': size=120000Kb used=32915Kb max_used=32915Kb free=87084Kb
 bounds [0x0000012ee8710000, 0x0000012eea740000, 0x0000012eefc40000]
CodeHeap 'non-nmethods': size=5760Kb used=1758Kb max_used=1855Kb free=4001Kb
 bounds [0x0000012ee8170000, 0x0000012ee83e0000, 0x0000012ee8710000]
 total_blobs=11784 nmethods=10717 adapters=985
 compilation: enabled
              stopped_count=0, restarted_count=0
 full_count=0

Compilation events (20 events):
Event: 26.295 Thread 0x0000012e83fee000 nmethod 11116 0x0000012eea71dc10 code [0x0000012eea71dde0, 0x0000012eea71dfb8]
Event: 26.295 Thread 0x0000012e83fee000 11117       2       org.bouncycastle.math.ec.custom.sec.SecP256R1Field::multiply (16 bytes)
Event: 26.295 Thread 0x0000012e83fee000 nmethod 11117 0x0000012eea71e090 code [0x0000012eea71e260, 0x0000012eea71e438]
Event: 26.295 Thread 0x0000012e83fee000 11118 % !   3       fr::af @ 189 (334 bytes)
Event: 26.298 Thread 0x0000012e83fee000 nmethod 11118% 0x0000012eea71e510 code [0x0000012eea71e920, 0x0000012eea721508]
Event: 26.298 Thread 0x0000012e83fee000 11123   !   3       fr::af (334 bytes)
Event: 26.301 Thread 0x0000012e83fee000 nmethod 11123 0x0000012eea722490 code [0x0000012eea722880, 0x0000012eea724438]
Event: 26.301 Thread 0x0000012e83fee000 11121       2       org.bouncycastle.math.raw.Nat256::mul (637 bytes)
Event: 26.302 Thread 0x0000012e83fee000 nmethod 11121 0x0000012eea725290 code [0x0000012eea725480, 0x0000012eea725df8]
Event: 26.302 Thread 0x0000012e83fee000 11126 %     3       uc::ax @ 126 (257 bytes)
Event: 26.303 Thread 0x0000012e83fee000 nmethod 11126% 0x0000012eea726610 code [0x0000012eea726880, 0x0000012eea7274f8]
Event: 26.304 Thread 0x0000012e83fee000 11122       2       org.bouncycastle.math.raw.Nat256::square (1409 bytes)
Event: 26.305 Thread 0x0000012e83fee000 nmethod 11122 0x0000012eea727c90 code [0x0000012eea727e80, 0x0000012eea728d38]
Event: 26.305 Thread 0x0000012e83fee000 11130       2       org.bouncycastle.math.raw.Nat::shiftDownBit (40 bytes)
Event: 26.305 Thread 0x0000012e83fee000 nmethod 11130 0x0000012eea729b90 code [0x0000012eea729d40, 0x0000012eea729eb8]
Event: 26.305 Thread 0x0000012e83fee000 11124       2       org.bouncycastle.math.raw.Nat::subFrom (56 bytes)
Event: 26.306 Thread 0x0000012e83fee000 nmethod 11124 0x0000012eea72a010 code [0x0000012eea72a1c0, 0x0000012eea72a398]
Event: 26.306 Thread 0x0000012e83fee000 11131 %     2       lk::ar @ 603 (3009 bytes)
Event: 26.319 Thread 0x0000012e83fee000 nmethod 11131% 0x0000012eea72a510 code [0x0000012eea72abc0, 0x0000012eea730478]
Event: 26.319 Thread 0x0000012e83fee000 11136 %     3       org.bouncycastle.math.raw.Nat256::mul @ 292 (637 bytes)

GC Heap History (20 events):
Event: 9.789 GC heap before
{Heap before GC invocations=11 (full 0):
 garbage-first heap   total 310272K, used 218336K [0x0000000704800000, 0x0000000800000000)
  region size 1024K, 146 young (149504K), 18 survivors (18432K)
 Metaspace       used 74758K, capacity 76263K, committed 76416K, reserved 1118208K
  class space    used 7625K, capacity 8258K, committed 8320K, reserved 1048576K
}
Event: 9.807 GC heap after
{Heap after GC invocations=12 (full 0):
 garbage-first heap   total 310272K, used 95739K [0x0000000704800000, 0x0000000800000000)
  region size 1024K, 10 young (10240K), 10 survivors (10240K)
 Metaspace       used 74758K, capacity 76263K, committed 76416K, reserved 1118208K
  class space    used 7625K, capacity 8258K, committed 8320K, reserved 1048576K
}
Event: 12.156 GC heap before
{Heap before GC invocations=12 (full 0):
 garbage-first heap   total 310272K, used 223739K [0x0000000704800000, 0x0000000800000000)
  region size 1024K, 135 young (138240K), 10 survivors (10240K)
 Metaspace       used 79300K, capacity 81152K, committed 81408K, reserved 1122304K
  class space    used 8120K, capacity 8869K, committed 8960K, reserved 1048576K
}
Event: 12.171 GC heap after
{Heap after GC invocations=13 (full 0):
 garbage-first heap   total 310272K, used 111184K [0x0000000704800000, 0x0000000800000000)
  region size 1024K, 17 young (17408K), 17 survivors (17408K)
 Metaspace       used 79300K, capacity 81152K, committed 81408K, reserved 1122304K
  class space    used 8120K, capacity 8869K, committed 8960K, reserved 1048576K
}
Event: 13.084 GC heap before
{Heap before GC invocations=13 (full 0):
 garbage-first heap   total 310272K, used 234064K [0x0000000704800000, 0x0000000800000000)
  region size 1024K, 134 young (137216K), 17 survivors (17408K)
 Metaspace       used 80245K, capacity 82368K, committed 82688K, reserved 1122304K
  class space    used 8276K, capacity 9143K, committed 9216K, reserved 1048576K
}
Event: 13.096 GC heap after
{Heap after GC invocations=14 (full 0):
 garbage-first heap   total 372736K, used 118739K [0x0000000704800000, 0x0000000800000000)
  region size 1024K, 6 young (6144K), 6 survivors (6144K)
 Metaspace       used 80245K, capacity 82368K, committed 82688K, reserved 1122304K
  class space    used 8276K, capacity 9143K, committed 9216K, reserved 1048576K
}
Event: 14.392 GC heap before
{Heap before GC invocations=14 (full 0):
 garbage-first heap   total 372736K, used 264147K [0x0000000704800000, 0x0000000800000000)
  region size 1024K, 148 young (151552K), 6 survivors (6144K)
 Metaspace       used 81786K, capacity 84268K, committed 84480K, reserved 1124352K
  class space    used 8559K, capacity 9603K, committed 9728K, reserved 1048576K
}
Event: 14.405 GC heap after
{Heap after GC invocations=15 (full 0):
 garbage-first heap   total 372736K, used 121067K [0x0000000704800000, 0x0000000800000000)
  region size 1024K, 8 young (8192K), 8 survivors (8192K)
 Metaspace       used 81786K, capacity 84268K, committed 84480K, reserved 1124352K
  class space    used 8559K, capacity 9603K, committed 9728K, reserved 1048576K
}
Event: 20.345 GC heap before
{Heap before GC invocations=15 (full 0):
 garbage-first heap   total 372736K, used 283883K [0x0000000704800000, 0x0000000800000000)
  region size 1024K, 155 young (158720K), 8 survivors (8192K)
 Metaspace       used 84639K, capacity 87451K, committed 87680K, reserved 1126400K
  class space    used 8962K, capacity 10088K, committed 10112K, reserved 1048576K
}
Event: 20.355 GC heap after
{Heap after GC invocations=16 (full 0):
 garbage-first heap   total 372736K, used 141219K [0x0000000704800000, 0x0000000800000000)
  region size 1024K, 17 young (17408K), 17 survivors (17408K)
 Metaspace       used 84639K, capacity 87451K, committed 87680K, reserved 1126400K
  class space    used 8962K, capacity 10088K, committed 10112K, reserved 1048576K
}
Event: 20.406 GC heap before
{Heap before GC invocations=16 (full 0):
 garbage-first heap   total 372736K, used 284579K [0x0000000704800000, 0x0000000800000000)
  region size 1024K, 157 young (160768K), 17 survivors (17408K)
 Metaspace       used 84639K, capacity 87451K, committed 87680K, reserved 1126400K
  class space    used 8962K, capacity 10088K, committed 10112K, reserved 1048576K
}
Event: 20.413 GC heap after
{Heap after GC invocations=17 (full 0):
 garbage-first heap   total 372736K, used 138383K [0x0000000704800000, 0x0000000800000000)
  region size 1024K, 11 young (11264K), 11 survivors (11264K)
 Metaspace       used 84639K, capacity 87451K, committed 87680K, reserved 1126400K
  class space    used 8962K, capacity 10088K, committed 10112K, reserved 1048576K
}
Event: 20.454 GC heap before
{Heap before GC invocations=17 (full 0):
 garbage-first heap   total 372736K, used 288911K [0x0000000704800000, 0x0000000800000000)
  region size 1024K, 158 young (161792K), 11 survivors (11264K)
 Metaspace       used 84639K, capacity 87451K, committed 87680K, reserved 1126400K
  class space    used 8962K, capacity 10088K, committed 10112K, reserved 1048576K
}
Event: 20.459 GC heap after
{Heap after GC invocations=18 (full 0):
 garbage-first heap   total 372736K, used 137636K [0x0000000704800000, 0x0000000800000000)
  region size 1024K, 11 young (11264K), 11 survivors (11264K)
 Metaspace       used 84639K, capacity 87451K, committed 87680K, reserved 1126400K
  class space    used 8962K, capacity 10088K, committed 10112K, reserved 1048576K
}
Event: 20.499 GC heap before
{Heap before GC invocations=18 (full 0):
 garbage-first heap   total 372736K, used 293284K [0x0000000704800000, 0x0000000800000000)
  region size 1024K, 163 young (166912K), 11 survivors (11264K)
 Metaspace       used 84659K, capacity 87451K, committed 87680K, reserved 1126400K
  class space    used 8962K, capacity 10088K, committed 10112K, reserved 1048576K
}
Event: 20.504 GC heap after
{Heap after GC invocations=19 (full 0):
 garbage-first heap   total 372736K, used 137376K [0x0000000704800000, 0x0000000800000000)
  region size 1024K, 10 young (10240K), 10 survivors (10240K)
 Metaspace       used 84659K, capacity 87451K, committed 87680K, reserved 1126400K
  class space    used 8962K, capacity 10088K, committed 10112K, reserved 1048576K
}
Event: 20.571 GC heap before
{Heap before GC invocations=19 (full 0):
 garbage-first heap   total 372736K, used 307360K [0x0000000704800000, 0x0000000800000000)
  region size 1024K, 176 young (180224K), 10 survivors (10240K)
 Metaspace       used 84667K, capacity 87515K, committed 87680K, reserved 1126400K
  class space    used 8962K, capacity 10088K, committed 10112K, reserved 1048576K
}
Event: 20.576 GC heap after
{Heap after GC invocations=20 (full 0):
 garbage-first heap   total 372736K, used 137376K [0x0000000704800000, 0x0000000800000000)
  region size 1024K, 10 young (10240K), 10 survivors (10240K)
 Metaspace       used 84667K, capacity 87515K, committed 87680K, reserved 1126400K
  class space    used 8962K, capacity 10088K, committed 10112K, reserved 1048576K
}
Event: 20.617 GC heap before
{Heap before GC invocations=20 (full 0):
 garbage-first heap   total 372736K, used 308384K [0x0000000704800000, 0x0000000800000000)
  region size 1024K, 177 young (181248K), 10 survivors (10240K)
 Metaspace       used 84671K, capacity 87515K, committed 87680K, reserved 1126400K
  class space    used 8962K, capacity 10088K, committed 10112K, reserved 1048576K
}
Event: 20.624 GC heap after
{Heap after GC invocations=21 (full 0):
 garbage-first heap   total 372736K, used 137376K [0x0000000704800000, 0x0000000800000000)
  region size 1024K, 10 young (10240K), 10 survivors (10240K)
 Metaspace       used 84671K, capacity 87515K, committed 87680K, reserved 1126400K
  class space    used 8962K, capacity 10088K, committed 10112K, reserved 1048576K
}

Deoptimization events (20 events):
Event: 26.224 Thread 0x0000012e8861c000 DEOPT PACKING pc=0x0000012ef033e90c sp=0x000000231a6fe490
Event: 26.224 Thread 0x0000012e8861c000 DEOPT UNPACKING pc=0x0000012ee81785af sp=0x000000231a6fe418 mode 2
Event: 26.231 Thread 0x0000012e8a04e000 Uncommon trap: trap_request=0xffffff4d fr.pc=0x0000012eefe0f3a4 relative=0x0000000000001264
Event: 26.231 Thread 0x0000012e8a04e000 Uncommon trap: reason=unstable_if action=reinterpret pc=0x0000012eefe0f3a4 method=java.util.concurrent.ConcurrentHashMap.putVal(Ljava/lang/Object;Ljava/lang/Object;Z)Ljava/lang/Object; @ 401 c2
Event: 26.231 Thread 0x0000012e8a04e000 DEOPT PACKING pc=0x0000012eefe0f3a4 sp=0x000000231bdfd160
Event: 26.231 Thread 0x0000012e8a04e000 DEOPT UNPACKING pc=0x0000012ee81785af sp=0x000000231bdfd100 mode 2
Event: 26.232 Thread 0x0000012e8a04e000 Uncommon trap: trap_request=0xffffff4d fr.pc=0x0000012eefddcb64 relative=0x00000000000002a4
Event: 26.232 Thread 0x0000012e8a04e000 Uncommon trap: reason=unstable_if action=reinterpret pc=0x0000012eefddcb64 method=java.util.concurrent.ConcurrentHashMap.get(Ljava/lang/Object;)Ljava/lang/Object; @ 86 c2
Event: 26.232 Thread 0x0000012e8a04e000 DEOPT PACKING pc=0x0000012eefddcb64 sp=0x000000231bdfd210
Event: 26.232 Thread 0x0000012e8a04e000 DEOPT UNPACKING pc=0x0000012ee81785af sp=0x000000231bdfd198 mode 2
Event: 26.235 Thread 0x0000012e8861c000 Uncommon trap: trap_request=0xffffff4d fr.pc=0x0000012ef047b100 relative=0x00000000000006c0
Event: 26.235 Thread 0x0000012e8861c000 Uncommon trap: reason=unstable_if action=reinterpret pc=0x0000012ef047b100 method=lk.at([IIIIIIII)V @ 92 c2
Event: 26.235 Thread 0x0000012e8861c000 DEOPT PACKING pc=0x0000012ef047b100 sp=0x000000231a6fdc00
Event: 26.235 Thread 0x0000012e8861c000 DEOPT UNPACKING pc=0x0000012ee81785af sp=0x000000231a6fdba0 mode 2
Event: 26.238 Thread 0x0000012e8a04e000 Uncommon trap: trap_request=0xffffff4d fr.pc=0x0000012eefd62210 relative=0x0000000000001210
Event: 26.238 Thread 0x0000012e8a04e000 Uncommon trap: reason=unstable_if action=reinterpret pc=0x0000012eefd62210 method=java.util.concurrent.ConcurrentHashMap.transfer([Ljava/util/concurrent/ConcurrentHashMap$Node;[Ljava/util/concurrent/ConcurrentHashMap$Node;)V @ 352 c2
Event: 26.238 Thread 0x0000012e8a04e000 DEOPT PACKING pc=0x0000012eefd62210 sp=0x000000231bdfd9f0
Event: 26.238 Thread 0x0000012e8a04e000 DEOPT UNPACKING pc=0x0000012ee81785af sp=0x000000231bdfd988 mode 2
Event: 26.272 Thread 0x0000012e8a04e000 DEOPT PACKING pc=0x0000012ee882f145 sp=0x000000231bdfe290
Event: 26.272 Thread 0x0000012e8a04e000 DEOPT UNPACKING pc=0x0000012ee81b9d0e sp=0x000000231bdfd720 mode 0

Classes redefined (0 events):
No events

Internal exceptions (20 events):
Event: 25.627 Thread 0x0000012e8861c000 Exception <a 'java/lang/IncompatibleClassChangeError'{0x00000007146a7428}: Found class java.lang.Object, but interface was expected> (0x00000007146a7428) thrown at [s\src\hotspot\share\interpreter\linkResolver.cpp, line 839]
Event: 25.628 Thread 0x0000012e8861c000 Exception <a 'java/lang/IncompatibleClassChangeError'{0x00000007146a9f90}: Found class java.lang.Object, but interface was expected> (0x00000007146a9f90) thrown at [s\src\hotspot\share\interpreter\linkResolver.cpp, line 839]
Event: 25.628 Thread 0x0000012e8861c000 Exception <a 'java/lang/IncompatibleClassChangeError'{0x00000007146ac800}: Found class java.lang.Object, but interface was expected> (0x00000007146ac800) thrown at [s\src\hotspot\share\interpreter\linkResolver.cpp, line 839]
Event: 25.628 Thread 0x0000012e8861c000 Exception <a 'java/lang/IncompatibleClassChangeError'{0x00000007146af2a0}: Found class java.lang.Object, but interface was expected> (0x00000007146af2a0) thrown at [s\src\hotspot\share\interpreter\linkResolver.cpp, line 839]
Event: 25.629 Thread 0x0000012e8861c000 Exception <a 'java/lang/IncompatibleClassChangeError'{0x00000007146b1ac8}: Found class java.lang.Object, but interface was expected> (0x00000007146b1ac8) thrown at [s\src\hotspot\share\interpreter\linkResolver.cpp, line 839]
Event: 25.629 Thread 0x0000012e8861c000 Exception <a 'java/lang/IncompatibleClassChangeError'{0x00000007146b4320}: Found class java.lang.Object, but interface was expected> (0x00000007146b4320) thrown at [s\src\hotspot\share\interpreter\linkResolver.cpp, line 839]
Event: 25.629 Thread 0x0000012e8861c000 Exception <a 'java/lang/IncompatibleClassChangeError'{0x00000007146b6df8}: Found class java.lang.Object, but interface was expected> (0x00000007146b6df8) thrown at [s\src\hotspot\share\interpreter\linkResolver.cpp, line 839]
Event: 25.629 Thread 0x0000012e8861c000 Exception <a 'java/lang/IncompatibleClassChangeError'{0x00000007146b9658}: Found class java.lang.Object, but interface was expected> (0x00000007146b9658) thrown at [s\src\hotspot\share\interpreter\linkResolver.cpp, line 839]
Event: 25.630 Thread 0x0000012e8861c000 Exception <a 'java/lang/IncompatibleClassChangeError'{0x00000007146bc110}: Found class java.lang.Object, but interface was expected> (0x00000007146bc110) thrown at [s\src\hotspot\share\interpreter\linkResolver.cpp, line 839]
Event: 25.630 Thread 0x0000012e8861c000 Exception <a 'java/lang/IncompatibleClassChangeError'{0x00000007146be978}: Found class java.lang.Object, but interface was expected> (0x00000007146be978) thrown at [s\src\hotspot\share\interpreter\linkResolver.cpp, line 839]
Event: 25.630 Thread 0x0000012e8861c000 Exception <a 'java/lang/IncompatibleClassChangeError'{0x00000007146c11e0}: Found class java.lang.Object, but interface was expected> (0x00000007146c11e0) thrown at [s\src\hotspot\share\interpreter\linkResolver.cpp, line 839]
Event: 25.630 Thread 0x0000012e8861c000 Exception <a 'java/lang/IncompatibleClassChangeError'{0x00000007146c3c70}: Found class java.lang.Object, but interface was expected> (0x00000007146c3c70) thrown at [s\src\hotspot\share\interpreter\linkResolver.cpp, line 839]
Event: 25.630 Thread 0x0000012e8861c000 Exception <a 'java/lang/IncompatibleClassChangeError'{0x00000007146c64d0}: Found class java.lang.Object, but interface was expected> (0x00000007146c64d0) thrown at [s\src\hotspot\share\interpreter\linkResolver.cpp, line 839]
Event: 25.631 Thread 0x0000012e8861c000 Exception <a 'java/lang/IncompatibleClassChangeError'{0x00000007146c8f90}: Found class java.lang.Object, but interface was expected> (0x00000007146c8f90) thrown at [s\src\hotspot\share\interpreter\linkResolver.cpp, line 839]
Event: 25.631 Thread 0x0000012e8861c000 Exception <a 'java/lang/IncompatibleClassChangeError'{0x00000007146cb7f0}: Found class java.lang.Object, but interface was expected> (0x00000007146cb7f0) thrown at [s\src\hotspot\share\interpreter\linkResolver.cpp, line 839]
Event: 25.631 Thread 0x0000012e8861c000 Exception <a 'java/lang/IncompatibleClassChangeError'{0x00000007146ce050}: Found class java.lang.Object, but interface was expected> (0x00000007146ce050) thrown at [s\src\hotspot\share\interpreter\linkResolver.cpp, line 839]
Event: 25.631 Thread 0x0000012e8861c000 Exception <a 'java/lang/IncompatibleClassChangeError'{0x00000007146d0b10}: Found class java.lang.Object, but interface was expected> (0x00000007146d0b10) thrown at [s\src\hotspot\share\interpreter\linkResolver.cpp, line 839]
Event: 25.665 Thread 0x0000012e8861c000 Exception <a 'java/lang/NoSuchMethodError'{0x0000000714559f28}: 'void java.lang.invoke.DirectMethodHandle$Holder.invokeStatic(java.lang.Object, long)'> (0x0000000714559f28) thrown at [s\src\hotspot\share\interpreter\linkResolver.cpp, line 773]
Event: 26.054 Thread 0x0000012e8861c000 Exception <a 'java/lang/NoSuchMethodError'{0x0000000712d6c170}: 'java.lang.Object java.lang.invoke.DirectMethodHandle$Holder.invokeStatic(java.lang.Object, java.lang.Object, java.lang.Object, java.lang.Object, java.lang.Object, int)'> (0x0000000712d6c170) thrown at [s\src\hotspot\share\interpreter\linkResolver.cpp, line 773]
Event: 26.055 Thread 0x0000012e8861c000 Exception <a 'java/lang/NoSuchMethodError'{0x0000000712d6fee8}: 'java.lang.Object java.lang.invoke.DirectMethodHandle$Holder.invokeSpecial(java.lang.Object, java.lang.Object, java.lang.Object, java.lang.Object, java.lang.Object, java.lang.Object, int)'> (0x0000000712d6fee8) thrown at [s\src\hotspot\share\interpreter\linkResolver.cpp, line 773]

Events (20 events):
Event: 26.202 loading class sun/security/util/AnchorCertificates
Event: 26.203 loading class sun/security/util/AnchorCertificates done
Event: 26.203 loading class sun/security/util/AnchorCertificates$1
Event: 26.203 loading class sun/security/util/AnchorCertificates$1 done
Event: 26.203 loading class sun/security/provider/JavaKeyStore$DualFormatJKS
Event: 26.203 loading class sun/security/provider/JavaKeyStore$DualFormatJKS done
Event: 26.210 loading class sun/security/util/HostnameChecker
Event: 26.210 loading class sun/security/util/HostnameChecker done
Event: 26.223 loading class java/util/SimpleTimeZone
Event: 26.224 loading class java/util/SimpleTimeZone done
Event: 26.231 loading class java/util/concurrent/ConcurrentHashMap$TreeNode
Event: 26.231 loading class java/util/concurrent/ConcurrentHashMap$TreeNode done
Event: 26.231 loading class java/util/concurrent/ConcurrentHashMap$TreeBin
Event: 26.232 loading class java/util/concurrent/ConcurrentHashMap$TreeBin done
Event: 26.238 Executing VM operation: RevokeBias
Event: 26.238 Executing VM operation: RevokeBias done
Event: 26.310 loading class net/runelite/client/ui/overlay/components/TooltipComponent
Event: 26.310 loading class net/runelite/client/ui/overlay/components/TooltipComponent done
Event: 26.312 Executing VM operation: RevokeBias
Event: 26.313 Executing VM operation: RevokeBias done


Dynamic libraries:
0x00007ff76faa0000 - 0x00007ff76faae000 	C:\Users\Donni\.jdks\corretto-11.0.22\bin\java.exe
0x00007ff8c0490000 - 0x00007ff8c06a7000 	C:\WINDOWS\SYSTEM32\ntdll.dll
0x00007ff8bf7f0000 - 0x00007ff8bf8b4000 	C:\WINDOWS\System32\KERNEL32.DLL
0x00007ff8bd7d0000 - 0x00007ff8bdb76000 	C:\WINDOWS\System32\KERNELBASE.dll
0x00007ff8be0c0000 - 0x00007ff8be1d1000 	C:\WINDOWS\System32\ucrtbase.dll
0x00007ff8ad700000 - 0x00007ff8ad717000 	C:\Users\Donni\.jdks\corretto-11.0.22\bin\jli.dll
0x00007ff8b4240000 - 0x00007ff8b425b000 	C:\Users\Donni\.jdks\corretto-11.0.22\bin\VCRUNTIME140.dll
0x00007ff8bec20000 - 0x00007ff8bedce000 	C:\WINDOWS\System32\USER32.dll
0x00007ff8bdf50000 - 0x00007ff8bdf76000 	C:\WINDOWS\System32\win32u.dll
0x00007ff8a5680000 - 0x00007ff8a5913000 	C:\WINDOWS\WinSxS\amd64_microsoft.windows.common-controls_6595b64144ccf1df_6.0.22621.2506_none_270c5ae97388e100\COMCTL32.dll
0x00007ff8c0060000 - 0x00007ff8c0089000 	C:\WINDOWS\System32\GDI32.dll
0x00007ff8bfa40000 - 0x00007ff8bfae7000 	C:\WINDOWS\System32\msvcrt.dll
0x00007ff8bdb80000 - 0x00007ff8bdc98000 	C:\WINDOWS\System32\gdi32full.dll
0x00007ff8bdf80000 - 0x00007ff8be01a000 	C:\WINDOWS\System32\msvcp_win.dll
0x00007ff8bfaf0000 - 0x00007ff8bfb21000 	C:\WINDOWS\System32\IMM32.DLL
0x00007ff8b5530000 - 0x00007ff8b553c000 	C:\Users\Donni\.jdks\corretto-11.0.22\bin\vcruntime140_1.dll
0x00007ff88a780000 - 0x00007ff88a80d000 	C:\Users\Donni\.jdks\corretto-11.0.22\bin\msvcp140.dll
0x00007ff8696b0000 - 0x00007ff86a273000 	C:\Users\Donni\.jdks\corretto-11.0.22\bin\server\jvm.dll
0x00007ff8bef00000 - 0x00007ff8befb3000 	C:\WINDOWS\System32\ADVAPI32.dll
0x00007ff8c03a0000 - 0x00007ff8c0448000 	C:\WINDOWS\System32\sechost.dll
0x00007ff8be090000 - 0x00007ff8be0b8000 	C:\WINDOWS\System32\bcrypt.dll
0x00007ff8bedd0000 - 0x00007ff8beee7000 	C:\WINDOWS\System32\RPCRT4.dll
0x00007ff8bf950000 - 0x00007ff8bf958000 	C:\WINDOWS\System32\PSAPI.DLL
0x00007ff8b4200000 - 0x00007ff8b4234000 	C:\WINDOWS\SYSTEM32\WINMM.dll
0x00007ff887060000 - 0x00007ff887069000 	C:\WINDOWS\SYSTEM32\WSOCK32.dll
0x00007ff8b59b0000 - 0x00007ff8b59ba000 	C:\WINDOWS\SYSTEM32\VERSION.dll
0x00007ff8c0320000 - 0x00007ff8c0391000 	C:\WINDOWS\System32\WS2_32.dll
0x00007ff8bc800000 - 0x00007ff8bc818000 	C:\WINDOWS\SYSTEM32\kernel.appcore.dll
0x00007ff8ad6f0000 - 0x00007ff8ad700000 	C:\Users\Donni\.jdks\corretto-11.0.22\bin\verify.dll
0x00007ff8bab10000 - 0x00007ff8bad43000 	C:\WINDOWS\SYSTEM32\DBGHELP.DLL
0x00007ff8bfcd0000 - 0x00007ff8c0059000 	C:\WINDOWS\System32\combase.dll
0x00007ff8c0140000 - 0x00007ff8c0217000 	C:\WINDOWS\System32\OLEAUT32.dll
0x00007ff88d230000 - 0x00007ff88d262000 	C:\WINDOWS\SYSTEM32\dbgcore.DLL
0x00007ff8bdca0000 - 0x00007ff8bdd1a000 	C:\WINDOWS\System32\bcryptPrimitives.dll
0x00007ff8a5a20000 - 0x00007ff8a5a48000 	C:\Users\Donni\.jdks\corretto-11.0.22\bin\java.dll
0x00007ff8ad6e0000 - 0x00007ff8ad6ea000 	C:\Users\Donni\.jdks\corretto-11.0.22\bin\jimage.dll
0x00007ff8b79a0000 - 0x00007ff8b79d9000 	C:\Users\Donni\.jdks\corretto-11.0.22\bin\jdwp.dll
0x00007ff8ba590000 - 0x00007ff8ba59e000 	C:\Users\Donni\.jdks\corretto-11.0.22\bin\instrument.dll
0x00007ff8a6c60000 - 0x00007ff8a6c78000 	C:\Users\Donni\.jdks\corretto-11.0.22\bin\zip.dll
0x00007ff8be1e0000 - 0x00007ff8bea3a000 	C:\WINDOWS\System32\SHELL32.dll
0x00007ff8bb720000 - 0x00007ff8bc016000 	C:\WINDOWS\SYSTEM32\windows.storage.dll
0x00007ff8bb5e0000 - 0x00007ff8bb71e000 	C:\WINDOWS\SYSTEM32\wintypes.dll
0x00007ff8bf060000 - 0x00007ff8bf153000 	C:\WINDOWS\System32\SHCORE.dll
0x00007ff8bf9e0000 - 0x00007ff8bfa3e000 	C:\WINDOWS\System32\shlwapi.dll
0x00007ff8bd700000 - 0x00007ff8bd726000 	C:\WINDOWS\SYSTEM32\profapi.dll
0x00007ff8ba580000 - 0x00007ff8ba58a000 	C:\Users\Donni\.jdks\corretto-11.0.22\bin\dt_socket.dll
0x00007ff8bcc80000 - 0x00007ff8bcce9000 	C:\WINDOWS\system32\mswsock.dll
0x00007ff88a760000 - 0x00007ff88a779000 	C:\Users\Donni\.jdks\corretto-11.0.22\bin\net.dll
0x00007ff8b72f0000 - 0x00007ff8b7427000 	C:\WINDOWS\SYSTEM32\WINHTTP.dll
0x00007ff88a740000 - 0x00007ff88a752000 	C:\Users\Donni\.jdks\corretto-11.0.22\bin\nio.dll
0x00007ff8b7970000 - 0x00007ff8b7997000 	C:\Users\Donni\.jdks\corretto-11.0.22\bin\sunec.dll
0x00007ff8b7960000 - 0x00007ff8b796e000 	C:\Users\Donni\.jdks\corretto-11.0.22\bin\sunmscapi.dll
0x00007ff8bdde0000 - 0x00007ff8bdf46000 	C:\WINDOWS\System32\CRYPT32.dll
0x00007ff8bd100000 - 0x00007ff8bd12e000 	C:\WINDOWS\SYSTEM32\ncrypt.dll
0x00007ff8bd0c0000 - 0x00007ff8bd0f7000 	C:\WINDOWS\SYSTEM32\NTASN1.dll
0x00007ff8bcf30000 - 0x00007ff8bcf42000 	C:\WINDOWS\SYSTEM32\MSASN1.dll
0x00007ff8bcee0000 - 0x00007ff8bcefb000 	C:\WINDOWS\SYSTEM32\CRYPTSP.dll
0x00007ff8bc760000 - 0x00007ff8bc795000 	C:\WINDOWS\system32\rsaenh.dll
0x00007ff8bced0000 - 0x00007ff8bcedc000 	C:\WINDOWS\SYSTEM32\CRYPTBASE.dll
0x00007ff8bcd10000 - 0x00007ff8bcd36000 	C:\WINDOWS\SYSTEM32\gpapi.dll
0x00007ff8bcd70000 - 0x00007ff8bcd9c000 	C:\WINDOWS\SYSTEM32\USERENV.dll
0x00007ff8bd4b0000 - 0x00007ff8bd4ba000 	C:\WINDOWS\SYSTEM32\DPAPI.dll
0x00007ff8bc280000 - 0x00007ff8bc2ad000 	C:\WINDOWS\SYSTEM32\IPHLPAPI.DLL
0x00007ff8bec10000 - 0x00007ff8bec19000 	C:\WINDOWS\System32\NSI.dll
0x00007ff8b7150000 - 0x00007ff8b7169000 	C:\WINDOWS\SYSTEM32\dhcpcsvc6.DLL
0x00007ff8b7040000 - 0x00007ff8b705f000 	C:\WINDOWS\SYSTEM32\dhcpcsvc.DLL
0x00007ff8bc2f0000 - 0x00007ff8bc3e9000 	C:\WINDOWS\SYSTEM32\DNSAPI.dll
0x00007ff8ae1c0000 - 0x00007ff8ae342000 	C:\Users\Donni\.jdks\corretto-11.0.22\bin\awt.dll
0x00007ff8ba4e0000 - 0x00007ff8ba577000 	C:\WINDOWS\SYSTEM32\apphelp.dll
0x00007ff8ba930000 - 0x00007ff8ba9db000 	C:\WINDOWS\system32\uxtheme.dll
0x00007ff8bea40000 - 0x00007ff8beb90000 	C:\WINDOWS\System32\MSCTF.dll
0x00007ff8bfb30000 - 0x00007ff8bfcd0000 	C:\WINDOWS\System32\ole32.dll
0x00007ff8baf70000 - 0x00007ff8baf9b000 	C:\WINDOWS\system32\DWMAPI.DLL
0x00007ff8a24f0000 - 0x00007ff8a25f0000 	C:\WINDOWS\system32\opengl32.dll
0x00007ff8a2480000 - 0x00007ff8a24ad000 	C:\WINDOWS\SYSTEM32\GLU32.dll
0x00007ff8bada0000 - 0x00007ff8badd6000 	C:\WINDOWS\SYSTEM32\dxcore.dll
0x00007ff8a1c70000 - 0x00007ff8a1cf7000 	C:\Users\Donni\.jdks\corretto-11.0.22\bin\freetype.dll
0x00007ff8a1b90000 - 0x00007ff8a1c63000 	C:\Users\Donni\.jdks\corretto-11.0.22\bin\fontmanager.dll
0x00007ff8ae3b0000 - 0x00007ff8ae4fa000 	C:\WINDOWS\SYSTEM32\textinputframework.dll
0x00007ff8b9b20000 - 0x00007ff8b9c54000 	C:\WINDOWS\SYSTEM32\CoreMessaging.dll
0x00007ff8b3b80000 - 0x00007ff8b3b89000 	C:\Users\Donni\.jdks\corretto-11.0.22\bin\management.dll
0x00007ff8b63d0000 - 0x00007ff8b673c000 	C:\WINDOWS\SYSTEM32\CoreUIComponents.dll
0x00007ff8b3ae0000 - 0x00007ff8b3aeb000 	C:\Users\Donni\.jdks\corretto-11.0.22\bin\management_ext.dll
0x00007ff8b6c80000 - 0x00007ff8b6c8a000 	C:\Windows\System32\rasadhlp.dll
0x00007ff8b40a0000 - 0x00007ff8b4123000 	C:\WINDOWS\System32\fwpuclnt.dll
0x00007ff8ae170000 - 0x00007ff8ae1b4000 	C:\Users\Donni\AppData\Local\Temp\jna-68899\jna3570445640763015370.dll
0x00007ff895910000 - 0x00007ff8959ac000 	C:\Users\Donni\AppData\Local\Temp\jna-68899\jna6557588269681550967.dll
0x00007ff896370000 - 0x00007ff8963ef000 	C:\Users\Donni\.jdks\corretto-11.0.22\bin\mlib_image.dll
0x00007ff8a6e70000 - 0x00007ff8a6e82000 	C:\Users\Donni\.jdks\corretto-11.0.22\bin\jsound.dll
0x00007ff895860000 - 0x00007ff895902000 	C:\WINDOWS\SYSTEM32\DSOUND.dll
0x00007ff8957a0000 - 0x00007ff895851000 	C:\WINDOWS\SYSTEM32\ResampleDmo.DLL
0x00007ff8bd5f0000 - 0x00007ff8bd63d000 	C:\WINDOWS\SYSTEM32\powrprof.dll
0x00007ff8ae500000 - 0x00007ff8ae529000 	C:\WINDOWS\SYSTEM32\winmmbase.dll
0x00007ff8b3ad0000 - 0x00007ff8b3adb000 	C:\WINDOWS\SYSTEM32\msdmo.dll
0x00007ff8bd4d0000 - 0x00007ff8bd4e3000 	C:\WINDOWS\SYSTEM32\UMPDC.dll
0x00007ff8c0090000 - 0x00007ff8c0140000 	C:\WINDOWS\System32\clbcatq.dll
0x00007ff8b0990000 - 0x00007ff8b0a2d000 	C:\WINDOWS\System32\MMDevApi.dll
0x00007ff8bd460000 - 0x00007ff8bd48c000 	C:\WINDOWS\System32\DEVOBJ.dll
0x00007ff8bd410000 - 0x00007ff8bd45e000 	C:\WINDOWS\SYSTEM32\cfgmgr32.dll
0x00007ff8b7900000 - 0x00007ff8b7946000 	C:\WINDOWS\SYSTEM32\wdmaud.drv
0x00007ff8a1750000 - 0x00007ff8a1759000 	C:\WINDOWS\SYSTEM32\ksuser.dll
0x00007ff8b6ed0000 - 0x00007ff8b6edb000 	C:\WINDOWS\SYSTEM32\AVRT.dll
0x00007ff8af850000 - 0x00007ff8afa3c000 	C:\WINDOWS\SYSTEM32\AUDIOSES.DLL
0x00007ff8b78f0000 - 0x00007ff8b78fe000 	C:\WINDOWS\SYSTEM32\msacm32.drv
0x00007ff8b78d0000 - 0x00007ff8b78ee000 	C:\WINDOWS\SYSTEM32\MSACM32.dll
0x00007ff8b78c0000 - 0x00007ff8b78cb000 	C:\WINDOWS\SYSTEM32\midimap.dll
0x00007ff8bb2b0000 - 0x00007ff8bb2c5000 	C:\WINDOWS\SYSTEM32\resourcepolicyclient.dll
0x00007ff8963f0000 - 0x00007ff896564000 	C:\Windows\System32\Windows.UI.dll
0x00007ff8a6c90000 - 0x00007ff8a6cbd000 	C:\Users\Donni\.jdks\corretto-11.0.22\bin\javajpeg.dll
0x00007ff8b3950000 - 0x00007ff8b3956000 	C:\Users\Donni\AppData\Local\Temp\flatlaf.temp\flatlaf-windows-x86_64-254143040108000.dll
0x00007ff8b38d0000 - 0x00007ff8b38d7000 	C:\Users\Donni\.jdks\corretto-11.0.22\bin\jawt.dll
0x00007ff8baad0000 - 0x00007ff8baadd000 	C:\WINDOWS\SYSTEM32\WINNSI.DLL
0x00007ff8b82f0000 - 0x00007ff8b84a0000 	C:\WINDOWS\SYSTEM32\WindowsCodecs.dll
0x00007ff891800000 - 0x00007ff89185e000 	C:\WINDOWS\system32\dataexchange.dll
0x00007ff8b4cb0000 - 0x00007ff8b4f35000 	C:\WINDOWS\system32\twinapi.appcore.dll
0x00007ff8b56c0000 - 0x00007ff8b577c000 	C:\WINDOWS\SYSTEM32\mscms.dll
0x00007ff8b1c80000 - 0x00007ff8b1cc9000 	C:\WINDOWS\SYSTEM32\icm32.dll

dbghelp: loaded successfully - version: 4.0.5 - missing functions: none
symbol engine: initialized successfully - sym options: 0x614 - pdb path: .;C:\Users\Donni\.jdks\corretto-11.0.22\bin;C:\WINDOWS\SYSTEM32;C:\WINDOWS\WinSxS\amd64_microsoft.windows.common-controls_6595b64144ccf1df_6.0.22621.2506_none_270c5ae97388e100;C:\Users\Donni\.jdks\corretto-11.0.22\bin\server;C:\Users\Donni\AppData\Local\Temp\jna-68899;C:\Users\Donni\AppData\Local\Temp\flatlaf.temp

VM Arguments:
jvm_args: -agentlib:jdwp=transport=dt_socket,server=n,suspend=y,address=127.0.0.1:51303 -javaagent:C:\Users\Donni\.gradle\caches\modules-2\files-2.1\org.jetbrains.kotlinx\kotlinx-coroutines-core-jvm\1.6.0\f3b8fd26c2e76d2f18cbc36aacb6e349fcb9fd5f\kotlinx-coroutines-core-jvm-1.6.0.jar -Dfile.encoding=windows-1252 -Duser.country=US -Duser.language=en -Duser.variant -ea 
java_command: com.piggyplugins.PluginTester
java_class_path (initial): C:\Users\Donni\IdeaProjects\PiggyPlugins\build\classes\java\test;C:\Users\Donni\IdeaProjects\PiggyPlugins\build\resources\test;C:\Users\Donni\IdeaProjects\PiggyPlugins\build\classes\java\main;C:\Users\Donni\IdeaProjects\PiggyPlugins\build\resources\main;C:\Users\Donni\IdeaProjects\PiggyPlugins\AutoTitheFarm\build\libs\AutoTitheFarm-1.0.0.jar;C:\Users\Donni\IdeaProjects\PiggyPlugins\AutoAerial\build\libs\AutoAerial-1.0.0.jar;C:\Users\Donni\IdeaProjects\PiggyPlugins\AutoRuneDragons\build\libs\AutoRuneDragons-1.0.0.jar;C:\Users\Donni\IdeaProjects\PiggyPlugins\AutoBoner\build\libs\AutoBoner-1.0.3.jar;C:\Users\Donni\IdeaProjects\PiggyPlugins\AutoChompy\build\libs\AutoChompy-1.0.3.jar;C:\Users\Donni\IdeaProjects\PiggyPlugins\AutoVorkath\build\libs\AutoVorkath-1.0.19.jar;C:\Users\Donni\IdeaProjects\PiggyPlugins\AutoCombat\build\libs\AutoCombat-1.0.0.jar;C:\Users\Donni\IdeaProjects\PiggyPlugins\AutoTrapper\build\libs\AutoTrapper-1.0.0.jar;C:\Users\Donni\IdeaProjects\PiggyPlugins\AutoSmith\build\libs\AutoSmith-1.0.0.jar;C:\Users\Donni\IdeaProjects\PiggyPlugins\ButterflyCatcher\build\libs\ButterflyCatcher-1.0.0.jar;C:\Users\Donni\IdeaProjects\PiggyPlugins\DialogueContinuer\build\libs\DialogueContinuer-1.0.0.jar;C:\Users\Donni\IdeaProjects\PiggyPlugins\Firemaking\build\libs\Firemaking-1.0.0.jar;C:\Users\Donni\IdeaProjects\PiggyPlugins\KittenFeeder\build\libs\KittenFeeder-1.0.0.jar;C:\Users\Donni\IdeaProjects\PiggyPlugins\AutoJugHumidifier\build\libs\AutoJugHumidifier-1.0.0.jar;C:\Users\Donni\IdeaProjects\PiggyPlugins\AutoRifts\build\libs\AutoRifts-1.0.0.jar;C:\Users\Donni\IdeaProjects\PiggyPlugins\AutoTele\build\libs\AutoTele-1.0.0.jar;C:\Users\Donni\IdeaProjects\PiggyPlugins\CalvarionHelper\build\libs\CalvarionHelper-1.0.0.jar;C:\Users\Donni\IdeaProjects\PiggyPlugins\CannonReloader\build\libs\CannonReloader-1.0.0.jar;C:\Users\Donni\IdeaProjects\PiggyPlugins\E3T4G\build\libs\E3T4G-1.0.0.jar;C:\Users\Donni\IdeaProjects\PiggyPlugins\EthansApi\build\l
Launcher Type: SUN_STANDARD

[Global flags]
     intx CICompilerCount                          = 4                                         {product} {ergonomic}
     uint ConcGCThreads                            = 2                                         {product} {ergonomic}
     uint G1ConcRefinementThreads                  = 8                                         {product} {ergonomic}
   size_t G1HeapRegionSize                         = 1048576                                   {product} {ergonomic}
    uintx GCDrainStackTargetSize                   = 64                                        {product} {ergonomic}
   size_t InitialHeapSize                          = 264241152                                 {product} {ergonomic}
   size_t MarkStackSize                            = 4194304                                   {product} {ergonomic}
   size_t MaxHeapSize                              = 4219469824                                {product} {ergonomic}
   size_t MaxNewSize                               = 2531262464                                {product} {ergonomic}
   size_t MinHeapDeltaBytes                        = 1048576                                   {product} {ergonomic}
    uintx NonNMethodCodeHeapSize                   = 5836300                                {pd product} {ergonomic}
    uintx NonProfiledCodeHeapSize                  = 122910970                              {pd product} {ergonomic}
    uintx ProfiledCodeHeapSize                     = 122910970                              {pd product} {ergonomic}
    uintx ReservedCodeCacheSize                    = 251658240                              {pd product} {ergonomic}
     bool SegmentedCodeCache                       = true                                      {product} {ergonomic}
     bool UseCompressedClassPointers               = true                                 {lp64_product} {ergonomic}
     bool UseCompressedOops                        = true                                 {lp64_product} {ergonomic}
     bool UseG1GC                                  = true                                      {product} {ergonomic}
     bool UseLargePagesIndividualAllocation        = false                                  {pd product} {ergonomic}

Logging:
Log output configuration:
 #0: stdout all=warning uptime,level,tags
 #1: stderr all=off uptime,level,tags

Environment Variables:
JAVA_HOME=C:\Program Files (x86)\Eclipse Adoptium\jdk-11.0.21.9-hotspot\
PATH=C:\Program Files (x86)\Eclipse Adoptium\jdk-11.0.21.9-hotspot\bin;C:\Program Files\Common Files\Oracle\Java\javapath;C:\Python311\Scripts\;C:\Python311\;C:\WINDOWS\system32;C:\WINDOWS;C:\WINDOWS\System32\Wbem;C:\WINDOWS\System32\WindowsPowerShell\v1.0\;C:\WINDOWS\System32\OpenSSH\;C:\ProgramData\chocolatey\bin;C:\Program Files\Git\cmd;C:\Program Files\nodejs\;C:\Program Files\Microsoft VS Code\bin;C:\Program Files\dotnet\;C:\Users\Donni\AppData\Local\Microsoft\WindowsApps;;C:\Exercism;C:\Users\Donni\AppData\Roaming\npm;C:\Program Files\JetBrains\IntelliJ IDEA Community Edition 2023.2.5\bin;
USERNAME=Don
OS=Windows_NT
PROCESSOR_IDENTIFIER=Intel64 Family 6 Model 140 Stepping 1, GenuineIntel
TMP=C:\Users\Donni\AppData\Local\Temp
TEMP=C:\Users\Donni\AppData\Local\Temp



---------------  S Y S T E M  ---------------

OS: Windows 11 , 64 bit Build 22621 (10.0.22621.2506)
OS uptime: 0 days 7:03 hours

CPU:total 8 (initial active 8) (4 cores per cpu, 2 threads per core) family 6 model 140 stepping 1 microcode 0xac, cmov, cx8, fxsr, mmx, sse, sse2, sse3, ssse3, sse4.1, sse4.2, popcnt, avx, avx2, aes, clmul, erms, 3dnowpref, lzcnt, ht, tsc, tscinvbit, bmi1, bmi2, adx, evex, sha, fma

Memory: 4k page, system-wide physical 16091M (7257M free)
TotalPageFile size 17115M (AvailPageFile size 6930M)
current process WorkingSet (physical memory assigned to process): 686M, peak: 750M
current process commit charge ("private bytes"): 732M, peak: 797M

vm_info: OpenJDK 64-Bit Server VM (11.0.22+7-LTS) for windows-amd64 JRE (11.0.22+7-LTS), built on Jan 10 2024 19:54:00 by "Administrator" with MS VC++ 16.10 / 16.11 (VS2019)

END.
