#
# A fatal error has been detected by the Java Runtime Environment:
#
#  Internal Error (c1/c1_LIR.hpp:731), pid=3428, tid=10140
#  Error: ShouldNotReachHere()
#
# JRE version: OpenJDK Runtime Environment Corretto-11.0.22.7.1 (11.0.22+7) (build 11.0.22+7-LTS)
# Java VM: OpenJDK 64-Bit Server VM Corretto-11.0.22.7.1 (11.0.22+7-LTS, mixed mode, tiered, compressed oops, g1 gc, windows-amd64)
# No core dump will be written. Minidumps are not enabled by default on client versions of Windows
#
# If you would like to submit a bug report, please visit:
#   https://github.com/corretto/corretto-11/issues/
#

---------------  S U M M A R Y ------------

Command Line: -agentlib:jdwp=transport=dt_socket,server=n,suspend=y,address=127.0.0.1:52434 -javaagent:C:\Users\Donni\.gradle\caches\modules-2\files-2.1\org.jetbrains.kotlinx\kotlinx-coroutines-core-jvm\1.6.0\f3b8fd26c2e76d2f18cbc36aacb6e349fcb9fd5f\kotlinx-coroutines-core-jvm-1.6.0.jar -Dfile.encoding=windows-1252 -Duser.country=US -Duser.language=en -Duser.variant -ea com.piggyplugins.PluginTester

Host: 11th Gen Intel(R) Core(TM) i5-1145G7 @ 2.60GHz, 8 cores, 15G,  Windows 11 , 64 bit Build 22621 (10.0.22621.2506)
Time: Sun Feb 11 21:34:06 2024 Mountain Standard Time elapsed time: 20.402319 seconds (0d 0h 0m 20s)

---------------  T H R E A D  ---------------

Current thread (0x000001897f71c800):  JavaThread "C1 CompilerThread0" daemon [_thread_in_native, id=10140, stack(0x000000521c900000,0x000000521ca00000)]


Current CompileTask:
C1:  20402 11041 %     3       org.bouncycastle.math.raw.Nat256::mul @ 292 (637 bytes)

Stack: [0x000000521c900000,0x000000521ca00000]
Native frames: (J=compiled Java code, j=interpreted, Vv=VM code, C=native code)
V  [jvm.dll+0x64585a]
V  [jvm.dll+0x7d9bb9]
V  [jvm.dll+0x7db2b9]
V  [jvm.dll+0x7db957]
V  [jvm.dll+0x26941c]
V  [jvm.dll+0x269363]
V  [jvm.dll+0x1760a9]
V  [jvm.dll+0x171ea4]
V  [jvm.dll+0x168c0e]
V  [jvm.dll+0x1552d0]
V  [jvm.dll+0x13c659]
V  [jvm.dll+0x13bf8f]
V  [jvm.dll+0x13c1c4]
V  [jvm.dll+0x13b512]
V  [jvm.dll+0x13d3ac]
V  [jvm.dll+0x2305e9]
V  [jvm.dll+0x22e75f]
V  [jvm.dll+0x79ae51]
V  [jvm.dll+0x793b24]
V  [jvm.dll+0x644615]
C  [ucrtbase.dll+0x29363]
C  [KERNEL32.DLL+0x1257d]
C  [ntdll.dll+0x5aa58]


---------------  P R O C E S S  ---------------

Threads class SMR info:
_java_thread_list=0x000001891eeaa5c0, length=41, elements={
0x000001897f6b7000, 0x000001897f6b8000, 0x000001897f712800, 0x000001897f718000,
0x000001897f71a000, 0x000001897f71b000, 0x000001897f71c800, 0x000001897f721800,
0x000001897f660800, 0x0000018918e03000, 0x000001897f9de800, 0x0000018918e88000,
0x0000018919381800, 0x000001891a31a800, 0x000001891a307800, 0x000001891a154800,
0x000001891b9b2000, 0x000001891b1f0000, 0x000001891b3fe000, 0x000001891c0cf000,
0x000001891c0cf800, 0x000001891b427000, 0x000001891b428800, 0x000001891b428000,
0x000001891b42a800, 0x000001891b426000, 0x000001891b42b000, 0x000001891b425800,
0x000001891b42c000, 0x000001891a227800, 0x000001891a228800, 0x000001891a227000,
0x000001891a22c000, 0x000001891a22b000, 0x000001891a22f000, 0x000001891a229800,
0x000001891a22e800, 0x000001891a22a000, 0x00000189229e8800, 0x00000189229ea800,
0x000001891a232800
}

Java Threads: ( => current thread )
  0x000001897f6b7000 JavaThread "Reference Handler" daemon [_thread_blocked, id=14048, stack(0x000000521c300000,0x000000521c400000)]
  0x000001897f6b8000 JavaThread "Finalizer" daemon [_thread_blocked, id=404, stack(0x000000521c400000,0x000000521c500000)]
  0x000001897f712800 JavaThread "Signal Dispatcher" daemon [_thread_blocked, id=13992, stack(0x000000521c500000,0x000000521c600000)]
  0x000001897f718000 JavaThread "Attach Listener" daemon [_thread_blocked, id=3868, stack(0x000000521c600000,0x000000521c700000)]
  0x000001897f71a000 JavaThread "Service Thread" daemon [_thread_blocked, id=9756, stack(0x000000521c700000,0x000000521c800000)]
  0x000001897f71b000 JavaThread "C2 CompilerThread0" daemon [_thread_in_native, id=11080, stack(0x000000521c800000,0x000000521c900000)]
=>0x000001897f71c800 JavaThread "C1 CompilerThread0" daemon [_thread_in_native, id=10140, stack(0x000000521c900000,0x000000521ca00000)]
  0x000001897f721800 JavaThread "Sweeper thread" daemon [_thread_blocked, id=4732, stack(0x000000521ca00000,0x000000521cb00000)]
  0x000001897f660800 JavaThread "Common-Cleaner" daemon [_thread_blocked, id=9256, stack(0x000000521cb00000,0x000000521cc00000)]
  0x0000018918e03000 JavaThread "JDWP Transport Listener: dt_socket" daemon [_thread_blocked, id=4388, stack(0x000000521cd00000,0x000000521ce00000)]
  0x000001897f9de800 JavaThread "JDWP Event Helper Thread" daemon [_thread_blocked, id=13364, stack(0x000000521ce00000,0x000000521cf00000)]
  0x0000018918e88000 JavaThread "JDWP Command Reader" daemon [_thread_in_native, id=6228, stack(0x000000521cf00000,0x000000521d000000)]
  0x0000018919381800 JavaThread "Coroutines Debugger Cleaner" daemon [_thread_blocked, id=11260, stack(0x000000521d000000,0x000000521d100000)]
  0x000001891a31a800 JavaThread "Java2D Disposer" daemon [_thread_blocked, id=10336, stack(0x000000521db00000,0x000000521dc00000)]
  0x000001891a307800 JavaThread "AWT-Shutdown" [_thread_blocked, id=13436, stack(0x000000521dc00000,0x000000521dd00000)]
  0x000001891a154800 JavaThread "AWT-Windows" daemon [_thread_in_native, id=2952, stack(0x000000521dd00000,0x000000521de00000)]
  0x000001891b9b2000 JavaThread "AWT-EventQueue-0" [_thread_blocked, id=8680, stack(0x000000521df00000,0x000000521e000000)]
  0x000001891b1f0000 JavaThread "TimerQueue" daemon [_thread_blocked, id=4068, stack(0x000000521e000000,0x000000521e100000)]
  0x000001891b3fe000 JavaThread "OkHttp Dispatcher" [_thread_blocked, id=2472, stack(0x000000521e100000,0x000000521e200000)]
  0x000001891c0cf000 JavaThread "OkHttp static.runelite.net Writer" [_thread_blocked, id=8440, stack(0x000000521d200000,0x000000521d300000)]
  0x000001891c0cf800 JavaThread "OkHttp static.runelite.net" [_thread_in_native, id=6496, stack(0x000000521e400000,0x000000521e500000)]
  0x000001891b427000 JavaThread "OkHttp ConnectionPool" daemon [_thread_blocked, id=10504, stack(0x000000521e500000,0x000000521e600000)]
  0x000001891b428800 JavaThread "Okio Watchdog" daemon [_thread_blocked, id=3968, stack(0x000000521e600000,0x000000521e700000)]
  0x000001891b428000 JavaThread "OkHttp Http2Connection" daemon [_thread_blocked, id=14068, stack(0x000000521cc00000,0x000000521cd00000)]
  0x000001891b42a800 JavaThread "pool-2-thread-1" [_thread_blocked, id=13132, stack(0x000000521ec00000,0x000000521ed00000)]
  0x000001891b426000 JavaThread "Thread-2" daemon [_thread_blocked, id=12876, stack(0x000000521e200000,0x000000521e300000)]
  0x000001891b42b000 JavaThread "Client" daemon [_thread_in_Java, id=14000, stack(0x000000521e900000,0x000000521ea00000)]
  0x000001891b425800 JavaThread "Thread-4" daemon [_thread_in_native, id=12396, stack(0x000000521eb00000,0x000000521ec00000)]
  0x000001891b42c000 JavaThread "Thread-5" daemon [_thread_in_native, id=6024, stack(0x000000521ef00000,0x000000521f000000)]
  0x000001891a227800 JavaThread "Thread-6" daemon [_thread_blocked, id=10360, stack(0x000000521f000000,0x000000521f100000)]
  0x000001891a228800 JavaThread "cache io" daemon [_thread_blocked, id=3872, stack(0x000000521ed00000,0x000000521ee00000)]
  0x000001891a227000 JavaThread "Java Sound Event Dispatcher" daemon [_thread_blocked, id=7940, stack(0x000000521f400000,0x000000521f500000)]
  0x000001891a22c000 JavaThread "Sound Engine" [_thread_blocked, id=13644, stack(0x000000521f800000,0x000000521f900000)]
  0x000001891a22b000 JavaThread "pool-5-thread-1" [_thread_in_native, id=14028, stack(0x000000521fc00000,0x000000521fd00000)]
  0x000001891a22f000 JavaThread "Thread-8" daemon [_thread_blocked, id=7192, stack(0x000000521fe00000,0x000000521ff00000)]
  0x000001891a229800 JavaThread "DestroyJavaVM" [_thread_blocked, id=3728, stack(0x000000521bc00000,0x000000521bd00000)]
  0x000001891a22e800 JavaThread "Thread-10" daemon [_thread_in_native, id=5372, stack(0x000000521ea00000,0x000000521eb00000)]
  0x000001891a22a000 JavaThread "Thread-11" daemon [_thread_blocked, id=12936, stack(0x000000521ee00000,0x000000521ef00000)]
  0x00000189229e8800 JavaThread "C2 CompilerThread1" daemon [_thread_in_native, id=4244, stack(0x000000521f100000,0x000000521f200000)]
  0x00000189229ea800 JavaThread "C2 CompilerThread2" daemon [_thread_in_native, id=12868, stack(0x000000521fb00000,0x000000521fc00000)]
  0x000001891a232800 JavaThread "crmsession-rest-request-1" daemon [_thread_in_native, id=9672, stack(0x0000005220000000,0x0000005220100000)]

Other Threads:
  0x000001897f6b3000 VMThread "VM Thread" [stack: 0x000000521c200000,0x000000521c300000] [id=9296]
  0x00000189193fd000 WatcherThread [stack: 0x000000521d100000,0x000000521d200000] [id=11724]
  0x00000189720f1800 GCTaskThread "GC Thread#0" [stack: 0x000000521bd00000,0x000000521be00000] [id=14292]
  0x0000018919654000 GCTaskThread "GC Thread#1" [stack: 0x000000521d300000,0x000000521d400000] [id=13320]
  0x0000018919665000 GCTaskThread "GC Thread#2" [stack: 0x000000521d400000,0x000000521d500000] [id=10008]
  0x0000018919c94800 GCTaskThread "GC Thread#3" [stack: 0x000000521d500000,0x000000521d600000] [id=8772]
  0x000001891996a000 GCTaskThread "GC Thread#4" [stack: 0x000000521d600000,0x000000521d700000] [id=12096]
  0x000001891950a000 GCTaskThread "GC Thread#5" [stack: 0x000000521d700000,0x000000521d800000] [id=7228]
  0x000001891b14c000 GCTaskThread "GC Thread#6" [stack: 0x000000521e700000,0x000000521e800000] [id=4220]
  0x000001891b131000 GCTaskThread "GC Thread#7" [stack: 0x000000521e800000,0x000000521e900000] [id=12124]
  0x000001897214b800 ConcurrentGCThread "G1 Main Marker" [stack: 0x000000521be00000,0x000000521bf00000] [id=3776]
  0x000001897214e000 ConcurrentGCThread "G1 Conc#0" [stack: 0x000000521bf00000,0x000000521c000000] [id=1164]
  0x0000018919e67800 ConcurrentGCThread "G1 Conc#1" [stack: 0x000000521de00000,0x000000521df00000] [id=10964]
  0x000001897e9c3800 ConcurrentGCThread "G1 Refine#0" [stack: 0x000000521c000000,0x000000521c100000] [id=11040]
  0x0000018918f4e800 ConcurrentGCThread "G1 Refine#1" [stack: 0x000000521d800000,0x000000521d900000] [id=7436]
  0x00000189193fe000 ConcurrentGCThread "G1 Refine#2" [stack: 0x000000521d900000,0x000000521da00000] [id=14044]
  0x000001897e9c4800 ConcurrentGCThread "G1 Young RemSet Sampling" [stack: 0x000000521c100000,0x000000521c200000] [id=8240]

Threads with active compile tasks:
C2 CompilerThread0    20420 10942 %     4       km::af @ 843 (2322 bytes)
C1 CompilerThread0    20420 11041 %     3       org.bouncycastle.math.raw.Nat256::mul @ 292 (637 bytes)
C2 CompilerThread1    20420 11061 % !   4       qs::mq @ 54 (371 bytes)
C2 CompilerThread2    20420 10990   !   4       jt::af (4395 bytes)

VM state:not at safepoint (normal execution)

VM Mutex/Monitor currently owned by a thread: None

Heap address: 0x0000000704800000, size: 4024 MB, Compressed Oops mode: Zero based, Oop shift amount: 3
Narrow klass base: 0x0000000800000000, Narrow klass shift: 0
Compressed class space size: 1073741824 Address: 0x0000000800000000

Heap:
 garbage-first heap   total 372736K, used 290303K [0x0000000704800000, 0x0000000800000000)
  region size 1024K, 127 young (130048K), 12 survivors (12288K)
 Metaspace       used 88619K, capacity 91644K, committed 91776K, reserved 1130496K
  class space    used 9268K, capacity 10524K, committed 10624K, reserved 1048576K
Heap Regions: E=young(eden), S=young(survivor), O=old, HS=humongous(starts), HC=humongous(continues), CS=collection set, F=free, A=archive, TAMS=top-at-mark-start (previous, next)
|   0|0x0000000704800000, 0x0000000704900000, 0x0000000704900000|100%| O|  |TAMS 0x0000000704900000, 0x0000000704800000| Untracked 
|   1|0x0000000704900000, 0x0000000704a00000, 0x0000000704a00000|100%| O|  |TAMS 0x0000000704a00000, 0x0000000704900000| Complete 
|   2|0x0000000704a00000, 0x0000000704b00000, 0x0000000704b00000|100%| O|  |TAMS 0x0000000704b00000, 0x0000000704a00000| Untracked 
|   3|0x0000000704b00000, 0x0000000704c00000, 0x0000000704c00000|100%| O|  |TAMS 0x0000000704c00000, 0x0000000704b00000| Untracked 
|   4|0x0000000704c00000, 0x0000000704d00000, 0x0000000704d00000|100%| O|  |TAMS 0x0000000704d00000, 0x0000000704c00000| Untracked 
|   5|0x0000000704d00000, 0x0000000704e00000, 0x0000000704e00000|100%| O|  |TAMS 0x0000000704e00000, 0x0000000704d00000| Complete 
|   6|0x0000000704e00000, 0x0000000704f00000, 0x0000000704f00000|100%| O|  |TAMS 0x0000000704f00000, 0x0000000704e00000| Untracked 
|   7|0x0000000704f00000, 0x0000000705000000, 0x0000000705000000|100%| O|  |TAMS 0x0000000705000000, 0x0000000704f00000| Untracked 
|   8|0x0000000705000000, 0x0000000705100000, 0x0000000705100000|100%| O|  |TAMS 0x0000000705100000, 0x0000000705000000| Untracked 
|   9|0x0000000705100000, 0x0000000705200000, 0x0000000705200000|100%| O|  |TAMS 0x0000000705200000, 0x0000000705100000| Untracked 
|  10|0x0000000705200000, 0x0000000705300000, 0x0000000705300000|100%| O|  |TAMS 0x0000000705300000, 0x0000000705200000| Complete 
|  11|0x0000000705300000, 0x0000000705400000, 0x0000000705400000|100%|HS|  |TAMS 0x0000000705400000, 0x0000000705300000| Complete 
|  12|0x0000000705400000, 0x0000000705500000, 0x0000000705500000|100%|HC|  |TAMS 0x0000000705500000, 0x0000000705400000| Complete 
|  13|0x0000000705500000, 0x0000000705600000, 0x0000000705600000|100%|HC|  |TAMS 0x0000000705600000, 0x0000000705500000| Complete 
|  14|0x0000000705600000, 0x0000000705700000, 0x0000000705700000|100%| O|  |TAMS 0x0000000705700000, 0x0000000705600000| Untracked 
|  15|0x0000000705700000, 0x0000000705800000, 0x0000000705800000|100%| O|  |TAMS 0x0000000705800000, 0x0000000705700000| Untracked 
|  16|0x0000000705800000, 0x0000000705900000, 0x0000000705900000|100%| O|  |TAMS 0x0000000705900000, 0x0000000705800000| Complete 
|  17|0x0000000705900000, 0x0000000705a00000, 0x0000000705a00000|100%| O|  |TAMS 0x0000000705a00000, 0x0000000705900000| Untracked 
|  18|0x0000000705a00000, 0x0000000705b00000, 0x0000000705b00000|100%| O|  |TAMS 0x0000000705b00000, 0x0000000705a00000| Complete 
|  19|0x0000000705b00000, 0x0000000705c00000, 0x0000000705c00000|100%|HS|  |TAMS 0x0000000705c00000, 0x0000000705b00000| Complete 
|  20|0x0000000705c00000, 0x0000000705d00000, 0x0000000705d00000|100%|HC|  |TAMS 0x0000000705d00000, 0x0000000705c00000| Complete 
|  21|0x0000000705d00000, 0x0000000705e00000, 0x0000000705e00000|100%|HS|  |TAMS 0x0000000705e00000, 0x0000000705d00000| Complete 
|  22|0x0000000705e00000, 0x0000000705f00000, 0x0000000705f00000|100%|HC|  |TAMS 0x0000000705f00000, 0x0000000705e00000| Complete 
|  23|0x0000000705f00000, 0x0000000706000000, 0x0000000706000000|100%|HS|  |TAMS 0x0000000706000000, 0x0000000705f00000| Complete 
|  24|0x0000000706000000, 0x0000000706100000, 0x0000000706100000|100%|HC|  |TAMS 0x0000000706100000, 0x0000000706000000| Complete 
|  25|0x0000000706100000, 0x0000000706200000, 0x0000000706200000|100%|HS|  |TAMS 0x0000000706200000, 0x0000000706100000| Complete 
|  26|0x0000000706200000, 0x0000000706300000, 0x0000000706300000|100%|HC|  |TAMS 0x0000000706300000, 0x0000000706200000| Complete 
|  27|0x0000000706300000, 0x0000000706400000, 0x0000000706400000|100%|HS|  |TAMS 0x0000000706400000, 0x0000000706300000| Complete 
|  28|0x0000000706400000, 0x0000000706500000, 0x0000000706500000|100%|HC|  |TAMS 0x0000000706500000, 0x0000000706400000| Complete 
|  29|0x0000000706500000, 0x0000000706600000, 0x0000000706600000|100%|HS|  |TAMS 0x0000000706600000, 0x0000000706500000| Complete 
|  30|0x0000000706600000, 0x0000000706700000, 0x0000000706700000|100%|HC|  |TAMS 0x0000000706700000, 0x0000000706600000| Complete 
|  31|0x0000000706700000, 0x0000000706800000, 0x0000000706800000|100%|HS|  |TAMS 0x0000000706800000, 0x0000000706700000| Complete 
|  32|0x0000000706800000, 0x0000000706900000, 0x0000000706900000|100%|HC|  |TAMS 0x0000000706900000, 0x0000000706800000| Complete 
|  33|0x0000000706900000, 0x0000000706a00000, 0x0000000706a00000|100%|HS|  |TAMS 0x0000000706a00000, 0x0000000706900000| Complete 
|  34|0x0000000706a00000, 0x0000000706b00000, 0x0000000706b00000|100%|HC|  |TAMS 0x0000000706b00000, 0x0000000706a00000| Complete 
|  35|0x0000000706b00000, 0x0000000706c00000, 0x0000000706c00000|100%|HC|  |TAMS 0x0000000706c00000, 0x0000000706b00000| Complete 
|  36|0x0000000706c00000, 0x0000000706d00000, 0x0000000706d00000|100%|HC|  |TAMS 0x0000000706d00000, 0x0000000706c00000| Complete 
|  37|0x0000000706d00000, 0x0000000706e00000, 0x0000000706e00000|100%|HC|  |TAMS 0x0000000706e00000, 0x0000000706d00000| Complete 
|  38|0x0000000706e00000, 0x0000000706f00000, 0x0000000706f00000|100%|HC|  |TAMS 0x0000000706f00000, 0x0000000706e00000| Complete 
|  39|0x0000000706f00000, 0x0000000707000000, 0x0000000707000000|100%|HS|  |TAMS 0x0000000707000000, 0x0000000706f00000| Complete 
|  40|0x0000000707000000, 0x0000000707100000, 0x0000000707100000|100%|HC|  |TAMS 0x0000000707100000, 0x0000000707000000| Complete 
|  41|0x0000000707100000, 0x0000000707200000, 0x0000000707200000|100%|HS|  |TAMS 0x0000000707200000, 0x0000000707100000| Complete 
|  42|0x0000000707200000, 0x0000000707300000, 0x0000000707300000|100%|HC|  |TAMS 0x0000000707300000, 0x0000000707200000| Complete 
|  43|0x0000000707300000, 0x0000000707400000, 0x0000000707400000|100%|HS|  |TAMS 0x0000000707400000, 0x0000000707300000| Complete 
|  44|0x0000000707400000, 0x0000000707500000, 0x0000000707500000|100%|HC|  |TAMS 0x0000000707500000, 0x0000000707400000| Complete 
|  45|0x0000000707500000, 0x0000000707600000, 0x0000000707600000|100%| O|  |TAMS 0x0000000707600000, 0x0000000707500000| Complete 
|  46|0x0000000707600000, 0x0000000707700000, 0x0000000707700000|100%| O|  |TAMS 0x0000000707700000, 0x0000000707600000| Untracked 
|  47|0x0000000707700000, 0x0000000707800000, 0x0000000707800000|100%| O|  |TAMS 0x0000000707800000, 0x0000000707700000| Untracked 
|  48|0x0000000707800000, 0x0000000707900000, 0x0000000707900000|100%| O|  |TAMS 0x0000000707900000, 0x0000000707800000| Untracked 
|  49|0x0000000707900000, 0x0000000707a00000, 0x0000000707a00000|100%| O|  |TAMS 0x0000000707a00000, 0x0000000707900000| Complete 
|  50|0x0000000707a00000, 0x0000000707b00000, 0x0000000707b00000|100%| O|  |TAMS 0x0000000707b00000, 0x0000000707a00000| Complete 
|  51|0x0000000707b00000, 0x0000000707c00000, 0x0000000707c00000|100%| O|  |TAMS 0x0000000707c00000, 0x0000000707b00000| Complete 
|  52|0x0000000707c00000, 0x0000000707d00000, 0x0000000707d00000|100%| O|  |TAMS 0x0000000707d00000, 0x0000000707c00000| Complete 
|  53|0x0000000707d00000, 0x0000000707e00000, 0x0000000707e00000|100%| O|  |TAMS 0x0000000707e00000, 0x0000000707d00000| Complete 
|  54|0x0000000707e00000, 0x0000000707f00000, 0x0000000707f00000|100%| O|  |TAMS 0x0000000707f00000, 0x0000000707e00000| Complete 
|  55|0x0000000707f00000, 0x0000000708000000, 0x0000000708000000|100%| O|  |TAMS 0x0000000708000000, 0x0000000707f00000| Complete 
|  56|0x0000000708000000, 0x0000000708100000, 0x0000000708100000|100%| O|  |TAMS 0x0000000708100000, 0x0000000708000000| Complete 
|  57|0x0000000708100000, 0x0000000708200000, 0x0000000708200000|100%| O|  |TAMS 0x0000000708200000, 0x0000000708100000| Complete 
|  58|0x0000000708200000, 0x0000000708300000, 0x0000000708300000|100%| O|  |TAMS 0x0000000708300000, 0x0000000708200000| Untracked 
|  59|0x0000000708300000, 0x0000000708400000, 0x0000000708400000|100%| O|  |TAMS 0x0000000708400000, 0x0000000708300000| Complete 
|  60|0x0000000708400000, 0x0000000708500000, 0x0000000708500000|100%|HS|  |TAMS 0x0000000708400000, 0x0000000708400000| Complete 
|  61|0x0000000708500000, 0x0000000708600000, 0x0000000708600000|100%| O|  |TAMS 0x0000000708600000, 0x0000000708500000| Untracked 
|  62|0x0000000708600000, 0x0000000708700000, 0x0000000708700000|100%| O|  |TAMS 0x0000000708700000, 0x0000000708600000| Untracked 
|  63|0x0000000708700000, 0x0000000708800000, 0x0000000708800000|100%| O|  |TAMS 0x0000000708800000, 0x0000000708700000| Untracked 
|  64|0x0000000708800000, 0x0000000708900000, 0x0000000708900000|100%| O|  |TAMS 0x0000000708900000, 0x0000000708800000| Untracked 
|  65|0x0000000708900000, 0x0000000708a00000, 0x0000000708a00000|100%| O|  |TAMS 0x0000000708a00000, 0x0000000708900000| Untracked 
|  66|0x0000000708a00000, 0x0000000708b00000, 0x0000000708b00000|100%| O|  |TAMS 0x0000000708b00000, 0x0000000708a00000| Complete 
|  67|0x0000000708b00000, 0x0000000708c00000, 0x0000000708c00000|100%| O|  |TAMS 0x0000000708c00000, 0x0000000708b00000| Complete 
|  68|0x0000000708c00000, 0x0000000708d00000, 0x0000000708d00000|100%| O|  |TAMS 0x0000000708d00000, 0x0000000708c00000| Complete 
|  69|0x0000000708d00000, 0x0000000708e00000, 0x0000000708e00000|100%| O|  |TAMS 0x0000000708e00000, 0x0000000708d00000| Untracked 
|  70|0x0000000708e00000, 0x0000000708f00000, 0x0000000708f00000|100%| O|  |TAMS 0x0000000708f00000, 0x0000000708e00000| Untracked 
|  71|0x0000000708f00000, 0x0000000709000000, 0x0000000709000000|100%| O|  |TAMS 0x0000000709000000, 0x0000000708f00000| Untracked 
|  72|0x0000000709000000, 0x0000000709100000, 0x0000000709100000|100%| O|  |TAMS 0x0000000709100000, 0x0000000709000000| Untracked 
|  73|0x0000000709100000, 0x0000000709200000, 0x0000000709200000|100%| O|  |TAMS 0x0000000709200000, 0x0000000709100000| Untracked 
|  74|0x0000000709200000, 0x0000000709300000, 0x0000000709300000|100%| O|  |TAMS 0x0000000709300000, 0x0000000709200000| Untracked 
|  75|0x0000000709300000, 0x0000000709400000, 0x0000000709400000|100%| O|  |TAMS 0x0000000709400000, 0x0000000709300000| Untracked 
|  76|0x0000000709400000, 0x0000000709500000, 0x0000000709500000|100%| O|  |TAMS 0x0000000709500000, 0x0000000709400000| Untracked 
|  77|0x0000000709500000, 0x0000000709600000, 0x0000000709600000|100%| O|  |TAMS 0x0000000709600000, 0x0000000709500000| Complete 
|  78|0x0000000709600000, 0x0000000709700000, 0x0000000709700000|100%| O|  |TAMS 0x0000000709700000, 0x0000000709600000| Untracked 
|  79|0x0000000709700000, 0x0000000709800000, 0x0000000709800000|100%| O|  |TAMS 0x0000000709800000, 0x0000000709700000| Untracked 
|  80|0x0000000709800000, 0x0000000709900000, 0x0000000709900000|100%| O|  |TAMS 0x0000000709900000, 0x0000000709800000| Untracked 
|  81|0x0000000709900000, 0x0000000709a00000, 0x0000000709a00000|100%| O|  |TAMS 0x0000000709a00000, 0x0000000709900000| Complete 
|  82|0x0000000709a00000, 0x0000000709b00000, 0x0000000709b00000|100%|HS|  |TAMS 0x0000000709a00000, 0x0000000709a00000| Complete 
|  83|0x0000000709b00000, 0x0000000709c00000, 0x0000000709c00000|100%|HC|  |TAMS 0x0000000709b00000, 0x0000000709b00000| Complete 
|  84|0x0000000709c00000, 0x0000000709d00000, 0x0000000709d00000|100%|HS|  |TAMS 0x0000000709c00000, 0x0000000709c00000| Complete 
|  85|0x0000000709d00000, 0x0000000709e00000, 0x0000000709e00000|100%| O|  |TAMS 0x0000000709e00000, 0x0000000709d00000| Complete 
|  86|0x0000000709e00000, 0x0000000709f00000, 0x0000000709f00000|100%| O|  |TAMS 0x0000000709f00000, 0x0000000709e00000| Complete 
|  87|0x0000000709f00000, 0x000000070a000000, 0x000000070a000000|100%| O|  |TAMS 0x000000070a000000, 0x0000000709f00000| Complete 
|  88|0x000000070a000000, 0x000000070a100000, 0x000000070a100000|100%| O|  |TAMS 0x000000070a100000, 0x000000070a000000| Complete 
|  89|0x000000070a100000, 0x000000070a200000, 0x000000070a200000|100%|HS|  |TAMS 0x000000070a100000, 0x000000070a100000| Complete 
|  90|0x000000070a200000, 0x000000070a300000, 0x000000070a300000|100%| O|  |TAMS 0x000000070a300000, 0x000000070a200000| Complete 
|  91|0x000000070a300000, 0x000000070a400000, 0x000000070a400000|100%| O|  |TAMS 0x000000070a400000, 0x000000070a300000| Complete 
|  92|0x000000070a400000, 0x000000070a500000, 0x000000070a500000|100%| O|  |TAMS 0x000000070a500000, 0x000000070a400000| Complete 
|  93|0x000000070a500000, 0x000000070a500000, 0x000000070a600000|  0%| F|  |TAMS 0x000000070a500000, 0x000000070a500000| Untracked 
|  94|0x000000070a600000, 0x000000070a700000, 0x000000070a700000|100%| O|  |TAMS 0x000000070a700000, 0x000000070a600000| Complete 
|  95|0x000000070a700000, 0x000000070a700000, 0x000000070a800000|  0%| F|  |TAMS 0x000000070a700000, 0x000000070a700000| Untracked 
|  96|0x000000070a800000, 0x000000070a900000, 0x000000070a900000|100%| O|  |TAMS 0x000000070a900000, 0x000000070a800000| Complete 
|  97|0x000000070a900000, 0x000000070aa00000, 0x000000070aa00000|100%| O|  |TAMS 0x000000070aa00000, 0x000000070a900000| Complete 
|  98|0x000000070aa00000, 0x000000070ab00000, 0x000000070ab00000|100%| O|  |TAMS 0x000000070ab00000, 0x000000070aa00000| Complete 
|  99|0x000000070ab00000, 0x000000070ac00000, 0x000000070ac00000|100%| O|  |TAMS 0x000000070ac00000, 0x000000070ab00000| Complete 
| 100|0x000000070ac00000, 0x000000070ad00000, 0x000000070ad00000|100%| O|  |TAMS 0x000000070ad00000, 0x000000070ac00000| Complete 
| 101|0x000000070ad00000, 0x000000070ae00000, 0x000000070ae00000|100%| O|  |TAMS 0x000000070ae00000, 0x000000070ad00000| Complete 
| 102|0x000000070ae00000, 0x000000070af00000, 0x000000070af00000|100%|HS|  |TAMS 0x000000070af00000, 0x000000070ae00000| Complete 
| 103|0x000000070af00000, 0x000000070b000000, 0x000000070b000000|100%|HC|  |TAMS 0x000000070b000000, 0x000000070af00000| Complete 
| 104|0x000000070b000000, 0x000000070b100000, 0x000000070b100000|100%| O|  |TAMS 0x000000070b100000, 0x000000070b000000| Untracked 
| 105|0x000000070b100000, 0x000000070b200000, 0x000000070b200000|100%| O|  |TAMS 0x000000070b200000, 0x000000070b100000| Untracked 
| 106|0x000000070b200000, 0x000000070b300000, 0x000000070b300000|100%| O|  |TAMS 0x000000070b300000, 0x000000070b200000| Untracked 
| 107|0x000000070b300000, 0x000000070b400000, 0x000000070b400000|100%| O|  |TAMS 0x000000070b400000, 0x000000070b300000| Untracked 
| 108|0x000000070b400000, 0x000000070b500000, 0x000000070b500000|100%| O|  |TAMS 0x000000070b500000, 0x000000070b400000| Untracked 
| 109|0x000000070b500000, 0x000000070b600000, 0x000000070b600000|100%| O|  |TAMS 0x000000070b600000, 0x000000070b500000| Untracked 
| 110|0x000000070b600000, 0x000000070b700000, 0x000000070b700000|100%| O|  |TAMS 0x000000070b700000, 0x000000070b600000| Untracked 
| 111|0x000000070b700000, 0x000000070b800000, 0x000000070b800000|100%| O|  |TAMS 0x000000070b800000, 0x000000070b700000| Complete 
| 112|0x000000070b800000, 0x000000070b900000, 0x000000070b900000|100%| O|  |TAMS 0x000000070b900000, 0x000000070b800000| Untracked 
| 113|0x000000070b900000, 0x000000070ba00000, 0x000000070ba00000|100%| O|  |TAMS 0x000000070ba00000, 0x000000070b900000| Untracked 
| 114|0x000000070ba00000, 0x000000070bb00000, 0x000000070bb00000|100%| O|  |TAMS 0x000000070bb00000, 0x000000070ba00000| Untracked 
| 115|0x000000070bb00000, 0x000000070bc00000, 0x000000070bc00000|100%| O|  |TAMS 0x000000070bc00000, 0x000000070bb00000| Untracked 
| 116|0x000000070bc00000, 0x000000070bd00000, 0x000000070bd00000|100%| O|  |TAMS 0x000000070bd00000, 0x000000070bc00000| Complete 
| 117|0x000000070bd00000, 0x000000070be00000, 0x000000070be00000|100%| O|  |TAMS 0x000000070be00000, 0x000000070bd00000| Complete 
| 118|0x000000070be00000, 0x000000070bf00000, 0x000000070bf00000|100%|HS|  |TAMS 0x000000070be00000, 0x000000070be00000| Complete 
| 119|0x000000070bf00000, 0x000000070c000000, 0x000000070c000000|100%|HC|  |TAMS 0x000000070bf00000, 0x000000070bf00000| Complete 
| 120|0x000000070c000000, 0x000000070c000000, 0x000000070c100000|  0%| F|  |TAMS 0x000000070c000000, 0x000000070c000000| Untracked 
| 121|0x000000070c100000, 0x000000070c100000, 0x000000070c200000|  0%| F|  |TAMS 0x000000070c100000, 0x000000070c100000| Untracked 
| 122|0x000000070c200000, 0x000000070c300000, 0x000000070c300000|100%|HS|  |TAMS 0x000000070c300000, 0x000000070c200000| Complete 
| 123|0x000000070c300000, 0x000000070c400000, 0x000000070c400000|100%|HC|  |TAMS 0x000000070c400000, 0x000000070c300000| Complete 
| 124|0x000000070c400000, 0x000000070c500000, 0x000000070c500000|100%|HC|  |TAMS 0x000000070c500000, 0x000000070c400000| Complete 
| 125|0x000000070c500000, 0x000000070c600000, 0x000000070c600000|100%|HC|  |TAMS 0x000000070c600000, 0x000000070c500000| Complete 
| 126|0x000000070c600000, 0x000000070c700000, 0x000000070c700000|100%|HC|  |TAMS 0x000000070c700000, 0x000000070c600000| Complete 
| 127|0x000000070c700000, 0x000000070c800000, 0x000000070c800000|100%| O|  |TAMS 0x000000070c800000, 0x000000070c700000| Untracked 
| 128|0x000000070c800000, 0x000000070c900000, 0x000000070c900000|100%| O|  |TAMS 0x000000070c900000, 0x000000070c800000| Untracked 
| 129|0x000000070c900000, 0x000000070ca00000, 0x000000070ca00000|100%| O|  |TAMS 0x000000070ca00000, 0x000000070c900000| Untracked 
| 130|0x000000070ca00000, 0x000000070cb00000, 0x000000070cb00000|100%| O|  |TAMS 0x000000070cb00000, 0x000000070ca00000| Untracked 
| 131|0x000000070cb00000, 0x000000070cc00000, 0x000000070cc00000|100%| O|  |TAMS 0x000000070cc00000, 0x000000070cb00000| Untracked 
| 132|0x000000070cc00000, 0x000000070cd00000, 0x000000070cd00000|100%| O|  |TAMS 0x000000070cd00000, 0x000000070cc00000| Untracked 
| 133|0x000000070cd00000, 0x000000070ce00000, 0x000000070ce00000|100%| O|  |TAMS 0x000000070ce00000, 0x000000070cd00000| Untracked 
| 134|0x000000070ce00000, 0x000000070cf00000, 0x000000070cf00000|100%| O|  |TAMS 0x000000070cf00000, 0x000000070ce00000| Untracked 
| 135|0x000000070cf00000, 0x000000070d000000, 0x000000070d000000|100%| O|  |TAMS 0x000000070d000000, 0x000000070cf00000| Untracked 
| 136|0x000000070d000000, 0x000000070d100000, 0x000000070d100000|100%| O|  |TAMS 0x000000070d100000, 0x000000070d000000| Untracked 
| 137|0x000000070d100000, 0x000000070d200000, 0x000000070d200000|100%| O|  |TAMS 0x000000070d200000, 0x000000070d100000| Untracked 
| 138|0x000000070d200000, 0x000000070d300000, 0x000000070d300000|100%| O|  |TAMS 0x000000070d300000, 0x000000070d200000| Untracked 
| 139|0x000000070d300000, 0x000000070d400000, 0x000000070d400000|100%| O|  |TAMS 0x000000070d400000, 0x000000070d300000| Complete 
| 140|0x000000070d400000, 0x000000070d500000, 0x000000070d500000|100%| O|  |TAMS 0x000000070d500000, 0x000000070d400000| Complete 
| 141|0x000000070d500000, 0x000000070d5f5000, 0x000000070d600000| 95%| O|  |TAMS 0x000000070d5f5000, 0x000000070d500000| Untracked 
| 142|0x000000070d600000, 0x000000070d600000, 0x000000070d700000|  0%| F|  |TAMS 0x000000070d600000, 0x000000070d600000| Untracked 
| 143|0x000000070d700000, 0x000000070d700000, 0x000000070d800000|  0%| F|  |TAMS 0x000000070d700000, 0x000000070d700000| Untracked 
| 144|0x000000070d800000, 0x000000070d900000, 0x000000070d900000|100%|HS|  |TAMS 0x000000070d900000, 0x000000070d800000| Complete 
| 145|0x000000070d900000, 0x000000070da00000, 0x000000070da00000|100%|HC|  |TAMS 0x000000070da00000, 0x000000070d900000| Complete 
| 146|0x000000070da00000, 0x000000070db00000, 0x000000070db00000|100%|HS|  |TAMS 0x000000070db00000, 0x000000070da00000| Complete 
| 147|0x000000070db00000, 0x000000070dc00000, 0x000000070dc00000|100%|HC|  |TAMS 0x000000070dc00000, 0x000000070db00000| Complete 
| 148|0x000000070dc00000, 0x000000070dd00000, 0x000000070dd00000|100%|HS|  |TAMS 0x000000070dd00000, 0x000000070dc00000| Complete 
| 149|0x000000070dd00000, 0x000000070de00000, 0x000000070de00000|100%|HC|  |TAMS 0x000000070de00000, 0x000000070dd00000| Complete 
| 150|0x000000070de00000, 0x000000070df00000, 0x000000070df00000|100%|HS|  |TAMS 0x000000070df00000, 0x000000070de00000| Complete 
| 151|0x000000070df00000, 0x000000070e000000, 0x000000070e000000|100%|HC|  |TAMS 0x000000070e000000, 0x000000070df00000| Complete 
| 152|0x000000070e000000, 0x000000070e100000, 0x000000070e100000|100%|HS|  |TAMS 0x000000070e100000, 0x000000070e000000| Complete 
| 153|0x000000070e100000, 0x000000070e200000, 0x000000070e200000|100%|HC|  |TAMS 0x000000070e200000, 0x000000070e100000| Complete 
| 154|0x000000070e200000, 0x000000070e300000, 0x000000070e300000|100%|HS|  |TAMS 0x000000070e300000, 0x000000070e200000| Complete 
| 155|0x000000070e300000, 0x000000070e400000, 0x000000070e400000|100%|HC|  |TAMS 0x000000070e400000, 0x000000070e300000| Complete 
| 156|0x000000070e400000, 0x000000070e500000, 0x000000070e500000|100%|HS|  |TAMS 0x000000070e500000, 0x000000070e400000| Complete 
| 157|0x000000070e500000, 0x000000070e600000, 0x000000070e600000|100%|HC|  |TAMS 0x000000070e600000, 0x000000070e500000| Complete 
| 158|0x000000070e600000, 0x000000070e700000, 0x000000070e700000|100%|HS|  |TAMS 0x000000070e700000, 0x000000070e600000| Complete 
| 159|0x000000070e700000, 0x000000070e800000, 0x000000070e800000|100%|HC|  |TAMS 0x000000070e800000, 0x000000070e700000| Complete 
| 160|0x000000070e800000, 0x000000070e900000, 0x000000070e900000|100%|HC|  |TAMS 0x000000070e900000, 0x000000070e800000| Complete 
| 161|0x000000070e900000, 0x000000070ea00000, 0x000000070ea00000|100%|HC|  |TAMS 0x000000070ea00000, 0x000000070e900000| Complete 
| 162|0x000000070ea00000, 0x000000070eb00000, 0x000000070eb00000|100%|HC|  |TAMS 0x000000070eb00000, 0x000000070ea00000| Complete 
| 163|0x000000070eb00000, 0x000000070ec00000, 0x000000070ec00000|100%|HC|  |TAMS 0x000000070ec00000, 0x000000070eb00000| Complete 
| 164|0x000000070ec00000, 0x000000070ec00000, 0x000000070ed00000|  0%| F|  |TAMS 0x000000070ec00000, 0x000000070ec00000| Untracked 
| 165|0x000000070ed00000, 0x000000070ed00000, 0x000000070ee00000|  0%| F|  |TAMS 0x000000070ed00000, 0x000000070ed00000| Untracked 
| 166|0x000000070ee00000, 0x000000070ee00000, 0x000000070ef00000|  0%| F|  |TAMS 0x000000070ee00000, 0x000000070ee00000| Untracked 
| 167|0x000000070ef00000, 0x000000070ef00000, 0x000000070f000000|  0%| F|  |TAMS 0x000000070ef00000, 0x000000070ef00000| Untracked 
| 168|0x000000070f000000, 0x000000070f000000, 0x000000070f100000|  0%| F|  |TAMS 0x000000070f000000, 0x000000070f000000| Untracked 
| 169|0x000000070f100000, 0x000000070f100000, 0x000000070f200000|  0%| F|  |TAMS 0x000000070f100000, 0x000000070f100000| Untracked 
| 170|0x000000070f200000, 0x000000070f200000, 0x000000070f300000|  0%| F|  |TAMS 0x000000070f200000, 0x000000070f200000| Untracked 
| 171|0x000000070f300000, 0x000000070f300000, 0x000000070f400000|  0%| F|  |TAMS 0x000000070f300000, 0x000000070f300000| Untracked 
| 172|0x000000070f400000, 0x000000070f400000, 0x000000070f500000|  0%| F|  |TAMS 0x000000070f400000, 0x000000070f400000| Untracked 
| 173|0x000000070f500000, 0x000000070f500000, 0x000000070f600000|  0%| F|  |TAMS 0x000000070f500000, 0x000000070f500000| Untracked 
| 174|0x000000070f600000, 0x000000070f600000, 0x000000070f700000|  0%| F|  |TAMS 0x000000070f600000, 0x000000070f600000| Untracked 
| 175|0x000000070f700000, 0x000000070f700000, 0x000000070f800000|  0%| F|  |TAMS 0x000000070f700000, 0x000000070f700000| Untracked 
| 176|0x000000070f800000, 0x000000070f800000, 0x000000070f900000|  0%| F|  |TAMS 0x000000070f800000, 0x000000070f800000| Untracked 
| 177|0x000000070f900000, 0x000000070f900000, 0x000000070fa00000|  0%| F|  |TAMS 0x000000070f900000, 0x000000070f900000| Untracked 
| 178|0x000000070fa00000, 0x000000070fa00000, 0x000000070fb00000|  0%| F|  |TAMS 0x000000070fa00000, 0x000000070fa00000| Untracked 
| 179|0x000000070fb00000, 0x000000070fb00000, 0x000000070fc00000|  0%| F|  |TAMS 0x000000070fb00000, 0x000000070fb00000| Untracked 
| 180|0x000000070fc00000, 0x000000070fc00000, 0x000000070fd00000|  0%| F|  |TAMS 0x000000070fc00000, 0x000000070fc00000| Untracked 
| 181|0x000000070fd00000, 0x000000070fd00000, 0x000000070fe00000|  0%| F|  |TAMS 0x000000070fd00000, 0x000000070fd00000| Untracked 
| 182|0x000000070fe00000, 0x000000070fe00000, 0x000000070ff00000|  0%| F|  |TAMS 0x000000070fe00000, 0x000000070fe00000| Untracked 
| 183|0x000000070ff00000, 0x000000070ff00000, 0x0000000710000000|  0%| F|  |TAMS 0x000000070ff00000, 0x000000070ff00000| Untracked 
| 184|0x0000000710000000, 0x0000000710000000, 0x0000000710100000|  0%| F|  |TAMS 0x0000000710000000, 0x0000000710000000| Untracked 
| 185|0x0000000710100000, 0x0000000710100000, 0x0000000710200000|  0%| F|  |TAMS 0x0000000710100000, 0x0000000710100000| Untracked 
| 186|0x0000000710200000, 0x0000000710200000, 0x0000000710300000|  0%| F|  |TAMS 0x0000000710200000, 0x0000000710200000| Untracked 
| 187|0x0000000710300000, 0x0000000710300000, 0x0000000710400000|  0%| F|  |TAMS 0x0000000710300000, 0x0000000710300000| Untracked 
| 188|0x0000000710400000, 0x0000000710400000, 0x0000000710500000|  0%| F|  |TAMS 0x0000000710400000, 0x0000000710400000| Untracked 
| 189|0x0000000710500000, 0x0000000710500000, 0x0000000710600000|  0%| F|  |TAMS 0x0000000710500000, 0x0000000710500000| Untracked 
| 190|0x0000000710600000, 0x0000000710600000, 0x0000000710700000|  0%| F|  |TAMS 0x0000000710600000, 0x0000000710600000| Untracked 
| 191|0x0000000710700000, 0x0000000710700000, 0x0000000710800000|  0%| F|  |TAMS 0x0000000710700000, 0x0000000710700000| Untracked 
| 192|0x0000000710800000, 0x0000000710800000, 0x0000000710900000|  0%| F|  |TAMS 0x0000000710800000, 0x0000000710800000| Untracked 
| 193|0x0000000710900000, 0x0000000710900000, 0x0000000710a00000|  0%| F|  |TAMS 0x0000000710900000, 0x0000000710900000| Untracked 
| 194|0x0000000710a00000, 0x0000000710a00000, 0x0000000710b00000|  0%| F|  |TAMS 0x0000000710a00000, 0x0000000710a00000| Untracked 
| 195|0x0000000710b00000, 0x0000000710b00000, 0x0000000710c00000|  0%| F|  |TAMS 0x0000000710b00000, 0x0000000710b00000| Untracked 
| 196|0x0000000710c00000, 0x0000000710c00000, 0x0000000710d00000|  0%| F|  |TAMS 0x0000000710c00000, 0x0000000710c00000| Untracked 
| 197|0x0000000710d00000, 0x0000000710d00000, 0x0000000710e00000|  0%| F|  |TAMS 0x0000000710d00000, 0x0000000710d00000| Untracked 
| 198|0x0000000710e00000, 0x0000000710e00000, 0x0000000710f00000|  0%| F|  |TAMS 0x0000000710e00000, 0x0000000710e00000| Untracked 
| 199|0x0000000710f00000, 0x0000000710f00000, 0x0000000711000000|  0%| F|  |TAMS 0x0000000710f00000, 0x0000000710f00000| Untracked 
| 200|0x0000000711000000, 0x0000000711000000, 0x0000000711100000|  0%| F|  |TAMS 0x0000000711000000, 0x0000000711000000| Untracked 
| 201|0x0000000711100000, 0x0000000711100000, 0x0000000711200000|  0%| F|  |TAMS 0x0000000711100000, 0x0000000711100000| Untracked 
| 202|0x0000000711200000, 0x0000000711200000, 0x0000000711300000|  0%| F|  |TAMS 0x0000000711200000, 0x0000000711200000| Untracked 
| 203|0x0000000711300000, 0x0000000711300000, 0x0000000711400000|  0%| F|  |TAMS 0x0000000711300000, 0x0000000711300000| Untracked 
| 204|0x0000000711400000, 0x0000000711400000, 0x0000000711500000|  0%| F|  |TAMS 0x0000000711400000, 0x0000000711400000| Untracked 
| 205|0x0000000711500000, 0x0000000711500000, 0x0000000711600000|  0%| F|  |TAMS 0x0000000711500000, 0x0000000711500000| Untracked 
| 206|0x0000000711600000, 0x0000000711600000, 0x0000000711700000|  0%| F|  |TAMS 0x0000000711600000, 0x0000000711600000| Untracked 
| 207|0x0000000711700000, 0x0000000711700000, 0x0000000711800000|  0%| F|  |TAMS 0x0000000711700000, 0x0000000711700000| Untracked 
| 208|0x0000000711800000, 0x0000000711800000, 0x0000000711900000|  0%| F|  |TAMS 0x0000000711800000, 0x0000000711800000| Untracked 
| 209|0x0000000711900000, 0x0000000711900000, 0x0000000711a00000|  0%| F|  |TAMS 0x0000000711900000, 0x0000000711900000| Untracked 
| 210|0x0000000711a00000, 0x0000000711a00000, 0x0000000711b00000|  0%| F|  |TAMS 0x0000000711a00000, 0x0000000711a00000| Untracked 
| 211|0x0000000711b00000, 0x0000000711b00000, 0x0000000711c00000|  0%| F|  |TAMS 0x0000000711b00000, 0x0000000711b00000| Untracked 
| 212|0x0000000711c00000, 0x0000000711c00000, 0x0000000711d00000|  0%| F|  |TAMS 0x0000000711c00000, 0x0000000711c00000| Untracked 
| 213|0x0000000711d00000, 0x0000000711d00000, 0x0000000711e00000|  0%| F|  |TAMS 0x0000000711d00000, 0x0000000711d00000| Untracked 
| 214|0x0000000711e00000, 0x0000000711e00000, 0x0000000711f00000|  0%| F|  |TAMS 0x0000000711e00000, 0x0000000711e00000| Untracked 
| 215|0x0000000711f00000, 0x0000000711f00000, 0x0000000712000000|  0%| F|  |TAMS 0x0000000711f00000, 0x0000000711f00000| Untracked 
| 216|0x0000000712000000, 0x0000000712000000, 0x0000000712100000|  0%| F|  |TAMS 0x0000000712000000, 0x0000000712000000| Untracked 
| 217|0x0000000712100000, 0x0000000712100000, 0x0000000712200000|  0%| F|  |TAMS 0x0000000712100000, 0x0000000712100000| Untracked 
| 218|0x0000000712200000, 0x0000000712200000, 0x0000000712300000|  0%| F|  |TAMS 0x0000000712200000, 0x0000000712200000| Untracked 
| 219|0x0000000712300000, 0x0000000712300000, 0x0000000712400000|  0%| F|  |TAMS 0x0000000712300000, 0x0000000712300000| Untracked 
| 220|0x0000000712400000, 0x0000000712400000, 0x0000000712500000|  0%| F|  |TAMS 0x0000000712400000, 0x0000000712400000| Untracked 
| 221|0x0000000712500000, 0x0000000712500000, 0x0000000712600000|  0%| F|  |TAMS 0x0000000712500000, 0x0000000712500000| Untracked 
| 222|0x0000000712600000, 0x0000000712600000, 0x0000000712700000|  0%| F|  |TAMS 0x0000000712600000, 0x0000000712600000| Untracked 
| 223|0x0000000712700000, 0x0000000712700000, 0x0000000712800000|  0%| F|  |TAMS 0x0000000712700000, 0x0000000712700000| Untracked 
| 224|0x0000000712800000, 0x0000000712800000, 0x0000000712900000|  0%| F|  |TAMS 0x0000000712800000, 0x0000000712800000| Untracked 
| 225|0x0000000712900000, 0x0000000712900000, 0x0000000712a00000|  0%| F|  |TAMS 0x0000000712900000, 0x0000000712900000| Untracked 
| 226|0x0000000712a00000, 0x0000000712a00000, 0x0000000712b00000|  0%| F|  |TAMS 0x0000000712a00000, 0x0000000712a00000| Untracked 
| 227|0x0000000712b00000, 0x0000000712b00000, 0x0000000712c00000|  0%| F|  |TAMS 0x0000000712b00000, 0x0000000712b00000| Untracked 
| 228|0x0000000712c00000, 0x0000000712c00000, 0x0000000712d00000|  0%| F|  |TAMS 0x0000000712c00000, 0x0000000712c00000| Untracked 
| 229|0x0000000712d00000, 0x0000000712d00000, 0x0000000712e00000|  0%| F|  |TAMS 0x0000000712d00000, 0x0000000712d00000| Untracked 
| 230|0x0000000712e00000, 0x0000000712e00000, 0x0000000712f00000|  0%| F|  |TAMS 0x0000000712e00000, 0x0000000712e00000| Untracked 
| 231|0x0000000712f00000, 0x0000000712f00000, 0x0000000713000000|  0%| F|  |TAMS 0x0000000712f00000, 0x0000000712f00000| Untracked 
| 232|0x0000000713000000, 0x0000000713000000, 0x0000000713100000|  0%| F|  |TAMS 0x0000000713000000, 0x0000000713000000| Untracked 
| 233|0x0000000713100000, 0x0000000713100000, 0x0000000713200000|  0%| F|  |TAMS 0x0000000713100000, 0x0000000713100000| Untracked 
| 234|0x0000000713200000, 0x0000000713200000, 0x0000000713300000|  0%| F|  |TAMS 0x0000000713200000, 0x0000000713200000| Untracked 
| 235|0x0000000713300000, 0x0000000713300000, 0x0000000713400000|  0%| F|  |TAMS 0x0000000713300000, 0x0000000713300000| Untracked 
| 236|0x0000000713400000, 0x0000000713400000, 0x0000000713500000|  0%| F|  |TAMS 0x0000000713400000, 0x0000000713400000| Untracked 
| 237|0x0000000713500000, 0x0000000713600000, 0x0000000713600000|100%| E|  |TAMS 0x0000000713500000, 0x0000000713500000| Complete 
| 238|0x0000000713600000, 0x0000000713700000, 0x0000000713700000|100%| E|CS|TAMS 0x0000000713600000, 0x0000000713600000| Complete 
| 239|0x0000000713700000, 0x0000000713800000, 0x0000000713800000|100%| E|CS|TAMS 0x0000000713700000, 0x0000000713700000| Complete 
| 240|0x0000000713800000, 0x0000000713900000, 0x0000000713900000|100%| E|CS|TAMS 0x0000000713800000, 0x0000000713800000| Complete 
| 241|0x0000000713900000, 0x0000000713a00000, 0x0000000713a00000|100%| E|CS|TAMS 0x0000000713900000, 0x0000000713900000| Complete 
| 242|0x0000000713a00000, 0x0000000713b00000, 0x0000000713b00000|100%| E|CS|TAMS 0x0000000713a00000, 0x0000000713a00000| Complete 
| 243|0x0000000713b00000, 0x0000000713c00000, 0x0000000713c00000|100%| E|CS|TAMS 0x0000000713b00000, 0x0000000713b00000| Complete 
| 244|0x0000000713c00000, 0x0000000713d00000, 0x0000000713d00000|100%| E|CS|TAMS 0x0000000713c00000, 0x0000000713c00000| Complete 
| 245|0x0000000713d00000, 0x0000000713e00000, 0x0000000713e00000|100%| E|CS|TAMS 0x0000000713d00000, 0x0000000713d00000| Complete 
| 246|0x0000000713e00000, 0x0000000713f00000, 0x0000000713f00000|100%| E|CS|TAMS 0x0000000713e00000, 0x0000000713e00000| Complete 
| 247|0x0000000713f00000, 0x0000000714000000, 0x0000000714000000|100%| E|CS|TAMS 0x0000000713f00000, 0x0000000713f00000| Complete 
| 248|0x0000000714000000, 0x0000000714100000, 0x0000000714100000|100%| E|CS|TAMS 0x0000000714000000, 0x0000000714000000| Complete 
| 249|0x0000000714100000, 0x0000000714200000, 0x0000000714200000|100%| E|CS|TAMS 0x0000000714100000, 0x0000000714100000| Complete 
| 250|0x0000000714200000, 0x0000000714300000, 0x0000000714300000|100%| E|CS|TAMS 0x0000000714200000, 0x0000000714200000| Complete 
| 251|0x0000000714300000, 0x0000000714400000, 0x0000000714400000|100%| E|CS|TAMS 0x0000000714300000, 0x0000000714300000| Complete 
| 252|0x0000000714400000, 0x0000000714500000, 0x0000000714500000|100%| E|CS|TAMS 0x0000000714400000, 0x0000000714400000| Complete 
| 253|0x0000000714500000, 0x0000000714600000, 0x0000000714600000|100%| E|CS|TAMS 0x0000000714500000, 0x0000000714500000| Complete 
| 254|0x0000000714600000, 0x0000000714700000, 0x0000000714700000|100%| E|CS|TAMS 0x0000000714600000, 0x0000000714600000| Complete 
| 255|0x0000000714700000, 0x0000000714800000, 0x0000000714800000|100%| E|CS|TAMS 0x0000000714700000, 0x0000000714700000| Complete 
| 256|0x0000000714800000, 0x0000000714900000, 0x0000000714900000|100%| E|CS|TAMS 0x0000000714800000, 0x0000000714800000| Complete 
| 257|0x0000000714900000, 0x0000000714a00000, 0x0000000714a00000|100%| E|CS|TAMS 0x0000000714900000, 0x0000000714900000| Complete 
| 258|0x0000000714a00000, 0x0000000714b00000, 0x0000000714b00000|100%| E|CS|TAMS 0x0000000714a00000, 0x0000000714a00000| Complete 
| 259|0x0000000714b00000, 0x0000000714c00000, 0x0000000714c00000|100%| E|CS|TAMS 0x0000000714b00000, 0x0000000714b00000| Complete 
| 260|0x0000000714c00000, 0x0000000714d00000, 0x0000000714d00000|100%| E|CS|TAMS 0x0000000714c00000, 0x0000000714c00000| Complete 
| 261|0x0000000714d00000, 0x0000000714e00000, 0x0000000714e00000|100%| E|CS|TAMS 0x0000000714d00000, 0x0000000714d00000| Complete 
| 262|0x0000000714e00000, 0x0000000714f00000, 0x0000000714f00000|100%| E|CS|TAMS 0x0000000714e00000, 0x0000000714e00000| Complete 
| 263|0x0000000714f00000, 0x0000000715000000, 0x0000000715000000|100%| E|CS|TAMS 0x0000000714f00000, 0x0000000714f00000| Complete 
| 264|0x0000000715000000, 0x0000000715100000, 0x0000000715100000|100%| E|CS|TAMS 0x0000000715000000, 0x0000000715000000| Complete 
| 265|0x0000000715100000, 0x0000000715200000, 0x0000000715200000|100%| E|CS|TAMS 0x0000000715100000, 0x0000000715100000| Complete 
| 266|0x0000000715200000, 0x0000000715300000, 0x0000000715300000|100%| E|CS|TAMS 0x0000000715200000, 0x0000000715200000| Complete 
| 267|0x0000000715300000, 0x0000000715400000, 0x0000000715400000|100%| E|CS|TAMS 0x0000000715300000, 0x0000000715300000| Complete 
| 268|0x0000000715400000, 0x0000000715500000, 0x0000000715500000|100%| E|CS|TAMS 0x0000000715400000, 0x0000000715400000| Complete 
| 269|0x0000000715500000, 0x0000000715600000, 0x0000000715600000|100%| E|CS|TAMS 0x0000000715500000, 0x0000000715500000| Complete 
| 270|0x0000000715600000, 0x0000000715700000, 0x0000000715700000|100%| E|CS|TAMS 0x0000000715600000, 0x0000000715600000| Complete 
| 271|0x0000000715700000, 0x0000000715800000, 0x0000000715800000|100%| E|CS|TAMS 0x0000000715700000, 0x0000000715700000| Complete 
| 272|0x0000000715800000, 0x0000000715900000, 0x0000000715900000|100%| E|CS|TAMS 0x0000000715800000, 0x0000000715800000| Complete 
| 273|0x0000000715900000, 0x0000000715a00000, 0x0000000715a00000|100%| E|CS|TAMS 0x0000000715900000, 0x0000000715900000| Complete 
| 274|0x0000000715a00000, 0x0000000715b00000, 0x0000000715b00000|100%| E|CS|TAMS 0x0000000715a00000, 0x0000000715a00000| Complete 
| 275|0x0000000715b00000, 0x0000000715c00000, 0x0000000715c00000|100%| E|CS|TAMS 0x0000000715b00000, 0x0000000715b00000| Complete 
| 276|0x0000000715c00000, 0x0000000715d00000, 0x0000000715d00000|100%| E|CS|TAMS 0x0000000715c00000, 0x0000000715c00000| Complete 
| 277|0x0000000715d00000, 0x0000000715e00000, 0x0000000715e00000|100%| E|CS|TAMS 0x0000000715d00000, 0x0000000715d00000| Complete 
| 278|0x0000000715e00000, 0x0000000715f00000, 0x0000000715f00000|100%| E|CS|TAMS 0x0000000715e00000, 0x0000000715e00000| Complete 
| 279|0x0000000715f00000, 0x0000000716000000, 0x0000000716000000|100%| E|CS|TAMS 0x0000000715f00000, 0x0000000715f00000| Complete 
| 280|0x0000000716000000, 0x0000000716100000, 0x0000000716100000|100%| E|CS|TAMS 0x0000000716000000, 0x0000000716000000| Complete 
| 281|0x0000000716100000, 0x0000000716200000, 0x0000000716200000|100%| E|CS|TAMS 0x0000000716100000, 0x0000000716100000| Complete 
| 282|0x0000000716200000, 0x0000000716300000, 0x0000000716300000|100%| E|CS|TAMS 0x0000000716200000, 0x0000000716200000| Complete 
| 283|0x0000000716300000, 0x0000000716400000, 0x0000000716400000|100%| E|CS|TAMS 0x0000000716300000, 0x0000000716300000| Complete 
| 284|0x0000000716400000, 0x0000000716500000, 0x0000000716500000|100%| E|CS|TAMS 0x0000000716400000, 0x0000000716400000| Complete 
| 285|0x0000000716500000, 0x0000000716600000, 0x0000000716600000|100%| E|CS|TAMS 0x0000000716500000, 0x0000000716500000| Complete 
| 286|0x0000000716600000, 0x000000071668adc8, 0x0000000716700000| 54%| S|CS|TAMS 0x0000000716600000, 0x0000000716600000| Complete 
| 287|0x0000000716700000, 0x0000000716800000, 0x0000000716800000|100%| S|CS|TAMS 0x0000000716700000, 0x0000000716700000| Complete 
| 288|0x0000000716800000, 0x0000000716900000, 0x0000000716900000|100%| S|CS|TAMS 0x0000000716800000, 0x0000000716800000| Complete 
| 289|0x0000000716900000, 0x0000000716a00000, 0x0000000716a00000|100%| S|CS|TAMS 0x0000000716900000, 0x0000000716900000| Complete 
| 290|0x0000000716a00000, 0x0000000716b00000, 0x0000000716b00000|100%| S|CS|TAMS 0x0000000716a00000, 0x0000000716a00000| Complete 
| 291|0x0000000716b00000, 0x0000000716c00000, 0x0000000716c00000|100%| S|CS|TAMS 0x0000000716b00000, 0x0000000716b00000| Complete 
| 292|0x0000000716c00000, 0x0000000716d00000, 0x0000000716d00000|100%| S|CS|TAMS 0x0000000716c00000, 0x0000000716c00000| Complete 
| 293|0x0000000716d00000, 0x0000000716e00000, 0x0000000716e00000|100%| S|CS|TAMS 0x0000000716d00000, 0x0000000716d00000| Complete 
| 294|0x0000000716e00000, 0x0000000716f00000, 0x0000000716f00000|100%| S|CS|TAMS 0x0000000716e00000, 0x0000000716e00000| Complete 
| 295|0x0000000716f00000, 0x0000000717000000, 0x0000000717000000|100%| S|CS|TAMS 0x0000000716f00000, 0x0000000716f00000| Complete 
| 296|0x0000000717000000, 0x0000000717100000, 0x0000000717100000|100%| S|CS|TAMS 0x0000000717000000, 0x0000000717000000| Complete 
| 297|0x0000000717100000, 0x0000000717200000, 0x0000000717200000|100%| S|CS|TAMS 0x0000000717100000, 0x0000000717100000| Complete 
| 298|0x0000000717200000, 0x0000000717300000, 0x0000000717300000|100%| E|CS|TAMS 0x0000000717200000, 0x0000000717200000| Complete 
| 299|0x0000000717300000, 0x0000000717400000, 0x0000000717400000|100%| E|CS|TAMS 0x0000000717300000, 0x0000000717300000| Complete 
| 300|0x0000000717400000, 0x0000000717500000, 0x0000000717500000|100%| E|CS|TAMS 0x0000000717400000, 0x0000000717400000| Complete 
| 301|0x0000000717500000, 0x0000000717600000, 0x0000000717600000|100%| E|CS|TAMS 0x0000000717500000, 0x0000000717500000| Complete 
| 302|0x0000000717600000, 0x0000000717700000, 0x0000000717700000|100%| E|CS|TAMS 0x0000000717600000, 0x0000000717600000| Complete 
| 303|0x0000000717700000, 0x0000000717800000, 0x0000000717800000|100%| E|CS|TAMS 0x0000000717700000, 0x0000000717700000| Complete 
| 304|0x0000000717800000, 0x0000000717900000, 0x0000000717900000|100%| E|CS|TAMS 0x0000000717800000, 0x0000000717800000| Complete 
| 305|0x0000000717900000, 0x0000000717a00000, 0x0000000717a00000|100%| E|CS|TAMS 0x0000000717900000, 0x0000000717900000| Complete 
| 306|0x0000000717a00000, 0x0000000717b00000, 0x0000000717b00000|100%| E|CS|TAMS 0x0000000717a00000, 0x0000000717a00000| Complete 
| 307|0x0000000717b00000, 0x0000000717c00000, 0x0000000717c00000|100%| E|CS|TAMS 0x0000000717b00000, 0x0000000717b00000| Complete 
| 308|0x0000000717c00000, 0x0000000717d00000, 0x0000000717d00000|100%| E|CS|TAMS 0x0000000717c00000, 0x0000000717c00000| Complete 
| 309|0x0000000717d00000, 0x0000000717e00000, 0x0000000717e00000|100%| E|CS|TAMS 0x0000000717d00000, 0x0000000717d00000| Complete 
| 310|0x0000000717e00000, 0x0000000717f00000, 0x0000000717f00000|100%| E|CS|TAMS 0x0000000717e00000, 0x0000000717e00000| Complete 
| 311|0x0000000717f00000, 0x0000000718000000, 0x0000000718000000|100%| E|CS|TAMS 0x0000000717f00000, 0x0000000717f00000| Complete 
| 312|0x0000000718000000, 0x0000000718100000, 0x0000000718100000|100%| E|CS|TAMS 0x0000000718000000, 0x0000000718000000| Complete 
| 313|0x0000000718100000, 0x0000000718200000, 0x0000000718200000|100%| E|CS|TAMS 0x0000000718100000, 0x0000000718100000| Complete 
| 314|0x0000000718200000, 0x0000000718300000, 0x0000000718300000|100%| E|CS|TAMS 0x0000000718200000, 0x0000000718200000| Complete 
| 315|0x0000000718300000, 0x0000000718400000, 0x0000000718400000|100%| E|CS|TAMS 0x0000000718300000, 0x0000000718300000| Complete 
| 316|0x0000000718400000, 0x0000000718500000, 0x0000000718500000|100%| E|CS|TAMS 0x0000000718400000, 0x0000000718400000| Complete 
| 317|0x0000000718500000, 0x0000000718600000, 0x0000000718600000|100%| E|CS|TAMS 0x0000000718500000, 0x0000000718500000| Complete 
| 318|0x0000000718600000, 0x0000000718700000, 0x0000000718700000|100%| E|CS|TAMS 0x0000000718600000, 0x0000000718600000| Complete 
| 319|0x0000000718700000, 0x0000000718800000, 0x0000000718800000|100%| E|CS|TAMS 0x0000000718700000, 0x0000000718700000| Complete 
| 320|0x0000000718800000, 0x0000000718900000, 0x0000000718900000|100%| E|CS|TAMS 0x0000000718800000, 0x0000000718800000| Complete 
| 321|0x0000000718900000, 0x0000000718a00000, 0x0000000718a00000|100%| E|CS|TAMS 0x0000000718900000, 0x0000000718900000| Complete 
| 322|0x0000000718a00000, 0x0000000718b00000, 0x0000000718b00000|100%| E|CS|TAMS 0x0000000718a00000, 0x0000000718a00000| Complete 
| 323|0x0000000718b00000, 0x0000000718c00000, 0x0000000718c00000|100%| E|CS|TAMS 0x0000000718b00000, 0x0000000718b00000| Complete 
| 324|0x0000000718c00000, 0x0000000718d00000, 0x0000000718d00000|100%| E|CS|TAMS 0x0000000718c00000, 0x0000000718c00000| Complete 
| 325|0x0000000718d00000, 0x0000000718e00000, 0x0000000718e00000|100%| E|CS|TAMS 0x0000000718d00000, 0x0000000718d00000| Complete 
| 326|0x0000000718e00000, 0x0000000718f00000, 0x0000000718f00000|100%| E|CS|TAMS 0x0000000718e00000, 0x0000000718e00000| Complete 
| 327|0x0000000718f00000, 0x0000000719000000, 0x0000000719000000|100%| E|CS|TAMS 0x0000000718f00000, 0x0000000718f00000| Complete 
| 328|0x0000000719000000, 0x0000000719100000, 0x0000000719100000|100%| E|CS|TAMS 0x0000000719000000, 0x0000000719000000| Complete 
| 329|0x0000000719100000, 0x0000000719200000, 0x0000000719200000|100%| E|CS|TAMS 0x0000000719100000, 0x0000000719100000| Complete 
| 330|0x0000000719200000, 0x0000000719300000, 0x0000000719300000|100%| E|CS|TAMS 0x0000000719200000, 0x0000000719200000| Complete 
| 331|0x0000000719300000, 0x0000000719400000, 0x0000000719400000|100%| E|CS|TAMS 0x0000000719300000, 0x0000000719300000| Complete 
| 332|0x0000000719400000, 0x0000000719500000, 0x0000000719500000|100%| E|CS|TAMS 0x0000000719400000, 0x0000000719400000| Complete 
| 333|0x0000000719500000, 0x0000000719600000, 0x0000000719600000|100%| E|CS|TAMS 0x0000000719500000, 0x0000000719500000| Complete 
| 334|0x0000000719600000, 0x0000000719700000, 0x0000000719700000|100%| E|CS|TAMS 0x0000000719600000, 0x0000000719600000| Complete 
| 335|0x0000000719700000, 0x0000000719800000, 0x0000000719800000|100%| E|CS|TAMS 0x0000000719700000, 0x0000000719700000| Complete 
| 336|0x0000000719800000, 0x0000000719900000, 0x0000000719900000|100%| E|CS|TAMS 0x0000000719800000, 0x0000000719800000| Complete 
| 337|0x0000000719900000, 0x0000000719a00000, 0x0000000719a00000|100%| E|CS|TAMS 0x0000000719900000, 0x0000000719900000| Complete 
| 338|0x0000000719a00000, 0x0000000719b00000, 0x0000000719b00000|100%| E|CS|TAMS 0x0000000719a00000, 0x0000000719a00000| Complete 
| 339|0x0000000719b00000, 0x0000000719c00000, 0x0000000719c00000|100%| E|CS|TAMS 0x0000000719b00000, 0x0000000719b00000| Complete 
| 340|0x0000000719c00000, 0x0000000719d00000, 0x0000000719d00000|100%| E|CS|TAMS 0x0000000719c00000, 0x0000000719c00000| Complete 
| 341|0x0000000719d00000, 0x0000000719e00000, 0x0000000719e00000|100%| E|CS|TAMS 0x0000000719d00000, 0x0000000719d00000| Complete 
| 342|0x0000000719e00000, 0x0000000719f00000, 0x0000000719f00000|100%| E|CS|TAMS 0x0000000719e00000, 0x0000000719e00000| Complete 
| 343|0x0000000719f00000, 0x000000071a000000, 0x000000071a000000|100%| E|CS|TAMS 0x0000000719f00000, 0x0000000719f00000| Complete 
| 344|0x000000071a000000, 0x000000071a100000, 0x000000071a100000|100%| E|CS|TAMS 0x000000071a000000, 0x000000071a000000| Complete 
| 345|0x000000071a100000, 0x000000071a200000, 0x000000071a200000|100%| E|CS|TAMS 0x000000071a100000, 0x000000071a100000| Complete 
| 346|0x000000071a200000, 0x000000071a300000, 0x000000071a300000|100%| E|CS|TAMS 0x000000071a200000, 0x000000071a200000| Complete 
| 347|0x000000071a300000, 0x000000071a400000, 0x000000071a400000|100%| E|CS|TAMS 0x000000071a300000, 0x000000071a300000| Complete 
| 348|0x000000071a400000, 0x000000071a500000, 0x000000071a500000|100%| E|CS|TAMS 0x000000071a400000, 0x000000071a400000| Complete 
| 349|0x000000071a500000, 0x000000071a600000, 0x000000071a600000|100%| E|CS|TAMS 0x000000071a500000, 0x000000071a500000| Complete 
| 350|0x000000071a600000, 0x000000071a700000, 0x000000071a700000|100%| E|CS|TAMS 0x000000071a600000, 0x000000071a600000| Complete 
| 351|0x000000071a700000, 0x000000071a800000, 0x000000071a800000|100%| E|CS|TAMS 0x000000071a700000, 0x000000071a700000| Complete 
| 352|0x000000071a800000, 0x000000071a900000, 0x000000071a900000|100%| E|CS|TAMS 0x000000071a800000, 0x000000071a800000| Complete 
| 353|0x000000071a900000, 0x000000071aa00000, 0x000000071aa00000|100%| E|CS|TAMS 0x000000071a900000, 0x000000071a900000| Complete 
| 354|0x000000071aa00000, 0x000000071ab00000, 0x000000071ab00000|100%| E|CS|TAMS 0x000000071aa00000, 0x000000071aa00000| Complete 
| 355|0x000000071ab00000, 0x000000071ac00000, 0x000000071ac00000|100%| E|CS|TAMS 0x000000071ab00000, 0x000000071ab00000| Complete 
| 356|0x000000071ac00000, 0x000000071ad00000, 0x000000071ad00000|100%| E|CS|TAMS 0x000000071ac00000, 0x000000071ac00000| Complete 
| 357|0x000000071ad00000, 0x000000071ae00000, 0x000000071ae00000|100%| E|CS|TAMS 0x000000071ad00000, 0x000000071ad00000| Complete 
| 358|0x000000071ae00000, 0x000000071af00000, 0x000000071af00000|100%| E|CS|TAMS 0x000000071ae00000, 0x000000071ae00000| Complete 
| 359|0x000000071af00000, 0x000000071b000000, 0x000000071b000000|100%| E|CS|TAMS 0x000000071af00000, 0x000000071af00000| Complete 
| 360|0x000000071b000000, 0x000000071b100000, 0x000000071b100000|100%| E|CS|TAMS 0x000000071b000000, 0x000000071b000000| Complete 
| 361|0x000000071b100000, 0x000000071b200000, 0x000000071b200000|100%| E|CS|TAMS 0x000000071b100000, 0x000000071b100000| Complete 
| 362|0x000000071b200000, 0x000000071b300000, 0x000000071b300000|100%| E|CS|TAMS 0x000000071b200000, 0x000000071b200000| Complete 
| 363|0x000000071b300000, 0x000000071b400000, 0x000000071b400000|100%| E|CS|TAMS 0x000000071b300000, 0x000000071b300000| Complete 

Card table byte_map: [0x000001897d280000,0x000001897da60000] _byte_map_base: 0x0000018979a5c000

Marking Bits (Prev, Next): (CMBitMap*) 0x000001897213b2a8, (CMBitMap*) 0x000001897213b2e0
 Prev Bits: [0x000001890f000000, 0x0000018912ee0000)
 Next Bits: [0x0000018912ee0000, 0x0000018916dc0000)

Polling page: 0x000001897c000000

Metaspace:

Usage:
  Non-class:     79.22 MB capacity,    77.49 MB ( 98%) used,     1.37 MB (  2%) free+waste,   364.00 KB ( <1%) overhead. 
      Class:     10.28 MB capacity,     9.05 MB ( 88%) used,     1.06 MB ( 10%) free+waste,   166.50 KB (  2%) overhead. 
       Both:     89.50 MB capacity,    86.54 MB ( 97%) used,     2.44 MB (  3%) free+waste,   530.50 KB ( <1%) overhead. 

Virtual space:
  Non-class space:       80.00 MB reserved,      79.25 MB (>99%) committed 
      Class space:        1.00 GB reserved,      10.38 MB (  1%) committed 
             Both:        1.08 GB reserved,      89.62 MB (  8%) committed 

Chunk freelists:
   Non-Class:  32.00 KB
       Class:  0 bytes
        Both:  32.00 KB

MaxMetaspaceSize: 17179869184.00 GB
CompressedClassSpaceSize: 1.00 GB
Initial GC threshold: 20.80 MB
Current GC threshold: 144.17 MB
CDS: off

CodeHeap 'non-profiled nmethods': size=120000Kb used=8956Kb max_used=8956Kb free=111043Kb
 bounds [0x0000018907ad0000, 0x0000018908390000, 0x000001890f000000]
CodeHeap 'profiled nmethods': size=120000Kb used=35604Kb max_used=35604Kb free=84395Kb
 bounds [0x00000189005a0000, 0x0000018902870000, 0x0000018907ad0000]
CodeHeap 'non-nmethods': size=5760Kb used=1757Kb max_used=1865Kb free=4002Kb
 bounds [0x0000018900000000, 0x0000018900270000, 0x00000189005a0000]
 total_blobs=11773 nmethods=10704 adapters=988
 compilation: enabled
              stopped_count=0, restarted_count=0
 full_count=0

Compilation events (20 events):
Event: 20.386 Thread 0x000001897f71c800 nmethod 10973% 0x0000018902859590 code [0x0000018902859800, 0x000001890285a328]
Event: 20.386 Thread 0x000001897f71c800 11031       2       org.bouncycastle.math.raw.Nat256::mul (637 bytes)
Event: 20.386 Thread 0x000001897f71c800 nmethod 11031 0x000001890285a790 code [0x000001890285a980, 0x000001890285b2f8]
Event: 20.386 Thread 0x000001897f71c800 11034 %     3       ko::ac @ 530 (1301 bytes)
Event: 20.389 Thread 0x000001897f71c800 nmethod 11034% 0x000001890285bb10 code [0x000001890285c060, 0x000001890285f238]
Event: 20.389 Thread 0x000001897f71c800 11036       2       org.bouncycastle.math.raw.Nat::subFrom (56 bytes)
Event: 20.390 Thread 0x000001897f71c800 nmethod 11036 0x0000018902861390 code [0x0000018902861540, 0x0000018902861718]
Event: 20.390 Thread 0x000001897f71c800 11033       3       ue::fw (272 bytes)
Event: 20.390 Thread 0x000001897f71c800 nmethod 11033 0x0000018902861890 code [0x0000018902861ae0, 0x0000018902862468]
Event: 20.390 Thread 0x000001897f71c800 11014       2       org.bouncycastle.asn1.StreamUtil::calculateBodyLength (60 bytes)
Event: 20.391 Thread 0x000001897f71c800 nmethod 11014 0x0000018902862910 code [0x0000018902862ac0, 0x0000018902862cd8]
Event: 20.391 Thread 0x000001897f71c800 11026       2       org.bouncycastle.math.raw.Nat256::createExt (5 bytes)
Event: 20.391 Thread 0x000001897f71c800 nmethod 11026 0x0000018902862e10 code [0x0000018902862fc0, 0x0000018902863138]
Event: 20.391 Thread 0x000001897f71c800 11027       2       org.bouncycastle.math.ec.custom.sec.SecP256R1Field::reduce (454 bytes)
Event: 20.391 Thread 0x000001897f71c800 nmethod 11027 0x0000018902863210 code [0x00000189028633e0, 0x00000189028639c8]
Event: 20.391 Thread 0x000001897f71c800 11038       2       org.bouncycastle.math.ec.custom.sec.SecP256R1Field::subtract (16 bytes)
Event: 20.391 Thread 0x000001897f71c800 nmethod 11038 0x0000018902864210 code [0x00000189028643c0, 0x00000189028644f8]
Event: 20.391 Thread 0x000001897f71c800 11032       2       org.bouncycastle.math.raw.Nat256::sub (251 bytes)
Event: 20.391 Thread 0x000001897f71c800 nmethod 11032 0x0000018902864610 code [0x0000018902864800, 0x0000018902864d38]
Event: 20.392 Thread 0x000001897f71c800 11041 %     3       org.bouncycastle.math.raw.Nat256::mul @ 292 (637 bytes)

GC Heap History (20 events):
Event: 4.286 GC heap before
{Heap before GC invocations=5 (full 0):
 garbage-first heap   total 258048K, used 22666K [0x0000000704800000, 0x0000000800000000)
  region size 1024K, 16 young (16384K), 8 survivors (8192K)
 Metaspace       used 35067K, capacity 35784K, committed 35840K, reserved 1081344K
  class space    used 3735K, capacity 4055K, committed 4096K, reserved 1048576K
}
Event: 4.290 GC heap after
{Heap after GC invocations=6 (full 0):
 garbage-first heap   total 258048K, used 16843K [0x0000000704800000, 0x0000000800000000)
  region size 1024K, 6 young (6144K), 6 survivors (6144K)
 Metaspace       used 35067K, capacity 35784K, committed 35840K, reserved 1081344K
  class space    used 3735K, capacity 4055K, committed 4096K, reserved 1048576K
}
Event: 4.583 GC heap before
{Heap before GC invocations=7 (full 0):
 garbage-first heap   total 258048K, used 106955K [0x0000000704800000, 0x0000000800000000)
  region size 1024K, 89 young (91136K), 6 survivors (6144K)
 Metaspace       used 45762K, capacity 46588K, committed 46848K, reserved 1091584K
  class space    used 4482K, capacity 4832K, committed 4864K, reserved 1048576K
}
Event: 4.587 GC heap after
{Heap after GC invocations=8 (full 0):
 garbage-first heap   total 258048K, used 25028K [0x0000000704800000, 0x0000000800000000)
  region size 1024K, 12 young (12288K), 12 survivors (12288K)
 Metaspace       used 45762K, capacity 46588K, committed 46848K, reserved 1091584K
  class space    used 4482K, capacity 4832K, committed 4864K, reserved 1048576K
}
Event: 5.875 GC heap before
{Heap before GC invocations=8 (full 0):
 garbage-first heap   total 258048K, used 171460K [0x0000000704800000, 0x0000000800000000)
  region size 1024K, 125 young (128000K), 12 survivors (12288K)
 Metaspace       used 57782K, capacity 58801K, committed 59008K, reserved 1101824K
  class space    used 6020K, capacity 6417K, committed 6528K, reserved 1048576K
}
Event: 5.883 GC heap after
{Heap after GC invocations=9 (full 0):
 garbage-first heap   total 258048K, used 62996K [0x0000000704800000, 0x0000000800000000)
  region size 1024K, 16 young (16384K), 16 survivors (16384K)
 Metaspace       used 57782K, capacity 58801K, committed 59008K, reserved 1101824K
  class space    used 6020K, capacity 6417K, committed 6528K, reserved 1048576K
}
Event: 6.030 GC heap before
{Heap before GC invocations=9 (full 0):
 garbage-first heap   total 258048K, used 79380K [0x0000000704800000, 0x0000000800000000)
  region size 1024K, 33 young (33792K), 16 survivors (16384K)
 Metaspace       used 59103K, capacity 60122K, committed 60160K, reserved 1103872K
  class space    used 6111K, capacity 6528K, committed 6528K, reserved 1048576K
}
Event: 6.044 GC heap after
{Heap after GC invocations=10 (full 0):
 garbage-first heap   total 310272K, used 66115K [0x0000000704800000, 0x0000000800000000)
  region size 1024K, 4 young (4096K), 4 survivors (4096K)
 Metaspace       used 59103K, capacity 60122K, committed 60160K, reserved 1103872K
  class space    used 6111K, capacity 6528K, committed 6528K, reserved 1048576K
}
Event: 6.916 GC heap before
{Heap before GC invocations=11 (full 0):
 garbage-first heap   total 310272K, used 229955K [0x0000000704800000, 0x0000000800000000)
  region size 1024K, 160 young (163840K), 4 survivors (4096K)
 Metaspace       used 67859K, capacity 69117K, committed 69376K, reserved 1112064K
  class space    used 6898K, capacity 7395K, committed 7424K, reserved 1048576K
}
Event: 6.929 GC heap after
{Heap after GC invocations=12 (full 0):
 garbage-first heap   total 310272K, used 84726K [0x0000000704800000, 0x0000000800000000)
  region size 1024K, 20 young (20480K), 20 survivors (20480K)
 Metaspace       used 67859K, capacity 69117K, committed 69376K, reserved 1112064K
  class space    used 6898K, capacity 7395K, committed 7424K, reserved 1048576K
}
Event: 7.986 GC heap before
{Heap before GC invocations=12 (full 0):
 garbage-first heap   total 310272K, used 218870K [0x0000000704800000, 0x0000000800000000)
  region size 1024K, 152 young (155648K), 20 survivors (20480K)
 Metaspace       used 78108K, capacity 79997K, committed 80128K, reserved 1120256K
  class space    used 8103K, capacity 8906K, committed 8960K, reserved 1048576K
}
Event: 7.999 GC heap after
{Heap after GC invocations=13 (full 0):
 garbage-first heap   total 310272K, used 101697K [0x0000000704800000, 0x0000000800000000)
  region size 1024K, 18 young (18432K), 18 survivors (18432K)
 Metaspace       used 78108K, capacity 79997K, committed 80128K, reserved 1120256K
  class space    used 8103K, capacity 8906K, committed 8960K, reserved 1048576K
}
Event: 9.171 GC heap before
{Heap before GC invocations=13 (full 0):
 garbage-first heap   total 310272K, used 226625K [0x0000000704800000, 0x0000000800000000)
  region size 1024K, 138 young (141312K), 18 survivors (18432K)
 Metaspace       used 80941K, capacity 83297K, committed 83456K, reserved 1124352K
  class space    used 8471K, capacity 9432K, committed 9472K, reserved 1048576K
}
Event: 9.183 GC heap after
{Heap after GC invocations=14 (full 0):
 garbage-first heap   total 310272K, used 116486K [0x0000000704800000, 0x0000000800000000)
  region size 1024K, 13 young (13312K), 13 survivors (13312K)
 Metaspace       used 80941K, capacity 83297K, committed 83456K, reserved 1124352K
  class space    used 8471K, capacity 9432K, committed 9472K, reserved 1048576K
}
Event: 9.686 GC heap before
{Heap before GC invocations=14 (full 0):
 garbage-first heap   total 310272K, used 233222K [0x0000000704800000, 0x0000000800000000)
  region size 1024K, 125 young (128000K), 13 survivors (13312K)
 Metaspace       used 82293K, capacity 84856K, committed 85120K, reserved 1124352K
  class space    used 8688K, capacity 9778K, committed 9856K, reserved 1048576K
}
Event: 9.702 GC heap after
{Heap after GC invocations=15 (full 0):
 garbage-first heap   total 372736K, used 133861K [0x0000000704800000, 0x0000000800000000)
  region size 1024K, 16 young (16384K), 16 survivors (16384K)
 Metaspace       used 82293K, capacity 84856K, committed 85120K, reserved 1124352K
  class space    used 8688K, capacity 9778K, committed 9856K, reserved 1048576K
}
Event: 14.276 GC heap before
{Heap before GC invocations=15 (full 0):
 garbage-first heap   total 372736K, used 282341K [0x0000000704800000, 0x0000000800000000)
  region size 1024K, 149 young (152576K), 16 survivors (16384K)
 Metaspace       used 84455K, capacity 87267K, committed 87424K, reserved 1126400K
  class space    used 8968K, capacity 10095K, committed 10112K, reserved 1048576K
}
Event: 14.284 GC heap after
{Heap after GC invocations=16 (full 0):
 garbage-first heap   total 372736K, used 150859K [0x0000000704800000, 0x0000000800000000)
  region size 1024K, 7 young (7168K), 7 survivors (7168K)
 Metaspace       used 84455K, capacity 87267K, committed 87424K, reserved 1126400K
  class space    used 8968K, capacity 10095K, committed 10112K, reserved 1048576K
}
Event: 18.564 GC heap before
{Heap before GC invocations=16 (full 0):
 garbage-first heap   total 372736K, used 238923K [0x0000000704800000, 0x0000000800000000)
  region size 1024K, 73 young (74752K), 7 survivors (7168K)
 Metaspace       used 85359K, capacity 88250K, committed 88320K, reserved 1128448K
  class space    used 9042K, capacity 10205K, committed 10240K, reserved 1048576K
}
Event: 18.571 GC heap after
{Heap after GC invocations=17 (full 0):
 garbage-first heap   total 372736K, used 172543K [0x0000000704800000, 0x0000000800000000)
  region size 1024K, 12 young (12288K), 12 survivors (12288K)
 Metaspace       used 85359K, capacity 88250K, committed 88320K, reserved 1128448K
  class space    used 9042K, capacity 10205K, committed 10240K, reserved 1048576K
}

Deoptimization events (20 events):
Event: 20.372 Thread 0x000001891b42b000 DEOPT PACKING pc=0x0000018902783f45 sp=0x000000521e9fa330
Event: 20.372 Thread 0x000001891b42b000 DEOPT UNPACKING pc=0x0000018900049d0e sp=0x000000521e9f97d0 mode 0
Event: 20.372 Thread 0x000001891b42b000 DEOPT PACKING pc=0x0000018902783f45 sp=0x000000521e9fa330
Event: 20.372 Thread 0x000001891b42b000 DEOPT UNPACKING pc=0x0000018900049d0e sp=0x000000521e9f97d0 mode 0
Event: 20.372 Thread 0x000001891b42b000 DEOPT PACKING pc=0x0000018902783f45 sp=0x000000521e9fa330
Event: 20.372 Thread 0x000001891b42b000 DEOPT UNPACKING pc=0x0000018900049d0e sp=0x000000521e9f97d0 mode 0
Event: 20.373 Thread 0x000001891b42b000 DEOPT PACKING pc=0x0000018902783f45 sp=0x000000521e9fa330
Event: 20.373 Thread 0x000001891b42b000 DEOPT UNPACKING pc=0x0000018900049d0e sp=0x000000521e9f97d0 mode 0
Event: 20.373 Thread 0x000001891b42b000 DEOPT PACKING pc=0x0000018902783f45 sp=0x000000521e9fa330
Event: 20.373 Thread 0x000001891b42b000 DEOPT UNPACKING pc=0x0000018900049d0e sp=0x000000521e9f97d0 mode 0
Event: 20.381 Thread 0x000001891b42b000 DEOPT PACKING pc=0x00000189027967fa sp=0x000000521e9fc560
Event: 20.381 Thread 0x000001891b42b000 DEOPT UNPACKING pc=0x0000018900049d0e sp=0x000000521e9fc110 mode 0
Event: 20.386 Thread 0x000001891b42b000 DEOPT PACKING pc=0x000001890216ab26 sp=0x000000521e9faa30
Event: 20.386 Thread 0x000001891b42b000 DEOPT UNPACKING pc=0x0000018900049d0e sp=0x000000521e9f9f40 mode 0
Event: 20.387 Thread 0x000001891b42b000 DEOPT PACKING pc=0x0000018902783f45 sp=0x000000521e9fa330
Event: 20.387 Thread 0x000001891b42b000 DEOPT UNPACKING pc=0x0000018900049d0e sp=0x000000521e9f97d0 mode 0
Event: 20.387 Thread 0x000001891b42b000 DEOPT PACKING pc=0x0000018902783f45 sp=0x000000521e9fa330
Event: 20.387 Thread 0x000001891b42b000 DEOPT UNPACKING pc=0x0000018900049d0e sp=0x000000521e9f97d0 mode 0
Event: 20.388 Thread 0x000001891b42b000 DEOPT PACKING pc=0x0000018902783f45 sp=0x000000521e9fa330
Event: 20.388 Thread 0x000001891b42b000 DEOPT UNPACKING pc=0x0000018900049d0e sp=0x000000521e9f97d0 mode 0

Classes redefined (0 events):
No events

Internal exceptions (20 events):
Event: 19.770 Thread 0x000001891b42b000 Exception <a 'java/lang/IncompatibleClassChangeError'{0x0000000715d8ce78}: Found class java.lang.Object, but interface was expected> (0x0000000715d8ce78) thrown at [s\src\hotspot\share\interpreter\linkResolver.cpp, line 839]
Event: 19.770 Thread 0x000001891b42b000 Exception <a 'java/lang/IncompatibleClassChangeError'{0x0000000715d8f6f8}: Found class java.lang.Object, but interface was expected> (0x0000000715d8f6f8) thrown at [s\src\hotspot\share\interpreter\linkResolver.cpp, line 839]
Event: 19.771 Thread 0x000001891b42b000 Exception <a 'java/lang/IncompatibleClassChangeError'{0x0000000715d91f68}: Found class java.lang.Object, but interface was expected> (0x0000000715d91f68) thrown at [s\src\hotspot\share\interpreter\linkResolver.cpp, line 839]
Event: 19.771 Thread 0x000001891b42b000 Exception <a 'java/lang/IncompatibleClassChangeError'{0x0000000715d947c0}: Found class java.lang.Object, but interface was expected> (0x0000000715d947c0) thrown at [s\src\hotspot\share\interpreter\linkResolver.cpp, line 839]
Event: 19.771 Thread 0x000001891b42b000 Exception <a 'java/lang/IncompatibleClassChangeError'{0x0000000715d96fe8}: Found class java.lang.Object, but interface was expected> (0x0000000715d96fe8) thrown at [s\src\hotspot\share\interpreter\linkResolver.cpp, line 839]
Event: 19.771 Thread 0x000001891b42b000 Exception <a 'java/lang/IncompatibleClassChangeError'{0x0000000715d99840}: Found class java.lang.Object, but interface was expected> (0x0000000715d99840) thrown at [s\src\hotspot\share\interpreter\linkResolver.cpp, line 839]
Event: 19.771 Thread 0x000001891b42b000 Exception <a 'java/lang/IncompatibleClassChangeError'{0x0000000715d9c070}: Found class java.lang.Object, but interface was expected> (0x0000000715d9c070) thrown at [s\src\hotspot\share\interpreter\linkResolver.cpp, line 839]
Event: 19.771 Thread 0x000001891b42b000 Exception <a 'java/lang/IncompatibleClassChangeError'{0x0000000715d9e8d0}: Found class java.lang.Object, but interface was expected> (0x0000000715d9e8d0) thrown at [s\src\hotspot\share\interpreter\linkResolver.cpp, line 839]
Event: 19.771 Thread 0x000001891b42b000 Exception <a 'java/lang/IncompatibleClassChangeError'{0x0000000715da1380}: Found class java.lang.Object, but interface was expected> (0x0000000715da1380) thrown at [s\src\hotspot\share\interpreter\linkResolver.cpp, line 839]
Event: 19.772 Thread 0x000001891b42b000 Exception <a 'java/lang/IncompatibleClassChangeError'{0x0000000715da3be8}: Found class java.lang.Object, but interface was expected> (0x0000000715da3be8) thrown at [s\src\hotspot\share\interpreter\linkResolver.cpp, line 839]
Event: 19.772 Thread 0x000001891b42b000 Exception <a 'java/lang/IncompatibleClassChangeError'{0x0000000715da6450}: Found class java.lang.Object, but interface was expected> (0x0000000715da6450) thrown at [s\src\hotspot\share\interpreter\linkResolver.cpp, line 839]
Event: 19.772 Thread 0x000001891b42b000 Exception <a 'java/lang/IncompatibleClassChangeError'{0x0000000715da8ca0}: Found class java.lang.Object, but interface was expected> (0x0000000715da8ca0) thrown at [s\src\hotspot\share\interpreter\linkResolver.cpp, line 839]
Event: 19.772 Thread 0x000001891b42b000 Exception <a 'java/lang/IncompatibleClassChangeError'{0x0000000715dab500}: Found class java.lang.Object, but interface was expected> (0x0000000715dab500) thrown at [s\src\hotspot\share\interpreter\linkResolver.cpp, line 839]
Event: 19.772 Thread 0x000001891b42b000 Exception <a 'java/lang/IncompatibleClassChangeError'{0x0000000715dadd60}: Found class java.lang.Object, but interface was expected> (0x0000000715dadd60) thrown at [s\src\hotspot\share\interpreter\linkResolver.cpp, line 839]
Event: 19.773 Thread 0x000001891b42b000 Exception <a 'java/lang/IncompatibleClassChangeError'{0x0000000715db05c0}: Found class java.lang.Object, but interface was expected> (0x0000000715db05c0) thrown at [s\src\hotspot\share\interpreter\linkResolver.cpp, line 839]
Event: 19.773 Thread 0x000001891b42b000 Exception <a 'java/lang/IncompatibleClassChangeError'{0x0000000715db2e20}: Found class java.lang.Object, but interface was expected> (0x0000000715db2e20) thrown at [s\src\hotspot\share\interpreter\linkResolver.cpp, line 839]
Event: 19.773 Thread 0x000001891b42b000 Exception <a 'java/lang/IncompatibleClassChangeError'{0x0000000715db5690}: Found class java.lang.Object, but interface was expected> (0x0000000715db5690) thrown at [s\src\hotspot\share\interpreter\linkResolver.cpp, line 839]
Event: 19.793 Thread 0x000001891b42b000 Exception <a 'java/lang/NoSuchMethodError'{0x0000000715c45a68}: 'void java.lang.invoke.DirectMethodHandle$Holder.invokeStatic(java.lang.Object, long)'> (0x0000000715c45a68) thrown at [s\src\hotspot\share\interpreter\linkResolver.cpp, line 773]
Event: 20.086 Thread 0x000001891b42b000 Exception <a 'java/lang/NoSuchMethodError'{0x000000071466ec88}: 'java.lang.Object java.lang.invoke.DirectMethodHandle$Holder.invokeStatic(java.lang.Object, java.lang.Object, java.lang.Object, java.lang.Object, java.lang.Object, int)'> (0x000000071466ec88) thrown at [s\src\hotspot\share\interpreter\linkResolver.cpp, line 773]
Event: 20.086 Thread 0x000001891b42b000 Exception <a 'java/lang/NoSuchMethodError'{0x0000000714672a00}: 'java.lang.Object java.lang.invoke.DirectMethodHandle$Holder.invokeSpecial(java.lang.Object, java.lang.Object, java.lang.Object, java.lang.Object, java.lang.Object, java.lang.Object, int)'> (0x0000000714672a00) thrown at [s\src\hotspot\share\interpreter\linkResolver.cpp, line 773]

Events (20 events):
Event: 20.335 Executing VM operation: RevokeBias
Event: 20.336 Executing VM operation: RevokeBias done
Event: 20.336 Executing VM operation: RevokeBias
Event: 20.336 Executing VM operation: RevokeBias done
Event: 20.336 loading class java/security/cert/PKIXRevocationChecker
Event: 20.336 loading class java/security/cert/PKIXRevocationChecker done
Event: 20.336 loading class java/util/concurrent/ConcurrentHashMap$TreeNode
Event: 20.336 loading class java/util/concurrent/ConcurrentHashMap$TreeNode done
Event: 20.336 loading class java/util/concurrent/ConcurrentHashMap$TreeBin
Event: 20.337 loading class java/util/concurrent/ConcurrentHashMap$TreeBin done
Event: 20.338 loading class sun/security/util/AnchorCertificates
Event: 20.338 loading class sun/security/util/AnchorCertificates done
Event: 20.338 loading class sun/security/util/AnchorCertificates$1
Event: 20.338 loading class sun/security/util/AnchorCertificates$1 done
Event: 20.338 loading class sun/security/provider/JavaKeyStore$DualFormatJKS
Event: 20.339 loading class sun/security/provider/JavaKeyStore$DualFormatJKS done
Event: 20.341 Executing VM operation: RevokeBias
Event: 20.341 Executing VM operation: RevokeBias done
Event: 20.343 loading class sun/security/util/HostnameChecker
Event: 20.344 loading class sun/security/util/HostnameChecker done


Dynamic libraries:
0x00007ff76faa0000 - 0x00007ff76faae000 	C:\Users\Donni\.jdks\corretto-11.0.22\bin\java.exe
0x00007ff8c0490000 - 0x00007ff8c06a7000 	C:\WINDOWS\SYSTEM32\ntdll.dll
0x00007ff8bf7f0000 - 0x00007ff8bf8b4000 	C:\WINDOWS\System32\KERNEL32.DLL
0x00007ff8bd7d0000 - 0x00007ff8bdb76000 	C:\WINDOWS\System32\KERNELBASE.dll
0x00007ff8be0c0000 - 0x00007ff8be1d1000 	C:\WINDOWS\System32\ucrtbase.dll
0x00007ff8ad700000 - 0x00007ff8ad717000 	C:\Users\Donni\.jdks\corretto-11.0.22\bin\jli.dll
0x00007ff8b4240000 - 0x00007ff8b425b000 	C:\Users\Donni\.jdks\corretto-11.0.22\bin\VCRUNTIME140.dll
0x00007ff8bec20000 - 0x00007ff8bedce000 	C:\WINDOWS\System32\USER32.dll
0x00007ff8a5680000 - 0x00007ff8a5913000 	C:\WINDOWS\WinSxS\amd64_microsoft.windows.common-controls_6595b64144ccf1df_6.0.22621.2506_none_270c5ae97388e100\COMCTL32.dll
0x00007ff8bdf50000 - 0x00007ff8bdf76000 	C:\WINDOWS\System32\win32u.dll
0x00007ff8bfa40000 - 0x00007ff8bfae7000 	C:\WINDOWS\System32\msvcrt.dll
0x00007ff8c0060000 - 0x00007ff8c0089000 	C:\WINDOWS\System32\GDI32.dll
0x00007ff8bdb80000 - 0x00007ff8bdc98000 	C:\WINDOWS\System32\gdi32full.dll
0x00007ff8bdf80000 - 0x00007ff8be01a000 	C:\WINDOWS\System32\msvcp_win.dll
0x00007ff8bfaf0000 - 0x00007ff8bfb21000 	C:\WINDOWS\System32\IMM32.DLL
0x00007ff8b5530000 - 0x00007ff8b553c000 	C:\Users\Donni\.jdks\corretto-11.0.22\bin\vcruntime140_1.dll
0x00007ff88a780000 - 0x00007ff88a80d000 	C:\Users\Donni\.jdks\corretto-11.0.22\bin\msvcp140.dll
0x00007ff8696b0000 - 0x00007ff86a273000 	C:\Users\Donni\.jdks\corretto-11.0.22\bin\server\jvm.dll
0x00007ff8bef00000 - 0x00007ff8befb3000 	C:\WINDOWS\System32\ADVAPI32.dll
0x00007ff8c03a0000 - 0x00007ff8c0448000 	C:\WINDOWS\System32\sechost.dll
0x00007ff8be090000 - 0x00007ff8be0b8000 	C:\WINDOWS\System32\bcrypt.dll
0x00007ff8bedd0000 - 0x00007ff8beee7000 	C:\WINDOWS\System32\RPCRT4.dll
0x00007ff8bf950000 - 0x00007ff8bf958000 	C:\WINDOWS\System32\PSAPI.DLL
0x00007ff887060000 - 0x00007ff887069000 	C:\WINDOWS\SYSTEM32\WSOCK32.dll
0x00007ff8b59b0000 - 0x00007ff8b59ba000 	C:\WINDOWS\SYSTEM32\VERSION.dll
0x00007ff8b4200000 - 0x00007ff8b4234000 	C:\WINDOWS\SYSTEM32\WINMM.dll
0x00007ff8c0320000 - 0x00007ff8c0391000 	C:\WINDOWS\System32\WS2_32.dll
0x00007ff8bc800000 - 0x00007ff8bc818000 	C:\WINDOWS\SYSTEM32\kernel.appcore.dll
0x00007ff8ad6f0000 - 0x00007ff8ad700000 	C:\Users\Donni\.jdks\corretto-11.0.22\bin\verify.dll
0x00007ff8bab10000 - 0x00007ff8bad43000 	C:\WINDOWS\SYSTEM32\DBGHELP.DLL
0x00007ff8bfcd0000 - 0x00007ff8c0059000 	C:\WINDOWS\System32\combase.dll
0x00007ff8c0140000 - 0x00007ff8c0217000 	C:\WINDOWS\System32\OLEAUT32.dll
0x00007ff88d230000 - 0x00007ff88d262000 	C:\WINDOWS\SYSTEM32\dbgcore.DLL
0x00007ff8bdca0000 - 0x00007ff8bdd1a000 	C:\WINDOWS\System32\bcryptPrimitives.dll
0x00007ff8a5a20000 - 0x00007ff8a5a48000 	C:\Users\Donni\.jdks\corretto-11.0.22\bin\java.dll
0x00007ff8ad6e0000 - 0x00007ff8ad6ea000 	C:\Users\Donni\.jdks\corretto-11.0.22\bin\jimage.dll
0x00007ff8b79a0000 - 0x00007ff8b79d9000 	C:\Users\Donni\.jdks\corretto-11.0.22\bin\jdwp.dll
0x00007ff8ba580000 - 0x00007ff8ba58e000 	C:\Users\Donni\.jdks\corretto-11.0.22\bin\instrument.dll
0x00007ff8a6c60000 - 0x00007ff8a6c78000 	C:\Users\Donni\.jdks\corretto-11.0.22\bin\zip.dll
0x00007ff8be1e0000 - 0x00007ff8bea3a000 	C:\WINDOWS\System32\SHELL32.dll
0x00007ff8bb720000 - 0x00007ff8bc016000 	C:\WINDOWS\SYSTEM32\windows.storage.dll
0x00007ff8bb5e0000 - 0x00007ff8bb71e000 	C:\WINDOWS\SYSTEM32\wintypes.dll
0x00007ff8bf060000 - 0x00007ff8bf153000 	C:\WINDOWS\System32\SHCORE.dll
0x00007ff8bf9e0000 - 0x00007ff8bfa3e000 	C:\WINDOWS\System32\shlwapi.dll
0x00007ff8bd700000 - 0x00007ff8bd726000 	C:\WINDOWS\SYSTEM32\profapi.dll
0x00007ff8b7990000 - 0x00007ff8b799a000 	C:\Users\Donni\.jdks\corretto-11.0.22\bin\dt_socket.dll
0x00007ff8bcc80000 - 0x00007ff8bcce9000 	C:\WINDOWS\system32\mswsock.dll
0x00007ff88a760000 - 0x00007ff88a779000 	C:\Users\Donni\.jdks\corretto-11.0.22\bin\net.dll
0x00007ff8b72f0000 - 0x00007ff8b7427000 	C:\WINDOWS\SYSTEM32\WINHTTP.dll
0x00007ff88a740000 - 0x00007ff88a752000 	C:\Users\Donni\.jdks\corretto-11.0.22\bin\nio.dll
0x00007ff8b7960000 - 0x00007ff8b7987000 	C:\Users\Donni\.jdks\corretto-11.0.22\bin\sunec.dll
0x00007ff8b3b80000 - 0x00007ff8b3b8e000 	C:\Users\Donni\.jdks\corretto-11.0.22\bin\sunmscapi.dll
0x00007ff8bdde0000 - 0x00007ff8bdf46000 	C:\WINDOWS\System32\CRYPT32.dll
0x00007ff8bd100000 - 0x00007ff8bd12e000 	C:\WINDOWS\SYSTEM32\ncrypt.dll
0x00007ff8bd0c0000 - 0x00007ff8bd0f7000 	C:\WINDOWS\SYSTEM32\NTASN1.dll
0x00007ff8bcf30000 - 0x00007ff8bcf42000 	C:\WINDOWS\SYSTEM32\MSASN1.dll
0x00007ff8bcee0000 - 0x00007ff8bcefb000 	C:\WINDOWS\SYSTEM32\CRYPTSP.dll
0x00007ff8bc760000 - 0x00007ff8bc795000 	C:\WINDOWS\system32\rsaenh.dll
0x00007ff8bced0000 - 0x00007ff8bcedc000 	C:\WINDOWS\SYSTEM32\CRYPTBASE.dll
0x00007ff8bcd10000 - 0x00007ff8bcd36000 	C:\WINDOWS\SYSTEM32\gpapi.dll
0x00007ff8bcd70000 - 0x00007ff8bcd9c000 	C:\WINDOWS\SYSTEM32\USERENV.dll
0x00007ff8bd4b0000 - 0x00007ff8bd4ba000 	C:\WINDOWS\SYSTEM32\DPAPI.dll
0x00007ff8bc280000 - 0x00007ff8bc2ad000 	C:\WINDOWS\SYSTEM32\IPHLPAPI.DLL
0x00007ff8bec10000 - 0x00007ff8bec19000 	C:\WINDOWS\System32\NSI.dll
0x00007ff8b7150000 - 0x00007ff8b7169000 	C:\WINDOWS\SYSTEM32\dhcpcsvc6.DLL
0x00007ff8b7040000 - 0x00007ff8b705f000 	C:\WINDOWS\SYSTEM32\dhcpcsvc.DLL
0x00007ff8bc2f0000 - 0x00007ff8bc3e9000 	C:\WINDOWS\SYSTEM32\DNSAPI.dll
0x00007ff8ae1c0000 - 0x00007ff8ae342000 	C:\Users\Donni\.jdks\corretto-11.0.22\bin\awt.dll
0x00007ff8ba4e0000 - 0x00007ff8ba577000 	C:\WINDOWS\SYSTEM32\apphelp.dll
0x00007ff8ba930000 - 0x00007ff8ba9db000 	C:\WINDOWS\system32\uxtheme.dll
0x00007ff8bea40000 - 0x00007ff8beb90000 	C:\WINDOWS\System32\MSCTF.dll
0x00007ff8bfb30000 - 0x00007ff8bfcd0000 	C:\WINDOWS\System32\ole32.dll
0x00007ff8baf70000 - 0x00007ff8baf9b000 	C:\WINDOWS\system32\DWMAPI.DLL
0x00007ff8a24f0000 - 0x00007ff8a25f0000 	C:\WINDOWS\system32\opengl32.dll
0x00007ff8a2480000 - 0x00007ff8a24ad000 	C:\WINDOWS\SYSTEM32\GLU32.dll
0x00007ff8bada0000 - 0x00007ff8badd6000 	C:\WINDOWS\SYSTEM32\dxcore.dll
0x00007ff8a1ed0000 - 0x00007ff8a1f57000 	C:\Users\Donni\.jdks\corretto-11.0.22\bin\freetype.dll
0x00007ff8a1c20000 - 0x00007ff8a1cf3000 	C:\Users\Donni\.jdks\corretto-11.0.22\bin\fontmanager.dll
0x00007ff8ae3b0000 - 0x00007ff8ae4fa000 	C:\WINDOWS\SYSTEM32\textinputframework.dll
0x00007ff8b9b20000 - 0x00007ff8b9c54000 	C:\WINDOWS\SYSTEM32\CoreMessaging.dll
0x00007ff8b63d0000 - 0x00007ff8b673c000 	C:\WINDOWS\SYSTEM32\CoreUIComponents.dll
0x00007ff8b3ae0000 - 0x00007ff8b3ae9000 	C:\Users\Donni\.jdks\corretto-11.0.22\bin\management.dll
0x00007ff8b3ad0000 - 0x00007ff8b3adb000 	C:\Users\Donni\.jdks\corretto-11.0.22\bin\management_ext.dll
0x00007ff8b6c80000 - 0x00007ff8b6c8a000 	C:\Windows\System32\rasadhlp.dll
0x00007ff8b40a0000 - 0x00007ff8b4123000 	C:\WINDOWS\System32\fwpuclnt.dll
0x00007ff8ae170000 - 0x00007ff8ae1b4000 	C:\Users\Donni\AppData\Local\Temp\jna-68899\jna8674648455076302783.dll
0x00007ff8a1b80000 - 0x00007ff8a1c1c000 	C:\Users\Donni\AppData\Local\Temp\jna-68899\jna14482415747126544627.dll
0x00007ff896370000 - 0x00007ff8963ef000 	C:\Users\Donni\.jdks\corretto-11.0.22\bin\mlib_image.dll
0x00007ff8b3970000 - 0x00007ff8b3982000 	C:\Users\Donni\.jdks\corretto-11.0.22\bin\jsound.dll
0x00007ff895c30000 - 0x00007ff895cd2000 	C:\WINDOWS\SYSTEM32\DSOUND.dll
0x00007ff8bd5f0000 - 0x00007ff8bd63d000 	C:\WINDOWS\SYSTEM32\powrprof.dll
0x00007ff895a30000 - 0x00007ff895ae1000 	C:\WINDOWS\SYSTEM32\ResampleDmo.DLL
0x00007ff8ae500000 - 0x00007ff8ae529000 	C:\WINDOWS\SYSTEM32\winmmbase.dll
0x00007ff8b3960000 - 0x00007ff8b396b000 	C:\WINDOWS\SYSTEM32\msdmo.dll
0x00007ff8bd4d0000 - 0x00007ff8bd4e3000 	C:\WINDOWS\SYSTEM32\UMPDC.dll
0x00007ff8c0090000 - 0x00007ff8c0140000 	C:\WINDOWS\System32\clbcatq.dll
0x00007ff8b0990000 - 0x00007ff8b0a2d000 	C:\WINDOWS\System32\MMDevApi.dll
0x00007ff8bd460000 - 0x00007ff8bd48c000 	C:\WINDOWS\System32\DEVOBJ.dll
0x00007ff8bd410000 - 0x00007ff8bd45e000 	C:\WINDOWS\SYSTEM32\cfgmgr32.dll
0x00007ff8b7900000 - 0x00007ff8b7946000 	C:\WINDOWS\SYSTEM32\wdmaud.drv
0x00007ff8b6ed0000 - 0x00007ff8b6edb000 	C:\WINDOWS\SYSTEM32\AVRT.dll
0x00007ff8a1750000 - 0x00007ff8a1759000 	C:\WINDOWS\SYSTEM32\ksuser.dll
0x00007ff8af850000 - 0x00007ff8afa3c000 	C:\WINDOWS\SYSTEM32\AUDIOSES.DLL
0x00007ff8b78f0000 - 0x00007ff8b78fe000 	C:\WINDOWS\SYSTEM32\msacm32.drv
0x00007ff8b78d0000 - 0x00007ff8b78ee000 	C:\WINDOWS\SYSTEM32\MSACM32.dll
0x00007ff8b78c0000 - 0x00007ff8b78cb000 	C:\WINDOWS\SYSTEM32\midimap.dll
0x00007ff8bb2b0000 - 0x00007ff8bb2c5000 	C:\WINDOWS\SYSTEM32\resourcepolicyclient.dll
0x00007ff8b3950000 - 0x00007ff8b3956000 	C:\Users\Donni\AppData\Local\Temp\flatlaf.temp\flatlaf-windows-x86_64-360886394696000.dll
0x00007ff8b38d0000 - 0x00007ff8b38d7000 	C:\Users\Donni\.jdks\corretto-11.0.22\bin\jawt.dll
0x00007ff8baad0000 - 0x00007ff8baadd000 	C:\WINDOWS\SYSTEM32\WINNSI.DLL
0x00007ff8963f0000 - 0x00007ff896564000 	C:\Windows\System32\Windows.UI.dll
0x00007ff8a6e30000 - 0x00007ff8a6e5d000 	C:\Users\Donni\.jdks\corretto-11.0.22\bin\javajpeg.dll
0x00007ff8b82f0000 - 0x00007ff8b84a0000 	C:\WINDOWS\SYSTEM32\WindowsCodecs.dll
0x00007ff891800000 - 0x00007ff89185e000 	C:\WINDOWS\system32\dataexchange.dll
0x00007ff8b4cb0000 - 0x00007ff8b4f35000 	C:\WINDOWS\system32\twinapi.appcore.dll
0x00007ff8b56c0000 - 0x00007ff8b577c000 	C:\WINDOWS\SYSTEM32\mscms.dll
0x00007ff8b1c80000 - 0x00007ff8b1cc9000 	C:\WINDOWS\SYSTEM32\icm32.dll

dbghelp: loaded successfully - version: 4.0.5 - missing functions: none
symbol engine: initialized successfully - sym options: 0x614 - pdb path: .;C:\Users\Donni\.jdks\corretto-11.0.22\bin;C:\WINDOWS\SYSTEM32;C:\WINDOWS\WinSxS\amd64_microsoft.windows.common-controls_6595b64144ccf1df_6.0.22621.2506_none_270c5ae97388e100;C:\Users\Donni\.jdks\corretto-11.0.22\bin\server;C:\Users\Donni\AppData\Local\Temp\jna-68899;C:\Users\Donni\AppData\Local\Temp\flatlaf.temp

VM Arguments:
jvm_args: -agentlib:jdwp=transport=dt_socket,server=n,suspend=y,address=127.0.0.1:52434 -javaagent:C:\Users\Donni\.gradle\caches\modules-2\files-2.1\org.jetbrains.kotlinx\kotlinx-coroutines-core-jvm\1.6.0\f3b8fd26c2e76d2f18cbc36aacb6e349fcb9fd5f\kotlinx-coroutines-core-jvm-1.6.0.jar -Dfile.encoding=windows-1252 -Duser.country=US -Duser.language=en -Duser.variant -ea 
java_command: com.piggyplugins.PluginTester
java_class_path (initial): C:\Users\Donni\IdeaProjects\PiggyPlugins\build\classes\java\test;C:\Users\Donni\IdeaProjects\PiggyPlugins\build\resources\test;C:\Users\Donni\IdeaProjects\PiggyPlugins\build\classes\java\main;C:\Users\Donni\IdeaProjects\PiggyPlugins\build\resources\main;C:\Users\Donni\IdeaProjects\PiggyPlugins\AutoTitheFarm\build\libs\AutoTitheFarm-1.0.0.jar;C:\Users\Donni\IdeaProjects\PiggyPlugins\AutoAerial\build\libs\AutoAerial-1.0.0.jar;C:\Users\Donni\IdeaProjects\PiggyPlugins\AutoRuneDragons\build\libs\AutoRuneDragons-1.0.0.jar;C:\Users\Donni\IdeaProjects\PiggyPlugins\AutoBoner\build\libs\AutoBoner-1.0.3.jar;C:\Users\Donni\IdeaProjects\PiggyPlugins\AutoChompy\build\libs\AutoChompy-1.0.3.jar;C:\Users\Donni\IdeaProjects\PiggyPlugins\AutoVorkath\build\libs\AutoVorkath-1.0.19.jar;C:\Users\Donni\IdeaProjects\PiggyPlugins\AutoCombat\build\libs\AutoCombat-1.0.0.jar;C:\Users\Donni\IdeaProjects\PiggyPlugins\AutoTrapper\build\libs\AutoTrapper-1.0.0.jar;C:\Users\Donni\IdeaProjects\PiggyPlugins\AutoSmith\build\libs\AutoSmith-1.0.0.jar;C:\Users\Donni\IdeaProjects\PiggyPlugins\ButterflyCatcher\build\libs\ButterflyCatcher-1.0.0.jar;C:\Users\Donni\IdeaProjects\PiggyPlugins\DialogueContinuer\build\libs\DialogueContinuer-1.0.0.jar;C:\Users\Donni\IdeaProjects\PiggyPlugins\Firemaking\build\libs\Firemaking-1.0.0.jar;C:\Users\Donni\IdeaProjects\PiggyPlugins\KittenFeeder\build\libs\KittenFeeder-1.0.0.jar;C:\Users\Donni\IdeaProjects\PiggyPlugins\AutoJugHumidifier\build\libs\AutoJugHumidifier-1.0.0.jar;C:\Users\Donni\IdeaProjects\PiggyPlugins\AutoRifts\build\libs\AutoRifts-1.0.0.jar;C:\Users\Donni\IdeaProjects\PiggyPlugins\AutoTele\build\libs\AutoTele-1.0.0.jar;C:\Users\Donni\IdeaProjects\PiggyPlugins\CalvarionHelper\build\libs\CalvarionHelper-1.0.0.jar;C:\Users\Donni\IdeaProjects\PiggyPlugins\CannonReloader\build\libs\CannonReloader-1.0.0.jar;C:\Users\Donni\IdeaProjects\PiggyPlugins\E3T4G\build\libs\E3T4G-1.0.0.jar;C:\Users\Donni\IdeaProjects\PiggyPlugins\EthansApi\build\l
Launcher Type: SUN_STANDARD

[Global flags]
     intx CICompilerCount                          = 4                                         {product} {ergonomic}
     uint ConcGCThreads                            = 2                                         {product} {ergonomic}
     uint G1ConcRefinementThreads                  = 8                                         {product} {ergonomic}
   size_t G1HeapRegionSize                         = 1048576                                   {product} {ergonomic}
    uintx GCDrainStackTargetSize                   = 64                                        {product} {ergonomic}
   size_t InitialHeapSize                          = 264241152                                 {product} {ergonomic}
   size_t MarkStackSize                            = 4194304                                   {product} {ergonomic}
   size_t MaxHeapSize                              = 4219469824                                {product} {ergonomic}
   size_t MaxNewSize                               = 2531262464                                {product} {ergonomic}
   size_t MinHeapDeltaBytes                        = 1048576                                   {product} {ergonomic}
    uintx NonNMethodCodeHeapSize                   = 5836300                                {pd product} {ergonomic}
    uintx NonProfiledCodeHeapSize                  = 122910970                              {pd product} {ergonomic}
    uintx ProfiledCodeHeapSize                     = 122910970                              {pd product} {ergonomic}
    uintx ReservedCodeCacheSize                    = 251658240                              {pd product} {ergonomic}
     bool SegmentedCodeCache                       = true                                      {product} {ergonomic}
     bool UseCompressedClassPointers               = true                                 {lp64_product} {ergonomic}
     bool UseCompressedOops                        = true                                 {lp64_product} {ergonomic}
     bool UseG1GC                                  = true                                      {product} {ergonomic}
     bool UseLargePagesIndividualAllocation        = false                                  {pd product} {ergonomic}

Logging:
Log output configuration:
 #0: stdout all=warning uptime,level,tags
 #1: stderr all=off uptime,level,tags

Environment Variables:
JAVA_HOME=C:\Program Files (x86)\Eclipse Adoptium\jdk-11.0.21.9-hotspot\
PATH=C:\Program Files (x86)\Eclipse Adoptium\jdk-11.0.21.9-hotspot\bin;C:\Program Files\Common Files\Oracle\Java\javapath;C:\Python311\Scripts\;C:\Python311\;C:\WINDOWS\system32;C:\WINDOWS;C:\WINDOWS\System32\Wbem;C:\WINDOWS\System32\WindowsPowerShell\v1.0\;C:\WINDOWS\System32\OpenSSH\;C:\ProgramData\chocolatey\bin;C:\Program Files\Git\cmd;C:\Program Files\nodejs\;C:\Program Files\Microsoft VS Code\bin;C:\Program Files\dotnet\;C:\Users\Donni\AppData\Local\Microsoft\WindowsApps;;C:\Exercism;C:\Users\Donni\AppData\Roaming\npm;C:\Program Files\JetBrains\IntelliJ IDEA Community Edition 2023.2.5\bin;
USERNAME=Don
OS=Windows_NT
PROCESSOR_IDENTIFIER=Intel64 Family 6 Model 140 Stepping 1, GenuineIntel
TMP=C:\Users\Donni\AppData\Local\Temp
TEMP=C:\Users\Donni\AppData\Local\Temp



---------------  S Y S T E M  ---------------

OS: Windows 11 , 64 bit Build 22621 (10.0.22621.2506)
OS uptime: 0 days 10:01 hours

CPU:total 8 (initial active 8) (4 cores per cpu, 2 threads per core) family 6 model 140 stepping 1 microcode 0xac, cmov, cx8, fxsr, mmx, sse, sse2, sse3, ssse3, sse4.1, sse4.2, popcnt, avx, avx2, aes, clmul, erms, 3dnowpref, lzcnt, ht, tsc, tscinvbit, bmi1, bmi2, adx, evex, sha, fma

Memory: 4k page, system-wide physical 16091M (8015M free)
TotalPageFile size 17115M (AvailPageFile size 7894M)
current process WorkingSet (physical memory assigned to process): 685M, peak: 703M
current process commit charge ("private bytes"): 729M, peak: 752M

vm_info: OpenJDK 64-Bit Server VM (11.0.22+7-LTS) for windows-amd64 JRE (11.0.22+7-LTS), built on Jan 10 2024 19:54:00 by "Administrator" with MS VC++ 16.10 / 16.11 (VS2019)

END.
