#
# A fatal error has been detected by the Java Runtime Environment:
#
#  Internal Error (c1/c1_LIR.hpp:731), pid=13400, tid=12532
#  Error: ShouldNotReachHere()
#
# JRE version: OpenJDK Runtime Environment Corretto-11.0.22.7.1 (11.0.22+7) (build 11.0.22+7-LTS)
# Java VM: OpenJDK 64-Bit Server VM Corretto-11.0.22.7.1 (11.0.22+7-LTS, mixed mode, tiered, compressed oops, g1 gc, windows-amd64)
# No core dump will be written. Minidumps are not enabled by default on client versions of Windows
#
# If you would like to submit a bug report, please visit:
#   https://github.com/corretto/corretto-11/issues/
#

---------------  S U M M A R Y ------------

Command Line: -agentlib:jdwp=transport=dt_socket,server=n,suspend=y,address=127.0.0.1:52383 -javaagent:C:\Users\Donni\.gradle\caches\modules-2\files-2.1\org.jetbrains.kotlinx\kotlinx-coroutines-core-jvm\1.6.0\f3b8fd26c2e76d2f18cbc36aacb6e349fcb9fd5f\kotlinx-coroutines-core-jvm-1.6.0.jar -Dfile.encoding=windows-1252 -Duser.country=US -Duser.language=en -Duser.variant -ea com.piggyplugins.PluginTester

Host: 11th Gen Intel(R) Core(TM) i5-1145G7 @ 2.60GHz, 8 cores, 15G,  Windows 11 , 64 bit Build 22621 (10.0.22621.2506)
Time: Wed Feb  7 19:26:17 2024 Mountain Standard Time elapsed time: 26.249473 seconds (0d 0h 0m 26s)

---------------  T H R E A D  ---------------

Current thread (0x00000276b5f26000):  JavaThread "C1 CompilerThread0" daemon [_thread_in_native, id=12532, stack(0x000000b068600000,0x000000b068700000)]


Current CompileTask:
C1:  26249 11296 %     3       org.bouncycastle.math.raw.Nat256::mul @ 292 (637 bytes)

Stack: [0x000000b068600000,0x000000b068700000]
Native frames: (J=compiled Java code, j=interpreted, Vv=VM code, C=native code)
V  [jvm.dll+0x64585a]
V  [jvm.dll+0x7d9bb9]
V  [jvm.dll+0x7db2b9]
V  [jvm.dll+0x7db957]
V  [jvm.dll+0x26941c]
V  [jvm.dll+0x269363]
V  [jvm.dll+0x1760a9]
V  [jvm.dll+0x171ea4]
V  [jvm.dll+0x168c0e]
V  [jvm.dll+0x1552d0]
V  [jvm.dll+0x13c659]
V  [jvm.dll+0x13bf8f]
V  [jvm.dll+0x13c1c4]
V  [jvm.dll+0x13b512]
V  [jvm.dll+0x13d3ac]
V  [jvm.dll+0x2305e9]
V  [jvm.dll+0x22e75f]
V  [jvm.dll+0x79ae51]
V  [jvm.dll+0x793b24]
V  [jvm.dll+0x644615]
C  [ucrtbase.dll+0x29363]
C  [KERNEL32.DLL+0x1257d]
C  [ntdll.dll+0x5aa58]


---------------  P R O C E S S  ---------------

Threads class SMR info:
_java_thread_list=0x00000276bb59a0a0, length=41, elements={
0x00000276b5ec0000, 0x00000276b5ec9800, 0x00000276b5f1c800, 0x00000276b5f21800,
0x00000276b5f24000, 0x00000276b5f25000, 0x00000276b5f26000, 0x00000276b5f27800,
0x00000276b6068800, 0x00000276b632a000, 0x00000276b6396000, 0x00000276b635d000,
0x00000276b67fc000, 0x00000276b76bc800, 0x00000276b74dc000, 0x00000276b760e000,
0x00000276b724c800, 0x00000276b74c5800, 0x00000276b9c01000, 0x00000276b60bf000,
0x00000276b68fa000, 0x00000276be391000, 0x00000276be392000, 0x00000276be393800,
0x00000276be394800, 0x00000276be390800, 0x00000276be395800, 0x00000276be396000,
0x00000276be397000, 0x00000276bce8a000, 0x00000276bce89000, 0x00000276bce8b000,
0x00000276bce8c800, 0x00000276bce88800, 0x00000276bce93000, 0x00000276bce8f000,
0x00000276bce90800, 0x00000276bce91800, 0x00000276bb54f000, 0x00000276c2707000,
0x00000276bce8b800
}

Java Threads: ( => current thread )
  0x00000276b5ec0000 JavaThread "Reference Handler" daemon [_thread_blocked, id=3244, stack(0x000000b068000000,0x000000b068100000)]
  0x00000276b5ec9800 JavaThread "Finalizer" daemon [_thread_blocked, id=3152, stack(0x000000b068100000,0x000000b068200000)]
  0x00000276b5f1c800 JavaThread "Signal Dispatcher" daemon [_thread_blocked, id=12904, stack(0x000000b068200000,0x000000b068300000)]
  0x00000276b5f21800 JavaThread "Attach Listener" daemon [_thread_blocked, id=720, stack(0x000000b068300000,0x000000b068400000)]
  0x00000276b5f24000 JavaThread "Service Thread" daemon [_thread_blocked, id=3584, stack(0x000000b068400000,0x000000b068500000)]
  0x00000276b5f25000 JavaThread "C2 CompilerThread0" daemon [_thread_in_native, id=1396, stack(0x000000b068500000,0x000000b068600000)]
=>0x00000276b5f26000 JavaThread "C1 CompilerThread0" daemon [_thread_in_native, id=12532, stack(0x000000b068600000,0x000000b068700000)]
  0x00000276b5f27800 JavaThread "Sweeper thread" daemon [_thread_blocked, id=8280, stack(0x000000b068700000,0x000000b068800000)]
  0x00000276b6068800 JavaThread "Common-Cleaner" daemon [_thread_blocked, id=2068, stack(0x000000b068800000,0x000000b068900000)]
  0x00000276b632a000 JavaThread "JDWP Transport Listener: dt_socket" daemon [_thread_blocked, id=13196, stack(0x000000b068a00000,0x000000b068b00000)]
  0x00000276b6396000 JavaThread "JDWP Event Helper Thread" daemon [_thread_blocked, id=8096, stack(0x000000b068b00000,0x000000b068c00000)]
  0x00000276b635d000 JavaThread "JDWP Command Reader" daemon [_thread_in_native, id=13164, stack(0x000000b068c00000,0x000000b068d00000)]
  0x00000276b67fc000 JavaThread "Coroutines Debugger Cleaner" daemon [_thread_blocked, id=6480, stack(0x000000b068d00000,0x000000b068e00000)]
  0x00000276b76bc800 JavaThread "Java2D Disposer" daemon [_thread_blocked, id=8408, stack(0x000000b069800000,0x000000b069900000)]
  0x00000276b74dc000 JavaThread "AWT-Shutdown" [_thread_blocked, id=8108, stack(0x000000b069900000,0x000000b069a00000)]
  0x00000276b760e000 JavaThread "AWT-Windows" daemon [_thread_in_native, id=7796, stack(0x000000b069a00000,0x000000b069b00000)]
  0x00000276b724c800 JavaThread "AWT-EventQueue-0" [_thread_blocked, id=1556, stack(0x000000b069c00000,0x000000b069d00000)]
  0x00000276b74c5800 JavaThread "TimerQueue" daemon [_thread_blocked, id=14200, stack(0x000000b069d00000,0x000000b069e00000)]
  0x00000276b9c01000 JavaThread "OkHttp Dispatcher" [_thread_blocked, id=4628, stack(0x000000b069e00000,0x000000b069f00000)]
  0x00000276b60bf000 JavaThread "OkHttp ConnectionPool" daemon [_thread_blocked, id=13072, stack(0x000000b068900000,0x000000b068a00000)]
  0x00000276b68fa000 JavaThread "Okio Watchdog" daemon [_thread_blocked, id=1436, stack(0x000000b068f00000,0x000000b069000000)]
  0x00000276be391000 JavaThread "pool-2-thread-1" [_thread_blocked, id=10624, stack(0x000000b06a600000,0x000000b06a700000)]
  0x00000276be392000 JavaThread "Thread-1" daemon [_thread_blocked, id=10716, stack(0x000000b069f00000,0x000000b06a000000)]
  0x00000276be393800 JavaThread "Client" daemon [_thread_blocked, id=9316, stack(0x000000b06a400000,0x000000b06a500000)]
  0x00000276be394800 JavaThread "Thread-3" daemon [_thread_in_native, id=12688, stack(0x000000b06a500000,0x000000b06a600000)]
  0x00000276be390800 JavaThread "Thread-4" daemon [_thread_in_native, id=10388, stack(0x000000b06a900000,0x000000b06aa00000)]
  0x00000276be395800 JavaThread "Thread-5" daemon [_thread_blocked, id=5240, stack(0x000000b06aa00000,0x000000b06ab00000)]
  0x00000276be396000 JavaThread "OkHttp repo.runelite.net Writer" [_thread_blocked, id=12488, stack(0x000000b06ab00000,0x000000b06ac00000)]
  0x00000276be397000 JavaThread "OkHttp repo.runelite.net" [_thread_in_native, id=11208, stack(0x000000b06ac00000,0x000000b06ad00000)]
  0x00000276bce8a000 JavaThread "cache io" daemon [_thread_blocked, id=11700, stack(0x000000b06ad00000,0x000000b06ae00000)]
  0x00000276bce89000 JavaThread "OkHttp Http2Connection" daemon [_thread_blocked, id=8800, stack(0x000000b06ae00000,0x000000b06af00000)]
  0x00000276bce8b000 JavaThread "Java Sound Event Dispatcher" daemon [_thread_blocked, id=3076, stack(0x000000b06b100000,0x000000b06b200000)]
  0x00000276bce8c800 JavaThread "Sound Engine" [_thread_blocked, id=11608, stack(0x000000b06b500000,0x000000b06b600000)]
  0x00000276bce88800 JavaThread "Thread-8" daemon [_thread_blocked, id=8236, stack(0x000000b06b800000,0x000000b06b900000)]
  0x00000276bce93000 JavaThread "pool-5-thread-1" [_thread_blocked, id=11532, stack(0x000000b06bb00000,0x000000b06bc00000)]
  0x00000276bce8f000 JavaThread "DestroyJavaVM" [_thread_blocked, id=10968, stack(0x000000b067900000,0x000000b067a00000)]
  0x00000276bce90800 JavaThread "Thread-10" daemon [_thread_in_native, id=12748, stack(0x000000b06a300000,0x000000b06a400000)]
  0x00000276bce91800 JavaThread "Thread-11" daemon [_thread_blocked, id=13632, stack(0x000000b06b600000,0x000000b06b700000)]
  0x00000276bb54f000 JavaThread "C2 CompilerThread1" daemon [_thread_in_native, id=9088, stack(0x000000b06b700000,0x000000b06b800000)]
  0x00000276c2707000 JavaThread "C2 CompilerThread2" daemon [_thread_in_native, id=8856, stack(0x000000b06ba00000,0x000000b06bb00000)]
  0x00000276bce8b800 JavaThread "crmsession-rest-request-1" daemon [_thread_in_native, id=3140, stack(0x000000b06be00000,0x000000b06bf00000)]

Other Threads:
  0x00000276b5e98000 VMThread "VM Thread" [stack: 0x000000b067f00000,0x000000b068000000] [id=13708]
  0x00000276b68b3800 WatcherThread [stack: 0x000000b068e00000,0x000000b068f00000] [id=1324]
  0x0000027691a92000 GCTaskThread "GC Thread#0" [stack: 0x000000b067a00000,0x000000b067b00000] [id=11032]
  0x00000276b739f800 GCTaskThread "GC Thread#1" [stack: 0x000000b069000000,0x000000b069100000] [id=11036]
  0x00000276b73a0800 GCTaskThread "GC Thread#2" [stack: 0x000000b069100000,0x000000b069200000] [id=12484]
  0x00000276b73a1000 GCTaskThread "GC Thread#3" [stack: 0x000000b069200000,0x000000b069300000] [id=13784]
  0x00000276b73a1800 GCTaskThread "GC Thread#4" [stack: 0x000000b069300000,0x000000b069400000] [id=7340]
  0x00000276b7348800 GCTaskThread "GC Thread#5" [stack: 0x000000b069400000,0x000000b069500000] [id=9564]
  0x00000276ba284000 GCTaskThread "GC Thread#6" [stack: 0x000000b06a100000,0x000000b06a200000] [id=2316]
  0x00000276baa1d000 GCTaskThread "GC Thread#7" [stack: 0x000000b06a200000,0x000000b06a300000] [id=11784]
  0x0000027691aec800 ConcurrentGCThread "G1 Main Marker" [stack: 0x000000b067b00000,0x000000b067c00000] [id=11616]
  0x0000027691aed800 ConcurrentGCThread "G1 Conc#0" [stack: 0x000000b067c00000,0x000000b067d00000] [id=13248]
  0x00000276b7542000 ConcurrentGCThread "G1 Conc#1" [stack: 0x000000b069b00000,0x000000b069c00000] [id=12664]
  0x00000276b54f2800 ConcurrentGCThread "G1 Refine#0" [stack: 0x000000b067d00000,0x000000b067e00000] [id=13496]
  0x00000276b63e7000 ConcurrentGCThread "G1 Refine#1" [stack: 0x000000b069500000,0x000000b069600000] [id=10076]
  0x00000276b6946000 ConcurrentGCThread "G1 Refine#2" [stack: 0x000000b069600000,0x000000b069700000] [id=8504]
  0x00000276ba3ba000 ConcurrentGCThread "G1 Refine#3" [stack: 0x000000b06bc00000,0x000000b06bd00000] [id=7992]
  0x00000276b54f4000 ConcurrentGCThread "G1 Young RemSet Sampling" [stack: 0x000000b067e00000,0x000000b067f00000] [id=2616]

Threads with active compile tasks:
C2 CompilerThread0    26262 11270   !   4       jt::af (4395 bytes)
C1 CompilerThread0    26262 11296 %     3       org.bouncycastle.math.raw.Nat256::mul @ 292 (637 bytes)
C2 CompilerThread1    26262 11156 %     4       km::cj @ 280 (2177 bytes)
C2 CompilerThread2    26262 11228 % !   4       jt::nj @ 30 (6679 bytes)

VM state:not at safepoint (normal execution)

VM Mutex/Monitor currently owned by a thread: None

Heap address: 0x0000000704800000, size: 4024 MB, Compressed Oops mode: Zero based, Oop shift amount: 3
Narrow klass base: 0x0000000800000000, Narrow klass shift: 0
Compressed class space size: 1073741824 Address: 0x0000000800000000

Heap:
 garbage-first heap   total 310272K, used 220901K [0x0000000704800000, 0x0000000800000000)
  region size 1024K, 80 young (81920K), 16 survivors (16384K)
 Metaspace       used 88297K, capacity 91292K, committed 91392K, reserved 1130496K
  class space    used 9212K, capacity 10472K, committed 10496K, reserved 1048576K
Heap Regions: E=young(eden), S=young(survivor), O=old, HS=humongous(starts), HC=humongous(continues), CS=collection set, F=free, A=archive, TAMS=top-at-mark-start (previous, next)
|   0|0x0000000704800000, 0x0000000704900000, 0x0000000704900000|100%| O|  |TAMS 0x0000000704900000, 0x0000000704800000| Untracked 
|   1|0x0000000704900000, 0x0000000704a00000, 0x0000000704a00000|100%| O|  |TAMS 0x0000000704a00000, 0x0000000704900000| Untracked 
|   2|0x0000000704a00000, 0x0000000704b00000, 0x0000000704b00000|100%| O|  |TAMS 0x0000000704b00000, 0x0000000704a00000| Untracked 
|   3|0x0000000704b00000, 0x0000000704c00000, 0x0000000704c00000|100%| O|  |TAMS 0x0000000704c00000, 0x0000000704b00000| Untracked 
|   4|0x0000000704c00000, 0x0000000704d00000, 0x0000000704d00000|100%| O|  |TAMS 0x0000000704d00000, 0x0000000704c00000| Untracked 
|   5|0x0000000704d00000, 0x0000000704e00000, 0x0000000704e00000|100%| O|  |TAMS 0x0000000704e00000, 0x0000000704d00000| Complete 
|   6|0x0000000704e00000, 0x0000000704f00000, 0x0000000704f00000|100%| O|  |TAMS 0x0000000704f00000, 0x0000000704e00000| Untracked 
|   7|0x0000000704f00000, 0x0000000705000000, 0x0000000705000000|100%| O|  |TAMS 0x0000000705000000, 0x0000000704f00000| Untracked 
|   8|0x0000000705000000, 0x0000000705100000, 0x0000000705100000|100%| O|  |TAMS 0x0000000705100000, 0x0000000705000000| Untracked 
|   9|0x0000000705100000, 0x0000000705200000, 0x0000000705200000|100%| O|  |TAMS 0x0000000705200000, 0x0000000705100000| Untracked 
|  10|0x0000000705200000, 0x0000000705300000, 0x0000000705300000|100%| O|  |TAMS 0x0000000705300000, 0x0000000705200000| Complete 
|  11|0x0000000705300000, 0x0000000705400000, 0x0000000705400000|100%|HS|  |TAMS 0x0000000705400000, 0x0000000705300000| Complete 
|  12|0x0000000705400000, 0x0000000705500000, 0x0000000705500000|100%|HC|  |TAMS 0x0000000705500000, 0x0000000705400000| Complete 
|  13|0x0000000705500000, 0x0000000705600000, 0x0000000705600000|100%|HC|  |TAMS 0x0000000705600000, 0x0000000705500000| Complete 
|  14|0x0000000705600000, 0x0000000705700000, 0x0000000705700000|100%| O|  |TAMS 0x0000000705700000, 0x0000000705600000| Untracked 
|  15|0x0000000705700000, 0x0000000705800000, 0x0000000705800000|100%| O|  |TAMS 0x0000000705800000, 0x0000000705700000| Untracked 
|  16|0x0000000705800000, 0x0000000705900000, 0x0000000705900000|100%|HS|  |TAMS 0x0000000705800000, 0x0000000705800000| Complete 
|  17|0x0000000705900000, 0x0000000705a00000, 0x0000000705a00000|100%|HS|  |TAMS 0x0000000705900000, 0x0000000705900000| Complete 
|  18|0x0000000705a00000, 0x0000000705a00000, 0x0000000705b00000|  0%| F|  |TAMS 0x0000000705a00000, 0x0000000705a00000| Untracked 
|  19|0x0000000705b00000, 0x0000000705b00000, 0x0000000705c00000|  0%| F|  |TAMS 0x0000000705b00000, 0x0000000705b00000| Untracked 
|  20|0x0000000705c00000, 0x0000000705c00000, 0x0000000705d00000|  0%| F|  |TAMS 0x0000000705c00000, 0x0000000705c00000| Untracked 
|  21|0x0000000705d00000, 0x0000000705d00000, 0x0000000705e00000|  0%| F|  |TAMS 0x0000000705d00000, 0x0000000705d00000| Untracked 
|  22|0x0000000705e00000, 0x0000000705e00000, 0x0000000705f00000|  0%| F|  |TAMS 0x0000000705e00000, 0x0000000705e00000| Untracked 
|  23|0x0000000705f00000, 0x0000000705f00000, 0x0000000706000000|  0%| F|  |TAMS 0x0000000705f00000, 0x0000000705f00000| Untracked 
|  24|0x0000000706000000, 0x0000000706000000, 0x0000000706100000|  0%| F|  |TAMS 0x0000000706000000, 0x0000000706000000| Untracked 
|  25|0x0000000706100000, 0x0000000706100000, 0x0000000706200000|  0%| F|  |TAMS 0x0000000706100000, 0x0000000706100000| Untracked 
|  26|0x0000000706200000, 0x0000000706200000, 0x0000000706300000|  0%| F|  |TAMS 0x0000000706200000, 0x0000000706200000| Untracked 
|  27|0x0000000706300000, 0x0000000706300000, 0x0000000706400000|  0%| F|  |TAMS 0x0000000706300000, 0x0000000706300000| Untracked 
|  28|0x0000000706400000, 0x0000000706400000, 0x0000000706500000|  0%| F|  |TAMS 0x0000000706400000, 0x0000000706400000| Untracked 
|  29|0x0000000706500000, 0x0000000706500000, 0x0000000706600000|  0%| F|  |TAMS 0x0000000706500000, 0x0000000706500000| Untracked 
|  30|0x0000000706600000, 0x0000000706600000, 0x0000000706700000|  0%| F|  |TAMS 0x0000000706600000, 0x0000000706600000| Untracked 
|  31|0x0000000706700000, 0x0000000706700000, 0x0000000706800000|  0%| F|  |TAMS 0x0000000706700000, 0x0000000706700000| Untracked 
|  32|0x0000000706800000, 0x0000000706800000, 0x0000000706900000|  0%| F|  |TAMS 0x0000000706800000, 0x0000000706800000| Untracked 
|  33|0x0000000706900000, 0x0000000706900000, 0x0000000706a00000|  0%| F|  |TAMS 0x0000000706900000, 0x0000000706900000| Untracked 
|  34|0x0000000706a00000, 0x0000000706a00000, 0x0000000706b00000|  0%| F|  |TAMS 0x0000000706a00000, 0x0000000706a00000| Untracked 
|  35|0x0000000706b00000, 0x0000000706b00000, 0x0000000706c00000|  0%| F|  |TAMS 0x0000000706b00000, 0x0000000706b00000| Untracked 
|  36|0x0000000706c00000, 0x0000000706c00000, 0x0000000706d00000|  0%| F|  |TAMS 0x0000000706c00000, 0x0000000706c00000| Untracked 
|  37|0x0000000706d00000, 0x0000000706d00000, 0x0000000706e00000|  0%| F|  |TAMS 0x0000000706d00000, 0x0000000706d00000| Untracked 
|  38|0x0000000706e00000, 0x0000000706f00000, 0x0000000706f00000|100%|HS|  |TAMS 0x0000000706f00000, 0x0000000706e00000| Complete 
|  39|0x0000000706f00000, 0x0000000707000000, 0x0000000707000000|100%|HC|  |TAMS 0x0000000707000000, 0x0000000706f00000| Complete 
|  40|0x0000000707000000, 0x0000000707000000, 0x0000000707100000|  0%| F|  |TAMS 0x0000000707000000, 0x0000000707000000| Untracked 
|  41|0x0000000707100000, 0x0000000707100000, 0x0000000707200000|  0%| F|  |TAMS 0x0000000707100000, 0x0000000707100000| Untracked 
|  42|0x0000000707200000, 0x0000000707300000, 0x0000000707300000|100%| O|  |TAMS 0x0000000707300000, 0x0000000707200000| Complete 
|  43|0x0000000707300000, 0x0000000707400000, 0x0000000707400000|100%| O|  |TAMS 0x0000000707400000, 0x0000000707300000| Complete 
|  44|0x0000000707400000, 0x0000000707500000, 0x0000000707500000|100%| O|  |TAMS 0x0000000707500000, 0x0000000707400000| Complete 
|  45|0x0000000707500000, 0x0000000707600000, 0x0000000707600000|100%| O|  |TAMS 0x0000000707600000, 0x0000000707500000| Complete 
|  46|0x0000000707600000, 0x0000000707700000, 0x0000000707700000|100%| O|  |TAMS 0x0000000707700000, 0x0000000707600000| Untracked 
|  47|0x0000000707700000, 0x0000000707800000, 0x0000000707800000|100%| O|  |TAMS 0x0000000707800000, 0x0000000707700000| Untracked 
|  48|0x0000000707800000, 0x0000000707900000, 0x0000000707900000|100%| O|  |TAMS 0x0000000707900000, 0x0000000707800000| Untracked 
|  49|0x0000000707900000, 0x0000000707a00000, 0x0000000707a00000|100%| O|  |TAMS 0x0000000707a00000, 0x0000000707900000| Untracked 
|  50|0x0000000707a00000, 0x0000000707b00000, 0x0000000707b00000|100%| O|  |TAMS 0x0000000707b00000, 0x0000000707a00000| Untracked 
|  51|0x0000000707b00000, 0x0000000707c00000, 0x0000000707c00000|100%| O|  |TAMS 0x0000000707c00000, 0x0000000707b00000| Untracked 
|  52|0x0000000707c00000, 0x0000000707d00000, 0x0000000707d00000|100%| O|  |TAMS 0x0000000707d00000, 0x0000000707c00000| Untracked 
|  53|0x0000000707d00000, 0x0000000707e00000, 0x0000000707e00000|100%| O|  |TAMS 0x0000000707e00000, 0x0000000707d00000| Complete 
|  54|0x0000000707e00000, 0x0000000707f00000, 0x0000000707f00000|100%| O|  |TAMS 0x0000000707f00000, 0x0000000707e00000| Untracked 
|  55|0x0000000707f00000, 0x0000000708000000, 0x0000000708000000|100%| O|  |TAMS 0x0000000708000000, 0x0000000707f00000| Untracked 
|  56|0x0000000708000000, 0x0000000708100000, 0x0000000708100000|100%| O|  |TAMS 0x0000000708100000, 0x0000000708000000| Complete 
|  57|0x0000000708100000, 0x0000000708200000, 0x0000000708200000|100%| O|  |TAMS 0x0000000708200000, 0x0000000708100000| Complete 
|  58|0x0000000708200000, 0x0000000708300000, 0x0000000708300000|100%| O|  |TAMS 0x0000000708300000, 0x0000000708200000| Complete 
|  59|0x0000000708300000, 0x0000000708400000, 0x0000000708400000|100%| O|  |TAMS 0x0000000708400000, 0x0000000708300000| Complete 
|  60|0x0000000708400000, 0x0000000708500000, 0x0000000708500000|100%| O|  |TAMS 0x0000000708500000, 0x0000000708400000| Untracked 
|  61|0x0000000708500000, 0x0000000708600000, 0x0000000708600000|100%| O|  |TAMS 0x0000000708600000, 0x0000000708500000| Complete 
|  62|0x0000000708600000, 0x0000000708700000, 0x0000000708700000|100%| O|  |TAMS 0x0000000708700000, 0x0000000708600000| Untracked 
|  63|0x0000000708700000, 0x0000000708800000, 0x0000000708800000|100%| O|  |TAMS 0x0000000708800000, 0x0000000708700000| Untracked 
|  64|0x0000000708800000, 0x0000000708900000, 0x0000000708900000|100%| O|  |TAMS 0x0000000708900000, 0x0000000708800000| Untracked 
|  65|0x0000000708900000, 0x0000000708a00000, 0x0000000708a00000|100%| O|  |TAMS 0x0000000708a00000, 0x0000000708900000| Complete 
|  66|0x0000000708a00000, 0x0000000708b00000, 0x0000000708b00000|100%| O|  |TAMS 0x0000000708b00000, 0x0000000708a00000| Complete 
|  67|0x0000000708b00000, 0x0000000708c00000, 0x0000000708c00000|100%| O|  |TAMS 0x0000000708c00000, 0x0000000708b00000| Complete 
|  68|0x0000000708c00000, 0x0000000708d00000, 0x0000000708d00000|100%| O|  |TAMS 0x0000000708d00000, 0x0000000708c00000| Complete 
|  69|0x0000000708d00000, 0x0000000708e00000, 0x0000000708e00000|100%| O|  |TAMS 0x0000000708e00000, 0x0000000708d00000| Complete 
|  70|0x0000000708e00000, 0x0000000708f00000, 0x0000000708f00000|100%| O|  |TAMS 0x0000000708f00000, 0x0000000708e00000| Untracked 
|  71|0x0000000708f00000, 0x0000000709000000, 0x0000000709000000|100%| O|  |TAMS 0x0000000709000000, 0x0000000708f00000| Untracked 
|  72|0x0000000709000000, 0x0000000709100000, 0x0000000709100000|100%| O|  |TAMS 0x0000000709100000, 0x0000000709000000| Untracked 
|  73|0x0000000709100000, 0x0000000709200000, 0x0000000709200000|100%| O|  |TAMS 0x0000000709200000, 0x0000000709100000| Untracked 
|  74|0x0000000709200000, 0x0000000709300000, 0x0000000709300000|100%| O|  |TAMS 0x0000000709300000, 0x0000000709200000| Complete 
|  75|0x0000000709300000, 0x0000000709400000, 0x0000000709400000|100%| O|  |TAMS 0x0000000709400000, 0x0000000709300000| Untracked 
|  76|0x0000000709400000, 0x0000000709500000, 0x0000000709500000|100%| O|  |TAMS 0x0000000709500000, 0x0000000709400000| Untracked 
|  77|0x0000000709500000, 0x0000000709600000, 0x0000000709600000|100%| O|  |TAMS 0x0000000709600000, 0x0000000709500000| Untracked 
|  78|0x0000000709600000, 0x0000000709700000, 0x0000000709700000|100%| O|  |TAMS 0x0000000709700000, 0x0000000709600000| Untracked 
|  79|0x0000000709700000, 0x0000000709800000, 0x0000000709800000|100%| O|  |TAMS 0x0000000709800000, 0x0000000709700000| Untracked 
|  80|0x0000000709800000, 0x0000000709900000, 0x0000000709900000|100%| O|  |TAMS 0x0000000709900000, 0x0000000709800000| Complete 
|  81|0x0000000709900000, 0x0000000709a00000, 0x0000000709a00000|100%| O|  |TAMS 0x0000000709a00000, 0x0000000709900000| Complete 
|  82|0x0000000709a00000, 0x0000000709b00000, 0x0000000709b00000|100%| O|  |TAMS 0x0000000709b00000, 0x0000000709a00000| Complete 
|  83|0x0000000709b00000, 0x0000000709c00000, 0x0000000709c00000|100%| O|  |TAMS 0x0000000709c00000, 0x0000000709b00000| Complete 
|  84|0x0000000709c00000, 0x0000000709d00000, 0x0000000709d00000|100%| O|  |TAMS 0x0000000709d00000, 0x0000000709c00000| Complete 
|  85|0x0000000709d00000, 0x0000000709e00000, 0x0000000709e00000|100%| O|  |TAMS 0x0000000709e00000, 0x0000000709d00000| Complete 
|  86|0x0000000709e00000, 0x0000000709f00000, 0x0000000709f00000|100%| O|  |TAMS 0x0000000709f00000, 0x0000000709e00000| Untracked 
|  87|0x0000000709f00000, 0x000000070a000000, 0x000000070a000000|100%| O|  |TAMS 0x000000070a000000, 0x0000000709f00000| Complete 
|  88|0x000000070a000000, 0x000000070a100000, 0x000000070a100000|100%| O|  |TAMS 0x000000070a100000, 0x000000070a000000| Untracked 
|  89|0x000000070a100000, 0x000000070a200000, 0x000000070a200000|100%| O|  |TAMS 0x000000070a200000, 0x000000070a100000| Complete 
|  90|0x000000070a200000, 0x000000070a300000, 0x000000070a300000|100%| O|  |TAMS 0x000000070a300000, 0x000000070a200000| Complete 
|  91|0x000000070a300000, 0x000000070a400000, 0x000000070a400000|100%| O|  |TAMS 0x000000070a400000, 0x000000070a300000| Complete 
|  92|0x000000070a400000, 0x000000070a500000, 0x000000070a500000|100%| O|  |TAMS 0x000000070a500000, 0x000000070a400000| Untracked 
|  93|0x000000070a500000, 0x000000070a600000, 0x000000070a600000|100%| O|  |TAMS 0x000000070a600000, 0x000000070a500000| Untracked 
|  94|0x000000070a600000, 0x000000070a700000, 0x000000070a700000|100%| O|  |TAMS 0x000000070a700000, 0x000000070a600000| Untracked 
|  95|0x000000070a700000, 0x000000070a800000, 0x000000070a800000|100%| O|  |TAMS 0x000000070a800000, 0x000000070a700000| Untracked 
|  96|0x000000070a800000, 0x000000070a900000, 0x000000070a900000|100%| O|  |TAMS 0x000000070a900000, 0x000000070a800000| Untracked 
|  97|0x000000070a900000, 0x000000070aa00000, 0x000000070aa00000|100%| O|  |TAMS 0x000000070aa00000, 0x000000070a900000| Untracked 
|  98|0x000000070aa00000, 0x000000070ab00000, 0x000000070ab00000|100%| O|  |TAMS 0x000000070ab00000, 0x000000070aa00000| Complete 
|  99|0x000000070ab00000, 0x000000070ac00000, 0x000000070ac00000|100%| O|  |TAMS 0x000000070ac00000, 0x000000070ab00000| Complete 
| 100|0x000000070ac00000, 0x000000070ad00000, 0x000000070ad00000|100%| O|  |TAMS 0x000000070ad00000, 0x000000070ac00000| Complete 
| 101|0x000000070ad00000, 0x000000070ae00000, 0x000000070ae00000|100%| O|  |TAMS 0x000000070ae00000, 0x000000070ad00000| Untracked 
| 102|0x000000070ae00000, 0x000000070af00000, 0x000000070af00000|100%| O|  |TAMS 0x000000070af00000, 0x000000070ae00000| Untracked 
| 103|0x000000070af00000, 0x000000070b000000, 0x000000070b000000|100%| O|  |TAMS 0x000000070b000000, 0x000000070af00000| Complete 
| 104|0x000000070b000000, 0x000000070b100000, 0x000000070b100000|100%| O|  |TAMS 0x000000070b100000, 0x000000070b000000| Untracked 
| 105|0x000000070b100000, 0x000000070b200000, 0x000000070b200000|100%| O|  |TAMS 0x000000070b200000, 0x000000070b100000| Complete 
| 106|0x000000070b200000, 0x000000070b300000, 0x000000070b300000|100%| O|  |TAMS 0x000000070b300000, 0x000000070b200000| Untracked 
| 107|0x000000070b300000, 0x000000070b400000, 0x000000070b400000|100%| O|  |TAMS 0x000000070b400000, 0x000000070b300000| Untracked 
| 108|0x000000070b400000, 0x000000070b500000, 0x000000070b500000|100%| O|  |TAMS 0x000000070b500000, 0x000000070b400000| Untracked 
| 109|0x000000070b500000, 0x000000070b600000, 0x000000070b600000|100%| O|  |TAMS 0x000000070b600000, 0x000000070b500000| Untracked 
| 110|0x000000070b600000, 0x000000070b700000, 0x000000070b700000|100%| O|  |TAMS 0x000000070b700000, 0x000000070b600000| Untracked 
| 111|0x000000070b700000, 0x000000070b800000, 0x000000070b800000|100%| O|  |TAMS 0x000000070b800000, 0x000000070b700000| Complete 
| 112|0x000000070b800000, 0x000000070b900000, 0x000000070b900000|100%| O|  |TAMS 0x000000070b900000, 0x000000070b800000| Complete 
| 113|0x000000070b900000, 0x000000070ba00000, 0x000000070ba00000|100%| O|  |TAMS 0x000000070ba00000, 0x000000070b900000| Complete 
| 114|0x000000070ba00000, 0x000000070bb00000, 0x000000070bb00000|100%|HS|  |TAMS 0x000000070bb00000, 0x000000070ba00000| Complete 
| 115|0x000000070bb00000, 0x000000070bc00000, 0x000000070bc00000|100%|HC|  |TAMS 0x000000070bc00000, 0x000000070bb00000| Complete 
| 116|0x000000070bc00000, 0x000000070bd00000, 0x000000070bd00000|100%|HS|  |TAMS 0x000000070bd00000, 0x000000070bc00000| Complete 
| 117|0x000000070bd00000, 0x000000070be00000, 0x000000070be00000|100%|HC|  |TAMS 0x000000070be00000, 0x000000070bd00000| Complete 
| 118|0x000000070be00000, 0x000000070bf00000, 0x000000070bf00000|100%|HS|  |TAMS 0x000000070bf00000, 0x000000070be00000| Complete 
| 119|0x000000070bf00000, 0x000000070c000000, 0x000000070c000000|100%|HC|  |TAMS 0x000000070c000000, 0x000000070bf00000| Complete 
| 120|0x000000070c000000, 0x000000070c100000, 0x000000070c100000|100%|HS|  |TAMS 0x000000070c100000, 0x000000070c000000| Complete 
| 121|0x000000070c100000, 0x000000070c200000, 0x000000070c200000|100%|HC|  |TAMS 0x000000070c200000, 0x000000070c100000| Complete 
| 122|0x000000070c200000, 0x000000070c300000, 0x000000070c300000|100%|HC|  |TAMS 0x000000070c300000, 0x000000070c200000| Complete 
| 123|0x000000070c300000, 0x000000070c400000, 0x000000070c400000|100%|HC|  |TAMS 0x000000070c400000, 0x000000070c300000| Complete 
| 124|0x000000070c400000, 0x000000070c500000, 0x000000070c500000|100%|HC|  |TAMS 0x000000070c500000, 0x000000070c400000| Complete 
| 125|0x000000070c500000, 0x000000070c600000, 0x000000070c600000|100%| O|  |TAMS 0x000000070c600000, 0x000000070c500000| Untracked 
| 126|0x000000070c600000, 0x000000070c700000, 0x000000070c700000|100%| O|  |TAMS 0x000000070c700000, 0x000000070c600000| Complete 
| 127|0x000000070c700000, 0x000000070c800000, 0x000000070c800000|100%| O|  |TAMS 0x000000070c800000, 0x000000070c700000| Complete 
| 128|0x000000070c800000, 0x000000070c900000, 0x000000070c900000|100%| O|  |TAMS 0x000000070c900000, 0x000000070c800000| Untracked 
| 129|0x000000070c900000, 0x000000070ca00000, 0x000000070ca00000|100%| O|  |TAMS 0x000000070ca00000, 0x000000070c900000| Untracked 
| 130|0x000000070ca00000, 0x000000070cb00000, 0x000000070cb00000|100%| O|  |TAMS 0x000000070cb00000, 0x000000070ca00000| Untracked 
| 131|0x000000070cb00000, 0x000000070cc00000, 0x000000070cc00000|100%| O|  |TAMS 0x000000070cc00000, 0x000000070cb00000| Untracked 
| 132|0x000000070cc00000, 0x000000070cd00000, 0x000000070cd00000|100%| O|  |TAMS 0x000000070cd00000, 0x000000070cc00000| Untracked 
| 133|0x000000070cd00000, 0x000000070ce00000, 0x000000070ce00000|100%| O|  |TAMS 0x000000070ce00000, 0x000000070cd00000| Untracked 
| 134|0x000000070ce00000, 0x000000070cf00000, 0x000000070cf00000|100%| O|  |TAMS 0x000000070cf00000, 0x000000070ce00000| Complete 
| 135|0x000000070cf00000, 0x000000070d000000, 0x000000070d000000|100%|HS|  |TAMS 0x000000070d000000, 0x000000070cf00000| Complete 
| 136|0x000000070d000000, 0x000000070d100000, 0x000000070d100000|100%|HC|  |TAMS 0x000000070d100000, 0x000000070d000000| Complete 
| 137|0x000000070d100000, 0x000000070d200000, 0x000000070d200000|100%|HS|  |TAMS 0x000000070d200000, 0x000000070d100000| Complete 
| 138|0x000000070d200000, 0x000000070d300000, 0x000000070d300000|100%|HC|  |TAMS 0x000000070d300000, 0x000000070d200000| Complete 
| 139|0x000000070d300000, 0x000000070d400000, 0x000000070d400000|100%|HS|  |TAMS 0x000000070d400000, 0x000000070d300000| Complete 
| 140|0x000000070d400000, 0x000000070d500000, 0x000000070d500000|100%|HC|  |TAMS 0x000000070d500000, 0x000000070d400000| Complete 
| 141|0x000000070d500000, 0x000000070d600000, 0x000000070d600000|100%|HS|  |TAMS 0x000000070d600000, 0x000000070d500000| Complete 
| 142|0x000000070d600000, 0x000000070d700000, 0x000000070d700000|100%|HC|  |TAMS 0x000000070d700000, 0x000000070d600000| Complete 
| 143|0x000000070d700000, 0x000000070d800000, 0x000000070d800000|100%|HS|  |TAMS 0x000000070d800000, 0x000000070d700000| Complete 
| 144|0x000000070d800000, 0x000000070d900000, 0x000000070d900000|100%|HC|  |TAMS 0x000000070d900000, 0x000000070d800000| Complete 
| 145|0x000000070d900000, 0x000000070da00000, 0x000000070da00000|100%|HS|  |TAMS 0x000000070da00000, 0x000000070d900000| Complete 
| 146|0x000000070da00000, 0x000000070db00000, 0x000000070db00000|100%|HC|  |TAMS 0x000000070db00000, 0x000000070da00000| Complete 
| 147|0x000000070db00000, 0x000000070dc00000, 0x000000070dc00000|100%|HC|  |TAMS 0x000000070dc00000, 0x000000070db00000| Complete 
| 148|0x000000070dc00000, 0x000000070dd00000, 0x000000070dd00000|100%|HC|  |TAMS 0x000000070dd00000, 0x000000070dc00000| Complete 
| 149|0x000000070dd00000, 0x000000070de00000, 0x000000070de00000|100%|HC|  |TAMS 0x000000070de00000, 0x000000070dd00000| Complete 
| 150|0x000000070de00000, 0x000000070df00000, 0x000000070df00000|100%|HC|  |TAMS 0x000000070df00000, 0x000000070de00000| Complete 
| 151|0x000000070df00000, 0x000000070e000000, 0x000000070e000000|100%|HS|  |TAMS 0x000000070e000000, 0x000000070df00000| Complete 
| 152|0x000000070e000000, 0x000000070e100000, 0x000000070e100000|100%|HC|  |TAMS 0x000000070e100000, 0x000000070e000000| Complete 
| 153|0x000000070e100000, 0x000000070e200000, 0x000000070e200000|100%|HS|  |TAMS 0x000000070e100000, 0x000000070e100000| Complete 
| 154|0x000000070e200000, 0x000000070e200000, 0x000000070e300000|  0%| F|  |TAMS 0x000000070e200000, 0x000000070e200000| Untracked 
| 155|0x000000070e300000, 0x000000070e400000, 0x000000070e400000|100%| O|  |TAMS 0x000000070e400000, 0x000000070e300000| Untracked 
| 156|0x000000070e400000, 0x000000070e500000, 0x000000070e500000|100%| O|  |TAMS 0x000000070e500000, 0x000000070e400000| Untracked 
| 157|0x000000070e500000, 0x000000070e600000, 0x000000070e600000|100%| O|  |TAMS 0x000000070e600000, 0x000000070e500000| Untracked 
| 158|0x000000070e600000, 0x000000070e700000, 0x000000070e700000|100%| O|  |TAMS 0x000000070e700000, 0x000000070e600000| Complete 
| 159|0x000000070e700000, 0x000000070e800000, 0x000000070e800000|100%| O|  |TAMS 0x000000070e800000, 0x000000070e700000| Untracked 
| 160|0x000000070e800000, 0x000000070e8b9600, 0x000000070e900000| 72%| O|  |TAMS 0x000000070e8b9600, 0x000000070e800000| Untracked 
| 161|0x000000070e900000, 0x000000070e900000, 0x000000070ea00000|  0%| F|  |TAMS 0x000000070e900000, 0x000000070e900000| Untracked 
| 162|0x000000070ea00000, 0x000000070ea00000, 0x000000070eb00000|  0%| F|  |TAMS 0x000000070ea00000, 0x000000070ea00000| Untracked 
| 163|0x000000070eb00000, 0x000000070eb00000, 0x000000070ec00000|  0%| F|  |TAMS 0x000000070eb00000, 0x000000070eb00000| Untracked 
| 164|0x000000070ec00000, 0x000000070ec00000, 0x000000070ed00000|  0%| F|  |TAMS 0x000000070ec00000, 0x000000070ec00000| Untracked 
| 165|0x000000070ed00000, 0x000000070ed00000, 0x000000070ee00000|  0%| F|  |TAMS 0x000000070ed00000, 0x000000070ed00000| Untracked 
| 166|0x000000070ee00000, 0x000000070ee00000, 0x000000070ef00000|  0%| F|  |TAMS 0x000000070ee00000, 0x000000070ee00000| Untracked 
| 167|0x000000070ef00000, 0x000000070ef00000, 0x000000070f000000|  0%| F|  |TAMS 0x000000070ef00000, 0x000000070ef00000| Untracked 
| 168|0x000000070f000000, 0x000000070f000000, 0x000000070f100000|  0%| F|  |TAMS 0x000000070f000000, 0x000000070f000000| Untracked 
| 169|0x000000070f100000, 0x000000070f100000, 0x000000070f200000|  0%| F|  |TAMS 0x000000070f100000, 0x000000070f100000| Untracked 
| 170|0x000000070f200000, 0x000000070f200000, 0x000000070f300000|  0%| F|  |TAMS 0x000000070f200000, 0x000000070f200000| Untracked 
| 171|0x000000070f300000, 0x000000070f300000, 0x000000070f400000|  0%| F|  |TAMS 0x000000070f300000, 0x000000070f300000| Untracked 
| 172|0x000000070f400000, 0x000000070f400000, 0x000000070f500000|  0%| F|  |TAMS 0x000000070f400000, 0x000000070f400000| Untracked 
| 173|0x000000070f500000, 0x000000070f500000, 0x000000070f600000|  0%| F|  |TAMS 0x000000070f500000, 0x000000070f500000| Untracked 
| 174|0x000000070f600000, 0x000000070f600000, 0x000000070f700000|  0%| F|  |TAMS 0x000000070f600000, 0x000000070f600000| Untracked 
| 175|0x000000070f700000, 0x000000070f700000, 0x000000070f800000|  0%| F|  |TAMS 0x000000070f700000, 0x000000070f700000| Untracked 
| 176|0x000000070f800000, 0x000000070f800000, 0x000000070f900000|  0%| F|  |TAMS 0x000000070f800000, 0x000000070f800000| Untracked 
| 177|0x000000070f900000, 0x000000070f900000, 0x000000070fa00000|  0%| F|  |TAMS 0x000000070f900000, 0x000000070f900000| Untracked 
| 178|0x000000070fa00000, 0x000000070fa00000, 0x000000070fb00000|  0%| F|  |TAMS 0x000000070fa00000, 0x000000070fa00000| Untracked 
| 179|0x000000070fb00000, 0x000000070fb00000, 0x000000070fc00000|  0%| F|  |TAMS 0x000000070fb00000, 0x000000070fb00000| Untracked 
| 180|0x000000070fc00000, 0x000000070fc00000, 0x000000070fd00000|  0%| F|  |TAMS 0x000000070fc00000, 0x000000070fc00000| Untracked 
| 181|0x000000070fd00000, 0x000000070fd00000, 0x000000070fe00000|  0%| F|  |TAMS 0x000000070fd00000, 0x000000070fd00000| Untracked 
| 182|0x000000070fe00000, 0x000000070fe00000, 0x000000070ff00000|  0%| F|  |TAMS 0x000000070fe00000, 0x000000070fe00000| Untracked 
| 183|0x000000070ff00000, 0x000000070ff00000, 0x0000000710000000|  0%| F|  |TAMS 0x000000070ff00000, 0x000000070ff00000| Untracked 
| 184|0x0000000710000000, 0x0000000710000000, 0x0000000710100000|  0%| F|  |TAMS 0x0000000710000000, 0x0000000710000000| Untracked 
| 185|0x0000000710100000, 0x0000000710100000, 0x0000000710200000|  0%| F|  |TAMS 0x0000000710100000, 0x0000000710100000| Untracked 
| 186|0x0000000710200000, 0x0000000710200000, 0x0000000710300000|  0%| F|  |TAMS 0x0000000710200000, 0x0000000710200000| Untracked 
| 187|0x0000000710300000, 0x0000000710300000, 0x0000000710400000|  0%| F|  |TAMS 0x0000000710300000, 0x0000000710300000| Untracked 
| 188|0x0000000710400000, 0x0000000710400000, 0x0000000710500000|  0%| F|  |TAMS 0x0000000710400000, 0x0000000710400000| Untracked 
| 189|0x0000000710500000, 0x0000000710500000, 0x0000000710600000|  0%| F|  |TAMS 0x0000000710500000, 0x0000000710500000| Untracked 
| 190|0x0000000710600000, 0x0000000710600000, 0x0000000710700000|  0%| F|  |TAMS 0x0000000710600000, 0x0000000710600000| Untracked 
| 191|0x0000000710700000, 0x0000000710700000, 0x0000000710800000|  0%| F|  |TAMS 0x0000000710700000, 0x0000000710700000| Untracked 
| 192|0x0000000710800000, 0x0000000710800000, 0x0000000710900000|  0%| F|  |TAMS 0x0000000710800000, 0x0000000710800000| Untracked 
| 193|0x0000000710900000, 0x0000000710900000, 0x0000000710a00000|  0%| F|  |TAMS 0x0000000710900000, 0x0000000710900000| Untracked 
| 194|0x0000000710a00000, 0x0000000710a00000, 0x0000000710b00000|  0%| F|  |TAMS 0x0000000710a00000, 0x0000000710a00000| Untracked 
| 195|0x0000000710b00000, 0x0000000710b00000, 0x0000000710c00000|  0%| F|  |TAMS 0x0000000710b00000, 0x0000000710b00000| Untracked 
| 196|0x0000000710c00000, 0x0000000710c00000, 0x0000000710d00000|  0%| F|  |TAMS 0x0000000710c00000, 0x0000000710c00000| Untracked 
| 197|0x0000000710d00000, 0x0000000710d00000, 0x0000000710e00000|  0%| F|  |TAMS 0x0000000710d00000, 0x0000000710d00000| Untracked 
| 198|0x0000000710e00000, 0x0000000710e00000, 0x0000000710f00000|  0%| F|  |TAMS 0x0000000710e00000, 0x0000000710e00000| Untracked 
| 199|0x0000000710f00000, 0x0000000710f00000, 0x0000000711000000|  0%| F|  |TAMS 0x0000000710f00000, 0x0000000710f00000| Untracked 
| 200|0x0000000711000000, 0x0000000711000000, 0x0000000711100000|  0%| F|  |TAMS 0x0000000711000000, 0x0000000711000000| Untracked 
| 201|0x0000000711100000, 0x0000000711100000, 0x0000000711200000|  0%| F|  |TAMS 0x0000000711100000, 0x0000000711100000| Untracked 
| 202|0x0000000711200000, 0x0000000711200000, 0x0000000711300000|  0%| F|  |TAMS 0x0000000711200000, 0x0000000711200000| Untracked 
| 203|0x0000000711300000, 0x0000000711300000, 0x0000000711400000|  0%| F|  |TAMS 0x0000000711300000, 0x0000000711300000| Untracked 
| 204|0x0000000711400000, 0x0000000711400000, 0x0000000711500000|  0%| F|  |TAMS 0x0000000711400000, 0x0000000711400000| Untracked 
| 205|0x0000000711500000, 0x0000000711500000, 0x0000000711600000|  0%| F|  |TAMS 0x0000000711500000, 0x0000000711500000| Untracked 
| 206|0x0000000711600000, 0x0000000711600000, 0x0000000711700000|  0%| F|  |TAMS 0x0000000711600000, 0x0000000711600000| Untracked 
| 207|0x0000000711700000, 0x0000000711700000, 0x0000000711800000|  0%| F|  |TAMS 0x0000000711700000, 0x0000000711700000| Untracked 
| 208|0x0000000711800000, 0x0000000711800000, 0x0000000711900000|  0%| F|  |TAMS 0x0000000711800000, 0x0000000711800000| Untracked 
| 209|0x0000000711900000, 0x0000000711900000, 0x0000000711a00000|  0%| F|  |TAMS 0x0000000711900000, 0x0000000711900000| Untracked 
| 210|0x0000000711a00000, 0x0000000711a00000, 0x0000000711b00000|  0%| F|  |TAMS 0x0000000711a00000, 0x0000000711a00000| Untracked 
| 211|0x0000000711b00000, 0x0000000711b00000, 0x0000000711c00000|  0%| F|  |TAMS 0x0000000711b00000, 0x0000000711b00000| Untracked 
| 212|0x0000000711c00000, 0x0000000711c00000, 0x0000000711d00000|  0%| F|  |TAMS 0x0000000711c00000, 0x0000000711c00000| Untracked 
| 213|0x0000000711d00000, 0x0000000711d00000, 0x0000000711e00000|  0%| F|  |TAMS 0x0000000711d00000, 0x0000000711d00000| Untracked 
| 214|0x0000000711e00000, 0x0000000711e00000, 0x0000000711f00000|  0%| F|  |TAMS 0x0000000711e00000, 0x0000000711e00000| Untracked 
| 215|0x0000000711f00000, 0x0000000711f00000, 0x0000000712000000|  0%| F|  |TAMS 0x0000000711f00000, 0x0000000711f00000| Untracked 
| 216|0x0000000712000000, 0x0000000712000000, 0x0000000712100000|  0%| F|  |TAMS 0x0000000712000000, 0x0000000712000000| Untracked 
| 217|0x0000000712100000, 0x0000000712100000, 0x0000000712200000|  0%| F|  |TAMS 0x0000000712100000, 0x0000000712100000| Untracked 
| 218|0x0000000712200000, 0x0000000712200000, 0x0000000712300000|  0%| F|  |TAMS 0x0000000712200000, 0x0000000712200000| Untracked 
| 219|0x0000000712300000, 0x0000000712300000, 0x0000000712400000|  0%| F|  |TAMS 0x0000000712300000, 0x0000000712300000| Untracked 
| 220|0x0000000712400000, 0x0000000712400000, 0x0000000712500000|  0%| F|  |TAMS 0x0000000712400000, 0x0000000712400000| Untracked 
| 221|0x0000000712500000, 0x0000000712500000, 0x0000000712600000|  0%| F|  |TAMS 0x0000000712500000, 0x0000000712500000| Untracked 
| 222|0x0000000712600000, 0x0000000712600000, 0x0000000712700000|  0%| F|  |TAMS 0x0000000712600000, 0x0000000712600000| Untracked 
| 223|0x0000000712700000, 0x000000071277e1c0, 0x0000000712800000| 49%| E|  |TAMS 0x0000000712700000, 0x0000000712700000| Complete 
| 224|0x0000000712800000, 0x0000000712900000, 0x0000000712900000|100%| E|CS|TAMS 0x0000000712800000, 0x0000000712800000| Complete 
| 225|0x0000000712900000, 0x0000000712a00000, 0x0000000712a00000|100%| E|CS|TAMS 0x0000000712900000, 0x0000000712900000| Complete 
| 226|0x0000000712a00000, 0x0000000712b00000, 0x0000000712b00000|100%| E|CS|TAMS 0x0000000712a00000, 0x0000000712a00000| Complete 
| 227|0x0000000712b00000, 0x0000000712c00000, 0x0000000712c00000|100%| E|CS|TAMS 0x0000000712b00000, 0x0000000712b00000| Complete 
| 228|0x0000000712c00000, 0x0000000712d00000, 0x0000000712d00000|100%| E|CS|TAMS 0x0000000712c00000, 0x0000000712c00000| Complete 
| 229|0x0000000712d00000, 0x0000000712e00000, 0x0000000712e00000|100%| E|CS|TAMS 0x0000000712d00000, 0x0000000712d00000| Complete 
| 230|0x0000000712e00000, 0x0000000712f00000, 0x0000000712f00000|100%| E|CS|TAMS 0x0000000712e00000, 0x0000000712e00000| Complete 
| 231|0x0000000712f00000, 0x0000000713000000, 0x0000000713000000|100%| E|CS|TAMS 0x0000000712f00000, 0x0000000712f00000| Complete 
| 232|0x0000000713000000, 0x0000000713100000, 0x0000000713100000|100%| E|CS|TAMS 0x0000000713000000, 0x0000000713000000| Complete 
| 233|0x0000000713100000, 0x0000000713200000, 0x0000000713200000|100%| E|  |TAMS 0x0000000713100000, 0x0000000713100000| Complete 
| 234|0x0000000713200000, 0x0000000713300000, 0x0000000713300000|100%| E|CS|TAMS 0x0000000713200000, 0x0000000713200000| Complete 
| 235|0x0000000713300000, 0x0000000713400000, 0x0000000713400000|100%| E|CS|TAMS 0x0000000713300000, 0x0000000713300000| Complete 
| 236|0x0000000713400000, 0x0000000713500000, 0x0000000713500000|100%| E|CS|TAMS 0x0000000713400000, 0x0000000713400000| Complete 
| 237|0x0000000713500000, 0x0000000713600000, 0x0000000713600000|100%| E|CS|TAMS 0x0000000713500000, 0x0000000713500000| Complete 
| 238|0x0000000713600000, 0x0000000713700000, 0x0000000713700000|100%| E|CS|TAMS 0x0000000713600000, 0x0000000713600000| Complete 
| 239|0x0000000713700000, 0x0000000713800000, 0x0000000713800000|100%| E|CS|TAMS 0x0000000713700000, 0x0000000713700000| Complete 
| 240|0x0000000713800000, 0x0000000713900000, 0x0000000713900000|100%| E|CS|TAMS 0x0000000713800000, 0x0000000713800000| Complete 
| 241|0x0000000713900000, 0x0000000713a00000, 0x0000000713a00000|100%| E|CS|TAMS 0x0000000713900000, 0x0000000713900000| Complete 
| 242|0x0000000713a00000, 0x0000000713b00000, 0x0000000713b00000|100%| E|CS|TAMS 0x0000000713a00000, 0x0000000713a00000| Complete 
| 243|0x0000000713b00000, 0x0000000713c00000, 0x0000000713c00000|100%| E|CS|TAMS 0x0000000713b00000, 0x0000000713b00000| Complete 
| 244|0x0000000713c00000, 0x0000000713d00000, 0x0000000713d00000|100%| E|CS|TAMS 0x0000000713c00000, 0x0000000713c00000| Complete 
| 245|0x0000000713d00000, 0x0000000713e00000, 0x0000000713e00000|100%| E|CS|TAMS 0x0000000713d00000, 0x0000000713d00000| Complete 
| 246|0x0000000713e00000, 0x0000000713f00000, 0x0000000713f00000|100%| E|CS|TAMS 0x0000000713e00000, 0x0000000713e00000| Complete 
| 247|0x0000000713f00000, 0x0000000714000000, 0x0000000714000000|100%| E|CS|TAMS 0x0000000713f00000, 0x0000000713f00000| Complete 
| 248|0x0000000714000000, 0x0000000714100000, 0x0000000714100000|100%| S|CS|TAMS 0x0000000714000000, 0x0000000714000000| Complete 
| 249|0x0000000714100000, 0x0000000714200000, 0x0000000714200000|100%| S|CS|TAMS 0x0000000714100000, 0x0000000714100000| Complete 
| 250|0x0000000714200000, 0x0000000714300000, 0x0000000714300000|100%| S|CS|TAMS 0x0000000714200000, 0x0000000714200000| Complete 
| 251|0x0000000714300000, 0x0000000714400000, 0x0000000714400000|100%| S|CS|TAMS 0x0000000714300000, 0x0000000714300000| Complete 
| 252|0x0000000714400000, 0x0000000714500000, 0x0000000714500000|100%| S|CS|TAMS 0x0000000714400000, 0x0000000714400000| Complete 
| 253|0x0000000714500000, 0x0000000714600000, 0x0000000714600000|100%| S|CS|TAMS 0x0000000714500000, 0x0000000714500000| Complete 
| 254|0x0000000714600000, 0x0000000714700000, 0x0000000714700000|100%| S|CS|TAMS 0x0000000714600000, 0x0000000714600000| Complete 
| 255|0x0000000714700000, 0x0000000714800000, 0x0000000714800000|100%| S|CS|TAMS 0x0000000714700000, 0x0000000714700000| Complete 
| 256|0x0000000714800000, 0x0000000714900000, 0x0000000714900000|100%| S|CS|TAMS 0x0000000714800000, 0x0000000714800000| Complete 
| 257|0x0000000714900000, 0x0000000714a00000, 0x0000000714a00000|100%| S|CS|TAMS 0x0000000714900000, 0x0000000714900000| Complete 
| 258|0x0000000714a00000, 0x0000000714b00000, 0x0000000714b00000|100%| S|CS|TAMS 0x0000000714a00000, 0x0000000714a00000| Complete 
| 259|0x0000000714b00000, 0x0000000714c00000, 0x0000000714c00000|100%| S|CS|TAMS 0x0000000714b00000, 0x0000000714b00000| Complete 
| 260|0x0000000714c00000, 0x0000000714d00000, 0x0000000714d00000|100%| S|CS|TAMS 0x0000000714c00000, 0x0000000714c00000| Complete 
| 261|0x0000000714d00000, 0x0000000714e00000, 0x0000000714e00000|100%| S|CS|TAMS 0x0000000714d00000, 0x0000000714d00000| Complete 
| 262|0x0000000714e00000, 0x0000000714f00000, 0x0000000714f00000|100%| S|CS|TAMS 0x0000000714e00000, 0x0000000714e00000| Complete 
| 263|0x0000000714f00000, 0x0000000715000000, 0x0000000715000000|100%| S|CS|TAMS 0x0000000714f00000, 0x0000000714f00000| Complete 
| 264|0x0000000715000000, 0x0000000715100000, 0x0000000715100000|100%| E|CS|TAMS 0x0000000715000000, 0x0000000715000000| Complete 
| 265|0x0000000715100000, 0x0000000715200000, 0x0000000715200000|100%| E|CS|TAMS 0x0000000715100000, 0x0000000715100000| Complete 
| 266|0x0000000715200000, 0x0000000715300000, 0x0000000715300000|100%| E|CS|TAMS 0x0000000715200000, 0x0000000715200000| Complete 
| 267|0x0000000715300000, 0x0000000715400000, 0x0000000715400000|100%| E|CS|TAMS 0x0000000715300000, 0x0000000715300000| Complete 
| 268|0x0000000715400000, 0x0000000715500000, 0x0000000715500000|100%| E|CS|TAMS 0x0000000715400000, 0x0000000715400000| Complete 
| 269|0x0000000715500000, 0x0000000715600000, 0x0000000715600000|100%| E|CS|TAMS 0x0000000715500000, 0x0000000715500000| Complete 
| 270|0x0000000715600000, 0x0000000715700000, 0x0000000715700000|100%| E|CS|TAMS 0x0000000715600000, 0x0000000715600000| Complete 
| 271|0x0000000715700000, 0x0000000715800000, 0x0000000715800000|100%| E|CS|TAMS 0x0000000715700000, 0x0000000715700000| Complete 
| 272|0x0000000715800000, 0x0000000715900000, 0x0000000715900000|100%| E|CS|TAMS 0x0000000715800000, 0x0000000715800000| Complete 
| 273|0x0000000715900000, 0x0000000715a00000, 0x0000000715a00000|100%| E|CS|TAMS 0x0000000715900000, 0x0000000715900000| Complete 
| 274|0x0000000715a00000, 0x0000000715b00000, 0x0000000715b00000|100%| E|CS|TAMS 0x0000000715a00000, 0x0000000715a00000| Complete 
| 275|0x0000000715b00000, 0x0000000715c00000, 0x0000000715c00000|100%| E|CS|TAMS 0x0000000715b00000, 0x0000000715b00000| Complete 
| 276|0x0000000715c00000, 0x0000000715d00000, 0x0000000715d00000|100%| E|CS|TAMS 0x0000000715c00000, 0x0000000715c00000| Complete 
| 277|0x0000000715d00000, 0x0000000715e00000, 0x0000000715e00000|100%| E|CS|TAMS 0x0000000715d00000, 0x0000000715d00000| Complete 
| 278|0x0000000715e00000, 0x0000000715f00000, 0x0000000715f00000|100%| E|CS|TAMS 0x0000000715e00000, 0x0000000715e00000| Complete 
| 279|0x0000000715f00000, 0x0000000716000000, 0x0000000716000000|100%| E|CS|TAMS 0x0000000715f00000, 0x0000000715f00000| Complete 
| 280|0x0000000716000000, 0x0000000716100000, 0x0000000716100000|100%| E|CS|TAMS 0x0000000716000000, 0x0000000716000000| Complete 
| 281|0x0000000716100000, 0x0000000716200000, 0x0000000716200000|100%| E|CS|TAMS 0x0000000716100000, 0x0000000716100000| Complete 
| 282|0x0000000716200000, 0x0000000716300000, 0x0000000716300000|100%| E|CS|TAMS 0x0000000716200000, 0x0000000716200000| Complete 
| 283|0x0000000716300000, 0x0000000716400000, 0x0000000716400000|100%| E|CS|TAMS 0x0000000716300000, 0x0000000716300000| Complete 
| 284|0x0000000716400000, 0x0000000716500000, 0x0000000716500000|100%| E|CS|TAMS 0x0000000716400000, 0x0000000716400000| Complete 
| 285|0x0000000716500000, 0x0000000716600000, 0x0000000716600000|100%| E|CS|TAMS 0x0000000716500000, 0x0000000716500000| Complete 
| 286|0x0000000716600000, 0x0000000716700000, 0x0000000716700000|100%| E|CS|TAMS 0x0000000716600000, 0x0000000716600000| Complete 
| 287|0x0000000716700000, 0x0000000716800000, 0x0000000716800000|100%| E|CS|TAMS 0x0000000716700000, 0x0000000716700000| Complete 
| 288|0x0000000716800000, 0x0000000716900000, 0x0000000716900000|100%| E|CS|TAMS 0x0000000716800000, 0x0000000716800000| Complete 
| 289|0x0000000716900000, 0x0000000716a00000, 0x0000000716a00000|100%| E|CS|TAMS 0x0000000716900000, 0x0000000716900000| Complete 
| 290|0x0000000716a00000, 0x0000000716b00000, 0x0000000716b00000|100%| E|CS|TAMS 0x0000000716a00000, 0x0000000716a00000| Complete 
| 291|0x0000000716b00000, 0x0000000716c00000, 0x0000000716c00000|100%| E|CS|TAMS 0x0000000716b00000, 0x0000000716b00000| Complete 
| 292|0x0000000716c00000, 0x0000000716d00000, 0x0000000716d00000|100%| E|CS|TAMS 0x0000000716c00000, 0x0000000716c00000| Complete 
| 293|0x0000000716d00000, 0x0000000716e00000, 0x0000000716e00000|100%| E|CS|TAMS 0x0000000716d00000, 0x0000000716d00000| Complete 
| 294|0x0000000716e00000, 0x0000000716f00000, 0x0000000716f00000|100%| E|CS|TAMS 0x0000000716e00000, 0x0000000716e00000| Complete 
| 295|0x0000000716f00000, 0x0000000717000000, 0x0000000717000000|100%| E|CS|TAMS 0x0000000716f00000, 0x0000000716f00000| Complete 
| 296|0x0000000717000000, 0x0000000717100000, 0x0000000717100000|100%| E|CS|TAMS 0x0000000717000000, 0x0000000717000000| Complete 
| 297|0x0000000717100000, 0x0000000717200000, 0x0000000717200000|100%| E|CS|TAMS 0x0000000717100000, 0x0000000717100000| Complete 
| 298|0x0000000717200000, 0x0000000717300000, 0x0000000717300000|100%| E|CS|TAMS 0x0000000717200000, 0x0000000717200000| Complete 
| 299|0x0000000717300000, 0x0000000717400000, 0x0000000717400000|100%| E|CS|TAMS 0x0000000717300000, 0x0000000717300000| Complete 
| 300|0x0000000717400000, 0x0000000717500000, 0x0000000717500000|100%| E|CS|TAMS 0x0000000717400000, 0x0000000717400000| Complete 
| 301|0x0000000717500000, 0x0000000717600000, 0x0000000717600000|100%| E|CS|TAMS 0x0000000717500000, 0x0000000717500000| Complete 
| 302|0x0000000717600000, 0x0000000717700000, 0x0000000717700000|100%| E|CS|TAMS 0x0000000717600000, 0x0000000717600000| Complete 

Card table byte_map: [0x00000276a9d00000,0x00000276aa4e0000] _byte_map_base: 0x00000276a64dc000

Marking Bits (Prev, Next): (CMBitMap*) 0x0000027691adbcb0, (CMBitMap*) 0x0000027691adbc78
 Prev Bits: [0x00000276aeba0000, 0x00000276b2a80000)
 Next Bits: [0x00000276aacc0000, 0x00000276aeba0000)

Polling page: 0x0000027691230000

Metaspace:

Usage:
  Non-class:     78.93 MB capacity,    77.23 MB ( 98%) used,     1.34 MB (  2%) free+waste,   361.56 KB ( <1%) overhead. 
      Class:     10.23 MB capacity,     9.00 MB ( 88%) used,     1.07 MB ( 10%) free+waste,   165.25 KB (  2%) overhead. 
       Both:     89.15 MB capacity,    86.23 MB ( 97%) used,     2.41 MB (  3%) free+waste,   526.81 KB ( <1%) overhead. 

Virtual space:
  Non-class space:       80.00 MB reserved,      79.00 MB ( 99%) committed 
      Class space:        1.00 GB reserved,      10.25 MB (  1%) committed 
             Both:        1.08 GB reserved,      89.25 MB (  8%) committed 

Chunk freelists:
   Non-Class:  12.00 KB
       Class:  0 bytes
        Both:  12.00 KB

MaxMetaspaceSize: 17179869184.00 GB
CompressedClassSpaceSize: 1.00 GB
Initial GC threshold: 20.80 MB
Current GC threshold: 144.79 MB
CDS: off

CodeHeap 'non-profiled nmethods': size=120000Kb used=8398Kb max_used=8973Kb free=111601Kb
 bounds [0x00000276a1cc0000, 0x00000276a2590000, 0x00000276a91f0000]
CodeHeap 'profiled nmethods': size=120000Kb used=32374Kb max_used=34714Kb free=87625Kb
 bounds [0x000002769a790000, 0x000002769c9c0000, 0x00000276a1cc0000]
CodeHeap 'non-nmethods': size=5760Kb used=1757Kb max_used=1840Kb free=4002Kb
 bounds [0x000002769a1f0000, 0x000002769a460000, 0x000002769a790000]
 total_blobs=11257 nmethods=10187 adapters=986
 compilation: enabled
              stopped_count=0, restarted_count=0
 full_count=0

Compilation events (20 events):
Event: 26.238 Thread 0x00000276b5f26000 nmethod 11234 0x000002769a7c8610 code [0x000002769a7c87c0, 0x000002769a7c88f8]
Event: 26.238 Thread 0x00000276b5f26000 11262       1       org.bouncycastle.asn1.ASN1ObjectIdentifier::getId (5 bytes)
Event: 26.238 Thread 0x00000276b5f26000 nmethod 11262 0x00000276a1cd1b90 code [0x00000276a1cd1d40, 0x00000276a1cd1df8]
Event: 26.238 Thread 0x00000276b5f26000 11244       2       client::isStretchedEnabled (4 bytes)
Event: 26.238 Thread 0x00000276b5f26000 nmethod 11244 0x000002769ac5c990 code [0x000002769ac5cb40, 0x000002769ac5cc58]
Event: 26.238 Thread 0x00000276b5f26000 11249       1       org.bouncycastle.asn1.DefiniteLengthInputStream::getRemaining (5 bytes)
Event: 26.239 Thread 0x00000276b5f26000 nmethod 11249 0x00000276a1cd2910 code [0x00000276a1cd2ac0, 0x00000276a1cd2b78]
Event: 26.239 Thread 0x00000276b5f26000 11289       2       org.bouncycastle.math.ec.custom.sec.SecP256R1Field::subtract (16 bytes)
Event: 26.239 Thread 0x00000276b5f26000 nmethod 11289 0x000002769a7e0d90 code [0x000002769a7e0f40, 0x000002769a7e1078]
Event: 26.239 Thread 0x00000276b5f26000 11247       1       org.bouncycastle.asn1.ASN1ObjectIdentifier$OidHandle::hashCode (5 bytes)
Event: 26.239 Thread 0x00000276b5f26000 nmethod 11247 0x00000276a1cd5b10 code [0x00000276a1cd5cc0, 0x00000276a1cd5d78]
Event: 26.239 Thread 0x00000276b5f26000 11241       2       sun.security.util.Cache$EqualByteArray::hashCode (32 bytes)
Event: 26.239 Thread 0x00000276b5f26000 nmethod 11241 0x000002769a806e90 code [0x000002769a807040, 0x000002769a807188]
Event: 26.239 Thread 0x00000276b5f26000 11292       2       org.bouncycastle.math.raw.Nat256::isZero (33 bytes)
Event: 26.239 Thread 0x00000276b5f26000 nmethod 11292 0x000002769a790790 code [0x000002769a790960, 0x000002769a790b98]
Event: 26.239 Thread 0x00000276b5f26000 11291       2       org.bouncycastle.math.ec.ECPoint::isInfinity (55 bytes)
Event: 26.239 Thread 0x00000276b5f26000 nmethod 11291 0x000002769aa31390 code [0x000002769aa31560, 0x000002769aa318c8]
Event: 26.239 Thread 0x00000276b5f26000 11293       2       org.bouncycastle.math.raw.Nat256::sub (251 bytes)
Event: 26.239 Thread 0x00000276b5f26000 nmethod 11293 0x000002769a9c0510 code [0x000002769a9c0700, 0x000002769a9c0c38]
Event: 26.239 Thread 0x00000276b5f26000 11296 %     3       org.bouncycastle.math.raw.Nat256::mul @ 292 (637 bytes)

GC Heap History (20 events):
Event: 20.883 GC heap before
{Heap before GC invocations=17 (full 0):
 garbage-first heap   total 310272K, used 254286K [0x0000000704800000, 0x0000000800000000)
  region size 1024K, 121 young (123904K), 11 survivors (11264K)
 Metaspace       used 84589K, capacity 87381K, committed 87424K, reserved 1126400K
  class space    used 8954K, capacity 10087K, committed 10112K, reserved 1048576K
}
Event: 20.889 GC heap after
{Heap after GC invocations=18 (full 0):
 garbage-first heap   total 310272K, used 137954K [0x0000000704800000, 0x0000000800000000)
  region size 1024K, 5 young (5120K), 5 survivors (5120K)
 Metaspace       used 84589K, capacity 87381K, committed 87424K, reserved 1126400K
  class space    used 8954K, capacity 10087K, committed 10112K, reserved 1048576K
}
Event: 20.917 GC heap before
{Heap before GC invocations=18 (full 0):
 garbage-first heap   total 310272K, used 256738K [0x0000000704800000, 0x0000000800000000)
  region size 1024K, 121 young (123904K), 5 survivors (5120K)
 Metaspace       used 84589K, capacity 87381K, committed 87424K, reserved 1126400K
  class space    used 8954K, capacity 10087K, committed 10112K, reserved 1048576K
}
Event: 20.920 GC heap after
{Heap after GC invocations=19 (full 0):
 garbage-first heap   total 310272K, used 136916K [0x0000000704800000, 0x0000000800000000)
  region size 1024K, 4 young (4096K), 4 survivors (4096K)
 Metaspace       used 84589K, capacity 87381K, committed 87424K, reserved 1126400K
  class space    used 8954K, capacity 10087K, committed 10112K, reserved 1048576K
}
Event: 20.943 GC heap before
{Heap before GC invocations=19 (full 0):
 garbage-first heap   total 310272K, used 260820K [0x0000000704800000, 0x0000000800000000)
  region size 1024K, 125 young (128000K), 4 survivors (4096K)
 Metaspace       used 84589K, capacity 87381K, committed 87424K, reserved 1126400K
  class space    used 8954K, capacity 10087K, committed 10112K, reserved 1048576K
}
Event: 20.946 GC heap after
{Heap after GC invocations=20 (full 0):
 garbage-first heap   total 310272K, used 137025K [0x0000000704800000, 0x0000000800000000)
  region size 1024K, 4 young (4096K), 4 survivors (4096K)
 Metaspace       used 84589K, capacity 87381K, committed 87424K, reserved 1126400K
  class space    used 8954K, capacity 10087K, committed 10112K, reserved 1048576K
}
Event: 20.968 GC heap before
{Heap before GC invocations=20 (full 0):
 garbage-first heap   total 310272K, used 262977K [0x0000000704800000, 0x0000000800000000)
  region size 1024K, 127 young (130048K), 4 survivors (4096K)
 Metaspace       used 84594K, capacity 87381K, committed 87424K, reserved 1126400K
  class space    used 8954K, capacity 10087K, committed 10112K, reserved 1048576K
}
Event: 20.970 GC heap after
{Heap after GC invocations=21 (full 0):
 garbage-first heap   total 310272K, used 136923K [0x0000000704800000, 0x0000000800000000)
  region size 1024K, 4 young (4096K), 4 survivors (4096K)
 Metaspace       used 84594K, capacity 87381K, committed 87424K, reserved 1126400K
  class space    used 8954K, capacity 10087K, committed 10112K, reserved 1048576K
}
Event: 20.991 GC heap before
{Heap before GC invocations=21 (full 0):
 garbage-first heap   total 310272K, used 264923K [0x0000000704800000, 0x0000000800000000)
  region size 1024K, 129 young (132096K), 4 survivors (4096K)
 Metaspace       used 84594K, capacity 87381K, committed 87424K, reserved 1126400K
  class space    used 8954K, capacity 10087K, committed 10112K, reserved 1048576K
}
Event: 20.994 GC heap after
{Heap after GC invocations=22 (full 0):
 garbage-first heap   total 310272K, used 136830K [0x0000000704800000, 0x0000000800000000)
  region size 1024K, 4 young (4096K), 4 survivors (4096K)
 Metaspace       used 84594K, capacity 87381K, committed 87424K, reserved 1126400K
  class space    used 8954K, capacity 10087K, committed 10112K, reserved 1048576K
}
Event: 21.016 GC heap before
{Heap before GC invocations=22 (full 0):
 garbage-first heap   total 310272K, used 266878K [0x0000000704800000, 0x0000000800000000)
  region size 1024K, 131 young (134144K), 4 survivors (4096K)
 Metaspace       used 84594K, capacity 87381K, committed 87424K, reserved 1126400K
  class space    used 8954K, capacity 10087K, committed 10112K, reserved 1048576K
}
Event: 21.019 GC heap after
{Heap after GC invocations=23 (full 0):
 garbage-first heap   total 310272K, used 136989K [0x0000000704800000, 0x0000000800000000)
  region size 1024K, 4 young (4096K), 4 survivors (4096K)
 Metaspace       used 84594K, capacity 87381K, committed 87424K, reserved 1126400K
  class space    used 8954K, capacity 10087K, committed 10112K, reserved 1048576K
}
Event: 21.041 GC heap before
{Heap before GC invocations=23 (full 0):
 garbage-first heap   total 310272K, used 268061K [0x0000000704800000, 0x0000000800000000)
  region size 1024K, 132 young (135168K), 4 survivors (4096K)
 Metaspace       used 84594K, capacity 87381K, committed 87424K, reserved 1126400K
  class space    used 8954K, capacity 10087K, committed 10112K, reserved 1048576K
}
Event: 21.044 GC heap after
{Heap after GC invocations=24 (full 0):
 garbage-first heap   total 310272K, used 136917K [0x0000000704800000, 0x0000000800000000)
  region size 1024K, 4 young (4096K), 4 survivors (4096K)
 Metaspace       used 84594K, capacity 87381K, committed 87424K, reserved 1126400K
  class space    used 8954K, capacity 10087K, committed 10112K, reserved 1048576K
}
Event: 21.066 GC heap before
{Heap before GC invocations=24 (full 0):
 garbage-first heap   total 310272K, used 270037K [0x0000000704800000, 0x0000000800000000)
  region size 1024K, 134 young (137216K), 4 survivors (4096K)
 Metaspace       used 84594K, capacity 87381K, committed 87424K, reserved 1126400K
  class space    used 8954K, capacity 10087K, committed 10112K, reserved 1048576K
}
Event: 21.069 GC heap after
{Heap after GC invocations=25 (full 0):
 garbage-first heap   total 310272K, used 137062K [0x0000000704800000, 0x0000000800000000)
  region size 1024K, 4 young (4096K), 4 survivors (4096K)
 Metaspace       used 84594K, capacity 87381K, committed 87424K, reserved 1126400K
  class space    used 8954K, capacity 10087K, committed 10112K, reserved 1048576K
}
Event: 24.626 GC heap before
{Heap before GC invocations=25 (full 0):
 garbage-first heap   total 310272K, used 247654K [0x0000000704800000, 0x0000000800000000)
  region size 1024K, 108 young (110592K), 4 survivors (4096K)
 Metaspace       used 85031K, capacity 87894K, committed 88064K, reserved 1126400K
  class space    used 8987K, capacity 10153K, committed 10240K, reserved 1048576K
}
Event: 24.632 GC heap after
{Heap after GC invocations=26 (full 0):
 garbage-first heap   total 310272K, used 147277K [0x0000000704800000, 0x0000000800000000)
  region size 1024K, 10 young (10240K), 10 survivors (10240K)
 Metaspace       used 85031K, capacity 87894K, committed 88064K, reserved 1126400K
  class space    used 8987K, capacity 10153K, committed 10240K, reserved 1048576K
}
Event: 25.093 GC heap before
{Heap before GC invocations=27 (full 0):
 garbage-first heap   total 310272K, used 201549K [0x0000000704800000, 0x0000000800000000)
  region size 1024K, 49 young (50176K), 10 survivors (10240K)
 Metaspace       used 85801K, capacity 88686K, committed 88960K, reserved 1128448K
  class space    used 9058K, capacity 10242K, committed 10368K, reserved 1048576K
}
Event: 25.104 GC heap after
{Heap after GC invocations=28 (full 0):
 garbage-first heap   total 310272K, used 178917K [0x0000000704800000, 0x0000000800000000)
  region size 1024K, 16 young (16384K), 16 survivors (16384K)
 Metaspace       used 85801K, capacity 88686K, committed 88960K, reserved 1128448K
  class space    used 9058K, capacity 10242K, committed 10368K, reserved 1048576K
}

Deoptimization events (20 events):
Event: 26.201 Thread 0x00000276be393800 DEOPT PACKING pc=0x000002769b629f5b sp=0x000000b06a4f97b0
Event: 26.201 Thread 0x00000276be393800 DEOPT UNPACKING pc=0x000002769a239d0e sp=0x000000b06a4f8c20 mode 0
Event: 26.202 Thread 0x00000276be393800 DEOPT PACKING pc=0x000002769c87a613 sp=0x000000b06a4fa6d0
Event: 26.202 Thread 0x00000276be393800 DEOPT UNPACKING pc=0x000002769a239d0e sp=0x000000b06a4f9c28 mode 0
Event: 26.220 Thread 0x00000276be393800 DEOPT PACKING pc=0x000002769c813d76 sp=0x000000b06a4fdca0
Event: 26.220 Thread 0x00000276be393800 DEOPT UNPACKING pc=0x000002769a239d0e sp=0x000000b06a4fd100 mode 0
Event: 26.220 Thread 0x00000276be393800 DEOPT PACKING pc=0x000002769c813d76 sp=0x000000b06a4fc9c0
Event: 26.220 Thread 0x00000276be393800 DEOPT UNPACKING pc=0x000002769a239d0e sp=0x000000b06a4fbe20 mode 0
Event: 26.221 Thread 0x00000276be393800 DEOPT PACKING pc=0x000002769c575c6e sp=0x000000b06a4fe580
Event: 26.221 Thread 0x00000276be393800 DEOPT UNPACKING pc=0x000002769a239d0e sp=0x000000b06a4fde00 mode 0
Event: 26.225 Thread 0x00000276be393800 DEOPT PACKING pc=0x000002769c857d4b sp=0x000000b06a4fc920
Event: 26.225 Thread 0x00000276be393800 DEOPT UNPACKING pc=0x000002769a239d0e sp=0x000000b06a4fc518 mode 0
Event: 26.226 Thread 0x00000276be393800 DEOPT PACKING pc=0x000002769c858172 sp=0x000000b06a4fa030
Event: 26.226 Thread 0x00000276be393800 DEOPT UNPACKING pc=0x000002769a239d0e sp=0x000000b06a4f9be0 mode 0
Event: 26.226 Thread 0x00000276be393800 DEOPT PACKING pc=0x000002769b629f5b sp=0x000000b06a4fd220
Event: 26.226 Thread 0x00000276be393800 DEOPT UNPACKING pc=0x000002769a239d0e sp=0x000000b06a4fc690 mode 0
Event: 26.230 Thread 0x00000276be393800 DEOPT PACKING pc=0x000002769b629f5b sp=0x000000b06a4f97b0
Event: 26.230 Thread 0x00000276be393800 DEOPT UNPACKING pc=0x000002769a239d0e sp=0x000000b06a4f8c20 mode 0
Event: 26.238 Thread 0x00000276be393800 DEOPT PACKING pc=0x000002769c813d76 sp=0x000000b06a4fd800
Event: 26.238 Thread 0x00000276be393800 DEOPT UNPACKING pc=0x000002769a239d0e sp=0x000000b06a4fcc60 mode 0

Classes redefined (0 events):
No events

Internal exceptions (20 events):
Event: 25.568 Thread 0x00000276be393800 Exception <a 'java/lang/IncompatibleClassChangeError'{0x00000007162d1368}: Found class java.lang.Object, but interface was expected> (0x00000007162d1368) thrown at [s\src\hotspot\share\interpreter\linkResolver.cpp, line 839]
Event: 25.568 Thread 0x00000276be393800 Exception <a 'java/lang/IncompatibleClassChangeError'{0x00000007162d3e30}: Found class java.lang.Object, but interface was expected> (0x00000007162d3e30) thrown at [s\src\hotspot\share\interpreter\linkResolver.cpp, line 839]
Event: 25.568 Thread 0x00000276be393800 Exception <a 'java/lang/IncompatibleClassChangeError'{0x00000007162d66a0}: Found class java.lang.Object, but interface was expected> (0x00000007162d66a0) thrown at [s\src\hotspot\share\interpreter\linkResolver.cpp, line 839]
Event: 25.568 Thread 0x00000276be393800 Exception <a 'java/lang/IncompatibleClassChangeError'{0x00000007162d9180}: Found class java.lang.Object, but interface was expected> (0x00000007162d9180) thrown at [s\src\hotspot\share\interpreter\linkResolver.cpp, line 839]
Event: 25.568 Thread 0x00000276be393800 Exception <a 'java/lang/IncompatibleClassChangeError'{0x00000007162db9a8}: Found class java.lang.Object, but interface was expected> (0x00000007162db9a8) thrown at [s\src\hotspot\share\interpreter\linkResolver.cpp, line 839]
Event: 25.568 Thread 0x00000276be393800 Exception <a 'java/lang/IncompatibleClassChangeError'{0x00000007162de490}: Found class java.lang.Object, but interface was expected> (0x00000007162de490) thrown at [s\src\hotspot\share\interpreter\linkResolver.cpp, line 839]
Event: 25.568 Thread 0x00000276be393800 Exception <a 'java/lang/IncompatibleClassChangeError'{0x00000007162e0f28}: Found class java.lang.Object, but interface was expected> (0x00000007162e0f28) thrown at [s\src\hotspot\share\interpreter\linkResolver.cpp, line 839]
Event: 25.569 Thread 0x00000276be393800 Exception <a 'java/lang/IncompatibleClassChangeError'{0x00000007162e3788}: Found class java.lang.Object, but interface was expected> (0x00000007162e3788) thrown at [s\src\hotspot\share\interpreter\linkResolver.cpp, line 839]
Event: 25.569 Thread 0x00000276be393800 Exception <a 'java/lang/IncompatibleClassChangeError'{0x00000007162e6230}: Found class java.lang.Object, but interface was expected> (0x00000007162e6230) thrown at [s\src\hotspot\share\interpreter\linkResolver.cpp, line 839]
Event: 25.569 Thread 0x00000276be393800 Exception <a 'java/lang/IncompatibleClassChangeError'{0x00000007162e8cd8}: Found class java.lang.Object, but interface was expected> (0x00000007162e8cd8) thrown at [s\src\hotspot\share\interpreter\linkResolver.cpp, line 839]
Event: 25.569 Thread 0x00000276be393800 Exception <a 'java/lang/IncompatibleClassChangeError'{0x00000007162eb540}: Found class java.lang.Object, but interface was expected> (0x00000007162eb540) thrown at [s\src\hotspot\share\interpreter\linkResolver.cpp, line 839]
Event: 25.569 Thread 0x00000276be393800 Exception <a 'java/lang/IncompatibleClassChangeError'{0x00000007162edfd0}: Found class java.lang.Object, but interface was expected> (0x00000007162edfd0) thrown at [s\src\hotspot\share\interpreter\linkResolver.cpp, line 839]
Event: 25.569 Thread 0x00000276be393800 Exception <a 'java/lang/IncompatibleClassChangeError'{0x00000007162f0830}: Found class java.lang.Object, but interface was expected> (0x00000007162f0830) thrown at [s\src\hotspot\share\interpreter\linkResolver.cpp, line 839]
Event: 25.569 Thread 0x00000276be393800 Exception <a 'java/lang/IncompatibleClassChangeError'{0x00000007162f3310}: Found class java.lang.Object, but interface was expected> (0x00000007162f3310) thrown at [s\src\hotspot\share\interpreter\linkResolver.cpp, line 839]
Event: 25.570 Thread 0x00000276be393800 Exception <a 'java/lang/IncompatibleClassChangeError'{0x00000007162f5e38}: Found class java.lang.Object, but interface was expected> (0x00000007162f5e38) thrown at [s\src\hotspot\share\interpreter\linkResolver.cpp, line 839]
Event: 25.570 Thread 0x00000276be393800 Exception <a 'java/lang/IncompatibleClassChangeError'{0x00000007162f8698}: Found class java.lang.Object, but interface was expected> (0x00000007162f8698) thrown at [s\src\hotspot\share\interpreter\linkResolver.cpp, line 839]
Event: 25.570 Thread 0x00000276be393800 Exception <a 'java/lang/IncompatibleClassChangeError'{0x00000007162fb1b0}: Found class java.lang.Object, but interface was expected> (0x00000007162fb1b0) thrown at [s\src\hotspot\share\interpreter\linkResolver.cpp, line 839]
Event: 25.590 Thread 0x00000276be393800 Exception <a 'java/lang/NoSuchMethodError'{0x00000007161cc398}: 'void java.lang.invoke.DirectMethodHandle$Holder.invokeStatic(java.lang.Object, long)'> (0x00000007161cc398) thrown at [s\src\hotspot\share\interpreter\linkResolver.cpp, line 773]
Event: 25.855 Thread 0x00000276be393800 Exception <a 'java/lang/NoSuchMethodError'{0x00000007139457d0}: 'java.lang.Object java.lang.invoke.DirectMethodHandle$Holder.invokeStatic(java.lang.Object, java.lang.Object, java.lang.Object, java.lang.Object, java.lang.Object, int)'> (0x00000007139457d0) thrown at [s\src\hotspot\share\interpreter\linkResolver.cpp, line 773]
Event: 25.855 Thread 0x00000276be393800 Exception <a 'java/lang/NoSuchMethodError'{0x00000007139497b0}: 'java.lang.Object java.lang.invoke.DirectMethodHandle$Holder.invokeSpecial(java.lang.Object, java.lang.Object, java.lang.Object, java.lang.Object, java.lang.Object, java.lang.Object, int)'> (0x00000007139497b0) thrown at [s\src\hotspot\share\interpreter\linkResolver.cpp, line 773]

Events (20 events):
Event: 26.224 Thread 0x00000276b5f27800 flushing nmethod 0x000002769b0c0790
Event: 26.226 Thread 0x00000276b5f27800 flushing nmethod 0x000002769b41b610
Event: 26.227 Thread 0x00000276b5f27800 flushing nmethod 0x000002769b42e010
Event: 26.227 Thread 0x00000276b5f27800 flushing nmethod 0x000002769b440e10
Event: 26.227 Thread 0x00000276b5f27800 flushing nmethod 0x000002769b444010
Event: 26.227 Thread 0x00000276b5f27800 flushing nmethod 0x000002769b445b90
Event: 26.227 Thread 0x00000276b5f27800 flushing nmethod 0x000002769b44ea90
Event: 26.227 Thread 0x00000276b5f27800 flushing nmethod 0x000002769b451310
Event: 26.227 Thread 0x00000276b5f27800 flushing nmethod 0x000002769b4f6e90
Event: 26.227 Thread 0x00000276b5f27800 flushing nmethod 0x000002769b4f8a90
Event: 26.227 Thread 0x00000276b5f27800 flushing nmethod 0x000002769b509f10
Event: 26.227 Thread 0x00000276b5f27800 flushing nmethod 0x000002769b513590
Event: 26.227 Thread 0x00000276b5f27800 flushing nmethod 0x000002769b51a710
Event: 26.227 Thread 0x00000276b5f27800 flushing nmethod 0x000002769b52f410
Event: 26.227 Thread 0x00000276b5f27800 flushing nmethod 0x000002769b543090
Event: 26.227 Thread 0x00000276b5f27800 flushing nmethod 0x000002769b593710
Event: 26.227 Thread 0x00000276b5f27800 flushing nmethod 0x000002769b595f10
Event: 26.228 Thread 0x00000276b5f27800 flushing nmethod 0x000002769b6f3690
Event: 26.228 Thread 0x00000276b5f27800 flushing nmethod 0x000002769b7aa310
Event: 26.228 Thread 0x00000276b5f27800 flushing nmethod 0x000002769b7bf490


Dynamic libraries:
0x00007ff770740000 - 0x00007ff77074e000 	C:\Users\Donni\.jdks\corretto-11.0.22\bin\java.exe
0x00007fff2cc50000 - 0x00007fff2ce67000 	C:\WINDOWS\SYSTEM32\ntdll.dll
0x00007fff2c200000 - 0x00007fff2c2c4000 	C:\WINDOWS\System32\KERNEL32.DLL
0x00007fff2a2a0000 - 0x00007fff2a646000 	C:\WINDOWS\System32\KERNELBASE.dll
0x00007fff2a180000 - 0x00007fff2a291000 	C:\WINDOWS\System32\ucrtbase.dll
0x00007fff23d10000 - 0x00007fff23d2b000 	C:\Users\Donni\.jdks\corretto-11.0.22\bin\VCRUNTIME140.dll
0x00007fff23cb0000 - 0x00007fff23cc7000 	C:\Users\Donni\.jdks\corretto-11.0.22\bin\jli.dll
0x00007fff2af40000 - 0x00007fff2b0ee000 	C:\WINDOWS\System32\USER32.dll
0x00007fff2a650000 - 0x00007fff2a676000 	C:\WINDOWS\System32\win32u.dll
0x00007fff0be70000 - 0x00007fff0c103000 	C:\WINDOWS\WinSxS\amd64_microsoft.windows.common-controls_6595b64144ccf1df_6.0.22621.2506_none_270c5ae97388e100\COMCTL32.dll
0x00007fff2b170000 - 0x00007fff2b199000 	C:\WINDOWS\System32\GDI32.dll
0x00007fff2bbe0000 - 0x00007fff2bc87000 	C:\WINDOWS\System32\msvcrt.dll
0x00007fff2a030000 - 0x00007fff2a148000 	C:\WINDOWS\System32\gdi32full.dll
0x00007fff29f90000 - 0x00007fff2a02a000 	C:\WINDOWS\System32\msvcp_win.dll
0x00007fff2cb40000 - 0x00007fff2cb71000 	C:\WINDOWS\System32\IMM32.DLL
0x00007fff26d80000 - 0x00007fff26d8c000 	C:\Users\Donni\.jdks\corretto-11.0.22\bin\vcruntime140_1.dll
0x00007fff20ff0000 - 0x00007fff2107d000 	C:\Users\Donni\.jdks\corretto-11.0.22\bin\msvcp140.dll
0x00007ffed9a20000 - 0x00007ffeda5e3000 	C:\Users\Donni\.jdks\corretto-11.0.22\bin\server\jvm.dll
0x00007fff2c2e0000 - 0x00007fff2c393000 	C:\WINDOWS\System32\ADVAPI32.dll
0x00007fff2c8f0000 - 0x00007fff2c998000 	C:\WINDOWS\System32\sechost.dll
0x00007fff2a150000 - 0x00007fff2a178000 	C:\WINDOWS\System32\bcrypt.dll
0x00007fff2c9a0000 - 0x00007fff2cab7000 	C:\WINDOWS\System32\RPCRT4.dll
0x00007fff2ae20000 - 0x00007fff2ae28000 	C:\WINDOWS\System32\PSAPI.DLL
0x00007fff254a0000 - 0x00007fff254a9000 	C:\WINDOWS\SYSTEM32\WSOCK32.dll
0x00007fff20f10000 - 0x00007fff20f44000 	C:\WINDOWS\SYSTEM32\WINMM.dll
0x00007fff203f0000 - 0x00007fff203fa000 	C:\WINDOWS\SYSTEM32\VERSION.dll
0x00007fff2cac0000 - 0x00007fff2cb31000 	C:\WINDOWS\System32\WS2_32.dll
0x00007fff28fc0000 - 0x00007fff28fd8000 	C:\WINDOWS\SYSTEM32\kernel.appcore.dll
0x00007fff254b0000 - 0x00007fff254c0000 	C:\Users\Donni\.jdks\corretto-11.0.22\bin\verify.dll
0x00007fff272d0000 - 0x00007fff27503000 	C:\WINDOWS\SYSTEM32\DBGHELP.DLL
0x00007fff2bc90000 - 0x00007fff2c019000 	C:\WINDOWS\System32\combase.dll
0x00007fff2ba90000 - 0x00007fff2bb67000 	C:\WINDOWS\System32\OLEAUT32.dll
0x00007ffefe410000 - 0x00007ffefe442000 	C:\WINDOWS\SYSTEM32\dbgcore.DLL
0x00007fff2a860000 - 0x00007fff2a8da000 	C:\WINDOWS\System32\bcryptPrimitives.dll
0x00007fff22f40000 - 0x00007fff22f68000 	C:\Users\Donni\.jdks\corretto-11.0.22\bin\java.dll
0x00007fff23dd0000 - 0x00007fff23dda000 	C:\Users\Donni\.jdks\corretto-11.0.22\bin\jimage.dll
0x00007fff1cb50000 - 0x00007fff1cb89000 	C:\Users\Donni\.jdks\corretto-11.0.22\bin\jdwp.dll
0x00007fff23ca0000 - 0x00007fff23cae000 	C:\Users\Donni\.jdks\corretto-11.0.22\bin\instrument.dll
0x00007fff20050000 - 0x00007fff20068000 	C:\Users\Donni\.jdks\corretto-11.0.22\bin\zip.dll
0x00007fff2b230000 - 0x00007fff2ba8a000 	C:\WINDOWS\System32\SHELL32.dll
0x00007fff27ee0000 - 0x00007fff287d6000 	C:\WINDOWS\SYSTEM32\windows.storage.dll
0x00007fff27da0000 - 0x00007fff27ede000 	C:\WINDOWS\SYSTEM32\wintypes.dll
0x00007fff2c7f0000 - 0x00007fff2c8e3000 	C:\WINDOWS\System32\SHCORE.dll
0x00007fff2ae30000 - 0x00007fff2ae8e000 	C:\WINDOWS\System32\shlwapi.dll
0x00007fff29ec0000 - 0x00007fff29ee6000 	C:\WINDOWS\SYSTEM32\profapi.dll
0x00007fff23c90000 - 0x00007fff23c9a000 	C:\Users\Donni\.jdks\corretto-11.0.22\bin\dt_socket.dll
0x00007fff29440000 - 0x00007fff294a9000 	C:\WINDOWS\system32\mswsock.dll
0x00007fff104e0000 - 0x00007fff104f9000 	C:\Users\Donni\.jdks\corretto-11.0.22\bin\net.dll
0x00007fff23b20000 - 0x00007fff23c57000 	C:\WINDOWS\SYSTEM32\WINHTTP.dll
0x00007fff10010000 - 0x00007fff10022000 	C:\Users\Donni\.jdks\corretto-11.0.22\bin\nio.dll
0x00007fff22740000 - 0x00007fff2274e000 	C:\Users\Donni\.jdks\corretto-11.0.22\bin\sunmscapi.dll
0x00007fff2a6f0000 - 0x00007fff2a856000 	C:\WINDOWS\System32\CRYPT32.dll
0x00007fff29850000 - 0x00007fff2987e000 	C:\WINDOWS\SYSTEM32\ncrypt.dll
0x00007fff29810000 - 0x00007fff29847000 	C:\WINDOWS\SYSTEM32\NTASN1.dll
0x00007fff0f8f0000 - 0x00007fff0f917000 	C:\Users\Donni\.jdks\corretto-11.0.22\bin\sunec.dll
0x00007fff296f0000 - 0x00007fff29702000 	C:\WINDOWS\SYSTEM32\MSASN1.dll
0x00007fff296a0000 - 0x00007fff296bb000 	C:\WINDOWS\SYSTEM32\CRYPTSP.dll
0x00007fff28f20000 - 0x00007fff28f55000 	C:\WINDOWS\system32\rsaenh.dll
0x00007fff29690000 - 0x00007fff2969c000 	C:\WINDOWS\SYSTEM32\CRYPTBASE.dll
0x00007fff294d0000 - 0x00007fff294f6000 	C:\WINDOWS\SYSTEM32\gpapi.dll
0x00007fff29530000 - 0x00007fff2955c000 	C:\WINDOWS\SYSTEM32\USERENV.dll
0x00007fff29c70000 - 0x00007fff29c7a000 	C:\WINDOWS\SYSTEM32\DPAPI.dll
0x00007fff28ad0000 - 0x00007fff28afd000 	C:\WINDOWS\SYSTEM32\IPHLPAPI.DLL
0x00007fff2b160000 - 0x00007fff2b169000 	C:\WINDOWS\System32\NSI.dll
0x00007fff23960000 - 0x00007fff23979000 	C:\WINDOWS\SYSTEM32\dhcpcsvc6.DLL
0x00007fff23930000 - 0x00007fff2394f000 	C:\WINDOWS\SYSTEM32\dhcpcsvc.DLL
0x00007fff28b00000 - 0x00007fff28bf9000 	C:\WINDOWS\SYSTEM32\DNSAPI.dll
0x00007ffee3810000 - 0x00007ffee3992000 	C:\Users\Donni\.jdks\corretto-11.0.22\bin\awt.dll
0x00007fff263c0000 - 0x00007fff26457000 	C:\WINDOWS\SYSTEM32\apphelp.dll
0x00007fff26f10000 - 0x00007fff26fbb000 	C:\WINDOWS\system32\uxtheme.dll
0x00007fff2c3a0000 - 0x00007fff2c4f0000 	C:\WINDOWS\System32\MSCTF.dll
0x00007fff2c650000 - 0x00007fff2c7f0000 	C:\WINDOWS\System32\ole32.dll
0x00007fff27730000 - 0x00007fff2775b000 	C:\WINDOWS\system32\DWMAPI.DLL
0x00007ffef6b10000 - 0x00007ffef6c10000 	C:\WINDOWS\system32\opengl32.dll
0x00007ffef6ae0000 - 0x00007ffef6b0d000 	C:\WINDOWS\SYSTEM32\GLU32.dll
0x00007fff27570000 - 0x00007fff275a6000 	C:\WINDOWS\SYSTEM32\dxcore.dll
0x00007fff0ace0000 - 0x00007fff0ad67000 	C:\Users\Donni\.jdks\corretto-11.0.22\bin\freetype.dll
0x00007fff034b0000 - 0x00007fff03583000 	C:\Users\Donni\.jdks\corretto-11.0.22\bin\fontmanager.dll
0x00007fff105f0000 - 0x00007fff1073a000 	C:\WINDOWS\SYSTEM32\textinputframework.dll
0x00007fff254d0000 - 0x00007fff25604000 	C:\WINDOWS\SYSTEM32\CoreMessaging.dll
0x00007fff22860000 - 0x00007fff22bcc000 	C:\WINDOWS\SYSTEM32\CoreUIComponents.dll
0x00007fff226f0000 - 0x00007fff226f9000 	C:\Users\Donni\.jdks\corretto-11.0.22\bin\management.dll
0x00007fff20fe0000 - 0x00007fff20feb000 	C:\Users\Donni\.jdks\corretto-11.0.22\bin\management_ext.dll
0x00007fff203e0000 - 0x00007fff203ea000 	C:\Windows\System32\rasadhlp.dll
0x00007fff22570000 - 0x00007fff225f3000 	C:\WINDOWS\System32\fwpuclnt.dll
0x00007fff06f30000 - 0x00007fff06f74000 	C:\Users\Donni\AppData\Local\Temp\jna-68899\jna10267628476037567216.dll
0x00007fff06df0000 - 0x00007fff06e8c000 	C:\Users\Donni\AppData\Local\Temp\jna-68899\jna17818497956057823487.dll
0x00007fff06c20000 - 0x00007fff06c9f000 	C:\Users\Donni\.jdks\corretto-11.0.22\bin\mlib_image.dll
0x00007fff0f8d0000 - 0x00007fff0f8e2000 	C:\Users\Donni\.jdks\corretto-11.0.22\bin\jsound.dll
0x00007ffefaf50000 - 0x00007ffefaff2000 	C:\WINDOWS\SYSTEM32\DSOUND.dll
0x00007fff29e60000 - 0x00007fff29ead000 	C:\WINDOWS\SYSTEM32\powrprof.dll
0x00007ffee3750000 - 0x00007ffee3801000 	C:\WINDOWS\SYSTEM32\ResampleDmo.DLL
0x00007fff125d0000 - 0x00007fff125f9000 	C:\WINDOWS\SYSTEM32\winmmbase.dll
0x00007fff20040000 - 0x00007fff2004b000 	C:\WINDOWS\SYSTEM32\msdmo.dll
0x00007fff29d90000 - 0x00007fff29da3000 	C:\WINDOWS\SYSTEM32\UMPDC.dll
0x00007fff2ae90000 - 0x00007fff2af40000 	C:\WINDOWS\System32\clbcatq.dll
0x00007fff1d470000 - 0x00007fff1d50d000 	C:\WINDOWS\System32\MMDevApi.dll
0x00007fff29bd0000 - 0x00007fff29bfc000 	C:\WINDOWS\System32\DEVOBJ.dll
0x00007fff29c00000 - 0x00007fff29c4e000 	C:\WINDOWS\SYSTEM32\cfgmgr32.dll
0x00007ffeccbc0000 - 0x00007ffeccc06000 	C:\WINDOWS\SYSTEM32\wdmaud.drv
0x00007fff05b50000 - 0x00007fff05b59000 	C:\WINDOWS\SYSTEM32\ksuser.dll
0x00007fff22e70000 - 0x00007fff22e7b000 	C:\WINDOWS\SYSTEM32\AVRT.dll
0x00007fff19ad0000 - 0x00007fff19cbc000 	C:\WINDOWS\SYSTEM32\AUDIOSES.DLL
0x00007fff23cd0000 - 0x00007fff23cde000 	C:\WINDOWS\SYSTEM32\msacm32.drv
0x00007fff19420000 - 0x00007fff1943e000 	C:\WINDOWS\SYSTEM32\MSACM32.dll
0x00007fff19410000 - 0x00007fff1941b000 	C:\WINDOWS\SYSTEM32\midimap.dll
0x00007fff27a70000 - 0x00007fff27a85000 	C:\WINDOWS\SYSTEM32\resourcepolicyclient.dll
0x00007fff1c770000 - 0x00007fff1c8e4000 	C:\Windows\System32\Windows.UI.dll
0x00007fff06dc0000 - 0x00007fff06ded000 	C:\Users\Donni\.jdks\corretto-11.0.22\bin\javajpeg.dll
0x00007fff1fea0000 - 0x00007fff1fea6000 	C:\Users\Donni\AppData\Local\Temp\flatlaf.temp\flatlaf-windows-x86_64-391114217802000.dll
0x00007fff1cb40000 - 0x00007fff1cb47000 	C:\Users\Donni\.jdks\corretto-11.0.22\bin\jawt.dll
0x00007fff244b0000 - 0x00007fff24660000 	C:\WINDOWS\SYSTEM32\WindowsCodecs.dll
0x00007ffef3f20000 - 0x00007ffef3f7e000 	C:\WINDOWS\system32\dataexchange.dll
0x00007fff20ac0000 - 0x00007fff20d45000 	C:\WINDOWS\system32\twinapi.appcore.dll
0x00007fff21550000 - 0x00007fff2160c000 	C:\WINDOWS\SYSTEM32\mscms.dll
0x00007fff1fc70000 - 0x00007fff1fcb9000 	C:\WINDOWS\SYSTEM32\icm32.dll

dbghelp: loaded successfully - version: 4.0.5 - missing functions: none
symbol engine: initialized successfully - sym options: 0x614 - pdb path: .;C:\Users\Donni\.jdks\corretto-11.0.22\bin;C:\WINDOWS\SYSTEM32;C:\WINDOWS\WinSxS\amd64_microsoft.windows.common-controls_6595b64144ccf1df_6.0.22621.2506_none_270c5ae97388e100;C:\Users\Donni\.jdks\corretto-11.0.22\bin\server;C:\Users\Donni\AppData\Local\Temp\jna-68899;C:\Users\Donni\AppData\Local\Temp\flatlaf.temp

VM Arguments:
jvm_args: -agentlib:jdwp=transport=dt_socket,server=n,suspend=y,address=127.0.0.1:52383 -javaagent:C:\Users\Donni\.gradle\caches\modules-2\files-2.1\org.jetbrains.kotlinx\kotlinx-coroutines-core-jvm\1.6.0\f3b8fd26c2e76d2f18cbc36aacb6e349fcb9fd5f\kotlinx-coroutines-core-jvm-1.6.0.jar -Dfile.encoding=windows-1252 -Duser.country=US -Duser.language=en -Duser.variant -ea 
java_command: com.piggyplugins.PluginTester
java_class_path (initial): C:\Users\Donni\IdeaProjects\PiggyPlugins\build\classes\java\test;C:\Users\Donni\IdeaProjects\PiggyPlugins\build\resources\test;C:\Users\Donni\IdeaProjects\PiggyPlugins\build\classes\java\main;C:\Users\Donni\IdeaProjects\PiggyPlugins\build\resources\main;C:\Users\Donni\IdeaProjects\PiggyPlugins\AutoTitheFarm\build\libs\AutoTitheFarm-1.0.0.jar;C:\Users\Donni\IdeaProjects\PiggyPlugins\AutoAerial\build\libs\AutoAerial-1.0.0.jar;C:\Users\Donni\IdeaProjects\PiggyPlugins\AutoRuneDragons\build\libs\AutoRuneDragons-1.0.0.jar;C:\Users\Donni\IdeaProjects\PiggyPlugins\AutoBoner\build\libs\AutoBoner-1.0.3.jar;C:\Users\Donni\IdeaProjects\PiggyPlugins\AutoChompy\build\libs\AutoChompy-1.0.3.jar;C:\Users\Donni\IdeaProjects\PiggyPlugins\AutoVorkath\build\libs\AutoVorkath-1.0.19.jar;C:\Users\Donni\IdeaProjects\PiggyPlugins\AutoCombat\build\libs\AutoCombat-1.0.0.jar;C:\Users\Donni\IdeaProjects\PiggyPlugins\AutoTrapper\build\libs\AutoTrapper-1.0.0.jar;C:\Users\Donni\IdeaProjects\PiggyPlugins\AutoSmith\build\libs\AutoSmith-1.0.0.jar;C:\Users\Donni\IdeaProjects\PiggyPlugins\ButterflyCatcher\build\libs\ButterflyCatcher-1.0.0.jar;C:\Users\Donni\IdeaProjects\PiggyPlugins\DialogueContinuer\build\libs\DialogueContinuer-1.0.0.jar;C:\Users\Donni\IdeaProjects\PiggyPlugins\Firemaking\build\libs\Firemaking-1.0.0.jar;C:\Users\Donni\IdeaProjects\PiggyPlugins\KittenFeeder\build\libs\KittenFeeder-1.0.0.jar;C:\Users\Donni\IdeaProjects\PiggyPlugins\AutoJugHumidifier\build\libs\AutoJugHumidifier-1.0.0.jar;C:\Users\Donni\IdeaProjects\PiggyPlugins\AutoRifts\build\libs\AutoRifts-1.0.0.jar;C:\Users\Donni\IdeaProjects\PiggyPlugins\AutoTele\build\libs\AutoTele-1.0.0.jar;C:\Users\Donni\IdeaProjects\PiggyPlugins\CalvarionHelper\build\libs\CalvarionHelper-1.0.0.jar;C:\Users\Donni\IdeaProjects\PiggyPlugins\CannonReloader\build\libs\CannonReloader-1.0.0.jar;C:\Users\Donni\IdeaProjects\PiggyPlugins\E3T4G\build\libs\E3T4G-1.0.0.jar;C:\Users\Donni\IdeaProjects\PiggyPlugins\EthansApi\build\l
Launcher Type: SUN_STANDARD

[Global flags]
     intx CICompilerCount                          = 4                                         {product} {ergonomic}
     uint ConcGCThreads                            = 2                                         {product} {ergonomic}
     uint G1ConcRefinementThreads                  = 8                                         {product} {ergonomic}
   size_t G1HeapRegionSize                         = 1048576                                   {product} {ergonomic}
    uintx GCDrainStackTargetSize                   = 64                                        {product} {ergonomic}
   size_t InitialHeapSize                          = 264241152                                 {product} {ergonomic}
   size_t MarkStackSize                            = 4194304                                   {product} {ergonomic}
   size_t MaxHeapSize                              = 4219469824                                {product} {ergonomic}
   size_t MaxNewSize                               = 2531262464                                {product} {ergonomic}
   size_t MinHeapDeltaBytes                        = 1048576                                   {product} {ergonomic}
    uintx NonNMethodCodeHeapSize                   = 5836300                                {pd product} {ergonomic}
    uintx NonProfiledCodeHeapSize                  = 122910970                              {pd product} {ergonomic}
    uintx ProfiledCodeHeapSize                     = 122910970                              {pd product} {ergonomic}
    uintx ReservedCodeCacheSize                    = 251658240                              {pd product} {ergonomic}
     bool SegmentedCodeCache                       = true                                      {product} {ergonomic}
     bool UseCompressedClassPointers               = true                                 {lp64_product} {ergonomic}
     bool UseCompressedOops                        = true                                 {lp64_product} {ergonomic}
     bool UseG1GC                                  = true                                      {product} {ergonomic}
     bool UseLargePagesIndividualAllocation        = false                                  {pd product} {ergonomic}

Logging:
Log output configuration:
 #0: stdout all=warning uptime,level,tags
 #1: stderr all=off uptime,level,tags

Environment Variables:
JAVA_HOME=C:\Program Files (x86)\Eclipse Adoptium\jdk-11.0.21.9-hotspot\
PATH=C:\Program Files (x86)\Eclipse Adoptium\jdk-11.0.21.9-hotspot\bin;C:\Program Files\Common Files\Oracle\Java\javapath;C:\Python311\Scripts\;C:\Python311\;C:\WINDOWS\system32;C:\WINDOWS;C:\WINDOWS\System32\Wbem;C:\WINDOWS\System32\WindowsPowerShell\v1.0\;C:\WINDOWS\System32\OpenSSH\;C:\ProgramData\chocolatey\bin;C:\Program Files\Git\cmd;C:\Program Files\nodejs\;C:\Program Files\Microsoft VS Code\bin;C:\Program Files\dotnet\;C:\Users\Donni\AppData\Local\Microsoft\WindowsApps;;C:\Exercism;C:\Users\Donni\AppData\Roaming\npm;C:\Program Files\JetBrains\IntelliJ IDEA Community Edition 2023.2.5\bin;
USERNAME=Don
OS=Windows_NT
PROCESSOR_IDENTIFIER=Intel64 Family 6 Model 140 Stepping 1, GenuineIntel
TMP=C:\Users\Donni\AppData\Local\Temp
TEMP=C:\Users\Donni\AppData\Local\Temp



---------------  S Y S T E M  ---------------

OS: Windows 11 , 64 bit Build 22621 (10.0.22621.2506)
OS uptime: 0 days 10:52 hours

CPU:total 8 (initial active 8) (4 cores per cpu, 2 threads per core) family 6 model 140 stepping 1 microcode 0xac, cmov, cx8, fxsr, mmx, sse, sse2, sse3, ssse3, sse4.1, sse4.2, popcnt, avx, avx2, aes, clmul, erms, 3dnowpref, lzcnt, ht, tsc, tscinvbit, bmi1, bmi2, adx, evex, sha, fma

Memory: 4k page, system-wide physical 16091M (7290M free)
TotalPageFile size 17115M (AvailPageFile size 7132M)
current process WorkingSet (physical memory assigned to process): 641M, peak: 643M
current process commit charge ("private bytes"): 682M, peak: 685M

vm_info: OpenJDK 64-Bit Server VM (11.0.22+7-LTS) for windows-amd64 JRE (11.0.22+7-LTS), built on Jan 10 2024 19:54:00 by "Administrator" with MS VC++ 16.10 / 16.11 (VS2019)

END.
