#
# A fatal error has been detected by the Java Runtime Environment:
#
#  Internal Error (c1/c1_LIR.hpp:731), pid=12632, tid=13960
#  Error: ShouldNotReachHere()
#
# JRE version: OpenJDK Runtime Environment Corretto-11.0.22.7.1 (11.0.22+7) (build 11.0.22+7-LTS)
# Java VM: OpenJDK 64-Bit Server VM Corretto-11.0.22.7.1 (11.0.22+7-LTS, mixed mode, tiered, compressed oops, g1 gc, windows-amd64)
# No core dump will be written. Minidumps are not enabled by default on client versions of Windows
#
# If you would like to submit a bug report, please visit:
#   https://github.com/corretto/corretto-11/issues/
#

---------------  S U M M A R Y ------------

Command Line: -agentlib:jdwp=transport=dt_socket,server=n,suspend=y,address=127.0.0.1:51260 -javaagent:C:\Users\Donni\.gradle\caches\modules-2\files-2.1\org.jetbrains.kotlinx\kotlinx-coroutines-core-jvm\1.6.0\f3b8fd26c2e76d2f18cbc36aacb6e349fcb9fd5f\kotlinx-coroutines-core-jvm-1.6.0.jar -Dfile.encoding=windows-1252 -Duser.country=US -Duser.language=en -Duser.variant -ea com.piggyplugins.PluginTester

Host: 11th Gen Intel(R) Core(TM) i5-1145G7 @ 2.60GHz, 8 cores, 15G,  Windows 11 , 64 bit Build 22621 (10.0.22621.2506)
Time: Sun Feb 11 18:33:26 2024 Mountain Standard Time elapsed time: 23.575876 seconds (0d 0h 0m 23s)

---------------  T H R E A D  ---------------

Current thread (0x0000010d13f45000):  JavaThread "C1 CompilerThread0" daemon [_thread_in_native, id=13960, stack(0x0000000c49900000,0x0000000c49a00000)]


Current CompileTask:
C1:  23575 10915 %     3       org.bouncycastle.math.raw.Nat256::mul @ 292 (637 bytes)

Stack: [0x0000000c49900000,0x0000000c49a00000]
Native frames: (J=compiled Java code, j=interpreted, Vv=VM code, C=native code)
V  [jvm.dll+0x64585a]
V  [jvm.dll+0x7d9bb9]
V  [jvm.dll+0x7db2b9]
V  [jvm.dll+0x7db957]
V  [jvm.dll+0x26941c]
V  [jvm.dll+0x269363]
V  [jvm.dll+0x1760a9]
V  [jvm.dll+0x171ea4]
V  [jvm.dll+0x168c0e]
V  [jvm.dll+0x1552d0]
V  [jvm.dll+0x13c659]
V  [jvm.dll+0x13bf8f]
V  [jvm.dll+0x13c1c4]
V  [jvm.dll+0x13b512]
V  [jvm.dll+0x13d3ac]
V  [jvm.dll+0x2305e9]
V  [jvm.dll+0x22e75f]
V  [jvm.dll+0x79ae51]
V  [jvm.dll+0x793b24]
V  [jvm.dll+0x644615]
C  [ucrtbase.dll+0x29363]
C  [KERNEL32.DLL+0x1257d]
C  [ntdll.dll+0x5aa58]


---------------  P R O C E S S  ---------------

Threads class SMR info:
_java_thread_list=0x0000010d1c0ca7c0, length=41, elements={
0x0000010d13eef000, 0x0000010d13ef1000, 0x0000010d13eeb000, 0x0000010d13f40800,
0x0000010d13f43000, 0x0000010d13f44000, 0x0000010d13f45000, 0x0000010d13f46800,
0x0000010d135e7000, 0x0000010d141fe800, 0x0000010d1422e000, 0x0000010d143d6000,
0x0000010d14981800, 0x0000010d15339800, 0x0000010d1537b800, 0x0000010d152c7000,
0x0000010d1503f800, 0x0000010d15ae9000, 0x0000010d16076800, 0x0000010d15f1d800,
0x0000010d162eb800, 0x0000010d15f37800, 0x0000010d15f34000, 0x0000010d15f3a000,
0x0000010d15f39000, 0x0000010d15f3a800, 0x0000010d15f35000, 0x0000010d15f36000,
0x0000010d15f36800, 0x0000010d1a622000, 0x0000010d1a61c800, 0x0000010d1a61f800,
0x0000010d1a623000, 0x0000010d1a61e800, 0x0000010d1a61d000, 0x0000010d1a623800,
0x0000010d1a61e000, 0x0000010d1a624800, 0x0000010d22ce6800, 0x0000010d1a9df800,
0x0000010d1a626000
}

Java Threads: ( => current thread )
  0x0000010d13eef000 JavaThread "Reference Handler" daemon [_thread_blocked, id=10920, stack(0x0000000c49300000,0x0000000c49400000)]
  0x0000010d13ef1000 JavaThread "Finalizer" daemon [_thread_blocked, id=8968, stack(0x0000000c49400000,0x0000000c49500000)]
  0x0000010d13eeb000 JavaThread "Signal Dispatcher" daemon [_thread_blocked, id=11956, stack(0x0000000c49500000,0x0000000c49600000)]
  0x0000010d13f40800 JavaThread "Attach Listener" daemon [_thread_blocked, id=3112, stack(0x0000000c49600000,0x0000000c49700000)]
  0x0000010d13f43000 JavaThread "Service Thread" daemon [_thread_blocked, id=4032, stack(0x0000000c49700000,0x0000000c49800000)]
  0x0000010d13f44000 JavaThread "C2 CompilerThread0" daemon [_thread_in_native, id=4276, stack(0x0000000c49800000,0x0000000c49900000)]
=>0x0000010d13f45000 JavaThread "C1 CompilerThread0" daemon [_thread_in_native, id=13960, stack(0x0000000c49900000,0x0000000c49a00000)]
  0x0000010d13f46800 JavaThread "Sweeper thread" daemon [_thread_blocked, id=9104, stack(0x0000000c49a00000,0x0000000c49b00000)]
  0x0000010d135e7000 JavaThread "Common-Cleaner" daemon [_thread_blocked, id=10092, stack(0x0000000c49b00000,0x0000000c49c00000)]
  0x0000010d141fe800 JavaThread "JDWP Transport Listener: dt_socket" daemon [_thread_blocked, id=8052, stack(0x0000000c49d00000,0x0000000c49e00000)]
  0x0000010d1422e000 JavaThread "JDWP Event Helper Thread" daemon [_thread_blocked, id=3152, stack(0x0000000c49e00000,0x0000000c49f00000)]
  0x0000010d143d6000 JavaThread "JDWP Command Reader" daemon [_thread_in_native, id=12816, stack(0x0000000c49f00000,0x0000000c4a000000)]
  0x0000010d14981800 JavaThread "Coroutines Debugger Cleaner" daemon [_thread_blocked, id=8020, stack(0x0000000c4a000000,0x0000000c4a100000)]
  0x0000010d15339800 JavaThread "Java2D Disposer" daemon [_thread_blocked, id=9016, stack(0x0000000c4a800000,0x0000000c4a900000)]
  0x0000010d1537b800 JavaThread "AWT-Shutdown" [_thread_blocked, id=5544, stack(0x0000000c4a900000,0x0000000c4aa00000)]
  0x0000010d152c7000 JavaThread "AWT-Windows" daemon [_thread_in_native, id=3300, stack(0x0000000c4aa00000,0x0000000c4ab00000)]
  0x0000010d1503f800 JavaThread "AWT-EventQueue-0" [_thread_blocked, id=11952, stack(0x0000000c4ac00000,0x0000000c4ad00000)]
  0x0000010d15ae9000 JavaThread "TimerQueue" daemon [_thread_blocked, id=2564, stack(0x0000000c4ad00000,0x0000000c4ae00000)]
  0x0000010d16076800 JavaThread "OkHttp Dispatcher" [_thread_blocked, id=1256, stack(0x0000000c4af00000,0x0000000c4b000000)]
  0x0000010d15f1d800 JavaThread "OkHttp static.runelite.net Writer" [_thread_blocked, id=648, stack(0x0000000c4ae00000,0x0000000c4af00000)]
  0x0000010d162eb800 JavaThread "OkHttp static.runelite.net" [_thread_in_native, id=6612, stack(0x0000000c4b400000,0x0000000c4b500000)]
  0x0000010d15f37800 JavaThread "OkHttp ConnectionPool" daemon [_thread_blocked, id=1688, stack(0x0000000c4b500000,0x0000000c4b600000)]
  0x0000010d15f34000 JavaThread "Okio Watchdog" daemon [_thread_blocked, id=3348, stack(0x0000000c4b600000,0x0000000c4b700000)]
  0x0000010d15f3a000 JavaThread "OkHttp Http2Connection" daemon [_thread_blocked, id=5404, stack(0x0000000c4b700000,0x0000000c4b800000)]
  0x0000010d15f39000 JavaThread "pool-2-thread-1" [_thread_blocked, id=7632, stack(0x0000000c4ba00000,0x0000000c4bb00000)]
  0x0000010d15f3a800 JavaThread "Thread-2" daemon [_thread_blocked, id=13344, stack(0x0000000c4b000000,0x0000000c4b100000)]
  0x0000010d15f35000 JavaThread "Client" daemon [_thread_in_Java, id=5040, stack(0x0000000c4b900000,0x0000000c4ba00000)]
  0x0000010d15f36000 JavaThread "Thread-4" daemon [_thread_in_native, id=11032, stack(0x0000000c4b800000,0x0000000c4b900000)]
  0x0000010d15f36800 JavaThread "Thread-5" daemon [_thread_in_native, id=14032, stack(0x0000000c4bd00000,0x0000000c4be00000)]
  0x0000010d1a622000 JavaThread "Thread-6" daemon [_thread_blocked, id=7188, stack(0x0000000c4be00000,0x0000000c4bf00000)]
  0x0000010d1a61c800 JavaThread "cache io" daemon [_thread_blocked, id=13012, stack(0x0000000c4bf00000,0x0000000c4c000000)]
  0x0000010d1a61f800 JavaThread "Java Sound Event Dispatcher" daemon [_thread_blocked, id=7256, stack(0x0000000c4c200000,0x0000000c4c300000)]
  0x0000010d1a623000 JavaThread "Sound Engine" [_thread_blocked, id=1624, stack(0x0000000c4c600000,0x0000000c4c700000)]
  0x0000010d1a61e800 JavaThread "Thread-8" daemon [_thread_blocked, id=3840, stack(0x0000000c4ca00000,0x0000000c4cb00000)]
  0x0000010d1a61d000 JavaThread "pool-5-thread-1" [_thread_in_native, id=8100, stack(0x0000000c4cd00000,0x0000000c4ce00000)]
  0x0000010d1a623800 JavaThread "DestroyJavaVM" [_thread_blocked, id=13972, stack(0x0000000c48c00000,0x0000000c48d00000)]
  0x0000010d1a61e000 JavaThread "Thread-10" daemon [_thread_in_native, id=12236, stack(0x0000000c49c00000,0x0000000c49d00000)]
  0x0000010d1a624800 JavaThread "Thread-11" daemon [_thread_blocked, id=8772, stack(0x0000000c4c800000,0x0000000c4c900000)]
  0x0000010d22ce6800 JavaThread "C2 CompilerThread1" daemon [_thread_in_native, id=5412, stack(0x0000000c4c900000,0x0000000c4ca00000)]
  0x0000010d1a9df800 JavaThread "C2 CompilerThread2" daemon [_thread_in_native, id=6200, stack(0x0000000c4cc00000,0x0000000c4cd00000)]
  0x0000010d1a626000 JavaThread "crmsession-rest-request-1" daemon [_thread_in_native, id=9492, stack(0x0000000c4cf00000,0x0000000c4d000000)]

Other Threads:
  0x0000010d13edb800 VMThread "VM Thread" [stack: 0x0000000c49200000,0x0000000c49300000] [id=7328]
  0x0000010d14884800 WatcherThread [stack: 0x0000000c4a100000,0x0000000c4a200000] [id=1576]
  0x0000010d6fa72000 GCTaskThread "GC Thread#0" [stack: 0x0000000c48d00000,0x0000000c48e00000] [id=3892]
  0x0000010d153a3800 GCTaskThread "GC Thread#1" [stack: 0x0000000c4a300000,0x0000000c4a400000] [id=11744]
  0x0000010d1590e000 GCTaskThread "GC Thread#2" [stack: 0x0000000c4a400000,0x0000000c4a500000] [id=1936]
  0x0000010d14ee8800 GCTaskThread "GC Thread#3" [stack: 0x0000000c4a500000,0x0000000c4a600000] [id=1128]
  0x0000010d154a9800 GCTaskThread "GC Thread#4" [stack: 0x0000000c4a600000,0x0000000c4a700000] [id=9028]
  0x0000010d15176000 GCTaskThread "GC Thread#5" [stack: 0x0000000c4a700000,0x0000000c4a800000] [id=6292]
  0x0000010d16387000 GCTaskThread "GC Thread#6" [stack: 0x0000000c4b200000,0x0000000c4b300000] [id=3964]
  0x0000010d163bf800 GCTaskThread "GC Thread#7" [stack: 0x0000000c4b300000,0x0000000c4b400000] [id=4232]
  0x0000010d6facc000 ConcurrentGCThread "G1 Main Marker" [stack: 0x0000000c48e00000,0x0000000c48f00000] [id=13920]
  0x0000010d6facd800 ConcurrentGCThread "G1 Conc#0" [stack: 0x0000000c48f00000,0x0000000c49000000] [id=7804]
  0x0000010d163c5800 ConcurrentGCThread "G1 Conc#1" [stack: 0x0000000c4ab00000,0x0000000c4ac00000] [id=10968]
  0x0000010d13512800 ConcurrentGCThread "G1 Refine#0" [stack: 0x0000000c49000000,0x0000000c49100000] [id=8524]
  0x0000010d13513800 ConcurrentGCThread "G1 Young RemSet Sampling" [stack: 0x0000000c49100000,0x0000000c49200000] [id=6032]

Threads with active compile tasks:
C2 CompilerThread0    23598 10904       4       sun.java2d.marlin.DRenderer::_endRendering (2480 bytes)
C1 CompilerThread0    23598 10915 %     3       org.bouncycastle.math.raw.Nat256::mul @ 292 (637 bytes)
C2 CompilerThread1    23598 10938       4       lk::at (1085 bytes)
C2 CompilerThread2    23598 10766 %     4       km::cj @ 1068 (2177 bytes)

VM state:not at safepoint (normal execution)

VM Mutex/Monitor currently owned by a thread: None

Heap address: 0x0000000704800000, size: 4024 MB, Compressed Oops mode: Zero based, Oop shift amount: 3
Narrow klass base: 0x0000000800000000, Narrow klass shift: 0
Compressed class space size: 1073741824 Address: 0x0000000800000000

Heap:
 garbage-first heap   total 372736K, used 287622K [0x0000000704800000, 0x0000000800000000)
  region size 1024K, 130 young (133120K), 11 survivors (11264K)
 Metaspace       used 88457K, capacity 91417K, committed 91556K, reserved 1130496K
  class space    used 9266K, capacity 10513K, committed 10536K, reserved 1048576K
Heap Regions: E=young(eden), S=young(survivor), O=old, HS=humongous(starts), HC=humongous(continues), CS=collection set, F=free, A=archive, TAMS=top-at-mark-start (previous, next)
|   0|0x0000000704800000, 0x0000000704900000, 0x0000000704900000|100%| O|  |TAMS 0x0000000704900000, 0x0000000704800000| Untracked 
|   1|0x0000000704900000, 0x0000000704a00000, 0x0000000704a00000|100%| O|  |TAMS 0x0000000704a00000, 0x0000000704900000| Untracked 
|   2|0x0000000704a00000, 0x0000000704b00000, 0x0000000704b00000|100%| O|  |TAMS 0x0000000704b00000, 0x0000000704a00000| Untracked 
|   3|0x0000000704b00000, 0x0000000704c00000, 0x0000000704c00000|100%| O|  |TAMS 0x0000000704c00000, 0x0000000704b00000| Untracked 
|   4|0x0000000704c00000, 0x0000000704d00000, 0x0000000704d00000|100%| O|  |TAMS 0x0000000704d00000, 0x0000000704c00000| Untracked 
|   5|0x0000000704d00000, 0x0000000704e00000, 0x0000000704e00000|100%| O|  |TAMS 0x0000000704e00000, 0x0000000704d00000| Untracked 
|   6|0x0000000704e00000, 0x0000000704f00000, 0x0000000704f00000|100%| O|  |TAMS 0x0000000704f00000, 0x0000000704e00000| Untracked 
|   7|0x0000000704f00000, 0x0000000705000000, 0x0000000705000000|100%| O|  |TAMS 0x0000000705000000, 0x0000000704f00000| Untracked 
|   8|0x0000000705000000, 0x0000000705100000, 0x0000000705100000|100%| O|  |TAMS 0x0000000705100000, 0x0000000705000000| Untracked 
|   9|0x0000000705100000, 0x0000000705200000, 0x0000000705200000|100%| O|  |TAMS 0x0000000705200000, 0x0000000705100000| Untracked 
|  10|0x0000000705200000, 0x0000000705300000, 0x0000000705300000|100%| O|  |TAMS 0x0000000705300000, 0x0000000705200000| Untracked 
|  11|0x0000000705300000, 0x0000000705400000, 0x0000000705400000|100%|HS|  |TAMS 0x0000000705400000, 0x0000000705300000| Complete 
|  12|0x0000000705400000, 0x0000000705500000, 0x0000000705500000|100%|HC|  |TAMS 0x0000000705500000, 0x0000000705400000| Complete 
|  13|0x0000000705500000, 0x0000000705600000, 0x0000000705600000|100%|HC|  |TAMS 0x0000000705600000, 0x0000000705500000| Complete 
|  14|0x0000000705600000, 0x0000000705700000, 0x0000000705700000|100%| O|  |TAMS 0x0000000705700000, 0x0000000705600000| Untracked 
|  15|0x0000000705700000, 0x0000000705800000, 0x0000000705800000|100%| O|  |TAMS 0x0000000705800000, 0x0000000705700000| Untracked 
|  16|0x0000000705800000, 0x0000000705900000, 0x0000000705900000|100%| O|  |TAMS 0x0000000705900000, 0x0000000705800000| Untracked 
|  17|0x0000000705900000, 0x0000000705a00000, 0x0000000705a00000|100%| O|  |TAMS 0x0000000705a00000, 0x0000000705900000| Untracked 
|  18|0x0000000705a00000, 0x0000000705b00000, 0x0000000705b00000|100%|HS|  |TAMS 0x0000000705b00000, 0x0000000705a00000| Complete 
|  19|0x0000000705b00000, 0x0000000705c00000, 0x0000000705c00000|100%|HC|  |TAMS 0x0000000705c00000, 0x0000000705b00000| Complete 
|  20|0x0000000705c00000, 0x0000000705d00000, 0x0000000705d00000|100%|HS|  |TAMS 0x0000000705d00000, 0x0000000705c00000| Complete 
|  21|0x0000000705d00000, 0x0000000705e00000, 0x0000000705e00000|100%|HC|  |TAMS 0x0000000705e00000, 0x0000000705d00000| Complete 
|  22|0x0000000705e00000, 0x0000000705f00000, 0x0000000705f00000|100%|HS|  |TAMS 0x0000000705f00000, 0x0000000705e00000| Complete 
|  23|0x0000000705f00000, 0x0000000706000000, 0x0000000706000000|100%|HC|  |TAMS 0x0000000706000000, 0x0000000705f00000| Complete 
|  24|0x0000000706000000, 0x0000000706100000, 0x0000000706100000|100%|HS|  |TAMS 0x0000000706100000, 0x0000000706000000| Complete 
|  25|0x0000000706100000, 0x0000000706200000, 0x0000000706200000|100%|HC|  |TAMS 0x0000000706200000, 0x0000000706100000| Complete 
|  26|0x0000000706200000, 0x0000000706300000, 0x0000000706300000|100%|HS|  |TAMS 0x0000000706300000, 0x0000000706200000| Complete 
|  27|0x0000000706300000, 0x0000000706400000, 0x0000000706400000|100%|HC|  |TAMS 0x0000000706400000, 0x0000000706300000| Complete 
|  28|0x0000000706400000, 0x0000000706500000, 0x0000000706500000|100%|HS|  |TAMS 0x0000000706500000, 0x0000000706400000| Complete 
|  29|0x0000000706500000, 0x0000000706600000, 0x0000000706600000|100%|HC|  |TAMS 0x0000000706600000, 0x0000000706500000| Complete 
|  30|0x0000000706600000, 0x0000000706700000, 0x0000000706700000|100%|HS|  |TAMS 0x0000000706700000, 0x0000000706600000| Complete 
|  31|0x0000000706700000, 0x0000000706800000, 0x0000000706800000|100%|HC|  |TAMS 0x0000000706800000, 0x0000000706700000| Complete 
|  32|0x0000000706800000, 0x0000000706900000, 0x0000000706900000|100%|HS|  |TAMS 0x0000000706900000, 0x0000000706800000| Complete 
|  33|0x0000000706900000, 0x0000000706a00000, 0x0000000706a00000|100%|HC|  |TAMS 0x0000000706a00000, 0x0000000706900000| Complete 
|  34|0x0000000706a00000, 0x0000000706b00000, 0x0000000706b00000|100%|HC|  |TAMS 0x0000000706b00000, 0x0000000706a00000| Complete 
|  35|0x0000000706b00000, 0x0000000706c00000, 0x0000000706c00000|100%|HC|  |TAMS 0x0000000706c00000, 0x0000000706b00000| Complete 
|  36|0x0000000706c00000, 0x0000000706d00000, 0x0000000706d00000|100%|HC|  |TAMS 0x0000000706d00000, 0x0000000706c00000| Complete 
|  37|0x0000000706d00000, 0x0000000706e00000, 0x0000000706e00000|100%|HC|  |TAMS 0x0000000706e00000, 0x0000000706d00000| Complete 
|  38|0x0000000706e00000, 0x0000000706f00000, 0x0000000706f00000|100%|HS|  |TAMS 0x0000000706f00000, 0x0000000706e00000| Complete 
|  39|0x0000000706f00000, 0x0000000707000000, 0x0000000707000000|100%|HC|  |TAMS 0x0000000707000000, 0x0000000706f00000| Complete 
|  40|0x0000000707000000, 0x0000000707100000, 0x0000000707100000|100%|HS|  |TAMS 0x0000000707100000, 0x0000000707000000| Complete 
|  41|0x0000000707100000, 0x0000000707200000, 0x0000000707200000|100%|HC|  |TAMS 0x0000000707200000, 0x0000000707100000| Complete 
|  42|0x0000000707200000, 0x0000000707300000, 0x0000000707300000|100%|HS|  |TAMS 0x0000000707300000, 0x0000000707200000| Complete 
|  43|0x0000000707300000, 0x0000000707400000, 0x0000000707400000|100%|HC|  |TAMS 0x0000000707400000, 0x0000000707300000| Complete 
|  44|0x0000000707400000, 0x0000000707500000, 0x0000000707500000|100%| O|  |TAMS 0x0000000707500000, 0x0000000707400000| Untracked 
|  45|0x0000000707500000, 0x0000000707600000, 0x0000000707600000|100%| O|  |TAMS 0x0000000707600000, 0x0000000707500000| Untracked 
|  46|0x0000000707600000, 0x0000000707700000, 0x0000000707700000|100%| O|  |TAMS 0x0000000707700000, 0x0000000707600000| Untracked 
|  47|0x0000000707700000, 0x0000000707800000, 0x0000000707800000|100%| O|  |TAMS 0x0000000707800000, 0x0000000707700000| Untracked 
|  48|0x0000000707800000, 0x0000000707900000, 0x0000000707900000|100%| O|  |TAMS 0x0000000707900000, 0x0000000707800000| Untracked 
|  49|0x0000000707900000, 0x0000000707a00000, 0x0000000707a00000|100%| O|  |TAMS 0x0000000707a00000, 0x0000000707900000| Untracked 
|  50|0x0000000707a00000, 0x0000000707b00000, 0x0000000707b00000|100%| O|  |TAMS 0x0000000707b00000, 0x0000000707a00000| Untracked 
|  51|0x0000000707b00000, 0x0000000707c00000, 0x0000000707c00000|100%| O|  |TAMS 0x0000000707c00000, 0x0000000707b00000| Untracked 
|  52|0x0000000707c00000, 0x0000000707d00000, 0x0000000707d00000|100%| O|  |TAMS 0x0000000707d00000, 0x0000000707c00000| Untracked 
|  53|0x0000000707d00000, 0x0000000707e00000, 0x0000000707e00000|100%| O|  |TAMS 0x0000000707e00000, 0x0000000707d00000| Untracked 
|  54|0x0000000707e00000, 0x0000000707f00000, 0x0000000707f00000|100%| O|  |TAMS 0x0000000707f00000, 0x0000000707e00000| Untracked 
|  55|0x0000000707f00000, 0x0000000708000000, 0x0000000708000000|100%| O|  |TAMS 0x0000000708000000, 0x0000000707f00000| Untracked 
|  56|0x0000000708000000, 0x0000000708100000, 0x0000000708100000|100%| O|  |TAMS 0x0000000708100000, 0x0000000708000000| Untracked 
|  57|0x0000000708100000, 0x0000000708200000, 0x0000000708200000|100%| O|  |TAMS 0x0000000708200000, 0x0000000708100000| Untracked 
|  58|0x0000000708200000, 0x0000000708300000, 0x0000000708300000|100%| O|  |TAMS 0x0000000708300000, 0x0000000708200000| Untracked 
|  59|0x0000000708300000, 0x0000000708400000, 0x0000000708400000|100%| O|  |TAMS 0x00000007083a4200, 0x0000000708300000| Untracked 
|  60|0x0000000708400000, 0x0000000708500000, 0x0000000708500000|100%|HS|  |TAMS 0x0000000708400000, 0x0000000708400000| Complete 
|  61|0x0000000708500000, 0x0000000708600000, 0x0000000708600000|100%| O|  |TAMS 0x0000000708500000, 0x0000000708500000| Untracked 
|  62|0x0000000708600000, 0x0000000708700000, 0x0000000708700000|100%| O|  |TAMS 0x0000000708600000, 0x0000000708600000| Untracked 
|  63|0x0000000708700000, 0x0000000708800000, 0x0000000708800000|100%|HS|  |TAMS 0x0000000708700000, 0x0000000708700000| Complete 
|  64|0x0000000708800000, 0x0000000708900000, 0x0000000708900000|100%|HS|  |TAMS 0x0000000708800000, 0x0000000708800000| Complete 
|  65|0x0000000708900000, 0x0000000708a00000, 0x0000000708a00000|100%| O|  |TAMS 0x0000000708900000, 0x0000000708900000| Untracked 
|  66|0x0000000708a00000, 0x0000000708b00000, 0x0000000708b00000|100%| O|  |TAMS 0x0000000708a00000, 0x0000000708a00000| Untracked 
|  67|0x0000000708b00000, 0x0000000708c00000, 0x0000000708c00000|100%| O|  |TAMS 0x0000000708b00000, 0x0000000708b00000| Untracked 
|  68|0x0000000708c00000, 0x0000000708d00000, 0x0000000708d00000|100%| O|  |TAMS 0x0000000708c00000, 0x0000000708c00000| Untracked 
|  69|0x0000000708d00000, 0x0000000708e00000, 0x0000000708e00000|100%| O|  |TAMS 0x0000000708d00000, 0x0000000708d00000| Untracked 
|  70|0x0000000708e00000, 0x0000000708f00000, 0x0000000708f00000|100%| O|  |TAMS 0x0000000708e00000, 0x0000000708e00000| Untracked 
|  71|0x0000000708f00000, 0x0000000709000000, 0x0000000709000000|100%| O|  |TAMS 0x0000000708f00000, 0x0000000708f00000| Untracked 
|  72|0x0000000709000000, 0x0000000709100000, 0x0000000709100000|100%| O|  |TAMS 0x0000000709000000, 0x0000000709000000| Untracked 
|  73|0x0000000709100000, 0x0000000709200000, 0x0000000709200000|100%| O|  |TAMS 0x0000000709100000, 0x0000000709100000| Untracked 
|  74|0x0000000709200000, 0x0000000709300000, 0x0000000709300000|100%| O|  |TAMS 0x0000000709200000, 0x0000000709200000| Untracked 
|  75|0x0000000709300000, 0x0000000709400000, 0x0000000709400000|100%| O|  |TAMS 0x0000000709300000, 0x0000000709300000| Untracked 
|  76|0x0000000709400000, 0x0000000709500000, 0x0000000709500000|100%| O|  |TAMS 0x0000000709400000, 0x0000000709400000| Untracked 
|  77|0x0000000709500000, 0x0000000709600000, 0x0000000709600000|100%| O|  |TAMS 0x0000000709500000, 0x0000000709500000| Untracked 
|  78|0x0000000709600000, 0x0000000709700000, 0x0000000709700000|100%| O|  |TAMS 0x0000000709600000, 0x0000000709600000| Untracked 
|  79|0x0000000709700000, 0x0000000709800000, 0x0000000709800000|100%| O|  |TAMS 0x0000000709700000, 0x0000000709700000| Untracked 
|  80|0x0000000709800000, 0x0000000709900000, 0x0000000709900000|100%| O|  |TAMS 0x0000000709800000, 0x0000000709800000| Untracked 
|  81|0x0000000709900000, 0x0000000709a00000, 0x0000000709a00000|100%| O|  |TAMS 0x0000000709900000, 0x0000000709900000| Untracked 
|  82|0x0000000709a00000, 0x0000000709b00000, 0x0000000709b00000|100%| O|  |TAMS 0x0000000709a00000, 0x0000000709a00000| Untracked 
|  83|0x0000000709b00000, 0x0000000709c00000, 0x0000000709c00000|100%| O|  |TAMS 0x0000000709b00000, 0x0000000709b00000| Untracked 
|  84|0x0000000709c00000, 0x0000000709d00000, 0x0000000709d00000|100%| O|  |TAMS 0x0000000709c00000, 0x0000000709c00000| Untracked 
|  85|0x0000000709d00000, 0x0000000709e00000, 0x0000000709e00000|100%| O|  |TAMS 0x0000000709d00000, 0x0000000709d00000| Untracked 
|  86|0x0000000709e00000, 0x0000000709f00000, 0x0000000709f00000|100%| O|  |TAMS 0x0000000709e00000, 0x0000000709e00000| Untracked 
|  87|0x0000000709f00000, 0x000000070a000000, 0x000000070a000000|100%| O|  |TAMS 0x0000000709f00000, 0x0000000709f00000| Untracked 
|  88|0x000000070a000000, 0x000000070a100000, 0x000000070a100000|100%| O|  |TAMS 0x000000070a000000, 0x000000070a000000| Untracked 
|  89|0x000000070a100000, 0x000000070a200000, 0x000000070a200000|100%| O|  |TAMS 0x000000070a100000, 0x000000070a100000| Untracked 
|  90|0x000000070a200000, 0x000000070a300000, 0x000000070a300000|100%| O|  |TAMS 0x000000070a200000, 0x000000070a200000| Untracked 
|  91|0x000000070a300000, 0x000000070a400000, 0x000000070a400000|100%| O|  |TAMS 0x000000070a300000, 0x000000070a300000| Untracked 
|  92|0x000000070a400000, 0x000000070a500000, 0x000000070a500000|100%| O|  |TAMS 0x000000070a400000, 0x000000070a400000| Untracked 
|  93|0x000000070a500000, 0x000000070a600000, 0x000000070a600000|100%| O|  |TAMS 0x000000070a500000, 0x000000070a500000| Untracked 
|  94|0x000000070a600000, 0x000000070a700000, 0x000000070a700000|100%| O|  |TAMS 0x000000070a600000, 0x000000070a600000| Untracked 
|  95|0x000000070a700000, 0x000000070a800000, 0x000000070a800000|100%| O|  |TAMS 0x000000070a700000, 0x000000070a700000| Untracked 
|  96|0x000000070a800000, 0x000000070a900000, 0x000000070a900000|100%| O|  |TAMS 0x000000070a800000, 0x000000070a800000| Untracked 
|  97|0x000000070a900000, 0x000000070aa00000, 0x000000070aa00000|100%| O|  |TAMS 0x000000070a900000, 0x000000070a900000| Untracked 
|  98|0x000000070aa00000, 0x000000070ab00000, 0x000000070ab00000|100%| O|  |TAMS 0x000000070aa00000, 0x000000070aa00000| Untracked 
|  99|0x000000070ab00000, 0x000000070ac00000, 0x000000070ac00000|100%| O|  |TAMS 0x000000070ab00000, 0x000000070ab00000| Untracked 
| 100|0x000000070ac00000, 0x000000070ad00000, 0x000000070ad00000|100%| O|  |TAMS 0x000000070ac00000, 0x000000070ac00000| Untracked 
| 101|0x000000070ad00000, 0x000000070ae00000, 0x000000070ae00000|100%| O|  |TAMS 0x000000070ad00000, 0x000000070ad00000| Untracked 
| 102|0x000000070ae00000, 0x000000070af00000, 0x000000070af00000|100%| O|  |TAMS 0x000000070ae00000, 0x000000070ae00000| Untracked 
| 103|0x000000070af00000, 0x000000070b000000, 0x000000070b000000|100%| O|  |TAMS 0x000000070af00000, 0x000000070af00000| Untracked 
| 104|0x000000070b000000, 0x000000070b100000, 0x000000070b100000|100%| O|  |TAMS 0x000000070b000000, 0x000000070b000000| Untracked 
| 105|0x000000070b100000, 0x000000070b200000, 0x000000070b200000|100%| O|  |TAMS 0x000000070b100000, 0x000000070b100000| Untracked 
| 106|0x000000070b200000, 0x000000070b300000, 0x000000070b300000|100%| O|  |TAMS 0x000000070b200000, 0x000000070b200000| Untracked 
| 107|0x000000070b300000, 0x000000070b400000, 0x000000070b400000|100%| O|  |TAMS 0x000000070b300000, 0x000000070b300000| Untracked 
| 108|0x000000070b400000, 0x000000070b500000, 0x000000070b500000|100%| O|  |TAMS 0x000000070b400000, 0x000000070b400000| Untracked 
| 109|0x000000070b500000, 0x000000070b600000, 0x000000070b600000|100%| O|  |TAMS 0x000000070b500000, 0x000000070b500000| Untracked 
| 110|0x000000070b600000, 0x000000070b700000, 0x000000070b700000|100%| O|  |TAMS 0x000000070b600000, 0x000000070b600000| Untracked 
| 111|0x000000070b700000, 0x000000070b800000, 0x000000070b800000|100%| O|  |TAMS 0x000000070b700000, 0x000000070b700000| Untracked 
| 112|0x000000070b800000, 0x000000070b900000, 0x000000070b900000|100%| O|  |TAMS 0x000000070b800000, 0x000000070b800000| Untracked 
| 113|0x000000070b900000, 0x000000070ba00000, 0x000000070ba00000|100%| O|  |TAMS 0x000000070b900000, 0x000000070b900000| Untracked 
| 114|0x000000070ba00000, 0x000000070ba68a00, 0x000000070bb00000| 40%| O|  |TAMS 0x000000070ba00000, 0x000000070ba00000| Untracked 
| 115|0x000000070bb00000, 0x000000070bc00000, 0x000000070bc00000|100%|HS|  |TAMS 0x000000070bb00000, 0x000000070bb00000| Complete 
| 116|0x000000070bc00000, 0x000000070bd00000, 0x000000070bd00000|100%|HC|  |TAMS 0x000000070bc00000, 0x000000070bc00000| Complete 
| 117|0x000000070bd00000, 0x000000070be00000, 0x000000070be00000|100%|HS|  |TAMS 0x000000070bd00000, 0x000000070bd00000| Complete 
| 118|0x000000070be00000, 0x000000070bf00000, 0x000000070bf00000|100%|HC|  |TAMS 0x000000070be00000, 0x000000070be00000| Complete 
| 119|0x000000070bf00000, 0x000000070c000000, 0x000000070c000000|100%|HC|  |TAMS 0x000000070bf00000, 0x000000070bf00000| Complete 
| 120|0x000000070c000000, 0x000000070c100000, 0x000000070c100000|100%|HC|  |TAMS 0x000000070c000000, 0x000000070c000000| Complete 
| 121|0x000000070c100000, 0x000000070c200000, 0x000000070c200000|100%|HS|  |TAMS 0x000000070c100000, 0x000000070c100000| Complete 
| 122|0x000000070c200000, 0x000000070c300000, 0x000000070c300000|100%|HC|  |TAMS 0x000000070c200000, 0x000000070c200000| Complete 
| 123|0x000000070c300000, 0x000000070c400000, 0x000000070c400000|100%|HS|  |TAMS 0x000000070c300000, 0x000000070c300000| Complete 
| 124|0x000000070c400000, 0x000000070c500000, 0x000000070c500000|100%|HC|  |TAMS 0x000000070c400000, 0x000000070c400000| Complete 
| 125|0x000000070c500000, 0x000000070c600000, 0x000000070c600000|100%|HS|  |TAMS 0x000000070c500000, 0x000000070c500000| Complete 
| 126|0x000000070c600000, 0x000000070c700000, 0x000000070c700000|100%|HC|  |TAMS 0x000000070c600000, 0x000000070c600000| Complete 
| 127|0x000000070c700000, 0x000000070c800000, 0x000000070c800000|100%|HS|  |TAMS 0x000000070c700000, 0x000000070c700000| Complete 
| 128|0x000000070c800000, 0x000000070c900000, 0x000000070c900000|100%|HC|  |TAMS 0x000000070c800000, 0x000000070c800000| Complete 
| 129|0x000000070c900000, 0x000000070ca00000, 0x000000070ca00000|100%|HS|  |TAMS 0x000000070c900000, 0x000000070c900000| Complete 
| 130|0x000000070ca00000, 0x000000070cb00000, 0x000000070cb00000|100%|HC|  |TAMS 0x000000070ca00000, 0x000000070ca00000| Complete 
| 131|0x000000070cb00000, 0x000000070cc00000, 0x000000070cc00000|100%|HS|  |TAMS 0x000000070cb00000, 0x000000070cb00000| Complete 
| 132|0x000000070cc00000, 0x000000070cd00000, 0x000000070cd00000|100%|HC|  |TAMS 0x000000070cc00000, 0x000000070cc00000| Complete 
| 133|0x000000070cd00000, 0x000000070ce00000, 0x000000070ce00000|100%|HS|  |TAMS 0x000000070cd00000, 0x000000070cd00000| Complete 
| 134|0x000000070ce00000, 0x000000070cf00000, 0x000000070cf00000|100%|HC|  |TAMS 0x000000070ce00000, 0x000000070ce00000| Complete 
| 135|0x000000070cf00000, 0x000000070d000000, 0x000000070d000000|100%|HS|  |TAMS 0x000000070cf00000, 0x000000070cf00000| Complete 
| 136|0x000000070d000000, 0x000000070d100000, 0x000000070d100000|100%|HC|  |TAMS 0x000000070d000000, 0x000000070d000000| Complete 
| 137|0x000000070d100000, 0x000000070d200000, 0x000000070d200000|100%|HS|  |TAMS 0x000000070d100000, 0x000000070d100000| Complete 
| 138|0x000000070d200000, 0x000000070d300000, 0x000000070d300000|100%|HC|  |TAMS 0x000000070d200000, 0x000000070d200000| Complete 
| 139|0x000000070d300000, 0x000000070d400000, 0x000000070d400000|100%|HC|  |TAMS 0x000000070d300000, 0x000000070d300000| Complete 
| 140|0x000000070d400000, 0x000000070d500000, 0x000000070d500000|100%|HC|  |TAMS 0x000000070d400000, 0x000000070d400000| Complete 
| 141|0x000000070d500000, 0x000000070d600000, 0x000000070d600000|100%|HC|  |TAMS 0x000000070d500000, 0x000000070d500000| Complete 
| 142|0x000000070d600000, 0x000000070d700000, 0x000000070d700000|100%|HC|  |TAMS 0x000000070d600000, 0x000000070d600000| Complete 
| 143|0x000000070d700000, 0x000000070d800000, 0x000000070d800000|100%|HS|  |TAMS 0x000000070d700000, 0x000000070d700000| Complete 
| 144|0x000000070d800000, 0x000000070d900000, 0x000000070d900000|100%|HC|  |TAMS 0x000000070d800000, 0x000000070d800000| Complete 
| 145|0x000000070d900000, 0x000000070da00000, 0x000000070da00000|100%|HS|  |TAMS 0x000000070d900000, 0x000000070d900000| Complete 
| 146|0x000000070da00000, 0x000000070db00000, 0x000000070db00000|100%|HC|  |TAMS 0x000000070da00000, 0x000000070da00000| Complete 
| 147|0x000000070db00000, 0x000000070dc00000, 0x000000070dc00000|100%|HS|  |TAMS 0x000000070db00000, 0x000000070db00000| Complete 
| 148|0x000000070dc00000, 0x000000070dd00000, 0x000000070dd00000|100%|HC|  |TAMS 0x000000070dc00000, 0x000000070dc00000| Complete 
| 149|0x000000070dd00000, 0x000000070de00000, 0x000000070de00000|100%|HC|  |TAMS 0x000000070dd00000, 0x000000070dd00000| Complete 
| 150|0x000000070de00000, 0x000000070df00000, 0x000000070df00000|100%|HC|  |TAMS 0x000000070de00000, 0x000000070de00000| Complete 
| 151|0x000000070df00000, 0x000000070e000000, 0x000000070e000000|100%|HC|  |TAMS 0x000000070df00000, 0x000000070df00000| Complete 
| 152|0x000000070e000000, 0x000000070e100000, 0x000000070e100000|100%|HS|  |TAMS 0x000000070e000000, 0x000000070e000000| Complete 
| 153|0x000000070e100000, 0x000000070e200000, 0x000000070e200000|100%|HS|  |TAMS 0x000000070e100000, 0x000000070e100000| Complete 
| 154|0x000000070e200000, 0x000000070e200000, 0x000000070e300000|  0%| F|  |TAMS 0x000000070e200000, 0x000000070e200000| Untracked 
| 155|0x000000070e300000, 0x000000070e300000, 0x000000070e400000|  0%| F|  |TAMS 0x000000070e300000, 0x000000070e300000| Untracked 
| 156|0x000000070e400000, 0x000000070e400000, 0x000000070e500000|  0%| F|  |TAMS 0x000000070e400000, 0x000000070e400000| Untracked 
| 157|0x000000070e500000, 0x000000070e500000, 0x000000070e600000|  0%| F|  |TAMS 0x000000070e500000, 0x000000070e500000| Untracked 
| 158|0x000000070e600000, 0x000000070e600000, 0x000000070e700000|  0%| F|  |TAMS 0x000000070e600000, 0x000000070e600000| Untracked 
| 159|0x000000070e700000, 0x000000070e700000, 0x000000070e800000|  0%| F|  |TAMS 0x000000070e700000, 0x000000070e700000| Untracked 
| 160|0x000000070e800000, 0x000000070e800000, 0x000000070e900000|  0%| F|  |TAMS 0x000000070e800000, 0x000000070e800000| Untracked 
| 161|0x000000070e900000, 0x000000070e900000, 0x000000070ea00000|  0%| F|  |TAMS 0x000000070e900000, 0x000000070e900000| Untracked 
| 162|0x000000070ea00000, 0x000000070ea00000, 0x000000070eb00000|  0%| F|  |TAMS 0x000000070ea00000, 0x000000070ea00000| Untracked 
| 163|0x000000070eb00000, 0x000000070eb00000, 0x000000070ec00000|  0%| F|  |TAMS 0x000000070eb00000, 0x000000070eb00000| Untracked 
| 164|0x000000070ec00000, 0x000000070ec00000, 0x000000070ed00000|  0%| F|  |TAMS 0x000000070ec00000, 0x000000070ec00000| Untracked 
| 165|0x000000070ed00000, 0x000000070ed00000, 0x000000070ee00000|  0%| F|  |TAMS 0x000000070ed00000, 0x000000070ed00000| Untracked 
| 166|0x000000070ee00000, 0x000000070ee00000, 0x000000070ef00000|  0%| F|  |TAMS 0x000000070ee00000, 0x000000070ee00000| Untracked 
| 167|0x000000070ef00000, 0x000000070ef00000, 0x000000070f000000|  0%| F|  |TAMS 0x000000070ef00000, 0x000000070ef00000| Untracked 
| 168|0x000000070f000000, 0x000000070f079150, 0x000000070f100000| 47%| S|CS|TAMS 0x000000070f000000, 0x000000070f000000| Complete 
| 169|0x000000070f100000, 0x000000070f200000, 0x000000070f200000|100%| S|CS|TAMS 0x000000070f100000, 0x000000070f100000| Complete 
| 170|0x000000070f200000, 0x000000070f300000, 0x000000070f300000|100%| S|CS|TAMS 0x000000070f200000, 0x000000070f200000| Complete 
| 171|0x000000070f300000, 0x000000070f400000, 0x000000070f400000|100%| S|CS|TAMS 0x000000070f300000, 0x000000070f300000| Complete 
| 172|0x000000070f400000, 0x000000070f500000, 0x000000070f500000|100%| S|CS|TAMS 0x000000070f400000, 0x000000070f400000| Complete 
| 173|0x000000070f500000, 0x000000070f600000, 0x000000070f600000|100%| S|CS|TAMS 0x000000070f500000, 0x000000070f500000| Complete 
| 174|0x000000070f600000, 0x000000070f700000, 0x000000070f700000|100%| S|CS|TAMS 0x000000070f600000, 0x000000070f600000| Complete 
| 175|0x000000070f700000, 0x000000070f800000, 0x000000070f800000|100%| S|CS|TAMS 0x000000070f700000, 0x000000070f700000| Complete 
| 176|0x000000070f800000, 0x000000070f800000, 0x000000070f900000|  0%| F|  |TAMS 0x000000070f800000, 0x000000070f800000| Untracked 
| 177|0x000000070f900000, 0x000000070f900000, 0x000000070fa00000|  0%| F|  |TAMS 0x000000070f900000, 0x000000070f900000| Untracked 
| 178|0x000000070fa00000, 0x000000070fa00000, 0x000000070fb00000|  0%| F|  |TAMS 0x000000070fa00000, 0x000000070fa00000| Untracked 
| 179|0x000000070fb00000, 0x000000070fb00000, 0x000000070fc00000|  0%| F|  |TAMS 0x000000070fb00000, 0x000000070fb00000| Untracked 
| 180|0x000000070fc00000, 0x000000070fc00000, 0x000000070fd00000|  0%| F|  |TAMS 0x000000070fc00000, 0x000000070fc00000| Untracked 
| 181|0x000000070fd00000, 0x000000070fe00000, 0x000000070fe00000|100%| S|CS|TAMS 0x000000070fd00000, 0x000000070fd00000| Complete 
| 182|0x000000070fe00000, 0x000000070ff00000, 0x000000070ff00000|100%| S|CS|TAMS 0x000000070fe00000, 0x000000070fe00000| Complete 
| 183|0x000000070ff00000, 0x0000000710000000, 0x0000000710000000|100%| S|CS|TAMS 0x000000070ff00000, 0x000000070ff00000| Complete 
| 184|0x0000000710000000, 0x0000000710000000, 0x0000000710100000|  0%| F|  |TAMS 0x0000000710000000, 0x0000000710000000| Untracked 
| 185|0x0000000710100000, 0x0000000710100000, 0x0000000710200000|  0%| F|  |TAMS 0x0000000710100000, 0x0000000710100000| Untracked 
| 186|0x0000000710200000, 0x0000000710200000, 0x0000000710300000|  0%| F|  |TAMS 0x0000000710200000, 0x0000000710200000| Untracked 
| 187|0x0000000710300000, 0x0000000710300000, 0x0000000710400000|  0%| F|  |TAMS 0x0000000710300000, 0x0000000710300000| Untracked 
| 188|0x0000000710400000, 0x0000000710400000, 0x0000000710500000|  0%| F|  |TAMS 0x0000000710400000, 0x0000000710400000| Untracked 
| 189|0x0000000710500000, 0x0000000710500000, 0x0000000710600000|  0%| F|  |TAMS 0x0000000710500000, 0x0000000710500000| Untracked 
| 190|0x0000000710600000, 0x0000000710600000, 0x0000000710700000|  0%| F|  |TAMS 0x0000000710600000, 0x0000000710600000| Untracked 
| 191|0x0000000710700000, 0x0000000710700000, 0x0000000710800000|  0%| F|  |TAMS 0x0000000710700000, 0x0000000710700000| Untracked 
| 192|0x0000000710800000, 0x0000000710800000, 0x0000000710900000|  0%| F|  |TAMS 0x0000000710800000, 0x0000000710800000| Untracked 
| 193|0x0000000710900000, 0x0000000710900000, 0x0000000710a00000|  0%| F|  |TAMS 0x0000000710900000, 0x0000000710900000| Untracked 
| 194|0x0000000710a00000, 0x0000000710a00000, 0x0000000710b00000|  0%| F|  |TAMS 0x0000000710a00000, 0x0000000710a00000| Untracked 
| 195|0x0000000710b00000, 0x0000000710b00000, 0x0000000710c00000|  0%| F|  |TAMS 0x0000000710b00000, 0x0000000710b00000| Untracked 
| 196|0x0000000710c00000, 0x0000000710c00000, 0x0000000710d00000|  0%| F|  |TAMS 0x0000000710c00000, 0x0000000710c00000| Untracked 
| 197|0x0000000710d00000, 0x0000000710d00000, 0x0000000710e00000|  0%| F|  |TAMS 0x0000000710d00000, 0x0000000710d00000| Untracked 
| 198|0x0000000710e00000, 0x0000000710e00000, 0x0000000710f00000|  0%| F|  |TAMS 0x0000000710e00000, 0x0000000710e00000| Untracked 
| 199|0x0000000710f00000, 0x0000000710f00000, 0x0000000711000000|  0%| F|  |TAMS 0x0000000710f00000, 0x0000000710f00000| Untracked 
| 200|0x0000000711000000, 0x0000000711000000, 0x0000000711100000|  0%| F|  |TAMS 0x0000000711000000, 0x0000000711000000| Untracked 
| 201|0x0000000711100000, 0x0000000711100000, 0x0000000711200000|  0%| F|  |TAMS 0x0000000711100000, 0x0000000711100000| Untracked 
| 202|0x0000000711200000, 0x0000000711200000, 0x0000000711300000|  0%| F|  |TAMS 0x0000000711200000, 0x0000000711200000| Untracked 
| 203|0x0000000711300000, 0x0000000711300000, 0x0000000711400000|  0%| F|  |TAMS 0x0000000711300000, 0x0000000711300000| Untracked 
| 204|0x0000000711400000, 0x0000000711400000, 0x0000000711500000|  0%| F|  |TAMS 0x0000000711400000, 0x0000000711400000| Untracked 
| 205|0x0000000711500000, 0x0000000711500000, 0x0000000711600000|  0%| F|  |TAMS 0x0000000711500000, 0x0000000711500000| Untracked 
| 206|0x0000000711600000, 0x0000000711600000, 0x0000000711700000|  0%| F|  |TAMS 0x0000000711600000, 0x0000000711600000| Untracked 
| 207|0x0000000711700000, 0x0000000711700000, 0x0000000711800000|  0%| F|  |TAMS 0x0000000711700000, 0x0000000711700000| Untracked 
| 208|0x0000000711800000, 0x0000000711800000, 0x0000000711900000|  0%| F|  |TAMS 0x0000000711800000, 0x0000000711800000| Untracked 
| 209|0x0000000711900000, 0x0000000711900000, 0x0000000711a00000|  0%| F|  |TAMS 0x0000000711900000, 0x0000000711900000| Untracked 
| 210|0x0000000711a00000, 0x0000000711a00000, 0x0000000711b00000|  0%| F|  |TAMS 0x0000000711a00000, 0x0000000711a00000| Untracked 
| 211|0x0000000711b00000, 0x0000000711b00000, 0x0000000711c00000|  0%| F|  |TAMS 0x0000000711b00000, 0x0000000711b00000| Untracked 
| 212|0x0000000711c00000, 0x0000000711c00000, 0x0000000711d00000|  0%| F|  |TAMS 0x0000000711c00000, 0x0000000711c00000| Untracked 
| 213|0x0000000711d00000, 0x0000000711d00000, 0x0000000711e00000|  0%| F|  |TAMS 0x0000000711d00000, 0x0000000711d00000| Untracked 
| 214|0x0000000711e00000, 0x0000000711e00000, 0x0000000711f00000|  0%| F|  |TAMS 0x0000000711e00000, 0x0000000711e00000| Untracked 
| 215|0x0000000711f00000, 0x0000000711f00000, 0x0000000712000000|  0%| F|  |TAMS 0x0000000711f00000, 0x0000000711f00000| Untracked 
| 216|0x0000000712000000, 0x0000000712000000, 0x0000000712100000|  0%| F|  |TAMS 0x0000000712000000, 0x0000000712000000| Untracked 
| 217|0x0000000712100000, 0x0000000712100000, 0x0000000712200000|  0%| F|  |TAMS 0x0000000712100000, 0x0000000712100000| Untracked 
| 218|0x0000000712200000, 0x0000000712200000, 0x0000000712300000|  0%| F|  |TAMS 0x0000000712200000, 0x0000000712200000| Untracked 
| 219|0x0000000712300000, 0x0000000712300000, 0x0000000712400000|  0%| F|  |TAMS 0x0000000712300000, 0x0000000712300000| Untracked 
| 220|0x0000000712400000, 0x0000000712400000, 0x0000000712500000|  0%| F|  |TAMS 0x0000000712400000, 0x0000000712400000| Untracked 
| 221|0x0000000712500000, 0x0000000712500000, 0x0000000712600000|  0%| F|  |TAMS 0x0000000712500000, 0x0000000712500000| Untracked 
| 222|0x0000000712600000, 0x0000000712600000, 0x0000000712700000|  0%| F|  |TAMS 0x0000000712600000, 0x0000000712600000| Untracked 
| 223|0x0000000712700000, 0x0000000712700000, 0x0000000712800000|  0%| F|  |TAMS 0x0000000712700000, 0x0000000712700000| Untracked 
| 224|0x0000000712800000, 0x0000000712800000, 0x0000000712900000|  0%| F|  |TAMS 0x0000000712800000, 0x0000000712800000| Untracked 
| 225|0x0000000712900000, 0x0000000712900000, 0x0000000712a00000|  0%| F|  |TAMS 0x0000000712900000, 0x0000000712900000| Untracked 
| 226|0x0000000712a00000, 0x0000000712a00000, 0x0000000712b00000|  0%| F|  |TAMS 0x0000000712a00000, 0x0000000712a00000| Untracked 
| 227|0x0000000712b00000, 0x0000000712b00000, 0x0000000712c00000|  0%| F|  |TAMS 0x0000000712b00000, 0x0000000712b00000| Untracked 
| 228|0x0000000712c00000, 0x0000000712c00000, 0x0000000712d00000|  0%| F|  |TAMS 0x0000000712c00000, 0x0000000712c00000| Untracked 
| 229|0x0000000712d00000, 0x0000000712d00000, 0x0000000712e00000|  0%| F|  |TAMS 0x0000000712d00000, 0x0000000712d00000| Untracked 
| 230|0x0000000712e00000, 0x0000000712e00000, 0x0000000712f00000|  0%| F|  |TAMS 0x0000000712e00000, 0x0000000712e00000| Untracked 
| 231|0x0000000712f00000, 0x0000000712f00000, 0x0000000713000000|  0%| F|  |TAMS 0x0000000712f00000, 0x0000000712f00000| Untracked 
| 232|0x0000000713000000, 0x0000000713000000, 0x0000000713100000|  0%| F|  |TAMS 0x0000000713000000, 0x0000000713000000| Untracked 
| 233|0x0000000713100000, 0x0000000713100000, 0x0000000713200000|  0%| F|  |TAMS 0x0000000713100000, 0x0000000713100000| Untracked 
| 234|0x0000000713200000, 0x0000000713200000, 0x0000000713300000|  0%| F|  |TAMS 0x0000000713200000, 0x0000000713200000| Untracked 
| 235|0x0000000713300000, 0x0000000713300000, 0x0000000713400000|  0%| F|  |TAMS 0x0000000713300000, 0x0000000713300000| Untracked 
| 236|0x0000000713400000, 0x0000000713400000, 0x0000000713500000|  0%| F|  |TAMS 0x0000000713400000, 0x0000000713400000| Untracked 
| 237|0x0000000713500000, 0x0000000713500000, 0x0000000713600000|  0%| F|  |TAMS 0x0000000713500000, 0x0000000713500000| Untracked 
| 238|0x0000000713600000, 0x0000000713600000, 0x0000000713700000|  0%| F|  |TAMS 0x0000000713600000, 0x0000000713600000| Untracked 
| 239|0x0000000713700000, 0x0000000713700000, 0x0000000713800000|  0%| F|  |TAMS 0x0000000713700000, 0x0000000713700000| Untracked 
| 240|0x0000000713800000, 0x0000000713800000, 0x0000000713900000|  0%| F|  |TAMS 0x0000000713800000, 0x0000000713800000| Untracked 
| 241|0x0000000713900000, 0x0000000713900000, 0x0000000713a00000|  0%| F|  |TAMS 0x0000000713900000, 0x0000000713900000| Untracked 
| 242|0x0000000713a00000, 0x0000000713a00000, 0x0000000713b00000|  0%| F|  |TAMS 0x0000000713a00000, 0x0000000713a00000| Untracked 
| 243|0x0000000713b00000, 0x0000000713b00000, 0x0000000713c00000|  0%| F|  |TAMS 0x0000000713b00000, 0x0000000713b00000| Untracked 
| 244|0x0000000713c00000, 0x0000000713c00000, 0x0000000713d00000|  0%| F|  |TAMS 0x0000000713c00000, 0x0000000713c00000| Untracked 
| 245|0x0000000713d00000, 0x0000000713dd4e30, 0x0000000713e00000| 83%| E|  |TAMS 0x0000000713d00000, 0x0000000713d00000| Complete 
| 246|0x0000000713e00000, 0x0000000713f00000, 0x0000000713f00000|100%| E|CS|TAMS 0x0000000713e00000, 0x0000000713e00000| Complete 
| 247|0x0000000713f00000, 0x0000000714000000, 0x0000000714000000|100%| E|  |TAMS 0x0000000713f00000, 0x0000000713f00000| Complete 
| 248|0x0000000714000000, 0x0000000714100000, 0x0000000714100000|100%| E|CS|TAMS 0x0000000714000000, 0x0000000714000000| Complete 
| 249|0x0000000714100000, 0x0000000714200000, 0x0000000714200000|100%| E|CS|TAMS 0x0000000714100000, 0x0000000714100000| Complete 
| 250|0x0000000714200000, 0x0000000714300000, 0x0000000714300000|100%| E|CS|TAMS 0x0000000714200000, 0x0000000714200000| Complete 
| 251|0x0000000714300000, 0x0000000714400000, 0x0000000714400000|100%| E|CS|TAMS 0x0000000714300000, 0x0000000714300000| Complete 
| 252|0x0000000714400000, 0x0000000714500000, 0x0000000714500000|100%| E|CS|TAMS 0x0000000714400000, 0x0000000714400000| Complete 
| 253|0x0000000714500000, 0x0000000714600000, 0x0000000714600000|100%| E|CS|TAMS 0x0000000714500000, 0x0000000714500000| Complete 
| 254|0x0000000714600000, 0x0000000714700000, 0x0000000714700000|100%| E|CS|TAMS 0x0000000714600000, 0x0000000714600000| Complete 
| 255|0x0000000714700000, 0x0000000714800000, 0x0000000714800000|100%| E|CS|TAMS 0x0000000714700000, 0x0000000714700000| Complete 
| 256|0x0000000714800000, 0x0000000714900000, 0x0000000714900000|100%| E|CS|TAMS 0x0000000714800000, 0x0000000714800000| Complete 
| 257|0x0000000714900000, 0x0000000714a00000, 0x0000000714a00000|100%| E|CS|TAMS 0x0000000714900000, 0x0000000714900000| Complete 
| 258|0x0000000714a00000, 0x0000000714b00000, 0x0000000714b00000|100%| E|CS|TAMS 0x0000000714a00000, 0x0000000714a00000| Complete 
| 259|0x0000000714b00000, 0x0000000714c00000, 0x0000000714c00000|100%| E|CS|TAMS 0x0000000714b00000, 0x0000000714b00000| Complete 
| 260|0x0000000714c00000, 0x0000000714d00000, 0x0000000714d00000|100%| E|CS|TAMS 0x0000000714c00000, 0x0000000714c00000| Complete 
| 261|0x0000000714d00000, 0x0000000714e00000, 0x0000000714e00000|100%| E|CS|TAMS 0x0000000714d00000, 0x0000000714d00000| Complete 
| 262|0x0000000714e00000, 0x0000000714f00000, 0x0000000714f00000|100%| E|CS|TAMS 0x0000000714e00000, 0x0000000714e00000| Complete 
| 263|0x0000000714f00000, 0x0000000715000000, 0x0000000715000000|100%| E|CS|TAMS 0x0000000714f00000, 0x0000000714f00000| Complete 
| 264|0x0000000715000000, 0x0000000715100000, 0x0000000715100000|100%| E|CS|TAMS 0x0000000715000000, 0x0000000715000000| Complete 
| 265|0x0000000715100000, 0x0000000715200000, 0x0000000715200000|100%| E|CS|TAMS 0x0000000715100000, 0x0000000715100000| Complete 
| 266|0x0000000715200000, 0x0000000715300000, 0x0000000715300000|100%| E|CS|TAMS 0x0000000715200000, 0x0000000715200000| Complete 
| 267|0x0000000715300000, 0x0000000715400000, 0x0000000715400000|100%| E|CS|TAMS 0x0000000715300000, 0x0000000715300000| Complete 
| 268|0x0000000715400000, 0x0000000715500000, 0x0000000715500000|100%| E|CS|TAMS 0x0000000715400000, 0x0000000715400000| Complete 
| 269|0x0000000715500000, 0x0000000715600000, 0x0000000715600000|100%| E|CS|TAMS 0x0000000715500000, 0x0000000715500000| Complete 
| 270|0x0000000715600000, 0x0000000715700000, 0x0000000715700000|100%| E|CS|TAMS 0x0000000715600000, 0x0000000715600000| Complete 
| 271|0x0000000715700000, 0x0000000715800000, 0x0000000715800000|100%| E|CS|TAMS 0x0000000715700000, 0x0000000715700000| Complete 
| 272|0x0000000715800000, 0x0000000715900000, 0x0000000715900000|100%| E|CS|TAMS 0x0000000715800000, 0x0000000715800000| Complete 
| 273|0x0000000715900000, 0x0000000715a00000, 0x0000000715a00000|100%| E|CS|TAMS 0x0000000715900000, 0x0000000715900000| Complete 
| 274|0x0000000715a00000, 0x0000000715b00000, 0x0000000715b00000|100%| E|CS|TAMS 0x0000000715a00000, 0x0000000715a00000| Complete 
| 275|0x0000000715b00000, 0x0000000715c00000, 0x0000000715c00000|100%| E|CS|TAMS 0x0000000715b00000, 0x0000000715b00000| Complete 
| 276|0x0000000715c00000, 0x0000000715d00000, 0x0000000715d00000|100%| E|CS|TAMS 0x0000000715c00000, 0x0000000715c00000| Complete 
| 277|0x0000000715d00000, 0x0000000715e00000, 0x0000000715e00000|100%| E|CS|TAMS 0x0000000715d00000, 0x0000000715d00000| Complete 
| 278|0x0000000715e00000, 0x0000000715f00000, 0x0000000715f00000|100%| E|CS|TAMS 0x0000000715e00000, 0x0000000715e00000| Complete 
| 279|0x0000000715f00000, 0x0000000716000000, 0x0000000716000000|100%| E|CS|TAMS 0x0000000715f00000, 0x0000000715f00000| Complete 
| 280|0x0000000716000000, 0x0000000716100000, 0x0000000716100000|100%| E|CS|TAMS 0x0000000716000000, 0x0000000716000000| Complete 
| 281|0x0000000716100000, 0x0000000716200000, 0x0000000716200000|100%| E|CS|TAMS 0x0000000716100000, 0x0000000716100000| Complete 
| 282|0x0000000716200000, 0x0000000716300000, 0x0000000716300000|100%| E|CS|TAMS 0x0000000716200000, 0x0000000716200000| Complete 
| 283|0x0000000716300000, 0x0000000716400000, 0x0000000716400000|100%| E|CS|TAMS 0x0000000716300000, 0x0000000716300000| Complete 
| 284|0x0000000716400000, 0x0000000716500000, 0x0000000716500000|100%| E|CS|TAMS 0x0000000716400000, 0x0000000716400000| Complete 
| 285|0x0000000716500000, 0x0000000716600000, 0x0000000716600000|100%| E|CS|TAMS 0x0000000716500000, 0x0000000716500000| Complete 
| 286|0x0000000716600000, 0x0000000716700000, 0x0000000716700000|100%| E|CS|TAMS 0x0000000716600000, 0x0000000716600000| Complete 
| 287|0x0000000716700000, 0x0000000716800000, 0x0000000716800000|100%| E|CS|TAMS 0x0000000716700000, 0x0000000716700000| Complete 
| 288|0x0000000716800000, 0x0000000716900000, 0x0000000716900000|100%| E|CS|TAMS 0x0000000716800000, 0x0000000716800000| Complete 
| 289|0x0000000716900000, 0x0000000716a00000, 0x0000000716a00000|100%| E|CS|TAMS 0x0000000716900000, 0x0000000716900000| Complete 
| 290|0x0000000716a00000, 0x0000000716b00000, 0x0000000716b00000|100%| E|CS|TAMS 0x0000000716a00000, 0x0000000716a00000| Complete 
| 291|0x0000000716b00000, 0x0000000716c00000, 0x0000000716c00000|100%| E|CS|TAMS 0x0000000716b00000, 0x0000000716b00000| Complete 
| 292|0x0000000716c00000, 0x0000000716d00000, 0x0000000716d00000|100%| E|CS|TAMS 0x0000000716c00000, 0x0000000716c00000| Complete 
| 293|0x0000000716d00000, 0x0000000716e00000, 0x0000000716e00000|100%| E|CS|TAMS 0x0000000716d00000, 0x0000000716d00000| Complete 
| 294|0x0000000716e00000, 0x0000000716f00000, 0x0000000716f00000|100%| E|CS|TAMS 0x0000000716e00000, 0x0000000716e00000| Complete 
| 295|0x0000000716f00000, 0x0000000717000000, 0x0000000717000000|100%| E|CS|TAMS 0x0000000716f00000, 0x0000000716f00000| Complete 
| 296|0x0000000717000000, 0x0000000717100000, 0x0000000717100000|100%| E|CS|TAMS 0x0000000717000000, 0x0000000717000000| Complete 
| 297|0x0000000717100000, 0x0000000717200000, 0x0000000717200000|100%| E|CS|TAMS 0x0000000717100000, 0x0000000717100000| Complete 
| 298|0x0000000717200000, 0x0000000717300000, 0x0000000717300000|100%| E|CS|TAMS 0x0000000717200000, 0x0000000717200000| Complete 
| 299|0x0000000717300000, 0x0000000717400000, 0x0000000717400000|100%| E|CS|TAMS 0x0000000717300000, 0x0000000717300000| Complete 
| 300|0x0000000717400000, 0x0000000717500000, 0x0000000717500000|100%| E|CS|TAMS 0x0000000717400000, 0x0000000717400000| Complete 
| 301|0x0000000717500000, 0x0000000717600000, 0x0000000717600000|100%| E|CS|TAMS 0x0000000717500000, 0x0000000717500000| Complete 
| 302|0x0000000717600000, 0x0000000717700000, 0x0000000717700000|100%| E|CS|TAMS 0x0000000717600000, 0x0000000717600000| Complete 
| 303|0x0000000717700000, 0x0000000717800000, 0x0000000717800000|100%| E|CS|TAMS 0x0000000717700000, 0x0000000717700000| Complete 
| 304|0x0000000717800000, 0x0000000717900000, 0x0000000717900000|100%| E|CS|TAMS 0x0000000717800000, 0x0000000717800000| Complete 
| 305|0x0000000717900000, 0x0000000717a00000, 0x0000000717a00000|100%| E|CS|TAMS 0x0000000717900000, 0x0000000717900000| Complete 
| 306|0x0000000717a00000, 0x0000000717b00000, 0x0000000717b00000|100%| E|CS|TAMS 0x0000000717a00000, 0x0000000717a00000| Complete 
| 307|0x0000000717b00000, 0x0000000717c00000, 0x0000000717c00000|100%| E|CS|TAMS 0x0000000717b00000, 0x0000000717b00000| Complete 
| 308|0x0000000717c00000, 0x0000000717d00000, 0x0000000717d00000|100%| E|CS|TAMS 0x0000000717c00000, 0x0000000717c00000| Complete 
| 309|0x0000000717d00000, 0x0000000717e00000, 0x0000000717e00000|100%| E|CS|TAMS 0x0000000717d00000, 0x0000000717d00000| Complete 
| 310|0x0000000717e00000, 0x0000000717f00000, 0x0000000717f00000|100%| E|CS|TAMS 0x0000000717e00000, 0x0000000717e00000| Complete 
| 311|0x0000000717f00000, 0x0000000718000000, 0x0000000718000000|100%| E|CS|TAMS 0x0000000717f00000, 0x0000000717f00000| Complete 
| 312|0x0000000718000000, 0x0000000718100000, 0x0000000718100000|100%| E|CS|TAMS 0x0000000718000000, 0x0000000718000000| Complete 
| 313|0x0000000718100000, 0x0000000718200000, 0x0000000718200000|100%| E|CS|TAMS 0x0000000718100000, 0x0000000718100000| Complete 
| 314|0x0000000718200000, 0x0000000718300000, 0x0000000718300000|100%| E|CS|TAMS 0x0000000718200000, 0x0000000718200000| Complete 
| 315|0x0000000718300000, 0x0000000718400000, 0x0000000718400000|100%| E|CS|TAMS 0x0000000718300000, 0x0000000718300000| Complete 
| 316|0x0000000718400000, 0x0000000718500000, 0x0000000718500000|100%| E|CS|TAMS 0x0000000718400000, 0x0000000718400000| Complete 
| 317|0x0000000718500000, 0x0000000718600000, 0x0000000718600000|100%| E|CS|TAMS 0x0000000718500000, 0x0000000718500000| Complete 
| 318|0x0000000718600000, 0x0000000718700000, 0x0000000718700000|100%| E|CS|TAMS 0x0000000718600000, 0x0000000718600000| Complete 
| 319|0x0000000718700000, 0x0000000718800000, 0x0000000718800000|100%| E|CS|TAMS 0x0000000718700000, 0x0000000718700000| Complete 
| 320|0x0000000718800000, 0x0000000718900000, 0x0000000718900000|100%| E|CS|TAMS 0x0000000718800000, 0x0000000718800000| Complete 
| 321|0x0000000718900000, 0x0000000718a00000, 0x0000000718a00000|100%| E|CS|TAMS 0x0000000718900000, 0x0000000718900000| Complete 
| 322|0x0000000718a00000, 0x0000000718b00000, 0x0000000718b00000|100%| E|CS|TAMS 0x0000000718a00000, 0x0000000718a00000| Complete 
| 323|0x0000000718b00000, 0x0000000718c00000, 0x0000000718c00000|100%| E|CS|TAMS 0x0000000718b00000, 0x0000000718b00000| Complete 
| 324|0x0000000718c00000, 0x0000000718d00000, 0x0000000718d00000|100%| E|CS|TAMS 0x0000000718c00000, 0x0000000718c00000| Complete 
| 325|0x0000000718d00000, 0x0000000718e00000, 0x0000000718e00000|100%| E|CS|TAMS 0x0000000718d00000, 0x0000000718d00000| Complete 
| 326|0x0000000718e00000, 0x0000000718f00000, 0x0000000718f00000|100%| E|CS|TAMS 0x0000000718e00000, 0x0000000718e00000| Complete 
| 327|0x0000000718f00000, 0x0000000719000000, 0x0000000719000000|100%| E|CS|TAMS 0x0000000718f00000, 0x0000000718f00000| Complete 
| 328|0x0000000719000000, 0x0000000719100000, 0x0000000719100000|100%| E|CS|TAMS 0x0000000719000000, 0x0000000719000000| Complete 
| 329|0x0000000719100000, 0x0000000719200000, 0x0000000719200000|100%| E|CS|TAMS 0x0000000719100000, 0x0000000719100000| Complete 
| 330|0x0000000719200000, 0x0000000719300000, 0x0000000719300000|100%| E|CS|TAMS 0x0000000719200000, 0x0000000719200000| Complete 
| 331|0x0000000719300000, 0x0000000719400000, 0x0000000719400000|100%| E|CS|TAMS 0x0000000719300000, 0x0000000719300000| Complete 
| 332|0x0000000719400000, 0x0000000719500000, 0x0000000719500000|100%| E|CS|TAMS 0x0000000719400000, 0x0000000719400000| Complete 
| 333|0x0000000719500000, 0x0000000719600000, 0x0000000719600000|100%| E|CS|TAMS 0x0000000719500000, 0x0000000719500000| Complete 
| 334|0x0000000719600000, 0x0000000719700000, 0x0000000719700000|100%| E|CS|TAMS 0x0000000719600000, 0x0000000719600000| Complete 
| 335|0x0000000719700000, 0x0000000719800000, 0x0000000719800000|100%| E|CS|TAMS 0x0000000719700000, 0x0000000719700000| Complete 
| 336|0x0000000719800000, 0x0000000719900000, 0x0000000719900000|100%| E|CS|TAMS 0x0000000719800000, 0x0000000719800000| Complete 
| 337|0x0000000719900000, 0x0000000719a00000, 0x0000000719a00000|100%| E|CS|TAMS 0x0000000719900000, 0x0000000719900000| Complete 
| 338|0x0000000719a00000, 0x0000000719b00000, 0x0000000719b00000|100%| E|CS|TAMS 0x0000000719a00000, 0x0000000719a00000| Complete 
| 339|0x0000000719b00000, 0x0000000719c00000, 0x0000000719c00000|100%| E|CS|TAMS 0x0000000719b00000, 0x0000000719b00000| Complete 
| 340|0x0000000719c00000, 0x0000000719d00000, 0x0000000719d00000|100%| E|CS|TAMS 0x0000000719c00000, 0x0000000719c00000| Complete 
| 341|0x0000000719d00000, 0x0000000719e00000, 0x0000000719e00000|100%| E|CS|TAMS 0x0000000719d00000, 0x0000000719d00000| Complete 
| 342|0x0000000719e00000, 0x0000000719f00000, 0x0000000719f00000|100%| E|CS|TAMS 0x0000000719e00000, 0x0000000719e00000| Complete 
| 343|0x0000000719f00000, 0x000000071a000000, 0x000000071a000000|100%| E|CS|TAMS 0x0000000719f00000, 0x0000000719f00000| Complete 
| 344|0x000000071a000000, 0x000000071a100000, 0x000000071a100000|100%| E|CS|TAMS 0x000000071a000000, 0x000000071a000000| Complete 
| 345|0x000000071a100000, 0x000000071a200000, 0x000000071a200000|100%| E|CS|TAMS 0x000000071a100000, 0x000000071a100000| Complete 
| 346|0x000000071a200000, 0x000000071a300000, 0x000000071a300000|100%| E|CS|TAMS 0x000000071a200000, 0x000000071a200000| Complete 
| 347|0x000000071a300000, 0x000000071a400000, 0x000000071a400000|100%| E|CS|TAMS 0x000000071a300000, 0x000000071a300000| Complete 
| 348|0x000000071a400000, 0x000000071a500000, 0x000000071a500000|100%| E|CS|TAMS 0x000000071a400000, 0x000000071a400000| Complete 
| 349|0x000000071a500000, 0x000000071a600000, 0x000000071a600000|100%| E|CS|TAMS 0x000000071a500000, 0x000000071a500000| Complete 
| 350|0x000000071a600000, 0x000000071a700000, 0x000000071a700000|100%| E|CS|TAMS 0x000000071a600000, 0x000000071a600000| Complete 
| 351|0x000000071a700000, 0x000000071a800000, 0x000000071a800000|100%| E|CS|TAMS 0x000000071a700000, 0x000000071a700000| Complete 
| 352|0x000000071a800000, 0x000000071a900000, 0x000000071a900000|100%| E|CS|TAMS 0x000000071a800000, 0x000000071a800000| Complete 
| 353|0x000000071a900000, 0x000000071aa00000, 0x000000071aa00000|100%| E|CS|TAMS 0x000000071a900000, 0x000000071a900000| Complete 
| 354|0x000000071aa00000, 0x000000071ab00000, 0x000000071ab00000|100%| E|CS|TAMS 0x000000071aa00000, 0x000000071aa00000| Complete 
| 355|0x000000071ab00000, 0x000000071ac00000, 0x000000071ac00000|100%| E|CS|TAMS 0x000000071ab00000, 0x000000071ab00000| Complete 
| 356|0x000000071ac00000, 0x000000071ad00000, 0x000000071ad00000|100%| E|CS|TAMS 0x000000071ac00000, 0x000000071ac00000| Complete 
| 357|0x000000071ad00000, 0x000000071ae00000, 0x000000071ae00000|100%| E|CS|TAMS 0x000000071ad00000, 0x000000071ad00000| Complete 
| 358|0x000000071ae00000, 0x000000071af00000, 0x000000071af00000|100%| E|CS|TAMS 0x000000071ae00000, 0x000000071ae00000| Complete 
| 359|0x000000071af00000, 0x000000071b000000, 0x000000071b000000|100%| E|CS|TAMS 0x000000071af00000, 0x000000071af00000| Complete 
| 360|0x000000071b000000, 0x000000071b100000, 0x000000071b100000|100%| E|CS|TAMS 0x000000071b000000, 0x000000071b000000| Complete 
| 361|0x000000071b100000, 0x000000071b200000, 0x000000071b200000|100%| E|CS|TAMS 0x000000071b100000, 0x000000071b100000| Complete 
| 362|0x000000071b200000, 0x000000071b300000, 0x000000071b300000|100%| E|CS|TAMS 0x000000071b200000, 0x000000071b200000| Complete 
| 363|0x000000071b300000, 0x000000071b400000, 0x000000071b400000|100%| E|CS|TAMS 0x000000071b300000, 0x000000071b300000| Complete 

Card table byte_map: [0x0000010d78ce0000,0x0000010d794c0000] _byte_map_base: 0x0000010d754bc000

Marking Bits (Prev, Next): (CMBitMap*) 0x0000010d6fabb8d8, (CMBitMap*) 0x0000010d6fabb910
 Prev Bits: [0x0000010d79ca0000, 0x0000010d7db80000)
 Next Bits: [0x0000010d0f000000, 0x0000010d12ee0000)

Polling page: 0x0000010d6f210000

Metaspace:

Usage:
  Non-class:     79.07 MB capacity,    77.37 MB ( 98%) used,     1.34 MB (  2%) free+waste,   362.38 KB ( <1%) overhead. 
      Class:     10.27 MB capacity,     9.05 MB ( 88%) used,     1.05 MB ( 10%) free+waste,   165.81 KB (  2%) overhead. 
       Both:     89.34 MB capacity,    86.43 MB ( 97%) used,     2.39 MB (  3%) free+waste,   528.19 KB ( <1%) overhead. 

Virtual space:
  Non-class space:       80.00 MB reserved,      79.12 MB ( 99%) committed 
      Class space:        1.00 GB reserved,      10.29 MB (  1%) committed 
             Both:        1.08 GB reserved,      89.41 MB (  8%) committed 

Chunk freelists:
   Non-Class:  52.00 KB
       Class:  0 bytes
        Both:  52.00 KB

MaxMetaspaceSize: 17179869184.00 GB
CompressedClassSpaceSize: 1.00 GB
Initial GC threshold: 20.80 MB
Current GC threshold: 105.06 MB
CDS: off

CodeHeap 'non-profiled nmethods': size=120000Kb used=8628Kb max_used=8628Kb free=111371Kb
 bounds [0x0000010d07ad0000, 0x0000010d08340000, 0x0000010d0f000000]
CodeHeap 'profiled nmethods': size=120000Kb used=33355Kb max_used=33355Kb free=86644Kb
 bounds [0x0000010d005a0000, 0x0000010d02640000, 0x0000010d07ad0000]
CodeHeap 'non-nmethods': size=5760Kb used=1764Kb max_used=1890Kb free=3995Kb
 bounds [0x0000010d00000000, 0x0000010d00270000, 0x0000010d005a0000]
 total_blobs=11629 nmethods=10559 adapters=989
 compilation: enabled
              stopped_count=0, restarted_count=0
 full_count=0

Compilation events (20 events):
Event: 23.510 Thread 0x0000010d13f45000 nmethod 10907 0x0000010d02610290 code [0x0000010d02610440, 0x0000010d026105d8]
Event: 23.510 Thread 0x0000010d13f45000 10906       2       org.bouncycastle.math.raw.Nat::gte (56 bytes)
Event: 23.510 Thread 0x0000010d13f45000 nmethod 10906 0x0000010d02610710 code [0x0000010d026108e0, 0x0000010d02610b78]
Event: 23.510 Thread 0x0000010d13f45000 10909       2       client::oa (204 bytes)
Event: 23.512 Thread 0x0000010d13f45000 nmethod 10909 0x0000010d02610d90 code [0x0000010d02610f60, 0x0000010d02611388]
Event: 23.512 Thread 0x0000010d13f45000 10910   !   2       jt::nj (6679 bytes)
Event: 23.526 Thread 0x0000010d13f44000 nmethod 10536% 0x0000010d08323e90 code [0x0000010d08324500, 0x0000010d0832fc60]
Event: 23.526 Thread 0x0000010d13f44000 10796   !   4       ig::aj (1431 bytes)
Event: 23.556 Thread 0x0000010d13f45000 nmethod 10910 0x0000010d02611910 code [0x0000010d02612b00, 0x0000010d0261f888]
Event: 23.556 Thread 0x0000010d13f45000 10936       2       lk::at (1085 bytes)
Event: 23.559 Thread 0x0000010d13f45000 nmethod 10936 0x0000010d02628a90 code [0x0000010d02628dc0, 0x0000010d0262a478]
Event: 23.559 Thread 0x0000010d13f45000 10920 % !   3       qt::ar @ 446 (771 bytes)
Event: 23.560 Thread 0x0000010d13f44000 nmethod 10796 0x0000010d08336490 code [0x0000010d08336820, 0x0000010d08337b68]
Event: 23.560 Thread 0x0000010d13f44000 10904       4       sun.java2d.marlin.DRenderer::_endRendering (2480 bytes)
Event: 23.563 Thread 0x0000010d13f45000 nmethod 10920% 0x0000010d0262b610 code [0x0000010d0262bc00, 0x0000010d02630378]
Event: 23.563 Thread 0x0000010d13f45000 10931       2       pv::aj (279 bytes)
Event: 23.563 Thread 0x0000010d13f45000 nmethod 10931 0x0000010d02631e10 code [0x0000010d02632000, 0x0000010d02632608]
Event: 23.563 Thread 0x0000010d13f45000 10927       2       com.google.common.collect.AbstractMapBasedMultimap$WrappedCollection$WrappedIterator::hasNext (14 bytes)
Event: 23.564 Thread 0x0000010d13f45000 nmethod 10927 0x0000010d02632990 code [0x0000010d02632b80, 0x0000010d02632dc8]
Event: 23.564 Thread 0x0000010d13f45000 10915 %     3       org.bouncycastle.math.raw.Nat256::mul @ 292 (637 bytes)

GC Heap History (20 events):
Event: 7.070 GC heap before
{Heap before GC invocations=8 (full 0):
 garbage-first heap   total 258048K, used 77094K [0x0000000704800000, 0x0000000800000000)
  region size 1024K, 34 young (34816K), 17 survivors (17408K)
 Metaspace       used 58792K, capacity 59777K, committed 59940K, reserved 1103872K
  class space    used 6106K, capacity 6529K, committed 6568K, reserved 1048576K
}
Event: 7.088 GC heap after
{Heap after GC invocations=9 (full 0):
 garbage-first heap   total 310272K, used 65095K [0x0000000704800000, 0x0000000800000000)
  region size 1024K, 4 young (4096K), 4 survivors (4096K)
 Metaspace       used 58792K, capacity 59777K, committed 59940K, reserved 1103872K
  class space    used 6106K, capacity 6529K, committed 6568K, reserved 1048576K
}
Event: 7.923 GC heap before
{Heap before GC invocations=10 (full 0):
 garbage-first heap   total 310272K, used 237127K [0x0000000704800000, 0x0000000800000000)
  region size 1024K, 167 young (171008K), 4 survivors (4096K)
 Metaspace       used 63256K, capacity 64369K, committed 64548K, reserved 1107968K
  class space    used 6593K, capacity 7070K, committed 7080K, reserved 1048576K
}
Event: 7.934 GC heap after
{Heap after GC invocations=11 (full 0):
 garbage-first heap   total 310272K, used 80471K [0x0000000704800000, 0x0000000800000000)
  region size 1024K, 19 young (19456K), 19 survivors (19456K)
 Metaspace       used 63256K, capacity 64369K, committed 64548K, reserved 1107968K
  class space    used 6593K, capacity 7070K, committed 7080K, reserved 1048576K
}
Event: 9.976 GC heap before
{Heap before GC invocations=12 (full 0):
 garbage-first heap   total 310272K, used 234071K [0x0000000704800000, 0x0000000800000000)
  region size 1024K, 164 young (167936K), 19 survivors (19456K)
 Metaspace       used 78435K, capacity 80353K, committed 80548K, reserved 1120256K
  class space    used 8131K, capacity 8919K, committed 9000K, reserved 1048576K
}
Event: 9.998 GC heap after
{Heap after GC invocations=13 (full 0):
 garbage-first heap   total 310272K, used 102375K [0x0000000704800000, 0x0000000800000000)
  region size 1024K, 21 young (21504K), 21 survivors (21504K)
 Metaspace       used 78435K, capacity 80353K, committed 80548K, reserved 1120256K
  class space    used 8131K, capacity 8919K, committed 9000K, reserved 1048576K
}
Event: 12.203 GC heap before
{Heap before GC invocations=13 (full 0):
 garbage-first heap   total 310272K, used 235495K [0x0000000704800000, 0x0000000800000000)
  region size 1024K, 148 young (151552K), 21 survivors (21504K)
 Metaspace       used 81264K, capacity 83589K, committed 83876K, reserved 1124352K
  class space    used 8475K, capacity 9441K, committed 9512K, reserved 1048576K
}
Event: 12.222 GC heap after
{Heap after GC invocations=14 (full 0):
 garbage-first heap   total 310272K, used 116699K [0x0000000704800000, 0x0000000800000000)
  region size 1024K, 15 young (15360K), 15 survivors (15360K)
 Metaspace       used 81264K, capacity 83589K, committed 83876K, reserved 1124352K
  class space    used 8475K, capacity 9441K, committed 9512K, reserved 1048576K
}
Event: 13.190 GC heap before
{Heap before GC invocations=14 (full 0):
 garbage-first heap   total 310272K, used 235483K [0x0000000704800000, 0x0000000800000000)
  region size 1024K, 130 young (133120K), 15 survivors (15360K)
 Metaspace       used 83088K, capacity 85787K, committed 85924K, reserved 1126400K
  class space    used 8823K, capacity 9917K, committed 10024K, reserved 1048576K
}
Event: 13.209 GC heap after
{Heap after GC invocations=15 (full 0):
 garbage-first heap   total 372736K, used 125024K [0x0000000704800000, 0x0000000800000000)
  region size 1024K, 9 young (9216K), 9 survivors (9216K)
 Metaspace       used 83088K, capacity 85787K, committed 85924K, reserved 1126400K
  class space    used 8823K, capacity 9917K, committed 10024K, reserved 1048576K
}
Event: 17.882 GC heap before
{Heap before GC invocations=15 (full 0):
 garbage-first heap   total 372736K, used 288864K [0x0000000704800000, 0x0000000800000000)
  region size 1024K, 163 young (166912K), 9 survivors (9216K)
 Metaspace       used 84351K, capacity 87192K, committed 87332K, reserved 1126400K
  class space    used 8956K, capacity 10089K, committed 10152K, reserved 1048576K
}
Event: 17.889 GC heap after
{Heap after GC invocations=16 (full 0):
 garbage-first heap   total 372736K, used 132737K [0x0000000704800000, 0x0000000800000000)
  region size 1024K, 11 young (11264K), 11 survivors (11264K)
 Metaspace       used 84351K, capacity 87192K, committed 87332K, reserved 1126400K
  class space    used 8956K, capacity 10089K, committed 10152K, reserved 1048576K
}
Event: 17.928 GC heap before
{Heap before GC invocations=16 (full 0):
 garbage-first heap   total 372736K, used 290433K [0x0000000704800000, 0x0000000800000000)
  region size 1024K, 165 young (168960K), 11 survivors (11264K)
 Metaspace       used 84351K, capacity 87192K, committed 87332K, reserved 1126400K
  class space    used 8956K, capacity 10089K, committed 10152K, reserved 1048576K
}
Event: 17.933 GC heap after
{Heap after GC invocations=17 (full 0):
 garbage-first heap   total 372736K, used 133229K [0x0000000704800000, 0x0000000800000000)
  region size 1024K, 11 young (11264K), 11 survivors (11264K)
 Metaspace       used 84351K, capacity 87192K, committed 87332K, reserved 1126400K
  class space    used 8956K, capacity 10089K, committed 10152K, reserved 1048576K
}
Event: 17.966 GC heap before
{Heap before GC invocations=17 (full 0):
 garbage-first heap   total 372736K, used 298093K [0x0000000704800000, 0x0000000800000000)
  region size 1024K, 172 young (176128K), 11 survivors (11264K)
 Metaspace       used 84351K, capacity 87192K, committed 87332K, reserved 1126400K
  class space    used 8956K, capacity 10089K, committed 10152K, reserved 1048576K
}
Event: 17.971 GC heap after
{Heap after GC invocations=18 (full 0):
 garbage-first heap   total 372736K, used 132756K [0x0000000704800000, 0x0000000800000000)
  region size 1024K, 11 young (11264K), 11 survivors (11264K)
 Metaspace       used 84351K, capacity 87192K, committed 87332K, reserved 1126400K
  class space    used 8956K, capacity 10089K, committed 10152K, reserved 1048576K
}
Event: 18.001 GC heap before
{Heap before GC invocations=18 (full 0):
 garbage-first heap   total 372736K, used 302740K [0x0000000704800000, 0x0000000800000000)
  region size 1024K, 177 young (181248K), 11 survivors (11264K)
 Metaspace       used 84355K, capacity 87192K, committed 87332K, reserved 1126400K
  class space    used 8956K, capacity 10089K, committed 10152K, reserved 1048576K
}
Event: 18.006 GC heap after
{Heap after GC invocations=19 (full 0):
 garbage-first heap   total 372736K, used 132994K [0x0000000704800000, 0x0000000800000000)
  region size 1024K, 11 young (11264K), 11 survivors (11264K)
 Metaspace       used 84355K, capacity 87192K, committed 87332K, reserved 1126400K
  class space    used 8956K, capacity 10089K, committed 10152K, reserved 1048576K
}
Event: 18.036 GC heap before
{Heap before GC invocations=19 (full 0):
 garbage-first heap   total 372736K, used 311170K [0x0000000704800000, 0x0000000800000000)
  region size 1024K, 185 young (189440K), 11 survivors (11264K)
 Metaspace       used 84355K, capacity 87192K, committed 87332K, reserved 1126400K
  class space    used 8956K, capacity 10089K, committed 10152K, reserved 1048576K
}
Event: 18.040 GC heap after
{Heap after GC invocations=20 (full 0):
 garbage-first heap   total 372736K, used 132998K [0x0000000704800000, 0x0000000800000000)
  region size 1024K, 11 young (11264K), 11 survivors (11264K)
 Metaspace       used 84355K, capacity 87192K, committed 87332K, reserved 1126400K
  class space    used 8956K, capacity 10089K, committed 10152K, reserved 1048576K
}

Deoptimization events (20 events):
Event: 23.542 Thread 0x0000010d15f35000 Uncommon trap: trap_request=0xffffff4d fr.pc=0x0000010d0810bce0 relative=0x0000000000000720
Event: 23.542 Thread 0x0000010d15f35000 Uncommon trap: reason=unstable_if action=reinterpret pc=0x0000010d0810bce0 method=pw.bx([BIIIII)V @ 82 c2
Event: 23.542 Thread 0x0000010d15f35000 DEOPT PACKING pc=0x0000010d0810bce0 sp=0x0000000c4b9fe7d0
Event: 23.542 Thread 0x0000010d15f35000 DEOPT UNPACKING pc=0x0000010d000085af sp=0x0000000c4b9fe760 mode 2
Event: 23.542 Thread 0x0000010d15f35000 Uncommon trap: trap_request=0xffffff4d fr.pc=0x0000010d0810abec relative=0x00000000000007ac
Event: 23.542 Thread 0x0000010d15f35000 Uncommon trap: reason=unstable_if action=reinterpret pc=0x0000010d0810abec method=pv.aj([BIIIII)V @ 148 c2
Event: 23.542 Thread 0x0000010d15f35000 DEOPT PACKING pc=0x0000010d0810abec sp=0x0000000c4b9fe7d0
Event: 23.542 Thread 0x0000010d15f35000 DEOPT UNPACKING pc=0x0000010d000085af sp=0x0000000c4b9fe758 mode 2
Event: 23.548 Thread 0x0000010d15f35000 Uncommon trap: trap_request=0xffffffbe fr.pc=0x0000010d082bc8b8 relative=0x000000000000abd8
Event: 23.548 Thread 0x0000010d15f35000 Uncommon trap: reason=profile_predicate action=maybe_recompile pc=0x0000010d082bc8b8 method=km.bj(IIIII)Lko; @ 692 c2
Event: 23.548 Thread 0x0000010d15f35000 DEOPT PACKING pc=0x0000010d082bc8b8 sp=0x0000000c4b9fe4e0
Event: 23.548 Thread 0x0000010d15f35000 DEOPT UNPACKING pc=0x0000010d000085af sp=0x0000000c4b9fe490 mode 2
Event: 23.549 Thread 0x0000010d15f35000 Uncommon trap: trap_request=0xffffff4d fr.pc=0x0000010d08032fb8 relative=0x0000000000000678
Event: 23.549 Thread 0x0000010d15f35000 Uncommon trap: reason=unstable_if action=reinterpret pc=0x0000010d08032fb8 method=lk.at([IIIIIIII)V @ 92 c2
Event: 23.549 Thread 0x0000010d15f35000 DEOPT PACKING pc=0x0000010d08032fb8 sp=0x0000000c4b9fe120
Event: 23.549 Thread 0x0000010d15f35000 DEOPT UNPACKING pc=0x0000010d000085af sp=0x0000000c4b9fe078 mode 2
Event: 23.558 Thread 0x0000010d15f35000 Uncommon trap: trap_request=0xffffffbe fr.pc=0x0000010d082bc8b8 relative=0x000000000000abd8
Event: 23.558 Thread 0x0000010d15f35000 Uncommon trap: reason=profile_predicate action=maybe_recompile pc=0x0000010d082bc8b8 method=km.bj(IIIII)Lko; @ 692 c2
Event: 23.558 Thread 0x0000010d15f35000 DEOPT PACKING pc=0x0000010d082bc8b8 sp=0x0000000c4b9fe4e0
Event: 23.558 Thread 0x0000010d15f35000 DEOPT UNPACKING pc=0x0000010d000085af sp=0x0000000c4b9fe490 mode 2

Classes redefined (0 events):
No events

Internal exceptions (20 events):
Event: 23.323 Thread 0x0000010d15f35000 Exception <a 'java/lang/IncompatibleClassChangeError'{0x0000000714c53460}: Found class java.lang.Object, but interface was expected> (0x0000000714c53460) thrown at [s\src\hotspot\share\interpreter\linkResolver.cpp, line 839]
Event: 23.323 Thread 0x0000010d15f35000 Exception <a 'java/lang/IncompatibleClassChangeError'{0x0000000714c55cb8}: Found class java.lang.Object, but interface was expected> (0x0000000714c55cb8) thrown at [s\src\hotspot\share\interpreter\linkResolver.cpp, line 839]
Event: 23.324 Thread 0x0000010d15f35000 Exception <a 'java/lang/IncompatibleClassChangeError'{0x0000000714c584e8}: Found class java.lang.Object, but interface was expected> (0x0000000714c584e8) thrown at [s\src\hotspot\share\interpreter\linkResolver.cpp, line 839]
Event: 23.324 Thread 0x0000010d15f35000 Exception <a 'java/lang/IncompatibleClassChangeError'{0x0000000714c5b0f8}: Found class java.lang.Object, but interface was expected> (0x0000000714c5b0f8) thrown at [s\src\hotspot\share\interpreter\linkResolver.cpp, line 839]
Event: 23.324 Thread 0x0000010d15f35000 Exception <a 'java/lang/IncompatibleClassChangeError'{0x0000000714c5d960}: Found class java.lang.Object, but interface was expected> (0x0000000714c5d960) thrown at [s\src\hotspot\share\interpreter\linkResolver.cpp, line 839]
Event: 23.325 Thread 0x0000010d15f35000 Exception <a 'java/lang/IncompatibleClassChangeError'{0x0000000714c601c8}: Found class java.lang.Object, but interface was expected> (0x0000000714c601c8) thrown at [s\src\hotspot\share\interpreter\linkResolver.cpp, line 839]
Event: 23.325 Thread 0x0000010d15f35000 Exception <a 'java/lang/IncompatibleClassChangeError'{0x0000000714c62a30}: Found class java.lang.Object, but interface was expected> (0x0000000714c62a30) thrown at [s\src\hotspot\share\interpreter\linkResolver.cpp, line 839]
Event: 23.326 Thread 0x0000010d15f35000 Exception <a 'java/lang/IncompatibleClassChangeError'{0x0000000714c654e0}: Found class java.lang.Object, but interface was expected> (0x0000000714c654e0) thrown at [s\src\hotspot\share\interpreter\linkResolver.cpp, line 839]
Event: 23.326 Thread 0x0000010d15f35000 Exception <a 'java/lang/IncompatibleClassChangeError'{0x0000000714c67d40}: Found class java.lang.Object, but interface was expected> (0x0000000714c67d40) thrown at [s\src\hotspot\share\interpreter\linkResolver.cpp, line 839]
Event: 23.326 Thread 0x0000010d15f35000 Exception <a 'java/lang/IncompatibleClassChangeError'{0x0000000714c6a5a0}: Found class java.lang.Object, but interface was expected> (0x0000000714c6a5a0) thrown at [s\src\hotspot\share\interpreter\linkResolver.cpp, line 839]
Event: 23.326 Thread 0x0000010d15f35000 Exception <a 'java/lang/IncompatibleClassChangeError'{0x0000000714c6ce00}: Found class java.lang.Object, but interface was expected> (0x0000000714c6ce00) thrown at [s\src\hotspot\share\interpreter\linkResolver.cpp, line 839]
Event: 23.327 Thread 0x0000010d15f35000 Exception <a 'java/lang/IncompatibleClassChangeError'{0x0000000714c6f660}: Found class java.lang.Object, but interface was expected> (0x0000000714c6f660) thrown at [s\src\hotspot\share\interpreter\linkResolver.cpp, line 839]
Event: 23.327 Thread 0x0000010d15f35000 Exception <a 'java/lang/IncompatibleClassChangeError'{0x0000000714c72130}: Found class java.lang.Object, but interface was expected> (0x0000000714c72130) thrown at [s\src\hotspot\share\interpreter\linkResolver.cpp, line 839]
Event: 23.417 Thread 0x0000010d15f35000 Implicit null exception at 0x0000010d082b257d to 0x0000010d082bc868
Event: 23.420 Thread 0x0000010d15f35000 Exception <a 'java/lang/NoSuchMethodError'{0x00000007146022e8}: 'java.lang.Object java.lang.invoke.DirectMethodHandle$Holder.invokeStatic(java.lang.Object, java.lang.Object, java.lang.Object, java.lang.Object, java.lang.Object, int)'> (0x00000007146022e8) thrown at [s\src\hotspot\share\interpreter\linkResolver.cpp, line 773]
Event: 23.420 Thread 0x0000010d15f35000 Exception <a 'java/lang/NoSuchMethodError'{0x0000000714606060}: 'java.lang.Object java.lang.invoke.DirectMethodHandle$Holder.invokeSpecial(java.lang.Object, java.lang.Object, java.lang.Object, java.lang.Object, java.lang.Object, java.lang.Object, int)'> (0x0000000714606060) thrown at [s\src\hotspot\share\interpreter\linkResolver.cpp, line 773]
Event: 23.445 Thread 0x0000010d15f35000 Implicit null exception at 0x0000010d01e1fa31 to 0x0000010d01e1faf6
Event: 23.445 Thread 0x0000010d15f35000 Exception <a 'java/lang/NullPointerException'{0x00000007144450a8}> (0x00000007144450a8) thrown at [s\src\hotspot\share\runtime\sharedRuntime.cpp, line 606]
Event: 23.548 Thread 0x0000010d15f35000 Implicit null exception at 0x0000010d082b257d to 0x0000010d082bc868
Event: 23.558 Thread 0x0000010d15f35000 Implicit null exception at 0x0000010d082b257d to 0x0000010d082bc868

Events (20 events):
Event: 23.494 loading class net/runelite/client/chat/ChatMessageBuilder
Event: 23.494 loading class net/runelite/client/chat/ChatMessageBuilder done
Event: 23.495 loading class com/questhelper/managers/QuestManager
Event: 23.495 loading class com/questhelper/managers/QuestManager done
Event: 23.495 loading class com/questhelper/managers/QuestManager
Event: 23.495 loading class com/questhelper/managers/QuestManager done
Event: 23.496 loading class net/runelite/client/chat/QueuedMessage$QueuedMessageBuilder
Event: 23.496 loading class net/runelite/client/chat/QueuedMessage$QueuedMessageBuilder done
Event: 23.498 loading class net/runelite/client/plugins/npchighlight/MemorizedNpc
Event: 23.498 loading class net/runelite/client/plugins/npchighlight/MemorizedNpc done
Event: 23.498 loading class net/runelite/client/plugins/npchighlight/MemorizedNpc
Event: 23.498 loading class net/runelite/client/plugins/npchighlight/MemorizedNpc done
Event: 23.498 loading class net/runelite/client/plugins/npchighlight/NpcIndicatorsPlugin
Event: 23.498 loading class net/runelite/client/plugins/npchighlight/NpcIndicatorsPlugin done
Event: 23.499 loading class net/runelite/client/plugins/tithefarm/TitheFarmPlant
Event: 23.499 loading class net/runelite/client/plugins/tithefarm/TitheFarmPlant done
Event: 23.499 loading class net/runelite/client/plugins/tithefarm/TitheFarmPlant
Event: 23.499 loading class net/runelite/client/plugins/tithefarm/TitheFarmPlant done
Event: 23.500 loading class com/questhelper/questinfo/QuestHelperQuest
Event: 23.500 loading class com/questhelper/questinfo/QuestHelperQuest done


Dynamic libraries:
0x00007ff76faa0000 - 0x00007ff76faae000 	C:\Users\Donni\.jdks\corretto-11.0.22\bin\java.exe
0x00007ff8c0490000 - 0x00007ff8c06a7000 	C:\WINDOWS\SYSTEM32\ntdll.dll
0x00007ff8bf7f0000 - 0x00007ff8bf8b4000 	C:\WINDOWS\System32\KERNEL32.DLL
0x00007ff8bd7d0000 - 0x00007ff8bdb76000 	C:\WINDOWS\System32\KERNELBASE.dll
0x00007ff8be0c0000 - 0x00007ff8be1d1000 	C:\WINDOWS\System32\ucrtbase.dll
0x00007ff8ad700000 - 0x00007ff8ad717000 	C:\Users\Donni\.jdks\corretto-11.0.22\bin\jli.dll
0x00007ff8b4240000 - 0x00007ff8b425b000 	C:\Users\Donni\.jdks\corretto-11.0.22\bin\VCRUNTIME140.dll
0x00007ff8bec20000 - 0x00007ff8bedce000 	C:\WINDOWS\System32\USER32.dll
0x00007ff8bdf50000 - 0x00007ff8bdf76000 	C:\WINDOWS\System32\win32u.dll
0x00007ff8a5680000 - 0x00007ff8a5913000 	C:\WINDOWS\WinSxS\amd64_microsoft.windows.common-controls_6595b64144ccf1df_6.0.22621.2506_none_270c5ae97388e100\COMCTL32.dll
0x00007ff8c0060000 - 0x00007ff8c0089000 	C:\WINDOWS\System32\GDI32.dll
0x00007ff8bfa40000 - 0x00007ff8bfae7000 	C:\WINDOWS\System32\msvcrt.dll
0x00007ff8bdb80000 - 0x00007ff8bdc98000 	C:\WINDOWS\System32\gdi32full.dll
0x00007ff8bdf80000 - 0x00007ff8be01a000 	C:\WINDOWS\System32\msvcp_win.dll
0x00007ff8bfaf0000 - 0x00007ff8bfb21000 	C:\WINDOWS\System32\IMM32.DLL
0x00007ff8b5530000 - 0x00007ff8b553c000 	C:\Users\Donni\.jdks\corretto-11.0.22\bin\vcruntime140_1.dll
0x00007ff88a780000 - 0x00007ff88a80d000 	C:\Users\Donni\.jdks\corretto-11.0.22\bin\msvcp140.dll
0x00007ff8696b0000 - 0x00007ff86a273000 	C:\Users\Donni\.jdks\corretto-11.0.22\bin\server\jvm.dll
0x00007ff8bef00000 - 0x00007ff8befb3000 	C:\WINDOWS\System32\ADVAPI32.dll
0x00007ff8c03a0000 - 0x00007ff8c0448000 	C:\WINDOWS\System32\sechost.dll
0x00007ff8be090000 - 0x00007ff8be0b8000 	C:\WINDOWS\System32\bcrypt.dll
0x00007ff8bedd0000 - 0x00007ff8beee7000 	C:\WINDOWS\System32\RPCRT4.dll
0x00007ff8bf950000 - 0x00007ff8bf958000 	C:\WINDOWS\System32\PSAPI.DLL
0x00007ff887060000 - 0x00007ff887069000 	C:\WINDOWS\SYSTEM32\WSOCK32.dll
0x00007ff8b4200000 - 0x00007ff8b4234000 	C:\WINDOWS\SYSTEM32\WINMM.dll
0x00007ff8c0320000 - 0x00007ff8c0391000 	C:\WINDOWS\System32\WS2_32.dll
0x00007ff8b59b0000 - 0x00007ff8b59ba000 	C:\WINDOWS\SYSTEM32\VERSION.dll
0x00007ff8bc800000 - 0x00007ff8bc818000 	C:\WINDOWS\SYSTEM32\kernel.appcore.dll
0x00007ff8ad6f0000 - 0x00007ff8ad700000 	C:\Users\Donni\.jdks\corretto-11.0.22\bin\verify.dll
0x00007ff8bab10000 - 0x00007ff8bad43000 	C:\WINDOWS\SYSTEM32\DBGHELP.DLL
0x00007ff8bfcd0000 - 0x00007ff8c0059000 	C:\WINDOWS\System32\combase.dll
0x00007ff8c0140000 - 0x00007ff8c0217000 	C:\WINDOWS\System32\OLEAUT32.dll
0x00007ff88d230000 - 0x00007ff88d262000 	C:\WINDOWS\SYSTEM32\dbgcore.DLL
0x00007ff8bdca0000 - 0x00007ff8bdd1a000 	C:\WINDOWS\System32\bcryptPrimitives.dll
0x00007ff8a5a20000 - 0x00007ff8a5a48000 	C:\Users\Donni\.jdks\corretto-11.0.22\bin\java.dll
0x00007ff8ad6e0000 - 0x00007ff8ad6ea000 	C:\Users\Donni\.jdks\corretto-11.0.22\bin\jimage.dll
0x00007ff8b79a0000 - 0x00007ff8b79d9000 	C:\Users\Donni\.jdks\corretto-11.0.22\bin\jdwp.dll
0x00007ff8ba590000 - 0x00007ff8ba59e000 	C:\Users\Donni\.jdks\corretto-11.0.22\bin\instrument.dll
0x00007ff8a6c60000 - 0x00007ff8a6c78000 	C:\Users\Donni\.jdks\corretto-11.0.22\bin\zip.dll
0x00007ff8be1e0000 - 0x00007ff8bea3a000 	C:\WINDOWS\System32\SHELL32.dll
0x00007ff8bb720000 - 0x00007ff8bc016000 	C:\WINDOWS\SYSTEM32\windows.storage.dll
0x00007ff8bb5e0000 - 0x00007ff8bb71e000 	C:\WINDOWS\SYSTEM32\wintypes.dll
0x00007ff8bf060000 - 0x00007ff8bf153000 	C:\WINDOWS\System32\SHCORE.dll
0x00007ff8bf9e0000 - 0x00007ff8bfa3e000 	C:\WINDOWS\System32\shlwapi.dll
0x00007ff8bd700000 - 0x00007ff8bd726000 	C:\WINDOWS\SYSTEM32\profapi.dll
0x00007ff8ba580000 - 0x00007ff8ba58a000 	C:\Users\Donni\.jdks\corretto-11.0.22\bin\dt_socket.dll
0x00007ff8bcc80000 - 0x00007ff8bcce9000 	C:\WINDOWS\system32\mswsock.dll
0x00007ff88a760000 - 0x00007ff88a779000 	C:\Users\Donni\.jdks\corretto-11.0.22\bin\net.dll
0x00007ff8b72f0000 - 0x00007ff8b7427000 	C:\WINDOWS\SYSTEM32\WINHTTP.dll
0x00007ff88a740000 - 0x00007ff88a752000 	C:\Users\Donni\.jdks\corretto-11.0.22\bin\nio.dll
0x00007ff8b7970000 - 0x00007ff8b7997000 	C:\Users\Donni\.jdks\corretto-11.0.22\bin\sunec.dll
0x00007ff8b7960000 - 0x00007ff8b796e000 	C:\Users\Donni\.jdks\corretto-11.0.22\bin\sunmscapi.dll
0x00007ff8bdde0000 - 0x00007ff8bdf46000 	C:\WINDOWS\System32\CRYPT32.dll
0x00007ff8bd100000 - 0x00007ff8bd12e000 	C:\WINDOWS\SYSTEM32\ncrypt.dll
0x00007ff8bd0c0000 - 0x00007ff8bd0f7000 	C:\WINDOWS\SYSTEM32\NTASN1.dll
0x00007ff8bcf30000 - 0x00007ff8bcf42000 	C:\WINDOWS\SYSTEM32\MSASN1.dll
0x00007ff8bcee0000 - 0x00007ff8bcefb000 	C:\WINDOWS\SYSTEM32\CRYPTSP.dll
0x00007ff8bc760000 - 0x00007ff8bc795000 	C:\WINDOWS\system32\rsaenh.dll
0x00007ff8bced0000 - 0x00007ff8bcedc000 	C:\WINDOWS\SYSTEM32\CRYPTBASE.dll
0x00007ff8bcd10000 - 0x00007ff8bcd36000 	C:\WINDOWS\SYSTEM32\gpapi.dll
0x00007ff8bcd70000 - 0x00007ff8bcd9c000 	C:\WINDOWS\SYSTEM32\USERENV.dll
0x00007ff8bd4b0000 - 0x00007ff8bd4ba000 	C:\WINDOWS\SYSTEM32\DPAPI.dll
0x00007ff8bc280000 - 0x00007ff8bc2ad000 	C:\WINDOWS\SYSTEM32\IPHLPAPI.DLL
0x00007ff8bec10000 - 0x00007ff8bec19000 	C:\WINDOWS\System32\NSI.dll
0x00007ff8b7150000 - 0x00007ff8b7169000 	C:\WINDOWS\SYSTEM32\dhcpcsvc6.DLL
0x00007ff8b7040000 - 0x00007ff8b705f000 	C:\WINDOWS\SYSTEM32\dhcpcsvc.DLL
0x00007ff8bc2f0000 - 0x00007ff8bc3e9000 	C:\WINDOWS\SYSTEM32\DNSAPI.dll
0x00007ff8ae1c0000 - 0x00007ff8ae342000 	C:\Users\Donni\.jdks\corretto-11.0.22\bin\awt.dll
0x00007ff8ba4e0000 - 0x00007ff8ba577000 	C:\WINDOWS\SYSTEM32\apphelp.dll
0x00007ff8ba930000 - 0x00007ff8ba9db000 	C:\WINDOWS\system32\uxtheme.dll
0x00007ff8bea40000 - 0x00007ff8beb90000 	C:\WINDOWS\System32\MSCTF.dll
0x00007ff8bfb30000 - 0x00007ff8bfcd0000 	C:\WINDOWS\System32\ole32.dll
0x00007ff8baf70000 - 0x00007ff8baf9b000 	C:\WINDOWS\system32\DWMAPI.DLL
0x00007ff8a24f0000 - 0x00007ff8a25f0000 	C:\WINDOWS\system32\opengl32.dll
0x00007ff8a2480000 - 0x00007ff8a24ad000 	C:\WINDOWS\SYSTEM32\GLU32.dll
0x00007ff8bada0000 - 0x00007ff8badd6000 	C:\WINDOWS\SYSTEM32\dxcore.dll
0x00007ff8a1c70000 - 0x00007ff8a1cf7000 	C:\Users\Donni\.jdks\corretto-11.0.22\bin\freetype.dll
0x00007ff8a1b90000 - 0x00007ff8a1c63000 	C:\Users\Donni\.jdks\corretto-11.0.22\bin\fontmanager.dll
0x00007ff8ae3b0000 - 0x00007ff8ae4fa000 	C:\WINDOWS\SYSTEM32\textinputframework.dll
0x00007ff8b9b20000 - 0x00007ff8b9c54000 	C:\WINDOWS\SYSTEM32\CoreMessaging.dll
0x00007ff8b63d0000 - 0x00007ff8b673c000 	C:\WINDOWS\SYSTEM32\CoreUIComponents.dll
0x00007ff8b3b80000 - 0x00007ff8b3b89000 	C:\Users\Donni\.jdks\corretto-11.0.22\bin\management.dll
0x00007ff8b3ae0000 - 0x00007ff8b3aeb000 	C:\Users\Donni\.jdks\corretto-11.0.22\bin\management_ext.dll
0x00007ff8b6c80000 - 0x00007ff8b6c8a000 	C:\Windows\System32\rasadhlp.dll
0x00007ff8b40a0000 - 0x00007ff8b4123000 	C:\WINDOWS\System32\fwpuclnt.dll
0x00007ff8ae170000 - 0x00007ff8ae1b4000 	C:\Users\Donni\AppData\Local\Temp\jna-68899\jna2714137776788854946.dll
0x00007ff895a40000 - 0x00007ff895adc000 	C:\Users\Donni\AppData\Local\Temp\jna-68899\jna877150877459741604.dll
0x00007ff896370000 - 0x00007ff8963ef000 	C:\Users\Donni\.jdks\corretto-11.0.22\bin\mlib_image.dll
0x00007ff8a6e70000 - 0x00007ff8a6e82000 	C:\Users\Donni\.jdks\corretto-11.0.22\bin\jsound.dll
0x00007ff8957b0000 - 0x00007ff895852000 	C:\WINDOWS\SYSTEM32\DSOUND.dll
0x00007ff8bd5f0000 - 0x00007ff8bd63d000 	C:\WINDOWS\SYSTEM32\powrprof.dll
0x00007ff87e1d0000 - 0x00007ff87e281000 	C:\WINDOWS\SYSTEM32\ResampleDmo.DLL
0x00007ff8ae500000 - 0x00007ff8ae529000 	C:\WINDOWS\SYSTEM32\winmmbase.dll
0x00007ff8b3ad0000 - 0x00007ff8b3adb000 	C:\WINDOWS\SYSTEM32\msdmo.dll
0x00007ff8bd4d0000 - 0x00007ff8bd4e3000 	C:\WINDOWS\SYSTEM32\UMPDC.dll
0x00007ff8c0090000 - 0x00007ff8c0140000 	C:\WINDOWS\System32\clbcatq.dll
0x00007ff8b0990000 - 0x00007ff8b0a2d000 	C:\WINDOWS\System32\MMDevApi.dll
0x00007ff8bd460000 - 0x00007ff8bd48c000 	C:\WINDOWS\System32\DEVOBJ.dll
0x00007ff8bd410000 - 0x00007ff8bd45e000 	C:\WINDOWS\SYSTEM32\cfgmgr32.dll
0x00007ff8b7900000 - 0x00007ff8b7946000 	C:\WINDOWS\SYSTEM32\wdmaud.drv
0x00007ff8b6ed0000 - 0x00007ff8b6edb000 	C:\WINDOWS\SYSTEM32\AVRT.dll
0x00007ff8a1750000 - 0x00007ff8a1759000 	C:\WINDOWS\SYSTEM32\ksuser.dll
0x00007ff8af850000 - 0x00007ff8afa3c000 	C:\WINDOWS\SYSTEM32\AUDIOSES.DLL
0x00007ff8b78f0000 - 0x00007ff8b78fe000 	C:\WINDOWS\SYSTEM32\msacm32.drv
0x00007ff8b78d0000 - 0x00007ff8b78ee000 	C:\WINDOWS\SYSTEM32\MSACM32.dll
0x00007ff8b78c0000 - 0x00007ff8b78cb000 	C:\WINDOWS\SYSTEM32\midimap.dll
0x00007ff8bb2b0000 - 0x00007ff8bb2c5000 	C:\WINDOWS\SYSTEM32\resourcepolicyclient.dll
0x00007ff8963f0000 - 0x00007ff896564000 	C:\Windows\System32\Windows.UI.dll
0x00007ff8a6c90000 - 0x00007ff8a6cbd000 	C:\Users\Donni\.jdks\corretto-11.0.22\bin\javajpeg.dll
0x00007ff8b3950000 - 0x00007ff8b3956000 	C:\Users\Donni\AppData\Local\Temp\flatlaf.temp\flatlaf-windows-x86_64-252470776742000.dll
0x00007ff8b38d0000 - 0x00007ff8b38d7000 	C:\Users\Donni\.jdks\corretto-11.0.22\bin\jawt.dll
0x00007ff8baad0000 - 0x00007ff8baadd000 	C:\WINDOWS\SYSTEM32\WINNSI.DLL
0x00007ff8b82f0000 - 0x00007ff8b84a0000 	C:\WINDOWS\SYSTEM32\WindowsCodecs.dll
0x00007ff891800000 - 0x00007ff89185e000 	C:\WINDOWS\system32\dataexchange.dll
0x00007ff8b4cb0000 - 0x00007ff8b4f35000 	C:\WINDOWS\system32\twinapi.appcore.dll
0x00007ff8b56c0000 - 0x00007ff8b577c000 	C:\WINDOWS\SYSTEM32\mscms.dll
0x00007ff8b1c80000 - 0x00007ff8b1cc9000 	C:\WINDOWS\SYSTEM32\icm32.dll

dbghelp: loaded successfully - version: 4.0.5 - missing functions: none
symbol engine: initialized successfully - sym options: 0x614 - pdb path: .;C:\Users\Donni\.jdks\corretto-11.0.22\bin;C:\WINDOWS\SYSTEM32;C:\WINDOWS\WinSxS\amd64_microsoft.windows.common-controls_6595b64144ccf1df_6.0.22621.2506_none_270c5ae97388e100;C:\Users\Donni\.jdks\corretto-11.0.22\bin\server;C:\Users\Donni\AppData\Local\Temp\jna-68899;C:\Users\Donni\AppData\Local\Temp\flatlaf.temp

VM Arguments:
jvm_args: -agentlib:jdwp=transport=dt_socket,server=n,suspend=y,address=127.0.0.1:51260 -javaagent:C:\Users\Donni\.gradle\caches\modules-2\files-2.1\org.jetbrains.kotlinx\kotlinx-coroutines-core-jvm\1.6.0\f3b8fd26c2e76d2f18cbc36aacb6e349fcb9fd5f\kotlinx-coroutines-core-jvm-1.6.0.jar -Dfile.encoding=windows-1252 -Duser.country=US -Duser.language=en -Duser.variant -ea 
java_command: com.piggyplugins.PluginTester
java_class_path (initial): C:\Users\Donni\IdeaProjects\PiggyPlugins\build\classes\java\test;C:\Users\Donni\IdeaProjects\PiggyPlugins\build\resources\test;C:\Users\Donni\IdeaProjects\PiggyPlugins\build\classes\java\main;C:\Users\Donni\IdeaProjects\PiggyPlugins\build\resources\main;C:\Users\Donni\IdeaProjects\PiggyPlugins\AutoTitheFarm\build\libs\AutoTitheFarm-1.0.0.jar;C:\Users\Donni\IdeaProjects\PiggyPlugins\AutoAerial\build\libs\AutoAerial-1.0.0.jar;C:\Users\Donni\IdeaProjects\PiggyPlugins\AutoRuneDragons\build\libs\AutoRuneDragons-1.0.0.jar;C:\Users\Donni\IdeaProjects\PiggyPlugins\AutoBoner\build\libs\AutoBoner-1.0.3.jar;C:\Users\Donni\IdeaProjects\PiggyPlugins\AutoChompy\build\libs\AutoChompy-1.0.3.jar;C:\Users\Donni\IdeaProjects\PiggyPlugins\AutoVorkath\build\libs\AutoVorkath-1.0.19.jar;C:\Users\Donni\IdeaProjects\PiggyPlugins\AutoCombat\build\libs\AutoCombat-1.0.0.jar;C:\Users\Donni\IdeaProjects\PiggyPlugins\AutoTrapper\build\libs\AutoTrapper-1.0.0.jar;C:\Users\Donni\IdeaProjects\PiggyPlugins\AutoSmith\build\libs\AutoSmith-1.0.0.jar;C:\Users\Donni\IdeaProjects\PiggyPlugins\ButterflyCatcher\build\libs\ButterflyCatcher-1.0.0.jar;C:\Users\Donni\IdeaProjects\PiggyPlugins\DialogueContinuer\build\libs\DialogueContinuer-1.0.0.jar;C:\Users\Donni\IdeaProjects\PiggyPlugins\Firemaking\build\libs\Firemaking-1.0.0.jar;C:\Users\Donni\IdeaProjects\PiggyPlugins\KittenFeeder\build\libs\KittenFeeder-1.0.0.jar;C:\Users\Donni\IdeaProjects\PiggyPlugins\AutoJugHumidifier\build\libs\AutoJugHumidifier-1.0.0.jar;C:\Users\Donni\IdeaProjects\PiggyPlugins\AutoRifts\build\libs\AutoRifts-1.0.0.jar;C:\Users\Donni\IdeaProjects\PiggyPlugins\AutoTele\build\libs\AutoTele-1.0.0.jar;C:\Users\Donni\IdeaProjects\PiggyPlugins\CalvarionHelper\build\libs\CalvarionHelper-1.0.0.jar;C:\Users\Donni\IdeaProjects\PiggyPlugins\CannonReloader\build\libs\CannonReloader-1.0.0.jar;C:\Users\Donni\IdeaProjects\PiggyPlugins\E3T4G\build\libs\E3T4G-1.0.0.jar;C:\Users\Donni\IdeaProjects\PiggyPlugins\EthansApi\build\l
Launcher Type: SUN_STANDARD

[Global flags]
     intx CICompilerCount                          = 4                                         {product} {ergonomic}
     uint ConcGCThreads                            = 2                                         {product} {ergonomic}
     uint G1ConcRefinementThreads                  = 8                                         {product} {ergonomic}
   size_t G1HeapRegionSize                         = 1048576                                   {product} {ergonomic}
    uintx GCDrainStackTargetSize                   = 64                                        {product} {ergonomic}
   size_t InitialHeapSize                          = 264241152                                 {product} {ergonomic}
   size_t MarkStackSize                            = 4194304                                   {product} {ergonomic}
   size_t MaxHeapSize                              = 4219469824                                {product} {ergonomic}
   size_t MaxNewSize                               = 2531262464                                {product} {ergonomic}
   size_t MinHeapDeltaBytes                        = 1048576                                   {product} {ergonomic}
    uintx NonNMethodCodeHeapSize                   = 5836300                                {pd product} {ergonomic}
    uintx NonProfiledCodeHeapSize                  = 122910970                              {pd product} {ergonomic}
    uintx ProfiledCodeHeapSize                     = 122910970                              {pd product} {ergonomic}
    uintx ReservedCodeCacheSize                    = 251658240                              {pd product} {ergonomic}
     bool SegmentedCodeCache                       = true                                      {product} {ergonomic}
     bool UseCompressedClassPointers               = true                                 {lp64_product} {ergonomic}
     bool UseCompressedOops                        = true                                 {lp64_product} {ergonomic}
     bool UseG1GC                                  = true                                      {product} {ergonomic}
     bool UseLargePagesIndividualAllocation        = false                                  {pd product} {ergonomic}

Logging:
Log output configuration:
 #0: stdout all=warning uptime,level,tags
 #1: stderr all=off uptime,level,tags

Environment Variables:
JAVA_HOME=C:\Program Files (x86)\Eclipse Adoptium\jdk-11.0.21.9-hotspot\
PATH=C:\Program Files (x86)\Eclipse Adoptium\jdk-11.0.21.9-hotspot\bin;C:\Program Files\Common Files\Oracle\Java\javapath;C:\Python311\Scripts\;C:\Python311\;C:\WINDOWS\system32;C:\WINDOWS;C:\WINDOWS\System32\Wbem;C:\WINDOWS\System32\WindowsPowerShell\v1.0\;C:\WINDOWS\System32\OpenSSH\;C:\ProgramData\chocolatey\bin;C:\Program Files\Git\cmd;C:\Program Files\nodejs\;C:\Program Files\Microsoft VS Code\bin;C:\Program Files\dotnet\;C:\Users\Donni\AppData\Local\Microsoft\WindowsApps;;C:\Exercism;C:\Users\Donni\AppData\Roaming\npm;C:\Program Files\JetBrains\IntelliJ IDEA Community Edition 2023.2.5\bin;
USERNAME=Don
OS=Windows_NT
PROCESSOR_IDENTIFIER=Intel64 Family 6 Model 140 Stepping 1, GenuineIntel
TMP=C:\Users\Donni\AppData\Local\Temp
TEMP=C:\Users\Donni\AppData\Local\Temp



---------------  S Y S T E M  ---------------

OS: Windows 11 , 64 bit Build 22621 (10.0.22621.2506)
OS uptime: 0 days 7:01 hours

CPU:total 8 (initial active 8) (4 cores per cpu, 2 threads per core) family 6 model 140 stepping 1 microcode 0xac, cmov, cx8, fxsr, mmx, sse, sse2, sse3, ssse3, sse4.1, sse4.2, popcnt, avx, avx2, aes, clmul, erms, 3dnowpref, lzcnt, ht, tsc, tscinvbit, bmi1, bmi2, adx, evex, sha, fma

Memory: 4k page, system-wide physical 16091M (7112M free)
TotalPageFile size 17115M (AvailPageFile size 6880M)
current process WorkingSet (physical memory assigned to process): 709M, peak: 720M
current process commit charge ("private bytes"): 749M, peak: 762M

vm_info: OpenJDK 64-Bit Server VM (11.0.22+7-LTS) for windows-amd64 JRE (11.0.22+7-LTS), built on Jan 10 2024 19:54:00 by "Administrator" with MS VC++ 16.10 / 16.11 (VS2019)

END.
