#
# A fatal error has been detected by the Java Runtime Environment:
#
#  Internal Error (c1/c1_LIR.hpp:731), pid=2336, tid=7500
#  Error: ShouldNotReachHere()
#
# JRE version: OpenJDK Runtime Environment Corretto-11.0.22.7.1 (11.0.22+7) (build 11.0.22+7-LTS)
# Java VM: OpenJDK 64-Bit Server VM Corretto-11.0.22.7.1 (11.0.22+7-LTS, mixed mode, tiered, compressed oops, g1 gc, windows-amd64)
# No core dump will be written. Minidumps are not enabled by default on client versions of Windows
#
# If you would like to submit a bug report, please visit:
#   https://github.com/corretto/corretto-11/issues/
#

---------------  S U M M A R Y ------------

Command Line: -agentlib:jdwp=transport=dt_socket,server=n,suspend=y,address=127.0.0.1:52806 -javaagent:C:\Users\Donni\.gradle\caches\modules-2\files-2.1\org.jetbrains.kotlinx\kotlinx-coroutines-core-jvm\1.6.0\f3b8fd26c2e76d2f18cbc36aacb6e349fcb9fd5f\kotlinx-coroutines-core-jvm-1.6.0.jar -Dfile.encoding=windows-1252 -Duser.country=US -Duser.language=en -Duser.variant -ea com.piggyplugins.PluginTester

Host: 11th Gen Intel(R) Core(TM) i5-1145G7 @ 2.60GHz, 8 cores, 15G,  Windows 11 , 64 bit Build 22621 (10.0.22621.2506)
Time: Wed Feb  7 20:24:47 2024 Mountain Standard Time elapsed time: 438.956446 seconds (0d 0h 7m 18s)

---------------  T H R E A D  ---------------

Current thread (0x0000018e7dfdb800):  JavaThread "C1 CompilerThread0" daemon [_thread_in_native, id=7500, stack(0x0000005f86f00000,0x0000005f87000000)]


Current CompileTask:
C1: 438956 11407 %     3       org.bouncycastle.math.raw.Nat256::mul @ 292 (637 bytes)

Stack: [0x0000005f86f00000,0x0000005f87000000]
Native frames: (J=compiled Java code, j=interpreted, Vv=VM code, C=native code)
V  [jvm.dll+0x64585a]
V  [jvm.dll+0x7d9bb9]
V  [jvm.dll+0x7db2b9]
V  [jvm.dll+0x7db957]
V  [jvm.dll+0x26941c]
V  [jvm.dll+0x269363]
V  [jvm.dll+0x1760a9]
V  [jvm.dll+0x171ea4]
V  [jvm.dll+0x168c0e]
V  [jvm.dll+0x1552d0]
V  [jvm.dll+0x13c659]
V  [jvm.dll+0x13bf8f]
V  [jvm.dll+0x13c1c4]
V  [jvm.dll+0x13b512]
V  [jvm.dll+0x13d3ac]
V  [jvm.dll+0x2305e9]
V  [jvm.dll+0x22e75f]
V  [jvm.dll+0x79ae51]
V  [jvm.dll+0x793b24]
V  [jvm.dll+0x644615]
C  [ucrtbase.dll+0x29363]
C  [KERNEL32.DLL+0x1257d]
C  [ntdll.dll+0x5aa58]


---------------  P R O C E S S  ---------------

Threads class SMR info:
_java_thread_list=0x0000018e07441df0, length=33, elements={
0x0000018e7df7c000, 0x0000018e7df85000, 0x0000018e7dfd0800, 0x0000018e7dfd5000,
0x0000018e7dfd7000, 0x0000018e7dfd8000, 0x0000018e7dfdb800, 0x0000018e7dfdc800,
0x0000018e7e16e000, 0x0000018e7e418800, 0x0000018e7e41b000, 0x0000018e7e41c000,
0x0000018e7e8d1000, 0x0000018e7f473800, 0x0000018e7f466800, 0x0000018e7f467800,
0x0000018e7f468000, 0x0000018e7f46a800, 0x0000018e040ae000, 0x0000018e040ab800,
0x0000018e040b0000, 0x0000018e040b1000, 0x0000018e040b2000, 0x0000018e040b4800,
0x0000018e040af800, 0x0000018e040ba000, 0x0000018e040b6000, 0x0000018e040b8800,
0x0000018e040ac000, 0x0000018e040b2800, 0x0000018e0f6ab800, 0x0000018e0c3d8800,
0x0000018e040b3800
}

Java Threads: ( => current thread )
  0x0000018e7df7c000 JavaThread "Reference Handler" daemon [_thread_blocked, id=9124, stack(0x0000005f86900000,0x0000005f86a00000)]
  0x0000018e7df85000 JavaThread "Finalizer" daemon [_thread_blocked, id=11064, stack(0x0000005f86a00000,0x0000005f86b00000)]
  0x0000018e7dfd0800 JavaThread "Signal Dispatcher" daemon [_thread_blocked, id=8140, stack(0x0000005f86b00000,0x0000005f86c00000)]
  0x0000018e7dfd5000 JavaThread "Attach Listener" daemon [_thread_blocked, id=6260, stack(0x0000005f86c00000,0x0000005f86d00000)]
  0x0000018e7dfd7000 JavaThread "Service Thread" daemon [_thread_blocked, id=4772, stack(0x0000005f86d00000,0x0000005f86e00000)]
  0x0000018e7dfd8000 JavaThread "C2 CompilerThread0" daemon [_thread_in_native, id=9096, stack(0x0000005f86e00000,0x0000005f86f00000)]
=>0x0000018e7dfdb800 JavaThread "C1 CompilerThread0" daemon [_thread_in_native, id=7500, stack(0x0000005f86f00000,0x0000005f87000000)]
  0x0000018e7dfdc800 JavaThread "Sweeper thread" daemon [_thread_blocked, id=4168, stack(0x0000005f87000000,0x0000005f87100000)]
  0x0000018e7e16e000 JavaThread "Common-Cleaner" daemon [_thread_blocked, id=748, stack(0x0000005f87100000,0x0000005f87200000)]
  0x0000018e7e418800 JavaThread "JDWP Transport Listener: dt_socket" daemon [_thread_blocked, id=8940, stack(0x0000005f87300000,0x0000005f87400000)]
  0x0000018e7e41b000 JavaThread "JDWP Event Helper Thread" daemon [_thread_blocked, id=1436, stack(0x0000005f87400000,0x0000005f87500000)]
  0x0000018e7e41c000 JavaThread "JDWP Command Reader" daemon [_thread_in_native, id=11904, stack(0x0000005f87500000,0x0000005f87600000)]
  0x0000018e7e8d1000 JavaThread "Coroutines Debugger Cleaner" daemon [_thread_blocked, id=6920, stack(0x0000005f87600000,0x0000005f87700000)]
  0x0000018e7f473800 JavaThread "Java2D Disposer" daemon [_thread_blocked, id=6652, stack(0x0000005f88100000,0x0000005f88200000)]
  0x0000018e7f466800 JavaThread "AWT-Shutdown" [_thread_blocked, id=6056, stack(0x0000005f88200000,0x0000005f88300000)]
  0x0000018e7f467800 JavaThread "AWT-Windows" daemon [_thread_in_native, id=312, stack(0x0000005f88300000,0x0000005f88400000)]
  0x0000018e7f468000 JavaThread "AWT-EventQueue-0" [_thread_blocked, id=4728, stack(0x0000005f88400000,0x0000005f88500000)]
  0x0000018e7f46a800 JavaThread "TimerQueue" daemon [_thread_blocked, id=9424, stack(0x0000005f88600000,0x0000005f88700000)]
  0x0000018e040ae000 JavaThread "pool-2-thread-1" [_thread_blocked, id=6616, stack(0x0000005f88f00000,0x0000005f89000000)]
  0x0000018e040ab800 JavaThread "Thread-1" daemon [_thread_blocked, id=11232, stack(0x0000005f88800000,0x0000005f88900000)]
  0x0000018e040b0000 JavaThread "Client" daemon [_thread_in_Java, id=9636, stack(0x0000005f89000000,0x0000005f89100000)]
  0x0000018e040b1000 JavaThread "Thread-3" daemon [_thread_in_native, id=776, stack(0x0000005f89100000,0x0000005f89200000)]
  0x0000018e040b2000 JavaThread "Thread-5" daemon [_thread_blocked, id=3052, stack(0x0000005f89300000,0x0000005f89400000)]
  0x0000018e040b4800 JavaThread "Java Sound Event Dispatcher" daemon [_thread_blocked, id=11812, stack(0x0000005f89a00000,0x0000005f89b00000)]
  0x0000018e040af800 JavaThread "Sound Engine" [_thread_blocked, id=13976, stack(0x0000005f89e00000,0x0000005f89f00000)]
  0x0000018e040ba000 JavaThread "Thread-8" daemon [_thread_blocked, id=11492, stack(0x0000005f8a200000,0x0000005f8a300000)]
  0x0000018e040b6000 JavaThread "pool-5-thread-1" [_thread_blocked, id=1736, stack(0x0000005f8a500000,0x0000005f8a600000)]
  0x0000018e040b8800 JavaThread "DestroyJavaVM" [_thread_blocked, id=2548, stack(0x0000005f86200000,0x0000005f86300000)]
  0x0000018e040ac000 JavaThread "Thread-10" daemon [_thread_in_native, id=8168, stack(0x0000005f87200000,0x0000005f87300000)]
  0x0000018e040b2800 JavaThread "Thread-11" daemon [_thread_blocked, id=6840, stack(0x0000005f87800000,0x0000005f87900000)]
  0x0000018e0f6ab800 JavaThread "C2 CompilerThread1" daemon [_thread_in_native, id=7940, stack(0x0000005f88700000,0x0000005f88800000)]
  0x0000018e0c3d8800 JavaThread "C2 CompilerThread2" daemon [_thread_in_native, id=6888, stack(0x0000005f88900000,0x0000005f88a00000)]
  0x0000018e040b3800 JavaThread "crmsession-rest-request-1" daemon [_thread_in_native, id=10716, stack(0x0000005f88a00000,0x0000005f88b00000)]

Other Threads:
  0x0000018e7df58000 VMThread "VM Thread" [stack: 0x0000005f86800000,0x0000005f86900000] [id=2096]
  0x0000018e7eaf4000 WatcherThread [stack: 0x0000005f87700000,0x0000005f87800000] [id=13288]
  0x0000018e57c32800 GCTaskThread "GC Thread#0" [stack: 0x0000005f86300000,0x0000005f86400000] [id=12904]
  0x0000018e7f9aa000 GCTaskThread "GC Thread#1" [stack: 0x0000005f87900000,0x0000005f87a00000] [id=13612]
  0x0000018e7f9d0000 GCTaskThread "GC Thread#2" [stack: 0x0000005f87a00000,0x0000005f87b00000] [id=4600]
  0x0000018e7eddc800 GCTaskThread "GC Thread#3" [stack: 0x0000005f87b00000,0x0000005f87c00000] [id=12896]
  0x0000018e7f962800 GCTaskThread "GC Thread#4" [stack: 0x0000005f87c00000,0x0000005f87d00000] [id=13336]
  0x0000018e7e9d9800 GCTaskThread "GC Thread#5" [stack: 0x0000005f87d00000,0x0000005f87e00000] [id=13464]
  0x0000018e03a5a800 GCTaskThread "GC Thread#6" [stack: 0x0000005f88c00000,0x0000005f88d00000] [id=8440]
  0x0000018e0131e000 GCTaskThread "GC Thread#7" [stack: 0x0000005f88d00000,0x0000005f88e00000] [id=7816]
  0x0000018e57c8c800 ConcurrentGCThread "G1 Main Marker" [stack: 0x0000005f86400000,0x0000005f86500000] [id=12568]
  0x0000018e57c8e000 ConcurrentGCThread "G1 Conc#0" [stack: 0x0000005f86500000,0x0000005f86600000] [id=14264]
  0x0000018e7ee1a800 ConcurrentGCThread "G1 Conc#1" [stack: 0x0000005f88500000,0x0000005f88600000] [id=4212]
  0x0000018e7d5b3000 ConcurrentGCThread "G1 Refine#0" [stack: 0x0000005f86600000,0x0000005f86700000] [id=4224]
  0x0000018e7e62a000 ConcurrentGCThread "G1 Refine#1" [stack: 0x0000005f87e00000,0x0000005f87f00000] [id=7992]
  0x0000018e7e956000 ConcurrentGCThread "G1 Refine#2" [stack: 0x0000005f87f00000,0x0000005f88000000] [id=11732]
  0x0000018e7d5b4000 ConcurrentGCThread "G1 Young RemSet Sampling" [stack: 0x0000005f86700000,0x0000005f86800000] [id=14152]

Threads with active compile tasks:
C2 CompilerThread0   438969 11075   !   4       jt::af (4395 bytes)
C1 CompilerThread0   438969 11407 %     3       org.bouncycastle.math.raw.Nat256::mul @ 292 (637 bytes)
C2 CompilerThread1   438969 11199 %     4       km::bj @ 445 (2113 bytes)
C2 CompilerThread2   438969 11202 %     4       km::af @ 1333 (2322 bytes)

VM state:not at safepoint (normal execution)

VM Mutex/Monitor currently owned by a thread: None

Heap address: 0x0000000704800000, size: 4024 MB, Compressed Oops mode: Zero based, Oop shift amount: 3
Narrow klass base: 0x0000000800000000, Narrow klass shift: 0
Compressed class space size: 1073741824 Address: 0x0000000800000000

Heap:
 garbage-first heap   total 310272K, used 171160K [0x0000000704800000, 0x0000000800000000)
  region size 1024K, 14 young (14336K), 10 survivors (10240K)
 Metaspace       used 88437K, capacity 91532K, committed 91648K, reserved 1130496K
  class space    used 9216K, capacity 10487K, committed 10496K, reserved 1048576K
Heap Regions: E=young(eden), S=young(survivor), O=old, HS=humongous(starts), HC=humongous(continues), CS=collection set, F=free, A=archive, TAMS=top-at-mark-start (previous, next)
|   0|0x0000000704800000, 0x0000000704900000, 0x0000000704900000|100%| O|  |TAMS 0x0000000704900000, 0x0000000704800000| Untracked 
|   1|0x0000000704900000, 0x0000000704a00000, 0x0000000704a00000|100%| O|  |TAMS 0x0000000704a00000, 0x0000000704900000| Untracked 
|   2|0x0000000704a00000, 0x0000000704b00000, 0x0000000704b00000|100%| O|  |TAMS 0x0000000704b00000, 0x0000000704a00000| Untracked 
|   3|0x0000000704b00000, 0x0000000704c00000, 0x0000000704c00000|100%| O|  |TAMS 0x0000000704c00000, 0x0000000704b00000| Untracked 
|   4|0x0000000704c00000, 0x0000000704d00000, 0x0000000704d00000|100%| O|  |TAMS 0x0000000704d00000, 0x0000000704c00000| Complete 
|   5|0x0000000704d00000, 0x0000000704e00000, 0x0000000704e00000|100%| O|  |TAMS 0x0000000704e00000, 0x0000000704d00000| Complete 
|   6|0x0000000704e00000, 0x0000000704f00000, 0x0000000704f00000|100%| O|  |TAMS 0x0000000704f00000, 0x0000000704e00000| Untracked 
|   7|0x0000000704f00000, 0x0000000705000000, 0x0000000705000000|100%| O|  |TAMS 0x0000000705000000, 0x0000000704f00000| Untracked 
|   8|0x0000000705000000, 0x0000000705100000, 0x0000000705100000|100%| O|  |TAMS 0x0000000705100000, 0x0000000705000000| Untracked 
|   9|0x0000000705100000, 0x0000000705200000, 0x0000000705200000|100%| O|  |TAMS 0x0000000705200000, 0x0000000705100000| Untracked 
|  10|0x0000000705200000, 0x0000000705300000, 0x0000000705300000|100%| O|  |TAMS 0x0000000705300000, 0x0000000705200000| Complete 
|  11|0x0000000705300000, 0x0000000705400000, 0x0000000705400000|100%|HS|  |TAMS 0x0000000705400000, 0x0000000705300000| Complete 
|  12|0x0000000705400000, 0x0000000705500000, 0x0000000705500000|100%|HC|  |TAMS 0x0000000705500000, 0x0000000705400000| Complete 
|  13|0x0000000705500000, 0x0000000705600000, 0x0000000705600000|100%|HC|  |TAMS 0x0000000705600000, 0x0000000705500000| Complete 
|  14|0x0000000705600000, 0x0000000705700000, 0x0000000705700000|100%| O|  |TAMS 0x0000000705700000, 0x0000000705600000| Untracked 
|  15|0x0000000705700000, 0x0000000705800000, 0x0000000705800000|100%| O|  |TAMS 0x0000000705800000, 0x0000000705700000| Untracked 
|  16|0x0000000705800000, 0x0000000705800000, 0x0000000705900000|  0%| F|  |TAMS 0x0000000705800000, 0x0000000705800000| Untracked 
|  17|0x0000000705900000, 0x0000000705a00000, 0x0000000705a00000|100%|HS|  |TAMS 0x0000000705900000, 0x0000000705900000| Complete 
|  18|0x0000000705a00000, 0x0000000705b00000, 0x0000000705b00000|100%| O|  |TAMS 0x0000000705a00000, 0x0000000705a00000| Untracked 
|  19|0x0000000705b00000, 0x0000000705c00000, 0x0000000705c00000|100%| O|  |TAMS 0x0000000705b00000, 0x0000000705b00000| Untracked 
|  20|0x0000000705c00000, 0x0000000705d00000, 0x0000000705d00000|100%| O|  |TAMS 0x0000000705c00000, 0x0000000705c00000| Untracked 
|  21|0x0000000705d00000, 0x0000000705e00000, 0x0000000705e00000|100%| O|  |TAMS 0x0000000705d00000, 0x0000000705d00000| Untracked 
|  22|0x0000000705e00000, 0x0000000705f00000, 0x0000000705f00000|100%| O|  |TAMS 0x0000000705e00000, 0x0000000705e00000| Untracked 
|  23|0x0000000705f00000, 0x0000000706000000, 0x0000000706000000|100%| O|  |TAMS 0x0000000705f00000, 0x0000000705f00000| Untracked 
|  24|0x0000000706000000, 0x0000000706100000, 0x0000000706100000|100%| O|  |TAMS 0x0000000706000000, 0x0000000706000000| Untracked 
|  25|0x0000000706100000, 0x0000000706200000, 0x0000000706200000|100%| O|  |TAMS 0x0000000706100000, 0x0000000706100000| Untracked 
|  26|0x0000000706200000, 0x0000000706300000, 0x0000000706300000|100%| O|  |TAMS 0x0000000706200000, 0x0000000706200000| Untracked 
|  27|0x0000000706300000, 0x0000000706400000, 0x0000000706400000|100%| O|  |TAMS 0x0000000706300000, 0x0000000706300000| Untracked 
|  28|0x0000000706400000, 0x0000000706500000, 0x0000000706500000|100%| O|  |TAMS 0x0000000706400000, 0x0000000706400000| Untracked 
|  29|0x0000000706500000, 0x0000000706600000, 0x0000000706600000|100%| O|  |TAMS 0x0000000706500000, 0x0000000706500000| Untracked 
|  30|0x0000000706600000, 0x0000000706700000, 0x0000000706700000|100%| O|  |TAMS 0x0000000706600000, 0x0000000706600000| Untracked 
|  31|0x0000000706700000, 0x0000000706800000, 0x0000000706800000|100%| O|  |TAMS 0x0000000706700000, 0x0000000706700000| Untracked 
|  32|0x0000000706800000, 0x0000000706900000, 0x0000000706900000|100%| O|  |TAMS 0x0000000706800000, 0x0000000706800000| Untracked 
|  33|0x0000000706900000, 0x0000000706926200, 0x0000000706a00000| 14%| O|  |TAMS 0x0000000706900000, 0x0000000706900000| Untracked 
|  34|0x0000000706a00000, 0x0000000706a00000, 0x0000000706b00000|  0%| F|  |TAMS 0x0000000706a00000, 0x0000000706a00000| Untracked 
|  35|0x0000000706b00000, 0x0000000706b00000, 0x0000000706c00000|  0%| F|  |TAMS 0x0000000706b00000, 0x0000000706b00000| Untracked 
|  36|0x0000000706c00000, 0x0000000706c00000, 0x0000000706d00000|  0%| F|  |TAMS 0x0000000706c00000, 0x0000000706c00000| Untracked 
|  37|0x0000000706d00000, 0x0000000706d00000, 0x0000000706e00000|  0%| F|  |TAMS 0x0000000706d00000, 0x0000000706d00000| Untracked 
|  38|0x0000000706e00000, 0x0000000706f00000, 0x0000000706f00000|100%|HS|  |TAMS 0x0000000706f00000, 0x0000000706e00000| Complete 
|  39|0x0000000706f00000, 0x0000000707000000, 0x0000000707000000|100%|HC|  |TAMS 0x0000000707000000, 0x0000000706f00000| Complete 
|  40|0x0000000707000000, 0x0000000707000000, 0x0000000707100000|  0%| F|  |TAMS 0x0000000707000000, 0x0000000707000000| Untracked 
|  41|0x0000000707100000, 0x0000000707100000, 0x0000000707200000|  0%| F|  |TAMS 0x0000000707100000, 0x0000000707100000| Untracked 
|  42|0x0000000707200000, 0x0000000707300000, 0x0000000707300000|100%| O|  |TAMS 0x0000000707300000, 0x0000000707200000| Complete 
|  43|0x0000000707300000, 0x0000000707400000, 0x0000000707400000|100%| O|  |TAMS 0x0000000707400000, 0x0000000707300000| Complete 
|  44|0x0000000707400000, 0x0000000707500000, 0x0000000707500000|100%| O|  |TAMS 0x0000000707500000, 0x0000000707400000| Complete 
|  45|0x0000000707500000, 0x0000000707600000, 0x0000000707600000|100%| O|  |TAMS 0x0000000707600000, 0x0000000707500000| Untracked 
|  46|0x0000000707600000, 0x0000000707700000, 0x0000000707700000|100%| O|  |TAMS 0x0000000707700000, 0x0000000707600000| Untracked 
|  47|0x0000000707700000, 0x0000000707800000, 0x0000000707800000|100%| O|  |TAMS 0x0000000707800000, 0x0000000707700000| Untracked 
|  48|0x0000000707800000, 0x0000000707900000, 0x0000000707900000|100%| O|  |TAMS 0x0000000707900000, 0x0000000707800000| Untracked 
|  49|0x0000000707900000, 0x0000000707a00000, 0x0000000707a00000|100%| O|  |TAMS 0x0000000707a00000, 0x0000000707900000| Untracked 
|  50|0x0000000707a00000, 0x0000000707b00000, 0x0000000707b00000|100%| O|  |TAMS 0x0000000707b00000, 0x0000000707a00000| Untracked 
|  51|0x0000000707b00000, 0x0000000707c00000, 0x0000000707c00000|100%| O|  |TAMS 0x0000000707c00000, 0x0000000707b00000| Untracked 
|  52|0x0000000707c00000, 0x0000000707d00000, 0x0000000707d00000|100%| O|  |TAMS 0x0000000707d00000, 0x0000000707c00000| Untracked 
|  53|0x0000000707d00000, 0x0000000707e00000, 0x0000000707e00000|100%| O|  |TAMS 0x0000000707e00000, 0x0000000707d00000| Untracked 
|  54|0x0000000707e00000, 0x0000000707f00000, 0x0000000707f00000|100%| O|  |TAMS 0x0000000707f00000, 0x0000000707e00000| Complete 
|  55|0x0000000707f00000, 0x0000000708000000, 0x0000000708000000|100%| O|  |TAMS 0x0000000708000000, 0x0000000707f00000| Complete 
|  56|0x0000000708000000, 0x0000000708100000, 0x0000000708100000|100%| O|  |TAMS 0x0000000708100000, 0x0000000708000000| Complete 
|  57|0x0000000708100000, 0x0000000708200000, 0x0000000708200000|100%| O|  |TAMS 0x0000000708200000, 0x0000000708100000| Complete 
|  58|0x0000000708200000, 0x0000000708300000, 0x0000000708300000|100%| O|  |TAMS 0x0000000708300000, 0x0000000708200000| Complete 
|  59|0x0000000708300000, 0x0000000708400000, 0x0000000708400000|100%| O|  |TAMS 0x0000000708400000, 0x0000000708300000| Untracked 
|  60|0x0000000708400000, 0x0000000708500000, 0x0000000708500000|100%| O|  |TAMS 0x0000000708500000, 0x0000000708400000| Complete 
|  61|0x0000000708500000, 0x0000000708600000, 0x0000000708600000|100%| O|  |TAMS 0x0000000708600000, 0x0000000708500000| Complete 
|  62|0x0000000708600000, 0x0000000708700000, 0x0000000708700000|100%| O|  |TAMS 0x0000000708700000, 0x0000000708600000| Complete 
|  63|0x0000000708700000, 0x0000000708800000, 0x0000000708800000|100%| O|  |TAMS 0x0000000708800000, 0x0000000708700000| Complete 
|  64|0x0000000708800000, 0x0000000708900000, 0x0000000708900000|100%| O|  |TAMS 0x0000000708900000, 0x0000000708800000| Untracked 
|  65|0x0000000708900000, 0x0000000708a00000, 0x0000000708a00000|100%| O|  |TAMS 0x0000000708a00000, 0x0000000708900000| Untracked 
|  66|0x0000000708a00000, 0x0000000708b00000, 0x0000000708b00000|100%| O|  |TAMS 0x0000000708b00000, 0x0000000708a00000| Untracked 
|  67|0x0000000708b00000, 0x0000000708c00000, 0x0000000708c00000|100%| O|  |TAMS 0x0000000708c00000, 0x0000000708b00000| Complete 
|  68|0x0000000708c00000, 0x0000000708d00000, 0x0000000708d00000|100%| O|  |TAMS 0x0000000708d00000, 0x0000000708c00000| Complete 
|  69|0x0000000708d00000, 0x0000000708e00000, 0x0000000708e00000|100%| O|  |TAMS 0x0000000708e00000, 0x0000000708d00000| Complete 
|  70|0x0000000708e00000, 0x0000000708f00000, 0x0000000708f00000|100%|HS|  |TAMS 0x0000000708f00000, 0x0000000708e00000| Complete 
|  71|0x0000000708f00000, 0x0000000709000000, 0x0000000709000000|100%|HC|  |TAMS 0x0000000709000000, 0x0000000708f00000| Complete 
|  72|0x0000000709000000, 0x0000000709100000, 0x0000000709100000|100%|HS|  |TAMS 0x0000000709100000, 0x0000000709000000| Complete 
|  73|0x0000000709100000, 0x0000000709200000, 0x0000000709200000|100%|HC|  |TAMS 0x0000000709200000, 0x0000000709100000| Complete 
|  74|0x0000000709200000, 0x0000000709300000, 0x0000000709300000|100%|HS|  |TAMS 0x0000000709300000, 0x0000000709200000| Complete 
|  75|0x0000000709300000, 0x0000000709400000, 0x0000000709400000|100%|HC|  |TAMS 0x0000000709400000, 0x0000000709300000| Complete 
|  76|0x0000000709400000, 0x0000000709500000, 0x0000000709500000|100%|HS|  |TAMS 0x0000000709500000, 0x0000000709400000| Complete 
|  77|0x0000000709500000, 0x0000000709600000, 0x0000000709600000|100%|HC|  |TAMS 0x0000000709600000, 0x0000000709500000| Complete 
|  78|0x0000000709600000, 0x0000000709700000, 0x0000000709700000|100%|HS|  |TAMS 0x0000000709700000, 0x0000000709600000| Complete 
|  79|0x0000000709700000, 0x0000000709800000, 0x0000000709800000|100%|HC|  |TAMS 0x0000000709800000, 0x0000000709700000| Complete 
|  80|0x0000000709800000, 0x0000000709900000, 0x0000000709900000|100%|HS|  |TAMS 0x0000000709900000, 0x0000000709800000| Complete 
|  81|0x0000000709900000, 0x0000000709a00000, 0x0000000709a00000|100%|HC|  |TAMS 0x0000000709a00000, 0x0000000709900000| Complete 
|  82|0x0000000709a00000, 0x0000000709b00000, 0x0000000709b00000|100%|HS|  |TAMS 0x0000000709b00000, 0x0000000709a00000| Complete 
|  83|0x0000000709b00000, 0x0000000709c00000, 0x0000000709c00000|100%|HC|  |TAMS 0x0000000709c00000, 0x0000000709b00000| Complete 
|  84|0x0000000709c00000, 0x0000000709d00000, 0x0000000709d00000|100%|HS|  |TAMS 0x0000000709d00000, 0x0000000709c00000| Complete 
|  85|0x0000000709d00000, 0x0000000709e00000, 0x0000000709e00000|100%|HC|  |TAMS 0x0000000709e00000, 0x0000000709d00000| Complete 
|  86|0x0000000709e00000, 0x0000000709f00000, 0x0000000709f00000|100%| O|  |TAMS 0x0000000709f00000, 0x0000000709e00000| Untracked 
|  87|0x0000000709f00000, 0x000000070a000000, 0x000000070a000000|100%| O|  |TAMS 0x000000070a000000, 0x0000000709f00000| Complete 
|  88|0x000000070a000000, 0x000000070a100000, 0x000000070a100000|100%| O|  |TAMS 0x000000070a100000, 0x000000070a000000| Untracked 
|  89|0x000000070a100000, 0x000000070a200000, 0x000000070a200000|100%| O|  |TAMS 0x000000070a200000, 0x000000070a100000| Untracked 
|  90|0x000000070a200000, 0x000000070a300000, 0x000000070a300000|100%| O|  |TAMS 0x000000070a300000, 0x000000070a200000| Untracked 
|  91|0x000000070a300000, 0x000000070a400000, 0x000000070a400000|100%| O|  |TAMS 0x000000070a400000, 0x000000070a300000| Untracked 
|  92|0x000000070a400000, 0x000000070a500000, 0x000000070a500000|100%| O|  |TAMS 0x000000070a500000, 0x000000070a400000| Untracked 
|  93|0x000000070a500000, 0x000000070a600000, 0x000000070a600000|100%| O|  |TAMS 0x000000070a600000, 0x000000070a500000| Untracked 
|  94|0x000000070a600000, 0x000000070a700000, 0x000000070a700000|100%| O|  |TAMS 0x000000070a700000, 0x000000070a600000| Untracked 
|  95|0x000000070a700000, 0x000000070a800000, 0x000000070a800000|100%| O|  |TAMS 0x000000070a800000, 0x000000070a700000| Untracked 
|  96|0x000000070a800000, 0x000000070a900000, 0x000000070a900000|100%| O|  |TAMS 0x000000070a900000, 0x000000070a800000| Untracked 
|  97|0x000000070a900000, 0x000000070aa00000, 0x000000070aa00000|100%| O|  |TAMS 0x000000070aa00000, 0x000000070a900000| Untracked 
|  98|0x000000070aa00000, 0x000000070ab00000, 0x000000070ab00000|100%| O|  |TAMS 0x000000070ab00000, 0x000000070aa00000| Untracked 
|  99|0x000000070ab00000, 0x000000070ac00000, 0x000000070ac00000|100%| O|  |TAMS 0x000000070ac00000, 0x000000070ab00000| Untracked 
| 100|0x000000070ac00000, 0x000000070ad00000, 0x000000070ad00000|100%| O|  |TAMS 0x000000070ad00000, 0x000000070ac00000| Complete 
| 101|0x000000070ad00000, 0x000000070ae00000, 0x000000070ae00000|100%| O|  |TAMS 0x000000070ae00000, 0x000000070ad00000| Complete 
| 102|0x000000070ae00000, 0x000000070af00000, 0x000000070af00000|100%| O|  |TAMS 0x000000070af00000, 0x000000070ae00000| Complete 
| 103|0x000000070af00000, 0x000000070b000000, 0x000000070b000000|100%| O|  |TAMS 0x000000070b000000, 0x000000070af00000| Untracked 
| 104|0x000000070b000000, 0x000000070b100000, 0x000000070b100000|100%| O|  |TAMS 0x000000070b100000, 0x000000070b000000| Complete 
| 105|0x000000070b100000, 0x000000070b200000, 0x000000070b200000|100%| O|  |TAMS 0x000000070b200000, 0x000000070b100000| Complete 
| 106|0x000000070b200000, 0x000000070b300000, 0x000000070b300000|100%| O|  |TAMS 0x000000070b300000, 0x000000070b200000| Complete 
| 107|0x000000070b300000, 0x000000070b400000, 0x000000070b400000|100%| O|  |TAMS 0x000000070b400000, 0x000000070b300000| Complete 
| 108|0x000000070b400000, 0x000000070b500000, 0x000000070b500000|100%| O|  |TAMS 0x000000070b500000, 0x000000070b400000| Complete 
| 109|0x000000070b500000, 0x000000070b600000, 0x000000070b600000|100%| O|  |TAMS 0x000000070b600000, 0x000000070b500000| Complete 
| 110|0x000000070b600000, 0x000000070b700000, 0x000000070b700000|100%| O|  |TAMS 0x000000070b700000, 0x000000070b600000| Untracked 
| 111|0x000000070b700000, 0x000000070b800000, 0x000000070b800000|100%| O|  |TAMS 0x000000070b800000, 0x000000070b700000| Untracked 
| 112|0x000000070b800000, 0x000000070b900000, 0x000000070b900000|100%| O|  |TAMS 0x000000070b900000, 0x000000070b800000| Untracked 
| 113|0x000000070b900000, 0x000000070ba00000, 0x000000070ba00000|100%| O|  |TAMS 0x000000070ba00000, 0x000000070b900000| Untracked 
| 114|0x000000070ba00000, 0x000000070bb00000, 0x000000070bb00000|100%| O|  |TAMS 0x000000070bb00000, 0x000000070ba00000| Untracked 
| 115|0x000000070bb00000, 0x000000070bc00000, 0x000000070bc00000|100%| O|  |TAMS 0x000000070bc00000, 0x000000070bb00000| Untracked 
| 116|0x000000070bc00000, 0x000000070bd00000, 0x000000070bd00000|100%| O|  |TAMS 0x000000070bd00000, 0x000000070bc00000| Complete 
| 117|0x000000070bd00000, 0x000000070be00000, 0x000000070be00000|100%| O|  |TAMS 0x000000070be00000, 0x000000070bd00000| Complete 
| 118|0x000000070be00000, 0x000000070bf00000, 0x000000070bf00000|100%| O|  |TAMS 0x000000070bf00000, 0x000000070be00000| Complete 
| 119|0x000000070bf00000, 0x000000070c000000, 0x000000070c000000|100%| O|  |TAMS 0x000000070c000000, 0x000000070bf00000| Complete 
| 120|0x000000070c000000, 0x000000070c100000, 0x000000070c100000|100%| O|  |TAMS 0x000000070c100000, 0x000000070c000000| Untracked 
| 121|0x000000070c100000, 0x000000070c200000, 0x000000070c200000|100%| O|  |TAMS 0x000000070c200000, 0x000000070c100000| Untracked 
| 122|0x000000070c200000, 0x000000070c300000, 0x000000070c300000|100%| O|  |TAMS 0x000000070c300000, 0x000000070c200000| Untracked 
| 123|0x000000070c300000, 0x000000070c400000, 0x000000070c400000|100%| O|  |TAMS 0x000000070c400000, 0x000000070c300000| Complete 
| 124|0x000000070c400000, 0x000000070c500000, 0x000000070c500000|100%| O|  |TAMS 0x000000070c500000, 0x000000070c400000| Untracked 
| 125|0x000000070c500000, 0x000000070c600000, 0x000000070c600000|100%| O|  |TAMS 0x000000070c600000, 0x000000070c500000| Untracked 
| 126|0x000000070c600000, 0x000000070c700000, 0x000000070c700000|100%| O|  |TAMS 0x000000070c700000, 0x000000070c600000| Untracked 
| 127|0x000000070c700000, 0x000000070c800000, 0x000000070c800000|100%| O|  |TAMS 0x000000070c800000, 0x000000070c700000| Untracked 
| 128|0x000000070c800000, 0x000000070c900000, 0x000000070c900000|100%| O|  |TAMS 0x000000070c900000, 0x000000070c800000| Untracked 
| 129|0x000000070c900000, 0x000000070ca00000, 0x000000070ca00000|100%| O|  |TAMS 0x000000070ca00000, 0x000000070c900000| Complete 
| 130|0x000000070ca00000, 0x000000070cb00000, 0x000000070cb00000|100%|HS|  |TAMS 0x000000070cb00000, 0x000000070ca00000| Complete 
| 131|0x000000070cb00000, 0x000000070cc00000, 0x000000070cc00000|100%|HC|  |TAMS 0x000000070cc00000, 0x000000070cb00000| Complete 
| 132|0x000000070cc00000, 0x000000070cd00000, 0x000000070cd00000|100%|HS|  |TAMS 0x000000070cd00000, 0x000000070cc00000| Complete 
| 133|0x000000070cd00000, 0x000000070ce00000, 0x000000070ce00000|100%|HC|  |TAMS 0x000000070ce00000, 0x000000070cd00000| Complete 
| 134|0x000000070ce00000, 0x000000070cf00000, 0x000000070cf00000|100%|HC|  |TAMS 0x000000070cf00000, 0x000000070ce00000| Complete 
| 135|0x000000070cf00000, 0x000000070d000000, 0x000000070d000000|100%|HC|  |TAMS 0x000000070d000000, 0x000000070cf00000| Complete 
| 136|0x000000070d000000, 0x000000070d100000, 0x000000070d100000|100%| O|  |TAMS 0x000000070d100000, 0x000000070d000000| Untracked 
| 137|0x000000070d100000, 0x000000070d200000, 0x000000070d200000|100%| O|  |TAMS 0x000000070d200000, 0x000000070d100000| Untracked 
| 138|0x000000070d200000, 0x000000070d300000, 0x000000070d300000|100%| O|  |TAMS 0x000000070d300000, 0x000000070d200000| Complete 
| 139|0x000000070d300000, 0x000000070d400000, 0x000000070d400000|100%| O|  |TAMS 0x000000070d400000, 0x000000070d300000| Complete 
| 140|0x000000070d400000, 0x000000070d500000, 0x000000070d500000|100%| O|  |TAMS 0x000000070d500000, 0x000000070d400000| Complete 
| 141|0x000000070d500000, 0x000000070d600000, 0x000000070d600000|100%| O|  |TAMS 0x000000070d600000, 0x000000070d500000| Untracked 
| 142|0x000000070d600000, 0x000000070d700000, 0x000000070d700000|100%| O|  |TAMS 0x000000070d700000, 0x000000070d600000| Untracked 
| 143|0x000000070d700000, 0x000000070d800000, 0x000000070d800000|100%| O|  |TAMS 0x000000070d800000, 0x000000070d700000| Untracked 
| 144|0x000000070d800000, 0x000000070d900000, 0x000000070d900000|100%| O|  |TAMS 0x000000070d900000, 0x000000070d800000| Untracked 
| 145|0x000000070d900000, 0x000000070da00000, 0x000000070da00000|100%| O|  |TAMS 0x000000070da00000, 0x000000070d900000| Untracked 
| 146|0x000000070da00000, 0x000000070db00000, 0x000000070db00000|100%| O|  |TAMS 0x000000070db00000, 0x000000070da00000| Untracked 
| 147|0x000000070db00000, 0x000000070dc00000, 0x000000070dc00000|100%| O|  |TAMS 0x000000070dc00000, 0x000000070db00000| Untracked 
| 148|0x000000070dc00000, 0x000000070dd00000, 0x000000070dd00000|100%| O|  |TAMS 0x000000070dd00000, 0x000000070dc00000| Complete 
| 149|0x000000070dd00000, 0x000000070de00000, 0x000000070de00000|100%|HS|  |TAMS 0x000000070de00000, 0x000000070dd00000| Complete 
| 150|0x000000070de00000, 0x000000070df00000, 0x000000070df00000|100%|HC|  |TAMS 0x000000070df00000, 0x000000070de00000| Complete 
| 151|0x000000070df00000, 0x000000070e000000, 0x000000070e000000|100%|HC|  |TAMS 0x000000070e000000, 0x000000070df00000| Complete 
| 152|0x000000070e000000, 0x000000070e100000, 0x000000070e100000|100%|HC|  |TAMS 0x000000070e100000, 0x000000070e000000| Complete 
| 153|0x000000070e100000, 0x000000070e200000, 0x000000070e200000|100%|HC|  |TAMS 0x000000070e200000, 0x000000070e100000| Complete 
| 154|0x000000070e200000, 0x000000070e300000, 0x000000070e300000|100%|HC|  |TAMS 0x000000070e300000, 0x000000070e200000| Complete 
| 155|0x000000070e300000, 0x000000070e400000, 0x000000070e400000|100%| O|  |TAMS 0x000000070e400000, 0x000000070e300000| Untracked 
| 156|0x000000070e400000, 0x000000070e500000, 0x000000070e500000|100%| O|  |TAMS 0x000000070e500000, 0x000000070e400000| Untracked 
| 157|0x000000070e500000, 0x000000070e600000, 0x000000070e600000|100%| O|  |TAMS 0x000000070e600000, 0x000000070e500000| Untracked 
| 158|0x000000070e600000, 0x000000070e700000, 0x000000070e700000|100%| O|  |TAMS 0x000000070e700000, 0x000000070e600000| Untracked 
| 159|0x000000070e700000, 0x000000070e800000, 0x000000070e800000|100%| O|  |TAMS 0x000000070e800000, 0x000000070e700000| Untracked 
| 160|0x000000070e800000, 0x000000070e900000, 0x000000070e900000|100%| O|  |TAMS 0x000000070e900000, 0x000000070e800000| Untracked 
| 161|0x000000070e900000, 0x000000070ea00000, 0x000000070ea00000|100%| O|  |TAMS 0x000000070ea00000, 0x000000070e900000| Untracked 
| 162|0x000000070ea00000, 0x000000070eb00000, 0x000000070eb00000|100%| O|  |TAMS 0x000000070eae3e00, 0x000000070ea00000| Untracked 
| 163|0x000000070eb00000, 0x000000070eb00000, 0x000000070ec00000|  0%| F|  |TAMS 0x000000070eb00000, 0x000000070eb00000| Untracked 
| 164|0x000000070ec00000, 0x000000070ec00000, 0x000000070ed00000|  0%| F|  |TAMS 0x000000070ec00000, 0x000000070ec00000| Untracked 
| 165|0x000000070ed00000, 0x000000070ed00000, 0x000000070ee00000|  0%| F|  |TAMS 0x000000070ed00000, 0x000000070ed00000| Untracked 
| 166|0x000000070ee00000, 0x000000070ee00000, 0x000000070ef00000|  0%| F|  |TAMS 0x000000070ee00000, 0x000000070ee00000| Untracked 
| 167|0x000000070ef00000, 0x000000070ef00000, 0x000000070f000000|  0%| F|  |TAMS 0x000000070ef00000, 0x000000070ef00000| Untracked 
| 168|0x000000070f000000, 0x000000070f000000, 0x000000070f100000|  0%| F|  |TAMS 0x000000070f000000, 0x000000070f000000| Untracked 
| 169|0x000000070f100000, 0x000000070f100000, 0x000000070f200000|  0%| F|  |TAMS 0x000000070f100000, 0x000000070f100000| Untracked 
| 170|0x000000070f200000, 0x000000070f200000, 0x000000070f300000|  0%| F|  |TAMS 0x000000070f200000, 0x000000070f200000| Untracked 
| 171|0x000000070f300000, 0x000000070f300000, 0x000000070f400000|  0%| F|  |TAMS 0x000000070f300000, 0x000000070f300000| Untracked 
| 172|0x000000070f400000, 0x000000070f400000, 0x000000070f500000|  0%| F|  |TAMS 0x000000070f400000, 0x000000070f400000| Untracked 
| 173|0x000000070f500000, 0x000000070f500000, 0x000000070f600000|  0%| F|  |TAMS 0x000000070f500000, 0x000000070f500000| Untracked 
| 174|0x000000070f600000, 0x000000070f600000, 0x000000070f700000|  0%| F|  |TAMS 0x000000070f600000, 0x000000070f600000| Untracked 
| 175|0x000000070f700000, 0x000000070f700000, 0x000000070f800000|  0%| F|  |TAMS 0x000000070f700000, 0x000000070f700000| Untracked 
| 176|0x000000070f800000, 0x000000070f800000, 0x000000070f900000|  0%| F|  |TAMS 0x000000070f800000, 0x000000070f800000| Untracked 
| 177|0x000000070f900000, 0x000000070f900000, 0x000000070fa00000|  0%| F|  |TAMS 0x000000070f900000, 0x000000070f900000| Untracked 
| 178|0x000000070fa00000, 0x000000070fa00000, 0x000000070fb00000|  0%| F|  |TAMS 0x000000070fa00000, 0x000000070fa00000| Untracked 
| 179|0x000000070fb00000, 0x000000070fb00000, 0x000000070fc00000|  0%| F|  |TAMS 0x000000070fb00000, 0x000000070fb00000| Untracked 
| 180|0x000000070fc00000, 0x000000070fc00000, 0x000000070fd00000|  0%| F|  |TAMS 0x000000070fc00000, 0x000000070fc00000| Untracked 
| 181|0x000000070fd00000, 0x000000070fd00000, 0x000000070fe00000|  0%| F|  |TAMS 0x000000070fd00000, 0x000000070fd00000| Untracked 
| 182|0x000000070fe00000, 0x000000070fe00000, 0x000000070ff00000|  0%| F|  |TAMS 0x000000070fe00000, 0x000000070fe00000| Untracked 
| 183|0x000000070ff00000, 0x000000070ff00000, 0x0000000710000000|  0%| F|  |TAMS 0x000000070ff00000, 0x000000070ff00000| Untracked 
| 184|0x0000000710000000, 0x0000000710000000, 0x0000000710100000|  0%| F|  |TAMS 0x0000000710000000, 0x0000000710000000| Untracked 
| 185|0x0000000710100000, 0x0000000710100000, 0x0000000710200000|  0%| F|  |TAMS 0x0000000710100000, 0x0000000710100000| Untracked 
| 186|0x0000000710200000, 0x0000000710200000, 0x0000000710300000|  0%| F|  |TAMS 0x0000000710200000, 0x0000000710200000| Untracked 
| 187|0x0000000710300000, 0x0000000710300000, 0x0000000710400000|  0%| F|  |TAMS 0x0000000710300000, 0x0000000710300000| Untracked 
| 188|0x0000000710400000, 0x0000000710400000, 0x0000000710500000|  0%| F|  |TAMS 0x0000000710400000, 0x0000000710400000| Untracked 
| 189|0x0000000710500000, 0x0000000710500000, 0x0000000710600000|  0%| F|  |TAMS 0x0000000710500000, 0x0000000710500000| Untracked 
| 190|0x0000000710600000, 0x0000000710600000, 0x0000000710700000|  0%| F|  |TAMS 0x0000000710600000, 0x0000000710600000| Untracked 
| 191|0x0000000710700000, 0x0000000710700000, 0x0000000710800000|  0%| F|  |TAMS 0x0000000710700000, 0x0000000710700000| Untracked 
| 192|0x0000000710800000, 0x0000000710800000, 0x0000000710900000|  0%| F|  |TAMS 0x0000000710800000, 0x0000000710800000| Untracked 
| 193|0x0000000710900000, 0x0000000710900000, 0x0000000710a00000|  0%| F|  |TAMS 0x0000000710900000, 0x0000000710900000| Untracked 
| 194|0x0000000710a00000, 0x0000000710a00000, 0x0000000710b00000|  0%| F|  |TAMS 0x0000000710a00000, 0x0000000710a00000| Untracked 
| 195|0x0000000710b00000, 0x0000000710b00000, 0x0000000710c00000|  0%| F|  |TAMS 0x0000000710b00000, 0x0000000710b00000| Untracked 
| 196|0x0000000710c00000, 0x0000000710c00000, 0x0000000710d00000|  0%| F|  |TAMS 0x0000000710c00000, 0x0000000710c00000| Untracked 
| 197|0x0000000710d00000, 0x0000000710d00000, 0x0000000710e00000|  0%| F|  |TAMS 0x0000000710d00000, 0x0000000710d00000| Untracked 
| 198|0x0000000710e00000, 0x0000000710e00000, 0x0000000710f00000|  0%| F|  |TAMS 0x0000000710e00000, 0x0000000710e00000| Untracked 
| 199|0x0000000710f00000, 0x0000000710f00000, 0x0000000711000000|  0%| F|  |TAMS 0x0000000710f00000, 0x0000000710f00000| Untracked 
| 200|0x0000000711000000, 0x0000000711000000, 0x0000000711100000|  0%| F|  |TAMS 0x0000000711000000, 0x0000000711000000| Untracked 
| 201|0x0000000711100000, 0x0000000711100000, 0x0000000711200000|  0%| F|  |TAMS 0x0000000711100000, 0x0000000711100000| Untracked 
| 202|0x0000000711200000, 0x0000000711200000, 0x0000000711300000|  0%| F|  |TAMS 0x0000000711200000, 0x0000000711200000| Untracked 
| 203|0x0000000711300000, 0x0000000711300000, 0x0000000711400000|  0%| F|  |TAMS 0x0000000711300000, 0x0000000711300000| Untracked 
| 204|0x0000000711400000, 0x0000000711400000, 0x0000000711500000|  0%| F|  |TAMS 0x0000000711400000, 0x0000000711400000| Untracked 
| 205|0x0000000711500000, 0x0000000711500000, 0x0000000711600000|  0%| F|  |TAMS 0x0000000711500000, 0x0000000711500000| Untracked 
| 206|0x0000000711600000, 0x0000000711600000, 0x0000000711700000|  0%| F|  |TAMS 0x0000000711600000, 0x0000000711600000| Untracked 
| 207|0x0000000711700000, 0x0000000711700000, 0x0000000711800000|  0%| F|  |TAMS 0x0000000711700000, 0x0000000711700000| Untracked 
| 208|0x0000000711800000, 0x0000000711800000, 0x0000000711900000|  0%| F|  |TAMS 0x0000000711800000, 0x0000000711800000| Untracked 
| 209|0x0000000711900000, 0x0000000711900000, 0x0000000711a00000|  0%| F|  |TAMS 0x0000000711900000, 0x0000000711900000| Untracked 
| 210|0x0000000711a00000, 0x0000000711a00000, 0x0000000711b00000|  0%| F|  |TAMS 0x0000000711a00000, 0x0000000711a00000| Untracked 
| 211|0x0000000711b00000, 0x0000000711b00000, 0x0000000711c00000|  0%| F|  |TAMS 0x0000000711b00000, 0x0000000711b00000| Untracked 
| 212|0x0000000711c00000, 0x0000000711c00000, 0x0000000711d00000|  0%| F|  |TAMS 0x0000000711c00000, 0x0000000711c00000| Untracked 
| 213|0x0000000711d00000, 0x0000000711d00000, 0x0000000711e00000|  0%| F|  |TAMS 0x0000000711d00000, 0x0000000711d00000| Untracked 
| 214|0x0000000711e00000, 0x0000000711e00000, 0x0000000711f00000|  0%| F|  |TAMS 0x0000000711e00000, 0x0000000711e00000| Untracked 
| 215|0x0000000711f00000, 0x0000000711f00000, 0x0000000712000000|  0%| F|  |TAMS 0x0000000711f00000, 0x0000000711f00000| Untracked 
| 216|0x0000000712000000, 0x0000000712000000, 0x0000000712100000|  0%| F|  |TAMS 0x0000000712000000, 0x0000000712000000| Untracked 
| 217|0x0000000712100000, 0x0000000712200000, 0x0000000712200000|100%| S|CS|TAMS 0x0000000712100000, 0x0000000712100000| Complete 
| 218|0x0000000712200000, 0x0000000712300000, 0x0000000712300000|100%| S|CS|TAMS 0x0000000712200000, 0x0000000712200000| Complete 
| 219|0x0000000712300000, 0x0000000712400000, 0x0000000712400000|100%| S|CS|TAMS 0x0000000712300000, 0x0000000712300000| Complete 
| 220|0x0000000712400000, 0x0000000712500000, 0x0000000712500000|100%| S|CS|TAMS 0x0000000712400000, 0x0000000712400000| Complete 
| 221|0x0000000712500000, 0x0000000712600000, 0x0000000712600000|100%| S|CS|TAMS 0x0000000712500000, 0x0000000712500000| Complete 
| 222|0x0000000712600000, 0x0000000712700000, 0x0000000712700000|100%| S|CS|TAMS 0x0000000712600000, 0x0000000712600000| Complete 
| 223|0x0000000712700000, 0x0000000712800000, 0x0000000712800000|100%| S|CS|TAMS 0x0000000712700000, 0x0000000712700000| Complete 
| 224|0x0000000712800000, 0x0000000712900000, 0x0000000712900000|100%| S|CS|TAMS 0x0000000712800000, 0x0000000712800000| Complete 
| 225|0x0000000712900000, 0x0000000712a00000, 0x0000000712a00000|100%| S|CS|TAMS 0x0000000712900000, 0x0000000712900000| Complete 
| 226|0x0000000712a00000, 0x0000000712b00000, 0x0000000712b00000|100%| S|CS|TAMS 0x0000000712a00000, 0x0000000712a00000| Complete 
| 227|0x0000000712b00000, 0x0000000712b00000, 0x0000000712c00000|  0%| F|  |TAMS 0x0000000712b00000, 0x0000000712b00000| Untracked 
| 228|0x0000000712c00000, 0x0000000712c00000, 0x0000000712d00000|  0%| F|  |TAMS 0x0000000712c00000, 0x0000000712c00000| Untracked 
| 229|0x0000000712d00000, 0x0000000712d00000, 0x0000000712e00000|  0%| F|  |TAMS 0x0000000712d00000, 0x0000000712d00000| Untracked 
| 230|0x0000000712e00000, 0x0000000712e00000, 0x0000000712f00000|  0%| F|  |TAMS 0x0000000712e00000, 0x0000000712e00000| Untracked 
| 231|0x0000000712f00000, 0x0000000712f00000, 0x0000000713000000|  0%| F|  |TAMS 0x0000000712f00000, 0x0000000712f00000| Untracked 
| 232|0x0000000713000000, 0x0000000713000000, 0x0000000713100000|  0%| F|  |TAMS 0x0000000713000000, 0x0000000713000000| Untracked 
| 233|0x0000000713100000, 0x0000000713100000, 0x0000000713200000|  0%| F|  |TAMS 0x0000000713100000, 0x0000000713100000| Untracked 
| 234|0x0000000713200000, 0x0000000713200000, 0x0000000713300000|  0%| F|  |TAMS 0x0000000713200000, 0x0000000713200000| Untracked 
| 235|0x0000000713300000, 0x0000000713300000, 0x0000000713400000|  0%| F|  |TAMS 0x0000000713300000, 0x0000000713300000| Untracked 
| 236|0x0000000713400000, 0x0000000713400000, 0x0000000713500000|  0%| F|  |TAMS 0x0000000713400000, 0x0000000713400000| Untracked 
| 237|0x0000000713500000, 0x0000000713500000, 0x0000000713600000|  0%| F|  |TAMS 0x0000000713500000, 0x0000000713500000| Untracked 
| 238|0x0000000713600000, 0x0000000713600000, 0x0000000713700000|  0%| F|  |TAMS 0x0000000713600000, 0x0000000713600000| Untracked 
| 239|0x0000000713700000, 0x0000000713700000, 0x0000000713800000|  0%| F|  |TAMS 0x0000000713700000, 0x0000000713700000| Untracked 
| 240|0x0000000713800000, 0x0000000713800000, 0x0000000713900000|  0%| F|  |TAMS 0x0000000713800000, 0x0000000713800000| Untracked 
| 241|0x0000000713900000, 0x0000000713900000, 0x0000000713a00000|  0%| F|  |TAMS 0x0000000713900000, 0x0000000713900000| Untracked 
| 242|0x0000000713a00000, 0x0000000713a00000, 0x0000000713b00000|  0%| F|  |TAMS 0x0000000713a00000, 0x0000000713a00000| Untracked 
| 243|0x0000000713b00000, 0x0000000713b00000, 0x0000000713c00000|  0%| F|  |TAMS 0x0000000713b00000, 0x0000000713b00000| Untracked 
| 244|0x0000000713c00000, 0x0000000713c00000, 0x0000000713d00000|  0%| F|  |TAMS 0x0000000713c00000, 0x0000000713c00000| Untracked 
| 245|0x0000000713d00000, 0x0000000713d00000, 0x0000000713e00000|  0%| F|  |TAMS 0x0000000713d00000, 0x0000000713d00000| Untracked 
| 246|0x0000000713e00000, 0x0000000713e00000, 0x0000000713f00000|  0%| F|  |TAMS 0x0000000713e00000, 0x0000000713e00000| Untracked 
| 247|0x0000000713f00000, 0x0000000713f00000, 0x0000000714000000|  0%| F|  |TAMS 0x0000000713f00000, 0x0000000713f00000| Untracked 
| 248|0x0000000714000000, 0x0000000714000000, 0x0000000714100000|  0%| F|  |TAMS 0x0000000714000000, 0x0000000714000000| Untracked 
| 249|0x0000000714100000, 0x0000000714100000, 0x0000000714200000|  0%| F|  |TAMS 0x0000000714100000, 0x0000000714100000| Untracked 
| 250|0x0000000714200000, 0x0000000714200000, 0x0000000714300000|  0%| F|  |TAMS 0x0000000714200000, 0x0000000714200000| Untracked 
| 251|0x0000000714300000, 0x0000000714300000, 0x0000000714400000|  0%| F|  |TAMS 0x0000000714300000, 0x0000000714300000| Untracked 
| 252|0x0000000714400000, 0x0000000714400000, 0x0000000714500000|  0%| F|  |TAMS 0x0000000714400000, 0x0000000714400000| Untracked 
| 253|0x0000000714500000, 0x0000000714500000, 0x0000000714600000|  0%| F|  |TAMS 0x0000000714500000, 0x0000000714500000| Untracked 
| 254|0x0000000714600000, 0x0000000714600000, 0x0000000714700000|  0%| F|  |TAMS 0x0000000714600000, 0x0000000714600000| Untracked 
| 255|0x0000000714700000, 0x0000000714700000, 0x0000000714800000|  0%| F|  |TAMS 0x0000000714700000, 0x0000000714700000| Untracked 
| 256|0x0000000714800000, 0x0000000714800000, 0x0000000714900000|  0%| F|  |TAMS 0x0000000714800000, 0x0000000714800000| Untracked 
| 257|0x0000000714900000, 0x0000000714900000, 0x0000000714a00000|  0%| F|  |TAMS 0x0000000714900000, 0x0000000714900000| Untracked 
| 258|0x0000000714a00000, 0x0000000714a00000, 0x0000000714b00000|  0%| F|  |TAMS 0x0000000714a00000, 0x0000000714a00000| Untracked 
| 259|0x0000000714b00000, 0x0000000714b00000, 0x0000000714c00000|  0%| F|  |TAMS 0x0000000714b00000, 0x0000000714b00000| Untracked 
| 260|0x0000000714c00000, 0x0000000714c00000, 0x0000000714d00000|  0%| F|  |TAMS 0x0000000714c00000, 0x0000000714c00000| Untracked 
| 261|0x0000000714d00000, 0x0000000714d00000, 0x0000000714e00000|  0%| F|  |TAMS 0x0000000714d00000, 0x0000000714d00000| Untracked 
| 262|0x0000000714e00000, 0x0000000714e00000, 0x0000000714f00000|  0%| F|  |TAMS 0x0000000714e00000, 0x0000000714e00000| Untracked 
| 263|0x0000000714f00000, 0x0000000714f00000, 0x0000000715000000|  0%| F|  |TAMS 0x0000000714f00000, 0x0000000714f00000| Untracked 
| 264|0x0000000715000000, 0x0000000715000000, 0x0000000715100000|  0%| F|  |TAMS 0x0000000715000000, 0x0000000715000000| Untracked 
| 265|0x0000000715100000, 0x0000000715100000, 0x0000000715200000|  0%| F|  |TAMS 0x0000000715100000, 0x0000000715100000| Untracked 
| 266|0x0000000715200000, 0x0000000715200000, 0x0000000715300000|  0%| F|  |TAMS 0x0000000715200000, 0x0000000715200000| Untracked 
| 267|0x0000000715300000, 0x0000000715300000, 0x0000000715400000|  0%| F|  |TAMS 0x0000000715300000, 0x0000000715300000| Untracked 
| 268|0x0000000715400000, 0x0000000715400000, 0x0000000715500000|  0%| F|  |TAMS 0x0000000715400000, 0x0000000715400000| Untracked 
| 269|0x0000000715500000, 0x0000000715500000, 0x0000000715600000|  0%| F|  |TAMS 0x0000000715500000, 0x0000000715500000| Untracked 
| 270|0x0000000715600000, 0x0000000715600000, 0x0000000715700000|  0%| F|  |TAMS 0x0000000715600000, 0x0000000715600000| Untracked 
| 271|0x0000000715700000, 0x0000000715700000, 0x0000000715800000|  0%| F|  |TAMS 0x0000000715700000, 0x0000000715700000| Untracked 
| 272|0x0000000715800000, 0x0000000715800000, 0x0000000715900000|  0%| F|  |TAMS 0x0000000715800000, 0x0000000715800000| Untracked 
| 273|0x0000000715900000, 0x0000000715900000, 0x0000000715a00000|  0%| F|  |TAMS 0x0000000715900000, 0x0000000715900000| Untracked 
| 274|0x0000000715a00000, 0x0000000715a00000, 0x0000000715b00000|  0%| F|  |TAMS 0x0000000715a00000, 0x0000000715a00000| Untracked 
| 275|0x0000000715b00000, 0x0000000715b00000, 0x0000000715c00000|  0%| F|  |TAMS 0x0000000715b00000, 0x0000000715b00000| Untracked 
| 276|0x0000000715c00000, 0x0000000715c00000, 0x0000000715d00000|  0%| F|  |TAMS 0x0000000715c00000, 0x0000000715c00000| Untracked 
| 277|0x0000000715d00000, 0x0000000715d00000, 0x0000000715e00000|  0%| F|  |TAMS 0x0000000715d00000, 0x0000000715d00000| Untracked 
| 278|0x0000000715e00000, 0x0000000715e00000, 0x0000000715f00000|  0%| F|  |TAMS 0x0000000715e00000, 0x0000000715e00000| Untracked 
| 279|0x0000000715f00000, 0x0000000715f00000, 0x0000000716000000|  0%| F|  |TAMS 0x0000000715f00000, 0x0000000715f00000| Untracked 
| 280|0x0000000716000000, 0x0000000716000000, 0x0000000716100000|  0%| F|  |TAMS 0x0000000716000000, 0x0000000716000000| Untracked 
| 281|0x0000000716100000, 0x0000000716100000, 0x0000000716200000|  0%| F|  |TAMS 0x0000000716100000, 0x0000000716100000| Untracked 
| 282|0x0000000716200000, 0x0000000716200000, 0x0000000716300000|  0%| F|  |TAMS 0x0000000716200000, 0x0000000716200000| Untracked 
| 283|0x0000000716300000, 0x0000000716300000, 0x0000000716400000|  0%| F|  |TAMS 0x0000000716300000, 0x0000000716300000| Untracked 
| 284|0x0000000716400000, 0x0000000716400000, 0x0000000716500000|  0%| F|  |TAMS 0x0000000716400000, 0x0000000716400000| Untracked 
| 285|0x0000000716500000, 0x0000000716500000, 0x0000000716600000|  0%| F|  |TAMS 0x0000000716500000, 0x0000000716500000| Untracked 
| 286|0x0000000716600000, 0x0000000716600000, 0x0000000716700000|  0%| F|  |TAMS 0x0000000716600000, 0x0000000716600000| Untracked 
| 287|0x0000000716700000, 0x0000000716700000, 0x0000000716800000|  0%| F|  |TAMS 0x0000000716700000, 0x0000000716700000| Untracked 
| 288|0x0000000716800000, 0x0000000716800000, 0x0000000716900000|  0%| F|  |TAMS 0x0000000716800000, 0x0000000716800000| Untracked 
| 289|0x0000000716900000, 0x0000000716900000, 0x0000000716a00000|  0%| F|  |TAMS 0x0000000716900000, 0x0000000716900000| Untracked 
| 290|0x0000000716a00000, 0x0000000716a00000, 0x0000000716b00000|  0%| F|  |TAMS 0x0000000716a00000, 0x0000000716a00000| Untracked 
| 291|0x0000000716b00000, 0x0000000716b00000, 0x0000000716c00000|  0%| F|  |TAMS 0x0000000716b00000, 0x0000000716b00000| Untracked 
| 292|0x0000000716c00000, 0x0000000716c00000, 0x0000000716d00000|  0%| F|  |TAMS 0x0000000716c00000, 0x0000000716c00000| Untracked 
| 293|0x0000000716d00000, 0x0000000716d00000, 0x0000000716e00000|  0%| F|  |TAMS 0x0000000716d00000, 0x0000000716d00000| Untracked 
| 294|0x0000000716e00000, 0x0000000716e00000, 0x0000000716f00000|  0%| F|  |TAMS 0x0000000716e00000, 0x0000000716e00000| Untracked 
| 295|0x0000000716f00000, 0x0000000716f00000, 0x0000000717000000|  0%| F|  |TAMS 0x0000000716f00000, 0x0000000716f00000| Untracked 
| 296|0x0000000717000000, 0x0000000717000000, 0x0000000717100000|  0%| F|  |TAMS 0x0000000717000000, 0x0000000717000000| Untracked 
| 297|0x0000000717100000, 0x0000000717100000, 0x0000000717200000|  0%| F|  |TAMS 0x0000000717100000, 0x0000000717100000| Untracked 
| 298|0x0000000717200000, 0x0000000717200000, 0x0000000717300000|  0%| F|  |TAMS 0x0000000717200000, 0x0000000717200000| Untracked 
| 299|0x0000000717300000, 0x0000000717361580, 0x0000000717400000| 38%| E|  |TAMS 0x0000000717300000, 0x0000000717300000| Complete 
| 300|0x0000000717400000, 0x0000000717500000, 0x0000000717500000|100%| E|CS|TAMS 0x0000000717400000, 0x0000000717400000| Complete 
| 301|0x0000000717500000, 0x0000000717600000, 0x0000000717600000|100%| E|CS|TAMS 0x0000000717500000, 0x0000000717500000| Complete 
| 302|0x0000000717600000, 0x0000000717700000, 0x0000000717700000|100%| E|  |TAMS 0x0000000717600000, 0x0000000717600000| Complete 

Card table byte_map: [0x0000018e71db0000,0x0000018e72590000] _byte_map_base: 0x0000018e6e58c000

Marking Bits (Prev, Next): (CMBitMap*) 0x0000018e57c7c058, (CMBitMap*) 0x0000018e57c7c090
 Prev Bits: [0x0000018e72d70000, 0x0000018e76c50000)
 Next Bits: [0x0000018e76c50000, 0x0000018e7ab30000)

Polling page: 0x0000018e57cd0000

Metaspace:

Usage:
  Non-class:     79.15 MB capacity,    77.36 MB ( 98%) used,     1.43 MB (  2%) free+waste,   363.81 KB ( <1%) overhead. 
      Class:     10.24 MB capacity,     9.00 MB ( 88%) used,     1.08 MB ( 11%) free+waste,   166.19 KB (  2%) overhead. 
       Both:     89.39 MB capacity,    86.36 MB ( 97%) used,     2.50 MB (  3%) free+waste,   530.00 KB ( <1%) overhead. 

Virtual space:
  Non-class space:       80.00 MB reserved,      79.25 MB (>99%) committed 
      Class space:        1.00 GB reserved,      10.25 MB (  1%) committed 
             Both:        1.08 GB reserved,      89.50 MB (  8%) committed 

Chunk freelists:
   Non-Class:  43.00 KB
       Class:  0 bytes
        Both:  43.00 KB

MaxMetaspaceSize: 17179869184.00 GB
CompressedClassSpaceSize: 1.00 GB
Initial GC threshold: 20.80 MB
Current GC threshold: 144.79 MB
CDS: off

CodeHeap 'non-profiled nmethods': size=120000Kb used=9167Kb max_used=9512Kb free=110832Kb
 bounds [0x0000018e69640000, 0x0000018e69fa0000, 0x0000018e70b70000]
CodeHeap 'profiled nmethods': size=120000Kb used=31635Kb max_used=31635Kb free=88364Kb
 bounds [0x0000018e62110000, 0x0000018e64120000, 0x0000018e69640000]
CodeHeap 'non-nmethods': size=5760Kb used=1753Kb max_used=1856Kb free=4006Kb
 bounds [0x0000018e61b70000, 0x0000018e61de0000, 0x0000018e62110000]
 total_blobs=11258 nmethods=10193 adapters=984
 compilation: enabled
              stopped_count=0, restarted_count=0
 full_count=0

Compilation events (20 events):
Event: 438.952 Thread 0x0000018e7dfdb800 nmethod 11396 0x0000018e629c7c90 code [0x0000018e629c7e40, 0x0000018e629c7fd8]
Event: 438.952 Thread 0x0000018e7dfdb800 11395       2       org.bouncycastle.math.raw.Mod::inversionStep (144 bytes)
Event: 438.952 Thread 0x0000018e7dfdb800 nmethod 11395 0x0000018e62239610 code [0x0000018e62239840, 0x0000018e62239f38]
Event: 438.952 Thread 0x0000018e7dfdb800 11397       2       org.bouncycastle.math.raw.Nat::gte (56 bytes)
Event: 438.952 Thread 0x0000018e7dfdb800 nmethod 11397 0x0000018e629c7610 code [0x0000018e629c77e0, 0x0000018e629c7a78]
Event: 438.952 Thread 0x0000018e7dfdb800 11390       2       sun.java2d.SunGraphics2D::getClipBounds (102 bytes)
Event: 438.953 Thread 0x0000018e7dfdb800 nmethod 11390 0x0000018e6223dd10 code [0x0000018e6223dfa0, 0x0000018e6223e568]
Event: 438.953 Thread 0x0000018e7dfdb800 11398       2       java.math.BigInteger::shiftRightImpl (290 bytes)
Event: 438.954 Thread 0x0000018e7dfdb800 nmethod 11398 0x0000018e62279910 code [0x0000018e62279b20, 0x0000018e6227a3e8]
Event: 438.954 Thread 0x0000018e7dfdb800 11394       2       org.bouncycastle.math.raw.Nat::isOne (41 bytes)
Event: 438.954 Thread 0x0000018e7dfdb800 nmethod 11394 0x0000018e62545610 code [0x0000018e625457c0, 0x0000018e625459d8]
Event: 438.954 Thread 0x0000018e7dfdb800 11399       2       org.bouncycastle.math.ec.ECPoint::<init> (31 bytes)
Event: 438.954 Thread 0x0000018e7dfdb800 nmethod 11399 0x0000018e62545110 code [0x0000018e625452c0, 0x0000018e62545578]
Event: 438.954 Thread 0x0000018e7dfdb800 11400       1       org.bouncycastle.math.ec.ECCurve::getCoordinateSystem (5 bytes)
Event: 438.954 Thread 0x0000018e7dfdb800 nmethod 11400 0x0000018e6978a090 code [0x0000018e6978a240, 0x0000018e6978a2f8]
Event: 438.955 Thread 0x0000018e7dfdb800 11402       2       org.bouncycastle.math.ec.custom.sec.SecP256R1Point::<init> (16 bytes)
Event: 438.955 Thread 0x0000018e7dfdb800 nmethod 11402 0x0000018e62544a90 code [0x0000018e62544c40, 0x0000018e62544f18]
Event: 438.955 Thread 0x0000018e7dfdb800 11403       2       org.bouncycastle.math.ec.ECPoint$AbstractFp::<init> (10 bytes)
Event: 438.955 Thread 0x0000018e7dfdb800 nmethod 11403 0x0000018e62562510 code [0x0000018e625626c0, 0x0000018e62562978]
Event: 438.955 Thread 0x0000018e7dfdb800 11407 %     3       org.bouncycastle.math.raw.Nat256::mul @ 292 (637 bytes)

GC Heap History (20 events):
Event: 433.196 GC heap before
{Heap before GC invocations=22 (full 0):
 garbage-first heap   total 310272K, used 252448K [0x0000000704800000, 0x0000000800000000)
  region size 1024K, 117 young (119808K), 3 survivors (3072K)
 Metaspace       used 84642K, capacity 87470K, committed 87680K, reserved 1126400K
  class space    used 8952K, capacity 10092K, committed 10112K, reserved 1048576K
}
Event: 433.199 GC heap after
{Heap after GC invocations=23 (full 0):
 garbage-first heap   total 310272K, used 135599K [0x0000000704800000, 0x0000000800000000)
  region size 1024K, 3 young (3072K), 3 survivors (3072K)
 Metaspace       used 84642K, capacity 87470K, committed 87680K, reserved 1126400K
  class space    used 8952K, capacity 10092K, committed 10112K, reserved 1048576K
}
Event: 433.220 GC heap before
{Heap before GC invocations=23 (full 0):
 garbage-first heap   total 310272K, used 254383K [0x0000000704800000, 0x0000000800000000)
  region size 1024K, 119 young (121856K), 3 survivors (3072K)
 Metaspace       used 84645K, capacity 87470K, committed 87680K, reserved 1126400K
  class space    used 8952K, capacity 10092K, committed 10112K, reserved 1048576K
}
Event: 433.222 GC heap after
{Heap after GC invocations=24 (full 0):
 garbage-first heap   total 310272K, used 135645K [0x0000000704800000, 0x0000000800000000)
  region size 1024K, 3 young (3072K), 3 survivors (3072K)
 Metaspace       used 84645K, capacity 87470K, committed 87680K, reserved 1126400K
  class space    used 8952K, capacity 10092K, committed 10112K, reserved 1048576K
}
Event: 433.243 GC heap before
{Heap before GC invocations=24 (full 0):
 garbage-first heap   total 310272K, used 256477K [0x0000000704800000, 0x0000000800000000)
  region size 1024K, 121 young (123904K), 3 survivors (3072K)
 Metaspace       used 84646K, capacity 87470K, committed 87680K, reserved 1126400K
  class space    used 8952K, capacity 10092K, committed 10112K, reserved 1048576K
}
Event: 433.245 GC heap after
{Heap after GC invocations=25 (full 0):
 garbage-first heap   total 310272K, used 135566K [0x0000000704800000, 0x0000000800000000)
  region size 1024K, 3 young (3072K), 3 survivors (3072K)
 Metaspace       used 84646K, capacity 87470K, committed 87680K, reserved 1126400K
  class space    used 8952K, capacity 10092K, committed 10112K, reserved 1048576K
}
Event: 433.266 GC heap before
{Heap before GC invocations=25 (full 0):
 garbage-first heap   total 310272K, used 258446K [0x0000000704800000, 0x0000000800000000)
  region size 1024K, 123 young (125952K), 3 survivors (3072K)
 Metaspace       used 84646K, capacity 87470K, committed 87680K, reserved 1126400K
  class space    used 8952K, capacity 10092K, committed 10112K, reserved 1048576K
}
Event: 433.269 GC heap after
{Heap after GC invocations=26 (full 0):
 garbage-first heap   total 310272K, used 135634K [0x0000000704800000, 0x0000000800000000)
  region size 1024K, 3 young (3072K), 3 survivors (3072K)
 Metaspace       used 84646K, capacity 87470K, committed 87680K, reserved 1126400K
  class space    used 8952K, capacity 10092K, committed 10112K, reserved 1048576K
}
Event: 433.290 GC heap before
{Heap before GC invocations=26 (full 0):
 garbage-first heap   total 310272K, used 260562K [0x0000000704800000, 0x0000000800000000)
  region size 1024K, 125 young (128000K), 3 survivors (3072K)
 Metaspace       used 84646K, capacity 87470K, committed 87680K, reserved 1126400K
  class space    used 8952K, capacity 10092K, committed 10112K, reserved 1048576K
}
Event: 433.292 GC heap after
{Heap after GC invocations=27 (full 0):
 garbage-first heap   total 310272K, used 135619K [0x0000000704800000, 0x0000000800000000)
  region size 1024K, 3 young (3072K), 3 survivors (3072K)
 Metaspace       used 84646K, capacity 87470K, committed 87680K, reserved 1126400K
  class space    used 8952K, capacity 10092K, committed 10112K, reserved 1048576K
}
Event: 433.314 GC heap before
{Heap before GC invocations=27 (full 0):
 garbage-first heap   total 310272K, used 262595K [0x0000000704800000, 0x0000000800000000)
  region size 1024K, 127 young (130048K), 3 survivors (3072K)
 Metaspace       used 84646K, capacity 87470K, committed 87680K, reserved 1126400K
  class space    used 8952K, capacity 10092K, committed 10112K, reserved 1048576K
}
Event: 433.317 GC heap after
{Heap after GC invocations=28 (full 0):
 garbage-first heap   total 310272K, used 135577K [0x0000000704800000, 0x0000000800000000)
  region size 1024K, 3 young (3072K), 3 survivors (3072K)
 Metaspace       used 84646K, capacity 87470K, committed 87680K, reserved 1126400K
  class space    used 8952K, capacity 10092K, committed 10112K, reserved 1048576K
}
Event: 433.339 GC heap before
{Heap before GC invocations=28 (full 0):
 garbage-first heap   total 310272K, used 263577K [0x0000000704800000, 0x0000000800000000)
  region size 1024K, 128 young (131072K), 3 survivors (3072K)
 Metaspace       used 84646K, capacity 87470K, committed 87680K, reserved 1126400K
  class space    used 8952K, capacity 10092K, committed 10112K, reserved 1048576K
}
Event: 433.341 GC heap after
{Heap after GC invocations=29 (full 0):
 garbage-first heap   total 310272K, used 135582K [0x0000000704800000, 0x0000000800000000)
  region size 1024K, 3 young (3072K), 3 survivors (3072K)
 Metaspace       used 84646K, capacity 87470K, committed 87680K, reserved 1126400K
  class space    used 8952K, capacity 10092K, committed 10112K, reserved 1048576K
}
Event: 437.395 GC heap before
{Heap before GC invocations=29 (full 0):
 garbage-first heap   total 310272K, used 221598K [0x0000000704800000, 0x0000000800000000)
  region size 1024K, 83 young (84992K), 3 survivors (3072K)
 Metaspace       used 85007K, capacity 87888K, committed 88064K, reserved 1126400K
  class space    used 8985K, capacity 10126K, committed 10240K, reserved 1048576K
}
Event: 437.400 GC heap after
{Heap after GC invocations=30 (full 0):
 garbage-first heap   total 310272K, used 146559K [0x0000000704800000, 0x0000000800000000)
  region size 1024K, 10 young (10240K), 10 survivors (10240K)
 Metaspace       used 85007K, capacity 87888K, committed 88064K, reserved 1126400K
  class space    used 8985K, capacity 10126K, committed 10240K, reserved 1048576K
}
Event: 437.862 GC heap before
{Heap before GC invocations=31 (full 0):
 garbage-first heap   total 310272K, used 206975K [0x0000000704800000, 0x0000000800000000)
  region size 1024K, 55 young (56320K), 10 survivors (10240K)
 Metaspace       used 85797K, capacity 88645K, committed 88960K, reserved 1128448K
  class space    used 9055K, capacity 10247K, committed 10368K, reserved 1048576K
}
Event: 437.871 GC heap after
{Heap after GC invocations=32 (full 0):
 garbage-first heap   total 310272K, used 182159K [0x0000000704800000, 0x0000000800000000)
  region size 1024K, 15 young (15360K), 15 survivors (15360K)
 Metaspace       used 85797K, capacity 88645K, committed 88960K, reserved 1128448K
  class space    used 9055K, capacity 10247K, committed 10368K, reserved 1048576K
}
Event: 438.906 GC heap before
{Heap before GC invocations=33 (full 0):
 garbage-first heap   total 310272K, used 224143K [0x0000000704800000, 0x0000000800000000)
  region size 1024K, 76 young (77824K), 15 survivors (15360K)
 Metaspace       used 88204K, capacity 91276K, committed 91392K, reserved 1130496K
  class space    used 9212K, capacity 10487K, committed 10496K, reserved 1048576K
}
Event: 438.914 GC heap after
{Heap after GC invocations=34 (full 0):
 garbage-first heap   total 310272K, used 169112K [0x0000000704800000, 0x0000000800000000)
  region size 1024K, 10 young (10240K), 10 survivors (10240K)
 Metaspace       used 88204K, capacity 91276K, committed 91392K, reserved 1130496K
  class space    used 9212K, capacity 10487K, committed 10496K, reserved 1048576K
}

Deoptimization events (20 events):
Event: 438.916 Thread 0x0000018e040b0000 DEOPT PACKING pc=0x0000018e62dc3f02 sp=0x0000005f890fe040
Event: 438.916 Thread 0x0000018e040b0000 DEOPT UNPACKING pc=0x0000018e61bb9d0e sp=0x0000005f890fd630 mode 0
Event: 438.916 Thread 0x0000018e040b0000 DEOPT PACKING pc=0x0000018e62dc3f02 sp=0x0000005f890fe220
Event: 438.916 Thread 0x0000018e040b0000 DEOPT UNPACKING pc=0x0000018e61bb9d0e sp=0x0000005f890fd810 mode 0
Event: 438.916 Thread 0x0000018e040b0000 DEOPT PACKING pc=0x0000018e640963fa sp=0x0000005f890fcac0
Event: 438.916 Thread 0x0000018e040b0000 DEOPT UNPACKING pc=0x0000018e61bb9d0e sp=0x0000005f890fc670 mode 0
Event: 438.920 Thread 0x0000018e040b3800 Uncommon trap: trap_request=0xffffff4d fr.pc=0x0000018e6986bba8 relative=0x0000000000001468
Event: 438.920 Thread 0x0000018e040b3800 Uncommon trap: reason=unstable_if action=reinterpret pc=0x0000018e6986bba8 method=java.util.concurrent.ConcurrentHashMap.putVal(Ljava/lang/Object;Ljava/lang/Object;Z)Ljava/lang/Object; @ 401 c2
Event: 438.920 Thread 0x0000018e040b3800 DEOPT PACKING pc=0x0000018e6986bba8 sp=0x0000005f88afcdd0
Event: 438.920 Thread 0x0000018e040b3800 DEOPT UNPACKING pc=0x0000018e61b785af sp=0x0000005f88afcd80 mode 2
Event: 438.921 Thread 0x0000018e040b3800 Uncommon trap: trap_request=0xffffff4d fr.pc=0x0000018e697dba5c relative=0x000000000000029c
Event: 438.921 Thread 0x0000018e040b3800 Uncommon trap: reason=unstable_if action=reinterpret pc=0x0000018e697dba5c method=java.util.concurrent.ConcurrentHashMap.get(Ljava/lang/Object;)Ljava/lang/Object; @ 86 c2
Event: 438.921 Thread 0x0000018e040b3800 DEOPT PACKING pc=0x0000018e697dba5c sp=0x0000005f88afce80
Event: 438.921 Thread 0x0000018e040b3800 DEOPT UNPACKING pc=0x0000018e61b785af sp=0x0000005f88afce18 mode 2
Event: 438.922 Thread 0x0000018e040b0000 DEOPT PACKING pc=0x0000018e6375de3a sp=0x0000005f890fa640
Event: 438.922 Thread 0x0000018e040b0000 DEOPT UNPACKING pc=0x0000018e61bb9d0e sp=0x0000005f890f9b50 mode 0
Event: 438.924 Thread 0x0000018e040b3800 Uncommon trap: trap_request=0xffffff4d fr.pc=0x0000018e6986e878 relative=0x00000000000011f8
Event: 438.925 Thread 0x0000018e040b3800 Uncommon trap: reason=unstable_if action=reinterpret pc=0x0000018e6986e878 method=java.util.concurrent.ConcurrentHashMap.transfer([Ljava/util/concurrent/ConcurrentHashMap$Node;[Ljava/util/concurrent/ConcurrentHashMap$Node;)V @ 352 c2
Event: 438.925 Thread 0x0000018e040b3800 DEOPT PACKING pc=0x0000018e6986e878 sp=0x0000005f88afd700
Event: 438.925 Thread 0x0000018e040b3800 DEOPT UNPACKING pc=0x0000018e61b785af sp=0x0000005f88afd698 mode 2

Classes redefined (0 events):
No events

Internal exceptions (20 events):
Event: 438.355 Thread 0x0000018e040b0000 Exception <a 'java/lang/IncompatibleClassChangeError'{0x00000007160d69d0}: Found class java.lang.Object, but interface was expected> (0x00000007160d69d0) thrown at [s\src\hotspot\share\interpreter\linkResolver.cpp, line 839]
Event: 438.356 Thread 0x0000018e040b0000 Exception <a 'java/lang/IncompatibleClassChangeError'{0x00000007160d9240}: Found class java.lang.Object, but interface was expected> (0x00000007160d9240) thrown at [s\src\hotspot\share\interpreter\linkResolver.cpp, line 839]
Event: 438.356 Thread 0x0000018e040b0000 Exception <a 'java/lang/IncompatibleClassChangeError'{0x00000007160dbce0}: Found class java.lang.Object, but interface was expected> (0x00000007160dbce0) thrown at [s\src\hotspot\share\interpreter\linkResolver.cpp, line 839]
Event: 438.356 Thread 0x0000018e040b0000 Exception <a 'java/lang/IncompatibleClassChangeError'{0x00000007160de508}: Found class java.lang.Object, but interface was expected> (0x00000007160de508) thrown at [s\src\hotspot\share\interpreter\linkResolver.cpp, line 839]
Event: 438.356 Thread 0x0000018e040b0000 Exception <a 'java/lang/IncompatibleClassChangeError'{0x00000007160e0d60}: Found class java.lang.Object, but interface was expected> (0x00000007160e0d60) thrown at [s\src\hotspot\share\interpreter\linkResolver.cpp, line 839]
Event: 438.356 Thread 0x0000018e040b0000 Exception <a 'java/lang/IncompatibleClassChangeError'{0x00000007160e3858}: Found class java.lang.Object, but interface was expected> (0x00000007160e3858) thrown at [s\src\hotspot\share\interpreter\linkResolver.cpp, line 839]
Event: 438.356 Thread 0x0000018e040b0000 Exception <a 'java/lang/IncompatibleClassChangeError'{0x00000007160e60b8}: Found class java.lang.Object, but interface was expected> (0x00000007160e60b8) thrown at [s\src\hotspot\share\interpreter\linkResolver.cpp, line 839]
Event: 438.356 Thread 0x0000018e040b0000 Exception <a 'java/lang/IncompatibleClassChangeError'{0x00000007160e8b80}: Found class java.lang.Object, but interface was expected> (0x00000007160e8b80) thrown at [s\src\hotspot\share\interpreter\linkResolver.cpp, line 839]
Event: 438.356 Thread 0x0000018e040b0000 Exception <a 'java/lang/IncompatibleClassChangeError'{0x00000007160eb3e8}: Found class java.lang.Object, but interface was expected> (0x00000007160eb3e8) thrown at [s\src\hotspot\share\interpreter\linkResolver.cpp, line 839]
Event: 438.357 Thread 0x0000018e040b0000 Exception <a 'java/lang/IncompatibleClassChangeError'{0x00000007160edc50}: Found class java.lang.Object, but interface was expected> (0x00000007160edc50) thrown at [s\src\hotspot\share\interpreter\linkResolver.cpp, line 839]
Event: 438.357 Thread 0x0000018e040b0000 Exception <a 'java/lang/IncompatibleClassChangeError'{0x00000007160f06e8}: Found class java.lang.Object, but interface was expected> (0x00000007160f06e8) thrown at [s\src\hotspot\share\interpreter\linkResolver.cpp, line 839]
Event: 438.357 Thread 0x0000018e040b0000 Exception <a 'java/lang/IncompatibleClassChangeError'{0x00000007160f2f48}: Found class java.lang.Object, but interface was expected> (0x00000007160f2f48) thrown at [s\src\hotspot\share\interpreter\linkResolver.cpp, line 839]
Event: 438.357 Thread 0x0000018e040b0000 Exception <a 'java/lang/IncompatibleClassChangeError'{0x00000007160f5a10}: Found class java.lang.Object, but interface was expected> (0x00000007160f5a10) thrown at [s\src\hotspot\share\interpreter\linkResolver.cpp, line 839]
Event: 438.357 Thread 0x0000018e040b0000 Exception <a 'java/lang/IncompatibleClassChangeError'{0x00000007160f8270}: Found class java.lang.Object, but interface was expected> (0x00000007160f8270) thrown at [s\src\hotspot\share\interpreter\linkResolver.cpp, line 839]
Event: 438.357 Thread 0x0000018e040b0000 Exception <a 'java/lang/IncompatibleClassChangeError'{0x00000007160fad28}: Found class java.lang.Object, but interface was expected> (0x00000007160fad28) thrown at [s\src\hotspot\share\interpreter\linkResolver.cpp, line 839]
Event: 438.357 Thread 0x0000018e040b0000 Exception <a 'java/lang/IncompatibleClassChangeError'{0x00000007160fd598}: Found class java.lang.Object, but interface was expected> (0x00000007160fd598) thrown at [s\src\hotspot\share\interpreter\linkResolver.cpp, line 839]
Event: 438.377 Thread 0x0000018e040b0000 Exception <a 'java/lang/NoSuchMethodError'{0x0000000715fb6780}: 'void java.lang.invoke.DirectMethodHandle$Holder.invokeStatic(java.lang.Object, long)'> (0x0000000715fb6780) thrown at [s\src\hotspot\share\interpreter\linkResolver.cpp, line 773]
Event: 438.619 Thread 0x0000018e040b0000 Exception <a 'java/lang/NoSuchMethodError'{0x0000000713ade0f8}: 'java.lang.Object java.lang.invoke.DirectMethodHandle$Holder.invokeStatic(java.lang.Object, java.lang.Object, java.lang.Object, java.lang.Object, java.lang.Object, int)'> (0x0000000713ade0f8) thrown at [s\src\hotspot\share\interpreter\linkResolver.cpp, line 773]
Event: 438.619 Thread 0x0000018e040b0000 Exception <a 'java/lang/NoSuchMethodError'{0x0000000713ae1e70}: 'java.lang.Object java.lang.invoke.DirectMethodHandle$Holder.invokeSpecial(java.lang.Object, java.lang.Object, java.lang.Object, java.lang.Object, java.lang.Object, java.lang.Object, int)'> (0x0000000713ae1e70) thrown at [s\src\hotspot\share\interpreter\linkResolver.cpp, line 773]
Event: 438.771 Thread 0x0000018e040b0000 Implicit null exception at 0x0000018e69e55910 to 0x0000018e69e56184

Events (20 events):
Event: 438.903 loading class java/security/cert/PKIXRevocationChecker
Event: 438.903 loading class java/security/cert/PKIXRevocationChecker done
Event: 438.905 loading class sun/security/util/AnchorCertificates
Event: 438.905 loading class sun/security/util/AnchorCertificates done
Event: 438.905 loading class sun/security/util/AnchorCertificates$1
Event: 438.905 loading class java/util/SimpleTimeZone
Event: 438.905 loading class sun/security/util/AnchorCertificates$1 done
Event: 438.905 loading class sun/security/provider/JavaKeyStore$DualFormatJKS
Event: 438.905 loading class sun/security/provider/JavaKeyStore$DualFormatJKS done
Event: 438.906 loading class java/util/SimpleTimeZone done
Event: 438.906 Executing VM operation: G1CollectForAllocation
Event: 438.914 Executing VM operation: G1CollectForAllocation done
Event: 438.917 loading class sun/security/util/HostnameChecker
Event: 438.918 loading class sun/security/util/HostnameChecker done
Event: 438.920 loading class java/util/concurrent/ConcurrentHashMap$TreeNode
Event: 438.921 loading class java/util/concurrent/ConcurrentHashMap$TreeNode done
Event: 438.921 loading class java/util/concurrent/ConcurrentHashMap$TreeBin
Event: 438.921 loading class java/util/concurrent/ConcurrentHashMap$TreeBin done
Event: 438.924 Executing VM operation: RevokeBias
Event: 438.925 Executing VM operation: RevokeBias done


Dynamic libraries:
0x00007ff770740000 - 0x00007ff77074e000 	C:\Users\Donni\.jdks\corretto-11.0.22\bin\java.exe
0x00007fff2cc50000 - 0x00007fff2ce67000 	C:\WINDOWS\SYSTEM32\ntdll.dll
0x00007fff2c200000 - 0x00007fff2c2c4000 	C:\WINDOWS\System32\KERNEL32.DLL
0x00007fff2a2a0000 - 0x00007fff2a646000 	C:\WINDOWS\System32\KERNELBASE.dll
0x00007fff2a180000 - 0x00007fff2a291000 	C:\WINDOWS\System32\ucrtbase.dll
0x00007fff23d10000 - 0x00007fff23d27000 	C:\Users\Donni\.jdks\corretto-11.0.22\bin\jli.dll
0x00007fff20fe0000 - 0x00007fff20ffb000 	C:\Users\Donni\.jdks\corretto-11.0.22\bin\VCRUNTIME140.dll
0x00007fff2af40000 - 0x00007fff2b0ee000 	C:\WINDOWS\System32\USER32.dll
0x00007fff2a650000 - 0x00007fff2a676000 	C:\WINDOWS\System32\win32u.dll
0x00007fff0be70000 - 0x00007fff0c103000 	C:\WINDOWS\WinSxS\amd64_microsoft.windows.common-controls_6595b64144ccf1df_6.0.22621.2506_none_270c5ae97388e100\COMCTL32.dll
0x00007fff2b170000 - 0x00007fff2b199000 	C:\WINDOWS\System32\GDI32.dll
0x00007fff2bbe0000 - 0x00007fff2bc87000 	C:\WINDOWS\System32\msvcrt.dll
0x00007fff2a030000 - 0x00007fff2a148000 	C:\WINDOWS\System32\gdi32full.dll
0x00007fff29f90000 - 0x00007fff2a02a000 	C:\WINDOWS\System32\msvcp_win.dll
0x00007fff2cb40000 - 0x00007fff2cb71000 	C:\WINDOWS\System32\IMM32.DLL
0x00007fff26d80000 - 0x00007fff26d8c000 	C:\Users\Donni\.jdks\corretto-11.0.22\bin\vcruntime140_1.dll
0x00007fff0ace0000 - 0x00007fff0ad6d000 	C:\Users\Donni\.jdks\corretto-11.0.22\bin\msvcp140.dll
0x00007ffed6730000 - 0x00007ffed72f3000 	C:\Users\Donni\.jdks\corretto-11.0.22\bin\server\jvm.dll
0x00007fff2c2e0000 - 0x00007fff2c393000 	C:\WINDOWS\System32\ADVAPI32.dll
0x00007fff2c8f0000 - 0x00007fff2c998000 	C:\WINDOWS\System32\sechost.dll
0x00007fff2a150000 - 0x00007fff2a178000 	C:\WINDOWS\System32\bcrypt.dll
0x00007fff2c9a0000 - 0x00007fff2cab7000 	C:\WINDOWS\System32\RPCRT4.dll
0x00007fff2ae20000 - 0x00007fff2ae28000 	C:\WINDOWS\System32\PSAPI.DLL
0x00007fff254a0000 - 0x00007fff254a9000 	C:\WINDOWS\SYSTEM32\WSOCK32.dll
0x00007fff203f0000 - 0x00007fff203fa000 	C:\WINDOWS\SYSTEM32\VERSION.dll
0x00007fff20f10000 - 0x00007fff20f44000 	C:\WINDOWS\SYSTEM32\WINMM.dll
0x00007fff2cac0000 - 0x00007fff2cb31000 	C:\WINDOWS\System32\WS2_32.dll
0x00007fff28fc0000 - 0x00007fff28fd8000 	C:\WINDOWS\SYSTEM32\kernel.appcore.dll
0x00007fff254b0000 - 0x00007fff254c0000 	C:\Users\Donni\.jdks\corretto-11.0.22\bin\verify.dll
0x00007fff272d0000 - 0x00007fff27503000 	C:\WINDOWS\SYSTEM32\DBGHELP.DLL
0x00007fff2bc90000 - 0x00007fff2c019000 	C:\WINDOWS\System32\combase.dll
0x00007fff2ba90000 - 0x00007fff2bb67000 	C:\WINDOWS\System32\OLEAUT32.dll
0x00007ffefe410000 - 0x00007ffefe442000 	C:\WINDOWS\SYSTEM32\dbgcore.DLL
0x00007fff2a860000 - 0x00007fff2a8da000 	C:\WINDOWS\System32\bcryptPrimitives.dll
0x00007fff20040000 - 0x00007fff20068000 	C:\Users\Donni\.jdks\corretto-11.0.22\bin\java.dll
0x00007fff23dd0000 - 0x00007fff23dda000 	C:\Users\Donni\.jdks\corretto-11.0.22\bin\jimage.dll
0x00007fff1fce0000 - 0x00007fff1fd19000 	C:\Users\Donni\.jdks\corretto-11.0.22\bin\jdwp.dll
0x00007fff22740000 - 0x00007fff2274e000 	C:\Users\Donni\.jdks\corretto-11.0.22\bin\instrument.dll
0x00007fff1cb70000 - 0x00007fff1cb88000 	C:\Users\Donni\.jdks\corretto-11.0.22\bin\zip.dll
0x00007fff2b230000 - 0x00007fff2ba8a000 	C:\WINDOWS\System32\SHELL32.dll
0x00007fff27ee0000 - 0x00007fff287d6000 	C:\WINDOWS\SYSTEM32\windows.storage.dll
0x00007fff27da0000 - 0x00007fff27ede000 	C:\WINDOWS\SYSTEM32\wintypes.dll
0x00007fff2c7f0000 - 0x00007fff2c8e3000 	C:\WINDOWS\System32\SHCORE.dll
0x00007fff2ae30000 - 0x00007fff2ae8e000 	C:\WINDOWS\System32\shlwapi.dll
0x00007fff29ec0000 - 0x00007fff29ee6000 	C:\WINDOWS\SYSTEM32\profapi.dll
0x00007fff226f0000 - 0x00007fff226fa000 	C:\Users\Donni\.jdks\corretto-11.0.22\bin\dt_socket.dll
0x00007fff29440000 - 0x00007fff294a9000 	C:\WINDOWS\system32\mswsock.dll
0x00007fff1cb50000 - 0x00007fff1cb69000 	C:\Users\Donni\.jdks\corretto-11.0.22\bin\net.dll
0x00007fff23b20000 - 0x00007fff23c57000 	C:\WINDOWS\SYSTEM32\WINHTTP.dll
0x00007fff104e0000 - 0x00007fff104f2000 	C:\Users\Donni\.jdks\corretto-11.0.22\bin\nio.dll
0x00007fff1fea0000 - 0x00007fff1feae000 	C:\Users\Donni\.jdks\corretto-11.0.22\bin\sunmscapi.dll
0x00007fff2a6f0000 - 0x00007fff2a856000 	C:\WINDOWS\System32\CRYPT32.dll
0x00007fff29850000 - 0x00007fff2987e000 	C:\WINDOWS\SYSTEM32\ncrypt.dll
0x00007fff29810000 - 0x00007fff29847000 	C:\WINDOWS\SYSTEM32\NTASN1.dll
0x00007fff10000000 - 0x00007fff10027000 	C:\Users\Donni\.jdks\corretto-11.0.22\bin\sunec.dll
0x00007fff296f0000 - 0x00007fff29702000 	C:\WINDOWS\SYSTEM32\MSASN1.dll
0x00007fff296a0000 - 0x00007fff296bb000 	C:\WINDOWS\SYSTEM32\CRYPTSP.dll
0x00007fff28f20000 - 0x00007fff28f55000 	C:\WINDOWS\system32\rsaenh.dll
0x00007fff29690000 - 0x00007fff2969c000 	C:\WINDOWS\SYSTEM32\CRYPTBASE.dll
0x00007fff294d0000 - 0x00007fff294f6000 	C:\WINDOWS\SYSTEM32\gpapi.dll
0x00007fff29530000 - 0x00007fff2955c000 	C:\WINDOWS\SYSTEM32\USERENV.dll
0x00007fff29c70000 - 0x00007fff29c7a000 	C:\WINDOWS\SYSTEM32\DPAPI.dll
0x00007fff28ad0000 - 0x00007fff28afd000 	C:\WINDOWS\SYSTEM32\IPHLPAPI.DLL
0x00007fff2b160000 - 0x00007fff2b169000 	C:\WINDOWS\System32\NSI.dll
0x00007fff23960000 - 0x00007fff23979000 	C:\WINDOWS\SYSTEM32\dhcpcsvc6.DLL
0x00007fff23930000 - 0x00007fff2394f000 	C:\WINDOWS\SYSTEM32\dhcpcsvc.DLL
0x00007fff28b00000 - 0x00007fff28bf9000 	C:\WINDOWS\SYSTEM32\DNSAPI.dll
0x00007ffee3810000 - 0x00007ffee3992000 	C:\Users\Donni\.jdks\corretto-11.0.22\bin\awt.dll
0x00007fff263c0000 - 0x00007fff26457000 	C:\WINDOWS\SYSTEM32\apphelp.dll
0x00007fff26f10000 - 0x00007fff26fbb000 	C:\WINDOWS\system32\uxtheme.dll
0x00007fff2c3a0000 - 0x00007fff2c4f0000 	C:\WINDOWS\System32\MSCTF.dll
0x00007fff2c650000 - 0x00007fff2c7f0000 	C:\WINDOWS\System32\ole32.dll
0x00007fff27730000 - 0x00007fff2775b000 	C:\WINDOWS\system32\DWMAPI.DLL
0x00007ffef6b10000 - 0x00007ffef6c10000 	C:\WINDOWS\system32\opengl32.dll
0x00007ffef6ae0000 - 0x00007ffef6b0d000 	C:\WINDOWS\SYSTEM32\GLU32.dll
0x00007fff27570000 - 0x00007fff275a6000 	C:\WINDOWS\SYSTEM32\dxcore.dll
0x00007fff06e00000 - 0x00007fff06e87000 	C:\Users\Donni\.jdks\corretto-11.0.22\bin\freetype.dll
0x00007fff034b0000 - 0x00007fff03583000 	C:\Users\Donni\.jdks\corretto-11.0.22\bin\fontmanager.dll
0x00007fff105f0000 - 0x00007fff1073a000 	C:\WINDOWS\SYSTEM32\textinputframework.dll
0x00007fff1cb40000 - 0x00007fff1cb49000 	C:\Users\Donni\.jdks\corretto-11.0.22\bin\management.dll
0x00007fff254d0000 - 0x00007fff25604000 	C:\WINDOWS\SYSTEM32\CoreMessaging.dll
0x00007fff22860000 - 0x00007fff22bcc000 	C:\WINDOWS\SYSTEM32\CoreUIComponents.dll
0x00007fff0f910000 - 0x00007fff0f91b000 	C:\Users\Donni\.jdks\corretto-11.0.22\bin\management_ext.dll
0x00007fff203e0000 - 0x00007fff203ea000 	C:\Windows\System32\rasadhlp.dll
0x00007fff22570000 - 0x00007fff225f3000 	C:\WINDOWS\System32\fwpuclnt.dll
0x00007fff06f30000 - 0x00007fff06f74000 	C:\Users\Donni\AppData\Local\Temp\jna-68899\jna6777782414309106775.dll
0x00007ffefaf60000 - 0x00007ffefaffc000 	C:\Users\Donni\AppData\Local\Temp\jna-68899\jna4650693798648394505.dll
0x00007fff06c20000 - 0x00007fff06c9f000 	C:\Users\Donni\.jdks\corretto-11.0.22\bin\mlib_image.dll
0x00007fff0f8f0000 - 0x00007fff0f902000 	C:\Users\Donni\.jdks\corretto-11.0.22\bin\jsound.dll
0x00007ffee3760000 - 0x00007ffee3802000 	C:\WINDOWS\SYSTEM32\DSOUND.dll
0x00007fff29e60000 - 0x00007fff29ead000 	C:\WINDOWS\SYSTEM32\powrprof.dll
0x00007ffee36a0000 - 0x00007ffee3751000 	C:\WINDOWS\SYSTEM32\ResampleDmo.DLL
0x00007fff125d0000 - 0x00007fff125f9000 	C:\WINDOWS\SYSTEM32\winmmbase.dll
0x00007fff0f8e0000 - 0x00007fff0f8eb000 	C:\WINDOWS\SYSTEM32\msdmo.dll
0x00007fff29d90000 - 0x00007fff29da3000 	C:\WINDOWS\SYSTEM32\UMPDC.dll
0x00007fff2ae90000 - 0x00007fff2af40000 	C:\WINDOWS\System32\clbcatq.dll
0x00007fff1d470000 - 0x00007fff1d50d000 	C:\WINDOWS\System32\MMDevApi.dll
0x00007fff29bd0000 - 0x00007fff29bfc000 	C:\WINDOWS\System32\DEVOBJ.dll
0x00007fff29c00000 - 0x00007fff29c4e000 	C:\WINDOWS\SYSTEM32\cfgmgr32.dll
0x00007ffeccbc0000 - 0x00007ffeccc06000 	C:\WINDOWS\SYSTEM32\wdmaud.drv
0x00007fff05b50000 - 0x00007fff05b59000 	C:\WINDOWS\SYSTEM32\ksuser.dll
0x00007fff22e70000 - 0x00007fff22e7b000 	C:\WINDOWS\SYSTEM32\AVRT.dll
0x00007fff19ad0000 - 0x00007fff19cbc000 	C:\WINDOWS\SYSTEM32\AUDIOSES.DLL
0x00007fff23cd0000 - 0x00007fff23cde000 	C:\WINDOWS\SYSTEM32\msacm32.drv
0x00007fff19420000 - 0x00007fff1943e000 	C:\WINDOWS\SYSTEM32\MSACM32.dll
0x00007fff19410000 - 0x00007fff1941b000 	C:\WINDOWS\SYSTEM32\midimap.dll
0x00007fff27a70000 - 0x00007fff27a85000 	C:\WINDOWS\SYSTEM32\resourcepolicyclient.dll
0x00007fff1c770000 - 0x00007fff1c8e4000 	C:\Windows\System32\Windows.UI.dll
0x00007fff06dd0000 - 0x00007fff06dfd000 	C:\Users\Donni\.jdks\corretto-11.0.22\bin\javajpeg.dll
0x00007fff0f8d0000 - 0x00007fff0f8d6000 	C:\Users\Donni\AppData\Local\Temp\flatlaf.temp\flatlaf-windows-x86_64-422092146653000.dll
0x00007fff0e2c0000 - 0x00007fff0e2c7000 	C:\Users\Donni\.jdks\corretto-11.0.22\bin\jawt.dll
0x00007fff244b0000 - 0x00007fff24660000 	C:\WINDOWS\SYSTEM32\WindowsCodecs.dll
0x00007ffef3f20000 - 0x00007ffef3f7e000 	C:\WINDOWS\system32\dataexchange.dll
0x00007fff20ac0000 - 0x00007fff20d45000 	C:\WINDOWS\system32\twinapi.appcore.dll
0x00007fff21550000 - 0x00007fff2160c000 	C:\WINDOWS\SYSTEM32\mscms.dll
0x00007fff1fc70000 - 0x00007fff1fcb9000 	C:\WINDOWS\SYSTEM32\icm32.dll

dbghelp: loaded successfully - version: 4.0.5 - missing functions: none
symbol engine: initialized successfully - sym options: 0x614 - pdb path: .;C:\Users\Donni\.jdks\corretto-11.0.22\bin;C:\WINDOWS\SYSTEM32;C:\WINDOWS\WinSxS\amd64_microsoft.windows.common-controls_6595b64144ccf1df_6.0.22621.2506_none_270c5ae97388e100;C:\Users\Donni\.jdks\corretto-11.0.22\bin\server;C:\Users\Donni\AppData\Local\Temp\jna-68899;C:\Users\Donni\AppData\Local\Temp\flatlaf.temp

VM Arguments:
jvm_args: -agentlib:jdwp=transport=dt_socket,server=n,suspend=y,address=127.0.0.1:52806 -javaagent:C:\Users\Donni\.gradle\caches\modules-2\files-2.1\org.jetbrains.kotlinx\kotlinx-coroutines-core-jvm\1.6.0\f3b8fd26c2e76d2f18cbc36aacb6e349fcb9fd5f\kotlinx-coroutines-core-jvm-1.6.0.jar -Dfile.encoding=windows-1252 -Duser.country=US -Duser.language=en -Duser.variant -ea 
java_command: com.piggyplugins.PluginTester
java_class_path (initial): C:\Users\Donni\IdeaProjects\PiggyPlugins\build\classes\java\test;C:\Users\Donni\IdeaProjects\PiggyPlugins\build\resources\test;C:\Users\Donni\IdeaProjects\PiggyPlugins\build\classes\java\main;C:\Users\Donni\IdeaProjects\PiggyPlugins\build\resources\main;C:\Users\Donni\IdeaProjects\PiggyPlugins\AutoTitheFarm\build\libs\AutoTitheFarm-1.0.0.jar;C:\Users\Donni\IdeaProjects\PiggyPlugins\AutoAerial\build\libs\AutoAerial-1.0.0.jar;C:\Users\Donni\IdeaProjects\PiggyPlugins\AutoRuneDragons\build\libs\AutoRuneDragons-1.0.0.jar;C:\Users\Donni\IdeaProjects\PiggyPlugins\AutoBoner\build\libs\AutoBoner-1.0.3.jar;C:\Users\Donni\IdeaProjects\PiggyPlugins\AutoChompy\build\libs\AutoChompy-1.0.3.jar;C:\Users\Donni\IdeaProjects\PiggyPlugins\AutoVorkath\build\libs\AutoVorkath-1.0.19.jar;C:\Users\Donni\IdeaProjects\PiggyPlugins\AutoCombat\build\libs\AutoCombat-1.0.0.jar;C:\Users\Donni\IdeaProjects\PiggyPlugins\AutoTrapper\build\libs\AutoTrapper-1.0.0.jar;C:\Users\Donni\IdeaProjects\PiggyPlugins\AutoSmith\build\libs\AutoSmith-1.0.0.jar;C:\Users\Donni\IdeaProjects\PiggyPlugins\ButterflyCatcher\build\libs\ButterflyCatcher-1.0.0.jar;C:\Users\Donni\IdeaProjects\PiggyPlugins\DialogueContinuer\build\libs\DialogueContinuer-1.0.0.jar;C:\Users\Donni\IdeaProjects\PiggyPlugins\Firemaking\build\libs\Firemaking-1.0.0.jar;C:\Users\Donni\IdeaProjects\PiggyPlugins\KittenFeeder\build\libs\KittenFeeder-1.0.0.jar;C:\Users\Donni\IdeaProjects\PiggyPlugins\AutoJugHumidifier\build\libs\AutoJugHumidifier-1.0.0.jar;C:\Users\Donni\IdeaProjects\PiggyPlugins\AutoRifts\build\libs\AutoRifts-1.0.0.jar;C:\Users\Donni\IdeaProjects\PiggyPlugins\AutoTele\build\libs\AutoTele-1.0.0.jar;C:\Users\Donni\IdeaProjects\PiggyPlugins\CalvarionHelper\build\libs\CalvarionHelper-1.0.0.jar;C:\Users\Donni\IdeaProjects\PiggyPlugins\CannonReloader\build\libs\CannonReloader-1.0.0.jar;C:\Users\Donni\IdeaProjects\PiggyPlugins\E3T4G\build\libs\E3T4G-1.0.0.jar;C:\Users\Donni\IdeaProjects\PiggyPlugins\EthansApi\build\l
Launcher Type: SUN_STANDARD

[Global flags]
     intx CICompilerCount                          = 4                                         {product} {ergonomic}
     uint ConcGCThreads                            = 2                                         {product} {ergonomic}
     uint G1ConcRefinementThreads                  = 8                                         {product} {ergonomic}
   size_t G1HeapRegionSize                         = 1048576                                   {product} {ergonomic}
    uintx GCDrainStackTargetSize                   = 64                                        {product} {ergonomic}
   size_t InitialHeapSize                          = 264241152                                 {product} {ergonomic}
   size_t MarkStackSize                            = 4194304                                   {product} {ergonomic}
   size_t MaxHeapSize                              = 4219469824                                {product} {ergonomic}
   size_t MaxNewSize                               = 2531262464                                {product} {ergonomic}
   size_t MinHeapDeltaBytes                        = 1048576                                   {product} {ergonomic}
    uintx NonNMethodCodeHeapSize                   = 5836300                                {pd product} {ergonomic}
    uintx NonProfiledCodeHeapSize                  = 122910970                              {pd product} {ergonomic}
    uintx ProfiledCodeHeapSize                     = 122910970                              {pd product} {ergonomic}
    uintx ReservedCodeCacheSize                    = 251658240                              {pd product} {ergonomic}
     bool SegmentedCodeCache                       = true                                      {product} {ergonomic}
     bool UseCompressedClassPointers               = true                                 {lp64_product} {ergonomic}
     bool UseCompressedOops                        = true                                 {lp64_product} {ergonomic}
     bool UseG1GC                                  = true                                      {product} {ergonomic}
     bool UseLargePagesIndividualAllocation        = false                                  {pd product} {ergonomic}

Logging:
Log output configuration:
 #0: stdout all=warning uptime,level,tags
 #1: stderr all=off uptime,level,tags

Environment Variables:
JAVA_HOME=C:\Program Files (x86)\Eclipse Adoptium\jdk-11.0.21.9-hotspot\
PATH=C:\Program Files (x86)\Eclipse Adoptium\jdk-11.0.21.9-hotspot\bin;C:\Program Files\Common Files\Oracle\Java\javapath;C:\Python311\Scripts\;C:\Python311\;C:\WINDOWS\system32;C:\WINDOWS;C:\WINDOWS\System32\Wbem;C:\WINDOWS\System32\WindowsPowerShell\v1.0\;C:\WINDOWS\System32\OpenSSH\;C:\ProgramData\chocolatey\bin;C:\Program Files\Git\cmd;C:\Program Files\nodejs\;C:\Program Files\Microsoft VS Code\bin;C:\Program Files\dotnet\;C:\Users\Donni\AppData\Local\Microsoft\WindowsApps;;C:\Exercism;C:\Users\Donni\AppData\Roaming\npm;C:\Program Files\JetBrains\IntelliJ IDEA Community Edition 2023.2.5\bin;
USERNAME=Don
OS=Windows_NT
PROCESSOR_IDENTIFIER=Intel64 Family 6 Model 140 Stepping 1, GenuineIntel
TMP=C:\Users\Donni\AppData\Local\Temp
TEMP=C:\Users\Donni\AppData\Local\Temp



---------------  S Y S T E M  ---------------

OS: Windows 11 , 64 bit Build 22621 (10.0.22621.2506)
OS uptime: 0 days 11:50 hours

CPU:total 8 (initial active 8) (4 cores per cpu, 2 threads per core) family 6 model 140 stepping 1 microcode 0xac, cmov, cx8, fxsr, mmx, sse, sse2, sse3, ssse3, sse4.1, sse4.2, popcnt, avx, avx2, aes, clmul, erms, 3dnowpref, lzcnt, ht, tsc, tscinvbit, bmi1, bmi2, adx, evex, sha, fma

Memory: 4k page, system-wide physical 16091M (6524M free)
TotalPageFile size 17115M (AvailPageFile size 6312M)
current process WorkingSet (physical memory assigned to process): 644M, peak: 690M
current process commit charge ("private bytes"): 676M, peak: 731M

vm_info: OpenJDK 64-Bit Server VM (11.0.22+7-LTS) for windows-amd64 JRE (11.0.22+7-LTS), built on Jan 10 2024 19:54:00 by "Administrator" with MS VC++ 16.10 / 16.11 (VS2019)

END.
