#
# A fatal error has been detected by the Java Runtime Environment:
#
#  Internal Error (c1/c1_LIR.hpp:731), pid=9240, tid=2236
#  Error: ShouldNotReachHere()
#
# JRE version: OpenJDK Runtime Environment Corretto-11.0.22.7.1 (11.0.22+7) (build 11.0.22+7-LTS)
# Java VM: OpenJDK 64-Bit Server VM Corretto-11.0.22.7.1 (11.0.22+7-LTS, mixed mode, tiered, compressed oops, g1 gc, windows-amd64)
# No core dump will be written. Minidumps are not enabled by default on client versions of Windows
#
# If you would like to submit a bug report, please visit:
#   https://github.com/corretto/corretto-11/issues/
#

---------------  S U M M A R Y ------------

Command Line: -agentlib:jdwp=transport=dt_socket,server=n,suspend=y,address=127.0.0.1:53798 -javaagent:C:\Users\Donni\.gradle\caches\modules-2\files-2.1\org.jetbrains.kotlinx\kotlinx-coroutines-core-jvm\1.6.0\f3b8fd26c2e76d2f18cbc36aacb6e349fcb9fd5f\kotlinx-coroutines-core-jvm-1.6.0.jar -Dfile.encoding=windows-1252 -Duser.country=US -Duser.language=en -Duser.variant -ea com.piggyplugins.PluginTester

Host: 11th Gen Intel(R) Core(TM) i5-1145G7 @ 2.60GHz, 8 cores, 15G,  Windows 11 , 64 bit Build 22621 (10.0.22621.2506)
Time: Thu Feb  8 22:37:12 2024 Mountain Standard Time elapsed time: 22.983661 seconds (0d 0h 0m 22s)

---------------  T H R E A D  ---------------

Current thread (0x0000013f70381000):  JavaThread "C1 CompilerThread0" daemon [_thread_in_native, id=2236, stack(0x0000001b5a100000,0x0000001b5a200000)]


Current CompileTask:
C1:  22983 11085 %     3       org.bouncycastle.math.raw.Nat256::mul @ 292 (637 bytes)

Stack: [0x0000001b5a100000,0x0000001b5a200000]
Native frames: (J=compiled Java code, j=interpreted, Vv=VM code, C=native code)
V  [jvm.dll+0x64585a]
V  [jvm.dll+0x7d9bb9]
V  [jvm.dll+0x7db2b9]
V  [jvm.dll+0x7db957]
V  [jvm.dll+0x26941c]
V  [jvm.dll+0x269363]
V  [jvm.dll+0x1760a9]
V  [jvm.dll+0x171ea4]
V  [jvm.dll+0x168c0e]
V  [jvm.dll+0x1552d0]
V  [jvm.dll+0x13c659]
V  [jvm.dll+0x13bf8f]
V  [jvm.dll+0x13c1c4]
V  [jvm.dll+0x13b512]
V  [jvm.dll+0x13d3ac]
V  [jvm.dll+0x2305e9]
V  [jvm.dll+0x22e75f]
V  [jvm.dll+0x79ae51]
V  [jvm.dll+0x793b24]
V  [jvm.dll+0x644615]
C  [ucrtbase.dll+0x29363]
C  [KERNEL32.DLL+0x1257d]
C  [ntdll.dll+0x5aa58]


---------------  P R O C E S S  ---------------

Threads class SMR info:
_java_thread_list=0x0000013f791cd4a0, length=41, elements={
0x0000013f7031c800, 0x0000013f70326000, 0x0000013f70378800, 0x0000013f7037c000,
0x0000013f7037e000, 0x0000013f7037f000, 0x0000013f70381000, 0x0000013f70382000,
0x0000013f70506800, 0x0000013f70625000, 0x0000013f707aa000, 0x0000013f705d7800,
0x0000013f70d07000, 0x0000013f716e4800, 0x0000013f71656000, 0x0000013f71f4d800,
0x0000013f71e91000, 0x0000013f71665800, 0x0000013f7228d000, 0x0000013f72257000,
0x0000013f7246d000, 0x0000013f717bd800, 0x0000013f717be800, 0x0000013f717bf800,
0x0000013f72858000, 0x0000013f72856800, 0x0000013f7285a800, 0x0000013f72854800,
0x0000013f72859800, 0x0000013f7285b000, 0x0000013f72859000, 0x0000013f72855800,
0x0000013f7285c000, 0x0000013f7285d000, 0x0000013f7285e800, 0x0000013f7285d800,
0x0000013f72861000, 0x0000013f72861800, 0x0000013f01f96800, 0x0000013f7d334800,
0x0000013f717c0000
}

Java Threads: ( => current thread )
  0x0000013f7031c800 JavaThread "Reference Handler" daemon [_thread_blocked, id=5332, stack(0x0000001b59b00000,0x0000001b59c00000)]
  0x0000013f70326000 JavaThread "Finalizer" daemon [_thread_blocked, id=15968, stack(0x0000001b59c00000,0x0000001b59d00000)]
  0x0000013f70378800 JavaThread "Signal Dispatcher" daemon [_thread_blocked, id=15408, stack(0x0000001b59d00000,0x0000001b59e00000)]
  0x0000013f7037c000 JavaThread "Attach Listener" daemon [_thread_blocked, id=6608, stack(0x0000001b59e00000,0x0000001b59f00000)]
  0x0000013f7037e000 JavaThread "Service Thread" daemon [_thread_blocked, id=15516, stack(0x0000001b59f00000,0x0000001b5a000000)]
  0x0000013f7037f000 JavaThread "C2 CompilerThread0" daemon [_thread_in_native, id=3264, stack(0x0000001b5a000000,0x0000001b5a100000)]
=>0x0000013f70381000 JavaThread "C1 CompilerThread0" daemon [_thread_in_native, id=2236, stack(0x0000001b5a100000,0x0000001b5a200000)]
  0x0000013f70382000 JavaThread "Sweeper thread" daemon [_thread_blocked, id=16288, stack(0x0000001b5a200000,0x0000001b5a300000)]
  0x0000013f70506800 JavaThread "Common-Cleaner" daemon [_thread_blocked, id=2256, stack(0x0000001b5a300000,0x0000001b5a400000)]
  0x0000013f70625000 JavaThread "JDWP Transport Listener: dt_socket" daemon [_thread_blocked, id=11508, stack(0x0000001b5a500000,0x0000001b5a600000)]
  0x0000013f707aa000 JavaThread "JDWP Event Helper Thread" daemon [_thread_blocked, id=15400, stack(0x0000001b5a600000,0x0000001b5a700000)]
  0x0000013f705d7800 JavaThread "JDWP Command Reader" daemon [_thread_in_native, id=16148, stack(0x0000001b5a700000,0x0000001b5a800000)]
  0x0000013f70d07000 JavaThread "Coroutines Debugger Cleaner" daemon [_thread_blocked, id=3280, stack(0x0000001b5a800000,0x0000001b5a900000)]
  0x0000013f716e4800 JavaThread "Java2D Disposer" daemon [_thread_blocked, id=13028, stack(0x0000001b5b300000,0x0000001b5b400000)]
  0x0000013f71656000 JavaThread "AWT-Shutdown" [_thread_blocked, id=12416, stack(0x0000001b5b400000,0x0000001b5b500000)]
  0x0000013f71f4d800 JavaThread "AWT-Windows" daemon [_thread_in_native, id=336, stack(0x0000001b5b500000,0x0000001b5b600000)]
  0x0000013f71e91000 JavaThread "AWT-EventQueue-0" [_thread_blocked, id=9020, stack(0x0000001b5b700000,0x0000001b5b800000)]
  0x0000013f71665800 JavaThread "TimerQueue" daemon [_thread_blocked, id=1616, stack(0x0000001b5b800000,0x0000001b5b900000)]
  0x0000013f7228d000 JavaThread "OkHttp Dispatcher" [_thread_blocked, id=4812, stack(0x0000001b5b900000,0x0000001b5ba00000)]
  0x0000013f72257000 JavaThread "OkHttp static.runelite.net Writer" [_thread_blocked, id=15456, stack(0x0000001b5bc00000,0x0000001b5bd00000)]
  0x0000013f7246d000 JavaThread "OkHttp static.runelite.net" [_thread_in_native, id=9276, stack(0x0000001b5bd00000,0x0000001b5be00000)]
  0x0000013f717bd800 JavaThread "OkHttp ConnectionPool" daemon [_thread_blocked, id=14932, stack(0x0000001b5be00000,0x0000001b5bf00000)]
  0x0000013f717be800 JavaThread "Okio Watchdog" daemon [_thread_blocked, id=11928, stack(0x0000001b5bf00000,0x0000001b5c000000)]
  0x0000013f717bf800 JavaThread "OkHttp Http2Connection" daemon [_thread_blocked, id=10048, stack(0x0000001b5a400000,0x0000001b5a500000)]
  0x0000013f72858000 JavaThread "pool-2-thread-1" [_thread_blocked, id=10152, stack(0x0000001b5c300000,0x0000001b5c400000)]
  0x0000013f72856800 JavaThread "Thread-2" daemon [_thread_blocked, id=16316, stack(0x0000001b5ba00000,0x0000001b5bb00000)]
  0x0000013f7285a800 JavaThread "Client" daemon [_thread_in_Java, id=3144, stack(0x0000001b5c200000,0x0000001b5c300000)]
  0x0000013f72854800 JavaThread "Thread-4" daemon [_thread_in_native, id=2492, stack(0x0000001b5c400000,0x0000001b5c500000)]
  0x0000013f72859800 JavaThread "Thread-5" daemon [_thread_in_native, id=14536, stack(0x0000001b5c700000,0x0000001b5c800000)]
  0x0000013f7285b000 JavaThread "Thread-6" daemon [_thread_blocked, id=2340, stack(0x0000001b5c800000,0x0000001b5c900000)]
  0x0000013f72859000 JavaThread "cache io" daemon [_thread_blocked, id=11960, stack(0x0000001b5c900000,0x0000001b5ca00000)]
  0x0000013f72855800 JavaThread "Java Sound Event Dispatcher" daemon [_thread_blocked, id=8220, stack(0x0000001b5cc00000,0x0000001b5cd00000)]
  0x0000013f7285c000 JavaThread "Sound Engine" [_thread_blocked, id=15980, stack(0x0000001b5d000000,0x0000001b5d100000)]
  0x0000013f7285d000 JavaThread "Thread-8" daemon [_thread_blocked, id=12728, stack(0x0000001b5d300000,0x0000001b5d400000)]
  0x0000013f7285e800 JavaThread "pool-5-thread-1" [_thread_in_native, id=13368, stack(0x0000001b5d600000,0x0000001b5d700000)]
  0x0000013f7285d800 JavaThread "DestroyJavaVM" [_thread_blocked, id=15128, stack(0x0000001b59400000,0x0000001b59500000)]
  0x0000013f72861000 JavaThread "Thread-10" daemon [_thread_in_native, id=8672, stack(0x0000001b5aa00000,0x0000001b5ab00000)]
  0x0000013f72861800 JavaThread "Thread-11" daemon [_thread_blocked, id=10648, stack(0x0000001b5d100000,0x0000001b5d200000)]
  0x0000013f01f96800 JavaThread "C2 CompilerThread1" daemon [_thread_in_native, id=9536, stack(0x0000001b5d200000,0x0000001b5d300000)]
  0x0000013f7d334800 JavaThread "C2 CompilerThread2" daemon [_thread_in_native, id=15608, stack(0x0000001b5d500000,0x0000001b5d600000)]
  0x0000013f717c0000 JavaThread "crmsession-rest-request-1" daemon [_thread_in_native, id=9724, stack(0x0000001b5da00000,0x0000001b5db00000)]

Other Threads:
  0x0000013f702f8800 VMThread "VM Thread" [stack: 0x0000001b59a00000,0x0000001b59b00000] [id=356]
  0x0000013f70dfc000 WatcherThread [stack: 0x0000001b5a900000,0x0000001b5aa00000] [id=9176]
  0x0000013f49fe3800 GCTaskThread "GC Thread#0" [stack: 0x0000001b59500000,0x0000001b59600000] [id=8128]
  0x0000013f70fa5000 GCTaskThread "GC Thread#1" [stack: 0x0000001b5ab00000,0x0000001b5ac00000] [id=11628]
  0x0000013f71eba000 GCTaskThread "GC Thread#2" [stack: 0x0000001b5ac00000,0x0000001b5ad00000] [id=1000]
  0x0000013f712d5000 GCTaskThread "GC Thread#3" [stack: 0x0000001b5ad00000,0x0000001b5ae00000] [id=1924]
  0x0000013f712d6000 GCTaskThread "GC Thread#4" [stack: 0x0000001b5ae00000,0x0000001b5af00000] [id=4672]
  0x0000013f7229a000 GCTaskThread "GC Thread#5" [stack: 0x0000001b5af00000,0x0000001b5b000000] [id=13760]
  0x0000013f73023800 GCTaskThread "GC Thread#6" [stack: 0x0000001b5c000000,0x0000001b5c100000] [id=15048]
  0x0000013f7181a800 GCTaskThread "GC Thread#7" [stack: 0x0000001b5c100000,0x0000001b5c200000] [id=14740]
  0x0000013f4a03d800 ConcurrentGCThread "G1 Main Marker" [stack: 0x0000001b59600000,0x0000001b59700000] [id=11976]
  0x0000013f4a03f000 ConcurrentGCThread "G1 Conc#0" [stack: 0x0000001b59700000,0x0000001b59800000] [id=15588]
  0x0000013f71655800 ConcurrentGCThread "G1 Conc#1" [stack: 0x0000001b5b600000,0x0000001b5b700000] [id=9696]
  0x0000013f6f952800 ConcurrentGCThread "G1 Refine#0" [stack: 0x0000001b59800000,0x0000001b59900000] [id=15480]
  0x0000013f709a8800 ConcurrentGCThread "G1 Refine#1" [stack: 0x0000001b5b000000,0x0000001b5b100000] [id=15580]
  0x0000013f71764800 ConcurrentGCThread "G1 Refine#2" [stack: 0x0000001b5b100000,0x0000001b5b200000] [id=5092]
  0x0000013f7e94f800 ConcurrentGCThread "G1 Refine#3" [stack: 0x0000001b5d700000,0x0000001b5d800000] [id=14892]
  0x0000013f7caad000 ConcurrentGCThread "G1 Refine#4" [stack: 0x0000001b5d800000,0x0000001b5d900000] [id=6260]
  0x0000013f6f953800 ConcurrentGCThread "G1 Young RemSet Sampling" [stack: 0x0000001b59900000,0x0000001b59a00000] [id=1424]

Threads with active compile tasks:
C2 CompilerThread0    23003 10421 %     4       km::bj @ 1293 (2113 bytes)
C1 CompilerThread0    23003 11085 %     3       org.bouncycastle.math.raw.Nat256::mul @ 292 (637 bytes)
C2 CompilerThread1    23003 10914   !   4       kt::ad (1687 bytes)
C2 CompilerThread2    23003 10444       4       javax.swing.text.ParagraphView::findEdgeSpan (119 bytes)

VM state:not at safepoint (normal execution)

VM Mutex/Monitor currently owned by a thread: None

Heap address: 0x0000000704800000, size: 4024 MB, Compressed Oops mode: Zero based, Oop shift amount: 3
Narrow klass base: 0x0000000800000000, Narrow klass shift: 0
Compressed class space size: 1073741824 Address: 0x0000000800000000

Heap:
 garbage-first heap   total 372736K, used 281025K [0x0000000704800000, 0x0000000800000000)
  region size 1024K, 110 young (112640K), 10 survivors (10240K)
 Metaspace       used 88584K, capacity 91563K, committed 91776K, reserved 1130496K
  class space    used 9270K, capacity 10520K, committed 10624K, reserved 1048576K
Heap Regions: E=young(eden), S=young(survivor), O=old, HS=humongous(starts), HC=humongous(continues), CS=collection set, F=free, A=archive, TAMS=top-at-mark-start (previous, next)
|   0|0x0000000704800000, 0x0000000704900000, 0x0000000704900000|100%| O|  |TAMS 0x0000000704900000, 0x0000000704800000| Untracked 
|   1|0x0000000704900000, 0x0000000704a00000, 0x0000000704a00000|100%| O|  |TAMS 0x0000000704a00000, 0x0000000704900000| Untracked 
|   2|0x0000000704a00000, 0x0000000704b00000, 0x0000000704b00000|100%| O|  |TAMS 0x0000000704b00000, 0x0000000704a00000| Untracked 
|   3|0x0000000704b00000, 0x0000000704c00000, 0x0000000704c00000|100%| O|  |TAMS 0x0000000704c00000, 0x0000000704b00000| Complete 
|   4|0x0000000704c00000, 0x0000000704d00000, 0x0000000704d00000|100%| O|  |TAMS 0x0000000704d00000, 0x0000000704c00000| Complete 
|   5|0x0000000704d00000, 0x0000000704e00000, 0x0000000704e00000|100%| O|  |TAMS 0x0000000704e00000, 0x0000000704d00000| Untracked 
|   6|0x0000000704e00000, 0x0000000704f00000, 0x0000000704f00000|100%| O|  |TAMS 0x0000000704f00000, 0x0000000704e00000| Untracked 
|   7|0x0000000704f00000, 0x0000000705000000, 0x0000000705000000|100%| O|  |TAMS 0x0000000705000000, 0x0000000704f00000| Untracked 
|   8|0x0000000705000000, 0x0000000705100000, 0x0000000705100000|100%| O|  |TAMS 0x0000000705100000, 0x0000000705000000| Untracked 
|   9|0x0000000705100000, 0x0000000705200000, 0x0000000705200000|100%| O|  |TAMS 0x0000000705200000, 0x0000000705100000| Untracked 
|  10|0x0000000705200000, 0x0000000705300000, 0x0000000705300000|100%| O|  |TAMS 0x0000000705300000, 0x0000000705200000| Complete 
|  11|0x0000000705300000, 0x0000000705400000, 0x0000000705400000|100%|HS|  |TAMS 0x0000000705400000, 0x0000000705300000| Complete 
|  12|0x0000000705400000, 0x0000000705500000, 0x0000000705500000|100%|HC|  |TAMS 0x0000000705500000, 0x0000000705400000| Complete 
|  13|0x0000000705500000, 0x0000000705600000, 0x0000000705600000|100%|HC|  |TAMS 0x0000000705600000, 0x0000000705500000| Complete 
|  14|0x0000000705600000, 0x0000000705700000, 0x0000000705700000|100%| O|  |TAMS 0x0000000705700000, 0x0000000705600000| Complete 
|  15|0x0000000705700000, 0x0000000705800000, 0x0000000705800000|100%| O|  |TAMS 0x0000000705800000, 0x0000000705700000| Complete 
|  16|0x0000000705800000, 0x0000000705900000, 0x0000000705900000|100%| O|  |TAMS 0x0000000705900000, 0x0000000705800000| Complete 
|  17|0x0000000705900000, 0x0000000705a00000, 0x0000000705a00000|100%|HS|  |TAMS 0x0000000705900000, 0x0000000705900000| Complete 
|  18|0x0000000705a00000, 0x0000000705b00000, 0x0000000705b00000|100%| O|  |TAMS 0x0000000705b00000, 0x0000000705a00000| Complete 
|  19|0x0000000705b00000, 0x0000000705c00000, 0x0000000705c00000|100%|HS|  |TAMS 0x0000000705c00000, 0x0000000705b00000| Complete 
|  20|0x0000000705c00000, 0x0000000705d00000, 0x0000000705d00000|100%|HC|  |TAMS 0x0000000705d00000, 0x0000000705c00000| Complete 
|  21|0x0000000705d00000, 0x0000000705e00000, 0x0000000705e00000|100%|HS|  |TAMS 0x0000000705e00000, 0x0000000705d00000| Complete 
|  22|0x0000000705e00000, 0x0000000705f00000, 0x0000000705f00000|100%|HC|  |TAMS 0x0000000705f00000, 0x0000000705e00000| Complete 
|  23|0x0000000705f00000, 0x0000000706000000, 0x0000000706000000|100%|HS|  |TAMS 0x0000000706000000, 0x0000000705f00000| Complete 
|  24|0x0000000706000000, 0x0000000706100000, 0x0000000706100000|100%|HC|  |TAMS 0x0000000706100000, 0x0000000706000000| Complete 
|  25|0x0000000706100000, 0x0000000706200000, 0x0000000706200000|100%|HS|  |TAMS 0x0000000706200000, 0x0000000706100000| Complete 
|  26|0x0000000706200000, 0x0000000706300000, 0x0000000706300000|100%|HC|  |TAMS 0x0000000706300000, 0x0000000706200000| Complete 
|  27|0x0000000706300000, 0x0000000706400000, 0x0000000706400000|100%|HS|  |TAMS 0x0000000706400000, 0x0000000706300000| Complete 
|  28|0x0000000706400000, 0x0000000706500000, 0x0000000706500000|100%|HC|  |TAMS 0x0000000706500000, 0x0000000706400000| Complete 
|  29|0x0000000706500000, 0x0000000706600000, 0x0000000706600000|100%|HS|  |TAMS 0x0000000706600000, 0x0000000706500000| Complete 
|  30|0x0000000706600000, 0x0000000706700000, 0x0000000706700000|100%|HC|  |TAMS 0x0000000706700000, 0x0000000706600000| Complete 
|  31|0x0000000706700000, 0x0000000706800000, 0x0000000706800000|100%|HS|  |TAMS 0x0000000706800000, 0x0000000706700000| Complete 
|  32|0x0000000706800000, 0x0000000706900000, 0x0000000706900000|100%|HC|  |TAMS 0x0000000706900000, 0x0000000706800000| Complete 
|  33|0x0000000706900000, 0x0000000706a00000, 0x0000000706a00000|100%|HS|  |TAMS 0x0000000706a00000, 0x0000000706900000| Complete 
|  34|0x0000000706a00000, 0x0000000706b00000, 0x0000000706b00000|100%|HC|  |TAMS 0x0000000706b00000, 0x0000000706a00000| Complete 
|  35|0x0000000706b00000, 0x0000000706c00000, 0x0000000706c00000|100%|HC|  |TAMS 0x0000000706c00000, 0x0000000706b00000| Complete 
|  36|0x0000000706c00000, 0x0000000706d00000, 0x0000000706d00000|100%|HC|  |TAMS 0x0000000706d00000, 0x0000000706c00000| Complete 
|  37|0x0000000706d00000, 0x0000000706e00000, 0x0000000706e00000|100%|HC|  |TAMS 0x0000000706e00000, 0x0000000706d00000| Complete 
|  38|0x0000000706e00000, 0x0000000706f00000, 0x0000000706f00000|100%|HC|  |TAMS 0x0000000706f00000, 0x0000000706e00000| Complete 
|  39|0x0000000706f00000, 0x0000000707000000, 0x0000000707000000|100%|HS|  |TAMS 0x0000000707000000, 0x0000000706f00000| Complete 
|  40|0x0000000707000000, 0x0000000707100000, 0x0000000707100000|100%|HC|  |TAMS 0x0000000707100000, 0x0000000707000000| Complete 
|  41|0x0000000707100000, 0x0000000707200000, 0x0000000707200000|100%|HS|  |TAMS 0x0000000707200000, 0x0000000707100000| Complete 
|  42|0x0000000707200000, 0x0000000707300000, 0x0000000707300000|100%|HC|  |TAMS 0x0000000707300000, 0x0000000707200000| Complete 
|  43|0x0000000707300000, 0x0000000707400000, 0x0000000707400000|100%|HS|  |TAMS 0x0000000707400000, 0x0000000707300000| Complete 
|  44|0x0000000707400000, 0x0000000707500000, 0x0000000707500000|100%|HC|  |TAMS 0x0000000707500000, 0x0000000707400000| Complete 
|  45|0x0000000707500000, 0x0000000707600000, 0x0000000707600000|100%| O|  |TAMS 0x0000000707600000, 0x0000000707500000| Untracked 
|  46|0x0000000707600000, 0x0000000707700000, 0x0000000707700000|100%| O|  |TAMS 0x0000000707700000, 0x0000000707600000| Untracked 
|  47|0x0000000707700000, 0x0000000707800000, 0x0000000707800000|100%| O|  |TAMS 0x0000000707800000, 0x0000000707700000| Untracked 
|  48|0x0000000707800000, 0x0000000707900000, 0x0000000707900000|100%| O|  |TAMS 0x0000000707900000, 0x0000000707800000| Untracked 
|  49|0x0000000707900000, 0x0000000707a00000, 0x0000000707a00000|100%| O|  |TAMS 0x0000000707a00000, 0x0000000707900000| Untracked 
|  50|0x0000000707a00000, 0x0000000707b00000, 0x0000000707b00000|100%| O|  |TAMS 0x0000000707b00000, 0x0000000707a00000| Untracked 
|  51|0x0000000707b00000, 0x0000000707c00000, 0x0000000707c00000|100%| O|  |TAMS 0x0000000707c00000, 0x0000000707b00000| Untracked 
|  52|0x0000000707c00000, 0x0000000707d00000, 0x0000000707d00000|100%| O|  |TAMS 0x0000000707d00000, 0x0000000707c00000| Untracked 
|  53|0x0000000707d00000, 0x0000000707e00000, 0x0000000707e00000|100%| O|  |TAMS 0x0000000707e00000, 0x0000000707d00000| Untracked 
|  54|0x0000000707e00000, 0x0000000707f00000, 0x0000000707f00000|100%| O|  |TAMS 0x0000000707f00000, 0x0000000707e00000| Untracked 
|  55|0x0000000707f00000, 0x0000000708000000, 0x0000000708000000|100%| O|  |TAMS 0x0000000708000000, 0x0000000707f00000| Untracked 
|  56|0x0000000708000000, 0x0000000708100000, 0x0000000708100000|100%| O|  |TAMS 0x0000000708100000, 0x0000000708000000| Untracked 
|  57|0x0000000708100000, 0x0000000708200000, 0x0000000708200000|100%| O|  |TAMS 0x0000000708200000, 0x0000000708100000| Untracked 
|  58|0x0000000708200000, 0x0000000708300000, 0x0000000708300000|100%| O|  |TAMS 0x0000000708300000, 0x0000000708200000| Untracked 
|  59|0x0000000708300000, 0x0000000708400000, 0x0000000708400000|100%| O|  |TAMS 0x0000000708400000, 0x0000000708300000| Complete 
|  60|0x0000000708400000, 0x0000000708500000, 0x0000000708500000|100%| O|  |TAMS 0x0000000708500000, 0x0000000708400000| Complete 
|  61|0x0000000708500000, 0x0000000708600000, 0x0000000708600000|100%| O|  |TAMS 0x0000000708600000, 0x0000000708500000| Complete 
|  62|0x0000000708600000, 0x0000000708700000, 0x0000000708700000|100%| O|  |TAMS 0x0000000708700000, 0x0000000708600000| Complete 
|  63|0x0000000708700000, 0x0000000708800000, 0x0000000708800000|100%| O|  |TAMS 0x0000000708800000, 0x0000000708700000| Complete 
|  64|0x0000000708800000, 0x0000000708900000, 0x0000000708900000|100%| O|  |TAMS 0x0000000708900000, 0x0000000708800000| Complete 
|  65|0x0000000708900000, 0x0000000708a00000, 0x0000000708a00000|100%| O|  |TAMS 0x0000000708a00000, 0x0000000708900000| Complete 
|  66|0x0000000708a00000, 0x0000000708b00000, 0x0000000708b00000|100%| O|  |TAMS 0x0000000708b00000, 0x0000000708a00000| Complete 
|  67|0x0000000708b00000, 0x0000000708c00000, 0x0000000708c00000|100%| O|  |TAMS 0x0000000708c00000, 0x0000000708b00000| Complete 
|  68|0x0000000708c00000, 0x0000000708d00000, 0x0000000708d00000|100%| O|  |TAMS 0x0000000708d00000, 0x0000000708c00000| Complete 
|  69|0x0000000708d00000, 0x0000000708e00000, 0x0000000708e00000|100%| O|  |TAMS 0x0000000708e00000, 0x0000000708d00000| Complete 
|  70|0x0000000708e00000, 0x0000000708f00000, 0x0000000708f00000|100%| O|  |TAMS 0x0000000708f00000, 0x0000000708e00000| Complete 
|  71|0x0000000708f00000, 0x0000000709000000, 0x0000000709000000|100%|HS|  |TAMS 0x0000000708f00000, 0x0000000708f00000| Complete 
|  72|0x0000000709000000, 0x0000000709100000, 0x0000000709100000|100%| O|  |TAMS 0x0000000709100000, 0x0000000709000000| Complete 
|  73|0x0000000709100000, 0x0000000709200000, 0x0000000709200000|100%| O|  |TAMS 0x0000000709200000, 0x0000000709100000| Complete 
|  74|0x0000000709200000, 0x0000000709300000, 0x0000000709300000|100%| O|  |TAMS 0x0000000709300000, 0x0000000709200000| Untracked 
|  75|0x0000000709300000, 0x0000000709400000, 0x0000000709400000|100%| O|  |TAMS 0x0000000709400000, 0x0000000709300000| Untracked 
|  76|0x0000000709400000, 0x0000000709500000, 0x0000000709500000|100%| O|  |TAMS 0x0000000709500000, 0x0000000709400000| Untracked 
|  77|0x0000000709500000, 0x0000000709600000, 0x0000000709600000|100%|HS|  |TAMS 0x0000000709600000, 0x0000000709500000| Complete 
|  78|0x0000000709600000, 0x0000000709700000, 0x0000000709700000|100%|HC|  |TAMS 0x0000000709700000, 0x0000000709600000| Complete 
|  79|0x0000000709700000, 0x0000000709800000, 0x0000000709800000|100%|HS|  |TAMS 0x0000000709700000, 0x0000000709700000| Complete 
|  80|0x0000000709800000, 0x0000000709900000, 0x0000000709900000|100%| O|  |TAMS 0x0000000709900000, 0x0000000709800000| Complete 
|  81|0x0000000709900000, 0x0000000709a00000, 0x0000000709a00000|100%| O|  |TAMS 0x0000000709a00000, 0x0000000709900000| Complete 
|  82|0x0000000709a00000, 0x0000000709b00000, 0x0000000709b00000|100%| O|  |TAMS 0x0000000709b00000, 0x0000000709a00000| Complete 
|  83|0x0000000709b00000, 0x0000000709c00000, 0x0000000709c00000|100%| O|  |TAMS 0x0000000709c00000, 0x0000000709b00000| Complete 
|  84|0x0000000709c00000, 0x0000000709d00000, 0x0000000709d00000|100%| O|  |TAMS 0x0000000709d00000, 0x0000000709c00000| Complete 
|  85|0x0000000709d00000, 0x0000000709e00000, 0x0000000709e00000|100%| O|  |TAMS 0x0000000709e00000, 0x0000000709d00000| Complete 
|  86|0x0000000709e00000, 0x0000000709e00000, 0x0000000709f00000|  0%| F|  |TAMS 0x0000000709e00000, 0x0000000709e00000| Untracked 
|  87|0x0000000709f00000, 0x000000070a000000, 0x000000070a000000|100%| O|  |TAMS 0x000000070a000000, 0x0000000709f00000| Complete 
|  88|0x000000070a000000, 0x000000070a100000, 0x000000070a100000|100%| O|  |TAMS 0x000000070a100000, 0x000000070a000000| Complete 
|  89|0x000000070a100000, 0x000000070a100000, 0x000000070a200000|  0%| F|  |TAMS 0x000000070a100000, 0x000000070a100000| Untracked 
|  90|0x000000070a200000, 0x000000070a300000, 0x000000070a300000|100%| O|  |TAMS 0x000000070a300000, 0x000000070a200000| Complete 
|  91|0x000000070a300000, 0x000000070a400000, 0x000000070a400000|100%| O|  |TAMS 0x000000070a400000, 0x000000070a300000| Untracked 
|  92|0x000000070a400000, 0x000000070a400000, 0x000000070a500000|  0%| F|  |TAMS 0x000000070a400000, 0x000000070a400000| Untracked 
|  93|0x000000070a500000, 0x000000070a600000, 0x000000070a600000|100%| O|  |TAMS 0x000000070a600000, 0x000000070a500000| Untracked 
|  94|0x000000070a600000, 0x000000070a700000, 0x000000070a700000|100%| O|  |TAMS 0x000000070a700000, 0x000000070a600000| Complete 
|  95|0x000000070a700000, 0x000000070a800000, 0x000000070a800000|100%| O|  |TAMS 0x000000070a800000, 0x000000070a700000| Untracked 
|  96|0x000000070a800000, 0x000000070a900000, 0x000000070a900000|100%| O|  |TAMS 0x000000070a900000, 0x000000070a800000| Untracked 
|  97|0x000000070a900000, 0x000000070aa00000, 0x000000070aa00000|100%| O|  |TAMS 0x000000070aa00000, 0x000000070a900000| Untracked 
|  98|0x000000070aa00000, 0x000000070ab00000, 0x000000070ab00000|100%| O|  |TAMS 0x000000070ab00000, 0x000000070aa00000| Complete 
|  99|0x000000070ab00000, 0x000000070ab00000, 0x000000070ac00000|  0%| F|  |TAMS 0x000000070ab00000, 0x000000070ab00000| Untracked 
| 100|0x000000070ac00000, 0x000000070ad00000, 0x000000070ad00000|100%| O|  |TAMS 0x000000070ad00000, 0x000000070ac00000| Untracked 
| 101|0x000000070ad00000, 0x000000070ae00000, 0x000000070ae00000|100%| O|  |TAMS 0x000000070ae00000, 0x000000070ad00000| Complete 
| 102|0x000000070ae00000, 0x000000070af00000, 0x000000070af00000|100%| O|  |TAMS 0x000000070af00000, 0x000000070ae00000| Complete 
| 103|0x000000070af00000, 0x000000070af00000, 0x000000070b000000|  0%| F|  |TAMS 0x000000070af00000, 0x000000070af00000| Untracked 
| 104|0x000000070b000000, 0x000000070b000000, 0x000000070b100000|  0%| F|  |TAMS 0x000000070b000000, 0x000000070b000000| Untracked 
| 105|0x000000070b100000, 0x000000070b200000, 0x000000070b200000|100%| O|  |TAMS 0x000000070b200000, 0x000000070b100000| Complete 
| 106|0x000000070b200000, 0x000000070b300000, 0x000000070b300000|100%| O|  |TAMS 0x000000070b300000, 0x000000070b200000| Complete 
| 107|0x000000070b300000, 0x000000070b400000, 0x000000070b400000|100%| O|  |TAMS 0x000000070b400000, 0x000000070b300000| Complete 
| 108|0x000000070b400000, 0x000000070b500000, 0x000000070b500000|100%| O|  |TAMS 0x000000070b500000, 0x000000070b400000| Complete 
| 109|0x000000070b500000, 0x000000070b600000, 0x000000070b600000|100%|HS|  |TAMS 0x000000070b600000, 0x000000070b500000| Complete 
| 110|0x000000070b600000, 0x000000070b700000, 0x000000070b700000|100%|HC|  |TAMS 0x000000070b700000, 0x000000070b600000| Complete 
| 111|0x000000070b700000, 0x000000070b800000, 0x000000070b800000|100%|HC|  |TAMS 0x000000070b800000, 0x000000070b700000| Complete 
| 112|0x000000070b800000, 0x000000070b900000, 0x000000070b900000|100%|HC|  |TAMS 0x000000070b900000, 0x000000070b800000| Complete 
| 113|0x000000070b900000, 0x000000070ba00000, 0x000000070ba00000|100%| O|  |TAMS 0x000000070ba00000, 0x000000070b900000| Complete 
| 114|0x000000070ba00000, 0x000000070bb00000, 0x000000070bb00000|100%| O|  |TAMS 0x000000070bb00000, 0x000000070ba00000| Complete 
| 115|0x000000070bb00000, 0x000000070bc00000, 0x000000070bc00000|100%| O|  |TAMS 0x000000070bc00000, 0x000000070bb00000| Untracked 
| 116|0x000000070bc00000, 0x000000070bd00000, 0x000000070bd00000|100%| O|  |TAMS 0x000000070bd00000, 0x000000070bc00000| Untracked 
| 117|0x000000070bd00000, 0x000000070bd00000, 0x000000070be00000|  0%| F|  |TAMS 0x000000070bd00000, 0x000000070bd00000| Untracked 
| 118|0x000000070be00000, 0x000000070bf00000, 0x000000070bf00000|100%| O|  |TAMS 0x000000070bf00000, 0x000000070be00000| Complete 
| 119|0x000000070bf00000, 0x000000070bf8c800, 0x000000070c000000| 54%| O|  |TAMS 0x000000070bf8c800, 0x000000070bf00000| Untracked 
| 120|0x000000070c000000, 0x000000070c100000, 0x000000070c100000|100%|HS|  |TAMS 0x000000070c100000, 0x000000070c000000| Complete 
| 121|0x000000070c100000, 0x000000070c200000, 0x000000070c200000|100%|HC|  |TAMS 0x000000070c200000, 0x000000070c100000| Complete 
| 122|0x000000070c200000, 0x000000070c300000, 0x000000070c300000|100%|HC|  |TAMS 0x000000070c300000, 0x000000070c200000| Complete 
| 123|0x000000070c300000, 0x000000070c400000, 0x000000070c400000|100%|HC|  |TAMS 0x000000070c400000, 0x000000070c300000| Complete 
| 124|0x000000070c400000, 0x000000070c500000, 0x000000070c500000|100%|HC|  |TAMS 0x000000070c500000, 0x000000070c400000| Complete 
| 125|0x000000070c500000, 0x000000070c600000, 0x000000070c600000|100%|HS|  |TAMS 0x000000070c500000, 0x000000070c500000| Complete 
| 126|0x000000070c600000, 0x000000070c700000, 0x000000070c700000|100%|HC|  |TAMS 0x000000070c600000, 0x000000070c600000| Complete 
| 127|0x000000070c700000, 0x000000070c700000, 0x000000070c800000|  0%| F|  |TAMS 0x000000070c700000, 0x000000070c700000| Untracked 
| 128|0x000000070c800000, 0x000000070c900000, 0x000000070c900000|100%| O|  |TAMS 0x000000070c900000, 0x000000070c800000| Complete 
| 129|0x000000070c900000, 0x000000070ca00000, 0x000000070ca00000|100%| O|  |TAMS 0x000000070ca00000, 0x000000070c900000| Complete 
| 130|0x000000070ca00000, 0x000000070cb00000, 0x000000070cb00000|100%| O|  |TAMS 0x000000070cb00000, 0x000000070ca00000| Complete 
| 131|0x000000070cb00000, 0x000000070cc00000, 0x000000070cc00000|100%| O|  |TAMS 0x000000070cc00000, 0x000000070cb00000| Untracked 
| 132|0x000000070cc00000, 0x000000070cd00000, 0x000000070cd00000|100%| O|  |TAMS 0x000000070cd00000, 0x000000070cc00000| Complete 
| 133|0x000000070cd00000, 0x000000070ce00000, 0x000000070ce00000|100%| O|  |TAMS 0x000000070ce00000, 0x000000070cd00000| Complete 
| 134|0x000000070ce00000, 0x000000070cf00000, 0x000000070cf00000|100%| O|  |TAMS 0x000000070cf00000, 0x000000070ce00000| Untracked 
| 135|0x000000070cf00000, 0x000000070d000000, 0x000000070d000000|100%| O|  |TAMS 0x000000070d000000, 0x000000070cf00000| Complete 
| 136|0x000000070d000000, 0x000000070d100000, 0x000000070d100000|100%| O|  |TAMS 0x000000070d100000, 0x000000070d000000| Untracked 
| 137|0x000000070d100000, 0x000000070d200000, 0x000000070d200000|100%| O|  |TAMS 0x000000070d200000, 0x000000070d100000| Untracked 
| 138|0x000000070d200000, 0x000000070d300000, 0x000000070d300000|100%| O|  |TAMS 0x000000070d300000, 0x000000070d200000| Untracked 
| 139|0x000000070d300000, 0x000000070d400000, 0x000000070d400000|100%| O|  |TAMS 0x000000070d400000, 0x000000070d300000| Untracked 
| 140|0x000000070d400000, 0x000000070d500000, 0x000000070d500000|100%| O|  |TAMS 0x000000070d500000, 0x000000070d400000| Untracked 
| 141|0x000000070d500000, 0x000000070d600000, 0x000000070d600000|100%| O|  |TAMS 0x000000070d600000, 0x000000070d500000| Untracked 
| 142|0x000000070d600000, 0x000000070d700000, 0x000000070d700000|100%| O|  |TAMS 0x000000070d700000, 0x000000070d600000| Complete 
| 143|0x000000070d700000, 0x000000070d800000, 0x000000070d800000|100%| O|  |TAMS 0x000000070d800000, 0x000000070d700000| Untracked 
| 144|0x000000070d800000, 0x000000070d900000, 0x000000070d900000|100%| O|  |TAMS 0x000000070d900000, 0x000000070d800000| Complete 
| 145|0x000000070d900000, 0x000000070da00000, 0x000000070da00000|100%| O|  |TAMS 0x000000070da00000, 0x000000070d900000| Untracked 
| 146|0x000000070da00000, 0x000000070db00000, 0x000000070db00000|100%| O|  |TAMS 0x000000070db00000, 0x000000070da00000| Untracked 
| 147|0x000000070db00000, 0x000000070dc00000, 0x000000070dc00000|100%| O|  |TAMS 0x000000070dc00000, 0x000000070db00000| Untracked 
| 148|0x000000070dc00000, 0x000000070dd00000, 0x000000070dd00000|100%| O|  |TAMS 0x000000070dd00000, 0x000000070dc00000| Untracked 
| 149|0x000000070dd00000, 0x000000070de00000, 0x000000070de00000|100%| O|  |TAMS 0x000000070de00000, 0x000000070dd00000| Untracked 
| 150|0x000000070de00000, 0x000000070df00000, 0x000000070df00000|100%| O|  |TAMS 0x000000070df00000, 0x000000070de00000| Untracked 
| 151|0x000000070df00000, 0x000000070e000000, 0x000000070e000000|100%| O|  |TAMS 0x000000070e000000, 0x000000070df00000| Complete 
| 152|0x000000070e000000, 0x000000070e100000, 0x000000070e100000|100%| O|  |TAMS 0x000000070e100000, 0x000000070e000000| Complete 
| 153|0x000000070e100000, 0x000000070e200000, 0x000000070e200000|100%|HS|  |TAMS 0x000000070e200000, 0x000000070e100000| Complete 
| 154|0x000000070e200000, 0x000000070e300000, 0x000000070e300000|100%|HC|  |TAMS 0x000000070e300000, 0x000000070e200000| Complete 
| 155|0x000000070e300000, 0x000000070e400000, 0x000000070e400000|100%|HS|  |TAMS 0x000000070e400000, 0x000000070e300000| Complete 
| 156|0x000000070e400000, 0x000000070e500000, 0x000000070e500000|100%|HC|  |TAMS 0x000000070e500000, 0x000000070e400000| Complete 
| 157|0x000000070e500000, 0x000000070e600000, 0x000000070e600000|100%|HS|  |TAMS 0x000000070e600000, 0x000000070e500000| Complete 
| 158|0x000000070e600000, 0x000000070e700000, 0x000000070e700000|100%|HC|  |TAMS 0x000000070e700000, 0x000000070e600000| Complete 
| 159|0x000000070e700000, 0x000000070e800000, 0x000000070e800000|100%|HS|  |TAMS 0x000000070e800000, 0x000000070e700000| Complete 
| 160|0x000000070e800000, 0x000000070e900000, 0x000000070e900000|100%|HC|  |TAMS 0x000000070e900000, 0x000000070e800000| Complete 
| 161|0x000000070e900000, 0x000000070ea00000, 0x000000070ea00000|100%|HS|  |TAMS 0x000000070ea00000, 0x000000070e900000| Complete 
| 162|0x000000070ea00000, 0x000000070eb00000, 0x000000070eb00000|100%|HC|  |TAMS 0x000000070eb00000, 0x000000070ea00000| Complete 
| 163|0x000000070eb00000, 0x000000070ec00000, 0x000000070ec00000|100%|HS|  |TAMS 0x000000070ec00000, 0x000000070eb00000| Complete 
| 164|0x000000070ec00000, 0x000000070ed00000, 0x000000070ed00000|100%|HC|  |TAMS 0x000000070ed00000, 0x000000070ec00000| Complete 
| 165|0x000000070ed00000, 0x000000070ee00000, 0x000000070ee00000|100%|HS|  |TAMS 0x000000070ee00000, 0x000000070ed00000| Complete 
| 166|0x000000070ee00000, 0x000000070ef00000, 0x000000070ef00000|100%|HC|  |TAMS 0x000000070ef00000, 0x000000070ee00000| Complete 
| 167|0x000000070ef00000, 0x000000070f000000, 0x000000070f000000|100%|HS|  |TAMS 0x000000070f000000, 0x000000070ef00000| Complete 
| 168|0x000000070f000000, 0x000000070f100000, 0x000000070f100000|100%|HC|  |TAMS 0x000000070f100000, 0x000000070f000000| Complete 
| 169|0x000000070f100000, 0x000000070f200000, 0x000000070f200000|100%|HC|  |TAMS 0x000000070f200000, 0x000000070f100000| Complete 
| 170|0x000000070f200000, 0x000000070f300000, 0x000000070f300000|100%|HC|  |TAMS 0x000000070f300000, 0x000000070f200000| Complete 
| 171|0x000000070f300000, 0x000000070f400000, 0x000000070f400000|100%|HC|  |TAMS 0x000000070f400000, 0x000000070f300000| Complete 
| 172|0x000000070f400000, 0x000000070f500000, 0x000000070f500000|100%|HC|  |TAMS 0x000000070f500000, 0x000000070f400000| Complete 
| 173|0x000000070f500000, 0x000000070f600000, 0x000000070f600000|100%|HS|  |TAMS 0x000000070f500000, 0x000000070f500000| Complete 
| 174|0x000000070f600000, 0x000000070f700000, 0x000000070f700000|100%|HC|  |TAMS 0x000000070f600000, 0x000000070f600000| Complete 
| 175|0x000000070f700000, 0x000000070f700000, 0x000000070f800000|  0%| F|  |TAMS 0x000000070f700000, 0x000000070f700000| Untracked 
| 176|0x000000070f800000, 0x000000070f800000, 0x000000070f900000|  0%| F|  |TAMS 0x000000070f800000, 0x000000070f800000| Untracked 
| 177|0x000000070f900000, 0x000000070f900000, 0x000000070fa00000|  0%| F|  |TAMS 0x000000070f900000, 0x000000070f900000| Untracked 
| 178|0x000000070fa00000, 0x000000070fa00000, 0x000000070fb00000|  0%| F|  |TAMS 0x000000070fa00000, 0x000000070fa00000| Untracked 
| 179|0x000000070fb00000, 0x000000070fb00000, 0x000000070fc00000|  0%| F|  |TAMS 0x000000070fb00000, 0x000000070fb00000| Untracked 
| 180|0x000000070fc00000, 0x000000070fc00000, 0x000000070fd00000|  0%| F|  |TAMS 0x000000070fc00000, 0x000000070fc00000| Untracked 
| 181|0x000000070fd00000, 0x000000070fd00000, 0x000000070fe00000|  0%| F|  |TAMS 0x000000070fd00000, 0x000000070fd00000| Untracked 
| 182|0x000000070fe00000, 0x000000070fe00000, 0x000000070ff00000|  0%| F|  |TAMS 0x000000070fe00000, 0x000000070fe00000| Untracked 
| 183|0x000000070ff00000, 0x000000070ff00000, 0x0000000710000000|  0%| F|  |TAMS 0x000000070ff00000, 0x000000070ff00000| Untracked 
| 184|0x0000000710000000, 0x0000000710000000, 0x0000000710100000|  0%| F|  |TAMS 0x0000000710000000, 0x0000000710000000| Untracked 
| 185|0x0000000710100000, 0x0000000710100000, 0x0000000710200000|  0%| F|  |TAMS 0x0000000710100000, 0x0000000710100000| Untracked 
| 186|0x0000000710200000, 0x0000000710200000, 0x0000000710300000|  0%| F|  |TAMS 0x0000000710200000, 0x0000000710200000| Untracked 
| 187|0x0000000710300000, 0x0000000710300000, 0x0000000710400000|  0%| F|  |TAMS 0x0000000710300000, 0x0000000710300000| Untracked 
| 188|0x0000000710400000, 0x0000000710400000, 0x0000000710500000|  0%| F|  |TAMS 0x0000000710400000, 0x0000000710400000| Untracked 
| 189|0x0000000710500000, 0x0000000710500000, 0x0000000710600000|  0%| F|  |TAMS 0x0000000710500000, 0x0000000710500000| Untracked 
| 190|0x0000000710600000, 0x0000000710600000, 0x0000000710700000|  0%| F|  |TAMS 0x0000000710600000, 0x0000000710600000| Untracked 
| 191|0x0000000710700000, 0x0000000710700000, 0x0000000710800000|  0%| F|  |TAMS 0x0000000710700000, 0x0000000710700000| Untracked 
| 192|0x0000000710800000, 0x0000000710800000, 0x0000000710900000|  0%| F|  |TAMS 0x0000000710800000, 0x0000000710800000| Untracked 
| 193|0x0000000710900000, 0x0000000710900000, 0x0000000710a00000|  0%| F|  |TAMS 0x0000000710900000, 0x0000000710900000| Untracked 
| 194|0x0000000710a00000, 0x0000000710a00000, 0x0000000710b00000|  0%| F|  |TAMS 0x0000000710a00000, 0x0000000710a00000| Untracked 
| 195|0x0000000710b00000, 0x0000000710b00000, 0x0000000710c00000|  0%| F|  |TAMS 0x0000000710b00000, 0x0000000710b00000| Untracked 
| 196|0x0000000710c00000, 0x0000000710c00000, 0x0000000710d00000|  0%| F|  |TAMS 0x0000000710c00000, 0x0000000710c00000| Untracked 
| 197|0x0000000710d00000, 0x0000000710d00000, 0x0000000710e00000|  0%| F|  |TAMS 0x0000000710d00000, 0x0000000710d00000| Untracked 
| 198|0x0000000710e00000, 0x0000000710e00000, 0x0000000710f00000|  0%| F|  |TAMS 0x0000000710e00000, 0x0000000710e00000| Untracked 
| 199|0x0000000710f00000, 0x0000000710f00000, 0x0000000711000000|  0%| F|  |TAMS 0x0000000710f00000, 0x0000000710f00000| Untracked 
| 200|0x0000000711000000, 0x0000000711000000, 0x0000000711100000|  0%| F|  |TAMS 0x0000000711000000, 0x0000000711000000| Untracked 
| 201|0x0000000711100000, 0x0000000711100000, 0x0000000711200000|  0%| F|  |TAMS 0x0000000711100000, 0x0000000711100000| Untracked 
| 202|0x0000000711200000, 0x0000000711200000, 0x0000000711300000|  0%| F|  |TAMS 0x0000000711200000, 0x0000000711200000| Untracked 
| 203|0x0000000711300000, 0x0000000711300000, 0x0000000711400000|  0%| F|  |TAMS 0x0000000711300000, 0x0000000711300000| Untracked 
| 204|0x0000000711400000, 0x0000000711400000, 0x0000000711500000|  0%| F|  |TAMS 0x0000000711400000, 0x0000000711400000| Untracked 
| 205|0x0000000711500000, 0x0000000711500000, 0x0000000711600000|  0%| F|  |TAMS 0x0000000711500000, 0x0000000711500000| Untracked 
| 206|0x0000000711600000, 0x0000000711600000, 0x0000000711700000|  0%| F|  |TAMS 0x0000000711600000, 0x0000000711600000| Untracked 
| 207|0x0000000711700000, 0x0000000711700000, 0x0000000711800000|  0%| F|  |TAMS 0x0000000711700000, 0x0000000711700000| Untracked 
| 208|0x0000000711800000, 0x0000000711800000, 0x0000000711900000|  0%| F|  |TAMS 0x0000000711800000, 0x0000000711800000| Untracked 
| 209|0x0000000711900000, 0x0000000711900000, 0x0000000711a00000|  0%| F|  |TAMS 0x0000000711900000, 0x0000000711900000| Untracked 
| 210|0x0000000711a00000, 0x0000000711a00000, 0x0000000711b00000|  0%| F|  |TAMS 0x0000000711a00000, 0x0000000711a00000| Untracked 
| 211|0x0000000711b00000, 0x0000000711b00000, 0x0000000711c00000|  0%| F|  |TAMS 0x0000000711b00000, 0x0000000711b00000| Untracked 
| 212|0x0000000711c00000, 0x0000000711c00000, 0x0000000711d00000|  0%| F|  |TAMS 0x0000000711c00000, 0x0000000711c00000| Untracked 
| 213|0x0000000711d00000, 0x0000000711d00000, 0x0000000711e00000|  0%| F|  |TAMS 0x0000000711d00000, 0x0000000711d00000| Untracked 
| 214|0x0000000711e00000, 0x0000000711e00000, 0x0000000711f00000|  0%| F|  |TAMS 0x0000000711e00000, 0x0000000711e00000| Untracked 
| 215|0x0000000711f00000, 0x0000000711f00000, 0x0000000712000000|  0%| F|  |TAMS 0x0000000711f00000, 0x0000000711f00000| Untracked 
| 216|0x0000000712000000, 0x0000000712000000, 0x0000000712100000|  0%| F|  |TAMS 0x0000000712000000, 0x0000000712000000| Untracked 
| 217|0x0000000712100000, 0x0000000712100000, 0x0000000712200000|  0%| F|  |TAMS 0x0000000712100000, 0x0000000712100000| Untracked 
| 218|0x0000000712200000, 0x0000000712200000, 0x0000000712300000|  0%| F|  |TAMS 0x0000000712200000, 0x0000000712200000| Untracked 
| 219|0x0000000712300000, 0x0000000712300000, 0x0000000712400000|  0%| F|  |TAMS 0x0000000712300000, 0x0000000712300000| Untracked 
| 220|0x0000000712400000, 0x0000000712400000, 0x0000000712500000|  0%| F|  |TAMS 0x0000000712400000, 0x0000000712400000| Untracked 
| 221|0x0000000712500000, 0x0000000712500000, 0x0000000712600000|  0%| F|  |TAMS 0x0000000712500000, 0x0000000712500000| Untracked 
| 222|0x0000000712600000, 0x0000000712600000, 0x0000000712700000|  0%| F|  |TAMS 0x0000000712600000, 0x0000000712600000| Untracked 
| 223|0x0000000712700000, 0x0000000712700000, 0x0000000712800000|  0%| F|  |TAMS 0x0000000712700000, 0x0000000712700000| Untracked 
| 224|0x0000000712800000, 0x0000000712800000, 0x0000000712900000|  0%| F|  |TAMS 0x0000000712800000, 0x0000000712800000| Untracked 
| 225|0x0000000712900000, 0x0000000712900000, 0x0000000712a00000|  0%| F|  |TAMS 0x0000000712900000, 0x0000000712900000| Untracked 
| 226|0x0000000712a00000, 0x0000000712a00000, 0x0000000712b00000|  0%| F|  |TAMS 0x0000000712a00000, 0x0000000712a00000| Untracked 
| 227|0x0000000712b00000, 0x0000000712b00000, 0x0000000712c00000|  0%| F|  |TAMS 0x0000000712b00000, 0x0000000712b00000| Untracked 
| 228|0x0000000712c00000, 0x0000000712c00000, 0x0000000712d00000|  0%| F|  |TAMS 0x0000000712c00000, 0x0000000712c00000| Untracked 
| 229|0x0000000712d00000, 0x0000000712d00000, 0x0000000712e00000|  0%| F|  |TAMS 0x0000000712d00000, 0x0000000712d00000| Untracked 
| 230|0x0000000712e00000, 0x0000000712e00000, 0x0000000712f00000|  0%| F|  |TAMS 0x0000000712e00000, 0x0000000712e00000| Untracked 
| 231|0x0000000712f00000, 0x0000000712f00000, 0x0000000713000000|  0%| F|  |TAMS 0x0000000712f00000, 0x0000000712f00000| Untracked 
| 232|0x0000000713000000, 0x0000000713000000, 0x0000000713100000|  0%| F|  |TAMS 0x0000000713000000, 0x0000000713000000| Untracked 
| 233|0x0000000713100000, 0x0000000713100000, 0x0000000713200000|  0%| F|  |TAMS 0x0000000713100000, 0x0000000713100000| Untracked 
| 234|0x0000000713200000, 0x0000000713200000, 0x0000000713300000|  0%| F|  |TAMS 0x0000000713200000, 0x0000000713200000| Untracked 
| 235|0x0000000713300000, 0x0000000713300000, 0x0000000713400000|  0%| F|  |TAMS 0x0000000713300000, 0x0000000713300000| Untracked 
| 236|0x0000000713400000, 0x0000000713400000, 0x0000000713500000|  0%| F|  |TAMS 0x0000000713400000, 0x0000000713400000| Untracked 
| 237|0x0000000713500000, 0x0000000713500000, 0x0000000713600000|  0%| F|  |TAMS 0x0000000713500000, 0x0000000713500000| Untracked 
| 238|0x0000000713600000, 0x0000000713600000, 0x0000000713700000|  0%| F|  |TAMS 0x0000000713600000, 0x0000000713600000| Untracked 
| 239|0x0000000713700000, 0x0000000713700000, 0x0000000713800000|  0%| F|  |TAMS 0x0000000713700000, 0x0000000713700000| Untracked 
| 240|0x0000000713800000, 0x0000000713800000, 0x0000000713900000|  0%| F|  |TAMS 0x0000000713800000, 0x0000000713800000| Untracked 
| 241|0x0000000713900000, 0x0000000713900000, 0x0000000713a00000|  0%| F|  |TAMS 0x0000000713900000, 0x0000000713900000| Untracked 
| 242|0x0000000713a00000, 0x0000000713a00000, 0x0000000713b00000|  0%| F|  |TAMS 0x0000000713a00000, 0x0000000713a00000| Untracked 
| 243|0x0000000713b00000, 0x0000000713b00000, 0x0000000713c00000|  0%| F|  |TAMS 0x0000000713b00000, 0x0000000713b00000| Untracked 
| 244|0x0000000713c00000, 0x0000000713c00000, 0x0000000713d00000|  0%| F|  |TAMS 0x0000000713c00000, 0x0000000713c00000| Untracked 
| 245|0x0000000713d00000, 0x0000000713d00000, 0x0000000713e00000|  0%| F|  |TAMS 0x0000000713d00000, 0x0000000713d00000| Untracked 
| 246|0x0000000713e00000, 0x0000000713e00000, 0x0000000713f00000|  0%| F|  |TAMS 0x0000000713e00000, 0x0000000713e00000| Untracked 
| 247|0x0000000713f00000, 0x0000000713f00000, 0x0000000714000000|  0%| F|  |TAMS 0x0000000713f00000, 0x0000000713f00000| Untracked 
| 248|0x0000000714000000, 0x0000000714000000, 0x0000000714100000|  0%| F|  |TAMS 0x0000000714000000, 0x0000000714000000| Untracked 
| 249|0x0000000714100000, 0x0000000714100000, 0x0000000714200000|  0%| F|  |TAMS 0x0000000714100000, 0x0000000714100000| Untracked 
| 250|0x0000000714200000, 0x0000000714200000, 0x0000000714300000|  0%| F|  |TAMS 0x0000000714200000, 0x0000000714200000| Untracked 
| 251|0x0000000714300000, 0x0000000714300000, 0x0000000714400000|  0%| F|  |TAMS 0x0000000714300000, 0x0000000714300000| Untracked 
| 252|0x0000000714400000, 0x0000000714400000, 0x0000000714500000|  0%| F|  |TAMS 0x0000000714400000, 0x0000000714400000| Untracked 
| 253|0x0000000714500000, 0x0000000714500000, 0x0000000714600000|  0%| F|  |TAMS 0x0000000714500000, 0x0000000714500000| Untracked 
| 254|0x0000000714600000, 0x00000007146bc9b8, 0x0000000714700000| 73%| E|  |TAMS 0x0000000714600000, 0x0000000714600000| Complete 
| 255|0x0000000714700000, 0x0000000714800000, 0x0000000714800000|100%| E|CS|TAMS 0x0000000714700000, 0x0000000714700000| Complete 
| 256|0x0000000714800000, 0x0000000714900000, 0x0000000714900000|100%| E|CS|TAMS 0x0000000714800000, 0x0000000714800000| Complete 
| 257|0x0000000714900000, 0x00000007149ffe20, 0x0000000714a00000| 99%| E|  |TAMS 0x0000000714900000, 0x0000000714900000| Complete 
| 258|0x0000000714a00000, 0x0000000714b00000, 0x0000000714b00000|100%| E|CS|TAMS 0x0000000714a00000, 0x0000000714a00000| Complete 
| 259|0x0000000714b00000, 0x0000000714c00000, 0x0000000714c00000|100%| E|CS|TAMS 0x0000000714b00000, 0x0000000714b00000| Complete 
| 260|0x0000000714c00000, 0x0000000714d00000, 0x0000000714d00000|100%| E|CS|TAMS 0x0000000714c00000, 0x0000000714c00000| Complete 
| 261|0x0000000714d00000, 0x0000000714e00000, 0x0000000714e00000|100%| E|CS|TAMS 0x0000000714d00000, 0x0000000714d00000| Complete 
| 262|0x0000000714e00000, 0x0000000714f00000, 0x0000000714f00000|100%| E|CS|TAMS 0x0000000714e00000, 0x0000000714e00000| Complete 
| 263|0x0000000714f00000, 0x0000000715000000, 0x0000000715000000|100%| E|CS|TAMS 0x0000000714f00000, 0x0000000714f00000| Complete 
| 264|0x0000000715000000, 0x0000000715100000, 0x0000000715100000|100%| E|CS|TAMS 0x0000000715000000, 0x0000000715000000| Complete 
| 265|0x0000000715100000, 0x0000000715200000, 0x0000000715200000|100%| E|CS|TAMS 0x0000000715100000, 0x0000000715100000| Complete 
| 266|0x0000000715200000, 0x0000000715300000, 0x0000000715300000|100%| E|CS|TAMS 0x0000000715200000, 0x0000000715200000| Complete 
| 267|0x0000000715300000, 0x0000000715400000, 0x0000000715400000|100%| E|CS|TAMS 0x0000000715300000, 0x0000000715300000| Complete 
| 268|0x0000000715400000, 0x00000007154e3f50, 0x0000000715500000| 89%| S|CS|TAMS 0x0000000715400000, 0x0000000715400000| Complete 
| 269|0x0000000715500000, 0x0000000715600000, 0x0000000715600000|100%| S|CS|TAMS 0x0000000715500000, 0x0000000715500000| Complete 
| 270|0x0000000715600000, 0x0000000715700000, 0x0000000715700000|100%| S|CS|TAMS 0x0000000715600000, 0x0000000715600000| Complete 
| 271|0x0000000715700000, 0x0000000715800000, 0x0000000715800000|100%| S|CS|TAMS 0x0000000715700000, 0x0000000715700000| Complete 
| 272|0x0000000715800000, 0x0000000715900000, 0x0000000715900000|100%| S|CS|TAMS 0x0000000715800000, 0x0000000715800000| Complete 
| 273|0x0000000715900000, 0x0000000715a00000, 0x0000000715a00000|100%| S|CS|TAMS 0x0000000715900000, 0x0000000715900000| Complete 
| 274|0x0000000715a00000, 0x0000000715b00000, 0x0000000715b00000|100%| S|CS|TAMS 0x0000000715a00000, 0x0000000715a00000| Complete 
| 275|0x0000000715b00000, 0x0000000715c00000, 0x0000000715c00000|100%| S|CS|TAMS 0x0000000715b00000, 0x0000000715b00000| Complete 
| 276|0x0000000715c00000, 0x0000000715d00000, 0x0000000715d00000|100%| S|CS|TAMS 0x0000000715c00000, 0x0000000715c00000| Complete 
| 277|0x0000000715d00000, 0x0000000715e00000, 0x0000000715e00000|100%| S|CS|TAMS 0x0000000715d00000, 0x0000000715d00000| Complete 
| 278|0x0000000715e00000, 0x0000000715f00000, 0x0000000715f00000|100%| E|CS|TAMS 0x0000000715e00000, 0x0000000715e00000| Complete 
| 279|0x0000000715f00000, 0x0000000716000000, 0x0000000716000000|100%| E|CS|TAMS 0x0000000715f00000, 0x0000000715f00000| Complete 
| 280|0x0000000716000000, 0x0000000716100000, 0x0000000716100000|100%| E|CS|TAMS 0x0000000716000000, 0x0000000716000000| Complete 
| 281|0x0000000716100000, 0x0000000716200000, 0x0000000716200000|100%| E|CS|TAMS 0x0000000716100000, 0x0000000716100000| Complete 
| 282|0x0000000716200000, 0x0000000716300000, 0x0000000716300000|100%| E|CS|TAMS 0x0000000716200000, 0x0000000716200000| Complete 
| 283|0x0000000716300000, 0x0000000716400000, 0x0000000716400000|100%| E|CS|TAMS 0x0000000716300000, 0x0000000716300000| Complete 
| 284|0x0000000716400000, 0x0000000716500000, 0x0000000716500000|100%| E|CS|TAMS 0x0000000716400000, 0x0000000716400000| Complete 
| 285|0x0000000716500000, 0x0000000716600000, 0x0000000716600000|100%| E|CS|TAMS 0x0000000716500000, 0x0000000716500000| Complete 
| 286|0x0000000716600000, 0x0000000716700000, 0x0000000716700000|100%| E|CS|TAMS 0x0000000716600000, 0x0000000716600000| Complete 
| 287|0x0000000716700000, 0x0000000716800000, 0x0000000716800000|100%| E|CS|TAMS 0x0000000716700000, 0x0000000716700000| Complete 
| 288|0x0000000716800000, 0x0000000716900000, 0x0000000716900000|100%| E|CS|TAMS 0x0000000716800000, 0x0000000716800000| Complete 
| 289|0x0000000716900000, 0x0000000716a00000, 0x0000000716a00000|100%| E|CS|TAMS 0x0000000716900000, 0x0000000716900000| Complete 
| 290|0x0000000716a00000, 0x0000000716b00000, 0x0000000716b00000|100%| E|CS|TAMS 0x0000000716a00000, 0x0000000716a00000| Complete 
| 291|0x0000000716b00000, 0x0000000716c00000, 0x0000000716c00000|100%| E|CS|TAMS 0x0000000716b00000, 0x0000000716b00000| Complete 
| 292|0x0000000716c00000, 0x0000000716d00000, 0x0000000716d00000|100%| E|CS|TAMS 0x0000000716c00000, 0x0000000716c00000| Complete 
| 293|0x0000000716d00000, 0x0000000716e00000, 0x0000000716e00000|100%| E|CS|TAMS 0x0000000716d00000, 0x0000000716d00000| Complete 
| 294|0x0000000716e00000, 0x0000000716f00000, 0x0000000716f00000|100%| E|CS|TAMS 0x0000000716e00000, 0x0000000716e00000| Complete 
| 295|0x0000000716f00000, 0x0000000717000000, 0x0000000717000000|100%| E|CS|TAMS 0x0000000716f00000, 0x0000000716f00000| Complete 
| 296|0x0000000717000000, 0x0000000717100000, 0x0000000717100000|100%| E|CS|TAMS 0x0000000717000000, 0x0000000717000000| Complete 
| 297|0x0000000717100000, 0x0000000717200000, 0x0000000717200000|100%| E|CS|TAMS 0x0000000717100000, 0x0000000717100000| Complete 
| 298|0x0000000717200000, 0x0000000717300000, 0x0000000717300000|100%| E|CS|TAMS 0x0000000717200000, 0x0000000717200000| Complete 
| 299|0x0000000717300000, 0x0000000717400000, 0x0000000717400000|100%| E|CS|TAMS 0x0000000717300000, 0x0000000717300000| Complete 
| 300|0x0000000717400000, 0x0000000717500000, 0x0000000717500000|100%| E|CS|TAMS 0x0000000717400000, 0x0000000717400000| Complete 
| 301|0x0000000717500000, 0x0000000717600000, 0x0000000717600000|100%| E|CS|TAMS 0x0000000717500000, 0x0000000717500000| Complete 
| 302|0x0000000717600000, 0x0000000717700000, 0x0000000717700000|100%| E|CS|TAMS 0x0000000717600000, 0x0000000717600000| Complete 
| 303|0x0000000717700000, 0x0000000717800000, 0x0000000717800000|100%| E|CS|TAMS 0x0000000717700000, 0x0000000717700000| Complete 
| 304|0x0000000717800000, 0x0000000717900000, 0x0000000717900000|100%| E|CS|TAMS 0x0000000717800000, 0x0000000717800000| Complete 
| 305|0x0000000717900000, 0x0000000717a00000, 0x0000000717a00000|100%| E|CS|TAMS 0x0000000717900000, 0x0000000717900000| Complete 
| 306|0x0000000717a00000, 0x0000000717b00000, 0x0000000717b00000|100%| E|CS|TAMS 0x0000000717a00000, 0x0000000717a00000| Complete 
| 307|0x0000000717b00000, 0x0000000717c00000, 0x0000000717c00000|100%| E|CS|TAMS 0x0000000717b00000, 0x0000000717b00000| Complete 
| 308|0x0000000717c00000, 0x0000000717d00000, 0x0000000717d00000|100%| E|CS|TAMS 0x0000000717c00000, 0x0000000717c00000| Complete 
| 309|0x0000000717d00000, 0x0000000717e00000, 0x0000000717e00000|100%| E|CS|TAMS 0x0000000717d00000, 0x0000000717d00000| Complete 
| 310|0x0000000717e00000, 0x0000000717f00000, 0x0000000717f00000|100%| E|CS|TAMS 0x0000000717e00000, 0x0000000717e00000| Complete 
| 311|0x0000000717f00000, 0x0000000718000000, 0x0000000718000000|100%| E|CS|TAMS 0x0000000717f00000, 0x0000000717f00000| Complete 
| 312|0x0000000718000000, 0x0000000718100000, 0x0000000718100000|100%| E|CS|TAMS 0x0000000718000000, 0x0000000718000000| Complete 
| 313|0x0000000718100000, 0x0000000718200000, 0x0000000718200000|100%| E|CS|TAMS 0x0000000718100000, 0x0000000718100000| Complete 
| 314|0x0000000718200000, 0x0000000718300000, 0x0000000718300000|100%| E|CS|TAMS 0x0000000718200000, 0x0000000718200000| Complete 
| 315|0x0000000718300000, 0x0000000718400000, 0x0000000718400000|100%| E|CS|TAMS 0x0000000718300000, 0x0000000718300000| Complete 
| 316|0x0000000718400000, 0x0000000718500000, 0x0000000718500000|100%| E|CS|TAMS 0x0000000718400000, 0x0000000718400000| Complete 
| 317|0x0000000718500000, 0x0000000718600000, 0x0000000718600000|100%| E|CS|TAMS 0x0000000718500000, 0x0000000718500000| Complete 
| 318|0x0000000718600000, 0x0000000718700000, 0x0000000718700000|100%| E|CS|TAMS 0x0000000718600000, 0x0000000718600000| Complete 
| 319|0x0000000718700000, 0x0000000718800000, 0x0000000718800000|100%| E|CS|TAMS 0x0000000718700000, 0x0000000718700000| Complete 
| 320|0x0000000718800000, 0x0000000718900000, 0x0000000718900000|100%| E|CS|TAMS 0x0000000718800000, 0x0000000718800000| Complete 
| 321|0x0000000718900000, 0x0000000718a00000, 0x0000000718a00000|100%| E|CS|TAMS 0x0000000718900000, 0x0000000718900000| Complete 
| 322|0x0000000718a00000, 0x0000000718b00000, 0x0000000718b00000|100%| E|CS|TAMS 0x0000000718a00000, 0x0000000718a00000| Complete 
| 323|0x0000000718b00000, 0x0000000718c00000, 0x0000000718c00000|100%| E|CS|TAMS 0x0000000718b00000, 0x0000000718b00000| Complete 
| 324|0x0000000718c00000, 0x0000000718d00000, 0x0000000718d00000|100%| E|CS|TAMS 0x0000000718c00000, 0x0000000718c00000| Complete 
| 325|0x0000000718d00000, 0x0000000718e00000, 0x0000000718e00000|100%| E|CS|TAMS 0x0000000718d00000, 0x0000000718d00000| Complete 
| 326|0x0000000718e00000, 0x0000000718f00000, 0x0000000718f00000|100%| E|CS|TAMS 0x0000000718e00000, 0x0000000718e00000| Complete 
| 327|0x0000000718f00000, 0x0000000719000000, 0x0000000719000000|100%| E|CS|TAMS 0x0000000718f00000, 0x0000000718f00000| Complete 
| 328|0x0000000719000000, 0x0000000719100000, 0x0000000719100000|100%| E|CS|TAMS 0x0000000719000000, 0x0000000719000000| Complete 
| 329|0x0000000719100000, 0x0000000719200000, 0x0000000719200000|100%| E|CS|TAMS 0x0000000719100000, 0x0000000719100000| Complete 
| 330|0x0000000719200000, 0x0000000719300000, 0x0000000719300000|100%| E|CS|TAMS 0x0000000719200000, 0x0000000719200000| Complete 
| 331|0x0000000719300000, 0x0000000719400000, 0x0000000719400000|100%| E|CS|TAMS 0x0000000719300000, 0x0000000719300000| Complete 
| 332|0x0000000719400000, 0x0000000719500000, 0x0000000719500000|100%| E|CS|TAMS 0x0000000719400000, 0x0000000719400000| Complete 
| 333|0x0000000719500000, 0x0000000719600000, 0x0000000719600000|100%| E|CS|TAMS 0x0000000719500000, 0x0000000719500000| Complete 
| 334|0x0000000719600000, 0x0000000719700000, 0x0000000719700000|100%| E|CS|TAMS 0x0000000719600000, 0x0000000719600000| Complete 
| 335|0x0000000719700000, 0x0000000719800000, 0x0000000719800000|100%| E|CS|TAMS 0x0000000719700000, 0x0000000719700000| Complete 
| 336|0x0000000719800000, 0x0000000719900000, 0x0000000719900000|100%| E|CS|TAMS 0x0000000719800000, 0x0000000719800000| Complete 
| 337|0x0000000719900000, 0x0000000719a00000, 0x0000000719a00000|100%| E|CS|TAMS 0x0000000719900000, 0x0000000719900000| Complete 
| 338|0x0000000719a00000, 0x0000000719b00000, 0x0000000719b00000|100%| E|CS|TAMS 0x0000000719a00000, 0x0000000719a00000| Complete 
| 339|0x0000000719b00000, 0x0000000719c00000, 0x0000000719c00000|100%| E|CS|TAMS 0x0000000719b00000, 0x0000000719b00000| Complete 
| 340|0x0000000719c00000, 0x0000000719d00000, 0x0000000719d00000|100%| E|CS|TAMS 0x0000000719c00000, 0x0000000719c00000| Complete 
| 341|0x0000000719d00000, 0x0000000719e00000, 0x0000000719e00000|100%| E|CS|TAMS 0x0000000719d00000, 0x0000000719d00000| Complete 
| 342|0x0000000719e00000, 0x0000000719f00000, 0x0000000719f00000|100%| E|CS|TAMS 0x0000000719e00000, 0x0000000719e00000| Complete 
| 343|0x0000000719f00000, 0x000000071a000000, 0x000000071a000000|100%| E|CS|TAMS 0x0000000719f00000, 0x0000000719f00000| Complete 
| 344|0x000000071a000000, 0x000000071a100000, 0x000000071a100000|100%| E|CS|TAMS 0x000000071a000000, 0x000000071a000000| Complete 
| 345|0x000000071a100000, 0x000000071a200000, 0x000000071a200000|100%| E|CS|TAMS 0x000000071a100000, 0x000000071a100000| Complete 
| 346|0x000000071a200000, 0x000000071a300000, 0x000000071a300000|100%| E|CS|TAMS 0x000000071a200000, 0x000000071a200000| Complete 
| 347|0x000000071a300000, 0x000000071a400000, 0x000000071a400000|100%| E|CS|TAMS 0x000000071a300000, 0x000000071a300000| Complete 
| 348|0x000000071a400000, 0x000000071a500000, 0x000000071a500000|100%| E|CS|TAMS 0x000000071a400000, 0x000000071a400000| Complete 
| 349|0x000000071a500000, 0x000000071a600000, 0x000000071a600000|100%| E|CS|TAMS 0x000000071a500000, 0x000000071a500000| Complete 
| 350|0x000000071a600000, 0x000000071a700000, 0x000000071a700000|100%| E|CS|TAMS 0x000000071a600000, 0x000000071a600000| Complete 
| 351|0x000000071a700000, 0x000000071a800000, 0x000000071a800000|100%| E|CS|TAMS 0x000000071a700000, 0x000000071a700000| Complete 
| 352|0x000000071a800000, 0x000000071a900000, 0x000000071a900000|100%| E|CS|TAMS 0x000000071a800000, 0x000000071a800000| Complete 
| 353|0x000000071a900000, 0x000000071aa00000, 0x000000071aa00000|100%| E|CS|TAMS 0x000000071a900000, 0x000000071a900000| Complete 
| 354|0x000000071aa00000, 0x000000071ab00000, 0x000000071ab00000|100%| E|CS|TAMS 0x000000071aa00000, 0x000000071aa00000| Complete 
| 355|0x000000071ab00000, 0x000000071ac00000, 0x000000071ac00000|100%| E|CS|TAMS 0x000000071ab00000, 0x000000071ab00000| Complete 
| 356|0x000000071ac00000, 0x000000071ad00000, 0x000000071ad00000|100%| E|CS|TAMS 0x000000071ac00000, 0x000000071ac00000| Complete 
| 357|0x000000071ad00000, 0x000000071ae00000, 0x000000071ae00000|100%| E|CS|TAMS 0x000000071ad00000, 0x000000071ad00000| Complete 
| 358|0x000000071ae00000, 0x000000071af00000, 0x000000071af00000|100%| E|CS|TAMS 0x000000071ae00000, 0x000000071ae00000| Complete 
| 359|0x000000071af00000, 0x000000071b000000, 0x000000071b000000|100%| E|CS|TAMS 0x000000071af00000, 0x000000071af00000| Complete 
| 360|0x000000071b000000, 0x000000071b100000, 0x000000071b100000|100%| E|CS|TAMS 0x000000071b000000, 0x000000071b000000| Complete 
| 361|0x000000071b100000, 0x000000071b200000, 0x000000071b200000|100%| E|CS|TAMS 0x000000071b100000, 0x000000071b100000| Complete 
| 362|0x000000071b200000, 0x000000071b300000, 0x000000071b300000|100%| E|CS|TAMS 0x000000071b200000, 0x000000071b200000| Complete 
| 363|0x000000071b300000, 0x000000071b400000, 0x000000071b400000|100%| E|CS|TAMS 0x000000071b300000, 0x000000071b300000| Complete 

Card table byte_map: [0x0000013f64160000,0x0000013f64940000] _byte_map_base: 0x0000013f6093c000

Marking Bits (Prev, Next): (CMBitMap*) 0x0000013f4a02d2a0, (CMBitMap*) 0x0000013f4a02d268
 Prev Bits: [0x0000013f69000000, 0x0000013f6cee0000)
 Next Bits: [0x0000013f65120000, 0x0000013f69000000)

Polling page: 0x0000013f4a080000

Metaspace:

Usage:
  Non-class:     79.14 MB capacity,    77.45 MB ( 98%) used,     1.33 MB (  2%) free+waste,   363.31 KB ( <1%) overhead. 
      Class:     10.27 MB capacity,     9.05 MB ( 88%) used,     1.06 MB ( 10%) free+waste,   166.31 KB (  2%) overhead. 
       Both:     89.42 MB capacity,    86.51 MB ( 97%) used,     2.39 MB (  3%) free+waste,   529.62 KB ( <1%) overhead. 

Virtual space:
  Non-class space:       80.00 MB reserved,      79.25 MB (>99%) committed 
      Class space:        1.00 GB reserved,      10.38 MB (  1%) committed 
             Both:        1.08 GB reserved,      89.62 MB (  8%) committed 

Chunk freelists:
   Non-Class:  45.00 KB
       Class:  0 bytes
        Both:  45.00 KB

MaxMetaspaceSize: 17179869184.00 GB
CompressedClassSpaceSize: 1.00 GB
Initial GC threshold: 20.80 MB
Current GC threshold: 143.75 MB
CDS: off

CodeHeap 'non-profiled nmethods': size=120000Kb used=8795Kb max_used=8795Kb free=111204Kb
 bounds [0x0000013f5b9e0000, 0x0000013f5c280000, 0x0000013f62f10000]
CodeHeap 'profiled nmethods': size=120000Kb used=33586Kb max_used=33586Kb free=86413Kb
 bounds [0x0000013f544b0000, 0x0000013f56580000, 0x0000013f5b9e0000]
CodeHeap 'non-nmethods': size=5760Kb used=1759Kb max_used=1902Kb free=4000Kb
 bounds [0x0000013f53f10000, 0x0000013f54180000, 0x0000013f544b0000]
 total_blobs=11768 nmethods=10699 adapters=986
 compilation: enabled
              stopped_count=0, restarted_count=0
 full_count=0

Compilation events (20 events):
Event: 22.900 Thread 0x0000013f70381000 nmethod 11057 0x0000013f5654bc10 code [0x0000013f5654bde0, 0x0000013f5654c038]
Event: 22.900 Thread 0x0000013f70381000 11061       2       org.bouncycastle.math.raw.Nat::shiftDownBit (40 bytes)
Event: 22.900 Thread 0x0000013f70381000 nmethod 11061 0x0000013f5654c190 code [0x0000013f5654c340, 0x0000013f5654c4b8]
Event: 22.900 Thread 0x0000013f70381000 11062       2       org.bouncycastle.math.raw.Mod::getTrailingZeroes (23 bytes)
Event: 22.900 Thread 0x0000013f70381000 nmethod 11062 0x0000013f5654c610 code [0x0000013f5654c7c0, 0x0000013f5654c978]
Event: 22.900 Thread 0x0000013f70381000 11059       2       client::isStretchedEnabled (4 bytes)
Event: 22.901 Thread 0x0000013f70381000 nmethod 11059 0x0000013f5654ca90 code [0x0000013f5654cc40, 0x0000013f5654cd58]
Event: 22.901 Thread 0x0000013f70381000 11063       2       org.bouncycastle.math.ec.ECPoint::<init> (31 bytes)
Event: 22.901 Thread 0x0000013f70381000 nmethod 11063 0x0000013f5654ce10 code [0x0000013f5654cfc0, 0x0000013f5654d278]
Event: 22.901 Thread 0x0000013f70381000 11065       2       org.bouncycastle.math.raw.Nat256::addBothTo (325 bytes)
Event: 22.901 Thread 0x0000013f70381000 nmethod 11065 0x0000013f5654d310 code [0x0000013f5654d500, 0x0000013f5654da98]
Event: 22.901 Thread 0x0000013f70381000 11068 % !   3       jt::nj @ 3639 (6679 bytes)
Event: 22.962 Thread 0x0000013f70381000 nmethod 11068% 0x0000013f5654de10 code [0x0000013f5654fca0, 0x0000013f56566388]
Event: 22.963 Thread 0x0000013f70381000 11072 % !   3       nn::az @ 11 (160 bytes)
Event: 22.964 Thread 0x0000013f70381000 nmethod 11072% 0x0000013f56570a90 code [0x0000013f56570dc0, 0x0000013f565720d8]
Event: 22.964 Thread 0x0000013f70381000 11073       3       client::oa (204 bytes)
Event: 22.966 Thread 0x0000013f70381000 nmethod 11073 0x0000013f56572810 code [0x0000013f56572a60, 0x0000013f56573548]
Event: 22.966 Thread 0x0000013f70381000 11088 % !   3       gb::ny @ 82 (1025 bytes)
Event: 22.972 Thread 0x0000013f70381000 nmethod 11088% 0x0000013f56573c90 code [0x0000013f565744a0, 0x0000013f5657a688]
Event: 22.972 Thread 0x0000013f70381000 11085 %     3       org.bouncycastle.math.raw.Nat256::mul @ 292 (637 bytes)

GC Heap History (20 events):
Event: 6.482 GC heap before
{Heap before GC invocations=10 (full 0):
 garbage-first heap   total 258048K, used 170911K [0x0000000704800000, 0x0000000800000000)
  region size 1024K, 116 young (118784K), 16 survivors (16384K)
 Metaspace       used 62012K, capacity 63078K, committed 63232K, reserved 1105920K
  class space    used 6451K, capacity 6895K, committed 6912K, reserved 1048576K
}
Event: 6.514 GC heap after
{Heap after GC invocations=11 (full 0):
 garbage-first heap   total 310272K, used 83011K [0x0000000704800000, 0x0000000800000000)
  region size 1024K, 15 young (15360K), 15 survivors (15360K)
 Metaspace       used 62012K, capacity 63078K, committed 63232K, reserved 1105920K
  class space    used 6451K, capacity 6895K, committed 6912K, reserved 1048576K
}
Event: 7.503 GC heap before
{Heap before GC invocations=11 (full 0):
 garbage-first heap   total 310272K, used 200771K [0x0000000704800000, 0x0000000800000000)
  region size 1024K, 131 young (134144K), 15 survivors (15360K)
 Metaspace       used 69132K, capacity 70317K, committed 70528K, reserved 1112064K
  class space    used 7007K, capacity 7495K, committed 7552K, reserved 1048576K
}
Event: 7.513 GC heap after
{Heap after GC invocations=12 (full 0):
 garbage-first heap   total 310272K, used 119808K [0x0000000704800000, 0x0000000800000000)
  region size 1024K, 17 young (17408K), 17 survivors (17408K)
 Metaspace       used 69132K, capacity 70317K, committed 70528K, reserved 1112064K
  class space    used 7007K, capacity 7495K, committed 7552K, reserved 1048576K
}
Event: 8.860 GC heap before
{Heap before GC invocations=12 (full 0):
 garbage-first heap   total 310272K, used 216064K [0x0000000704800000, 0x0000000800000000)
  region size 1024K, 106 young (108544K), 17 survivors (17408K)
 Metaspace       used 78202K, capacity 79967K, committed 80256K, reserved 1120256K
  class space    used 8063K, capacity 8789K, committed 8832K, reserved 1048576K
}
Event: 8.874 GC heap after
{Heap after GC invocations=13 (full 0):
 garbage-first heap   total 310272K, used 141312K [0x0000000704800000, 0x0000000800000000)
  region size 1024K, 14 young (14336K), 14 survivors (14336K)
 Metaspace       used 78202K, capacity 79967K, committed 80256K, reserved 1120256K
  class space    used 8063K, capacity 8789K, committed 8832K, reserved 1048576K
}
Event: 10.576 GC heap before
{Heap before GC invocations=13 (full 0):
 garbage-first heap   total 310272K, used 225280K [0x0000000704800000, 0x0000000800000000)
  region size 1024K, 94 young (96256K), 14 survivors (14336K)
 Metaspace       used 80674K, capacity 82940K, committed 83072K, reserved 1122304K
  class space    used 8393K, capacity 9331K, committed 9344K, reserved 1048576K
}
Event: 10.592 GC heap after
{Heap after GC invocations=14 (full 0):
 garbage-first heap   total 310272K, used 157184K [0x0000000704800000, 0x0000000800000000)
  region size 1024K, 12 young (12288K), 12 survivors (12288K)
 Metaspace       used 80674K, capacity 82940K, committed 83072K, reserved 1122304K
  class space    used 8393K, capacity 9331K, committed 9344K, reserved 1048576K
}
Event: 11.468 GC heap before
{Heap before GC invocations=14 (full 0):
 garbage-first heap   total 310272K, used 232960K [0x0000000704800000, 0x0000000800000000)
  region size 1024K, 86 young (88064K), 12 survivors (12288K)
 Metaspace       used 81618K, capacity 84037K, committed 84096K, reserved 1124352K
  class space    used 8519K, capacity 9546K, committed 9600K, reserved 1048576K
}
Event: 11.482 GC heap after
{Heap after GC invocations=15 (full 0):
 garbage-first heap   total 372736K, used 162157K [0x0000000704800000, 0x0000000800000000)
  region size 1024K, 6 young (6144K), 6 survivors (6144K)
 Metaspace       used 81618K, capacity 84037K, committed 84096K, reserved 1124352K
  class space    used 8519K, capacity 9546K, committed 9600K, reserved 1048576K
}
Event: 12.414 GC heap before
{Heap before GC invocations=16 (full 0):
 garbage-first heap   total 372736K, used 248173K [0x0000000704800000, 0x0000000800000000)
  region size 1024K, 105 young (107520K), 6 survivors (6144K)
 Metaspace       used 83173K, capacity 85852K, committed 86016K, reserved 1126400K
  class space    used 8826K, capacity 9916K, committed 9984K, reserved 1048576K
}
Event: 12.423 GC heap after
{Heap after GC invocations=17 (full 0):
 garbage-first heap   total 372736K, used 150757K [0x0000000704800000, 0x0000000800000000)
  region size 1024K, 11 young (11264K), 11 survivors (11264K)
 Metaspace       used 83173K, capacity 85852K, committed 86016K, reserved 1126400K
  class space    used 8826K, capacity 9916K, committed 9984K, reserved 1048576K
}
Event: 12.491 GC heap before
{Heap before GC invocations=17 (full 0):
 garbage-first heap   total 372736K, used 157925K [0x0000000704800000, 0x0000000800000000)
  region size 1024K, 18 young (18432K), 11 survivors (11264K)
 Metaspace       used 83223K, capacity 85915K, committed 86016K, reserved 1126400K
  class space    used 8839K, capacity 9937K, committed 9984K, reserved 1048576K
}
Event: 12.502 GC heap after
{Heap after GC invocations=18 (full 0):
 garbage-first heap   total 372736K, used 135607K [0x0000000704800000, 0x0000000800000000)
  region size 1024K, 2 young (2048K), 2 survivors (2048K)
 Metaspace       used 83223K, capacity 85915K, committed 86016K, reserved 1126400K
  class space    used 8839K, capacity 9937K, committed 9984K, reserved 1048576K
}
Event: 16.996 GC heap before
{Heap before GC invocations=18 (full 0):
 garbage-first heap   total 372736K, used 261559K [0x0000000704800000, 0x0000000800000000)
  region size 1024K, 119 young (121856K), 2 survivors (2048K)
 Metaspace       used 84366K, capacity 87141K, committed 87168K, reserved 1126400K
  class space    used 8960K, capacity 10091K, committed 10112K, reserved 1048576K
}
Event: 17.000 GC heap after
{Heap after GC invocations=19 (full 0):
 garbage-first heap   total 372736K, used 142962K [0x0000000704800000, 0x0000000800000000)
  region size 1024K, 4 young (4096K), 4 survivors (4096K)
 Metaspace       used 84366K, capacity 87141K, committed 87168K, reserved 1126400K
  class space    used 8960K, capacity 10091K, committed 10112K, reserved 1048576K
}
Event: 17.026 GC heap before
{Heap before GC invocations=19 (full 0):
 garbage-first heap   total 372736K, used 266866K [0x0000000704800000, 0x0000000800000000)
  region size 1024K, 125 young (128000K), 4 survivors (4096K)
 Metaspace       used 84366K, capacity 87141K, committed 87168K, reserved 1126400K
  class space    used 8960K, capacity 10091K, committed 10112K, reserved 1048576K
}
Event: 17.029 GC heap after
{Heap after GC invocations=20 (full 0):
 garbage-first heap   total 372736K, used 143060K [0x0000000704800000, 0x0000000800000000)
  region size 1024K, 4 young (4096K), 4 survivors (4096K)
 Metaspace       used 84366K, capacity 87141K, committed 87168K, reserved 1126400K
  class space    used 8960K, capacity 10091K, committed 10112K, reserved 1048576K
}
Event: 21.275 GC heap before
{Heap before GC invocations=20 (full 0):
 garbage-first heap   total 372736K, used 257748K [0x0000000704800000, 0x0000000800000000)
  region size 1024K, 90 young (92160K), 4 survivors (4096K)
 Metaspace       used 85373K, capacity 88243K, committed 88320K, reserved 1128448K
  class space    used 9034K, capacity 10201K, committed 10240K, reserved 1048576K
}
Event: 21.283 GC heap after
{Heap after GC invocations=21 (full 0):
 garbage-first heap   total 372736K, used 175553K [0x0000000704800000, 0x0000000800000000)
  region size 1024K, 10 young (10240K), 10 survivors (10240K)
 Metaspace       used 85373K, capacity 88243K, committed 88320K, reserved 1128448K
  class space    used 9034K, capacity 10201K, committed 10240K, reserved 1048576K
}

Deoptimization events (20 events):
Event: 22.913 Thread 0x0000013f7285a800 DEOPT PACKING pc=0x0000013f564de7ec sp=0x0000001b5c2fddb0
Event: 22.913 Thread 0x0000013f7285a800 DEOPT UNPACKING pc=0x0000013f53f59d0e sp=0x0000001b5c2fd200 mode 0
Event: 22.915 Thread 0x0000013f7285a800 DEOPT PACKING pc=0x0000013f564bd80a sp=0x0000001b5c2fe2f0
Event: 22.915 Thread 0x0000013f7285a800 DEOPT UNPACKING pc=0x0000013f53f59d0e sp=0x0000001b5c2fda10 mode 0
Event: 22.943 Thread 0x0000013f7285a800 Uncommon trap: trap_request=0xffffff4d fr.pc=0x0000013f5bfb476c relative=0x00000000000021ac
Event: 22.943 Thread 0x0000013f7285a800 Uncommon trap: reason=unstable_if action=reinterpret pc=0x0000013f5bfb476c method=java.awt.font.FontRenderContext.equals(Ljava/awt/font/FontRenderContext;)Z @ 35 c2
Event: 22.943 Thread 0x0000013f7285a800 DEOPT PACKING pc=0x0000013f5bfb476c sp=0x0000001b5c2fe7d0
Event: 22.943 Thread 0x0000013f7285a800 DEOPT UNPACKING pc=0x0000013f53f185af sp=0x0000001b5c2fe610 mode 2
Event: 22.947 Thread 0x0000013f7285a800 DEOPT PACKING pc=0x0000013f564de7ec sp=0x0000001b5c2fe250
Event: 22.947 Thread 0x0000013f7285a800 DEOPT UNPACKING pc=0x0000013f53f59d0e sp=0x0000001b5c2fd6a0 mode 0
Event: 22.947 Thread 0x0000013f7285a800 DEOPT PACKING pc=0x0000013f564bd80a sp=0x0000001b5c2fde50
Event: 22.947 Thread 0x0000013f7285a800 DEOPT UNPACKING pc=0x0000013f53f59d0e sp=0x0000001b5c2fd570 mode 0
Event: 22.949 Thread 0x0000013f7285a800 DEOPT PACKING pc=0x0000013f564bd80a sp=0x0000001b5c2fd730
Event: 22.949 Thread 0x0000013f7285a800 DEOPT UNPACKING pc=0x0000013f53f59d0e sp=0x0000001b5c2fce50 mode 0
Event: 22.949 Thread 0x0000013f7285a800 DEOPT PACKING pc=0x0000013f564de7ec sp=0x0000001b5c2fcf70
Event: 22.949 Thread 0x0000013f7285a800 DEOPT UNPACKING pc=0x0000013f53f59d0e sp=0x0000001b5c2fc3c0 mode 0
Event: 22.950 Thread 0x0000013f7285a800 Uncommon trap: trap_request=0xffffff6e fr.pc=0x0000013f5bcf1b4c relative=0x000000000000030c
Event: 22.950 Thread 0x0000013f7285a800 Uncommon trap: reason=speculate_class_check action=maybe_recompile pc=0x0000013f5bcf1b4c method=se.my()V @ 1 c2
Event: 22.950 Thread 0x0000013f7285a800 DEOPT PACKING pc=0x0000013f5bcf1b4c sp=0x0000001b5c2ff1d0
Event: 22.950 Thread 0x0000013f7285a800 DEOPT UNPACKING pc=0x0000013f53f185af sp=0x0000001b5c2ff0d8 mode 2

Classes redefined (0 events):
No events

Internal exceptions (20 events):
Event: 22.267 Thread 0x0000013f7285a800 Exception <a 'java/lang/IncompatibleClassChangeError'{0x00000007178c3810}: Found class java.lang.Object, but interface was expected> (0x00000007178c3810) thrown at [s\src\hotspot\share\interpreter\linkResolver.cpp, line 839]
Event: 22.268 Thread 0x0000013f7285a800 Exception <a 'java/lang/IncompatibleClassChangeError'{0x00000007178c6090}: Found class java.lang.Object, but interface was expected> (0x00000007178c6090) thrown at [s\src\hotspot\share\interpreter\linkResolver.cpp, line 839]
Event: 22.268 Thread 0x0000013f7285a800 Exception <a 'java/lang/IncompatibleClassChangeError'{0x00000007178c8900}: Found class java.lang.Object, but interface was expected> (0x00000007178c8900) thrown at [s\src\hotspot\share\interpreter\linkResolver.cpp, line 839]
Event: 22.269 Thread 0x0000013f7285a800 Exception <a 'java/lang/IncompatibleClassChangeError'{0x00000007178cb158}: Found class java.lang.Object, but interface was expected> (0x00000007178cb158) thrown at [s\src\hotspot\share\interpreter\linkResolver.cpp, line 839]
Event: 22.269 Thread 0x0000013f7285a800 Exception <a 'java/lang/IncompatibleClassChangeError'{0x00000007178cd980}: Found class java.lang.Object, but interface was expected> (0x00000007178cd980) thrown at [s\src\hotspot\share\interpreter\linkResolver.cpp, line 839]
Event: 22.270 Thread 0x0000013f7285a800 Exception <a 'java/lang/IncompatibleClassChangeError'{0x00000007178d0428}: Found class java.lang.Object, but interface was expected> (0x00000007178d0428) thrown at [s\src\hotspot\share\interpreter\linkResolver.cpp, line 839]
Event: 22.270 Thread 0x0000013f7285a800 Exception <a 'java/lang/IncompatibleClassChangeError'{0x00000007178d2c58}: Found class java.lang.Object, but interface was expected> (0x00000007178d2c58) thrown at [s\src\hotspot\share\interpreter\linkResolver.cpp, line 839]
Event: 22.271 Thread 0x0000013f7285a800 Exception <a 'java/lang/IncompatibleClassChangeError'{0x00000007178d54b8}: Found class java.lang.Object, but interface was expected> (0x00000007178d54b8) thrown at [s\src\hotspot\share\interpreter\linkResolver.cpp, line 839]
Event: 22.271 Thread 0x0000013f7285a800 Exception <a 'java/lang/IncompatibleClassChangeError'{0x00000007178d7d20}: Found class java.lang.Object, but interface was expected> (0x00000007178d7d20) thrown at [s\src\hotspot\share\interpreter\linkResolver.cpp, line 839]
Event: 22.271 Thread 0x0000013f7285a800 Exception <a 'java/lang/IncompatibleClassChangeError'{0x00000007178da588}: Found class java.lang.Object, but interface was expected> (0x00000007178da588) thrown at [s\src\hotspot\share\interpreter\linkResolver.cpp, line 839]
Event: 22.272 Thread 0x0000013f7285a800 Exception <a 'java/lang/IncompatibleClassChangeError'{0x00000007178dcdf0}: Found class java.lang.Object, but interface was expected> (0x00000007178dcdf0) thrown at [s\src\hotspot\share\interpreter\linkResolver.cpp, line 839]
Event: 22.272 Thread 0x0000013f7285a800 Exception <a 'java/lang/IncompatibleClassChangeError'{0x00000007178df640}: Found class java.lang.Object, but interface was expected> (0x00000007178df640) thrown at [s\src\hotspot\share\interpreter\linkResolver.cpp, line 839]
Event: 22.272 Thread 0x0000013f7285a800 Exception <a 'java/lang/IncompatibleClassChangeError'{0x00000007178e1ea0}: Found class java.lang.Object, but interface was expected> (0x00000007178e1ea0) thrown at [s\src\hotspot\share\interpreter\linkResolver.cpp, line 839]
Event: 22.273 Thread 0x0000013f7285a800 Exception <a 'java/lang/IncompatibleClassChangeError'{0x00000007178e4ca0}: Found class java.lang.Object, but interface was expected> (0x00000007178e4ca0) thrown at [s\src\hotspot\share\interpreter\linkResolver.cpp, line 839]
Event: 22.273 Thread 0x0000013f7285a800 Exception <a 'java/lang/IncompatibleClassChangeError'{0x00000007178e7500}: Found class java.lang.Object, but interface was expected> (0x00000007178e7500) thrown at [s\src\hotspot\share\interpreter\linkResolver.cpp, line 839]
Event: 22.273 Thread 0x0000013f7285a800 Exception <a 'java/lang/IncompatibleClassChangeError'{0x00000007178e9d60}: Found class java.lang.Object, but interface was expected> (0x00000007178e9d60) thrown at [s\src\hotspot\share\interpreter\linkResolver.cpp, line 839]
Event: 22.273 Thread 0x0000013f7285a800 Exception <a 'java/lang/IncompatibleClassChangeError'{0x00000007178ec5d0}: Found class java.lang.Object, but interface was expected> (0x00000007178ec5d0) thrown at [s\src\hotspot\share\interpreter\linkResolver.cpp, line 839]
Event: 22.306 Thread 0x0000013f7285a800 Exception <a 'java/lang/NoSuchMethodError'{0x00000007177782e0}: 'void java.lang.invoke.DirectMethodHandle$Holder.invokeStatic(java.lang.Object, long)'> (0x00000007177782e0) thrown at [s\src\hotspot\share\interpreter\linkResolver.cpp, line 773]
Event: 22.648 Thread 0x0000013f7285a800 Exception <a 'java/lang/NoSuchMethodError'{0x00000007160d7e48}: 'java.lang.Object java.lang.invoke.DirectMethodHandle$Holder.invokeStatic(java.lang.Object, java.lang.Object, java.lang.Object, java.lang.Object, java.lang.Object, int)'> (0x00000007160d7e48) thrown at [s\src\hotspot\share\interpreter\linkResolver.cpp, line 773]
Event: 22.649 Thread 0x0000013f7285a800 Exception <a 'java/lang/NoSuchMethodError'{0x00000007160dbbc0}: 'java.lang.Object java.lang.invoke.DirectMethodHandle$Holder.invokeSpecial(java.lang.Object, java.lang.Object, java.lang.Object, java.lang.Object, java.lang.Object, java.lang.Object, int)'> (0x00000007160dbbc0) thrown at [s\src\hotspot\share\interpreter\linkResolver.cpp, line 773]

Events (20 events):
Event: 22.957 Thread 0x0000013f000f4800 Thread added: 0x0000013f000f4800
Event: 22.957 loading class sun/net/ProgressMonitor
Event: 22.958 loading class sun/security/ssl/TransportContext$NotifyHandshake$1
Event: 22.958 loading class sun/net/ProgressMonitor done
Event: 22.958 loading class sun/security/ssl/TransportContext$NotifyHandshake$1 done
Event: 22.958 loading class sun/net/DefaultProgressMeteringPolicy
Event: 22.958 loading class sun/net/ProgressMeteringPolicy
Event: 22.958 loading class sun/net/ProgressMeteringPolicy done
Event: 22.958 Executing VM operation: RevokeBias
Event: 22.958 loading class sun/net/DefaultProgressMeteringPolicy done
Event: 22.958 Executing VM operation: RevokeBias done
Event: 22.958 Thread 0x0000013f000f4800 Thread exited: 0x0000013f000f4800
Event: 22.958 loading class sun/net/www/protocol/http/AuthenticationInfo
Event: 22.959 loading class sun/net/www/protocol/http/AuthCacheValue
Event: 22.959 loading class sun/net/www/protocol/http/AuthCacheValue done
Event: 22.959 loading class sun/net/www/protocol/http/AuthenticationInfo done
Event: 22.959 loading class sun/net/www/protocol/http/AuthCacheImpl
Event: 22.959 loading class sun/net/www/protocol/http/AuthCache
Event: 22.959 loading class sun/net/www/protocol/http/AuthCache done
Event: 22.959 loading class sun/net/www/protocol/http/AuthCacheImpl done


Dynamic libraries:
0x00007ff770740000 - 0x00007ff77074e000 	C:\Users\Donni\.jdks\corretto-11.0.22\bin\java.exe
0x00007fff2cc50000 - 0x00007fff2ce67000 	C:\WINDOWS\SYSTEM32\ntdll.dll
0x00007fff2c200000 - 0x00007fff2c2c4000 	C:\WINDOWS\System32\KERNEL32.DLL
0x00007fff2a2a0000 - 0x00007fff2a646000 	C:\WINDOWS\System32\KERNELBASE.dll
0x00007fff2a180000 - 0x00007fff2a291000 	C:\WINDOWS\System32\ucrtbase.dll
0x00007fff23d10000 - 0x00007fff23d2b000 	C:\Users\Donni\.jdks\corretto-11.0.22\bin\VCRUNTIME140.dll
0x00007fff26470000 - 0x00007fff26487000 	C:\Users\Donni\.jdks\corretto-11.0.22\bin\jli.dll
0x00007fff2af40000 - 0x00007fff2b0ee000 	C:\WINDOWS\System32\USER32.dll
0x00007fff2a650000 - 0x00007fff2a676000 	C:\WINDOWS\System32\win32u.dll
0x00007fff0be70000 - 0x00007fff0c103000 	C:\WINDOWS\WinSxS\amd64_microsoft.windows.common-controls_6595b64144ccf1df_6.0.22621.2506_none_270c5ae97388e100\COMCTL32.dll
0x00007fff2b170000 - 0x00007fff2b199000 	C:\WINDOWS\System32\GDI32.dll
0x00007fff2a030000 - 0x00007fff2a148000 	C:\WINDOWS\System32\gdi32full.dll
0x00007fff2bbe0000 - 0x00007fff2bc87000 	C:\WINDOWS\System32\msvcrt.dll
0x00007fff29f90000 - 0x00007fff2a02a000 	C:\WINDOWS\System32\msvcp_win.dll
0x00007fff2cb40000 - 0x00007fff2cb71000 	C:\WINDOWS\System32\IMM32.DLL
0x00007fff26600000 - 0x00007fff2660c000 	C:\Users\Donni\.jdks\corretto-11.0.22\bin\vcruntime140_1.dll
0x00007fff0ace0000 - 0x00007fff0ad6d000 	C:\Users\Donni\.jdks\corretto-11.0.22\bin\msvcp140.dll
0x00007ffef77c0000 - 0x00007ffef8383000 	C:\Users\Donni\.jdks\corretto-11.0.22\bin\server\jvm.dll
0x00007fff2c2e0000 - 0x00007fff2c393000 	C:\WINDOWS\System32\ADVAPI32.dll
0x00007fff2c8f0000 - 0x00007fff2c998000 	C:\WINDOWS\System32\sechost.dll
0x00007fff2a150000 - 0x00007fff2a178000 	C:\WINDOWS\System32\bcrypt.dll
0x00007fff2c9a0000 - 0x00007fff2cab7000 	C:\WINDOWS\System32\RPCRT4.dll
0x00007fff2ae20000 - 0x00007fff2ae28000 	C:\WINDOWS\System32\PSAPI.DLL
0x00007fff254a0000 - 0x00007fff254a9000 	C:\WINDOWS\SYSTEM32\WSOCK32.dll
0x00007fff20f10000 - 0x00007fff20f44000 	C:\WINDOWS\SYSTEM32\WINMM.dll
0x00007fff203f0000 - 0x00007fff203fa000 	C:\WINDOWS\SYSTEM32\VERSION.dll
0x00007fff2cac0000 - 0x00007fff2cb31000 	C:\WINDOWS\System32\WS2_32.dll
0x00007fff28fc0000 - 0x00007fff28fd8000 	C:\WINDOWS\SYSTEM32\kernel.appcore.dll
0x00007fff26460000 - 0x00007fff26470000 	C:\Users\Donni\.jdks\corretto-11.0.22\bin\verify.dll
0x00007fff272d0000 - 0x00007fff27503000 	C:\WINDOWS\SYSTEM32\DBGHELP.DLL
0x00007fff2bc90000 - 0x00007fff2c019000 	C:\WINDOWS\System32\combase.dll
0x00007fff2ba90000 - 0x00007fff2bb67000 	C:\WINDOWS\System32\OLEAUT32.dll
0x00007ffefe410000 - 0x00007ffefe442000 	C:\WINDOWS\SYSTEM32\dbgcore.DLL
0x00007fff2a860000 - 0x00007fff2a8da000 	C:\WINDOWS\System32\bcryptPrimitives.dll
0x00007fff23ce0000 - 0x00007fff23d08000 	C:\Users\Donni\.jdks\corretto-11.0.22\bin\java.dll
0x00007fff254b0000 - 0x00007fff254ba000 	C:\Users\Donni\.jdks\corretto-11.0.22\bin\jimage.dll
0x00007fff20ff0000 - 0x00007fff21029000 	C:\Users\Donni\.jdks\corretto-11.0.22\bin\jdwp.dll
0x00007fff23dd0000 - 0x00007fff23dde000 	C:\Users\Donni\.jdks\corretto-11.0.22\bin\instrument.dll
0x00007fff23c90000 - 0x00007fff23ca8000 	C:\Users\Donni\.jdks\corretto-11.0.22\bin\zip.dll
0x00007fff2b230000 - 0x00007fff2ba8a000 	C:\WINDOWS\System32\SHELL32.dll
0x00007fff27ee0000 - 0x00007fff287d6000 	C:\WINDOWS\SYSTEM32\windows.storage.dll
0x00007fff27da0000 - 0x00007fff27ede000 	C:\WINDOWS\SYSTEM32\wintypes.dll
0x00007fff2c7f0000 - 0x00007fff2c8e3000 	C:\WINDOWS\System32\SHCORE.dll
0x00007fff2ae30000 - 0x00007fff2ae8e000 	C:\WINDOWS\System32\shlwapi.dll
0x00007fff29ec0000 - 0x00007fff29ee6000 	C:\WINDOWS\SYSTEM32\profapi.dll
0x00007fff23cc0000 - 0x00007fff23cca000 	C:\Users\Donni\.jdks\corretto-11.0.22\bin\dt_socket.dll
0x00007fff29440000 - 0x00007fff294a9000 	C:\WINDOWS\system32\mswsock.dll
0x00007fff22f50000 - 0x00007fff22f69000 	C:\Users\Donni\.jdks\corretto-11.0.22\bin\net.dll
0x00007fff23b20000 - 0x00007fff23c57000 	C:\WINDOWS\SYSTEM32\WINHTTP.dll
0x00007fff21080000 - 0x00007fff21092000 	C:\Users\Donni\.jdks\corretto-11.0.22\bin\nio.dll
0x00007fff20040000 - 0x00007fff20067000 	C:\Users\Donni\.jdks\corretto-11.0.22\bin\sunec.dll
0x00007fff232a0000 - 0x00007fff232ae000 	C:\Users\Donni\.jdks\corretto-11.0.22\bin\sunmscapi.dll
0x00007fff2a6f0000 - 0x00007fff2a856000 	C:\WINDOWS\System32\CRYPT32.dll
0x00007fff29850000 - 0x00007fff2987e000 	C:\WINDOWS\SYSTEM32\ncrypt.dll
0x00007fff29810000 - 0x00007fff29847000 	C:\WINDOWS\SYSTEM32\NTASN1.dll
0x00007fff296f0000 - 0x00007fff29702000 	C:\WINDOWS\SYSTEM32\MSASN1.dll
0x00007fff296a0000 - 0x00007fff296bb000 	C:\WINDOWS\SYSTEM32\CRYPTSP.dll
0x00007fff28f20000 - 0x00007fff28f55000 	C:\WINDOWS\system32\rsaenh.dll
0x00007fff29690000 - 0x00007fff2969c000 	C:\WINDOWS\SYSTEM32\CRYPTBASE.dll
0x00007fff294d0000 - 0x00007fff294f6000 	C:\WINDOWS\SYSTEM32\gpapi.dll
0x00007fff29530000 - 0x00007fff2955c000 	C:\WINDOWS\SYSTEM32\USERENV.dll
0x00007fff29c70000 - 0x00007fff29c7a000 	C:\WINDOWS\SYSTEM32\DPAPI.dll
0x00007fff28ad0000 - 0x00007fff28afd000 	C:\WINDOWS\SYSTEM32\IPHLPAPI.DLL
0x00007fff2b160000 - 0x00007fff2b169000 	C:\WINDOWS\System32\NSI.dll
0x00007fff23960000 - 0x00007fff23979000 	C:\WINDOWS\SYSTEM32\dhcpcsvc6.DLL
0x00007fff23930000 - 0x00007fff2394f000 	C:\WINDOWS\SYSTEM32\dhcpcsvc.DLL
0x00007fff28b00000 - 0x00007fff28bf9000 	C:\WINDOWS\SYSTEM32\DNSAPI.dll
0x00007ffeff330000 - 0x00007ffeff4b2000 	C:\Users\Donni\.jdks\corretto-11.0.22\bin\awt.dll
0x00007fff263c0000 - 0x00007fff26457000 	C:\WINDOWS\SYSTEM32\apphelp.dll
0x00007fff26f10000 - 0x00007fff26fbb000 	C:\WINDOWS\system32\uxtheme.dll
0x00007fff2c3a0000 - 0x00007fff2c4f0000 	C:\WINDOWS\System32\MSCTF.dll
0x00007fff2c650000 - 0x00007fff2c7f0000 	C:\WINDOWS\System32\ole32.dll
0x00007fff27730000 - 0x00007fff2775b000 	C:\WINDOWS\system32\DWMAPI.DLL
0x00007ffef6b10000 - 0x00007ffef6c10000 	C:\WINDOWS\system32\opengl32.dll
0x00007ffef6ae0000 - 0x00007ffef6b0d000 	C:\WINDOWS\SYSTEM32\GLU32.dll
0x00007fff27570000 - 0x00007fff275a6000 	C:\WINDOWS\SYSTEM32\dxcore.dll
0x00007fff07380000 - 0x00007fff07407000 	C:\Users\Donni\.jdks\corretto-11.0.22\bin\freetype.dll
0x00007fff06c20000 - 0x00007fff06cf3000 	C:\Users\Donni\.jdks\corretto-11.0.22\bin\fontmanager.dll
0x00007fff105f0000 - 0x00007fff1073a000 	C:\WINDOWS\SYSTEM32\textinputframework.dll
0x00007fff254d0000 - 0x00007fff25604000 	C:\WINDOWS\SYSTEM32\CoreMessaging.dll
0x00007fff22860000 - 0x00007fff22bcc000 	C:\WINDOWS\SYSTEM32\CoreUIComponents.dll
0x00007fff22f40000 - 0x00007fff22f49000 	C:\Users\Donni\.jdks\corretto-11.0.22\bin\management.dll
0x00007fff22740000 - 0x00007fff2274b000 	C:\Users\Donni\.jdks\corretto-11.0.22\bin\management_ext.dll
0x00007fff203e0000 - 0x00007fff203ea000 	C:\Windows\System32\rasadhlp.dll
0x00007fff22570000 - 0x00007fff225f3000 	C:\WINDOWS\System32\fwpuclnt.dll
0x00007fff0f8d0000 - 0x00007fff0f914000 	C:\Users\Donni\AppData\Local\Temp\jna-68899\jna5759877116275276337.dll
0x00007fff072e0000 - 0x00007fff0737c000 	C:\Users\Donni\AppData\Local\Temp\jna-68899\jna1223556973605882207.dll
0x00007ffeff2b0000 - 0x00007ffeff32f000 	C:\Users\Donni\.jdks\corretto-11.0.22\bin\mlib_image.dll
0x00007fff1fd00000 - 0x00007fff1fd12000 	C:\Users\Donni\.jdks\corretto-11.0.22\bin\jsound.dll
0x00007ffef8900000 - 0x00007ffef89a2000 	C:\WINDOWS\SYSTEM32\DSOUND.dll
0x00007fff29e60000 - 0x00007fff29ead000 	C:\WINDOWS\SYSTEM32\powrprof.dll
0x00007ffef8840000 - 0x00007ffef88f1000 	C:\WINDOWS\SYSTEM32\ResampleDmo.DLL
0x00007fff125d0000 - 0x00007fff125f9000 	C:\WINDOWS\SYSTEM32\winmmbase.dll
0x00007fff226f0000 - 0x00007fff226fb000 	C:\WINDOWS\SYSTEM32\msdmo.dll
0x00007fff29d90000 - 0x00007fff29da3000 	C:\WINDOWS\SYSTEM32\UMPDC.dll
0x00007fff2ae90000 - 0x00007fff2af40000 	C:\WINDOWS\System32\clbcatq.dll
0x00007fff1d470000 - 0x00007fff1d50d000 	C:\WINDOWS\System32\MMDevApi.dll
0x00007fff29bd0000 - 0x00007fff29bfc000 	C:\WINDOWS\System32\DEVOBJ.dll
0x00007fff29c00000 - 0x00007fff29c4e000 	C:\WINDOWS\System32\CFGMGR32.dll
0x00007ffeccbc0000 - 0x00007ffeccc06000 	C:\WINDOWS\SYSTEM32\wdmaud.drv
0x00007fff05b50000 - 0x00007fff05b59000 	C:\WINDOWS\SYSTEM32\ksuser.dll
0x00007fff22e70000 - 0x00007fff22e7b000 	C:\WINDOWS\SYSTEM32\AVRT.dll
0x00007fff19ad0000 - 0x00007fff19cbc000 	C:\WINDOWS\SYSTEM32\AUDIOSES.DLL
0x00007fff23cd0000 - 0x00007fff23cde000 	C:\WINDOWS\SYSTEM32\msacm32.drv
0x00007fff19420000 - 0x00007fff1943e000 	C:\WINDOWS\SYSTEM32\MSACM32.dll
0x00007fff19410000 - 0x00007fff1941b000 	C:\WINDOWS\SYSTEM32\midimap.dll
0x00007fff27a70000 - 0x00007fff27a85000 	C:\WINDOWS\SYSTEM32\resourcepolicyclient.dll
0x00007fff1c770000 - 0x00007fff1c8e4000 	C:\Windows\System32\Windows.UI.dll
0x00007fff1cb60000 - 0x00007fff1cb8d000 	C:\Users\Donni\.jdks\corretto-11.0.22\bin\javajpeg.dll
0x00007fff21070000 - 0x00007fff21076000 	C:\Users\Donni\AppData\Local\Temp\flatlaf.temp\flatlaf-windows-x86_64-1369705801291000.dll
0x00007fff20fe0000 - 0x00007fff20fe7000 	C:\Users\Donni\.jdks\corretto-11.0.22\bin\jawt.dll
0x00007fff26ec0000 - 0x00007fff26ecd000 	C:\WINDOWS\SYSTEM32\WINNSI.DLL
0x00007fff244b0000 - 0x00007fff24660000 	C:\WINDOWS\SYSTEM32\WindowsCodecs.dll
0x00007ffef3f20000 - 0x00007ffef3f7e000 	C:\WINDOWS\system32\dataexchange.dll
0x00007fff20ac0000 - 0x00007fff20d45000 	C:\WINDOWS\system32\twinapi.appcore.dll
0x00007fff21550000 - 0x00007fff2160c000 	C:\WINDOWS\SYSTEM32\mscms.dll
0x00007fff1fc70000 - 0x00007fff1fcb9000 	C:\WINDOWS\SYSTEM32\icm32.dll

dbghelp: loaded successfully - version: 4.0.5 - missing functions: none
symbol engine: initialized successfully - sym options: 0x614 - pdb path: .;C:\Users\Donni\.jdks\corretto-11.0.22\bin;C:\WINDOWS\SYSTEM32;C:\WINDOWS\WinSxS\amd64_microsoft.windows.common-controls_6595b64144ccf1df_6.0.22621.2506_none_270c5ae97388e100;C:\Users\Donni\.jdks\corretto-11.0.22\bin\server;C:\Users\Donni\AppData\Local\Temp\jna-68899;C:\Users\Donni\AppData\Local\Temp\flatlaf.temp

VM Arguments:
jvm_args: -agentlib:jdwp=transport=dt_socket,server=n,suspend=y,address=127.0.0.1:53798 -javaagent:C:\Users\Donni\.gradle\caches\modules-2\files-2.1\org.jetbrains.kotlinx\kotlinx-coroutines-core-jvm\1.6.0\f3b8fd26c2e76d2f18cbc36aacb6e349fcb9fd5f\kotlinx-coroutines-core-jvm-1.6.0.jar -Dfile.encoding=windows-1252 -Duser.country=US -Duser.language=en -Duser.variant -ea 
java_command: com.piggyplugins.PluginTester
java_class_path (initial): C:\Users\Donni\IdeaProjects\PiggyPlugins\build\classes\java\test;C:\Users\Donni\IdeaProjects\PiggyPlugins\build\resources\test;C:\Users\Donni\IdeaProjects\PiggyPlugins\build\classes\java\main;C:\Users\Donni\IdeaProjects\PiggyPlugins\build\resources\main;C:\Users\Donni\IdeaProjects\PiggyPlugins\AutoTitheFarm\build\libs\AutoTitheFarm-1.0.0.jar;C:\Users\Donni\IdeaProjects\PiggyPlugins\AutoAerial\build\libs\AutoAerial-1.0.0.jar;C:\Users\Donni\IdeaProjects\PiggyPlugins\AutoRuneDragons\build\libs\AutoRuneDragons-1.0.0.jar;C:\Users\Donni\IdeaProjects\PiggyPlugins\AutoBoner\build\libs\AutoBoner-1.0.3.jar;C:\Users\Donni\IdeaProjects\PiggyPlugins\AutoChompy\build\libs\AutoChompy-1.0.3.jar;C:\Users\Donni\IdeaProjects\PiggyPlugins\AutoVorkath\build\libs\AutoVorkath-1.0.19.jar;C:\Users\Donni\IdeaProjects\PiggyPlugins\AutoCombat\build\libs\AutoCombat-1.0.0.jar;C:\Users\Donni\IdeaProjects\PiggyPlugins\AutoTrapper\build\libs\AutoTrapper-1.0.0.jar;C:\Users\Donni\IdeaProjects\PiggyPlugins\AutoSmith\build\libs\AutoSmith-1.0.0.jar;C:\Users\Donni\IdeaProjects\PiggyPlugins\ButterflyCatcher\build\libs\ButterflyCatcher-1.0.0.jar;C:\Users\Donni\IdeaProjects\PiggyPlugins\DialogueContinuer\build\libs\DialogueContinuer-1.0.0.jar;C:\Users\Donni\IdeaProjects\PiggyPlugins\Firemaking\build\libs\Firemaking-1.0.0.jar;C:\Users\Donni\IdeaProjects\PiggyPlugins\KittenFeeder\build\libs\KittenFeeder-1.0.0.jar;C:\Users\Donni\IdeaProjects\PiggyPlugins\AutoJugHumidifier\build\libs\AutoJugHumidifier-1.0.0.jar;C:\Users\Donni\IdeaProjects\PiggyPlugins\AutoRifts\build\libs\AutoRifts-1.0.0.jar;C:\Users\Donni\IdeaProjects\PiggyPlugins\AutoTele\build\libs\AutoTele-1.0.0.jar;C:\Users\Donni\IdeaProjects\PiggyPlugins\CalvarionHelper\build\libs\CalvarionHelper-1.0.0.jar;C:\Users\Donni\IdeaProjects\PiggyPlugins\CannonReloader\build\libs\CannonReloader-1.0.0.jar;C:\Users\Donni\IdeaProjects\PiggyPlugins\E3T4G\build\libs\E3T4G-1.0.0.jar;C:\Users\Donni\IdeaProjects\PiggyPlugins\EthansApi\build\l
Launcher Type: SUN_STANDARD

[Global flags]
     intx CICompilerCount                          = 4                                         {product} {ergonomic}
     uint ConcGCThreads                            = 2                                         {product} {ergonomic}
     uint G1ConcRefinementThreads                  = 8                                         {product} {ergonomic}
   size_t G1HeapRegionSize                         = 1048576                                   {product} {ergonomic}
    uintx GCDrainStackTargetSize                   = 64                                        {product} {ergonomic}
   size_t InitialHeapSize                          = 264241152                                 {product} {ergonomic}
   size_t MarkStackSize                            = 4194304                                   {product} {ergonomic}
   size_t MaxHeapSize                              = 4219469824                                {product} {ergonomic}
   size_t MaxNewSize                               = 2531262464                                {product} {ergonomic}
   size_t MinHeapDeltaBytes                        = 1048576                                   {product} {ergonomic}
    uintx NonNMethodCodeHeapSize                   = 5836300                                {pd product} {ergonomic}
    uintx NonProfiledCodeHeapSize                  = 122910970                              {pd product} {ergonomic}
    uintx ProfiledCodeHeapSize                     = 122910970                              {pd product} {ergonomic}
    uintx ReservedCodeCacheSize                    = 251658240                              {pd product} {ergonomic}
     bool SegmentedCodeCache                       = true                                      {product} {ergonomic}
     bool UseCompressedClassPointers               = true                                 {lp64_product} {ergonomic}
     bool UseCompressedOops                        = true                                 {lp64_product} {ergonomic}
     bool UseG1GC                                  = true                                      {product} {ergonomic}
     bool UseLargePagesIndividualAllocation        = false                                  {pd product} {ergonomic}

Logging:
Log output configuration:
 #0: stdout all=warning uptime,level,tags
 #1: stderr all=off uptime,level,tags

Environment Variables:
JAVA_HOME=C:\Program Files (x86)\Eclipse Adoptium\jdk-11.0.21.9-hotspot\
PATH=C:\Program Files (x86)\Eclipse Adoptium\jdk-11.0.21.9-hotspot\bin;C:\Program Files\Common Files\Oracle\Java\javapath;C:\Python311\Scripts\;C:\Python311\;C:\WINDOWS\system32;C:\WINDOWS;C:\WINDOWS\System32\Wbem;C:\WINDOWS\System32\WindowsPowerShell\v1.0\;C:\WINDOWS\System32\OpenSSH\;C:\ProgramData\chocolatey\bin;C:\Program Files\Git\cmd;C:\Program Files\nodejs\;C:\Program Files\Microsoft VS Code\bin;C:\Program Files\dotnet\;C:\Users\Donni\AppData\Local\Microsoft\WindowsApps;;C:\Exercism;C:\Users\Donni\AppData\Roaming\npm;C:\Program Files\JetBrains\IntelliJ IDEA Community Edition 2023.2.5\bin;
USERNAME=Don
OS=Windows_NT
PROCESSOR_IDENTIFIER=Intel64 Family 6 Model 140 Stepping 1, GenuineIntel
TMP=C:\Users\Donni\AppData\Local\Temp
TEMP=C:\Users\Donni\AppData\Local\Temp



---------------  S Y S T E M  ---------------

OS: Windows 11 , 64 bit Build 22621 (10.0.22621.2506)
OS uptime: 1 days 14:03 hours

CPU:total 8 (initial active 8) (4 cores per cpu, 2 threads per core) family 6 model 140 stepping 1 microcode 0xac, cmov, cx8, fxsr, mmx, sse, sse2, sse3, ssse3, sse4.1, sse4.2, popcnt, avx, avx2, aes, clmul, erms, 3dnowpref, lzcnt, ht, tsc, tscinvbit, bmi1, bmi2, adx, evex, sha, fma

Memory: 4k page, system-wide physical 16091M (7545M free)
TotalPageFile size 17115M (AvailPageFile size 6860M)
current process WorkingSet (physical memory assigned to process): 782M, peak: 796M
current process commit charge ("private bytes"): 825M, peak: 839M

vm_info: OpenJDK 64-Bit Server VM (11.0.22+7-LTS) for windows-amd64 JRE (11.0.22+7-LTS), built on Jan 10 2024 19:54:00 by "Administrator" with MS VC++ 16.10 / 16.11 (VS2019)

END.
