#
# A fatal error has been detected by the Java Runtime Environment:
#
#  Internal Error (c1/c1_LIR.hpp:731), pid=1724, tid=9952
#  Error: ShouldNotReachHere()
#
# JRE version: OpenJDK Runtime Environment Corretto-11.0.22.7.1 (11.0.22+7) (build 11.0.22+7-LTS)
# Java VM: OpenJDK 64-Bit Server VM Corretto-11.0.22.7.1 (11.0.22+7-LTS, mixed mode, tiered, compressed oops, g1 gc, windows-amd64)
# No core dump will be written. Minidumps are not enabled by default on client versions of Windows
#
# If you would like to submit a bug report, please visit:
#   https://github.com/corretto/corretto-11/issues/
#

---------------  S U M M A R Y ------------

Command Line: -agentlib:jdwp=transport=dt_socket,server=n,suspend=y,address=127.0.0.1:52176 -javaagent:C:\Users\Donni\.gradle\caches\modules-2\files-2.1\org.jetbrains.kotlinx\kotlinx-coroutines-core-jvm\1.6.0\f3b8fd26c2e76d2f18cbc36aacb6e349fcb9fd5f\kotlinx-coroutines-core-jvm-1.6.0.jar -Dfile.encoding=windows-1252 -Duser.country=US -Duser.language=en -Duser.variant -ea com.piggyplugins.PluginTester

Host: 11th Gen Intel(R) Core(TM) i5-1145G7 @ 2.60GHz, 8 cores, 15G,  Windows 11 , 64 bit Build 22621 (10.0.22621.2506)
Time: Wed Feb  7 19:07:47 2024 Mountain Standard Time elapsed time: 24.114271 seconds (0d 0h 0m 24s)

---------------  T H R E A D  ---------------

Current thread (0x000001c07852b800):  JavaThread "C1 CompilerThread0" daemon [_thread_in_native, id=9952, stack(0x0000004df2800000,0x0000004df2900000)]


Current CompileTask:
C1:  24114 10936 %     3       org.bouncycastle.math.raw.Nat256::mul @ 292 (637 bytes)

Stack: [0x0000004df2800000,0x0000004df2900000]
Native frames: (J=compiled Java code, j=interpreted, Vv=VM code, C=native code)
V  [jvm.dll+0x64585a]
V  [jvm.dll+0x7d9bb9]
V  [jvm.dll+0x7db2b9]
V  [jvm.dll+0x7db957]
V  [jvm.dll+0x26941c]
V  [jvm.dll+0x269363]
V  [jvm.dll+0x1760a9]
V  [jvm.dll+0x171ea4]
V  [jvm.dll+0x168c0e]
V  [jvm.dll+0x1552d0]
V  [jvm.dll+0x13c659]
V  [jvm.dll+0x13bf8f]
V  [jvm.dll+0x13c1c4]
V  [jvm.dll+0x13b512]
V  [jvm.dll+0x13d3ac]
V  [jvm.dll+0x2305e9]
V  [jvm.dll+0x22e75f]
V  [jvm.dll+0x79ae51]
V  [jvm.dll+0x793b24]
V  [jvm.dll+0x644615]
C  [ucrtbase.dll+0x29363]
C  [KERNEL32.DLL+0x1257d]
C  [ntdll.dll+0x5aa58]


---------------  P R O C E S S  ---------------

Threads class SMR info:
_java_thread_list=0x000001c004fda0d0, length=41, elements={
0x000001c0784c7000, 0x000001c0784c8800, 0x000001c078521800, 0x000001c078527000,
0x000001c078529000, 0x000001c07852a800, 0x000001c07852b800, 0x000001c07852c800,
0x000001c077bd6000, 0x000001c07898d800, 0x000001c07881d800, 0x000001c07881e800,
0x000001c07904d000, 0x000001c07a890800, 0x000001c079f51000, 0x000001c079f3b000,
0x000001c0792a7800, 0x000001c07a878800, 0x000001c07b4b9000, 0x000001c0797c5000,
0x000001c0797c6000, 0x000001c0797c4000, 0x000001c0797c7800, 0x000001c0797c2800,
0x000001c0797c8800, 0x000001c0797c9000, 0x000001c0797c3800, 0x000001c00020c800,
0x000001c00020b000, 0x000001c00020d000, 0x000001c00020e000, 0x000001c000208800,
0x000001c00020f000, 0x000001c00020b800, 0x000001c00020f800, 0x000001c000211800,
0x000001c000209000, 0x000001c000210800, 0x000001c0010b0000, 0x000001c006407800,
0x000001c000214800
}

Java Threads: ( => current thread )
  0x000001c0784c7000 JavaThread "Reference Handler" daemon [_thread_blocked, id=9680, stack(0x0000004df2200000,0x0000004df2300000)]
  0x000001c0784c8800 JavaThread "Finalizer" daemon [_thread_blocked, id=8628, stack(0x0000004df2300000,0x0000004df2400000)]
  0x000001c078521800 JavaThread "Signal Dispatcher" daemon [_thread_blocked, id=3400, stack(0x0000004df2400000,0x0000004df2500000)]
  0x000001c078527000 JavaThread "Attach Listener" daemon [_thread_blocked, id=7804, stack(0x0000004df2500000,0x0000004df2600000)]
  0x000001c078529000 JavaThread "Service Thread" daemon [_thread_blocked, id=12804, stack(0x0000004df2600000,0x0000004df2700000)]
  0x000001c07852a800 JavaThread "C2 CompilerThread0" daemon [_thread_in_native, id=8476, stack(0x0000004df2700000,0x0000004df2800000)]
=>0x000001c07852b800 JavaThread "C1 CompilerThread0" daemon [_thread_in_native, id=9952, stack(0x0000004df2800000,0x0000004df2900000)]
  0x000001c07852c800 JavaThread "Sweeper thread" daemon [_thread_blocked, id=13552, stack(0x0000004df2900000,0x0000004df2a00000)]
  0x000001c077bd6000 JavaThread "Common-Cleaner" daemon [_thread_blocked, id=10504, stack(0x0000004df2a00000,0x0000004df2b00000)]
  0x000001c07898d800 JavaThread "JDWP Transport Listener: dt_socket" daemon [_thread_blocked, id=5344, stack(0x0000004df2c00000,0x0000004df2d00000)]
  0x000001c07881d800 JavaThread "JDWP Event Helper Thread" daemon [_thread_blocked, id=6416, stack(0x0000004df2d00000,0x0000004df2e00000)]
  0x000001c07881e800 JavaThread "JDWP Command Reader" daemon [_thread_in_native, id=7308, stack(0x0000004df2e00000,0x0000004df2f00000)]
  0x000001c07904d000 JavaThread "Coroutines Debugger Cleaner" daemon [_thread_blocked, id=11456, stack(0x0000004df2f00000,0x0000004df3000000)]
  0x000001c07a890800 JavaThread "Java2D Disposer" daemon [_thread_blocked, id=1256, stack(0x0000004df3b00000,0x0000004df3c00000)]
  0x000001c079f51000 JavaThread "AWT-Shutdown" [_thread_blocked, id=2528, stack(0x0000004df3c00000,0x0000004df3d00000)]
  0x000001c079f3b000 JavaThread "AWT-Windows" daemon [_thread_in_native, id=10912, stack(0x0000004df3d00000,0x0000004df3e00000)]
  0x000001c0792a7800 JavaThread "AWT-EventQueue-0" [_thread_blocked, id=12456, stack(0x0000004df3f00000,0x0000004df4000000)]
  0x000001c07a878800 JavaThread "TimerQueue" daemon [_thread_blocked, id=10808, stack(0x0000004df4000000,0x0000004df4100000)]
  0x000001c07b4b9000 JavaThread "OkHttp Dispatcher" [_thread_blocked, id=4500, stack(0x0000004df4100000,0x0000004df4200000)]
  0x000001c0797c5000 JavaThread "OkHttp ConnectionPool" daemon [_thread_blocked, id=13748, stack(0x0000004df2b00000,0x0000004df2c00000)]
  0x000001c0797c6000 JavaThread "Okio Watchdog" daemon [_thread_blocked, id=12720, stack(0x0000004df3100000,0x0000004df3200000)]
  0x000001c0797c4000 JavaThread "pool-2-thread-1" [_thread_blocked, id=8624, stack(0x0000004df4900000,0x0000004df4a00000)]
  0x000001c0797c7800 JavaThread "Thread-1" daemon [_thread_blocked, id=10184, stack(0x0000004df4200000,0x0000004df4300000)]
  0x000001c0797c2800 JavaThread "Client" daemon [_thread_in_Java, id=12796, stack(0x0000004df4a00000,0x0000004df4b00000)]
  0x000001c0797c8800 JavaThread "Thread-3" daemon [_thread_in_native, id=6852, stack(0x0000004df4700000,0x0000004df4800000)]
  0x000001c0797c9000 JavaThread "Thread-4" daemon [_thread_in_native, id=13904, stack(0x0000004df4c00000,0x0000004df4d00000)]
  0x000001c0797c3800 JavaThread "Thread-5" daemon [_thread_blocked, id=276, stack(0x0000004df4d00000,0x0000004df4e00000)]
  0x000001c00020c800 JavaThread "OkHttp repo.runelite.net Writer" [_thread_blocked, id=13240, stack(0x0000004df4e00000,0x0000004df4f00000)]
  0x000001c00020b000 JavaThread "OkHttp repo.runelite.net" [_thread_in_native, id=2080, stack(0x0000004df4f00000,0x0000004df5000000)]
  0x000001c00020d000 JavaThread "OkHttp Http2Connection" daemon [_thread_blocked, id=4616, stack(0x0000004df5000000,0x0000004df5100000)]
  0x000001c00020e000 JavaThread "cache io" daemon [_thread_blocked, id=7724, stack(0x0000004df5100000,0x0000004df5200000)]
  0x000001c000208800 JavaThread "Java Sound Event Dispatcher" daemon [_thread_blocked, id=5064, stack(0x0000004df5400000,0x0000004df5500000)]
  0x000001c00020f000 JavaThread "Sound Engine" [_thread_blocked, id=12584, stack(0x0000004df5800000,0x0000004df5900000)]
  0x000001c00020b800 JavaThread "Thread-8" daemon [_thread_blocked, id=10228, stack(0x0000004df5e00000,0x0000004df5f00000)]
  0x000001c00020f800 JavaThread "pool-5-thread-1" [_thread_blocked, id=11116, stack(0x0000004df5f00000,0x0000004df6000000)]
  0x000001c000211800 JavaThread "DestroyJavaVM" [_thread_blocked, id=12076, stack(0x0000004df1b00000,0x0000004df1c00000)]
  0x000001c000209000 JavaThread "Thread-10" daemon [_thread_in_native, id=4768, stack(0x0000004df4600000,0x0000004df4700000)]
  0x000001c000210800 JavaThread "Thread-11" daemon [_thread_blocked, id=9280, stack(0x0000004df4800000,0x0000004df4900000)]
  0x000001c0010b0000 JavaThread "C2 CompilerThread1" daemon [_thread_in_native, id=4164, stack(0x0000004df5c00000,0x0000004df5d00000)]
  0x000001c006407800 JavaThread "C2 CompilerThread2" daemon [_thread_in_native, id=13508, stack(0x0000004df5d00000,0x0000004df5e00000)]
  0x000001c000214800 JavaThread "crmsession-rest-request-1" daemon [_thread_in_native, id=8292, stack(0x0000004df6100000,0x0000004df6200000)]

Other Threads:
  0x000001c077c1e800 VMThread "VM Thread" [stack: 0x0000004df2100000,0x0000004df2200000] [id=6468]
  0x000001c078df5800 WatcherThread [stack: 0x0000004df3000000,0x0000004df3100000] [id=3316]
  0x000001c0540a2000 GCTaskThread "GC Thread#0" [stack: 0x0000004df1c00000,0x0000004df1d00000] [id=5748]
  0x000001c0791ce000 GCTaskThread "GC Thread#1" [stack: 0x0000004df3200000,0x0000004df3300000] [id=2276]
  0x000001c079a06000 GCTaskThread "GC Thread#2" [stack: 0x0000004df3300000,0x0000004df3400000] [id=12680]
  0x000001c079a07000 GCTaskThread "GC Thread#3" [stack: 0x0000004df3400000,0x0000004df3500000] [id=14292]
  0x000001c0796cd800 GCTaskThread "GC Thread#4" [stack: 0x0000004df3500000,0x0000004df3600000] [id=7284]
  0x000001c0796ce000 GCTaskThread "GC Thread#5" [stack: 0x0000004df3600000,0x0000004df3700000] [id=8892]
  0x000001c07dcf1800 GCTaskThread "GC Thread#6" [stack: 0x0000004df4400000,0x0000004df4500000] [id=6672]
  0x000001c07b4b0000 GCTaskThread "GC Thread#7" [stack: 0x0000004df4500000,0x0000004df4600000] [id=5012]
  0x000001c0540fb800 ConcurrentGCThread "G1 Main Marker" [stack: 0x0000004df1d00000,0x0000004df1e00000] [id=10024]
  0x000001c0540fd000 ConcurrentGCThread "G1 Conc#0" [stack: 0x0000004df1e00000,0x0000004df1f00000] [id=6560]
  0x000001c07912e800 ConcurrentGCThread "G1 Conc#1" [stack: 0x0000004df3e00000,0x0000004df3f00000] [id=1572]
  0x000001c077b01000 ConcurrentGCThread "G1 Refine#0" [stack: 0x0000004df1f00000,0x0000004df2000000] [id=11000]
  0x000001c0789de800 ConcurrentGCThread "G1 Refine#1" [stack: 0x0000004df3700000,0x0000004df3800000] [id=8708]
  0x000001c0792ae000 ConcurrentGCThread "G1 Refine#2" [stack: 0x0000004df3800000,0x0000004df3900000] [id=5528]
  0x000001c079ac8000 ConcurrentGCThread "G1 Refine#3" [stack: 0x0000004df3900000,0x0000004df3a00000] [id=14204]
  0x000001c077b02000 ConcurrentGCThread "G1 Young RemSet Sampling" [stack: 0x0000004df2000000,0x0000004df2100000] [id=8740]

Threads with active compile tasks:
C2 CompilerThread0    24128 9964 %     4       rl2::lo @ 158 (1700 bytes)
C1 CompilerThread0    24128 10936 %     3       org.bouncycastle.math.raw.Nat256::mul @ 292 (637 bytes)
C2 CompilerThread1    24128 10894       4       client::oa (204 bytes)
C2 CompilerThread2    24128 10822       4       lk::at (1085 bytes)

VM state:not at safepoint (normal execution)

VM Mutex/Monitor currently owned by a thread: None

Heap address: 0x0000000704800000, size: 4024 MB, Compressed Oops mode: Zero based, Oop shift amount: 3
Narrow klass base: 0x0000000800000000, Narrow klass shift: 0
Compressed class space size: 1073741824 Address: 0x0000000800000000

Heap:
 garbage-first heap   total 310272K, used 277963K [0x0000000704800000, 0x0000000800000000)
  region size 1024K, 113 young (115712K), 7 survivors (7168K)
 Metaspace       used 88186K, capacity 91162K, committed 91392K, reserved 1130496K
  class space    used 9206K, capacity 10472K, committed 10496K, reserved 1048576K
Heap Regions: E=young(eden), S=young(survivor), O=old, HS=humongous(starts), HC=humongous(continues), CS=collection set, F=free, A=archive, TAMS=top-at-mark-start (previous, next)
|   0|0x0000000704800000, 0x0000000704900000, 0x0000000704900000|100%| O|  |TAMS 0x0000000704900000, 0x0000000704800000| Untracked 
|   1|0x0000000704900000, 0x0000000704a00000, 0x0000000704a00000|100%| O|  |TAMS 0x0000000704a00000, 0x0000000704900000| Untracked 
|   2|0x0000000704a00000, 0x0000000704b00000, 0x0000000704b00000|100%| O|  |TAMS 0x0000000704b00000, 0x0000000704a00000| Complete 
|   3|0x0000000704b00000, 0x0000000704c00000, 0x0000000704c00000|100%| O|  |TAMS 0x0000000704c00000, 0x0000000704b00000| Complete 
|   4|0x0000000704c00000, 0x0000000704d00000, 0x0000000704d00000|100%| O|  |TAMS 0x0000000704d00000, 0x0000000704c00000| Untracked 
|   5|0x0000000704d00000, 0x0000000704e00000, 0x0000000704e00000|100%| O|  |TAMS 0x0000000704e00000, 0x0000000704d00000| Untracked 
|   6|0x0000000704e00000, 0x0000000704f00000, 0x0000000704f00000|100%| O|  |TAMS 0x0000000704f00000, 0x0000000704e00000| Untracked 
|   7|0x0000000704f00000, 0x0000000705000000, 0x0000000705000000|100%| O|  |TAMS 0x0000000705000000, 0x0000000704f00000| Untracked 
|   8|0x0000000705000000, 0x0000000705100000, 0x0000000705100000|100%| O|  |TAMS 0x0000000705100000, 0x0000000705000000| Untracked 
|   9|0x0000000705100000, 0x0000000705200000, 0x0000000705200000|100%| O|  |TAMS 0x0000000705200000, 0x0000000705100000| Untracked 
|  10|0x0000000705200000, 0x0000000705300000, 0x0000000705300000|100%| O|  |TAMS 0x0000000705300000, 0x0000000705200000| Untracked 
|  11|0x0000000705300000, 0x0000000705400000, 0x0000000705400000|100%| O|  |TAMS 0x0000000705400000, 0x0000000705300000| Complete 
|  12|0x0000000705400000, 0x0000000705500000, 0x0000000705500000|100%|HS|  |TAMS 0x0000000705500000, 0x0000000705400000| Complete 
|  13|0x0000000705500000, 0x0000000705600000, 0x0000000705600000|100%|HC|  |TAMS 0x0000000705600000, 0x0000000705500000| Complete 
|  14|0x0000000705600000, 0x0000000705700000, 0x0000000705700000|100%|HC|  |TAMS 0x0000000705700000, 0x0000000705600000| Complete 
|  15|0x0000000705700000, 0x0000000705800000, 0x0000000705800000|100%| O|  |TAMS 0x0000000705800000, 0x0000000705700000| Complete 
|  16|0x0000000705800000, 0x0000000705900000, 0x0000000705900000|100%| O|  |TAMS 0x0000000705900000, 0x0000000705800000| Complete 
|  17|0x0000000705900000, 0x0000000705a00000, 0x0000000705a00000|100%| O|  |TAMS 0x0000000705a00000, 0x0000000705900000| Untracked 
|  18|0x0000000705a00000, 0x0000000705b00000, 0x0000000705b00000|100%| O|  |TAMS 0x0000000705b00000, 0x0000000705a00000| Complete 
|  19|0x0000000705b00000, 0x0000000705c00000, 0x0000000705c00000|100%|HS|  |TAMS 0x0000000705c00000, 0x0000000705b00000| Complete 
|  20|0x0000000705c00000, 0x0000000705d00000, 0x0000000705d00000|100%|HC|  |TAMS 0x0000000705d00000, 0x0000000705c00000| Complete 
|  21|0x0000000705d00000, 0x0000000705e00000, 0x0000000705e00000|100%|HS|  |TAMS 0x0000000705e00000, 0x0000000705d00000| Complete 
|  22|0x0000000705e00000, 0x0000000705f00000, 0x0000000705f00000|100%|HC|  |TAMS 0x0000000705f00000, 0x0000000705e00000| Complete 
|  23|0x0000000705f00000, 0x0000000706000000, 0x0000000706000000|100%|HS|  |TAMS 0x0000000706000000, 0x0000000705f00000| Complete 
|  24|0x0000000706000000, 0x0000000706100000, 0x0000000706100000|100%|HC|  |TAMS 0x0000000706100000, 0x0000000706000000| Complete 
|  25|0x0000000706100000, 0x0000000706200000, 0x0000000706200000|100%|HS|  |TAMS 0x0000000706200000, 0x0000000706100000| Complete 
|  26|0x0000000706200000, 0x0000000706300000, 0x0000000706300000|100%|HC|  |TAMS 0x0000000706300000, 0x0000000706200000| Complete 
|  27|0x0000000706300000, 0x0000000706400000, 0x0000000706400000|100%|HS|  |TAMS 0x0000000706400000, 0x0000000706300000| Complete 
|  28|0x0000000706400000, 0x0000000706500000, 0x0000000706500000|100%|HC|  |TAMS 0x0000000706500000, 0x0000000706400000| Complete 
|  29|0x0000000706500000, 0x0000000706600000, 0x0000000706600000|100%|HS|  |TAMS 0x0000000706600000, 0x0000000706500000| Complete 
|  30|0x0000000706600000, 0x0000000706700000, 0x0000000706700000|100%|HC|  |TAMS 0x0000000706700000, 0x0000000706600000| Complete 
|  31|0x0000000706700000, 0x0000000706800000, 0x0000000706800000|100%|HS|  |TAMS 0x0000000706800000, 0x0000000706700000| Complete 
|  32|0x0000000706800000, 0x0000000706900000, 0x0000000706900000|100%|HC|  |TAMS 0x0000000706900000, 0x0000000706800000| Complete 
|  33|0x0000000706900000, 0x0000000706a00000, 0x0000000706a00000|100%|HS|  |TAMS 0x0000000706a00000, 0x0000000706900000| Complete 
|  34|0x0000000706a00000, 0x0000000706b00000, 0x0000000706b00000|100%|HC|  |TAMS 0x0000000706b00000, 0x0000000706a00000| Complete 
|  35|0x0000000706b00000, 0x0000000706c00000, 0x0000000706c00000|100%|HC|  |TAMS 0x0000000706c00000, 0x0000000706b00000| Complete 
|  36|0x0000000706c00000, 0x0000000706d00000, 0x0000000706d00000|100%|HC|  |TAMS 0x0000000706d00000, 0x0000000706c00000| Complete 
|  37|0x0000000706d00000, 0x0000000706e00000, 0x0000000706e00000|100%|HC|  |TAMS 0x0000000706e00000, 0x0000000706d00000| Complete 
|  38|0x0000000706e00000, 0x0000000706f00000, 0x0000000706f00000|100%|HC|  |TAMS 0x0000000706f00000, 0x0000000706e00000| Complete 
|  39|0x0000000706f00000, 0x0000000707000000, 0x0000000707000000|100%|HS|  |TAMS 0x0000000707000000, 0x0000000706f00000| Complete 
|  40|0x0000000707000000, 0x0000000707100000, 0x0000000707100000|100%|HC|  |TAMS 0x0000000707100000, 0x0000000707000000| Complete 
|  41|0x0000000707100000, 0x0000000707200000, 0x0000000707200000|100%|HS|  |TAMS 0x0000000707200000, 0x0000000707100000| Complete 
|  42|0x0000000707200000, 0x0000000707300000, 0x0000000707300000|100%|HC|  |TAMS 0x0000000707300000, 0x0000000707200000| Complete 
|  43|0x0000000707300000, 0x0000000707400000, 0x0000000707400000|100%|HS|  |TAMS 0x0000000707400000, 0x0000000707300000| Complete 
|  44|0x0000000707400000, 0x0000000707500000, 0x0000000707500000|100%|HC|  |TAMS 0x0000000707500000, 0x0000000707400000| Complete 
|  45|0x0000000707500000, 0x0000000707600000, 0x0000000707600000|100%| O|  |TAMS 0x0000000707600000, 0x0000000707500000| Untracked 
|  46|0x0000000707600000, 0x0000000707700000, 0x0000000707700000|100%| O|  |TAMS 0x0000000707700000, 0x0000000707600000| Untracked 
|  47|0x0000000707700000, 0x0000000707800000, 0x0000000707800000|100%| O|  |TAMS 0x0000000707800000, 0x0000000707700000| Untracked 
|  48|0x0000000707800000, 0x0000000707900000, 0x0000000707900000|100%| O|  |TAMS 0x0000000707900000, 0x0000000707800000| Untracked 
|  49|0x0000000707900000, 0x0000000707a00000, 0x0000000707a00000|100%| O|  |TAMS 0x0000000707a00000, 0x0000000707900000| Complete 
|  50|0x0000000707a00000, 0x0000000707b00000, 0x0000000707b00000|100%| O|  |TAMS 0x0000000707b00000, 0x0000000707a00000| Complete 
|  51|0x0000000707b00000, 0x0000000707c00000, 0x0000000707c00000|100%| O|  |TAMS 0x0000000707c00000, 0x0000000707b00000| Untracked 
|  52|0x0000000707c00000, 0x0000000707d00000, 0x0000000707d00000|100%| O|  |TAMS 0x0000000707d00000, 0x0000000707c00000| Untracked 
|  53|0x0000000707d00000, 0x0000000707e00000, 0x0000000707e00000|100%| O|  |TAMS 0x0000000707e00000, 0x0000000707d00000| Untracked 
|  54|0x0000000707e00000, 0x0000000707f00000, 0x0000000707f00000|100%| O|  |TAMS 0x0000000707f00000, 0x0000000707e00000| Complete 
|  55|0x0000000707f00000, 0x0000000708000000, 0x0000000708000000|100%| O|  |TAMS 0x0000000708000000, 0x0000000707f00000| Untracked 
|  56|0x0000000708000000, 0x0000000708100000, 0x0000000708100000|100%| O|  |TAMS 0x0000000708100000, 0x0000000708000000| Untracked 
|  57|0x0000000708100000, 0x0000000708200000, 0x0000000708200000|100%| O|  |TAMS 0x0000000708200000, 0x0000000708100000| Untracked 
|  58|0x0000000708200000, 0x0000000708300000, 0x0000000708300000|100%| O|  |TAMS 0x0000000708300000, 0x0000000708200000| Untracked 
|  59|0x0000000708300000, 0x0000000708400000, 0x0000000708400000|100%| O|  |TAMS 0x0000000708400000, 0x0000000708300000| Untracked 
|  60|0x0000000708400000, 0x0000000708500000, 0x0000000708500000|100%| O|  |TAMS 0x0000000708500000, 0x0000000708400000| Untracked 
|  61|0x0000000708500000, 0x0000000708600000, 0x0000000708600000|100%| O|  |TAMS 0x0000000708600000, 0x0000000708500000| Untracked 
|  62|0x0000000708600000, 0x0000000708700000, 0x0000000708700000|100%| O|  |TAMS 0x0000000708700000, 0x0000000708600000| Untracked 
|  63|0x0000000708700000, 0x0000000708800000, 0x0000000708800000|100%| O|  |TAMS 0x0000000708800000, 0x0000000708700000| Untracked 
|  64|0x0000000708800000, 0x0000000708900000, 0x0000000708900000|100%| O|  |TAMS 0x0000000708900000, 0x0000000708800000| Untracked 
|  65|0x0000000708900000, 0x0000000708a00000, 0x0000000708a00000|100%| O|  |TAMS 0x0000000708a00000, 0x0000000708900000| Complete 
|  66|0x0000000708a00000, 0x0000000708b00000, 0x0000000708b00000|100%| O|  |TAMS 0x0000000708b00000, 0x0000000708a00000| Untracked 
|  67|0x0000000708b00000, 0x0000000708c00000, 0x0000000708c00000|100%| O|  |TAMS 0x0000000708c00000, 0x0000000708b00000| Complete 
|  68|0x0000000708c00000, 0x0000000708d00000, 0x0000000708d00000|100%| O|  |TAMS 0x0000000708d00000, 0x0000000708c00000| Complete 
|  69|0x0000000708d00000, 0x0000000708e00000, 0x0000000708e00000|100%| O|  |TAMS 0x0000000708e00000, 0x0000000708d00000| Complete 
|  70|0x0000000708e00000, 0x0000000708f00000, 0x0000000708f00000|100%| O|  |TAMS 0x0000000708f00000, 0x0000000708e00000| Complete 
|  71|0x0000000708f00000, 0x0000000709000000, 0x0000000709000000|100%| O|  |TAMS 0x0000000709000000, 0x0000000708f00000| Complete 
|  72|0x0000000709000000, 0x0000000709100000, 0x0000000709100000|100%| O|  |TAMS 0x0000000709100000, 0x0000000709000000| Complete 
|  73|0x0000000709100000, 0x0000000709200000, 0x0000000709200000|100%| O|  |TAMS 0x0000000709200000, 0x0000000709100000| Complete 
|  74|0x0000000709200000, 0x0000000709300000, 0x0000000709300000|100%| O|  |TAMS 0x0000000709300000, 0x0000000709200000| Untracked 
|  75|0x0000000709300000, 0x0000000709400000, 0x0000000709400000|100%| O|  |TAMS 0x0000000709400000, 0x0000000709300000| Complete 
|  76|0x0000000709400000, 0x0000000709500000, 0x0000000709500000|100%| O|  |TAMS 0x0000000709500000, 0x0000000709400000| Complete 
|  77|0x0000000709500000, 0x0000000709600000, 0x0000000709600000|100%| O|  |TAMS 0x0000000709600000, 0x0000000709500000| Complete 
|  78|0x0000000709600000, 0x0000000709700000, 0x0000000709700000|100%|HS|  |TAMS 0x0000000709700000, 0x0000000709600000| Complete 
|  79|0x0000000709700000, 0x0000000709800000, 0x0000000709800000|100%|HC|  |TAMS 0x0000000709800000, 0x0000000709700000| Complete 
|  80|0x0000000709800000, 0x0000000709900000, 0x0000000709900000|100%| O|  |TAMS 0x0000000709900000, 0x0000000709800000| Untracked 
|  81|0x0000000709900000, 0x0000000709a00000, 0x0000000709a00000|100%| O|  |TAMS 0x0000000709a00000, 0x0000000709900000| Complete 
|  82|0x0000000709a00000, 0x0000000709b00000, 0x0000000709b00000|100%| O|  |TAMS 0x0000000709b00000, 0x0000000709a00000| Complete 
|  83|0x0000000709b00000, 0x0000000709b8ba00, 0x0000000709c00000| 54%| O|  |TAMS 0x0000000709b8ba00, 0x0000000709b00000| Untracked 
|  84|0x0000000709c00000, 0x0000000709d00000, 0x0000000709d00000|100%|HS|  |TAMS 0x0000000709c00000, 0x0000000709c00000| Complete 
|  85|0x0000000709d00000, 0x0000000709e00000, 0x0000000709e00000|100%|HC|  |TAMS 0x0000000709d00000, 0x0000000709d00000| Complete 
|  86|0x0000000709e00000, 0x0000000709f00000, 0x0000000709f00000|100%| O|  |TAMS 0x0000000709f00000, 0x0000000709e00000| Complete 
|  87|0x0000000709f00000, 0x000000070a000000, 0x000000070a000000|100%| O|  |TAMS 0x000000070a000000, 0x0000000709f00000| Complete 
|  88|0x000000070a000000, 0x000000070a100000, 0x000000070a100000|100%|HS|  |TAMS 0x000000070a000000, 0x000000070a000000| Complete 
|  89|0x000000070a100000, 0x000000070a200000, 0x000000070a200000|100%| O|  |TAMS 0x000000070a200000, 0x000000070a100000| Complete 
|  90|0x000000070a200000, 0x000000070a300000, 0x000000070a300000|100%| O|  |TAMS 0x000000070a300000, 0x000000070a200000| Complete 
|  91|0x000000070a300000, 0x000000070a400000, 0x000000070a400000|100%| O|  |TAMS 0x000000070a400000, 0x000000070a300000| Untracked 
|  92|0x000000070a400000, 0x000000070a500000, 0x000000070a500000|100%| O|  |TAMS 0x000000070a500000, 0x000000070a400000| Untracked 
|  93|0x000000070a500000, 0x000000070a600000, 0x000000070a600000|100%| O|  |TAMS 0x000000070a600000, 0x000000070a500000| Untracked 
|  94|0x000000070a600000, 0x000000070a700000, 0x000000070a700000|100%| O|  |TAMS 0x000000070a700000, 0x000000070a600000| Untracked 
|  95|0x000000070a700000, 0x000000070a800000, 0x000000070a800000|100%| O|  |TAMS 0x000000070a800000, 0x000000070a700000| Untracked 
|  96|0x000000070a800000, 0x000000070a900000, 0x000000070a900000|100%| O|  |TAMS 0x000000070a900000, 0x000000070a800000| Untracked 
|  97|0x000000070a900000, 0x000000070aa00000, 0x000000070aa00000|100%| O|  |TAMS 0x000000070aa00000, 0x000000070a900000| Complete 
|  98|0x000000070aa00000, 0x000000070ab00000, 0x000000070ab00000|100%|HS|  |TAMS 0x000000070aa00000, 0x000000070aa00000| Complete 
|  99|0x000000070ab00000, 0x000000070ac00000, 0x000000070ac00000|100%| O|  |TAMS 0x000000070ac00000, 0x000000070ab00000| Untracked 
| 100|0x000000070ac00000, 0x000000070ad00000, 0x000000070ad00000|100%| O|  |TAMS 0x000000070ad00000, 0x000000070ac00000| Complete 
| 101|0x000000070ad00000, 0x000000070ae00000, 0x000000070ae00000|100%|HS|  |TAMS 0x000000070ad00000, 0x000000070ad00000| Complete 
| 102|0x000000070ae00000, 0x000000070af00000, 0x000000070af00000|100%| O|  |TAMS 0x000000070af00000, 0x000000070ae00000| Untracked 
| 103|0x000000070af00000, 0x000000070b000000, 0x000000070b000000|100%|HS|  |TAMS 0x000000070af00000, 0x000000070af00000| Complete 
| 104|0x000000070b000000, 0x000000070b100000, 0x000000070b100000|100%|HC|  |TAMS 0x000000070b000000, 0x000000070b000000| Complete 
| 105|0x000000070b100000, 0x000000070b200000, 0x000000070b200000|100%| O|  |TAMS 0x000000070b200000, 0x000000070b100000| Complete 
| 106|0x000000070b200000, 0x000000070b300000, 0x000000070b300000|100%| O|  |TAMS 0x000000070b300000, 0x000000070b200000| Complete 
| 107|0x000000070b300000, 0x000000070b400000, 0x000000070b400000|100%| O|  |TAMS 0x000000070b400000, 0x000000070b300000| Complete 
| 108|0x000000070b400000, 0x000000070b500000, 0x000000070b500000|100%|HS|  |TAMS 0x000000070b400000, 0x000000070b400000| Complete 
| 109|0x000000070b500000, 0x000000070b600000, 0x000000070b600000|100%|HC|  |TAMS 0x000000070b500000, 0x000000070b500000| Complete 
| 110|0x000000070b600000, 0x000000070b700000, 0x000000070b700000|100%| O|  |TAMS 0x000000070b700000, 0x000000070b600000| Untracked 
| 111|0x000000070b700000, 0x000000070b700000, 0x000000070b800000|  0%| F|  |TAMS 0x000000070b700000, 0x000000070b700000| Untracked 
| 112|0x000000070b800000, 0x000000070b900000, 0x000000070b900000|100%| O|  |TAMS 0x000000070b900000, 0x000000070b800000| Untracked 
| 113|0x000000070b900000, 0x000000070ba00000, 0x000000070ba00000|100%| O|  |TAMS 0x000000070ba00000, 0x000000070b900000| Untracked 
| 114|0x000000070ba00000, 0x000000070bb00000, 0x000000070bb00000|100%| O|  |TAMS 0x000000070bb00000, 0x000000070ba00000| Untracked 
| 115|0x000000070bb00000, 0x000000070bc00000, 0x000000070bc00000|100%| O|  |TAMS 0x000000070bc00000, 0x000000070bb00000| Untracked 
| 116|0x000000070bc00000, 0x000000070bd00000, 0x000000070bd00000|100%| O|  |TAMS 0x000000070bd00000, 0x000000070bc00000| Untracked 
| 117|0x000000070bd00000, 0x000000070be00000, 0x000000070be00000|100%| O|  |TAMS 0x000000070be00000, 0x000000070bd00000| Untracked 
| 118|0x000000070be00000, 0x000000070bf00000, 0x000000070bf00000|100%|HS|  |TAMS 0x000000070bf00000, 0x000000070be00000| Complete 
| 119|0x000000070bf00000, 0x000000070c000000, 0x000000070c000000|100%|HC|  |TAMS 0x000000070c000000, 0x000000070bf00000| Complete 
| 120|0x000000070c000000, 0x000000070c100000, 0x000000070c100000|100%|HC|  |TAMS 0x000000070c100000, 0x000000070c000000| Complete 
| 121|0x000000070c100000, 0x000000070c200000, 0x000000070c200000|100%|HC|  |TAMS 0x000000070c200000, 0x000000070c100000| Complete 
| 122|0x000000070c200000, 0x000000070c300000, 0x000000070c300000|100%|HS|  |TAMS 0x000000070c200000, 0x000000070c200000| Complete 
| 123|0x000000070c300000, 0x000000070c400000, 0x000000070c400000|100%|HC|  |TAMS 0x000000070c300000, 0x000000070c300000| Complete 
| 124|0x000000070c400000, 0x000000070c500000, 0x000000070c500000|100%| O|  |TAMS 0x000000070c500000, 0x000000070c400000| Complete 
| 125|0x000000070c500000, 0x000000070c600000, 0x000000070c600000|100%| O|  |TAMS 0x000000070c600000, 0x000000070c500000| Untracked 
| 126|0x000000070c600000, 0x000000070c700000, 0x000000070c700000|100%| O|  |TAMS 0x000000070c700000, 0x000000070c600000| Complete 
| 127|0x000000070c700000, 0x000000070c800000, 0x000000070c800000|100%| O|  |TAMS 0x000000070c800000, 0x000000070c700000| Complete 
| 128|0x000000070c800000, 0x000000070c900000, 0x000000070c900000|100%| O|  |TAMS 0x000000070c900000, 0x000000070c800000| Untracked 
| 129|0x000000070c900000, 0x000000070ca00000, 0x000000070ca00000|100%| O|  |TAMS 0x000000070ca00000, 0x000000070c900000| Untracked 
| 130|0x000000070ca00000, 0x000000070cb00000, 0x000000070cb00000|100%| O|  |TAMS 0x000000070cb00000, 0x000000070ca00000| Complete 
| 131|0x000000070cb00000, 0x000000070cb00000, 0x000000070cc00000|  0%| F|  |TAMS 0x000000070cb00000, 0x000000070cb00000| Untracked 
| 132|0x000000070cc00000, 0x000000070cd00000, 0x000000070cd00000|100%| O|  |TAMS 0x000000070cd00000, 0x000000070cc00000| Untracked 
| 133|0x000000070cd00000, 0x000000070ce00000, 0x000000070ce00000|100%| O|  |TAMS 0x000000070ce00000, 0x000000070cd00000| Complete 
| 134|0x000000070ce00000, 0x000000070cf00000, 0x000000070cf00000|100%| O|  |TAMS 0x000000070cf00000, 0x000000070ce00000| Untracked 
| 135|0x000000070cf00000, 0x000000070d000000, 0x000000070d000000|100%| O|  |TAMS 0x000000070d000000, 0x000000070cf00000| Untracked 
| 136|0x000000070d000000, 0x000000070d100000, 0x000000070d100000|100%| O|  |TAMS 0x000000070d100000, 0x000000070d000000| Untracked 
| 137|0x000000070d100000, 0x000000070d200000, 0x000000070d200000|100%| O|  |TAMS 0x000000070d200000, 0x000000070d100000| Untracked 
| 138|0x000000070d200000, 0x000000070d300000, 0x000000070d300000|100%| O|  |TAMS 0x000000070d300000, 0x000000070d200000| Untracked 
| 139|0x000000070d300000, 0x000000070d400000, 0x000000070d400000|100%| O|  |TAMS 0x000000070d400000, 0x000000070d300000| Untracked 
| 140|0x000000070d400000, 0x000000070d500000, 0x000000070d500000|100%| O|  |TAMS 0x000000070d500000, 0x000000070d400000| Untracked 
| 141|0x000000070d500000, 0x000000070d600000, 0x000000070d600000|100%| O|  |TAMS 0x000000070d600000, 0x000000070d500000| Untracked 
| 142|0x000000070d600000, 0x000000070d700000, 0x000000070d700000|100%| O|  |TAMS 0x000000070d700000, 0x000000070d600000| Untracked 
| 143|0x000000070d700000, 0x000000070d800000, 0x000000070d800000|100%| O|  |TAMS 0x000000070d800000, 0x000000070d700000| Complete 
| 144|0x000000070d800000, 0x000000070d900000, 0x000000070d900000|100%| O|  |TAMS 0x000000070d900000, 0x000000070d800000| Complete 
| 145|0x000000070d900000, 0x000000070da00000, 0x000000070da00000|100%|HS|  |TAMS 0x000000070d900000, 0x000000070d900000| Complete 
| 146|0x000000070da00000, 0x000000070db00000, 0x000000070db00000|100%|HC|  |TAMS 0x000000070da00000, 0x000000070da00000| Complete 
| 147|0x000000070db00000, 0x000000070dc00000, 0x000000070dc00000|100%|HS|  |TAMS 0x000000070db00000, 0x000000070db00000| Complete 
| 148|0x000000070dc00000, 0x000000070dd00000, 0x000000070dd00000|100%|HC|  |TAMS 0x000000070dc00000, 0x000000070dc00000| Complete 
| 149|0x000000070dd00000, 0x000000070de00000, 0x000000070de00000|100%|HS|  |TAMS 0x000000070dd00000, 0x000000070dd00000| Complete 
| 150|0x000000070de00000, 0x000000070df00000, 0x000000070df00000|100%|HC|  |TAMS 0x000000070de00000, 0x000000070de00000| Complete 
| 151|0x000000070df00000, 0x000000070e000000, 0x000000070e000000|100%|HS|  |TAMS 0x000000070df00000, 0x000000070df00000| Complete 
| 152|0x000000070e000000, 0x000000070e100000, 0x000000070e100000|100%|HC|  |TAMS 0x000000070e000000, 0x000000070e000000| Complete 
| 153|0x000000070e100000, 0x000000070e200000, 0x000000070e200000|100%|HS|  |TAMS 0x000000070e100000, 0x000000070e100000| Complete 
| 154|0x000000070e200000, 0x000000070e300000, 0x000000070e300000|100%|HC|  |TAMS 0x000000070e200000, 0x000000070e200000| Complete 
| 155|0x000000070e300000, 0x000000070e400000, 0x000000070e400000|100%|HC|  |TAMS 0x000000070e300000, 0x000000070e300000| Complete 
| 156|0x000000070e400000, 0x000000070e500000, 0x000000070e500000|100%|HC|  |TAMS 0x000000070e400000, 0x000000070e400000| Complete 
| 157|0x000000070e500000, 0x000000070e600000, 0x000000070e600000|100%|HC|  |TAMS 0x000000070e500000, 0x000000070e500000| Complete 
| 158|0x000000070e600000, 0x000000070e700000, 0x000000070e700000|100%|HC|  |TAMS 0x000000070e600000, 0x000000070e600000| Complete 
| 159|0x000000070e700000, 0x000000070e800000, 0x000000070e800000|100%|HS|  |TAMS 0x000000070e700000, 0x000000070e700000| Complete 
| 160|0x000000070e800000, 0x000000070e900000, 0x000000070e900000|100%|HC|  |TAMS 0x000000070e800000, 0x000000070e800000| Complete 
| 161|0x000000070e900000, 0x000000070ea00000, 0x000000070ea00000|100%|HS|  |TAMS 0x000000070e900000, 0x000000070e900000| Complete 
| 162|0x000000070ea00000, 0x000000070eb00000, 0x000000070eb00000|100%|HC|  |TAMS 0x000000070ea00000, 0x000000070ea00000| Complete 
| 163|0x000000070eb00000, 0x000000070eb00000, 0x000000070ec00000|  0%| F|  |TAMS 0x000000070eb00000, 0x000000070eb00000| Untracked 
| 164|0x000000070ec00000, 0x000000070ec00000, 0x000000070ed00000|  0%| F|  |TAMS 0x000000070ec00000, 0x000000070ec00000| Untracked 
| 165|0x000000070ed00000, 0x000000070ed00000, 0x000000070ee00000|  0%| F|  |TAMS 0x000000070ed00000, 0x000000070ed00000| Untracked 
| 166|0x000000070ee00000, 0x000000070ee00000, 0x000000070ef00000|  0%| F|  |TAMS 0x000000070ee00000, 0x000000070ee00000| Untracked 
| 167|0x000000070ef00000, 0x000000070ef00000, 0x000000070f000000|  0%| F|  |TAMS 0x000000070ef00000, 0x000000070ef00000| Untracked 
| 168|0x000000070f000000, 0x000000070f000000, 0x000000070f100000|  0%| F|  |TAMS 0x000000070f000000, 0x000000070f000000| Untracked 
| 169|0x000000070f100000, 0x000000070f100000, 0x000000070f200000|  0%| F|  |TAMS 0x000000070f100000, 0x000000070f100000| Untracked 
| 170|0x000000070f200000, 0x000000070f200000, 0x000000070f300000|  0%| F|  |TAMS 0x000000070f200000, 0x000000070f200000| Untracked 
| 171|0x000000070f300000, 0x000000070f300000, 0x000000070f400000|  0%| F|  |TAMS 0x000000070f300000, 0x000000070f300000| Untracked 
| 172|0x000000070f400000, 0x000000070f400000, 0x000000070f500000|  0%| F|  |TAMS 0x000000070f400000, 0x000000070f400000| Untracked 
| 173|0x000000070f500000, 0x000000070f500000, 0x000000070f600000|  0%| F|  |TAMS 0x000000070f500000, 0x000000070f500000| Untracked 
| 174|0x000000070f600000, 0x000000070f600000, 0x000000070f700000|  0%| F|  |TAMS 0x000000070f600000, 0x000000070f600000| Untracked 
| 175|0x000000070f700000, 0x000000070f700000, 0x000000070f800000|  0%| F|  |TAMS 0x000000070f700000, 0x000000070f700000| Untracked 
| 176|0x000000070f800000, 0x000000070f800000, 0x000000070f900000|  0%| F|  |TAMS 0x000000070f800000, 0x000000070f800000| Untracked 
| 177|0x000000070f900000, 0x000000070f900000, 0x000000070fa00000|  0%| F|  |TAMS 0x000000070f900000, 0x000000070f900000| Untracked 
| 178|0x000000070fa00000, 0x000000070fa00000, 0x000000070fb00000|  0%| F|  |TAMS 0x000000070fa00000, 0x000000070fa00000| Untracked 
| 179|0x000000070fb00000, 0x000000070fb00000, 0x000000070fc00000|  0%| F|  |TAMS 0x000000070fb00000, 0x000000070fb00000| Untracked 
| 180|0x000000070fc00000, 0x000000070fc00000, 0x000000070fd00000|  0%| F|  |TAMS 0x000000070fc00000, 0x000000070fc00000| Untracked 
| 181|0x000000070fd00000, 0x000000070fd00000, 0x000000070fe00000|  0%| F|  |TAMS 0x000000070fd00000, 0x000000070fd00000| Untracked 
| 182|0x000000070fe00000, 0x000000070fe00000, 0x000000070ff00000|  0%| F|  |TAMS 0x000000070fe00000, 0x000000070fe00000| Untracked 
| 183|0x000000070ff00000, 0x000000070ff00000, 0x0000000710000000|  0%| F|  |TAMS 0x000000070ff00000, 0x000000070ff00000| Untracked 
| 184|0x0000000710000000, 0x0000000710000000, 0x0000000710100000|  0%| F|  |TAMS 0x0000000710000000, 0x0000000710000000| Untracked 
| 185|0x0000000710100000, 0x0000000710100000, 0x0000000710200000|  0%| F|  |TAMS 0x0000000710100000, 0x0000000710100000| Untracked 
| 186|0x0000000710200000, 0x0000000710200000, 0x0000000710300000|  0%| F|  |TAMS 0x0000000710200000, 0x0000000710200000| Untracked 
| 187|0x0000000710300000, 0x0000000710300000, 0x0000000710400000|  0%| F|  |TAMS 0x0000000710300000, 0x0000000710300000| Untracked 
| 188|0x0000000710400000, 0x0000000710400000, 0x0000000710500000|  0%| F|  |TAMS 0x0000000710400000, 0x0000000710400000| Untracked 
| 189|0x0000000710500000, 0x0000000710500000, 0x0000000710600000|  0%| F|  |TAMS 0x0000000710500000, 0x0000000710500000| Untracked 
| 190|0x0000000710600000, 0x000000071065bf58, 0x0000000710700000| 35%| E|  |TAMS 0x0000000710600000, 0x0000000710600000| Complete 
| 191|0x0000000710700000, 0x0000000710800000, 0x0000000710800000|100%| E|CS|TAMS 0x0000000710700000, 0x0000000710700000| Complete 
| 192|0x0000000710800000, 0x0000000710900000, 0x0000000710900000|100%| E|CS|TAMS 0x0000000710800000, 0x0000000710800000| Complete 
| 193|0x0000000710900000, 0x0000000710a00000, 0x0000000710a00000|100%| E|CS|TAMS 0x0000000710900000, 0x0000000710900000| Complete 
| 194|0x0000000710a00000, 0x0000000710b00000, 0x0000000710b00000|100%| E|CS|TAMS 0x0000000710a00000, 0x0000000710a00000| Complete 
| 195|0x0000000710b00000, 0x0000000710c00000, 0x0000000710c00000|100%| E|CS|TAMS 0x0000000710b00000, 0x0000000710b00000| Complete 
| 196|0x0000000710c00000, 0x0000000710d00000, 0x0000000710d00000|100%| E|CS|TAMS 0x0000000710c00000, 0x0000000710c00000| Complete 
| 197|0x0000000710d00000, 0x0000000710e00000, 0x0000000710e00000|100%| E|CS|TAMS 0x0000000710d00000, 0x0000000710d00000| Complete 
| 198|0x0000000710e00000, 0x0000000710f00000, 0x0000000710f00000|100%| E|  |TAMS 0x0000000710e00000, 0x0000000710e00000| Complete 
| 199|0x0000000710f00000, 0x0000000711000000, 0x0000000711000000|100%| E|CS|TAMS 0x0000000710f00000, 0x0000000710f00000| Complete 
| 200|0x0000000711000000, 0x0000000711100000, 0x0000000711100000|100%| E|CS|TAMS 0x0000000711000000, 0x0000000711000000| Complete 
| 201|0x0000000711100000, 0x0000000711200000, 0x0000000711200000|100%| E|CS|TAMS 0x0000000711100000, 0x0000000711100000| Complete 
| 202|0x0000000711200000, 0x0000000711300000, 0x0000000711300000|100%| E|CS|TAMS 0x0000000711200000, 0x0000000711200000| Complete 
| 203|0x0000000711300000, 0x0000000711400000, 0x0000000711400000|100%| E|CS|TAMS 0x0000000711300000, 0x0000000711300000| Complete 
| 204|0x0000000711400000, 0x0000000711500000, 0x0000000711500000|100%| E|CS|TAMS 0x0000000711400000, 0x0000000711400000| Complete 
| 205|0x0000000711500000, 0x0000000711600000, 0x0000000711600000|100%| E|CS|TAMS 0x0000000711500000, 0x0000000711500000| Complete 
| 206|0x0000000711600000, 0x00000007116e73f0, 0x0000000711700000| 90%| S|CS|TAMS 0x0000000711600000, 0x0000000711600000| Complete 
| 207|0x0000000711700000, 0x0000000711800000, 0x0000000711800000|100%| S|CS|TAMS 0x0000000711700000, 0x0000000711700000| Complete 
| 208|0x0000000711800000, 0x0000000711900000, 0x0000000711900000|100%| S|CS|TAMS 0x0000000711800000, 0x0000000711800000| Complete 
| 209|0x0000000711900000, 0x0000000711a00000, 0x0000000711a00000|100%| S|CS|TAMS 0x0000000711900000, 0x0000000711900000| Complete 
| 210|0x0000000711a00000, 0x0000000711b00000, 0x0000000711b00000|100%| S|CS|TAMS 0x0000000711a00000, 0x0000000711a00000| Complete 
| 211|0x0000000711b00000, 0x0000000711c00000, 0x0000000711c00000|100%| S|CS|TAMS 0x0000000711b00000, 0x0000000711b00000| Complete 
| 212|0x0000000711c00000, 0x0000000711d00000, 0x0000000711d00000|100%| S|CS|TAMS 0x0000000711c00000, 0x0000000711c00000| Complete 
| 213|0x0000000711d00000, 0x0000000711e00000, 0x0000000711e00000|100%| E|CS|TAMS 0x0000000711d00000, 0x0000000711d00000| Complete 
| 214|0x0000000711e00000, 0x0000000711f00000, 0x0000000711f00000|100%| E|CS|TAMS 0x0000000711e00000, 0x0000000711e00000| Complete 
| 215|0x0000000711f00000, 0x0000000712000000, 0x0000000712000000|100%| E|CS|TAMS 0x0000000711f00000, 0x0000000711f00000| Complete 
| 216|0x0000000712000000, 0x0000000712100000, 0x0000000712100000|100%| E|CS|TAMS 0x0000000712000000, 0x0000000712000000| Complete 
| 217|0x0000000712100000, 0x0000000712200000, 0x0000000712200000|100%| E|CS|TAMS 0x0000000712100000, 0x0000000712100000| Complete 
| 218|0x0000000712200000, 0x0000000712300000, 0x0000000712300000|100%| E|CS|TAMS 0x0000000712200000, 0x0000000712200000| Complete 
| 219|0x0000000712300000, 0x0000000712400000, 0x0000000712400000|100%| E|CS|TAMS 0x0000000712300000, 0x0000000712300000| Complete 
| 220|0x0000000712400000, 0x0000000712500000, 0x0000000712500000|100%| E|CS|TAMS 0x0000000712400000, 0x0000000712400000| Complete 
| 221|0x0000000712500000, 0x0000000712600000, 0x0000000712600000|100%| E|CS|TAMS 0x0000000712500000, 0x0000000712500000| Complete 
| 222|0x0000000712600000, 0x0000000712700000, 0x0000000712700000|100%| E|CS|TAMS 0x0000000712600000, 0x0000000712600000| Complete 
| 223|0x0000000712700000, 0x0000000712800000, 0x0000000712800000|100%| E|CS|TAMS 0x0000000712700000, 0x0000000712700000| Complete 
| 224|0x0000000712800000, 0x0000000712900000, 0x0000000712900000|100%| E|CS|TAMS 0x0000000712800000, 0x0000000712800000| Complete 
| 225|0x0000000712900000, 0x0000000712a00000, 0x0000000712a00000|100%| E|CS|TAMS 0x0000000712900000, 0x0000000712900000| Complete 
| 226|0x0000000712a00000, 0x0000000712b00000, 0x0000000712b00000|100%| E|CS|TAMS 0x0000000712a00000, 0x0000000712a00000| Complete 
| 227|0x0000000712b00000, 0x0000000712c00000, 0x0000000712c00000|100%| E|CS|TAMS 0x0000000712b00000, 0x0000000712b00000| Complete 
| 228|0x0000000712c00000, 0x0000000712d00000, 0x0000000712d00000|100%| E|CS|TAMS 0x0000000712c00000, 0x0000000712c00000| Complete 
| 229|0x0000000712d00000, 0x0000000712e00000, 0x0000000712e00000|100%| E|CS|TAMS 0x0000000712d00000, 0x0000000712d00000| Complete 
| 230|0x0000000712e00000, 0x0000000712f00000, 0x0000000712f00000|100%| E|CS|TAMS 0x0000000712e00000, 0x0000000712e00000| Complete 
| 231|0x0000000712f00000, 0x0000000713000000, 0x0000000713000000|100%| E|CS|TAMS 0x0000000712f00000, 0x0000000712f00000| Complete 
| 232|0x0000000713000000, 0x0000000713100000, 0x0000000713100000|100%| E|CS|TAMS 0x0000000713000000, 0x0000000713000000| Complete 
| 233|0x0000000713100000, 0x0000000713200000, 0x0000000713200000|100%| E|CS|TAMS 0x0000000713100000, 0x0000000713100000| Complete 
| 234|0x0000000713200000, 0x0000000713300000, 0x0000000713300000|100%| E|CS|TAMS 0x0000000713200000, 0x0000000713200000| Complete 
| 235|0x0000000713300000, 0x0000000713400000, 0x0000000713400000|100%| E|CS|TAMS 0x0000000713300000, 0x0000000713300000| Complete 
| 236|0x0000000713400000, 0x0000000713500000, 0x0000000713500000|100%| E|CS|TAMS 0x0000000713400000, 0x0000000713400000| Complete 
| 237|0x0000000713500000, 0x0000000713600000, 0x0000000713600000|100%| E|CS|TAMS 0x0000000713500000, 0x0000000713500000| Complete 
| 238|0x0000000713600000, 0x0000000713700000, 0x0000000713700000|100%| E|CS|TAMS 0x0000000713600000, 0x0000000713600000| Complete 
| 239|0x0000000713700000, 0x0000000713800000, 0x0000000713800000|100%| E|CS|TAMS 0x0000000713700000, 0x0000000713700000| Complete 
| 240|0x0000000713800000, 0x0000000713900000, 0x0000000713900000|100%| E|CS|TAMS 0x0000000713800000, 0x0000000713800000| Complete 
| 241|0x0000000713900000, 0x0000000713a00000, 0x0000000713a00000|100%| E|CS|TAMS 0x0000000713900000, 0x0000000713900000| Complete 
| 242|0x0000000713a00000, 0x0000000713b00000, 0x0000000713b00000|100%| E|CS|TAMS 0x0000000713a00000, 0x0000000713a00000| Complete 
| 243|0x0000000713b00000, 0x0000000713c00000, 0x0000000713c00000|100%| E|CS|TAMS 0x0000000713b00000, 0x0000000713b00000| Complete 
| 244|0x0000000713c00000, 0x0000000713d00000, 0x0000000713d00000|100%| E|CS|TAMS 0x0000000713c00000, 0x0000000713c00000| Complete 
| 245|0x0000000713d00000, 0x0000000713e00000, 0x0000000713e00000|100%| E|CS|TAMS 0x0000000713d00000, 0x0000000713d00000| Complete 
| 246|0x0000000713e00000, 0x0000000713f00000, 0x0000000713f00000|100%| E|CS|TAMS 0x0000000713e00000, 0x0000000713e00000| Complete 
| 247|0x0000000713f00000, 0x0000000714000000, 0x0000000714000000|100%| E|CS|TAMS 0x0000000713f00000, 0x0000000713f00000| Complete 
| 248|0x0000000714000000, 0x0000000714100000, 0x0000000714100000|100%| E|CS|TAMS 0x0000000714000000, 0x0000000714000000| Complete 
| 249|0x0000000714100000, 0x0000000714200000, 0x0000000714200000|100%| E|CS|TAMS 0x0000000714100000, 0x0000000714100000| Complete 
| 250|0x0000000714200000, 0x0000000714300000, 0x0000000714300000|100%| E|CS|TAMS 0x0000000714200000, 0x0000000714200000| Complete 
| 251|0x0000000714300000, 0x0000000714400000, 0x0000000714400000|100%| E|CS|TAMS 0x0000000714300000, 0x0000000714300000| Complete 
| 252|0x0000000714400000, 0x0000000714500000, 0x0000000714500000|100%| E|CS|TAMS 0x0000000714400000, 0x0000000714400000| Complete 
| 253|0x0000000714500000, 0x0000000714600000, 0x0000000714600000|100%| E|CS|TAMS 0x0000000714500000, 0x0000000714500000| Complete 
| 254|0x0000000714600000, 0x0000000714700000, 0x0000000714700000|100%| E|CS|TAMS 0x0000000714600000, 0x0000000714600000| Complete 
| 255|0x0000000714700000, 0x0000000714800000, 0x0000000714800000|100%| E|CS|TAMS 0x0000000714700000, 0x0000000714700000| Complete 
| 256|0x0000000714800000, 0x0000000714900000, 0x0000000714900000|100%| E|CS|TAMS 0x0000000714800000, 0x0000000714800000| Complete 
| 257|0x0000000714900000, 0x0000000714a00000, 0x0000000714a00000|100%| E|CS|TAMS 0x0000000714900000, 0x0000000714900000| Complete 
| 258|0x0000000714a00000, 0x0000000714b00000, 0x0000000714b00000|100%| E|CS|TAMS 0x0000000714a00000, 0x0000000714a00000| Complete 
| 259|0x0000000714b00000, 0x0000000714c00000, 0x0000000714c00000|100%| E|CS|TAMS 0x0000000714b00000, 0x0000000714b00000| Complete 
| 260|0x0000000714c00000, 0x0000000714d00000, 0x0000000714d00000|100%| E|CS|TAMS 0x0000000714c00000, 0x0000000714c00000| Complete 
| 261|0x0000000714d00000, 0x0000000714e00000, 0x0000000714e00000|100%| E|CS|TAMS 0x0000000714d00000, 0x0000000714d00000| Complete 
| 262|0x0000000714e00000, 0x0000000714f00000, 0x0000000714f00000|100%| E|CS|TAMS 0x0000000714e00000, 0x0000000714e00000| Complete 
| 263|0x0000000714f00000, 0x0000000715000000, 0x0000000715000000|100%| E|CS|TAMS 0x0000000714f00000, 0x0000000714f00000| Complete 
| 264|0x0000000715000000, 0x0000000715100000, 0x0000000715100000|100%| E|CS|TAMS 0x0000000715000000, 0x0000000715000000| Complete 
| 265|0x0000000715100000, 0x0000000715200000, 0x0000000715200000|100%| E|CS|TAMS 0x0000000715100000, 0x0000000715100000| Complete 
| 266|0x0000000715200000, 0x0000000715300000, 0x0000000715300000|100%| E|CS|TAMS 0x0000000715200000, 0x0000000715200000| Complete 
| 267|0x0000000715300000, 0x0000000715400000, 0x0000000715400000|100%| E|CS|TAMS 0x0000000715300000, 0x0000000715300000| Complete 
| 268|0x0000000715400000, 0x0000000715500000, 0x0000000715500000|100%| E|CS|TAMS 0x0000000715400000, 0x0000000715400000| Complete 
| 269|0x0000000715500000, 0x0000000715600000, 0x0000000715600000|100%| E|CS|TAMS 0x0000000715500000, 0x0000000715500000| Complete 
| 270|0x0000000715600000, 0x0000000715700000, 0x0000000715700000|100%| E|CS|TAMS 0x0000000715600000, 0x0000000715600000| Complete 
| 271|0x0000000715700000, 0x0000000715800000, 0x0000000715800000|100%| E|CS|TAMS 0x0000000715700000, 0x0000000715700000| Complete 
| 272|0x0000000715800000, 0x0000000715900000, 0x0000000715900000|100%| E|CS|TAMS 0x0000000715800000, 0x0000000715800000| Complete 
| 273|0x0000000715900000, 0x0000000715a00000, 0x0000000715a00000|100%| E|CS|TAMS 0x0000000715900000, 0x0000000715900000| Complete 
| 274|0x0000000715a00000, 0x0000000715b00000, 0x0000000715b00000|100%| E|CS|TAMS 0x0000000715a00000, 0x0000000715a00000| Complete 
| 275|0x0000000715b00000, 0x0000000715c00000, 0x0000000715c00000|100%| E|CS|TAMS 0x0000000715b00000, 0x0000000715b00000| Complete 
| 276|0x0000000715c00000, 0x0000000715d00000, 0x0000000715d00000|100%| E|CS|TAMS 0x0000000715c00000, 0x0000000715c00000| Complete 
| 277|0x0000000715d00000, 0x0000000715e00000, 0x0000000715e00000|100%| E|CS|TAMS 0x0000000715d00000, 0x0000000715d00000| Complete 
| 278|0x0000000715e00000, 0x0000000715f00000, 0x0000000715f00000|100%| E|CS|TAMS 0x0000000715e00000, 0x0000000715e00000| Complete 
| 279|0x0000000715f00000, 0x0000000716000000, 0x0000000716000000|100%| E|CS|TAMS 0x0000000715f00000, 0x0000000715f00000| Complete 
| 280|0x0000000716000000, 0x0000000716100000, 0x0000000716100000|100%| E|CS|TAMS 0x0000000716000000, 0x0000000716000000| Complete 
| 281|0x0000000716100000, 0x0000000716200000, 0x0000000716200000|100%| E|CS|TAMS 0x0000000716100000, 0x0000000716100000| Complete 
| 282|0x0000000716200000, 0x0000000716300000, 0x0000000716300000|100%| E|CS|TAMS 0x0000000716200000, 0x0000000716200000| Complete 
| 283|0x0000000716300000, 0x0000000716400000, 0x0000000716400000|100%| E|CS|TAMS 0x0000000716300000, 0x0000000716300000| Complete 
| 284|0x0000000716400000, 0x0000000716500000, 0x0000000716500000|100%| E|CS|TAMS 0x0000000716400000, 0x0000000716400000| Complete 
| 285|0x0000000716500000, 0x0000000716600000, 0x0000000716600000|100%| E|CS|TAMS 0x0000000716500000, 0x0000000716500000| Complete 
| 286|0x0000000716600000, 0x0000000716700000, 0x0000000716700000|100%| E|CS|TAMS 0x0000000716600000, 0x0000000716600000| Complete 
| 287|0x0000000716700000, 0x0000000716800000, 0x0000000716800000|100%| E|CS|TAMS 0x0000000716700000, 0x0000000716700000| Complete 
| 288|0x0000000716800000, 0x0000000716900000, 0x0000000716900000|100%| E|CS|TAMS 0x0000000716800000, 0x0000000716800000| Complete 
| 289|0x0000000716900000, 0x0000000716a00000, 0x0000000716a00000|100%| E|CS|TAMS 0x0000000716900000, 0x0000000716900000| Complete 
| 290|0x0000000716a00000, 0x0000000716b00000, 0x0000000716b00000|100%| E|CS|TAMS 0x0000000716a00000, 0x0000000716a00000| Complete 
| 291|0x0000000716b00000, 0x0000000716c00000, 0x0000000716c00000|100%| E|CS|TAMS 0x0000000716b00000, 0x0000000716b00000| Complete 
| 292|0x0000000716c00000, 0x0000000716d00000, 0x0000000716d00000|100%| E|CS|TAMS 0x0000000716c00000, 0x0000000716c00000| Complete 
| 293|0x0000000716d00000, 0x0000000716e00000, 0x0000000716e00000|100%| E|CS|TAMS 0x0000000716d00000, 0x0000000716d00000| Complete 
| 294|0x0000000716e00000, 0x0000000716f00000, 0x0000000716f00000|100%| E|CS|TAMS 0x0000000716e00000, 0x0000000716e00000| Complete 
| 295|0x0000000716f00000, 0x0000000717000000, 0x0000000717000000|100%| E|CS|TAMS 0x0000000716f00000, 0x0000000716f00000| Complete 
| 296|0x0000000717000000, 0x0000000717100000, 0x0000000717100000|100%| E|CS|TAMS 0x0000000717000000, 0x0000000717000000| Complete 
| 297|0x0000000717100000, 0x0000000717200000, 0x0000000717200000|100%| E|CS|TAMS 0x0000000717100000, 0x0000000717100000| Complete 
| 298|0x0000000717200000, 0x0000000717300000, 0x0000000717300000|100%| E|CS|TAMS 0x0000000717200000, 0x0000000717200000| Complete 
| 299|0x0000000717300000, 0x0000000717400000, 0x0000000717400000|100%| E|CS|TAMS 0x0000000717300000, 0x0000000717300000| Complete 
| 300|0x0000000717400000, 0x0000000717500000, 0x0000000717500000|100%| E|CS|TAMS 0x0000000717400000, 0x0000000717400000| Complete 
| 301|0x0000000717500000, 0x0000000717600000, 0x0000000717600000|100%| E|CS|TAMS 0x0000000717500000, 0x0000000717500000| Complete 
| 302|0x0000000717600000, 0x0000000717700000, 0x0000000717700000|100%| E|CS|TAMS 0x0000000717600000, 0x0000000717600000| Complete 

Card table byte_map: [0x000001c06c310000,0x000001c06caf0000] _byte_map_base: 0x000001c068aec000

Marking Bits (Prev, Next): (CMBitMap*) 0x000001c0540eaf60, (CMBitMap*) 0x000001c0540eaf28
 Prev Bits: [0x000001c0711b0000, 0x000001c075090000)
 Next Bits: [0x000001c06d2d0000, 0x000001c0711b0000)

Polling page: 0x000001c051fa0000

Metaspace:

Usage:
  Non-class:     78.80 MB capacity,    77.13 MB ( 98%) used,     1.32 MB (  2%) free+waste,   361.50 KB ( <1%) overhead. 
      Class:     10.23 MB capacity,     8.99 MB ( 88%) used,     1.07 MB ( 11%) free+waste,   165.25 KB (  2%) overhead. 
       Both:     89.03 MB capacity,    86.12 MB ( 97%) used,     2.39 MB (  3%) free+waste,   526.75 KB ( <1%) overhead. 

Virtual space:
  Non-class space:       80.00 MB reserved,      79.00 MB ( 99%) committed 
      Class space:        1.00 GB reserved,      10.25 MB (  1%) committed 
             Both:        1.08 GB reserved,      89.25 MB (  8%) committed 

Chunk freelists:
   Non-Class:  14.00 KB
       Class:  0 bytes
        Both:  14.00 KB

MaxMetaspaceSize: 17179869184.00 GB
CompressedClassSpaceSize: 1.00 GB
Initial GC threshold: 20.80 MB
Current GC threshold: 142.92 MB
CDS: off

CodeHeap 'non-profiled nmethods': size=120000Kb used=8520Kb max_used=8520Kb free=111480Kb
 bounds [0x000001c0642d0000, 0x000001c064b30000, 0x000001c06b800000]
CodeHeap 'profiled nmethods': size=120000Kb used=33421Kb max_used=33421Kb free=86578Kb
 bounds [0x000001c05cda0000, 0x000001c05ee50000, 0x000001c0642d0000]
CodeHeap 'non-nmethods': size=5760Kb used=1752Kb max_used=1856Kb free=4007Kb
 bounds [0x000001c05c800000, 0x000001c05ca70000, 0x000001c05cda0000]
 total_blobs=11673 nmethods=10609 adapters=983
 compilation: enabled
              stopped_count=0, restarted_count=0
 full_count=0

Compilation events (20 events):
Event: 24.111 Thread 0x000001c07852b800 nmethod 10924 0x000001c05ee40a10 code [0x000001c05ee40c00, 0x000001c05ee41198]
Event: 24.111 Thread 0x000001c07852b800 10928       2       org.bouncycastle.math.raw.Nat::shiftDownBits (41 bytes)
Event: 24.112 Thread 0x000001c07852b800 nmethod 10928 0x000001c05ee41510 code [0x000001c05ee416c0, 0x000001c05ee41858]
Event: 24.112 Thread 0x000001c07852b800 10927       2       org.bouncycastle.math.raw.Mod::inversionStep (144 bytes)
Event: 24.112 Thread 0x000001c07852b800 nmethod 10927 0x000001c05ee41990 code [0x000001c05ee41bc0, 0x000001c05ee422b8]
Event: 24.112 Thread 0x000001c07852b800 10929       2       org.bouncycastle.math.raw.Nat::gte (56 bytes)
Event: 24.112 Thread 0x000001c07852b800 nmethod 10929 0x000001c05ee42710 code [0x000001c05ee428e0, 0x000001c05ee42b78]
Event: 24.112 Thread 0x000001c07852b800 10925       2       org.bouncycastle.math.ec.custom.sec.SecP256R1Point::<init> (16 bytes)
Event: 24.112 Thread 0x000001c07852b800 nmethod 10925 0x000001c05ee42d90 code [0x000001c05ee42f40, 0x000001c05ee43218]
Event: 24.112 Thread 0x000001c07852b800 10930       1       sun.java2d.SunGraphics2D::setBackground (6 bytes)
Event: 24.113 Thread 0x000001c07852b800 nmethod 10930 0x000001c064b1f210 code [0x000001c064b1f3c0, 0x000001c064b1f4d8]
Event: 24.113 Thread 0x000001c07852b800 10931       1       net.runelite.client.ui.overlay.Overlay::getParentBounds (2 bytes)
Event: 24.113 Thread 0x000001c07852b800 nmethod 10931 0x000001c064b1f590 code [0x000001c064b1f740, 0x000001c064b1f7f8]
Event: 24.113 Thread 0x000001c07852b800 10932       1       net.runelite.client.config.FontType::getFont (5 bytes)
Event: 24.113 Thread 0x000001c07852b800 nmethod 10932 0x000001c064b1f890 code [0x000001c064b1fa40, 0x000001c064b1faf8]
Event: 24.113 Thread 0x000001c07852b800 10933       1       org.bouncycastle.math.ec.ECCurve::getCoordinateSystem (5 bytes)
Event: 24.113 Thread 0x000001c07852b800 nmethod 10933 0x000001c064b1fb90 code [0x000001c064b1fd40, 0x000001c064b1fdf8]
Event: 24.113 Thread 0x000001c07852b800 10934       2       org.bouncycastle.math.ec.custom.sec.SecP256R1Field::addPInvTo (198 bytes)
Event: 24.113 Thread 0x000001c07852b800 nmethod 10934 0x000001c05ee43310 code [0x000001c05ee434e0, 0x000001c05ee438b8]
Event: 24.113 Thread 0x000001c07852b800 10936 %     3       org.bouncycastle.math.raw.Nat256::mul @ 292 (637 bytes)

GC Heap History (20 events):
Event: 8.281 GC heap before
{Heap before GC invocations=12 (full 0):
 garbage-first heap   total 310272K, used 215040K [0x0000000704800000, 0x0000000800000000)
  region size 1024K, 106 young (108544K), 17 survivors (17408K)
 Metaspace       used 78457K, capacity 80199K, committed 80512K, reserved 1120256K
  class space    used 7997K, capacity 8724K, committed 8832K, reserved 1048576K
}
Event: 8.289 GC heap after
{Heap after GC invocations=13 (full 0):
 garbage-first heap   total 310272K, used 136098K [0x0000000704800000, 0x0000000800000000)
  region size 1024K, 11 young (11264K), 11 survivors (11264K)
 Metaspace       used 78457K, capacity 80199K, committed 80512K, reserved 1120256K
  class space    used 7997K, capacity 8724K, committed 8832K, reserved 1048576K
}
Event: 8.779 GC heap before
{Heap before GC invocations=13 (full 0):
 garbage-first heap   total 310272K, used 224162K [0x0000000704800000, 0x0000000800000000)
  region size 1024K, 97 young (99328K), 11 survivors (11264K)
 Metaspace       used 79388K, capacity 81302K, committed 81408K, reserved 1122304K
  class space    used 8143K, capacity 8920K, committed 8960K, reserved 1048576K
}
Event: 8.787 GC heap after
{Heap after GC invocations=14 (full 0):
 garbage-first heap   total 310272K, used 146343K [0x0000000704800000, 0x0000000800000000)
  region size 1024K, 13 young (13312K), 13 survivors (13312K)
 Metaspace       used 79388K, capacity 81302K, committed 81408K, reserved 1122304K
  class space    used 8143K, capacity 8920K, committed 8960K, reserved 1048576K
}
Event: 9.166 GC heap before
{Heap before GC invocations=14 (full 0):
 garbage-first heap   total 310272K, used 233383K [0x0000000704800000, 0x0000000800000000)
  region size 1024K, 96 young (98304K), 13 survivors (13312K)
 Metaspace       used 80106K, capacity 82218K, committed 82432K, reserved 1122304K
  class space    used 8265K, capacity 9139K, committed 9216K, reserved 1048576K
}
Event: 9.173 GC heap after
{Heap after GC invocations=15 (full 0):
 garbage-first heap   total 310272K, used 152623K [0x0000000704800000, 0x0000000800000000)
  region size 1024K, 5 young (5120K), 5 survivors (5120K)
 Metaspace       used 80106K, capacity 82218K, committed 82432K, reserved 1122304K
  class space    used 8265K, capacity 9139K, committed 9216K, reserved 1048576K
}
Event: 9.178 GC heap before
{Heap before GC invocations=15 (full 0):
 garbage-first heap   total 310272K, used 155695K [0x0000000704800000, 0x0000000800000000)
  region size 1024K, 9 young (9216K), 5 survivors (5120K)
 Metaspace       used 80108K, capacity 82218K, committed 82432K, reserved 1122304K
  class space    used 8265K, capacity 9139K, committed 9216K, reserved 1048576K
}
Event: 9.181 GC heap after
{Heap after GC invocations=16 (full 0):
 garbage-first heap   total 310272K, used 151739K [0x0000000704800000, 0x0000000800000000)
  region size 1024K, 5 young (5120K), 5 survivors (5120K)
 Metaspace       used 80108K, capacity 82218K, committed 82432K, reserved 1122304K
  class space    used 8265K, capacity 9139K, committed 9216K, reserved 1048576K
}
Event: 9.617 GC heap before
{Heap before GC invocations=17 (full 0):
 garbage-first heap   total 310272K, used 230587K [0x0000000704800000, 0x0000000800000000)
  region size 1024K, 92 young (94208K), 5 survivors (5120K)
 Metaspace       used 81021K, capacity 83428K, committed 83456K, reserved 1124352K
  class space    used 8467K, capacity 9455K, committed 9472K, reserved 1048576K
}
Event: 9.621 GC heap after
{Heap after GC invocations=18 (full 0):
 garbage-first heap   total 310272K, used 143647K [0x0000000704800000, 0x0000000800000000)
  region size 1024K, 7 young (7168K), 7 survivors (7168K)
 Metaspace       used 81021K, capacity 83428K, committed 83456K, reserved 1124352K
  class space    used 8467K, capacity 9455K, committed 9472K, reserved 1048576K
}
Event: 9.658 GC heap before
{Heap before GC invocations=18 (full 0):
 garbage-first heap   total 310272K, used 151839K [0x0000000704800000, 0x0000000800000000)
  region size 1024K, 15 young (15360K), 7 survivors (7168K)
 Metaspace       used 81057K, capacity 83479K, committed 83712K, reserved 1124352K
  class space    used 8477K, capacity 9472K, committed 9472K, reserved 1048576K
}
Event: 9.664 GC heap after
{Heap after GC invocations=19 (full 0):
 garbage-first heap   total 310272K, used 126272K [0x0000000704800000, 0x0000000800000000)
  region size 1024K, 2 young (2048K), 2 survivors (2048K)
 Metaspace       used 81057K, capacity 83479K, committed 83712K, reserved 1124352K
  class space    used 8477K, capacity 9472K, committed 9472K, reserved 1048576K
}
Event: 10.137 GC heap before
{Heap before GC invocations=19 (full 0):
 garbage-first heap   total 310272K, used 233792K [0x0000000704800000, 0x0000000800000000)
  region size 1024K, 107 young (109568K), 2 survivors (2048K)
 Metaspace       used 82347K, capacity 84957K, committed 85120K, reserved 1124352K
  class space    used 8661K, capacity 9751K, committed 9856K, reserved 1048576K
}
Event: 10.142 GC heap after
{Heap after GC invocations=20 (full 0):
 garbage-first heap   total 310272K, used 132190K [0x0000000704800000, 0x0000000800000000)
  region size 1024K, 7 young (7168K), 7 survivors (7168K)
 Metaspace       used 82347K, capacity 84957K, committed 85120K, reserved 1124352K
  class space    used 8661K, capacity 9751K, committed 9856K, reserved 1048576K
}
Event: 17.908 GC heap before
{Heap before GC invocations=20 (full 0):
 garbage-first heap   total 310272K, used 246878K [0x0000000704800000, 0x0000000800000000)
  region size 1024K, 112 young (114688K), 7 survivors (7168K)
 Metaspace       used 84346K, capacity 87180K, committed 87424K, reserved 1126400K
  class space    used 8947K, capacity 10087K, committed 10112K, reserved 1048576K
}
Event: 17.915 GC heap after
{Heap after GC invocations=21 (full 0):
 garbage-first heap   total 310272K, used 142199K [0x0000000704800000, 0x0000000800000000)
  region size 1024K, 11 young (11264K), 11 survivors (11264K)
 Metaspace       used 84346K, capacity 87180K, committed 87424K, reserved 1126400K
  class space    used 8947K, capacity 10087K, committed 10112K, reserved 1048576K
}
Event: 17.948 GC heap before
{Heap before GC invocations=21 (full 0):
 garbage-first heap   total 310272K, used 246647K [0x0000000704800000, 0x0000000800000000)
  region size 1024K, 113 young (115712K), 11 survivors (11264K)
 Metaspace       used 84347K, capacity 87180K, committed 87424K, reserved 1126400K
  class space    used 8947K, capacity 10087K, committed 10112K, reserved 1048576K
}
Event: 17.954 GC heap after
{Heap after GC invocations=22 (full 0):
 garbage-first heap   total 310272K, used 142561K [0x0000000704800000, 0x0000000800000000)
  region size 1024K, 5 young (5120K), 5 survivors (5120K)
 Metaspace       used 84347K, capacity 87180K, committed 87424K, reserved 1126400K
  class space    used 8947K, capacity 10087K, committed 10112K, reserved 1048576K
}
Event: 22.167 GC heap before
{Heap before GC invocations=22 (full 0):
 garbage-first heap   total 310272K, used 232673K [0x0000000704800000, 0x0000000800000000)
  region size 1024K, 95 young (97280K), 5 survivors (5120K)
 Metaspace       used 84649K, capacity 87488K, committed 87680K, reserved 1126400K
  class space    used 8960K, capacity 10101K, committed 10112K, reserved 1048576K
}
Event: 22.172 GC heap after
{Heap after GC invocations=23 (full 0):
 garbage-first heap   total 310272K, used 144843K [0x0000000704800000, 0x0000000800000000)
  region size 1024K, 7 young (7168K), 7 survivors (7168K)
 Metaspace       used 84649K, capacity 87488K, committed 87680K, reserved 1126400K
  class space    used 8960K, capacity 10101K, committed 10112K, reserved 1048576K
}

Deoptimization events (20 events):
Event: 24.075 Thread 0x000001c000214800 Uncommon trap: trap_request=0xffffff4d fr.pc=0x000001c064a2489c relative=0x00000000000002dc
Event: 24.075 Thread 0x000001c000214800 Uncommon trap: reason=unstable_if action=reinterpret pc=0x000001c064a2489c method=java.util.concurrent.ConcurrentHashMap.get(Ljava/lang/Object;)Ljava/lang/Object; @ 86 c2
Event: 24.075 Thread 0x000001c000214800 DEOPT PACKING pc=0x000001c064a2489c sp=0x0000004df61fcec0
Event: 24.075 Thread 0x000001c000214800 DEOPT UNPACKING pc=0x000001c05c8085af sp=0x0000004df61fce58 mode 2
Event: 24.078 Thread 0x000001c0797c8800 DEOPT PACKING pc=0x000001c05d313c6c sp=0x0000004df47fda60
Event: 24.078 Thread 0x000001c0797c8800 DEOPT UNPACKING pc=0x000001c05c849d0e sp=0x0000004df47fcea0 mode 0
Event: 24.079 Thread 0x000001c000214800 Uncommon trap: trap_request=0xffffff4d fr.pc=0x000001c0643b0468 relative=0x0000000000001268
Event: 24.079 Thread 0x000001c000214800 Uncommon trap: reason=unstable_if action=reinterpret pc=0x000001c0643b0468 method=java.util.concurrent.ConcurrentHashMap.transfer([Ljava/util/concurrent/ConcurrentHashMap$Node;[Ljava/util/concurrent/ConcurrentHashMap$Node;)V @ 352 c2
Event: 24.079 Thread 0x000001c000214800 DEOPT PACKING pc=0x000001c0643b0468 sp=0x0000004df61fd700
Event: 24.079 Thread 0x000001c000214800 DEOPT UNPACKING pc=0x000001c05c8085af sp=0x0000004df61fd698 mode 2
Event: 24.087 Thread 0x000001c0797c2800 DEOPT PACKING pc=0x000001c05ecf6328 sp=0x0000004df4afa460
Event: 24.087 Thread 0x000001c0797c2800 DEOPT UNPACKING pc=0x000001c05c849d0e sp=0x0000004df4af9990 mode 0
Event: 24.087 Thread 0x000001c0797c2800 DEOPT PACKING pc=0x000001c05ecf6328 sp=0x0000004df4afa460
Event: 24.087 Thread 0x000001c0797c2800 DEOPT UNPACKING pc=0x000001c05c849d0e sp=0x0000004df4af9990 mode 0
Event: 24.103 Thread 0x000001c0797c2800 DEOPT PACKING pc=0x000001c05ecf95c8 sp=0x0000004df4afced0
Event: 24.103 Thread 0x000001c0797c2800 DEOPT UNPACKING pc=0x000001c05c849d0e sp=0x0000004df4afc330 mode 0
Event: 24.108 Thread 0x000001c0797c2800 DEOPT PACKING pc=0x000001c05ecf63a8 sp=0x0000004df4afa460
Event: 24.108 Thread 0x000001c0797c2800 DEOPT UNPACKING pc=0x000001c05c849d0e sp=0x0000004df4af9990 mode 0
Event: 24.108 Thread 0x000001c0797c2800 DEOPT PACKING pc=0x000001c05ecf6328 sp=0x0000004df4afa460
Event: 24.108 Thread 0x000001c0797c2800 DEOPT UNPACKING pc=0x000001c05c849d0e sp=0x0000004df4af9990 mode 0

Classes redefined (0 events):
No events

Internal exceptions (20 events):
Event: 23.401 Thread 0x000001c0797c2800 Exception <a 'java/lang/IncompatibleClassChangeError'{0x00000007135a0580}: Found class java.lang.Object, but interface was expected> (0x00000007135a0580) thrown at [s\src\hotspot\share\interpreter\linkResolver.cpp, line 839]
Event: 23.401 Thread 0x000001c0797c2800 Exception <a 'java/lang/IncompatibleClassChangeError'{0x00000007135a2e00}: Found class java.lang.Object, but interface was expected> (0x00000007135a2e00) thrown at [s\src\hotspot\share\interpreter\linkResolver.cpp, line 839]
Event: 23.402 Thread 0x000001c0797c2800 Exception <a 'java/lang/IncompatibleClassChangeError'{0x00000007135a5670}: Found class java.lang.Object, but interface was expected> (0x00000007135a5670) thrown at [s\src\hotspot\share\interpreter\linkResolver.cpp, line 839]
Event: 23.402 Thread 0x000001c0797c2800 Exception <a 'java/lang/IncompatibleClassChangeError'{0x00000007135a7ec8}: Found class java.lang.Object, but interface was expected> (0x00000007135a7ec8) thrown at [s\src\hotspot\share\interpreter\linkResolver.cpp, line 839]
Event: 23.402 Thread 0x000001c0797c2800 Exception <a 'java/lang/IncompatibleClassChangeError'{0x00000007135aaca0}: Found class java.lang.Object, but interface was expected> (0x00000007135aaca0) thrown at [s\src\hotspot\share\interpreter\linkResolver.cpp, line 839]
Event: 23.402 Thread 0x000001c0797c2800 Exception <a 'java/lang/IncompatibleClassChangeError'{0x00000007135ad4f8}: Found class java.lang.Object, but interface was expected> (0x00000007135ad4f8) thrown at [s\src\hotspot\share\interpreter\linkResolver.cpp, line 839]
Event: 23.403 Thread 0x000001c0797c2800 Exception <a 'java/lang/IncompatibleClassChangeError'{0x00000007135afd28}: Found class java.lang.Object, but interface was expected> (0x00000007135afd28) thrown at [s\src\hotspot\share\interpreter\linkResolver.cpp, line 839]
Event: 23.403 Thread 0x000001c0797c2800 Exception <a 'java/lang/IncompatibleClassChangeError'{0x00000007135b2588}: Found class java.lang.Object, but interface was expected> (0x00000007135b2588) thrown at [s\src\hotspot\share\interpreter\linkResolver.cpp, line 839]
Event: 23.403 Thread 0x000001c0797c2800 Exception <a 'java/lang/IncompatibleClassChangeError'{0x00000007135b4df0}: Found class java.lang.Object, but interface was expected> (0x00000007135b4df0) thrown at [s\src\hotspot\share\interpreter\linkResolver.cpp, line 839]
Event: 23.403 Thread 0x000001c0797c2800 Exception <a 'java/lang/IncompatibleClassChangeError'{0x00000007135b78f8}: Found class java.lang.Object, but interface was expected> (0x00000007135b78f8) thrown at [s\src\hotspot\share\interpreter\linkResolver.cpp, line 839]
Event: 23.404 Thread 0x000001c0797c2800 Exception <a 'java/lang/IncompatibleClassChangeError'{0x00000007135ba160}: Found class java.lang.Object, but interface was expected> (0x00000007135ba160) thrown at [s\src\hotspot\share\interpreter\linkResolver.cpp, line 839]
Event: 23.404 Thread 0x000001c0797c2800 Exception <a 'java/lang/IncompatibleClassChangeError'{0x00000007135bc9b0}: Found class java.lang.Object, but interface was expected> (0x00000007135bc9b0) thrown at [s\src\hotspot\share\interpreter\linkResolver.cpp, line 839]
Event: 23.404 Thread 0x000001c0797c2800 Exception <a 'java/lang/IncompatibleClassChangeError'{0x00000007135bf210}: Found class java.lang.Object, but interface was expected> (0x00000007135bf210) thrown at [s\src\hotspot\share\interpreter\linkResolver.cpp, line 839]
Event: 23.404 Thread 0x000001c0797c2800 Exception <a 'java/lang/IncompatibleClassChangeError'{0x00000007135c1a70}: Found class java.lang.Object, but interface was expected> (0x00000007135c1a70) thrown at [s\src\hotspot\share\interpreter\linkResolver.cpp, line 839]
Event: 23.405 Thread 0x000001c0797c2800 Exception <a 'java/lang/IncompatibleClassChangeError'{0x00000007135c42d0}: Found class java.lang.Object, but interface was expected> (0x00000007135c42d0) thrown at [s\src\hotspot\share\interpreter\linkResolver.cpp, line 839]
Event: 23.405 Thread 0x000001c0797c2800 Exception <a 'java/lang/IncompatibleClassChangeError'{0x00000007135c7010}: Found class java.lang.Object, but interface was expected> (0x00000007135c7010) thrown at [s\src\hotspot\share\interpreter\linkResolver.cpp, line 839]
Event: 23.405 Thread 0x000001c0797c2800 Exception <a 'java/lang/IncompatibleClassChangeError'{0x00000007135c9880}: Found class java.lang.Object, but interface was expected> (0x00000007135c9880) thrown at [s\src\hotspot\share\interpreter\linkResolver.cpp, line 839]
Event: 23.427 Thread 0x000001c0797c2800 Exception <a 'java/lang/NoSuchMethodError'{0x0000000713452438}: 'void java.lang.invoke.DirectMethodHandle$Holder.invokeStatic(java.lang.Object, long)'> (0x0000000713452438) thrown at [s\src\hotspot\share\interpreter\linkResolver.cpp, line 773]
Event: 23.715 Thread 0x000001c0797c2800 Exception <a 'java/lang/NoSuchMethodError'{0x0000000711d26fe0}: 'java.lang.Object java.lang.invoke.DirectMethodHandle$Holder.invokeStatic(java.lang.Object, java.lang.Object, java.lang.Object, java.lang.Object, java.lang.Object, int)'> (0x0000000711d26fe0) thrown at [s\src\hotspot\share\interpreter\linkResolver.cpp, line 773]
Event: 23.716 Thread 0x000001c0797c2800 Exception <a 'java/lang/NoSuchMethodError'{0x0000000711d2ad58}: 'java.lang.Object java.lang.invoke.DirectMethodHandle$Holder.invokeSpecial(java.lang.Object, java.lang.Object, java.lang.Object, java.lang.Object, java.lang.Object, java.lang.Object, int)'> (0x0000000711d2ad58) thrown at [s\src\hotspot\share\interpreter\linkResolver.cpp, line 773]

Events (20 events):
Event: 23.885 loading class sun/net/www/protocol/http/AuthenticatorKeys
Event: 23.885 loading class sun/net/www/protocol/http/AuthenticatorKeys done
Event: 24.060 loading class java/security/cert/PKIXRevocationChecker
Event: 24.060 loading class java/security/cert/PKIXRevocationChecker done
Event: 24.062 loading class sun/security/util/AnchorCertificates
Event: 24.062 loading class sun/security/util/AnchorCertificates done
Event: 24.062 loading class sun/security/util/AnchorCertificates$1
Event: 24.063 loading class sun/security/util/AnchorCertificates$1 done
Event: 24.063 loading class sun/security/provider/JavaKeyStore$DualFormatJKS
Event: 24.063 loading class sun/security/provider/JavaKeyStore$DualFormatJKS done
Event: 24.068 loading class sun/security/util/HostnameChecker
Event: 24.069 loading class sun/security/util/HostnameChecker done
Event: 24.069 loading class java/util/SimpleTimeZone
Event: 24.070 loading class java/util/SimpleTimeZone done
Event: 24.075 loading class java/util/concurrent/ConcurrentHashMap$TreeNode
Event: 24.075 loading class java/util/concurrent/ConcurrentHashMap$TreeNode done
Event: 24.075 loading class java/util/concurrent/ConcurrentHashMap$TreeBin
Event: 24.075 loading class java/util/concurrent/ConcurrentHashMap$TreeBin done
Event: 24.079 Executing VM operation: RevokeBias
Event: 24.079 Executing VM operation: RevokeBias done


Dynamic libraries:
0x00007ff770740000 - 0x00007ff77074e000 	C:\Users\Donni\.jdks\corretto-11.0.22\bin\java.exe
0x00007fff2cc50000 - 0x00007fff2ce67000 	C:\WINDOWS\SYSTEM32\ntdll.dll
0x00007fff2c200000 - 0x00007fff2c2c4000 	C:\WINDOWS\System32\KERNEL32.DLL
0x00007fff2a2a0000 - 0x00007fff2a646000 	C:\WINDOWS\System32\KERNELBASE.dll
0x00007fff2a180000 - 0x00007fff2a291000 	C:\WINDOWS\System32\ucrtbase.dll
0x00007fff23d10000 - 0x00007fff23d2b000 	C:\Users\Donni\.jdks\corretto-11.0.22\bin\VCRUNTIME140.dll
0x00007fff22f50000 - 0x00007fff22f67000 	C:\Users\Donni\.jdks\corretto-11.0.22\bin\jli.dll
0x00007fff2af40000 - 0x00007fff2b0ee000 	C:\WINDOWS\System32\USER32.dll
0x00007fff0be70000 - 0x00007fff0c103000 	C:\WINDOWS\WinSxS\amd64_microsoft.windows.common-controls_6595b64144ccf1df_6.0.22621.2506_none_270c5ae97388e100\COMCTL32.dll
0x00007fff2a650000 - 0x00007fff2a676000 	C:\WINDOWS\System32\win32u.dll
0x00007fff2bbe0000 - 0x00007fff2bc87000 	C:\WINDOWS\System32\msvcrt.dll
0x00007fff2b170000 - 0x00007fff2b199000 	C:\WINDOWS\System32\GDI32.dll
0x00007fff2a030000 - 0x00007fff2a148000 	C:\WINDOWS\System32\gdi32full.dll
0x00007fff29f90000 - 0x00007fff2a02a000 	C:\WINDOWS\System32\msvcp_win.dll
0x00007fff2cb40000 - 0x00007fff2cb71000 	C:\WINDOWS\System32\IMM32.DLL
0x00007fff26d80000 - 0x00007fff26d8c000 	C:\Users\Donni\.jdks\corretto-11.0.22\bin\vcruntime140_1.dll
0x00007ffefaf70000 - 0x00007ffefaffd000 	C:\Users\Donni\.jdks\corretto-11.0.22\bin\msvcp140.dll
0x00007ffed9a20000 - 0x00007ffeda5e3000 	C:\Users\Donni\.jdks\corretto-11.0.22\bin\server\jvm.dll
0x00007fff2c2e0000 - 0x00007fff2c393000 	C:\WINDOWS\System32\ADVAPI32.dll
0x00007fff2c8f0000 - 0x00007fff2c998000 	C:\WINDOWS\System32\sechost.dll
0x00007fff2a150000 - 0x00007fff2a178000 	C:\WINDOWS\System32\bcrypt.dll
0x00007fff2c9a0000 - 0x00007fff2cab7000 	C:\WINDOWS\System32\RPCRT4.dll
0x00007fff2ae20000 - 0x00007fff2ae28000 	C:\WINDOWS\System32\PSAPI.DLL
0x00007fff254a0000 - 0x00007fff254a9000 	C:\WINDOWS\SYSTEM32\WSOCK32.dll
0x00007fff20f10000 - 0x00007fff20f44000 	C:\WINDOWS\SYSTEM32\WINMM.dll
0x00007fff203f0000 - 0x00007fff203fa000 	C:\WINDOWS\SYSTEM32\VERSION.dll
0x00007fff2cac0000 - 0x00007fff2cb31000 	C:\WINDOWS\System32\WS2_32.dll
0x00007fff28fc0000 - 0x00007fff28fd8000 	C:\WINDOWS\SYSTEM32\kernel.appcore.dll
0x00007fff254b0000 - 0x00007fff254c0000 	C:\Users\Donni\.jdks\corretto-11.0.22\bin\verify.dll
0x00007fff272d0000 - 0x00007fff27503000 	C:\WINDOWS\SYSTEM32\DBGHELP.DLL
0x00007fff2bc90000 - 0x00007fff2c019000 	C:\WINDOWS\System32\combase.dll
0x00007fff2ba90000 - 0x00007fff2bb67000 	C:\WINDOWS\System32\OLEAUT32.dll
0x00007ffefe410000 - 0x00007ffefe442000 	C:\WINDOWS\SYSTEM32\dbgcore.DLL
0x00007fff2a860000 - 0x00007fff2a8da000 	C:\WINDOWS\System32\bcryptPrimitives.dll
0x00007fff1cb60000 - 0x00007fff1cb88000 	C:\Users\Donni\.jdks\corretto-11.0.22\bin\java.dll
0x00007fff23dd0000 - 0x00007fff23dda000 	C:\Users\Donni\.jdks\corretto-11.0.22\bin\jimage.dll
0x00007fff0f8e0000 - 0x00007fff0f919000 	C:\Users\Donni\.jdks\corretto-11.0.22\bin\jdwp.dll
0x00007fff23c90000 - 0x00007fff23c9e000 	C:\Users\Donni\.jdks\corretto-11.0.22\bin\instrument.dll
0x00007fff20050000 - 0x00007fff20068000 	C:\Users\Donni\.jdks\corretto-11.0.22\bin\zip.dll
0x00007fff2b230000 - 0x00007fff2ba8a000 	C:\WINDOWS\System32\SHELL32.dll
0x00007fff27ee0000 - 0x00007fff287d6000 	C:\WINDOWS\SYSTEM32\windows.storage.dll
0x00007fff27da0000 - 0x00007fff27ede000 	C:\WINDOWS\SYSTEM32\wintypes.dll
0x00007fff2c7f0000 - 0x00007fff2c8e3000 	C:\WINDOWS\System32\SHCORE.dll
0x00007fff2ae30000 - 0x00007fff2ae8e000 	C:\WINDOWS\System32\shlwapi.dll
0x00007fff29ec0000 - 0x00007fff29ee6000 	C:\WINDOWS\SYSTEM32\profapi.dll
0x00007fff22f40000 - 0x00007fff22f4a000 	C:\Users\Donni\.jdks\corretto-11.0.22\bin\dt_socket.dll
0x00007fff29440000 - 0x00007fff294a9000 	C:\WINDOWS\system32\mswsock.dll
0x00007fff1cb40000 - 0x00007fff1cb59000 	C:\Users\Donni\.jdks\corretto-11.0.22\bin\net.dll
0x00007fff23b20000 - 0x00007fff23c57000 	C:\WINDOWS\SYSTEM32\WINHTTP.dll
0x00007fff104e0000 - 0x00007fff104f2000 	C:\Users\Donni\.jdks\corretto-11.0.22\bin\nio.dll
0x00007fff22740000 - 0x00007fff2274e000 	C:\Users\Donni\.jdks\corretto-11.0.22\bin\sunmscapi.dll
0x00007fff2a6f0000 - 0x00007fff2a856000 	C:\WINDOWS\System32\CRYPT32.dll
0x00007fff29850000 - 0x00007fff2987e000 	C:\WINDOWS\SYSTEM32\ncrypt.dll
0x00007fff29810000 - 0x00007fff29847000 	C:\WINDOWS\SYSTEM32\NTASN1.dll
0x00007fff10000000 - 0x00007fff10027000 	C:\Users\Donni\.jdks\corretto-11.0.22\bin\sunec.dll
0x00007fff296f0000 - 0x00007fff29702000 	C:\WINDOWS\SYSTEM32\MSASN1.dll
0x00007fff296a0000 - 0x00007fff296bb000 	C:\WINDOWS\SYSTEM32\CRYPTSP.dll
0x00007fff28f20000 - 0x00007fff28f55000 	C:\WINDOWS\system32\rsaenh.dll
0x00007fff29690000 - 0x00007fff2969c000 	C:\WINDOWS\SYSTEM32\CRYPTBASE.dll
0x00007fff294d0000 - 0x00007fff294f6000 	C:\WINDOWS\SYSTEM32\gpapi.dll
0x00007fff29530000 - 0x00007fff2955c000 	C:\WINDOWS\SYSTEM32\USERENV.dll
0x00007fff29c70000 - 0x00007fff29c7a000 	C:\WINDOWS\SYSTEM32\DPAPI.dll
0x00007fff28ad0000 - 0x00007fff28afd000 	C:\WINDOWS\SYSTEM32\IPHLPAPI.DLL
0x00007fff2b160000 - 0x00007fff2b169000 	C:\WINDOWS\System32\NSI.dll
0x00007fff23960000 - 0x00007fff23979000 	C:\WINDOWS\SYSTEM32\dhcpcsvc6.DLL
0x00007fff23930000 - 0x00007fff2394f000 	C:\WINDOWS\SYSTEM32\dhcpcsvc.DLL
0x00007fff28b00000 - 0x00007fff28bf9000 	C:\WINDOWS\SYSTEM32\DNSAPI.dll
0x00007ffedc9e0000 - 0x00007ffedcb62000 	C:\Users\Donni\.jdks\corretto-11.0.22\bin\awt.dll
0x00007fff263c0000 - 0x00007fff26457000 	C:\WINDOWS\SYSTEM32\apphelp.dll
0x00007fff26f10000 - 0x00007fff26fbb000 	C:\WINDOWS\system32\uxtheme.dll
0x00007fff2c3a0000 - 0x00007fff2c4f0000 	C:\WINDOWS\System32\MSCTF.dll
0x00007fff2c650000 - 0x00007fff2c7f0000 	C:\WINDOWS\System32\ole32.dll
0x00007fff27730000 - 0x00007fff2775b000 	C:\WINDOWS\system32\DWMAPI.DLL
0x00007ffef6b10000 - 0x00007ffef6c10000 	C:\WINDOWS\system32\opengl32.dll
0x00007ffef6ae0000 - 0x00007ffef6b0d000 	C:\WINDOWS\SYSTEM32\GLU32.dll
0x00007fff27570000 - 0x00007fff275a6000 	C:\WINDOWS\SYSTEM32\dxcore.dll
0x00007ffefaee0000 - 0x00007ffefaf67000 	C:\Users\Donni\.jdks\corretto-11.0.22\bin\freetype.dll
0x00007ffee3440000 - 0x00007ffee3513000 	C:\Users\Donni\.jdks\corretto-11.0.22\bin\fontmanager.dll
0x00007fff105f0000 - 0x00007fff1073a000 	C:\WINDOWS\SYSTEM32\textinputframework.dll
0x00007fff254d0000 - 0x00007fff25604000 	C:\WINDOWS\SYSTEM32\CoreMessaging.dll
0x00007fff22860000 - 0x00007fff22bcc000 	C:\WINDOWS\SYSTEM32\CoreUIComponents.dll
0x00007fff226f0000 - 0x00007fff226f9000 	C:\Users\Donni\.jdks\corretto-11.0.22\bin\management.dll
0x00007fff1fea0000 - 0x00007fff1feab000 	C:\Users\Donni\.jdks\corretto-11.0.22\bin\management_ext.dll
0x00007fff203e0000 - 0x00007fff203ea000 	C:\Windows\System32\rasadhlp.dll
0x00007fff22570000 - 0x00007fff225f3000 	C:\WINDOWS\System32\fwpuclnt.dll
0x00007fff06f30000 - 0x00007fff06f74000 	C:\Users\Donni\AppData\Local\Temp\jna-68899\jna7986672214628456565.dll
0x00007ffee1b00000 - 0x00007ffee1b9c000 	C:\Users\Donni\AppData\Local\Temp\jna-68899\jna5680333394732200194.dll
0x00007ffee1a80000 - 0x00007ffee1aff000 	C:\Users\Donni\.jdks\corretto-11.0.22\bin\mlib_image.dll
0x00007fff0e2e0000 - 0x00007fff0e2f2000 	C:\Users\Donni\.jdks\corretto-11.0.22\bin\jsound.dll
0x00007ffee12b0000 - 0x00007ffee1352000 	C:\WINDOWS\SYSTEM32\DSOUND.dll
0x00007fff29e60000 - 0x00007fff29ead000 	C:\WINDOWS\SYSTEM32\powrprof.dll
0x00007ffedbf20000 - 0x00007ffedbfd1000 	C:\WINDOWS\SYSTEM32\ResampleDmo.DLL
0x00007fff125d0000 - 0x00007fff125f9000 	C:\WINDOWS\SYSTEM32\winmmbase.dll
0x00007fff0f8d0000 - 0x00007fff0f8db000 	C:\WINDOWS\SYSTEM32\msdmo.dll
0x00007fff29d90000 - 0x00007fff29da3000 	C:\WINDOWS\SYSTEM32\UMPDC.dll
0x00007fff2ae90000 - 0x00007fff2af40000 	C:\WINDOWS\System32\clbcatq.dll
0x00007fff1d470000 - 0x00007fff1d50d000 	C:\WINDOWS\System32\MMDevApi.dll
0x00007fff29bd0000 - 0x00007fff29bfc000 	C:\WINDOWS\System32\DEVOBJ.dll
0x00007fff29c00000 - 0x00007fff29c4e000 	C:\WINDOWS\SYSTEM32\cfgmgr32.dll
0x00007ffeccbc0000 - 0x00007ffeccc06000 	C:\WINDOWS\SYSTEM32\wdmaud.drv
0x00007fff05b50000 - 0x00007fff05b59000 	C:\WINDOWS\SYSTEM32\ksuser.dll
0x00007fff22e70000 - 0x00007fff22e7b000 	C:\WINDOWS\SYSTEM32\AVRT.dll
0x00007fff19ad0000 - 0x00007fff19cbc000 	C:\WINDOWS\SYSTEM32\AUDIOSES.DLL
0x00007fff23cd0000 - 0x00007fff23cde000 	C:\WINDOWS\SYSTEM32\msacm32.drv
0x00007fff19420000 - 0x00007fff1943e000 	C:\WINDOWS\SYSTEM32\MSACM32.dll
0x00007fff19410000 - 0x00007fff1941b000 	C:\WINDOWS\SYSTEM32\midimap.dll
0x00007fff27a70000 - 0x00007fff27a85000 	C:\WINDOWS\SYSTEM32\resourcepolicyclient.dll
0x00007fff1c770000 - 0x00007fff1c8e4000 	C:\Windows\System32\Windows.UI.dll
0x00007fff0e2d0000 - 0x00007fff0e2d6000 	C:\Users\Donni\AppData\Local\Temp\flatlaf.temp\flatlaf-windows-x86_64-380030679344000.dll
0x00007fff0e2c0000 - 0x00007fff0e2c7000 	C:\Users\Donni\.jdks\corretto-11.0.22\bin\jawt.dll
0x00007fff06e60000 - 0x00007fff06e8d000 	C:\Users\Donni\.jdks\corretto-11.0.22\bin\javajpeg.dll
0x00007fff244b0000 - 0x00007fff24660000 	C:\WINDOWS\SYSTEM32\WindowsCodecs.dll
0x00007ffef3f20000 - 0x00007ffef3f7e000 	C:\WINDOWS\system32\dataexchange.dll
0x00007fff20ac0000 - 0x00007fff20d45000 	C:\WINDOWS\system32\twinapi.appcore.dll
0x00007fff21550000 - 0x00007fff2160c000 	C:\WINDOWS\SYSTEM32\mscms.dll
0x00007fff1fc70000 - 0x00007fff1fcb9000 	C:\WINDOWS\SYSTEM32\icm32.dll

dbghelp: loaded successfully - version: 4.0.5 - missing functions: none
symbol engine: initialized successfully - sym options: 0x614 - pdb path: .;C:\Users\Donni\.jdks\corretto-11.0.22\bin;C:\WINDOWS\SYSTEM32;C:\WINDOWS\WinSxS\amd64_microsoft.windows.common-controls_6595b64144ccf1df_6.0.22621.2506_none_270c5ae97388e100;C:\Users\Donni\.jdks\corretto-11.0.22\bin\server;C:\Users\Donni\AppData\Local\Temp\jna-68899;C:\Users\Donni\AppData\Local\Temp\flatlaf.temp

VM Arguments:
jvm_args: -agentlib:jdwp=transport=dt_socket,server=n,suspend=y,address=127.0.0.1:52176 -javaagent:C:\Users\Donni\.gradle\caches\modules-2\files-2.1\org.jetbrains.kotlinx\kotlinx-coroutines-core-jvm\1.6.0\f3b8fd26c2e76d2f18cbc36aacb6e349fcb9fd5f\kotlinx-coroutines-core-jvm-1.6.0.jar -Dfile.encoding=windows-1252 -Duser.country=US -Duser.language=en -Duser.variant -ea 
java_command: com.piggyplugins.PluginTester
java_class_path (initial): C:\Users\Donni\IdeaProjects\PiggyPlugins\build\classes\java\test;C:\Users\Donni\IdeaProjects\PiggyPlugins\build\resources\test;C:\Users\Donni\IdeaProjects\PiggyPlugins\build\classes\java\main;C:\Users\Donni\IdeaProjects\PiggyPlugins\build\resources\main;C:\Users\Donni\IdeaProjects\PiggyPlugins\AutoTitheFarm\build\libs\AutoTitheFarm-1.0.0.jar;C:\Users\Donni\IdeaProjects\PiggyPlugins\AutoAerial\build\libs\AutoAerial-1.0.0.jar;C:\Users\Donni\IdeaProjects\PiggyPlugins\AutoRuneDragons\build\libs\AutoRuneDragons-1.0.0.jar;C:\Users\Donni\IdeaProjects\PiggyPlugins\AutoBoner\build\libs\AutoBoner-1.0.3.jar;C:\Users\Donni\IdeaProjects\PiggyPlugins\AutoChompy\build\libs\AutoChompy-1.0.3.jar;C:\Users\Donni\IdeaProjects\PiggyPlugins\AutoVorkath\build\libs\AutoVorkath-1.0.19.jar;C:\Users\Donni\IdeaProjects\PiggyPlugins\AutoCombat\build\libs\AutoCombat-1.0.0.jar;C:\Users\Donni\IdeaProjects\PiggyPlugins\AutoTrapper\build\libs\AutoTrapper-1.0.0.jar;C:\Users\Donni\IdeaProjects\PiggyPlugins\AutoSmith\build\libs\AutoSmith-1.0.0.jar;C:\Users\Donni\IdeaProjects\PiggyPlugins\ButterflyCatcher\build\libs\ButterflyCatcher-1.0.0.jar;C:\Users\Donni\IdeaProjects\PiggyPlugins\DialogueContinuer\build\libs\DialogueContinuer-1.0.0.jar;C:\Users\Donni\IdeaProjects\PiggyPlugins\Firemaking\build\libs\Firemaking-1.0.0.jar;C:\Users\Donni\IdeaProjects\PiggyPlugins\KittenFeeder\build\libs\KittenFeeder-1.0.0.jar;C:\Users\Donni\IdeaProjects\PiggyPlugins\AutoJugHumidifier\build\libs\AutoJugHumidifier-1.0.0.jar;C:\Users\Donni\IdeaProjects\PiggyPlugins\AutoRifts\build\libs\AutoRifts-1.0.0.jar;C:\Users\Donni\IdeaProjects\PiggyPlugins\AutoTele\build\libs\AutoTele-1.0.0.jar;C:\Users\Donni\IdeaProjects\PiggyPlugins\CalvarionHelper\build\libs\CalvarionHelper-1.0.0.jar;C:\Users\Donni\IdeaProjects\PiggyPlugins\CannonReloader\build\libs\CannonReloader-1.0.0.jar;C:\Users\Donni\IdeaProjects\PiggyPlugins\E3T4G\build\libs\E3T4G-1.0.0.jar;C:\Users\Donni\IdeaProjects\PiggyPlugins\EthansApi\build\l
Launcher Type: SUN_STANDARD

[Global flags]
     intx CICompilerCount                          = 4                                         {product} {ergonomic}
     uint ConcGCThreads                            = 2                                         {product} {ergonomic}
     uint G1ConcRefinementThreads                  = 8                                         {product} {ergonomic}
   size_t G1HeapRegionSize                         = 1048576                                   {product} {ergonomic}
    uintx GCDrainStackTargetSize                   = 64                                        {product} {ergonomic}
   size_t InitialHeapSize                          = 264241152                                 {product} {ergonomic}
   size_t MarkStackSize                            = 4194304                                   {product} {ergonomic}
   size_t MaxHeapSize                              = 4219469824                                {product} {ergonomic}
   size_t MaxNewSize                               = 2531262464                                {product} {ergonomic}
   size_t MinHeapDeltaBytes                        = 1048576                                   {product} {ergonomic}
    uintx NonNMethodCodeHeapSize                   = 5836300                                {pd product} {ergonomic}
    uintx NonProfiledCodeHeapSize                  = 122910970                              {pd product} {ergonomic}
    uintx ProfiledCodeHeapSize                     = 122910970                              {pd product} {ergonomic}
    uintx ReservedCodeCacheSize                    = 251658240                              {pd product} {ergonomic}
     bool SegmentedCodeCache                       = true                                      {product} {ergonomic}
     bool UseCompressedClassPointers               = true                                 {lp64_product} {ergonomic}
     bool UseCompressedOops                        = true                                 {lp64_product} {ergonomic}
     bool UseG1GC                                  = true                                      {product} {ergonomic}
     bool UseLargePagesIndividualAllocation        = false                                  {pd product} {ergonomic}

Logging:
Log output configuration:
 #0: stdout all=warning uptime,level,tags
 #1: stderr all=off uptime,level,tags

Environment Variables:
JAVA_HOME=C:\Program Files (x86)\Eclipse Adoptium\jdk-11.0.21.9-hotspot\
PATH=C:\Program Files (x86)\Eclipse Adoptium\jdk-11.0.21.9-hotspot\bin;C:\Program Files\Common Files\Oracle\Java\javapath;C:\Python311\Scripts\;C:\Python311\;C:\WINDOWS\system32;C:\WINDOWS;C:\WINDOWS\System32\Wbem;C:\WINDOWS\System32\WindowsPowerShell\v1.0\;C:\WINDOWS\System32\OpenSSH\;C:\ProgramData\chocolatey\bin;C:\Program Files\Git\cmd;C:\Program Files\nodejs\;C:\Program Files\Microsoft VS Code\bin;C:\Program Files\dotnet\;C:\Users\Donni\AppData\Local\Microsoft\WindowsApps;;C:\Exercism;C:\Users\Donni\AppData\Roaming\npm;C:\Program Files\JetBrains\IntelliJ IDEA Community Edition 2023.2.5\bin;
USERNAME=Don
OS=Windows_NT
PROCESSOR_IDENTIFIER=Intel64 Family 6 Model 140 Stepping 1, GenuineIntel
TMP=C:\Users\Donni\AppData\Local\Temp
TEMP=C:\Users\Donni\AppData\Local\Temp



---------------  S Y S T E M  ---------------

OS: Windows 11 , 64 bit Build 22621 (10.0.22621.2506)
OS uptime: 0 days 10:33 hours

CPU:total 8 (initial active 8) (4 cores per cpu, 2 threads per core) family 6 model 140 stepping 1 microcode 0xac, cmov, cx8, fxsr, mmx, sse, sse2, sse3, ssse3, sse4.1, sse4.2, popcnt, avx, avx2, aes, clmul, erms, 3dnowpref, lzcnt, ht, tsc, tscinvbit, bmi1, bmi2, adx, evex, sha, fma

Memory: 4k page, system-wide physical 16091M (6356M free)
TotalPageFile size 17115M (AvailPageFile size 6049M)
current process WorkingSet (physical memory assigned to process): 712M, peak: 727M
current process commit charge ("private bytes"): 759M, peak: 776M

vm_info: OpenJDK 64-Bit Server VM (11.0.22+7-LTS) for windows-amd64 JRE (11.0.22+7-LTS), built on Jan 10 2024 19:54:00 by "Administrator" with MS VC++ 16.10 / 16.11 (VS2019)

END.
