#
# A fatal error has been detected by the Java Runtime Environment:
#
#  Internal Error (c1/c1_LIR.hpp:731), pid=13508, tid=4104
#  Error: ShouldNotReachHere()
#
# JRE version: OpenJDK Runtime Environment Corretto-11.0.22.7.1 (11.0.22+7) (build 11.0.22+7-LTS)
# Java VM: OpenJDK 64-Bit Server VM Corretto-11.0.22.7.1 (11.0.22+7-LTS, mixed mode, tiered, compressed oops, g1 gc, windows-amd64)
# No core dump will be written. Minidumps are not enabled by default on client versions of Windows
#
# If you would like to submit a bug report, please visit:
#   https://github.com/corretto/corretto-11/issues/
#

---------------  S U M M A R Y ------------

Command Line: -agentlib:jdwp=transport=dt_socket,server=n,suspend=y,address=127.0.0.1:58128 -javaagent:C:\Users\Donni\.gradle\caches\modules-2\files-2.1\org.jetbrains.kotlinx\kotlinx-coroutines-core-jvm\1.6.0\f3b8fd26c2e76d2f18cbc36aacb6e349fcb9fd5f\kotlinx-coroutines-core-jvm-1.6.0.jar -Dfile.encoding=windows-1252 -Duser.country=US -Duser.language=en -Duser.variant -ea com.piggyplugins.PluginTester

Host: 11th Gen Intel(R) Core(TM) i5-1145G7 @ 2.60GHz, 8 cores, 15G,  Windows 11 , 64 bit Build 22621 (10.0.22621.2506)
Time: Fri Feb  9 20:51:01 2024 Mountain Standard Time elapsed time: 25.274322 seconds (0d 0h 0m 25s)

---------------  T H R E A D  ---------------

Current thread (0x00000240d62ea800):  JavaThread "C1 CompilerThread0" daemon [_thread_in_native, id=4104, stack(0x000000b982400000,0x000000b982500000)]


Current CompileTask:
C1:  25274 10788 %     3       org.bouncycastle.math.raw.Nat256::mul @ 292 (637 bytes)

Stack: [0x000000b982400000,0x000000b982500000]
Native frames: (J=compiled Java code, j=interpreted, Vv=VM code, C=native code)
V  [jvm.dll+0x64585a]
V  [jvm.dll+0x7d9bb9]
V  [jvm.dll+0x7db2b9]
V  [jvm.dll+0x7db957]
V  [jvm.dll+0x26941c]
V  [jvm.dll+0x269363]
V  [jvm.dll+0x1760a9]
V  [jvm.dll+0x171ea4]
V  [jvm.dll+0x168c0e]
V  [jvm.dll+0x1552d0]
V  [jvm.dll+0x13c659]
V  [jvm.dll+0x13bf8f]
V  [jvm.dll+0x13c1c4]
V  [jvm.dll+0x13b512]
V  [jvm.dll+0x13d3ac]
V  [jvm.dll+0x2305e9]
V  [jvm.dll+0x22e75f]
V  [jvm.dll+0x79ae51]
V  [jvm.dll+0x793b24]
V  [jvm.dll+0x644615]
C  [ucrtbase.dll+0x29363]
C  [KERNEL32.DLL+0x1257d]
C  [ntdll.dll+0x5aa58]


---------------  P R O C E S S  ---------------

Threads class SMR info:
_java_thread_list=0x00000240d989d270, length=41, elements={
0x00000240d6286000, 0x00000240d6287000, 0x00000240d62e2800, 0x00000240d62e4000,
0x00000240d62e6000, 0x00000240d62e9800, 0x00000240d62ea800, 0x00000240d62ec000,
0x00000240d6260800, 0x00000240d65de000, 0x00000240d672c000, 0x00000240d65cd800,
0x00000240d6d51800, 0x00000240d77ae800, 0x00000240d77af000, 0x00000240d7d84800,
0x00000240d7c9b800, 0x00000240d7c86800, 0x00000240d7c4f800, 0x00000240d970a800,
0x00000240d677e800, 0x00000240d7ca5000, 0x00000240d7ca9000, 0x00000240d7ca8000,
0x00000240d7ca9800, 0x00000240d7ca5800, 0x00000240d7ca6800, 0x00000240d7ca4000,
0x00000240d7ca7800, 0x00000240dc81e000, 0x00000240dc81b800, 0x00000240dc81e800,
0x00000240dc81f800, 0x00000240dc822000, 0x00000240dc81c000, 0x00000240dc825000,
0x00000240dc822800, 0x00000240dc81d000, 0x00000240e47fa800, 0x00000240e47fc800,
0x00000240dc82a000
}

Java Threads: ( => current thread )
  0x00000240d6286000 JavaThread "Reference Handler" daemon [_thread_blocked, id=16260, stack(0x000000b981e00000,0x000000b981f00000)]
  0x00000240d6287000 JavaThread "Finalizer" daemon [_thread_blocked, id=8076, stack(0x000000b981f00000,0x000000b982000000)]
  0x00000240d62e2800 JavaThread "Signal Dispatcher" daemon [_thread_blocked, id=4728, stack(0x000000b982000000,0x000000b982100000)]
  0x00000240d62e4000 JavaThread "Attach Listener" daemon [_thread_blocked, id=15324, stack(0x000000b982100000,0x000000b982200000)]
  0x00000240d62e6000 JavaThread "Service Thread" daemon [_thread_blocked, id=14812, stack(0x000000b982200000,0x000000b982300000)]
  0x00000240d62e9800 JavaThread "C2 CompilerThread0" daemon [_thread_in_native, id=1032, stack(0x000000b982300000,0x000000b982400000)]
=>0x00000240d62ea800 JavaThread "C1 CompilerThread0" daemon [_thread_in_native, id=4104, stack(0x000000b982400000,0x000000b982500000)]
  0x00000240d62ec000 JavaThread "Sweeper thread" daemon [_thread_blocked, id=9760, stack(0x000000b982500000,0x000000b982600000)]
  0x00000240d6260800 JavaThread "Common-Cleaner" daemon [_thread_blocked, id=11128, stack(0x000000b982600000,0x000000b982700000)]
  0x00000240d65de000 JavaThread "JDWP Transport Listener: dt_socket" daemon [_thread_blocked, id=5080, stack(0x000000b982800000,0x000000b982900000)]
  0x00000240d672c000 JavaThread "JDWP Event Helper Thread" daemon [_thread_blocked, id=12676, stack(0x000000b982900000,0x000000b982a00000)]
  0x00000240d65cd800 JavaThread "JDWP Command Reader" daemon [_thread_in_native, id=14332, stack(0x000000b982a00000,0x000000b982b00000)]
  0x00000240d6d51800 JavaThread "Coroutines Debugger Cleaner" daemon [_thread_blocked, id=14472, stack(0x000000b982b00000,0x000000b982c00000)]
  0x00000240d77ae800 JavaThread "Java2D Disposer" daemon [_thread_blocked, id=14564, stack(0x000000b983600000,0x000000b983700000)]
  0x00000240d77af000 JavaThread "AWT-Shutdown" [_thread_blocked, id=12188, stack(0x000000b983700000,0x000000b983800000)]
  0x00000240d7d84800 JavaThread "AWT-Windows" daemon [_thread_in_native, id=14952, stack(0x000000b983800000,0x000000b983900000)]
  0x00000240d7c9b800 JavaThread "AWT-EventQueue-0" [_thread_blocked, id=2776, stack(0x000000b983a00000,0x000000b983b00000)]
  0x00000240d7c86800 JavaThread "TimerQueue" daemon [_thread_blocked, id=9572, stack(0x000000b983b00000,0x000000b983c00000)]
  0x00000240d7c4f800 JavaThread "OkHttp Dispatcher" [_thread_blocked, id=5220, stack(0x000000b983c00000,0x000000b983d00000)]
  0x00000240d970a800 JavaThread "OkHttp static.runelite.net Writer" [_thread_blocked, id=15052, stack(0x000000b983400000,0x000000b983500000)]
  0x00000240d677e800 JavaThread "OkHttp static.runelite.net" [_thread_in_native, id=5292, stack(0x000000b983f00000,0x000000b984000000)]
  0x00000240d7ca5000 JavaThread "OkHttp ConnectionPool" daemon [_thread_blocked, id=656, stack(0x000000b984000000,0x000000b984100000)]
  0x00000240d7ca9000 JavaThread "Okio Watchdog" daemon [_thread_blocked, id=5356, stack(0x000000b984100000,0x000000b984200000)]
  0x00000240d7ca8000 JavaThread "OkHttp Http2Connection" daemon [_thread_blocked, id=8292, stack(0x000000b982700000,0x000000b982800000)]
  0x00000240d7ca9800 JavaThread "pool-2-thread-1" [_thread_blocked, id=14676, stack(0x000000b984700000,0x000000b984800000)]
  0x00000240d7ca5800 JavaThread "Thread-2" daemon [_thread_blocked, id=6588, stack(0x000000b983d00000,0x000000b983e00000)]
  0x00000240d7ca6800 JavaThread "Client" daemon [_thread_blocked, id=14948, stack(0x000000b984800000,0x000000b984900000)]
  0x00000240d7ca4000 JavaThread "Thread-4" daemon [_thread_in_native, id=8028, stack(0x000000b984500000,0x000000b984600000)]
  0x00000240d7ca7800 JavaThread "Thread-5" daemon [_thread_in_native, id=15100, stack(0x000000b984a00000,0x000000b984b00000)]
  0x00000240dc81e000 JavaThread "Thread-6" daemon [_thread_blocked, id=168, stack(0x000000b984b00000,0x000000b984c00000)]
  0x00000240dc81b800 JavaThread "cache io" daemon [_thread_blocked, id=6056, stack(0x000000b984c00000,0x000000b984d00000)]
  0x00000240dc81e800 JavaThread "Java Sound Event Dispatcher" daemon [_thread_blocked, id=14644, stack(0x000000b984f00000,0x000000b985000000)]
  0x00000240dc81f800 JavaThread "Sound Engine" [_thread_blocked, id=10056, stack(0x000000b985300000,0x000000b985400000)]
  0x00000240dc822000 JavaThread "Thread-8" daemon [_thread_blocked, id=2336, stack(0x000000b985600000,0x000000b985700000)]
  0x00000240dc81c000 JavaThread "pool-5-thread-1" [_thread_in_native, id=15632, stack(0x000000b985900000,0x000000b985a00000)]
  0x00000240dc825000 JavaThread "DestroyJavaVM" [_thread_blocked, id=12812, stack(0x000000b981700000,0x000000b981800000)]
  0x00000240dc822800 JavaThread "Thread-10" daemon [_thread_in_native, id=8924, stack(0x000000b984200000,0x000000b984300000)]
  0x00000240dc81d000 JavaThread "Thread-11" daemon [_thread_blocked, id=5728, stack(0x000000b984600000,0x000000b984700000)]
  0x00000240e47fa800 JavaThread "C2 CompilerThread1" daemon [_thread_in_native, id=9948, stack(0x000000b985500000,0x000000b985600000)]
  0x00000240e47fc800 JavaThread "C2 CompilerThread2" daemon [_thread_in_native, id=3484, stack(0x000000b985800000,0x000000b985900000)]
  0x00000240dc82a000 JavaThread "crmsession-rest-request-1" daemon [_thread_in_native, id=2728, stack(0x000000b985b00000,0x000000b985c00000)]

Other Threads:
  0x00000240d6282000 VMThread "VM Thread" [stack: 0x000000b981d00000,0x000000b981e00000] [id=4644]
  0x00000240d6ced000 WatcherThread [stack: 0x000000b982c00000,0x000000b982d00000] [id=11948]
  0x00000240b1e61800 GCTaskThread "GC Thread#0" [stack: 0x000000b981800000,0x000000b981900000] [id=15660]
  0x00000240d733e800 GCTaskThread "GC Thread#1" [stack: 0x000000b982d00000,0x000000b982e00000] [id=9800]
  0x00000240d7973000 GCTaskThread "GC Thread#2" [stack: 0x000000b982e00000,0x000000b982f00000] [id=15944]
  0x00000240d7974000 GCTaskThread "GC Thread#3" [stack: 0x000000b982f00000,0x000000b983000000] [id=13424]
  0x00000240d7441800 GCTaskThread "GC Thread#4" [stack: 0x000000b983000000,0x000000b983100000] [id=14360]
  0x00000240d7442800 GCTaskThread "GC Thread#5" [stack: 0x000000b983100000,0x000000b983200000] [id=11628]
  0x00000240d9147000 GCTaskThread "GC Thread#6" [stack: 0x000000b984300000,0x000000b984400000] [id=10672]
  0x00000240d9755800 GCTaskThread "GC Thread#7" [stack: 0x000000b984400000,0x000000b984500000] [id=15140]
  0x00000240b1ebd000 ConcurrentGCThread "G1 Main Marker" [stack: 0x000000b981900000,0x000000b981a00000] [id=15136]
  0x00000240b1ebe000 ConcurrentGCThread "G1 Conc#0" [stack: 0x000000b981a00000,0x000000b981b00000] [id=10200]
  0x00000240d91b6000 ConcurrentGCThread "G1 Conc#1" [stack: 0x000000b983900000,0x000000b983a00000] [id=2976]
  0x00000240d58c7000 ConcurrentGCThread "G1 Refine#0" [stack: 0x000000b981b00000,0x000000b981c00000] [id=13388]
  0x00000240d6c88000 ConcurrentGCThread "G1 Refine#1" [stack: 0x000000b983200000,0x000000b983300000] [id=14800]
  0x00000240d66f7800 ConcurrentGCThread "G1 Refine#2" [stack: 0x000000b983300000,0x000000b983400000] [id=12112]
  0x00000240d58c8000 ConcurrentGCThread "G1 Young RemSet Sampling" [stack: 0x000000b981c00000,0x000000b981d00000] [id=8820]

Threads with active compile tasks:
C2 CompilerThread0    25287 10501   !   4       jt::af (4395 bytes)
C1 CompilerThread0    25287 10788 %     3       org.bouncycastle.math.raw.Nat256::mul @ 292 (637 bytes)
C2 CompilerThread1    25287 10666 %     4       km::cj @ 1450 (2177 bytes)
C2 CompilerThread2    25287 10669 %     4       km::af @ 222 (2322 bytes)

VM state:not at safepoint (normal execution)

VM Mutex/Monitor currently owned by a thread: None

Heap address: 0x0000000704800000, size: 4024 MB, Compressed Oops mode: Zero based, Oop shift amount: 3
Narrow klass base: 0x0000000800000000, Narrow klass shift: 0
Compressed class space size: 1073741824 Address: 0x0000000800000000

Heap:
 garbage-first heap   total 390144K, used 281063K [0x0000000704800000, 0x0000000800000000)
  region size 1024K, 125 young (128000K), 12 survivors (12288K)
 Metaspace       used 88479K, capacity 91518K, committed 91812K, reserved 1130496K
  class space    used 9224K, capacity 10484K, committed 10536K, reserved 1048576K
Heap Regions: E=young(eden), S=young(survivor), O=old, HS=humongous(starts), HC=humongous(continues), CS=collection set, F=free, A=archive, TAMS=top-at-mark-start (previous, next)
|   0|0x0000000704800000, 0x0000000704900000, 0x0000000704900000|100%| O|  |TAMS 0x0000000704900000, 0x0000000704800000| Untracked 
|   1|0x0000000704900000, 0x0000000704a00000, 0x0000000704a00000|100%| O|  |TAMS 0x0000000704a00000, 0x0000000704900000| Untracked 
|   2|0x0000000704a00000, 0x0000000704b00000, 0x0000000704b00000|100%| O|  |TAMS 0x0000000704b00000, 0x0000000704a00000| Untracked 
|   3|0x0000000704b00000, 0x0000000704c00000, 0x0000000704c00000|100%| O|  |TAMS 0x0000000704c00000, 0x0000000704b00000| Untracked 
|   4|0x0000000704c00000, 0x0000000704d00000, 0x0000000704d00000|100%| O|  |TAMS 0x0000000704d00000, 0x0000000704c00000| Untracked 
|   5|0x0000000704d00000, 0x0000000704e00000, 0x0000000704e00000|100%| O|  |TAMS 0x0000000704e00000, 0x0000000704d00000| Untracked 
|   6|0x0000000704e00000, 0x0000000704f00000, 0x0000000704f00000|100%| O|  |TAMS 0x0000000704f00000, 0x0000000704e00000| Untracked 
|   7|0x0000000704f00000, 0x0000000705000000, 0x0000000705000000|100%|HS|  |TAMS 0x0000000705000000, 0x0000000704f00000| Complete 
|   8|0x0000000705000000, 0x0000000705100000, 0x0000000705100000|100%|HC|  |TAMS 0x0000000705100000, 0x0000000705000000| Complete 
|   9|0x0000000705100000, 0x0000000705200000, 0x0000000705200000|100%|HC|  |TAMS 0x0000000705200000, 0x0000000705100000| Complete 
|  10|0x0000000705200000, 0x0000000705300000, 0x0000000705300000|100%| O|  |TAMS 0x0000000705200000, 0x0000000705200000| Untracked 
|  11|0x0000000705300000, 0x0000000705400000, 0x0000000705400000|100%| O|  |TAMS 0x0000000705300000, 0x0000000705300000| Untracked 
|  12|0x0000000705400000, 0x0000000705500000, 0x0000000705500000|100%| O|  |TAMS 0x0000000705500000, 0x0000000705400000| Untracked 
|  13|0x0000000705500000, 0x0000000705600000, 0x0000000705600000|100%| O|  |TAMS 0x0000000705600000, 0x0000000705500000| Untracked 
|  14|0x0000000705600000, 0x0000000705700000, 0x0000000705700000|100%| O|  |TAMS 0x0000000705700000, 0x0000000705600000| Untracked 
|  15|0x0000000705700000, 0x0000000705800000, 0x0000000705800000|100%| O|  |TAMS 0x0000000705800000, 0x0000000705700000| Untracked 
|  16|0x0000000705800000, 0x0000000705900000, 0x0000000705900000|100%| O|  |TAMS 0x0000000705900000, 0x0000000705800000| Untracked 
|  17|0x0000000705900000, 0x0000000705a00000, 0x0000000705a00000|100%|HS|  |TAMS 0x0000000705a00000, 0x0000000705900000| Complete 
|  18|0x0000000705a00000, 0x0000000705b00000, 0x0000000705b00000|100%|HC|  |TAMS 0x0000000705b00000, 0x0000000705a00000| Complete 
|  19|0x0000000705b00000, 0x0000000705c00000, 0x0000000705c00000|100%|HS|  |TAMS 0x0000000705c00000, 0x0000000705b00000| Complete 
|  20|0x0000000705c00000, 0x0000000705d00000, 0x0000000705d00000|100%|HC|  |TAMS 0x0000000705d00000, 0x0000000705c00000| Complete 
|  21|0x0000000705d00000, 0x0000000705e00000, 0x0000000705e00000|100%|HS|  |TAMS 0x0000000705e00000, 0x0000000705d00000| Complete 
|  22|0x0000000705e00000, 0x0000000705f00000, 0x0000000705f00000|100%|HC|  |TAMS 0x0000000705f00000, 0x0000000705e00000| Complete 
|  23|0x0000000705f00000, 0x0000000706000000, 0x0000000706000000|100%|HS|  |TAMS 0x0000000706000000, 0x0000000705f00000| Complete 
|  24|0x0000000706000000, 0x0000000706100000, 0x0000000706100000|100%|HC|  |TAMS 0x0000000706100000, 0x0000000706000000| Complete 
|  25|0x0000000706100000, 0x0000000706200000, 0x0000000706200000|100%|HS|  |TAMS 0x0000000706200000, 0x0000000706100000| Complete 
|  26|0x0000000706200000, 0x0000000706300000, 0x0000000706300000|100%|HC|  |TAMS 0x0000000706300000, 0x0000000706200000| Complete 
|  27|0x0000000706300000, 0x0000000706400000, 0x0000000706400000|100%|HS|  |TAMS 0x0000000706400000, 0x0000000706300000| Complete 
|  28|0x0000000706400000, 0x0000000706500000, 0x0000000706500000|100%|HC|  |TAMS 0x0000000706500000, 0x0000000706400000| Complete 
|  29|0x0000000706500000, 0x0000000706600000, 0x0000000706600000|100%|HS|  |TAMS 0x0000000706600000, 0x0000000706500000| Complete 
|  30|0x0000000706600000, 0x0000000706700000, 0x0000000706700000|100%|HC|  |TAMS 0x0000000706700000, 0x0000000706600000| Complete 
|  31|0x0000000706700000, 0x0000000706800000, 0x0000000706800000|100%|HS|  |TAMS 0x0000000706800000, 0x0000000706700000| Complete 
|  32|0x0000000706800000, 0x0000000706900000, 0x0000000706900000|100%|HC|  |TAMS 0x0000000706900000, 0x0000000706800000| Complete 
|  33|0x0000000706900000, 0x0000000706a00000, 0x0000000706a00000|100%|HC|  |TAMS 0x0000000706a00000, 0x0000000706900000| Complete 
|  34|0x0000000706a00000, 0x0000000706b00000, 0x0000000706b00000|100%|HC|  |TAMS 0x0000000706b00000, 0x0000000706a00000| Complete 
|  35|0x0000000706b00000, 0x0000000706c00000, 0x0000000706c00000|100%|HC|  |TAMS 0x0000000706c00000, 0x0000000706b00000| Complete 
|  36|0x0000000706c00000, 0x0000000706d00000, 0x0000000706d00000|100%|HC|  |TAMS 0x0000000706d00000, 0x0000000706c00000| Complete 
|  37|0x0000000706d00000, 0x0000000706e00000, 0x0000000706e00000|100%|HS|  |TAMS 0x0000000706e00000, 0x0000000706d00000| Complete 
|  38|0x0000000706e00000, 0x0000000706f00000, 0x0000000706f00000|100%|HC|  |TAMS 0x0000000706f00000, 0x0000000706e00000| Complete 
|  39|0x0000000706f00000, 0x0000000707000000, 0x0000000707000000|100%|HS|  |TAMS 0x0000000707000000, 0x0000000706f00000| Complete 
|  40|0x0000000707000000, 0x0000000707100000, 0x0000000707100000|100%|HC|  |TAMS 0x0000000707100000, 0x0000000707000000| Complete 
|  41|0x0000000707100000, 0x0000000707200000, 0x0000000707200000|100%|HS|  |TAMS 0x0000000707200000, 0x0000000707100000| Complete 
|  42|0x0000000707200000, 0x0000000707300000, 0x0000000707300000|100%|HC|  |TAMS 0x0000000707300000, 0x0000000707200000| Complete 
|  43|0x0000000707300000, 0x0000000707400000, 0x0000000707400000|100%| O|  |TAMS 0x0000000707400000, 0x0000000707300000| Untracked 
|  44|0x0000000707400000, 0x0000000707500000, 0x0000000707500000|100%| O|  |TAMS 0x0000000707400000, 0x0000000707400000| Untracked 
|  45|0x0000000707500000, 0x0000000707600000, 0x0000000707600000|100%|HS|  |TAMS 0x0000000707500000, 0x0000000707500000| Complete 
|  46|0x0000000707600000, 0x0000000707700000, 0x0000000707700000|100%|HS|  |TAMS 0x0000000707600000, 0x0000000707600000| Complete 
|  47|0x0000000707700000, 0x0000000707800000, 0x0000000707800000|100%| O|  |TAMS 0x0000000707700000, 0x0000000707700000| Untracked 
|  48|0x0000000707800000, 0x0000000707900000, 0x0000000707900000|100%| O|  |TAMS 0x0000000707900000, 0x0000000707800000| Untracked 
|  49|0x0000000707900000, 0x0000000707a00000, 0x0000000707a00000|100%| O|  |TAMS 0x0000000707a00000, 0x0000000707900000| Untracked 
|  50|0x0000000707a00000, 0x0000000707b00000, 0x0000000707b00000|100%| O|  |TAMS 0x0000000707b00000, 0x0000000707a00000| Untracked 
|  51|0x0000000707b00000, 0x0000000707c00000, 0x0000000707c00000|100%| O|  |TAMS 0x0000000707c00000, 0x0000000707b00000| Untracked 
|  52|0x0000000707c00000, 0x0000000707d00000, 0x0000000707d00000|100%| O|  |TAMS 0x0000000707d00000, 0x0000000707c00000| Untracked 
|  53|0x0000000707d00000, 0x0000000707e00000, 0x0000000707e00000|100%| O|  |TAMS 0x0000000707e00000, 0x0000000707d00000| Untracked 
|  54|0x0000000707e00000, 0x0000000707f00000, 0x0000000707f00000|100%| O|  |TAMS 0x0000000707f00000, 0x0000000707e00000| Untracked 
|  55|0x0000000707f00000, 0x0000000708000000, 0x0000000708000000|100%| O|  |TAMS 0x0000000708000000, 0x0000000707f00000| Untracked 
|  56|0x0000000708000000, 0x0000000708100000, 0x0000000708100000|100%| O|  |TAMS 0x0000000708100000, 0x0000000708000000| Untracked 
|  57|0x0000000708100000, 0x0000000708200000, 0x0000000708200000|100%| O|  |TAMS 0x0000000708200000, 0x0000000708100000| Untracked 
|  58|0x0000000708200000, 0x0000000708300000, 0x0000000708300000|100%| O|  |TAMS 0x0000000708300000, 0x0000000708200000| Untracked 
|  59|0x0000000708300000, 0x0000000708400000, 0x0000000708400000|100%| O|  |TAMS 0x0000000708400000, 0x0000000708300000| Untracked 
|  60|0x0000000708400000, 0x0000000708500000, 0x0000000708500000|100%| O|  |TAMS 0x0000000708500000, 0x0000000708400000| Untracked 
|  61|0x0000000708500000, 0x0000000708600000, 0x0000000708600000|100%| O|  |TAMS 0x0000000708600000, 0x0000000708500000| Untracked 
|  62|0x0000000708600000, 0x0000000708700000, 0x0000000708700000|100%| O|  |TAMS 0x0000000708700000, 0x0000000708600000| Untracked 
|  63|0x0000000708700000, 0x0000000708800000, 0x0000000708800000|100%| O|  |TAMS 0x0000000708800000, 0x0000000708700000| Untracked 
|  64|0x0000000708800000, 0x0000000708900000, 0x0000000708900000|100%| O|  |TAMS 0x0000000708900000, 0x0000000708800000| Untracked 
|  65|0x0000000708900000, 0x0000000708a00000, 0x0000000708a00000|100%| O|  |TAMS 0x0000000708a00000, 0x0000000708900000| Untracked 
|  66|0x0000000708a00000, 0x0000000708b00000, 0x0000000708b00000|100%| O|  |TAMS 0x0000000708b00000, 0x0000000708a00000| Untracked 
|  67|0x0000000708b00000, 0x0000000708c00000, 0x0000000708c00000|100%| O|  |TAMS 0x0000000708b0d600, 0x0000000708b00000| Untracked 
|  68|0x0000000708c00000, 0x0000000708d00000, 0x0000000708d00000|100%| O|  |TAMS 0x0000000708c00000, 0x0000000708c00000| Untracked 
|  69|0x0000000708d00000, 0x0000000708e00000, 0x0000000708e00000|100%| O|  |TAMS 0x0000000708d00000, 0x0000000708d00000| Untracked 
|  70|0x0000000708e00000, 0x0000000708f00000, 0x0000000708f00000|100%| O|  |TAMS 0x0000000708e00000, 0x0000000708e00000| Untracked 
|  71|0x0000000708f00000, 0x0000000709000000, 0x0000000709000000|100%| O|  |TAMS 0x0000000708f00000, 0x0000000708f00000| Untracked 
|  72|0x0000000709000000, 0x0000000709100000, 0x0000000709100000|100%| O|  |TAMS 0x0000000709000000, 0x0000000709000000| Untracked 
|  73|0x0000000709100000, 0x0000000709200000, 0x0000000709200000|100%| O|  |TAMS 0x0000000709100000, 0x0000000709100000| Untracked 
|  74|0x0000000709200000, 0x0000000709300000, 0x0000000709300000|100%| O|  |TAMS 0x0000000709200000, 0x0000000709200000| Untracked 
|  75|0x0000000709300000, 0x0000000709400000, 0x0000000709400000|100%| O|  |TAMS 0x0000000709300000, 0x0000000709300000| Untracked 
|  76|0x0000000709400000, 0x0000000709500000, 0x0000000709500000|100%| O|  |TAMS 0x0000000709400000, 0x0000000709400000| Untracked 
|  77|0x0000000709500000, 0x0000000709600000, 0x0000000709600000|100%| O|  |TAMS 0x0000000709500000, 0x0000000709500000| Untracked 
|  78|0x0000000709600000, 0x0000000709700000, 0x0000000709700000|100%| O|  |TAMS 0x0000000709600000, 0x0000000709600000| Untracked 
|  79|0x0000000709700000, 0x0000000709800000, 0x0000000709800000|100%| O|  |TAMS 0x0000000709700000, 0x0000000709700000| Untracked 
|  80|0x0000000709800000, 0x0000000709900000, 0x0000000709900000|100%| O|  |TAMS 0x0000000709800000, 0x0000000709800000| Untracked 
|  81|0x0000000709900000, 0x0000000709a00000, 0x0000000709a00000|100%| O|  |TAMS 0x0000000709900000, 0x0000000709900000| Untracked 
|  82|0x0000000709a00000, 0x0000000709b00000, 0x0000000709b00000|100%| O|  |TAMS 0x0000000709a00000, 0x0000000709a00000| Untracked 
|  83|0x0000000709b00000, 0x0000000709c00000, 0x0000000709c00000|100%| O|  |TAMS 0x0000000709b00000, 0x0000000709b00000| Untracked 
|  84|0x0000000709c00000, 0x0000000709d00000, 0x0000000709d00000|100%| O|  |TAMS 0x0000000709c00000, 0x0000000709c00000| Untracked 
|  85|0x0000000709d00000, 0x0000000709e00000, 0x0000000709e00000|100%| O|  |TAMS 0x0000000709d00000, 0x0000000709d00000| Untracked 
|  86|0x0000000709e00000, 0x0000000709f00000, 0x0000000709f00000|100%| O|  |TAMS 0x0000000709e00000, 0x0000000709e00000| Untracked 
|  87|0x0000000709f00000, 0x000000070a000000, 0x000000070a000000|100%| O|  |TAMS 0x0000000709f00000, 0x0000000709f00000| Untracked 
|  88|0x000000070a000000, 0x000000070a100000, 0x000000070a100000|100%| O|  |TAMS 0x000000070a000000, 0x000000070a000000| Untracked 
|  89|0x000000070a100000, 0x000000070a200000, 0x000000070a200000|100%| O|  |TAMS 0x000000070a100000, 0x000000070a100000| Untracked 
|  90|0x000000070a200000, 0x000000070a300000, 0x000000070a300000|100%| O|  |TAMS 0x000000070a200000, 0x000000070a200000| Untracked 
|  91|0x000000070a300000, 0x000000070a400000, 0x000000070a400000|100%| O|  |TAMS 0x000000070a300000, 0x000000070a300000| Untracked 
|  92|0x000000070a400000, 0x000000070a500000, 0x000000070a500000|100%| O|  |TAMS 0x000000070a400000, 0x000000070a400000| Untracked 
|  93|0x000000070a500000, 0x000000070a600000, 0x000000070a600000|100%| O|  |TAMS 0x000000070a500000, 0x000000070a500000| Untracked 
|  94|0x000000070a600000, 0x000000070a700000, 0x000000070a700000|100%| O|  |TAMS 0x000000070a600000, 0x000000070a600000| Untracked 
|  95|0x000000070a700000, 0x000000070a800000, 0x000000070a800000|100%| O|  |TAMS 0x000000070a700000, 0x000000070a700000| Untracked 
|  96|0x000000070a800000, 0x000000070a900000, 0x000000070a900000|100%| O|  |TAMS 0x000000070a800000, 0x000000070a800000| Untracked 
|  97|0x000000070a900000, 0x000000070aa00000, 0x000000070aa00000|100%| O|  |TAMS 0x000000070a900000, 0x000000070a900000| Untracked 
|  98|0x000000070aa00000, 0x000000070ab00000, 0x000000070ab00000|100%| O|  |TAMS 0x000000070aa00000, 0x000000070aa00000| Untracked 
|  99|0x000000070ab00000, 0x000000070ac00000, 0x000000070ac00000|100%| O|  |TAMS 0x000000070ab00000, 0x000000070ab00000| Untracked 
| 100|0x000000070ac00000, 0x000000070ad00000, 0x000000070ad00000|100%| O|  |TAMS 0x000000070ac00000, 0x000000070ac00000| Untracked 
| 101|0x000000070ad00000, 0x000000070ae00000, 0x000000070ae00000|100%| O|  |TAMS 0x000000070ad00000, 0x000000070ad00000| Untracked 
| 102|0x000000070ae00000, 0x000000070af00000, 0x000000070af00000|100%| O|  |TAMS 0x000000070ae00000, 0x000000070ae00000| Untracked 
| 103|0x000000070af00000, 0x000000070b000000, 0x000000070b000000|100%| O|  |TAMS 0x000000070af00000, 0x000000070af00000| Untracked 
| 104|0x000000070b000000, 0x000000070b100000, 0x000000070b100000|100%| O|  |TAMS 0x000000070b000000, 0x000000070b000000| Untracked 
| 105|0x000000070b100000, 0x000000070b200000, 0x000000070b200000|100%| O|  |TAMS 0x000000070b100000, 0x000000070b100000| Untracked 
| 106|0x000000070b200000, 0x000000070b300000, 0x000000070b300000|100%| O|  |TAMS 0x000000070b200000, 0x000000070b200000| Untracked 
| 107|0x000000070b300000, 0x000000070b400000, 0x000000070b400000|100%| O|  |TAMS 0x000000070b300000, 0x000000070b300000| Untracked 
| 108|0x000000070b400000, 0x000000070b500000, 0x000000070b500000|100%| O|  |TAMS 0x000000070b400000, 0x000000070b400000| Untracked 
| 109|0x000000070b500000, 0x000000070b600000, 0x000000070b600000|100%| O|  |TAMS 0x000000070b500000, 0x000000070b500000| Untracked 
| 110|0x000000070b600000, 0x000000070b700000, 0x000000070b700000|100%| O|  |TAMS 0x000000070b600000, 0x000000070b600000| Untracked 
| 111|0x000000070b700000, 0x000000070b800000, 0x000000070b800000|100%| O|  |TAMS 0x000000070b700000, 0x000000070b700000| Untracked 
| 112|0x000000070b800000, 0x000000070b900000, 0x000000070b900000|100%| O|  |TAMS 0x000000070b800000, 0x000000070b800000| Untracked 
| 113|0x000000070b900000, 0x000000070ba00000, 0x000000070ba00000|100%|HS|  |TAMS 0x000000070b900000, 0x000000070b900000| Complete 
| 114|0x000000070ba00000, 0x000000070bb00000, 0x000000070bb00000|100%|HC|  |TAMS 0x000000070ba00000, 0x000000070ba00000| Complete 
| 115|0x000000070bb00000, 0x000000070bc00000, 0x000000070bc00000|100%|HS|  |TAMS 0x000000070bb00000, 0x000000070bb00000| Complete 
| 116|0x000000070bc00000, 0x000000070bd00000, 0x000000070bd00000|100%|HC|  |TAMS 0x000000070bc00000, 0x000000070bc00000| Complete 
| 117|0x000000070bd00000, 0x000000070be00000, 0x000000070be00000|100%|HC|  |TAMS 0x000000070bd00000, 0x000000070bd00000| Complete 
| 118|0x000000070be00000, 0x000000070bf00000, 0x000000070bf00000|100%|HC|  |TAMS 0x000000070be00000, 0x000000070be00000| Complete 
| 119|0x000000070bf00000, 0x000000070c000000, 0x000000070c000000|100%|HS|  |TAMS 0x000000070bf00000, 0x000000070bf00000| Complete 
| 120|0x000000070c000000, 0x000000070c100000, 0x000000070c100000|100%|HC|  |TAMS 0x000000070c000000, 0x000000070c000000| Complete 
| 121|0x000000070c100000, 0x000000070c200000, 0x000000070c200000|100%| O|  |TAMS 0x000000070c100000, 0x000000070c100000| Untracked 
| 122|0x000000070c200000, 0x000000070c300000, 0x000000070c300000|100%| O|  |TAMS 0x000000070c200000, 0x000000070c200000| Untracked 
| 123|0x000000070c300000, 0x000000070c400000, 0x000000070c400000|100%| O|  |TAMS 0x000000070c300000, 0x000000070c300000| Untracked 
| 124|0x000000070c400000, 0x000000070c500000, 0x000000070c500000|100%| O|  |TAMS 0x000000070c400000, 0x000000070c400000| Untracked 
| 125|0x000000070c500000, 0x000000070c5ed600, 0x000000070c600000| 92%| O|  |TAMS 0x000000070c500000, 0x000000070c500000| Untracked 
| 126|0x000000070c600000, 0x000000070c700000, 0x000000070c700000|100%|HS|  |TAMS 0x000000070c600000, 0x000000070c600000| Complete 
| 127|0x000000070c700000, 0x000000070c800000, 0x000000070c800000|100%|HC|  |TAMS 0x000000070c700000, 0x000000070c700000| Complete 
| 128|0x000000070c800000, 0x000000070c900000, 0x000000070c900000|100%|HS|  |TAMS 0x000000070c800000, 0x000000070c800000| Complete 
| 129|0x000000070c900000, 0x000000070ca00000, 0x000000070ca00000|100%|HC|  |TAMS 0x000000070c900000, 0x000000070c900000| Complete 
| 130|0x000000070ca00000, 0x000000070cb00000, 0x000000070cb00000|100%|HS|  |TAMS 0x000000070ca00000, 0x000000070ca00000| Complete 
| 131|0x000000070cb00000, 0x000000070cc00000, 0x000000070cc00000|100%|HC|  |TAMS 0x000000070cb00000, 0x000000070cb00000| Complete 
| 132|0x000000070cc00000, 0x000000070cd00000, 0x000000070cd00000|100%|HS|  |TAMS 0x000000070cc00000, 0x000000070cc00000| Complete 
| 133|0x000000070cd00000, 0x000000070ce00000, 0x000000070ce00000|100%|HC|  |TAMS 0x000000070cd00000, 0x000000070cd00000| Complete 
| 134|0x000000070ce00000, 0x000000070cf00000, 0x000000070cf00000|100%|HS|  |TAMS 0x000000070ce00000, 0x000000070ce00000| Complete 
| 135|0x000000070cf00000, 0x000000070d000000, 0x000000070d000000|100%|HC|  |TAMS 0x000000070cf00000, 0x000000070cf00000| Complete 
| 136|0x000000070d000000, 0x000000070d100000, 0x000000070d100000|100%|HS|  |TAMS 0x000000070d000000, 0x000000070d000000| Complete 
| 137|0x000000070d100000, 0x000000070d200000, 0x000000070d200000|100%|HC|  |TAMS 0x000000070d100000, 0x000000070d100000| Complete 
| 138|0x000000070d200000, 0x000000070d300000, 0x000000070d300000|100%|HS|  |TAMS 0x000000070d200000, 0x000000070d200000| Complete 
| 139|0x000000070d300000, 0x000000070d400000, 0x000000070d400000|100%|HC|  |TAMS 0x000000070d300000, 0x000000070d300000| Complete 
| 140|0x000000070d400000, 0x000000070d500000, 0x000000070d500000|100%|HC|  |TAMS 0x000000070d400000, 0x000000070d400000| Complete 
| 141|0x000000070d500000, 0x000000070d600000, 0x000000070d600000|100%|HC|  |TAMS 0x000000070d500000, 0x000000070d500000| Complete 
| 142|0x000000070d600000, 0x000000070d700000, 0x000000070d700000|100%|HC|  |TAMS 0x000000070d600000, 0x000000070d600000| Complete 
| 143|0x000000070d700000, 0x000000070d800000, 0x000000070d800000|100%|HC|  |TAMS 0x000000070d700000, 0x000000070d700000| Complete 
| 144|0x000000070d800000, 0x000000070d900000, 0x000000070d900000|100%|HS|  |TAMS 0x000000070d800000, 0x000000070d800000| Complete 
| 145|0x000000070d900000, 0x000000070da00000, 0x000000070da00000|100%|HC|  |TAMS 0x000000070d900000, 0x000000070d900000| Complete 
| 146|0x000000070da00000, 0x000000070db00000, 0x000000070db00000|100%|HS|  |TAMS 0x000000070da00000, 0x000000070da00000| Complete 
| 147|0x000000070db00000, 0x000000070dc00000, 0x000000070dc00000|100%|HS|  |TAMS 0x000000070db00000, 0x000000070db00000| Complete 
| 148|0x000000070dc00000, 0x000000070dd00000, 0x000000070dd00000|100%|HC|  |TAMS 0x000000070dc00000, 0x000000070dc00000| Complete 
| 149|0x000000070dd00000, 0x000000070de00000, 0x000000070de00000|100%|HS|  |TAMS 0x000000070dd00000, 0x000000070dd00000| Complete 
| 150|0x000000070de00000, 0x000000070df00000, 0x000000070df00000|100%|HS|  |TAMS 0x000000070de00000, 0x000000070de00000| Complete 
| 151|0x000000070df00000, 0x000000070e000000, 0x000000070e000000|100%|HS|  |TAMS 0x000000070df00000, 0x000000070df00000| Complete 
| 152|0x000000070e000000, 0x000000070e000000, 0x000000070e100000|  0%| F|  |TAMS 0x000000070e000000, 0x000000070e000000| Untracked 
| 153|0x000000070e100000, 0x000000070e100000, 0x000000070e200000|  0%| F|  |TAMS 0x000000070e100000, 0x000000070e100000| Untracked 
| 154|0x000000070e200000, 0x000000070e200000, 0x000000070e300000|  0%| F|  |TAMS 0x000000070e200000, 0x000000070e200000| Untracked 
| 155|0x000000070e300000, 0x000000070e300000, 0x000000070e400000|  0%| F|  |TAMS 0x000000070e300000, 0x000000070e300000| Untracked 
| 156|0x000000070e400000, 0x000000070e400000, 0x000000070e500000|  0%| F|  |TAMS 0x000000070e400000, 0x000000070e400000| Untracked 
| 157|0x000000070e500000, 0x000000070e500000, 0x000000070e600000|  0%| F|  |TAMS 0x000000070e500000, 0x000000070e500000| Untracked 
| 158|0x000000070e600000, 0x000000070e600000, 0x000000070e700000|  0%| F|  |TAMS 0x000000070e600000, 0x000000070e600000| Untracked 
| 159|0x000000070e700000, 0x000000070e700000, 0x000000070e800000|  0%| F|  |TAMS 0x000000070e700000, 0x000000070e700000| Untracked 
| 160|0x000000070e800000, 0x000000070e800000, 0x000000070e900000|  0%| F|  |TAMS 0x000000070e800000, 0x000000070e800000| Untracked 
| 161|0x000000070e900000, 0x000000070e900000, 0x000000070ea00000|  0%| F|  |TAMS 0x000000070e900000, 0x000000070e900000| Untracked 
| 162|0x000000070ea00000, 0x000000070ea00000, 0x000000070eb00000|  0%| F|  |TAMS 0x000000070ea00000, 0x000000070ea00000| Untracked 
| 163|0x000000070eb00000, 0x000000070eb00000, 0x000000070ec00000|  0%| F|  |TAMS 0x000000070eb00000, 0x000000070eb00000| Untracked 
| 164|0x000000070ec00000, 0x000000070ec00000, 0x000000070ed00000|  0%| F|  |TAMS 0x000000070ec00000, 0x000000070ec00000| Untracked 
| 165|0x000000070ed00000, 0x000000070ed00000, 0x000000070ee00000|  0%| F|  |TAMS 0x000000070ed00000, 0x000000070ed00000| Untracked 
| 166|0x000000070ee00000, 0x000000070ee00000, 0x000000070ef00000|  0%| F|  |TAMS 0x000000070ee00000, 0x000000070ee00000| Untracked 
| 167|0x000000070ef00000, 0x000000070ef00000, 0x000000070f000000|  0%| F|  |TAMS 0x000000070ef00000, 0x000000070ef00000| Untracked 
| 168|0x000000070f000000, 0x000000070f000000, 0x000000070f100000|  0%| F|  |TAMS 0x000000070f000000, 0x000000070f000000| Untracked 
| 169|0x000000070f100000, 0x000000070f100000, 0x000000070f200000|  0%| F|  |TAMS 0x000000070f100000, 0x000000070f100000| Untracked 
| 170|0x000000070f200000, 0x000000070f200000, 0x000000070f300000|  0%| F|  |TAMS 0x000000070f200000, 0x000000070f200000| Untracked 
| 171|0x000000070f300000, 0x000000070f300000, 0x000000070f400000|  0%| F|  |TAMS 0x000000070f300000, 0x000000070f300000| Untracked 
| 172|0x000000070f400000, 0x000000070f400000, 0x000000070f500000|  0%| F|  |TAMS 0x000000070f400000, 0x000000070f400000| Untracked 
| 173|0x000000070f500000, 0x000000070f500000, 0x000000070f600000|  0%| F|  |TAMS 0x000000070f500000, 0x000000070f500000| Untracked 
| 174|0x000000070f600000, 0x000000070f600000, 0x000000070f700000|  0%| F|  |TAMS 0x000000070f600000, 0x000000070f600000| Untracked 
| 175|0x000000070f700000, 0x000000070f700000, 0x000000070f800000|  0%| F|  |TAMS 0x000000070f700000, 0x000000070f700000| Untracked 
| 176|0x000000070f800000, 0x000000070f800000, 0x000000070f900000|  0%| F|  |TAMS 0x000000070f800000, 0x000000070f800000| Untracked 
| 177|0x000000070f900000, 0x000000070f900000, 0x000000070fa00000|  0%| F|  |TAMS 0x000000070f900000, 0x000000070f900000| Untracked 
| 178|0x000000070fa00000, 0x000000070fa00000, 0x000000070fb00000|  0%| F|  |TAMS 0x000000070fa00000, 0x000000070fa00000| Untracked 
| 179|0x000000070fb00000, 0x000000070fb00000, 0x000000070fc00000|  0%| F|  |TAMS 0x000000070fb00000, 0x000000070fb00000| Untracked 
| 180|0x000000070fc00000, 0x000000070fc00000, 0x000000070fd00000|  0%| F|  |TAMS 0x000000070fc00000, 0x000000070fc00000| Untracked 
| 181|0x000000070fd00000, 0x000000070fd00000, 0x000000070fe00000|  0%| F|  |TAMS 0x000000070fd00000, 0x000000070fd00000| Untracked 
| 182|0x000000070fe00000, 0x000000070fe00000, 0x000000070ff00000|  0%| F|  |TAMS 0x000000070fe00000, 0x000000070fe00000| Untracked 
| 183|0x000000070ff00000, 0x000000070ff00000, 0x0000000710000000|  0%| F|  |TAMS 0x000000070ff00000, 0x000000070ff00000| Untracked 
| 184|0x0000000710000000, 0x0000000710000000, 0x0000000710100000|  0%| F|  |TAMS 0x0000000710000000, 0x0000000710000000| Untracked 
| 185|0x0000000710100000, 0x0000000710100000, 0x0000000710200000|  0%| F|  |TAMS 0x0000000710100000, 0x0000000710100000| Untracked 
| 186|0x0000000710200000, 0x0000000710200000, 0x0000000710300000|  0%| F|  |TAMS 0x0000000710200000, 0x0000000710200000| Untracked 
| 187|0x0000000710300000, 0x0000000710300000, 0x0000000710400000|  0%| F|  |TAMS 0x0000000710300000, 0x0000000710300000| Untracked 
| 188|0x0000000710400000, 0x0000000710400000, 0x0000000710500000|  0%| F|  |TAMS 0x0000000710400000, 0x0000000710400000| Untracked 
| 189|0x0000000710500000, 0x0000000710500000, 0x0000000710600000|  0%| F|  |TAMS 0x0000000710500000, 0x0000000710500000| Untracked 
| 190|0x0000000710600000, 0x0000000710600000, 0x0000000710700000|  0%| F|  |TAMS 0x0000000710600000, 0x0000000710600000| Untracked 
| 191|0x0000000710700000, 0x0000000710700000, 0x0000000710800000|  0%| F|  |TAMS 0x0000000710700000, 0x0000000710700000| Untracked 
| 192|0x0000000710800000, 0x0000000710800000, 0x0000000710900000|  0%| F|  |TAMS 0x0000000710800000, 0x0000000710800000| Untracked 
| 193|0x0000000710900000, 0x000000071098c650, 0x0000000710a00000| 54%| S|CS|TAMS 0x0000000710900000, 0x0000000710900000| Complete 
| 194|0x0000000710a00000, 0x0000000710b00000, 0x0000000710b00000|100%| S|CS|TAMS 0x0000000710a00000, 0x0000000710a00000| Complete 
| 195|0x0000000710b00000, 0x0000000710c00000, 0x0000000710c00000|100%| S|CS|TAMS 0x0000000710b00000, 0x0000000710b00000| Complete 
| 196|0x0000000710c00000, 0x0000000710d00000, 0x0000000710d00000|100%| S|CS|TAMS 0x0000000710c00000, 0x0000000710c00000| Complete 
| 197|0x0000000710d00000, 0x0000000710e00000, 0x0000000710e00000|100%| S|CS|TAMS 0x0000000710d00000, 0x0000000710d00000| Complete 
| 198|0x0000000710e00000, 0x0000000710f00000, 0x0000000710f00000|100%| S|CS|TAMS 0x0000000710e00000, 0x0000000710e00000| Complete 
| 199|0x0000000710f00000, 0x0000000711000000, 0x0000000711000000|100%| S|CS|TAMS 0x0000000710f00000, 0x0000000710f00000| Complete 
| 200|0x0000000711000000, 0x0000000711100000, 0x0000000711100000|100%| S|CS|TAMS 0x0000000711000000, 0x0000000711000000| Complete 
| 201|0x0000000711100000, 0x0000000711200000, 0x0000000711200000|100%| S|CS|TAMS 0x0000000711100000, 0x0000000711100000| Complete 
| 202|0x0000000711200000, 0x0000000711300000, 0x0000000711300000|100%| S|CS|TAMS 0x0000000711200000, 0x0000000711200000| Complete 
| 203|0x0000000711300000, 0x0000000711400000, 0x0000000711400000|100%| S|CS|TAMS 0x0000000711300000, 0x0000000711300000| Complete 
| 204|0x0000000711400000, 0x0000000711500000, 0x0000000711500000|100%| S|CS|TAMS 0x0000000711400000, 0x0000000711400000| Complete 
| 205|0x0000000711500000, 0x0000000711500000, 0x0000000711600000|  0%| F|  |TAMS 0x0000000711500000, 0x0000000711500000| Untracked 
| 206|0x0000000711600000, 0x0000000711600000, 0x0000000711700000|  0%| F|  |TAMS 0x0000000711600000, 0x0000000711600000| Untracked 
| 207|0x0000000711700000, 0x0000000711700000, 0x0000000711800000|  0%| F|  |TAMS 0x0000000711700000, 0x0000000711700000| Untracked 
| 208|0x0000000711800000, 0x0000000711800000, 0x0000000711900000|  0%| F|  |TAMS 0x0000000711800000, 0x0000000711800000| Untracked 
| 209|0x0000000711900000, 0x0000000711900000, 0x0000000711a00000|  0%| F|  |TAMS 0x0000000711900000, 0x0000000711900000| Untracked 
| 210|0x0000000711a00000, 0x0000000711a00000, 0x0000000711b00000|  0%| F|  |TAMS 0x0000000711a00000, 0x0000000711a00000| Untracked 
| 211|0x0000000711b00000, 0x0000000711b00000, 0x0000000711c00000|  0%| F|  |TAMS 0x0000000711b00000, 0x0000000711b00000| Untracked 
| 212|0x0000000711c00000, 0x0000000711c00000, 0x0000000711d00000|  0%| F|  |TAMS 0x0000000711c00000, 0x0000000711c00000| Untracked 
| 213|0x0000000711d00000, 0x0000000711d00000, 0x0000000711e00000|  0%| F|  |TAMS 0x0000000711d00000, 0x0000000711d00000| Untracked 
| 214|0x0000000711e00000, 0x0000000711e00000, 0x0000000711f00000|  0%| F|  |TAMS 0x0000000711e00000, 0x0000000711e00000| Untracked 
| 215|0x0000000711f00000, 0x0000000711f00000, 0x0000000712000000|  0%| F|  |TAMS 0x0000000711f00000, 0x0000000711f00000| Untracked 
| 216|0x0000000712000000, 0x0000000712000000, 0x0000000712100000|  0%| F|  |TAMS 0x0000000712000000, 0x0000000712000000| Untracked 
| 217|0x0000000712100000, 0x0000000712100000, 0x0000000712200000|  0%| F|  |TAMS 0x0000000712100000, 0x0000000712100000| Untracked 
| 218|0x0000000712200000, 0x0000000712200000, 0x0000000712300000|  0%| F|  |TAMS 0x0000000712200000, 0x0000000712200000| Untracked 
| 219|0x0000000712300000, 0x0000000712300000, 0x0000000712400000|  0%| F|  |TAMS 0x0000000712300000, 0x0000000712300000| Untracked 
| 220|0x0000000712400000, 0x0000000712400000, 0x0000000712500000|  0%| F|  |TAMS 0x0000000712400000, 0x0000000712400000| Untracked 
| 221|0x0000000712500000, 0x0000000712500000, 0x0000000712600000|  0%| F|  |TAMS 0x0000000712500000, 0x0000000712500000| Untracked 
| 222|0x0000000712600000, 0x0000000712600000, 0x0000000712700000|  0%| F|  |TAMS 0x0000000712600000, 0x0000000712600000| Untracked 
| 223|0x0000000712700000, 0x0000000712700000, 0x0000000712800000|  0%| F|  |TAMS 0x0000000712700000, 0x0000000712700000| Untracked 
| 224|0x0000000712800000, 0x0000000712800000, 0x0000000712900000|  0%| F|  |TAMS 0x0000000712800000, 0x0000000712800000| Untracked 
| 225|0x0000000712900000, 0x0000000712900000, 0x0000000712a00000|  0%| F|  |TAMS 0x0000000712900000, 0x0000000712900000| Untracked 
| 226|0x0000000712a00000, 0x0000000712a00000, 0x0000000712b00000|  0%| F|  |TAMS 0x0000000712a00000, 0x0000000712a00000| Untracked 
| 227|0x0000000712b00000, 0x0000000712b00000, 0x0000000712c00000|  0%| F|  |TAMS 0x0000000712b00000, 0x0000000712b00000| Untracked 
| 228|0x0000000712c00000, 0x0000000712c00000, 0x0000000712d00000|  0%| F|  |TAMS 0x0000000712c00000, 0x0000000712c00000| Untracked 
| 229|0x0000000712d00000, 0x0000000712d00000, 0x0000000712e00000|  0%| F|  |TAMS 0x0000000712d00000, 0x0000000712d00000| Untracked 
| 230|0x0000000712e00000, 0x0000000712e00000, 0x0000000712f00000|  0%| F|  |TAMS 0x0000000712e00000, 0x0000000712e00000| Untracked 
| 231|0x0000000712f00000, 0x0000000712f00000, 0x0000000713000000|  0%| F|  |TAMS 0x0000000712f00000, 0x0000000712f00000| Untracked 
| 232|0x0000000713000000, 0x0000000713000000, 0x0000000713100000|  0%| F|  |TAMS 0x0000000713000000, 0x0000000713000000| Untracked 
| 233|0x0000000713100000, 0x0000000713100000, 0x0000000713200000|  0%| F|  |TAMS 0x0000000713100000, 0x0000000713100000| Untracked 
| 234|0x0000000713200000, 0x0000000713200000, 0x0000000713300000|  0%| F|  |TAMS 0x0000000713200000, 0x0000000713200000| Untracked 
| 235|0x0000000713300000, 0x0000000713300000, 0x0000000713400000|  0%| F|  |TAMS 0x0000000713300000, 0x0000000713300000| Untracked 
| 236|0x0000000713400000, 0x0000000713400000, 0x0000000713500000|  0%| F|  |TAMS 0x0000000713400000, 0x0000000713400000| Untracked 
| 237|0x0000000713500000, 0x0000000713500000, 0x0000000713600000|  0%| F|  |TAMS 0x0000000713500000, 0x0000000713500000| Untracked 
| 238|0x0000000713600000, 0x0000000713600000, 0x0000000713700000|  0%| F|  |TAMS 0x0000000713600000, 0x0000000713600000| Untracked 
| 239|0x0000000713700000, 0x0000000713700000, 0x0000000713800000|  0%| F|  |TAMS 0x0000000713700000, 0x0000000713700000| Untracked 
| 240|0x0000000713800000, 0x0000000713800000, 0x0000000713900000|  0%| F|  |TAMS 0x0000000713800000, 0x0000000713800000| Untracked 
| 241|0x0000000713900000, 0x0000000713900000, 0x0000000713a00000|  0%| F|  |TAMS 0x0000000713900000, 0x0000000713900000| Untracked 
| 242|0x0000000713a00000, 0x0000000713a00000, 0x0000000713b00000|  0%| F|  |TAMS 0x0000000713a00000, 0x0000000713a00000| Untracked 
| 243|0x0000000713b00000, 0x0000000713b00000, 0x0000000713c00000|  0%| F|  |TAMS 0x0000000713b00000, 0x0000000713b00000| Untracked 
| 244|0x0000000713c00000, 0x0000000713c00000, 0x0000000713d00000|  0%| F|  |TAMS 0x0000000713c00000, 0x0000000713c00000| Untracked 
| 245|0x0000000713d00000, 0x0000000713d00000, 0x0000000713e00000|  0%| F|  |TAMS 0x0000000713d00000, 0x0000000713d00000| Untracked 
| 246|0x0000000713e00000, 0x0000000713e00000, 0x0000000713f00000|  0%| F|  |TAMS 0x0000000713e00000, 0x0000000713e00000| Untracked 
| 247|0x0000000713f00000, 0x0000000713f00000, 0x0000000714000000|  0%| F|  |TAMS 0x0000000713f00000, 0x0000000713f00000| Untracked 
| 248|0x0000000714000000, 0x0000000714000000, 0x0000000714100000|  0%| F|  |TAMS 0x0000000714000000, 0x0000000714000000| Untracked 
| 249|0x0000000714100000, 0x0000000714100000, 0x0000000714200000|  0%| F|  |TAMS 0x0000000714100000, 0x0000000714100000| Untracked 
| 250|0x0000000714200000, 0x0000000714200000, 0x0000000714300000|  0%| F|  |TAMS 0x0000000714200000, 0x0000000714200000| Untracked 
| 251|0x0000000714300000, 0x0000000714300000, 0x0000000714400000|  0%| F|  |TAMS 0x0000000714300000, 0x0000000714300000| Untracked 
| 252|0x0000000714400000, 0x0000000714400000, 0x0000000714500000|  0%| F|  |TAMS 0x0000000714400000, 0x0000000714400000| Untracked 
| 253|0x0000000714500000, 0x0000000714500000, 0x0000000714600000|  0%| F|  |TAMS 0x0000000714500000, 0x0000000714500000| Untracked 
| 254|0x0000000714600000, 0x0000000714600000, 0x0000000714700000|  0%| F|  |TAMS 0x0000000714600000, 0x0000000714600000| Untracked 
| 255|0x0000000714700000, 0x0000000714700000, 0x0000000714800000|  0%| F|  |TAMS 0x0000000714700000, 0x0000000714700000| Untracked 
| 256|0x0000000714800000, 0x0000000714800000, 0x0000000714900000|  0%| F|  |TAMS 0x0000000714800000, 0x0000000714800000| Untracked 
| 257|0x0000000714900000, 0x0000000714900000, 0x0000000714a00000|  0%| F|  |TAMS 0x0000000714900000, 0x0000000714900000| Untracked 
| 258|0x0000000714a00000, 0x0000000714a00000, 0x0000000714b00000|  0%| F|  |TAMS 0x0000000714a00000, 0x0000000714a00000| Untracked 
| 259|0x0000000714b00000, 0x0000000714b00000, 0x0000000714c00000|  0%| F|  |TAMS 0x0000000714b00000, 0x0000000714b00000| Untracked 
| 260|0x0000000714c00000, 0x0000000714c00000, 0x0000000714d00000|  0%| F|  |TAMS 0x0000000714c00000, 0x0000000714c00000| Untracked 
| 261|0x0000000714d00000, 0x0000000714d00000, 0x0000000714e00000|  0%| F|  |TAMS 0x0000000714d00000, 0x0000000714d00000| Untracked 
| 262|0x0000000714e00000, 0x0000000714e00000, 0x0000000714f00000|  0%| F|  |TAMS 0x0000000714e00000, 0x0000000714e00000| Untracked 
| 263|0x0000000714f00000, 0x0000000714f00000, 0x0000000715000000|  0%| F|  |TAMS 0x0000000714f00000, 0x0000000714f00000| Untracked 
| 264|0x0000000715000000, 0x0000000715000000, 0x0000000715100000|  0%| F|  |TAMS 0x0000000715000000, 0x0000000715000000| Untracked 
| 265|0x0000000715100000, 0x0000000715100000, 0x0000000715200000|  0%| F|  |TAMS 0x0000000715100000, 0x0000000715100000| Untracked 
| 266|0x0000000715200000, 0x0000000715200000, 0x0000000715300000|  0%| F|  |TAMS 0x0000000715200000, 0x0000000715200000| Untracked 
| 267|0x0000000715300000, 0x0000000715300000, 0x0000000715400000|  0%| F|  |TAMS 0x0000000715300000, 0x0000000715300000| Untracked 
| 268|0x0000000715400000, 0x00000007154e8d88, 0x0000000715500000| 90%| E|  |TAMS 0x0000000715400000, 0x0000000715400000| Complete 
| 269|0x0000000715500000, 0x0000000715600000, 0x0000000715600000|100%| E|CS|TAMS 0x0000000715500000, 0x0000000715500000| Complete 
| 270|0x0000000715600000, 0x0000000715700000, 0x0000000715700000|100%| E|CS|TAMS 0x0000000715600000, 0x0000000715600000| Complete 
| 271|0x0000000715700000, 0x0000000715800000, 0x0000000715800000|100%| E|CS|TAMS 0x0000000715700000, 0x0000000715700000| Complete 
| 272|0x0000000715800000, 0x0000000715900000, 0x0000000715900000|100%| E|CS|TAMS 0x0000000715800000, 0x0000000715800000| Complete 
| 273|0x0000000715900000, 0x0000000715a00000, 0x0000000715a00000|100%| E|CS|TAMS 0x0000000715900000, 0x0000000715900000| Complete 
| 274|0x0000000715a00000, 0x0000000715b00000, 0x0000000715b00000|100%| E|CS|TAMS 0x0000000715a00000, 0x0000000715a00000| Complete 
| 275|0x0000000715b00000, 0x0000000715c00000, 0x0000000715c00000|100%| E|CS|TAMS 0x0000000715b00000, 0x0000000715b00000| Complete 
| 276|0x0000000715c00000, 0x0000000715d00000, 0x0000000715d00000|100%| E|CS|TAMS 0x0000000715c00000, 0x0000000715c00000| Complete 
| 277|0x0000000715d00000, 0x0000000715e00000, 0x0000000715e00000|100%| E|CS|TAMS 0x0000000715d00000, 0x0000000715d00000| Complete 
| 278|0x0000000715e00000, 0x0000000715f00000, 0x0000000715f00000|100%| E|CS|TAMS 0x0000000715e00000, 0x0000000715e00000| Complete 
| 279|0x0000000715f00000, 0x0000000716000000, 0x0000000716000000|100%| E|CS|TAMS 0x0000000715f00000, 0x0000000715f00000| Complete 
| 280|0x0000000716000000, 0x0000000716100000, 0x0000000716100000|100%| E|CS|TAMS 0x0000000716000000, 0x0000000716000000| Complete 
| 281|0x0000000716100000, 0x0000000716200000, 0x0000000716200000|100%| E|CS|TAMS 0x0000000716100000, 0x0000000716100000| Complete 
| 282|0x0000000716200000, 0x0000000716300000, 0x0000000716300000|100%| E|CS|TAMS 0x0000000716200000, 0x0000000716200000| Complete 
| 283|0x0000000716300000, 0x0000000716400000, 0x0000000716400000|100%| E|CS|TAMS 0x0000000716300000, 0x0000000716300000| Complete 
| 284|0x0000000716400000, 0x0000000716500000, 0x0000000716500000|100%| E|CS|TAMS 0x0000000716400000, 0x0000000716400000| Complete 
| 285|0x0000000716500000, 0x0000000716600000, 0x0000000716600000|100%| E|CS|TAMS 0x0000000716500000, 0x0000000716500000| Complete 
| 286|0x0000000716600000, 0x0000000716700000, 0x0000000716700000|100%| E|CS|TAMS 0x0000000716600000, 0x0000000716600000| Complete 
| 287|0x0000000716700000, 0x0000000716800000, 0x0000000716800000|100%| E|CS|TAMS 0x0000000716700000, 0x0000000716700000| Complete 
| 288|0x0000000716800000, 0x0000000716900000, 0x0000000716900000|100%| E|CS|TAMS 0x0000000716800000, 0x0000000716800000| Complete 
| 289|0x0000000716900000, 0x0000000716a00000, 0x0000000716a00000|100%| E|CS|TAMS 0x0000000716900000, 0x0000000716900000| Complete 
| 290|0x0000000716a00000, 0x0000000716b00000, 0x0000000716b00000|100%| E|CS|TAMS 0x0000000716a00000, 0x0000000716a00000| Complete 
| 291|0x0000000716b00000, 0x0000000716c00000, 0x0000000716c00000|100%| E|CS|TAMS 0x0000000716b00000, 0x0000000716b00000| Complete 
| 292|0x0000000716c00000, 0x0000000716d00000, 0x0000000716d00000|100%| E|CS|TAMS 0x0000000716c00000, 0x0000000716c00000| Complete 
| 293|0x0000000716d00000, 0x0000000716e00000, 0x0000000716e00000|100%| E|CS|TAMS 0x0000000716d00000, 0x0000000716d00000| Complete 
| 294|0x0000000716e00000, 0x0000000716f00000, 0x0000000716f00000|100%| E|CS|TAMS 0x0000000716e00000, 0x0000000716e00000| Complete 
| 295|0x0000000716f00000, 0x0000000717000000, 0x0000000717000000|100%| E|CS|TAMS 0x0000000716f00000, 0x0000000716f00000| Complete 
| 296|0x0000000717000000, 0x0000000717100000, 0x0000000717100000|100%| E|CS|TAMS 0x0000000717000000, 0x0000000717000000| Complete 
| 297|0x0000000717100000, 0x0000000717200000, 0x0000000717200000|100%| E|CS|TAMS 0x0000000717100000, 0x0000000717100000| Complete 
| 298|0x0000000717200000, 0x0000000717300000, 0x0000000717300000|100%| E|CS|TAMS 0x0000000717200000, 0x0000000717200000| Complete 
| 299|0x0000000717300000, 0x0000000717400000, 0x0000000717400000|100%| E|CS|TAMS 0x0000000717300000, 0x0000000717300000| Complete 
| 300|0x0000000717400000, 0x0000000717500000, 0x0000000717500000|100%| E|CS|TAMS 0x0000000717400000, 0x0000000717400000| Complete 
| 301|0x0000000717500000, 0x0000000717600000, 0x0000000717600000|100%| E|CS|TAMS 0x0000000717500000, 0x0000000717500000| Complete 
| 302|0x0000000717600000, 0x0000000717700000, 0x0000000717700000|100%| E|CS|TAMS 0x0000000717600000, 0x0000000717600000| Complete 
| 303|0x0000000717700000, 0x0000000717800000, 0x0000000717800000|100%| E|CS|TAMS 0x0000000717700000, 0x0000000717700000| Complete 
| 304|0x0000000717800000, 0x0000000717900000, 0x0000000717900000|100%| E|CS|TAMS 0x0000000717800000, 0x0000000717800000| Complete 
| 305|0x0000000717900000, 0x0000000717a00000, 0x0000000717a00000|100%| E|CS|TAMS 0x0000000717900000, 0x0000000717900000| Complete 
| 306|0x0000000717a00000, 0x0000000717b00000, 0x0000000717b00000|100%| E|CS|TAMS 0x0000000717a00000, 0x0000000717a00000| Complete 
| 307|0x0000000717b00000, 0x0000000717c00000, 0x0000000717c00000|100%| E|CS|TAMS 0x0000000717b00000, 0x0000000717b00000| Complete 
| 308|0x0000000717c00000, 0x0000000717d00000, 0x0000000717d00000|100%| E|CS|TAMS 0x0000000717c00000, 0x0000000717c00000| Complete 
| 309|0x0000000717d00000, 0x0000000717e00000, 0x0000000717e00000|100%| E|CS|TAMS 0x0000000717d00000, 0x0000000717d00000| Complete 
| 310|0x0000000717e00000, 0x0000000717f00000, 0x0000000717f00000|100%| E|CS|TAMS 0x0000000717e00000, 0x0000000717e00000| Complete 
| 311|0x0000000717f00000, 0x0000000718000000, 0x0000000718000000|100%| E|CS|TAMS 0x0000000717f00000, 0x0000000717f00000| Complete 
| 312|0x0000000718000000, 0x0000000718100000, 0x0000000718100000|100%| E|CS|TAMS 0x0000000718000000, 0x0000000718000000| Complete 
| 313|0x0000000718100000, 0x0000000718200000, 0x0000000718200000|100%| E|CS|TAMS 0x0000000718100000, 0x0000000718100000| Complete 
| 314|0x0000000718200000, 0x0000000718300000, 0x0000000718300000|100%| E|CS|TAMS 0x0000000718200000, 0x0000000718200000| Complete 
| 315|0x0000000718300000, 0x0000000718400000, 0x0000000718400000|100%| E|CS|TAMS 0x0000000718300000, 0x0000000718300000| Complete 
| 316|0x0000000718400000, 0x0000000718500000, 0x0000000718500000|100%| E|CS|TAMS 0x0000000718400000, 0x0000000718400000| Complete 
| 317|0x0000000718500000, 0x0000000718600000, 0x0000000718600000|100%| E|  |TAMS 0x0000000718500000, 0x0000000718500000| Complete 
| 318|0x0000000718600000, 0x0000000718700000, 0x0000000718700000|100%| E|CS|TAMS 0x0000000718600000, 0x0000000718600000| Complete 
| 319|0x0000000718700000, 0x0000000718800000, 0x0000000718800000|100%| E|CS|TAMS 0x0000000718700000, 0x0000000718700000| Complete 
| 320|0x0000000718800000, 0x0000000718900000, 0x0000000718900000|100%| E|CS|TAMS 0x0000000718800000, 0x0000000718800000| Complete 
| 321|0x0000000718900000, 0x0000000718a00000, 0x0000000718a00000|100%| E|CS|TAMS 0x0000000718900000, 0x0000000718900000| Complete 
| 322|0x0000000718a00000, 0x0000000718b00000, 0x0000000718b00000|100%| E|CS|TAMS 0x0000000718a00000, 0x0000000718a00000| Complete 
| 323|0x0000000718b00000, 0x0000000718c00000, 0x0000000718c00000|100%| E|CS|TAMS 0x0000000718b00000, 0x0000000718b00000| Complete 
| 324|0x0000000718c00000, 0x0000000718d00000, 0x0000000718d00000|100%| E|CS|TAMS 0x0000000718c00000, 0x0000000718c00000| Complete 
| 325|0x0000000718d00000, 0x0000000718e00000, 0x0000000718e00000|100%| E|CS|TAMS 0x0000000718d00000, 0x0000000718d00000| Complete 
| 326|0x0000000718e00000, 0x0000000718f00000, 0x0000000718f00000|100%| E|CS|TAMS 0x0000000718e00000, 0x0000000718e00000| Complete 
| 327|0x0000000718f00000, 0x0000000719000000, 0x0000000719000000|100%| E|CS|TAMS 0x0000000718f00000, 0x0000000718f00000| Complete 
| 328|0x0000000719000000, 0x0000000719100000, 0x0000000719100000|100%| E|CS|TAMS 0x0000000719000000, 0x0000000719000000| Complete 
| 329|0x0000000719100000, 0x0000000719200000, 0x0000000719200000|100%| E|CS|TAMS 0x0000000719100000, 0x0000000719100000| Complete 
| 330|0x0000000719200000, 0x0000000719300000, 0x0000000719300000|100%| E|CS|TAMS 0x0000000719200000, 0x0000000719200000| Complete 
| 331|0x0000000719300000, 0x0000000719400000, 0x0000000719400000|100%| E|CS|TAMS 0x0000000719300000, 0x0000000719300000| Complete 
| 332|0x0000000719400000, 0x0000000719500000, 0x0000000719500000|100%| E|CS|TAMS 0x0000000719400000, 0x0000000719400000| Complete 
| 333|0x0000000719500000, 0x0000000719600000, 0x0000000719600000|100%| E|CS|TAMS 0x0000000719500000, 0x0000000719500000| Complete 
| 334|0x0000000719600000, 0x0000000719700000, 0x0000000719700000|100%| E|CS|TAMS 0x0000000719600000, 0x0000000719600000| Complete 
| 335|0x0000000719700000, 0x0000000719800000, 0x0000000719800000|100%| E|CS|TAMS 0x0000000719700000, 0x0000000719700000| Complete 
| 336|0x0000000719800000, 0x0000000719900000, 0x0000000719900000|100%| E|CS|TAMS 0x0000000719800000, 0x0000000719800000| Complete 
| 337|0x0000000719900000, 0x0000000719a00000, 0x0000000719a00000|100%| E|CS|TAMS 0x0000000719900000, 0x0000000719900000| Complete 
| 338|0x0000000719a00000, 0x0000000719b00000, 0x0000000719b00000|100%| E|CS|TAMS 0x0000000719a00000, 0x0000000719a00000| Complete 
| 339|0x0000000719b00000, 0x0000000719c00000, 0x0000000719c00000|100%| E|CS|TAMS 0x0000000719b00000, 0x0000000719b00000| Complete 
| 340|0x0000000719c00000, 0x0000000719d00000, 0x0000000719d00000|100%| E|CS|TAMS 0x0000000719c00000, 0x0000000719c00000| Complete 
| 341|0x0000000719d00000, 0x0000000719e00000, 0x0000000719e00000|100%| E|CS|TAMS 0x0000000719d00000, 0x0000000719d00000| Complete 
| 342|0x0000000719e00000, 0x0000000719f00000, 0x0000000719f00000|100%| E|CS|TAMS 0x0000000719e00000, 0x0000000719e00000| Complete 
| 343|0x0000000719f00000, 0x000000071a000000, 0x000000071a000000|100%| E|CS|TAMS 0x0000000719f00000, 0x0000000719f00000| Complete 
| 344|0x000000071a000000, 0x000000071a100000, 0x000000071a100000|100%| E|CS|TAMS 0x000000071a000000, 0x000000071a000000| Complete 
| 345|0x000000071a100000, 0x000000071a200000, 0x000000071a200000|100%| E|CS|TAMS 0x000000071a100000, 0x000000071a100000| Complete 
| 346|0x000000071a200000, 0x000000071a300000, 0x000000071a300000|100%| E|CS|TAMS 0x000000071a200000, 0x000000071a200000| Complete 
| 347|0x000000071a300000, 0x000000071a400000, 0x000000071a400000|100%| E|CS|TAMS 0x000000071a300000, 0x000000071a300000| Complete 
| 348|0x000000071a400000, 0x000000071a500000, 0x000000071a500000|100%| E|CS|TAMS 0x000000071a400000, 0x000000071a400000| Complete 
| 349|0x000000071a500000, 0x000000071a600000, 0x000000071a600000|100%| E|CS|TAMS 0x000000071a500000, 0x000000071a500000| Complete 
| 350|0x000000071a600000, 0x000000071a700000, 0x000000071a700000|100%| E|CS|TAMS 0x000000071a600000, 0x000000071a600000| Complete 
| 351|0x000000071a700000, 0x000000071a800000, 0x000000071a800000|100%| E|CS|TAMS 0x000000071a700000, 0x000000071a700000| Complete 
| 352|0x000000071a800000, 0x000000071a900000, 0x000000071a900000|100%| E|CS|TAMS 0x000000071a800000, 0x000000071a800000| Complete 
| 353|0x000000071a900000, 0x000000071aa00000, 0x000000071aa00000|100%| E|CS|TAMS 0x000000071a900000, 0x000000071a900000| Complete 
| 354|0x000000071aa00000, 0x000000071ab00000, 0x000000071ab00000|100%| E|CS|TAMS 0x000000071aa00000, 0x000000071aa00000| Complete 
| 355|0x000000071ab00000, 0x000000071ac00000, 0x000000071ac00000|100%| E|CS|TAMS 0x000000071ab00000, 0x000000071ab00000| Complete 
| 356|0x000000071ac00000, 0x000000071ad00000, 0x000000071ad00000|100%| E|CS|TAMS 0x000000071ac00000, 0x000000071ac00000| Complete 
| 357|0x000000071ad00000, 0x000000071ae00000, 0x000000071ae00000|100%| E|CS|TAMS 0x000000071ad00000, 0x000000071ad00000| Complete 
| 358|0x000000071ae00000, 0x000000071af00000, 0x000000071af00000|100%| E|CS|TAMS 0x000000071ae00000, 0x000000071ae00000| Complete 
| 359|0x000000071af00000, 0x000000071b000000, 0x000000071b000000|100%| E|CS|TAMS 0x000000071af00000, 0x000000071af00000| Complete 
| 360|0x000000071b000000, 0x000000071b100000, 0x000000071b100000|100%| E|CS|TAMS 0x000000071b000000, 0x000000071b000000| Complete 
| 361|0x000000071b100000, 0x000000071b200000, 0x000000071b200000|100%| E|CS|TAMS 0x000000071b100000, 0x000000071b100000| Complete 
| 362|0x000000071b200000, 0x000000071b300000, 0x000000071b300000|100%| E|CS|TAMS 0x000000071b200000, 0x000000071b200000| Complete 
| 363|0x000000071b300000, 0x000000071b400000, 0x000000071b400000|100%| E|CS|TAMS 0x000000071b300000, 0x000000071b300000| Complete 
| 364|0x000000071b400000, 0x000000071b500000, 0x000000071b500000|100%| E|CS|TAMS 0x000000071b400000, 0x000000071b400000| Complete 
| 365|0x000000071b500000, 0x000000071b600000, 0x000000071b600000|100%| E|CS|TAMS 0x000000071b500000, 0x000000071b500000| Complete 
| 366|0x000000071b600000, 0x000000071b700000, 0x000000071b700000|100%| E|CS|TAMS 0x000000071b600000, 0x000000071b600000| Complete 
| 367|0x000000071b700000, 0x000000071b800000, 0x000000071b800000|100%| E|CS|TAMS 0x000000071b700000, 0x000000071b700000| Complete 
| 368|0x000000071b800000, 0x000000071b900000, 0x000000071b900000|100%| E|CS|TAMS 0x000000071b800000, 0x000000071b800000| Complete 
| 369|0x000000071b900000, 0x000000071ba00000, 0x000000071ba00000|100%| E|CS|TAMS 0x000000071b900000, 0x000000071b900000| Complete 
| 370|0x000000071ba00000, 0x000000071bb00000, 0x000000071bb00000|100%| E|CS|TAMS 0x000000071ba00000, 0x000000071ba00000| Complete 
| 371|0x000000071bb00000, 0x000000071bc00000, 0x000000071bc00000|100%| E|CS|TAMS 0x000000071bb00000, 0x000000071bb00000| Complete 
| 372|0x000000071bc00000, 0x000000071bd00000, 0x000000071bd00000|100%| E|CS|TAMS 0x000000071bc00000, 0x000000071bc00000| Complete 
| 373|0x000000071bd00000, 0x000000071be00000, 0x000000071be00000|100%| E|CS|TAMS 0x000000071bd00000, 0x000000071bd00000| Complete 
| 374|0x000000071be00000, 0x000000071bf00000, 0x000000071bf00000|100%| E|CS|TAMS 0x000000071be00000, 0x000000071be00000| Complete 
| 375|0x000000071bf00000, 0x000000071c000000, 0x000000071c000000|100%| E|CS|TAMS 0x000000071bf00000, 0x000000071bf00000| Complete 
| 376|0x000000071c000000, 0x000000071c100000, 0x000000071c100000|100%| E|CS|TAMS 0x000000071c000000, 0x000000071c000000| Complete 
| 377|0x000000071c100000, 0x000000071c200000, 0x000000071c200000|100%| E|CS|TAMS 0x000000071c100000, 0x000000071c100000| Complete 
| 378|0x000000071c200000, 0x000000071c300000, 0x000000071c300000|100%| E|CS|TAMS 0x000000071c200000, 0x000000071c200000| Complete 
| 379|0x000000071c300000, 0x000000071c400000, 0x000000071c400000|100%| E|CS|TAMS 0x000000071c300000, 0x000000071c300000| Complete 
| 380|0x000000071c400000, 0x000000071c500000, 0x000000071c500000|100%| E|CS|TAMS 0x000000071c400000, 0x000000071c400000| Complete 

Card table byte_map: [0x00000240ca0d0000,0x00000240ca8b0000] _byte_map_base: 0x00000240c68ac000

Marking Bits (Prev, Next): (CMBitMap*) 0x00000240b1eac708, (CMBitMap*) 0x00000240b1eac740
 Prev Bits: [0x00000240cb090000, 0x00000240cef70000)
 Next Bits: [0x00000240cef70000, 0x00000240d2e50000)

Polling page: 0x00000240afdd0000

Metaspace:

Usage:
  Non-class:     79.13 MB capacity,    77.40 MB ( 98%) used,     1.38 MB (  2%) free+waste,   362.56 KB ( <1%) overhead. 
      Class:     10.24 MB capacity,     9.01 MB ( 88%) used,     1.07 MB ( 10%) free+waste,   165.94 KB (  2%) overhead. 
       Both:     89.37 MB capacity,    86.41 MB ( 97%) used,     2.45 MB (  3%) free+waste,   528.50 KB ( <1%) overhead. 

Virtual space:
  Non-class space:       80.00 MB reserved,      79.37 MB (>99%) committed 
      Class space:        1.00 GB reserved,      10.29 MB (  1%) committed 
             Both:        1.08 GB reserved,      89.66 MB (  8%) committed 

Chunk freelists:
   Non-Class:  50.00 KB
       Class:  0 bytes
        Both:  50.00 KB

MaxMetaspaceSize: 17179869184.00 GB
CompressedClassSpaceSize: 1.00 GB
Initial GC threshold: 20.80 MB
Current GC threshold: 104.64 MB
CDS: off

CodeHeap 'non-profiled nmethods': size=120000Kb used=8996Kb max_used=8996Kb free=111003Kb
 bounds [0x00000240c2090000, 0x00000240c2960000, 0x00000240c95c0000]
CodeHeap 'profiled nmethods': size=120000Kb used=33093Kb max_used=33093Kb free=86906Kb
 bounds [0x00000240bab60000, 0x00000240bcbc0000, 0x00000240c2090000]
CodeHeap 'non-nmethods': size=5760Kb used=1761Kb max_used=1811Kb free=3998Kb
 bounds [0x00000240ba5c0000, 0x00000240ba830000, 0x00000240bab60000]
 total_blobs=11561 nmethods=10486 adapters=992
 compilation: enabled
              stopped_count=0, restarted_count=0
 full_count=0

Compilation events (20 events):
Event: 25.262 Thread 0x00000240d62ea800 nmethod 10762 0x00000240bcbae490 code [0x00000240bcbae660, 0x00000240bcbae838]
Event: 25.262 Thread 0x00000240d62ea800 10752       2       org.bouncycastle.math.ec.custom.sec.SecP256R1Field::subtract (16 bytes)
Event: 25.262 Thread 0x00000240d62ea800 nmethod 10752 0x00000240bcbae910 code [0x00000240bcbaeac0, 0x00000240bcbaebf8]
Event: 25.262 Thread 0x00000240d62ea800 10753       2       org.bouncycastle.math.raw.Nat256::sub (251 bytes)
Event: 25.262 Thread 0x00000240d62ea800 nmethod 10753 0x00000240bcbaed10 code [0x00000240bcbaef00, 0x00000240bcbaf438]
Event: 25.262 Thread 0x00000240d62ea800 10756       1       org.bouncycastle.math.ec.ECPoint::getCurve (5 bytes)
Event: 25.262 Thread 0x00000240d62ea800 nmethod 10756 0x00000240c2958e10 code [0x00000240c2958fc0, 0x00000240c2959078]
Event: 25.262 Thread 0x00000240d62ea800 10757       2       org.bouncycastle.math.ec.custom.sec.SecP256R1Field::square (15 bytes)
Event: 25.262 Thread 0x00000240d62ea800 nmethod 10757 0x00000240bcbaf790 code [0x00000240bcbaf960, 0x00000240bcbafb38]
Event: 25.262 Thread 0x00000240d62ea800 10758       2       client::getBufferProvider (5 bytes)
Event: 25.262 Thread 0x00000240d62ea800 nmethod 10758 0x00000240bcbafc10 code [0x00000240bcbafdc0, 0x00000240bcbafed8]
Event: 25.262 Thread 0x00000240d62ea800 10759       2       client::wm (4 bytes)
Event: 25.262 Thread 0x00000240d62ea800 nmethod 10759 0x00000240bcbaff90 code [0x00000240bcbb0140, 0x00000240bcbb0258]
Event: 25.262 Thread 0x00000240d62ea800 10776       2       net.runelite.client.ui.overlay.OverlayRenderer::renderAfterLayer (44 bytes)
Event: 25.263 Thread 0x00000240d62ea800 nmethod 10776 0x00000240bcbb0310 code [0x00000240bcbb0520, 0x00000240bcbb0a28]
Event: 25.263 Thread 0x00000240d62ea800 10779       2       org.bouncycastle.math.ec.custom.sec.SecP256R1FieldElement::isZero (8 bytes)
Event: 25.263 Thread 0x00000240d62ea800 nmethod 10779 0x00000240bcbb0d10 code [0x00000240bcbb0ee0, 0x00000240bcbb1138]
Event: 25.263 Thread 0x00000240d62ea800 10777       2       net.runelite.client.ui.overlay.OverlayManager::getForLayer (15 bytes)
Event: 25.263 Thread 0x00000240d62ea800 nmethod 10777 0x00000240bcbb1290 code [0x00000240bcbb1480, 0x00000240bcbb1898]
Event: 25.263 Thread 0x00000240d62ea800 10788 %     3       org.bouncycastle.math.raw.Nat256::mul @ 292 (637 bytes)

GC Heap History (20 events):
Event: 1.224 GC heap before
{Heap before GC invocations=3 (full 0):
 garbage-first heap   total 258048K, used 15430K [0x0000000704800000, 0x0000000800000000)
  region size 1024K, 10 young (10240K), 6 survivors (6144K)
 Metaspace       used 20727K, capacity 21162K, committed 21296K, reserved 1069056K
  class space    used 2054K, capacity 2176K, committed 2176K, reserved 1048576K
}
Event: 1.228 GC heap after
{Heap after GC invocations=4 (full 0):
 garbage-first heap   total 258048K, used 11604K [0x0000000704800000, 0x0000000800000000)
  region size 1024K, 5 young (5120K), 5 survivors (5120K)
 Metaspace       used 20727K, capacity 21162K, committed 21296K, reserved 1069056K
  class space    used 2054K, capacity 2176K, committed 2176K, reserved 1048576K
}
Event: 4.265 GC heap before
{Heap before GC invocations=5 (full 0):
 garbage-first heap   total 258048K, used 70996K [0x0000000704800000, 0x0000000800000000)
  region size 1024K, 64 young (65536K), 5 survivors (5120K)
 Metaspace       used 34952K, capacity 35624K, committed 35708K, reserved 1081344K
  class space    used 3725K, capacity 4025K, committed 4096K, reserved 1048576K
}
Event: 4.272 GC heap after
{Heap after GC invocations=6 (full 0):
 garbage-first heap   total 310272K, used 17721K [0x0000000704800000, 0x0000000800000000)
  region size 1024K, 11 young (11264K), 11 survivors (11264K)
 Metaspace       used 34952K, capacity 35624K, committed 35708K, reserved 1081344K
  class space    used 3725K, capacity 4025K, committed 4096K, reserved 1048576K
}
Event: 4.928 GC heap before
{Heap before GC invocations=7 (full 0):
 garbage-first heap   total 310272K, used 127289K [0x0000000704800000, 0x0000000800000000)
  region size 1024K, 113 young (115712K), 11 survivors (11264K)
 Metaspace       used 47004K, capacity 47773K, committed 47996K, reserved 1091584K
  class space    used 4654K, capacity 4997K, committed 5120K, reserved 1048576K
}
Event: 4.933 GC heap after
{Heap after GC invocations=8 (full 0):
 garbage-first heap   total 310272K, used 18488K [0x0000000704800000, 0x0000000800000000)
  region size 1024K, 8 young (8192K), 8 survivors (8192K)
 Metaspace       used 47004K, capacity 47773K, committed 47996K, reserved 1091584K
  class space    used 4654K, capacity 4997K, committed 5120K, reserved 1048576K
}
Event: 6.857 GC heap before
{Heap before GC invocations=8 (full 0):
 garbage-first heap   total 310272K, used 163896K [0x0000000704800000, 0x0000000800000000)
  region size 1024K, 121 young (123904K), 8 survivors (8192K)
 Metaspace       used 58894K, capacity 59864K, committed 59940K, reserved 1103872K
  class space    used 6106K, capacity 6530K, committed 6568K, reserved 1048576K
}
Event: 6.881 GC heap after
{Heap after GC invocations=9 (full 0):
 garbage-first heap   total 310272K, used 63242K [0x0000000704800000, 0x0000000800000000)
  region size 1024K, 20 young (20480K), 20 survivors (20480K)
 Metaspace       used 58894K, capacity 59864K, committed 59940K, reserved 1103872K
  class space    used 6106K, capacity 6530K, committed 6568K, reserved 1048576K
}
Event: 7.800 GC heap before
{Heap before GC invocations=10 (full 0):
 garbage-first heap   total 310272K, used 209674K [0x0000000704800000, 0x0000000800000000)
  region size 1024K, 158 young (161792K), 20 survivors (20480K)
 Metaspace       used 62777K, capacity 63837K, committed 64036K, reserved 1105920K
  class space    used 6536K, capacity 7001K, committed 7080K, reserved 1048576K
}
Event: 7.848 GC heap after
{Heap after GC invocations=11 (full 0):
 garbage-first heap   total 310272K, used 80949K [0x0000000704800000, 0x0000000800000000)
  region size 1024K, 18 young (18432K), 18 survivors (18432K)
 Metaspace       used 62777K, capacity 63837K, committed 64036K, reserved 1105920K
  class space    used 6536K, capacity 7001K, committed 7080K, reserved 1048576K
}
Event: 10.000 GC heap before
{Heap before GC invocations=12 (full 0):
 garbage-first heap   total 310272K, used 224309K [0x0000000704800000, 0x0000000800000000)
  region size 1024K, 153 young (156672K), 18 survivors (18432K)
 Metaspace       used 74840K, capacity 76429K, committed 76580K, reserved 1118208K
  class space    used 7636K, capacity 8296K, committed 8360K, reserved 1048576K
}
Event: 10.024 GC heap after
{Heap after GC invocations=13 (full 0):
 garbage-first heap   total 310272K, used 101376K [0x0000000704800000, 0x0000000800000000)
  region size 1024K, 19 young (19456K), 19 survivors (19456K)
 Metaspace       used 74840K, capacity 76429K, committed 76580K, reserved 1118208K
  class space    used 7636K, capacity 8296K, committed 8360K, reserved 1048576K
}
Event: 12.832 GC heap before
{Heap before GC invocations=13 (full 0):
 garbage-first heap   total 310272K, used 231424K [0x0000000704800000, 0x0000000800000000)
  region size 1024K, 144 young (147456K), 19 survivors (19456K)
 Metaspace       used 81068K, capacity 83378K, committed 83492K, reserved 1124352K
  class space    used 8435K, capacity 9372K, committed 9384K, reserved 1048576K
}
Event: 12.856 GC heap after
{Heap after GC invocations=14 (full 0):
 garbage-first heap   total 310272K, used 115081K [0x0000000704800000, 0x0000000800000000)
  region size 1024K, 15 young (15360K), 15 survivors (15360K)
 Metaspace       used 81068K, capacity 83378K, committed 83492K, reserved 1124352K
  class space    used 8435K, capacity 9372K, committed 9384K, reserved 1048576K
}
Event: 14.345 GC heap before
{Heap before GC invocations=14 (full 0):
 garbage-first heap   total 310272K, used 234889K [0x0000000704800000, 0x0000000800000000)
  region size 1024K, 132 young (135168K), 15 survivors (15360K)
 Metaspace       used 82376K, capacity 85055K, committed 85156K, reserved 1124352K
  class space    used 8666K, capacity 9760K, committed 9768K, reserved 1048576K
}
Event: 14.366 GC heap after
{Heap after GC invocations=15 (full 0):
 garbage-first heap   total 390144K, used 122945K [0x0000000704800000, 0x0000000800000000)
  region size 1024K, 9 young (9216K), 9 survivors (9216K)
 Metaspace       used 82376K, capacity 85055K, committed 85156K, reserved 1124352K
  class space    used 8666K, capacity 9760K, committed 9768K, reserved 1048576K
}
Event: 19.879 GC heap before
{Heap before GC invocations=15 (full 0):
 garbage-first heap   total 390144K, used 286785K [0x0000000704800000, 0x0000000800000000)
  region size 1024K, 162 young (165888K), 9 survivors (9216K)
 Metaspace       used 84446K, capacity 87212K, committed 87332K, reserved 1126400K
  class space    used 8959K, capacity 10096K, committed 10152K, reserved 1048576K
}
Event: 19.885 GC heap after
{Heap after GC invocations=16 (full 0):
 garbage-first heap   total 390144K, used 132943K [0x0000000704800000, 0x0000000800000000)
  region size 1024K, 13 young (13312K), 13 survivors (13312K)
 Metaspace       used 84446K, capacity 87212K, committed 87332K, reserved 1126400K
  class space    used 8959K, capacity 10096K, committed 10152K, reserved 1048576K
}
Event: 23.571 GC heap before
{Heap before GC invocations=16 (full 0):
 garbage-first heap   total 390144K, used 300879K [0x0000000704800000, 0x0000000800000000)
  region size 1024K, 176 young (180224K), 13 survivors (13312K)
 Metaspace       used 84995K, capacity 87833K, committed 88100K, reserved 1128448K
  class space    used 8993K, capacity 10130K, committed 10152K, reserved 1048576K
}
Event: 23.579 GC heap after
{Heap after GC invocations=17 (full 0):
 garbage-first heap   total 390144K, used 138727K [0x0000000704800000, 0x0000000800000000)
  region size 1024K, 12 young (12288K), 12 survivors (12288K)
 Metaspace       used 84995K, capacity 87833K, committed 88100K, reserved 1128448K
  class space    used 8993K, capacity 10130K, committed 10152K, reserved 1048576K
}

Deoptimization events (20 events):
Event: 25.220 Thread 0x00000240d7ca4000 DEOPT PACKING pc=0x00000240bb0116f1 sp=0x000000b9845fdd40
Event: 25.220 Thread 0x00000240d7ca4000 DEOPT UNPACKING pc=0x00000240ba609d0e sp=0x000000b9845fd1f0 mode 0
Event: 25.220 Thread 0x00000240d7ca4000 DEOPT PACKING pc=0x00000240bb0116f1 sp=0x000000b9845fdd40
Event: 25.220 Thread 0x00000240d7ca4000 DEOPT UNPACKING pc=0x00000240ba609d0e sp=0x000000b9845fd1f0 mode 0
Event: 25.221 Thread 0x00000240dc82a000 Uncommon trap: trap_request=0xffffff4d fr.pc=0x00000240c216e938 relative=0x0000000000001238
Event: 25.222 Thread 0x00000240dc82a000 Uncommon trap: reason=unstable_if action=reinterpret pc=0x00000240c216e938 method=java.util.concurrent.ConcurrentHashMap.transfer([Ljava/util/concurrent/ConcurrentHashMap$Node;[Ljava/util/concurrent/ConcurrentHashMap$Node;)V @ 352 c2
Event: 25.222 Thread 0x00000240dc82a000 DEOPT PACKING pc=0x00000240c216e938 sp=0x000000b985bfd9e0
Event: 25.222 Thread 0x00000240dc82a000 DEOPT UNPACKING pc=0x00000240ba5c85af sp=0x000000b985bfd978 mode 2
Event: 25.222 Thread 0x00000240d7ca4000 DEOPT PACKING pc=0x00000240bb0116f1 sp=0x000000b9845fde00
Event: 25.222 Thread 0x00000240d7ca4000 DEOPT UNPACKING pc=0x00000240ba609d0e sp=0x000000b9845fd2b0 mode 0
Event: 25.223 Thread 0x00000240d7ca4000 DEOPT PACKING pc=0x00000240bb0116f1 sp=0x000000b9845fde00
Event: 25.223 Thread 0x00000240d7ca4000 DEOPT UNPACKING pc=0x00000240ba609d0e sp=0x000000b9845fd2b0 mode 0
Event: 25.230 Thread 0x00000240d7ca6800 DEOPT PACKING pc=0x00000240bcac75ea sp=0x000000b9848fe090
Event: 25.230 Thread 0x00000240d7ca6800 DEOPT UNPACKING pc=0x00000240ba609d0e sp=0x000000b9848fd690 mode 0
Event: 25.230 Thread 0x00000240d7ca6800 DEOPT PACKING pc=0x00000240bcac75ea sp=0x000000b9848fe450
Event: 25.230 Thread 0x00000240d7ca6800 DEOPT UNPACKING pc=0x00000240ba609d0e sp=0x000000b9848fda50 mode 0
Event: 25.233 Thread 0x00000240d7ca6800 DEOPT PACKING pc=0x00000240bcae407a sp=0x000000b9848fccf0
Event: 25.233 Thread 0x00000240d7ca6800 DEOPT UNPACKING pc=0x00000240ba609d0e sp=0x000000b9848fc8a0 mode 0
Event: 25.252 Thread 0x00000240d7ca6800 DEOPT PACKING pc=0x00000240bcae407a sp=0x000000b9848fab10
Event: 25.252 Thread 0x00000240d7ca6800 DEOPT UNPACKING pc=0x00000240ba609d0e sp=0x000000b9848fa6c0 mode 0

Classes redefined (0 events):
No events

Internal exceptions (20 events):
Event: 24.689 Thread 0x00000240d7ca6800 Exception <a 'java/lang/IncompatibleClassChangeError'{0x0000000717ed1418}: Found class java.lang.Object, but interface was expected> (0x0000000717ed1418) thrown at [s\src\hotspot\share\interpreter\linkResolver.cpp, line 839]
Event: 24.689 Thread 0x00000240d7ca6800 Exception <a 'java/lang/IncompatibleClassChangeError'{0x0000000717ed3c88}: Found class java.lang.Object, but interface was expected> (0x0000000717ed3c88) thrown at [s\src\hotspot\share\interpreter\linkResolver.cpp, line 839]
Event: 24.689 Thread 0x00000240d7ca6800 Exception <a 'java/lang/IncompatibleClassChangeError'{0x0000000717ed64e0}: Found class java.lang.Object, but interface was expected> (0x0000000717ed64e0) thrown at [s\src\hotspot\share\interpreter\linkResolver.cpp, line 839]
Event: 24.689 Thread 0x00000240d7ca6800 Exception <a 'java/lang/IncompatibleClassChangeError'{0x0000000717ed8d08}: Found class java.lang.Object, but interface was expected> (0x0000000717ed8d08) thrown at [s\src\hotspot\share\interpreter\linkResolver.cpp, line 839]
Event: 24.689 Thread 0x00000240d7ca6800 Exception <a 'java/lang/IncompatibleClassChangeError'{0x0000000717edb560}: Found class java.lang.Object, but interface was expected> (0x0000000717edb560) thrown at [s\src\hotspot\share\interpreter\linkResolver.cpp, line 839]
Event: 24.689 Thread 0x00000240d7ca6800 Exception <a 'java/lang/IncompatibleClassChangeError'{0x0000000717eddd90}: Found class java.lang.Object, but interface was expected> (0x0000000717eddd90) thrown at [s\src\hotspot\share\interpreter\linkResolver.cpp, line 839]
Event: 24.689 Thread 0x00000240d7ca6800 Exception <a 'java/lang/IncompatibleClassChangeError'{0x0000000717ee05f0}: Found class java.lang.Object, but interface was expected> (0x0000000717ee05f0) thrown at [s\src\hotspot\share\interpreter\linkResolver.cpp, line 839]
Event: 24.690 Thread 0x00000240d7ca6800 Exception <a 'java/lang/IncompatibleClassChangeError'{0x0000000717ee2e58}: Found class java.lang.Object, but interface was expected> (0x0000000717ee2e58) thrown at [s\src\hotspot\share\interpreter\linkResolver.cpp, line 839]
Event: 24.690 Thread 0x00000240d7ca6800 Exception <a 'java/lang/IncompatibleClassChangeError'{0x0000000717ee56c0}: Found class java.lang.Object, but interface was expected> (0x0000000717ee56c0) thrown at [s\src\hotspot\share\interpreter\linkResolver.cpp, line 839]
Event: 24.690 Thread 0x00000240d7ca6800 Exception <a 'java/lang/IncompatibleClassChangeError'{0x0000000717ee7f28}: Found class java.lang.Object, but interface was expected> (0x0000000717ee7f28) thrown at [s\src\hotspot\share\interpreter\linkResolver.cpp, line 839]
Event: 24.690 Thread 0x00000240d7ca6800 Exception <a 'java/lang/IncompatibleClassChangeError'{0x0000000717eea778}: Found class java.lang.Object, but interface was expected> (0x0000000717eea778) thrown at [s\src\hotspot\share\interpreter\linkResolver.cpp, line 839]
Event: 24.690 Thread 0x00000240d7ca6800 Exception <a 'java/lang/IncompatibleClassChangeError'{0x0000000717eecfd8}: Found class java.lang.Object, but interface was expected> (0x0000000717eecfd8) thrown at [s\src\hotspot\share\interpreter\linkResolver.cpp, line 839]
Event: 24.690 Thread 0x00000240d7ca6800 Exception <a 'java/lang/IncompatibleClassChangeError'{0x0000000717eef838}: Found class java.lang.Object, but interface was expected> (0x0000000717eef838) thrown at [s\src\hotspot\share\interpreter\linkResolver.cpp, line 839]
Event: 24.691 Thread 0x00000240d7ca6800 Exception <a 'java/lang/IncompatibleClassChangeError'{0x0000000717ef2098}: Found class java.lang.Object, but interface was expected> (0x0000000717ef2098) thrown at [s\src\hotspot\share\interpreter\linkResolver.cpp, line 839]
Event: 24.691 Thread 0x00000240d7ca6800 Exception <a 'java/lang/IncompatibleClassChangeError'{0x0000000717ef48f8}: Found class java.lang.Object, but interface was expected> (0x0000000717ef48f8) thrown at [s\src\hotspot\share\interpreter\linkResolver.cpp, line 839]
Event: 24.691 Thread 0x00000240d7ca6800 Exception <a 'java/lang/IncompatibleClassChangeError'{0x0000000717ef7168}: Found class java.lang.Object, but interface was expected> (0x0000000717ef7168) thrown at [s\src\hotspot\share\interpreter\linkResolver.cpp, line 839]
Event: 24.714 Thread 0x00000240d7ca6800 Exception <a 'java/lang/NoSuchMethodError'{0x0000000717deff40}: 'void java.lang.invoke.DirectMethodHandle$Holder.invokeStatic(java.lang.Object, long)'> (0x0000000717deff40) thrown at [s\src\hotspot\share\interpreter\linkResolver.cpp, line 773]
Event: 24.834 Thread 0x00000240d7ca6800 Implicit null exception at 0x00000240c20d8af3 to 0x00000240c20d8bd8
Event: 24.948 Thread 0x00000240d7ca6800 Exception <a 'java/lang/NoSuchMethodError'{0x0000000716683a00}: 'java.lang.Object java.lang.invoke.DirectMethodHandle$Holder.invokeStatic(java.lang.Object, java.lang.Object, java.lang.Object, java.lang.Object, java.lang.Object, int)'> (0x0000000716683a00) thrown at [s\src\hotspot\share\interpreter\linkResolver.cpp, line 773]
Event: 24.948 Thread 0x00000240d7ca6800 Exception <a 'java/lang/NoSuchMethodError'{0x0000000716687778}: 'java.lang.Object java.lang.invoke.DirectMethodHandle$Holder.invokeSpecial(java.lang.Object, java.lang.Object, java.lang.Object, java.lang.Object, java.lang.Object, java.lang.Object, int)'> (0x0000000716687778) thrown at [s\src\hotspot\share\interpreter\linkResolver.cpp, line 773]

Events (20 events):
Event: 25.207 Executing VM operation: BulkRevokeBias
Event: 25.208 Executing VM operation: BulkRevokeBias done
Event: 25.209 loading class java/security/cert/PKIXRevocationChecker
Event: 25.209 loading class java/security/cert/PKIXRevocationChecker done
Event: 25.211 loading class sun/security/util/AnchorCertificates
Event: 25.211 loading class sun/security/util/AnchorCertificates done
Event: 25.211 loading class sun/security/util/AnchorCertificates$1
Event: 25.211 loading class sun/security/util/AnchorCertificates$1 done
Event: 25.211 loading class sun/security/provider/JavaKeyStore$DualFormatJKS
Event: 25.211 loading class sun/security/provider/JavaKeyStore$DualFormatJKS done
Event: 25.212 loading class java/util/SimpleTimeZone
Event: 25.212 loading class java/util/SimpleTimeZone done
Event: 25.215 loading class sun/security/util/HostnameChecker
Event: 25.215 loading class sun/security/util/HostnameChecker done
Event: 25.217 loading class java/util/concurrent/ConcurrentHashMap$TreeNode
Event: 25.217 loading class java/util/concurrent/ConcurrentHashMap$TreeNode done
Event: 25.217 loading class java/util/concurrent/ConcurrentHashMap$TreeBin
Event: 25.217 loading class java/util/concurrent/ConcurrentHashMap$TreeBin done
Event: 25.221 Executing VM operation: RevokeBias
Event: 25.221 Executing VM operation: RevokeBias done


Dynamic libraries:
0x00007ff770740000 - 0x00007ff77074e000 	C:\Users\Donni\.jdks\corretto-11.0.22\bin\java.exe
0x00007fff2cc50000 - 0x00007fff2ce67000 	C:\WINDOWS\SYSTEM32\ntdll.dll
0x00007fff2c200000 - 0x00007fff2c2c4000 	C:\WINDOWS\System32\KERNEL32.DLL
0x00007fff2a2a0000 - 0x00007fff2a646000 	C:\WINDOWS\System32\KERNELBASE.dll
0x00007fff2a180000 - 0x00007fff2a291000 	C:\WINDOWS\System32\ucrtbase.dll
0x00007fff07310000 - 0x00007fff0732b000 	C:\Users\Donni\.jdks\corretto-11.0.22\bin\VCRUNTIME140.dll
0x00007fff072f0000 - 0x00007fff07307000 	C:\Users\Donni\.jdks\corretto-11.0.22\bin\jli.dll
0x00007fff2af40000 - 0x00007fff2b0ee000 	C:\WINDOWS\System32\USER32.dll
0x00007fff2a650000 - 0x00007fff2a676000 	C:\WINDOWS\System32\win32u.dll
0x00007fff2b170000 - 0x00007fff2b199000 	C:\WINDOWS\System32\GDI32.dll
0x00007fff0be70000 - 0x00007fff0c103000 	C:\WINDOWS\WinSxS\amd64_microsoft.windows.common-controls_6595b64144ccf1df_6.0.22621.2506_none_270c5ae97388e100\COMCTL32.dll
0x00007fff2a030000 - 0x00007fff2a148000 	C:\WINDOWS\System32\gdi32full.dll
0x00007fff2bbe0000 - 0x00007fff2bc87000 	C:\WINDOWS\System32\msvcrt.dll
0x00007fff29f90000 - 0x00007fff2a02a000 	C:\WINDOWS\System32\msvcp_win.dll
0x00007fff2cb40000 - 0x00007fff2cb71000 	C:\WINDOWS\System32\IMM32.DLL
0x00007fff1ff30000 - 0x00007fff1ff3c000 	C:\Users\Donni\.jdks\corretto-11.0.22\bin\vcruntime140_1.dll
0x00007ffef7d50000 - 0x00007ffef7ddd000 	C:\Users\Donni\.jdks\corretto-11.0.22\bin\msvcp140.dll
0x00007ffed82d0000 - 0x00007ffed8e93000 	C:\Users\Donni\.jdks\corretto-11.0.22\bin\server\jvm.dll
0x00007fff2c2e0000 - 0x00007fff2c393000 	C:\WINDOWS\System32\ADVAPI32.dll
0x00007fff2c8f0000 - 0x00007fff2c998000 	C:\WINDOWS\System32\sechost.dll
0x00007fff2a150000 - 0x00007fff2a178000 	C:\WINDOWS\System32\bcrypt.dll
0x00007fff2c9a0000 - 0x00007fff2cab7000 	C:\WINDOWS\System32\RPCRT4.dll
0x00007fff2ae20000 - 0x00007fff2ae28000 	C:\WINDOWS\System32\PSAPI.DLL
0x00007fff26d80000 - 0x00007fff26d89000 	C:\WINDOWS\SYSTEM32\WSOCK32.dll
0x00007fff203f0000 - 0x00007fff203fa000 	C:\WINDOWS\SYSTEM32\VERSION.dll
0x00007fff20f10000 - 0x00007fff20f44000 	C:\WINDOWS\SYSTEM32\WINMM.dll
0x00007fff2cac0000 - 0x00007fff2cb31000 	C:\WINDOWS\System32\WS2_32.dll
0x00007fff28fc0000 - 0x00007fff28fd8000 	C:\WINDOWS\SYSTEM32\kernel.appcore.dll
0x00007fff1fea0000 - 0x00007fff1feb0000 	C:\Users\Donni\.jdks\corretto-11.0.22\bin\verify.dll
0x00007fff272d0000 - 0x00007fff27503000 	C:\WINDOWS\SYSTEM32\DBGHELP.DLL
0x00007fff2bc90000 - 0x00007fff2c019000 	C:\WINDOWS\System32\combase.dll
0x00007fff2ba90000 - 0x00007fff2bb67000 	C:\WINDOWS\System32\OLEAUT32.dll
0x00007ffefe410000 - 0x00007ffefe442000 	C:\WINDOWS\SYSTEM32\dbgcore.DLL
0x00007fff2a860000 - 0x00007fff2a8da000 	C:\WINDOWS\System32\bcryptPrimitives.dll
0x00007fff06e10000 - 0x00007fff06e38000 	C:\Users\Donni\.jdks\corretto-11.0.22\bin\java.dll
0x00007fff1cb60000 - 0x00007fff1cb6a000 	C:\Users\Donni\.jdks\corretto-11.0.22\bin\jimage.dll
0x00007fff1cd30000 - 0x00007fff1cd69000 	C:\Users\Donni\.jdks\corretto-11.0.22\bin\jdwp.dll
0x00007fff26470000 - 0x00007fff2647e000 	C:\Users\Donni\.jdks\corretto-11.0.22\bin\instrument.dll
0x00007fff06df0000 - 0x00007fff06e08000 	C:\Users\Donni\.jdks\corretto-11.0.22\bin\zip.dll
0x00007fff2b230000 - 0x00007fff2ba8a000 	C:\WINDOWS\System32\SHELL32.dll
0x00007fff27ee0000 - 0x00007fff287d6000 	C:\WINDOWS\SYSTEM32\windows.storage.dll
0x00007fff27da0000 - 0x00007fff27ede000 	C:\WINDOWS\SYSTEM32\wintypes.dll
0x00007fff2c7f0000 - 0x00007fff2c8e3000 	C:\WINDOWS\System32\SHCORE.dll
0x00007fff2ae30000 - 0x00007fff2ae8e000 	C:\WINDOWS\System32\shlwapi.dll
0x00007fff29ec0000 - 0x00007fff29ee6000 	C:\WINDOWS\SYSTEM32\profapi.dll
0x00007fff254a0000 - 0x00007fff254aa000 	C:\Users\Donni\.jdks\corretto-11.0.22\bin\dt_socket.dll
0x00007fff29440000 - 0x00007fff294a9000 	C:\WINDOWS\system32\mswsock.dll
0x00007fff06dd0000 - 0x00007fff06de9000 	C:\Users\Donni\.jdks\corretto-11.0.22\bin\net.dll
0x00007fff23b20000 - 0x00007fff23c57000 	C:\WINDOWS\SYSTEM32\WINHTTP.dll
0x00007fff02130000 - 0x00007fff02142000 	C:\Users\Donni\.jdks\corretto-11.0.22\bin\nio.dll
0x00007fff25400000 - 0x00007fff2540e000 	C:\Users\Donni\.jdks\corretto-11.0.22\bin\sunmscapi.dll
0x00007fff2a6f0000 - 0x00007fff2a856000 	C:\WINDOWS\System32\CRYPT32.dll
0x00007fff29850000 - 0x00007fff2987e000 	C:\WINDOWS\SYSTEM32\ncrypt.dll
0x00007fff29810000 - 0x00007fff29847000 	C:\WINDOWS\SYSTEM32\NTASN1.dll
0x00007fff22f40000 - 0x00007fff22f67000 	C:\Users\Donni\.jdks\corretto-11.0.22\bin\sunec.dll
0x00007fff296f0000 - 0x00007fff29702000 	C:\WINDOWS\SYSTEM32\MSASN1.dll
0x00007fff296a0000 - 0x00007fff296bb000 	C:\WINDOWS\SYSTEM32\CRYPTSP.dll
0x00007fff28f20000 - 0x00007fff28f55000 	C:\WINDOWS\system32\rsaenh.dll
0x00007fff29690000 - 0x00007fff2969c000 	C:\WINDOWS\SYSTEM32\CRYPTBASE.dll
0x00007fff294d0000 - 0x00007fff294f6000 	C:\WINDOWS\SYSTEM32\gpapi.dll
0x00007fff29530000 - 0x00007fff2955c000 	C:\WINDOWS\SYSTEM32\USERENV.dll
0x00007fff29c70000 - 0x00007fff29c7a000 	C:\WINDOWS\SYSTEM32\DPAPI.dll
0x00007fff28ad0000 - 0x00007fff28afd000 	C:\WINDOWS\SYSTEM32\IPHLPAPI.DLL
0x00007fff2b160000 - 0x00007fff2b169000 	C:\WINDOWS\System32\NSI.dll
0x00007fff23960000 - 0x00007fff23979000 	C:\WINDOWS\SYSTEM32\dhcpcsvc6.DLL
0x00007fff23930000 - 0x00007fff2394f000 	C:\WINDOWS\SYSTEM32\dhcpcsvc.DLL
0x00007fff28b00000 - 0x00007fff28bf9000 	C:\WINDOWS\SYSTEM32\DNSAPI.dll
0x00007ffef7bc0000 - 0x00007ffef7d42000 	C:\Users\Donni\.jdks\corretto-11.0.22\bin\awt.dll
0x00007fff263c0000 - 0x00007fff26457000 	C:\WINDOWS\SYSTEM32\apphelp.dll
0x00007fff26f10000 - 0x00007fff26fbb000 	C:\WINDOWS\system32\uxtheme.dll
0x00007fff2c3a0000 - 0x00007fff2c4f0000 	C:\WINDOWS\System32\MSCTF.dll
0x00007fff2c650000 - 0x00007fff2c7f0000 	C:\WINDOWS\System32\ole32.dll
0x00007fff27730000 - 0x00007fff2775b000 	C:\WINDOWS\system32\DWMAPI.DLL
0x00007ffef6b10000 - 0x00007ffef6c10000 	C:\WINDOWS\system32\opengl32.dll
0x00007ffef6ae0000 - 0x00007ffef6b0d000 	C:\WINDOWS\SYSTEM32\GLU32.dll
0x00007fff27570000 - 0x00007fff275a6000 	C:\WINDOWS\SYSTEM32\dxcore.dll
0x00007fff1cca0000 - 0x00007fff1cd27000 	C:\Users\Donni\.jdks\corretto-11.0.22\bin\freetype.dll
0x00007fff12640000 - 0x00007fff12713000 	C:\Users\Donni\.jdks\corretto-11.0.22\bin\fontmanager.dll
0x00007fff105f0000 - 0x00007fff1073a000 	C:\WINDOWS\SYSTEM32\textinputframework.dll
0x00007fff254d0000 - 0x00007fff25604000 	C:\WINDOWS\SYSTEM32\CoreMessaging.dll
0x00007fff22860000 - 0x00007fff22bcc000 	C:\WINDOWS\SYSTEM32\CoreUIComponents.dll
0x00007fff253f0000 - 0x00007fff253f9000 	C:\Users\Donni\.jdks\corretto-11.0.22\bin\management.dll
0x00007fff24070000 - 0x00007fff2407b000 	C:\Users\Donni\.jdks\corretto-11.0.22\bin\management_ext.dll
0x00007fff203e0000 - 0x00007fff203ea000 	C:\Windows\System32\rasadhlp.dll
0x00007fff22570000 - 0x00007fff225f3000 	C:\WINDOWS\System32\fwpuclnt.dll
0x00007fff1cc50000 - 0x00007fff1cc94000 	C:\Users\Donni\AppData\Local\Temp\jna-68899\jna2235847384333457081.dll
0x00007ffeff3d0000 - 0x00007ffeff46c000 	C:\Users\Donni\AppData\Local\Temp\jna-68899\jna14260465689513676874.dll
0x00007fff116f0000 - 0x00007fff1176f000 	C:\Users\Donni\.jdks\corretto-11.0.22\bin\mlib_image.dll
0x00007fff21120000 - 0x00007fff21132000 	C:\Users\Donni\.jdks\corretto-11.0.22\bin\jsound.dll
0x00007ffef7840000 - 0x00007ffef78e2000 	C:\WINDOWS\SYSTEM32\DSOUND.dll
0x00007fff29e60000 - 0x00007fff29ead000 	C:\WINDOWS\SYSTEM32\powrprof.dll
0x00007ffef44a0000 - 0x00007ffef4551000 	C:\WINDOWS\SYSTEM32\ResampleDmo.DLL
0x00007fff125d0000 - 0x00007fff125f9000 	C:\WINDOWS\SYSTEM32\winmmbase.dll
0x00007fff23ce0000 - 0x00007fff23ceb000 	C:\WINDOWS\SYSTEM32\msdmo.dll
0x00007fff29d90000 - 0x00007fff29da3000 	C:\WINDOWS\SYSTEM32\UMPDC.dll
0x00007fff2ae90000 - 0x00007fff2af40000 	C:\WINDOWS\System32\clbcatq.dll
0x00007fff1d470000 - 0x00007fff1d50d000 	C:\WINDOWS\System32\MMDevApi.dll
0x00007fff29bd0000 - 0x00007fff29bfc000 	C:\WINDOWS\System32\DEVOBJ.dll
0x00007fff29c00000 - 0x00007fff29c4e000 	C:\WINDOWS\SYSTEM32\cfgmgr32.dll
0x00007ffeccbc0000 - 0x00007ffeccc06000 	C:\WINDOWS\SYSTEM32\wdmaud.drv
0x00007fff05b50000 - 0x00007fff05b59000 	C:\WINDOWS\SYSTEM32\ksuser.dll
0x00007fff22e70000 - 0x00007fff22e7b000 	C:\WINDOWS\SYSTEM32\AVRT.dll
0x00007fff19ad0000 - 0x00007fff19cbc000 	C:\WINDOWS\SYSTEM32\AUDIOSES.DLL
0x00007fff23cd0000 - 0x00007fff23cde000 	C:\WINDOWS\SYSTEM32\msacm32.drv
0x00007fff19420000 - 0x00007fff1943e000 	C:\WINDOWS\SYSTEM32\MSACM32.dll
0x00007fff19410000 - 0x00007fff1941b000 	C:\WINDOWS\SYSTEM32\midimap.dll
0x00007fff27a70000 - 0x00007fff27a85000 	C:\WINDOWS\SYSTEM32\resourcepolicyclient.dll
0x00007fff1c770000 - 0x00007fff1c8e4000 	C:\Windows\System32\Windows.UI.dll
0x00007fff10000000 - 0x00007fff1002d000 	C:\Users\Donni\.jdks\corretto-11.0.22\bin\javajpeg.dll
0x00007fff1fde0000 - 0x00007fff1fde6000 	C:\Users\Donni\AppData\Local\Temp\flatlaf.temp\flatlaf-windows-x86_64-2169974588357000.dll
0x00007fff1fdd0000 - 0x00007fff1fdd7000 	C:\Users\Donni\.jdks\corretto-11.0.22\bin\jawt.dll
0x00007fff26ec0000 - 0x00007fff26ecd000 	C:\WINDOWS\SYSTEM32\WINNSI.DLL
0x00007fff244b0000 - 0x00007fff24660000 	C:\WINDOWS\SYSTEM32\WindowsCodecs.dll
0x00007ffef3f20000 - 0x00007ffef3f7e000 	C:\WINDOWS\system32\dataexchange.dll
0x00007fff20ac0000 - 0x00007fff20d45000 	C:\WINDOWS\system32\twinapi.appcore.dll
0x00007fff21550000 - 0x00007fff2160c000 	C:\WINDOWS\SYSTEM32\mscms.dll
0x00007fff1fc70000 - 0x00007fff1fcb9000 	C:\WINDOWS\SYSTEM32\icm32.dll

dbghelp: loaded successfully - version: 4.0.5 - missing functions: none
symbol engine: initialized successfully - sym options: 0x614 - pdb path: .;C:\Users\Donni\.jdks\corretto-11.0.22\bin;C:\WINDOWS\SYSTEM32;C:\WINDOWS\WinSxS\amd64_microsoft.windows.common-controls_6595b64144ccf1df_6.0.22621.2506_none_270c5ae97388e100;C:\Users\Donni\.jdks\corretto-11.0.22\bin\server;C:\Users\Donni\AppData\Local\Temp\jna-68899;C:\Users\Donni\AppData\Local\Temp\flatlaf.temp

VM Arguments:
jvm_args: -agentlib:jdwp=transport=dt_socket,server=n,suspend=y,address=127.0.0.1:58128 -javaagent:C:\Users\Donni\.gradle\caches\modules-2\files-2.1\org.jetbrains.kotlinx\kotlinx-coroutines-core-jvm\1.6.0\f3b8fd26c2e76d2f18cbc36aacb6e349fcb9fd5f\kotlinx-coroutines-core-jvm-1.6.0.jar -Dfile.encoding=windows-1252 -Duser.country=US -Duser.language=en -Duser.variant -ea 
java_command: com.piggyplugins.PluginTester
java_class_path (initial): C:\Users\Donni\IdeaProjects\PiggyPlugins\build\classes\java\test;C:\Users\Donni\IdeaProjects\PiggyPlugins\build\resources\test;C:\Users\Donni\IdeaProjects\PiggyPlugins\build\classes\java\main;C:\Users\Donni\IdeaProjects\PiggyPlugins\build\resources\main;C:\Users\Donni\IdeaProjects\PiggyPlugins\AutoTitheFarm\build\libs\AutoTitheFarm-1.0.0.jar;C:\Users\Donni\IdeaProjects\PiggyPlugins\AutoAerial\build\libs\AutoAerial-1.0.0.jar;C:\Users\Donni\IdeaProjects\PiggyPlugins\AutoRuneDragons\build\libs\AutoRuneDragons-1.0.0.jar;C:\Users\Donni\IdeaProjects\PiggyPlugins\AutoBoner\build\libs\AutoBoner-1.0.3.jar;C:\Users\Donni\IdeaProjects\PiggyPlugins\AutoChompy\build\libs\AutoChompy-1.0.3.jar;C:\Users\Donni\IdeaProjects\PiggyPlugins\AutoVorkath\build\libs\AutoVorkath-1.0.19.jar;C:\Users\Donni\IdeaProjects\PiggyPlugins\AutoCombat\build\libs\AutoCombat-1.0.0.jar;C:\Users\Donni\IdeaProjects\PiggyPlugins\AutoTrapper\build\libs\AutoTrapper-1.0.0.jar;C:\Users\Donni\IdeaProjects\PiggyPlugins\AutoSmith\build\libs\AutoSmith-1.0.0.jar;C:\Users\Donni\IdeaProjects\PiggyPlugins\ButterflyCatcher\build\libs\ButterflyCatcher-1.0.0.jar;C:\Users\Donni\IdeaProjects\PiggyPlugins\DialogueContinuer\build\libs\DialogueContinuer-1.0.0.jar;C:\Users\Donni\IdeaProjects\PiggyPlugins\Firemaking\build\libs\Firemaking-1.0.0.jar;C:\Users\Donni\IdeaProjects\PiggyPlugins\KittenFeeder\build\libs\KittenFeeder-1.0.0.jar;C:\Users\Donni\IdeaProjects\PiggyPlugins\AutoJugHumidifier\build\libs\AutoJugHumidifier-1.0.0.jar;C:\Users\Donni\IdeaProjects\PiggyPlugins\AutoRifts\build\libs\AutoRifts-1.0.0.jar;C:\Users\Donni\IdeaProjects\PiggyPlugins\AutoTele\build\libs\AutoTele-1.0.0.jar;C:\Users\Donni\IdeaProjects\PiggyPlugins\CalvarionHelper\build\libs\CalvarionHelper-1.0.0.jar;C:\Users\Donni\IdeaProjects\PiggyPlugins\CannonReloader\build\libs\CannonReloader-1.0.0.jar;C:\Users\Donni\IdeaProjects\PiggyPlugins\E3T4G\build\libs\E3T4G-1.0.0.jar;C:\Users\Donni\IdeaProjects\PiggyPlugins\EthansApi\build\l
Launcher Type: SUN_STANDARD

[Global flags]
     intx CICompilerCount                          = 4                                         {product} {ergonomic}
     uint ConcGCThreads                            = 2                                         {product} {ergonomic}
     uint G1ConcRefinementThreads                  = 8                                         {product} {ergonomic}
   size_t G1HeapRegionSize                         = 1048576                                   {product} {ergonomic}
    uintx GCDrainStackTargetSize                   = 64                                        {product} {ergonomic}
   size_t InitialHeapSize                          = 264241152                                 {product} {ergonomic}
   size_t MarkStackSize                            = 4194304                                   {product} {ergonomic}
   size_t MaxHeapSize                              = 4219469824                                {product} {ergonomic}
   size_t MaxNewSize                               = 2531262464                                {product} {ergonomic}
   size_t MinHeapDeltaBytes                        = 1048576                                   {product} {ergonomic}
    uintx NonNMethodCodeHeapSize                   = 5836300                                {pd product} {ergonomic}
    uintx NonProfiledCodeHeapSize                  = 122910970                              {pd product} {ergonomic}
    uintx ProfiledCodeHeapSize                     = 122910970                              {pd product} {ergonomic}
    uintx ReservedCodeCacheSize                    = 251658240                              {pd product} {ergonomic}
     bool SegmentedCodeCache                       = true                                      {product} {ergonomic}
     bool UseCompressedClassPointers               = true                                 {lp64_product} {ergonomic}
     bool UseCompressedOops                        = true                                 {lp64_product} {ergonomic}
     bool UseG1GC                                  = true                                      {product} {ergonomic}
     bool UseLargePagesIndividualAllocation        = false                                  {pd product} {ergonomic}

Logging:
Log output configuration:
 #0: stdout all=warning uptime,level,tags
 #1: stderr all=off uptime,level,tags

Environment Variables:
JAVA_HOME=C:\Program Files (x86)\Eclipse Adoptium\jdk-11.0.21.9-hotspot\
PATH=C:\Program Files (x86)\Eclipse Adoptium\jdk-11.0.21.9-hotspot\bin;C:\Program Files\Common Files\Oracle\Java\javapath;C:\Python311\Scripts\;C:\Python311\;C:\WINDOWS\system32;C:\WINDOWS;C:\WINDOWS\System32\Wbem;C:\WINDOWS\System32\WindowsPowerShell\v1.0\;C:\WINDOWS\System32\OpenSSH\;C:\ProgramData\chocolatey\bin;C:\Program Files\Git\cmd;C:\Program Files\nodejs\;C:\Program Files\Microsoft VS Code\bin;C:\Program Files\dotnet\;C:\Users\Donni\AppData\Local\Microsoft\WindowsApps;;C:\Exercism;C:\Users\Donni\AppData\Roaming\npm;C:\Program Files\JetBrains\IntelliJ IDEA Community Edition 2023.2.5\bin;
USERNAME=Don
OS=Windows_NT
PROCESSOR_IDENTIFIER=Intel64 Family 6 Model 140 Stepping 1, GenuineIntel
TMP=C:\Users\Donni\AppData\Local\Temp
TEMP=C:\Users\Donni\AppData\Local\Temp



---------------  S Y S T E M  ---------------

OS: Windows 11 , 64 bit Build 22621 (10.0.22621.2506)
OS uptime: 2 days 12:16 hours

CPU:total 8 (initial active 8) (4 cores per cpu, 2 threads per core) family 6 model 140 stepping 1 microcode 0xac, cmov, cx8, fxsr, mmx, sse, sse2, sse3, ssse3, sse4.1, sse4.2, popcnt, avx, avx2, aes, clmul, erms, 3dnowpref, lzcnt, ht, tsc, tscinvbit, bmi1, bmi2, adx, evex, sha, fma

Memory: 4k page, system-wide physical 16091M (6559M free)
TotalPageFile size 17115M (AvailPageFile size 5570M)
current process WorkingSet (physical memory assigned to process): 685M, peak: 689M
current process commit charge ("private bytes"): 732M, peak: 754M

vm_info: OpenJDK 64-Bit Server VM (11.0.22+7-LTS) for windows-amd64 JRE (11.0.22+7-LTS), built on Jan 10 2024 19:54:00 by "Administrator" with MS VC++ 16.10 / 16.11 (VS2019)

END.
