#
# A fatal error has been detected by the Java Runtime Environment:
#
#  Internal Error (c1/c1_LIR.hpp:731), pid=15732, tid=14376
#  Error: ShouldNotReachHere()
#
# JRE version: OpenJDK Runtime Environment Corretto-11.0.22.7.1 (11.0.22+7) (build 11.0.22+7-LTS)
# Java VM: OpenJDK 64-Bit Server VM Corretto-11.0.22.7.1 (11.0.22+7-LTS, mixed mode, tiered, compressed oops, g1 gc, windows-amd64)
# No core dump will be written. Minidumps are not enabled by default on client versions of Windows
#
# If you would like to submit a bug report, please visit:
#   https://github.com/corretto/corretto-11/issues/
#

---------------  S U M M A R Y ------------

Command Line: -agentlib:jdwp=transport=dt_socket,server=n,suspend=y,address=127.0.0.1:56538 -javaagent:C:\Users\Donni\.gradle\caches\modules-2\files-2.1\org.jetbrains.kotlinx\kotlinx-coroutines-core-jvm\1.6.0\f3b8fd26c2e76d2f18cbc36aacb6e349fcb9fd5f\kotlinx-coroutines-core-jvm-1.6.0.jar -Dfile.encoding=windows-1252 -Duser.country=US -Duser.language=en -Duser.variant -ea com.piggyplugins.PluginTester

Host: 11th Gen Intel(R) Core(TM) i5-1145G7 @ 2.60GHz, 8 cores, 15G,  Windows 11 , 64 bit Build 22621 (10.0.22621.2506)
Time: Tue Feb 13 11:14:00 2024 Mountain Standard Time elapsed time: 25.819220 seconds (0d 0h 0m 25s)

---------------  T H R E A D  ---------------

Current thread (0x000001ebe2c6b800):  JavaThread "C1 CompilerThread0" daemon [_thread_in_native, id=14376, stack(0x0000000690500000,0x0000000690600000)]


Current CompileTask:
C1:  25819 11724 %     3       org.bouncycastle.math.raw.Nat256::mul @ 292 (637 bytes)

Stack: [0x0000000690500000,0x0000000690600000]
Native frames: (J=compiled Java code, j=interpreted, Vv=VM code, C=native code)
V  [jvm.dll+0x64585a]
V  [jvm.dll+0x7d9bb9]
V  [jvm.dll+0x7db2b9]
V  [jvm.dll+0x7db957]
V  [jvm.dll+0x26941c]
V  [jvm.dll+0x269363]
V  [jvm.dll+0x1760a9]
V  [jvm.dll+0x171ea4]
V  [jvm.dll+0x168c0e]
V  [jvm.dll+0x1552d0]
V  [jvm.dll+0x13c659]
V  [jvm.dll+0x13bf8f]
V  [jvm.dll+0x13c1c4]
V  [jvm.dll+0x13b512]
V  [jvm.dll+0x13d3ac]
V  [jvm.dll+0x2305e9]
V  [jvm.dll+0x22e75f]
V  [jvm.dll+0x79ae51]
V  [jvm.dll+0x793b24]
V  [jvm.dll+0x644615]
C  [ucrtbase.dll+0x29363]
C  [KERNEL32.DLL+0x1257d]
C  [ntdll.dll+0x5aa58]


---------------  P R O C E S S  ---------------

Threads class SMR info:
_java_thread_list=0x000001ebec970830, length=41, elements={
0x000001ebe2c07000, 0x000001ebe2c08000, 0x000001ebe2c63800, 0x000001ebe2c67000,
0x000001ebe2c69000, 0x000001ebe2c6a800, 0x000001ebe2c6b800, 0x000001ebe2c6c800,
0x000001ebe2be0800, 0x000001ebe2ee4000, 0x000001ebe307a800, 0x000001ebe307b800,
0x000001ebe373f000, 0x000001ebe467d000, 0x000001ebe526d000, 0x000001ebe46e2800,
0x000001ebe47db000, 0x000001ebe474d800, 0x000001ebe5822800, 0x000001ebe51ff800,
0x000001ebe52da000, 0x000001ebe5920800, 0x000001ebe591d800, 0x000001ebe591e000,
0x000001ebe591b800, 0x000001ebe591f800, 0x000001ebe591b000, 0x000001ebe5921800,
0x000001ebe591c800, 0x000001ebe9527000, 0x000001ebe9524000, 0x000001ebe9525000,
0x000001ebe9526800, 0x000001ebe9522800, 0x000001ebe9529000, 0x000001ebe9523000,
0x000001ebe952a800, 0x000001ebe952b800, 0x000001ebec49c800, 0x000001ebec49e800,
0x000001ebe952e800
}

Java Threads: ( => current thread )
  0x000001ebe2c07000 JavaThread "Reference Handler" daemon [_thread_blocked, id=5092, stack(0x000000068ff00000,0x0000000690000000)]
  0x000001ebe2c08000 JavaThread "Finalizer" daemon [_thread_blocked, id=10348, stack(0x0000000690000000,0x0000000690100000)]
  0x000001ebe2c63800 JavaThread "Signal Dispatcher" daemon [_thread_blocked, id=15200, stack(0x0000000690100000,0x0000000690200000)]
  0x000001ebe2c67000 JavaThread "Attach Listener" daemon [_thread_blocked, id=8856, stack(0x0000000690200000,0x0000000690300000)]
  0x000001ebe2c69000 JavaThread "Service Thread" daemon [_thread_blocked, id=15292, stack(0x0000000690300000,0x0000000690400000)]
  0x000001ebe2c6a800 JavaThread "C2 CompilerThread0" daemon [_thread_in_native, id=16132, stack(0x0000000690400000,0x0000000690500000)]
=>0x000001ebe2c6b800 JavaThread "C1 CompilerThread0" daemon [_thread_in_native, id=14376, stack(0x0000000690500000,0x0000000690600000)]
  0x000001ebe2c6c800 JavaThread "Sweeper thread" daemon [_thread_blocked, id=7404, stack(0x0000000690600000,0x0000000690700000)]
  0x000001ebe2be0800 JavaThread "Common-Cleaner" daemon [_thread_blocked, id=11896, stack(0x0000000690700000,0x0000000690800000)]
  0x000001ebe2ee4000 JavaThread "JDWP Transport Listener: dt_socket" daemon [_thread_blocked, id=8716, stack(0x0000000690900000,0x0000000690a00000)]
  0x000001ebe307a800 JavaThread "JDWP Event Helper Thread" daemon [_thread_blocked, id=13184, stack(0x0000000690a00000,0x0000000690b00000)]
  0x000001ebe307b800 JavaThread "JDWP Command Reader" daemon [_thread_in_native, id=720, stack(0x0000000690b00000,0x0000000690c00000)]
  0x000001ebe373f000 JavaThread "Coroutines Debugger Cleaner" daemon [_thread_blocked, id=14664, stack(0x0000000690c00000,0x0000000690d00000)]
  0x000001ebe467d000 JavaThread "Java2D Disposer" daemon [_thread_blocked, id=4008, stack(0x0000000690e00000,0x0000000690f00000)]
  0x000001ebe526d000 JavaThread "AWT-Shutdown" [_thread_blocked, id=8400, stack(0x0000000691700000,0x0000000691800000)]
  0x000001ebe46e2800 JavaThread "AWT-Windows" daemon [_thread_in_native, id=3208, stack(0x0000000691800000,0x0000000691900000)]
  0x000001ebe47db000 JavaThread "AWT-EventQueue-0" [_thread_blocked, id=12108, stack(0x0000000691a00000,0x0000000691b00000)]
  0x000001ebe474d800 JavaThread "TimerQueue" daemon [_thread_blocked, id=4932, stack(0x0000000691b00000,0x0000000691c00000)]
  0x000001ebe5822800 JavaThread "OkHttp Dispatcher" [_thread_blocked, id=15864, stack(0x0000000691d00000,0x0000000691e00000)]
  0x000001ebe51ff800 JavaThread "OkHttp static.runelite.net Writer" [_thread_blocked, id=5484, stack(0x0000000692000000,0x0000000692100000)]
  0x000001ebe52da000 JavaThread "OkHttp static.runelite.net" [_thread_in_native, id=1632, stack(0x0000000692100000,0x0000000692200000)]
  0x000001ebe5920800 JavaThread "OkHttp ConnectionPool" daemon [_thread_blocked, id=10344, stack(0x0000000692200000,0x0000000692300000)]
  0x000001ebe591d800 JavaThread "Okio Watchdog" daemon [_thread_blocked, id=16328, stack(0x0000000692300000,0x0000000692400000)]
  0x000001ebe591e000 JavaThread "OkHttp Http2Connection" daemon [_thread_blocked, id=8032, stack(0x0000000692400000,0x0000000692500000)]
  0x000001ebe591b800 JavaThread "pool-2-thread-1" [_thread_blocked, id=1420, stack(0x0000000692700000,0x0000000692800000)]
  0x000001ebe591f800 JavaThread "Thread-2" daemon [_thread_blocked, id=16000, stack(0x0000000691e00000,0x0000000691f00000)]
  0x000001ebe591b000 JavaThread "Client" daemon [_thread_in_Java, id=10808, stack(0x0000000692900000,0x0000000692a00000)]
  0x000001ebe5921800 JavaThread "Thread-4" daemon [_thread_in_native, id=8064, stack(0x0000000691c00000,0x0000000691d00000)]
  0x000001ebe591c800 JavaThread "Thread-5" daemon [_thread_in_native, id=14948, stack(0x0000000692b00000,0x0000000692c00000)]
  0x000001ebe9527000 JavaThread "Thread-6" daemon [_thread_blocked, id=12020, stack(0x0000000692c00000,0x0000000692d00000)]
  0x000001ebe9524000 JavaThread "cache io" daemon [_thread_blocked, id=15052, stack(0x0000000692d00000,0x0000000692e00000)]
  0x000001ebe9525000 JavaThread "Java Sound Event Dispatcher" daemon [_thread_blocked, id=9176, stack(0x0000000693000000,0x0000000693100000)]
  0x000001ebe9526800 JavaThread "Sound Engine" [_thread_blocked, id=14100, stack(0x0000000693400000,0x0000000693500000)]
  0x000001ebe9522800 JavaThread "Thread-8" daemon [_thread_blocked, id=15428, stack(0x0000000693700000,0x0000000693800000)]
  0x000001ebe9529000 JavaThread "pool-5-thread-1" [_thread_in_native, id=11704, stack(0x0000000693a00000,0x0000000693b00000)]
  0x000001ebe9523000 JavaThread "DestroyJavaVM" [_thread_blocked, id=15212, stack(0x000000068f800000,0x000000068f900000)]
  0x000001ebe952a800 JavaThread "Thread-10" daemon [_thread_in_native, id=11144, stack(0x0000000690800000,0x0000000690900000)]
  0x000001ebe952b800 JavaThread "Thread-11" daemon [_thread_blocked, id=4556, stack(0x0000000692800000,0x0000000692900000)]
  0x000001ebec49c800 JavaThread "C2 CompilerThread1" daemon [_thread_in_native, id=8252, stack(0x0000000693600000,0x0000000693700000)]
  0x000001ebec49e800 JavaThread "C2 CompilerThread2" daemon [_thread_in_native, id=6424, stack(0x0000000693900000,0x0000000693a00000)]
  0x000001ebe952e800 JavaThread "crmsession-rest-request-1" daemon [_thread_in_native, id=2552, stack(0x0000000693c00000,0x0000000693d00000)]

Other Threads:
  0x000001ebe235d800 VMThread "VM Thread" [stack: 0x000000068fe00000,0x000000068ff00000] [id=9500]
  0x000001ebe35d2000 WatcherThread [stack: 0x0000000690d00000,0x0000000690e00000] [id=4236]
  0x000001ebbe7c2000 GCTaskThread "GC Thread#0" [stack: 0x000000068f900000,0x000000068fa00000] [id=8468]
  0x000001ebe37e7000 GCTaskThread "GC Thread#1" [stack: 0x0000000690f00000,0x0000000691000000] [id=4704]
  0x000001ebe3a18000 GCTaskThread "GC Thread#2" [stack: 0x0000000691000000,0x0000000691100000] [id=6060]
  0x000001ebe3a18800 GCTaskThread "GC Thread#3" [stack: 0x0000000691100000,0x0000000691200000] [id=12212]
  0x000001ebe39ad000 GCTaskThread "GC Thread#4" [stack: 0x0000000691200000,0x0000000691300000] [id=4376]
  0x000001ebe39ae000 GCTaskThread "GC Thread#5" [stack: 0x0000000691300000,0x0000000691400000] [id=6296]
  0x000001ebe5b73000 GCTaskThread "GC Thread#6" [stack: 0x0000000692500000,0x0000000692600000] [id=13796]
  0x000001ebe5b74000 GCTaskThread "GC Thread#7" [stack: 0x0000000692600000,0x0000000692700000] [id=13744]
  0x000001ebbe81c800 ConcurrentGCThread "G1 Main Marker" [stack: 0x000000068fa00000,0x000000068fb00000] [id=5536]
  0x000001ebbe81e800 ConcurrentGCThread "G1 Conc#0" [stack: 0x000000068fb00000,0x000000068fc00000] [id=14136]
  0x000001ebe4756800 ConcurrentGCThread "G1 Conc#1" [stack: 0x0000000691900000,0x0000000691a00000] [id=12976]
  0x000001ebe2241800 ConcurrentGCThread "G1 Refine#0" [stack: 0x000000068fc00000,0x000000068fd00000] [id=10724]
  0x000001ebe334d000 ConcurrentGCThread "G1 Refine#1" [stack: 0x0000000691400000,0x0000000691500000] [id=9720]
  0x000001ebe373f800 ConcurrentGCThread "G1 Refine#2" [stack: 0x0000000691500000,0x0000000691600000] [id=14224]
  0x000001ebe2242800 ConcurrentGCThread "G1 Young RemSet Sampling" [stack: 0x000000068fd00000,0x000000068fe00000] [id=13980]

Threads with active compile tasks:
C2 CompilerThread0    25839 11586 % !   4       jt::nj @ 5154 (6679 bytes)
C1 CompilerThread0    25839 11724 %     3       org.bouncycastle.math.raw.Nat256::mul @ 292 (637 bytes)
C2 CompilerThread1    25839 11595       4       ko::bk (2003 bytes)
C2 CompilerThread2    25839 11391       4       client::oa (204 bytes)

VM state:not at safepoint (normal execution)

VM Mutex/Monitor currently owned by a thread: None

Heap address: 0x0000000704800000, size: 4024 MB, Compressed Oops mode: Zero based, Oop shift amount: 3
Narrow klass base: 0x0000000800000000, Narrow klass shift: 0
Compressed class space size: 1073741824 Address: 0x0000000800000000

Heap:
 garbage-first heap   total 384000K, used 206385K [0x0000000704800000, 0x0000000800000000)
  region size 1024K, 49 young (50176K), 24 survivors (24576K)
 Metaspace       used 89794K, capacity 92922K, committed 93056K, reserved 1132544K
  class space    used 9330K, capacity 10603K, committed 10624K, reserved 1048576K
Heap Regions: E=young(eden), S=young(survivor), O=old, HS=humongous(starts), HC=humongous(continues), CS=collection set, F=free, A=archive, TAMS=top-at-mark-start (previous, next)
|   0|0x0000000704800000, 0x0000000704900000, 0x0000000704900000|100%| O|  |TAMS 0x0000000704900000, 0x0000000704800000| Untracked 
|   1|0x0000000704900000, 0x0000000704a00000, 0x0000000704a00000|100%| O|  |TAMS 0x0000000704a00000, 0x0000000704900000| Untracked 
|   2|0x0000000704a00000, 0x0000000704b00000, 0x0000000704b00000|100%| O|  |TAMS 0x0000000704b00000, 0x0000000704a00000| Untracked 
|   3|0x0000000704b00000, 0x0000000704c00000, 0x0000000704c00000|100%| O|  |TAMS 0x0000000704c00000, 0x0000000704b00000| Untracked 
|   4|0x0000000704c00000, 0x0000000704d00000, 0x0000000704d00000|100%| O|  |TAMS 0x0000000704d00000, 0x0000000704c00000| Untracked 
|   5|0x0000000704d00000, 0x0000000704e00000, 0x0000000704e00000|100%| O|  |TAMS 0x0000000704e00000, 0x0000000704d00000| Untracked 
|   6|0x0000000704e00000, 0x0000000704f00000, 0x0000000704f00000|100%| O|  |TAMS 0x0000000704f00000, 0x0000000704e00000| Untracked 
|   7|0x0000000704f00000, 0x0000000705000000, 0x0000000705000000|100%|HS|  |TAMS 0x0000000705000000, 0x0000000704f00000| Complete 
|   8|0x0000000705000000, 0x0000000705100000, 0x0000000705100000|100%|HC|  |TAMS 0x0000000705100000, 0x0000000705000000| Complete 
|   9|0x0000000705100000, 0x0000000705200000, 0x0000000705200000|100%|HC|  |TAMS 0x0000000705200000, 0x0000000705100000| Complete 
|  10|0x0000000705200000, 0x0000000705300000, 0x0000000705300000|100%| O|  |TAMS 0x0000000705200000, 0x0000000705200000| Untracked 
|  11|0x0000000705300000, 0x0000000705400000, 0x0000000705400000|100%| O|  |TAMS 0x0000000705300000, 0x0000000705300000| Untracked 
|  12|0x0000000705400000, 0x0000000705500000, 0x0000000705500000|100%| O|  |TAMS 0x0000000705400000, 0x0000000705400000| Untracked 
|  13|0x0000000705500000, 0x0000000705600000, 0x0000000705600000|100%| O|  |TAMS 0x0000000705600000, 0x0000000705500000| Untracked 
|  14|0x0000000705600000, 0x0000000705700000, 0x0000000705700000|100%| O|  |TAMS 0x0000000705700000, 0x0000000705600000| Untracked 
|  15|0x0000000705700000, 0x0000000705800000, 0x0000000705800000|100%| O|  |TAMS 0x0000000705800000, 0x0000000705700000| Untracked 
|  16|0x0000000705800000, 0x0000000705900000, 0x0000000705900000|100%| O|  |TAMS 0x00000007058e1a00, 0x0000000705800000| Untracked 
|  17|0x0000000705900000, 0x0000000705a00000, 0x0000000705a00000|100%|HS|  |TAMS 0x0000000705a00000, 0x0000000705900000| Complete 
|  18|0x0000000705a00000, 0x0000000705b00000, 0x0000000705b00000|100%|HC|  |TAMS 0x0000000705b00000, 0x0000000705a00000| Complete 
|  19|0x0000000705b00000, 0x0000000705c00000, 0x0000000705c00000|100%|HS|  |TAMS 0x0000000705c00000, 0x0000000705b00000| Complete 
|  20|0x0000000705c00000, 0x0000000705d00000, 0x0000000705d00000|100%|HC|  |TAMS 0x0000000705d00000, 0x0000000705c00000| Complete 
|  21|0x0000000705d00000, 0x0000000705e00000, 0x0000000705e00000|100%|HS|  |TAMS 0x0000000705e00000, 0x0000000705d00000| Complete 
|  22|0x0000000705e00000, 0x0000000705f00000, 0x0000000705f00000|100%|HC|  |TAMS 0x0000000705f00000, 0x0000000705e00000| Complete 
|  23|0x0000000705f00000, 0x0000000706000000, 0x0000000706000000|100%|HS|  |TAMS 0x0000000706000000, 0x0000000705f00000| Complete 
|  24|0x0000000706000000, 0x0000000706100000, 0x0000000706100000|100%|HC|  |TAMS 0x0000000706100000, 0x0000000706000000| Complete 
|  25|0x0000000706100000, 0x0000000706200000, 0x0000000706200000|100%|HS|  |TAMS 0x0000000706200000, 0x0000000706100000| Complete 
|  26|0x0000000706200000, 0x0000000706300000, 0x0000000706300000|100%|HC|  |TAMS 0x0000000706300000, 0x0000000706200000| Complete 
|  27|0x0000000706300000, 0x0000000706400000, 0x0000000706400000|100%|HS|  |TAMS 0x0000000706400000, 0x0000000706300000| Complete 
|  28|0x0000000706400000, 0x0000000706500000, 0x0000000706500000|100%|HC|  |TAMS 0x0000000706500000, 0x0000000706400000| Complete 
|  29|0x0000000706500000, 0x0000000706600000, 0x0000000706600000|100%|HS|  |TAMS 0x0000000706600000, 0x0000000706500000| Complete 
|  30|0x0000000706600000, 0x0000000706700000, 0x0000000706700000|100%|HC|  |TAMS 0x0000000706700000, 0x0000000706600000| Complete 
|  31|0x0000000706700000, 0x0000000706800000, 0x0000000706800000|100%|HS|  |TAMS 0x0000000706800000, 0x0000000706700000| Complete 
|  32|0x0000000706800000, 0x0000000706900000, 0x0000000706900000|100%|HC|  |TAMS 0x0000000706900000, 0x0000000706800000| Complete 
|  33|0x0000000706900000, 0x0000000706a00000, 0x0000000706a00000|100%|HC|  |TAMS 0x0000000706a00000, 0x0000000706900000| Complete 
|  34|0x0000000706a00000, 0x0000000706b00000, 0x0000000706b00000|100%|HC|  |TAMS 0x0000000706b00000, 0x0000000706a00000| Complete 
|  35|0x0000000706b00000, 0x0000000706c00000, 0x0000000706c00000|100%|HC|  |TAMS 0x0000000706c00000, 0x0000000706b00000| Complete 
|  36|0x0000000706c00000, 0x0000000706d00000, 0x0000000706d00000|100%|HC|  |TAMS 0x0000000706d00000, 0x0000000706c00000| Complete 
|  37|0x0000000706d00000, 0x0000000706e00000, 0x0000000706e00000|100%|HS|  |TAMS 0x0000000706e00000, 0x0000000706d00000| Complete 
|  38|0x0000000706e00000, 0x0000000706f00000, 0x0000000706f00000|100%|HC|  |TAMS 0x0000000706f00000, 0x0000000706e00000| Complete 
|  39|0x0000000706f00000, 0x0000000707000000, 0x0000000707000000|100%|HS|  |TAMS 0x0000000707000000, 0x0000000706f00000| Complete 
|  40|0x0000000707000000, 0x0000000707100000, 0x0000000707100000|100%|HC|  |TAMS 0x0000000707100000, 0x0000000707000000| Complete 
|  41|0x0000000707100000, 0x0000000707200000, 0x0000000707200000|100%|HS|  |TAMS 0x0000000707200000, 0x0000000707100000| Complete 
|  42|0x0000000707200000, 0x0000000707300000, 0x0000000707300000|100%|HC|  |TAMS 0x0000000707300000, 0x0000000707200000| Complete 
|  43|0x0000000707300000, 0x0000000707400000, 0x0000000707400000|100%|HS|  |TAMS 0x0000000707300000, 0x0000000707300000| Complete 
|  44|0x0000000707400000, 0x0000000707500000, 0x0000000707500000|100%|HS|  |TAMS 0x0000000707400000, 0x0000000707400000| Complete 
|  45|0x0000000707500000, 0x0000000707600000, 0x0000000707600000|100%| O|  |TAMS 0x0000000707500000, 0x0000000707500000| Untracked 
|  46|0x0000000707600000, 0x0000000707700000, 0x0000000707700000|100%| O|  |TAMS 0x0000000707600000, 0x0000000707600000| Untracked 
|  47|0x0000000707700000, 0x0000000707800000, 0x0000000707800000|100%| O|  |TAMS 0x0000000707700000, 0x0000000707700000| Untracked 
|  48|0x0000000707800000, 0x0000000707900000, 0x0000000707900000|100%| O|  |TAMS 0x0000000707800000, 0x0000000707800000| Untracked 
|  49|0x0000000707900000, 0x0000000707a00000, 0x0000000707a00000|100%| O|  |TAMS 0x0000000707900000, 0x0000000707900000| Untracked 
|  50|0x0000000707a00000, 0x0000000707b00000, 0x0000000707b00000|100%| O|  |TAMS 0x0000000707a00000, 0x0000000707a00000| Untracked 
|  51|0x0000000707b00000, 0x0000000707c00000, 0x0000000707c00000|100%| O|  |TAMS 0x0000000707b00000, 0x0000000707b00000| Untracked 
|  52|0x0000000707c00000, 0x0000000707d00000, 0x0000000707d00000|100%| O|  |TAMS 0x0000000707c00000, 0x0000000707c00000| Untracked 
|  53|0x0000000707d00000, 0x0000000707e00000, 0x0000000707e00000|100%| O|  |TAMS 0x0000000707d00000, 0x0000000707d00000| Untracked 
|  54|0x0000000707e00000, 0x0000000707f00000, 0x0000000707f00000|100%| O|  |TAMS 0x0000000707e00000, 0x0000000707e00000| Untracked 
|  55|0x0000000707f00000, 0x0000000708000000, 0x0000000708000000|100%| O|  |TAMS 0x0000000707f00000, 0x0000000707f00000| Untracked 
|  56|0x0000000708000000, 0x0000000708100000, 0x0000000708100000|100%| O|  |TAMS 0x0000000708000000, 0x0000000708000000| Untracked 
|  57|0x0000000708100000, 0x0000000708200000, 0x0000000708200000|100%| O|  |TAMS 0x0000000708100000, 0x0000000708100000| Untracked 
|  58|0x0000000708200000, 0x0000000708300000, 0x0000000708300000|100%| O|  |TAMS 0x0000000708200000, 0x0000000708200000| Untracked 
|  59|0x0000000708300000, 0x0000000708400000, 0x0000000708400000|100%| O|  |TAMS 0x0000000708300000, 0x0000000708300000| Untracked 
|  60|0x0000000708400000, 0x0000000708500000, 0x0000000708500000|100%| O|  |TAMS 0x0000000708400000, 0x0000000708400000| Untracked 
|  61|0x0000000708500000, 0x0000000708600000, 0x0000000708600000|100%| O|  |TAMS 0x0000000708500000, 0x0000000708500000| Untracked 
|  62|0x0000000708600000, 0x0000000708700000, 0x0000000708700000|100%| O|  |TAMS 0x0000000708600000, 0x0000000708600000| Untracked 
|  63|0x0000000708700000, 0x0000000708800000, 0x0000000708800000|100%| O|  |TAMS 0x0000000708700000, 0x0000000708700000| Untracked 
|  64|0x0000000708800000, 0x0000000708900000, 0x0000000708900000|100%| O|  |TAMS 0x0000000708800000, 0x0000000708800000| Untracked 
|  65|0x0000000708900000, 0x0000000708a00000, 0x0000000708a00000|100%| O|  |TAMS 0x0000000708900000, 0x0000000708900000| Untracked 
|  66|0x0000000708a00000, 0x0000000708b00000, 0x0000000708b00000|100%| O|  |TAMS 0x0000000708a00000, 0x0000000708a00000| Untracked 
|  67|0x0000000708b00000, 0x0000000708c00000, 0x0000000708c00000|100%| O|  |TAMS 0x0000000708b00000, 0x0000000708b00000| Untracked 
|  68|0x0000000708c00000, 0x0000000708d00000, 0x0000000708d00000|100%| O|  |TAMS 0x0000000708c00000, 0x0000000708c00000| Untracked 
|  69|0x0000000708d00000, 0x0000000708e00000, 0x0000000708e00000|100%| O|  |TAMS 0x0000000708d00000, 0x0000000708d00000| Untracked 
|  70|0x0000000708e00000, 0x0000000708f00000, 0x0000000708f00000|100%| O|  |TAMS 0x0000000708e00000, 0x0000000708e00000| Untracked 
|  71|0x0000000708f00000, 0x0000000709000000, 0x0000000709000000|100%| O|  |TAMS 0x0000000708f00000, 0x0000000708f00000| Untracked 
|  72|0x0000000709000000, 0x0000000709100000, 0x0000000709100000|100%| O|  |TAMS 0x0000000709000000, 0x0000000709000000| Untracked 
|  73|0x0000000709100000, 0x0000000709200000, 0x0000000709200000|100%| O|  |TAMS 0x0000000709100000, 0x0000000709100000| Untracked 
|  74|0x0000000709200000, 0x0000000709300000, 0x0000000709300000|100%| O|  |TAMS 0x0000000709200000, 0x0000000709200000| Untracked 
|  75|0x0000000709300000, 0x0000000709400000, 0x0000000709400000|100%| O|  |TAMS 0x0000000709300000, 0x0000000709300000| Untracked 
|  76|0x0000000709400000, 0x0000000709500000, 0x0000000709500000|100%| O|  |TAMS 0x0000000709400000, 0x0000000709400000| Untracked 
|  77|0x0000000709500000, 0x0000000709600000, 0x0000000709600000|100%| O|  |TAMS 0x0000000709500000, 0x0000000709500000| Untracked 
|  78|0x0000000709600000, 0x0000000709700000, 0x0000000709700000|100%| O|  |TAMS 0x0000000709600000, 0x0000000709600000| Untracked 
|  79|0x0000000709700000, 0x0000000709800000, 0x0000000709800000|100%| O|  |TAMS 0x0000000709700000, 0x0000000709700000| Untracked 
|  80|0x0000000709800000, 0x0000000709900000, 0x0000000709900000|100%| O|  |TAMS 0x0000000709800000, 0x0000000709800000| Untracked 
|  81|0x0000000709900000, 0x0000000709a00000, 0x0000000709a00000|100%| O|  |TAMS 0x0000000709900000, 0x0000000709900000| Untracked 
|  82|0x0000000709a00000, 0x0000000709b00000, 0x0000000709b00000|100%| O|  |TAMS 0x0000000709a00000, 0x0000000709a00000| Untracked 
|  83|0x0000000709b00000, 0x0000000709c00000, 0x0000000709c00000|100%| O|  |TAMS 0x0000000709b00000, 0x0000000709b00000| Untracked 
|  84|0x0000000709c00000, 0x0000000709d00000, 0x0000000709d00000|100%| O|  |TAMS 0x0000000709c00000, 0x0000000709c00000| Untracked 
|  85|0x0000000709d00000, 0x0000000709e00000, 0x0000000709e00000|100%| O|  |TAMS 0x0000000709d00000, 0x0000000709d00000| Untracked 
|  86|0x0000000709e00000, 0x0000000709f00000, 0x0000000709f00000|100%| O|  |TAMS 0x0000000709e00000, 0x0000000709e00000| Untracked 
|  87|0x0000000709f00000, 0x000000070a000000, 0x000000070a000000|100%| O|  |TAMS 0x0000000709f00000, 0x0000000709f00000| Untracked 
|  88|0x000000070a000000, 0x000000070a100000, 0x000000070a100000|100%| O|  |TAMS 0x000000070a000000, 0x000000070a000000| Untracked 
|  89|0x000000070a100000, 0x000000070a200000, 0x000000070a200000|100%| O|  |TAMS 0x000000070a100000, 0x000000070a100000| Untracked 
|  90|0x000000070a200000, 0x000000070a300000, 0x000000070a300000|100%| O|  |TAMS 0x000000070a200000, 0x000000070a200000| Untracked 
|  91|0x000000070a300000, 0x000000070a400000, 0x000000070a400000|100%| O|  |TAMS 0x000000070a300000, 0x000000070a300000| Untracked 
|  92|0x000000070a400000, 0x000000070a500000, 0x000000070a500000|100%| O|  |TAMS 0x000000070a400000, 0x000000070a400000| Untracked 
|  93|0x000000070a500000, 0x000000070a600000, 0x000000070a600000|100%| O|  |TAMS 0x000000070a500000, 0x000000070a500000| Untracked 
|  94|0x000000070a600000, 0x000000070a700000, 0x000000070a700000|100%| O|  |TAMS 0x000000070a600000, 0x000000070a600000| Untracked 
|  95|0x000000070a700000, 0x000000070a800000, 0x000000070a800000|100%| O|  |TAMS 0x000000070a700000, 0x000000070a700000| Untracked 
|  96|0x000000070a800000, 0x000000070a900000, 0x000000070a900000|100%| O|  |TAMS 0x000000070a800000, 0x000000070a800000| Untracked 
|  97|0x000000070a900000, 0x000000070aa00000, 0x000000070aa00000|100%| O|  |TAMS 0x000000070a900000, 0x000000070a900000| Untracked 
|  98|0x000000070aa00000, 0x000000070ab00000, 0x000000070ab00000|100%| O|  |TAMS 0x000000070aa00000, 0x000000070aa00000| Untracked 
|  99|0x000000070ab00000, 0x000000070ac00000, 0x000000070ac00000|100%| O|  |TAMS 0x000000070ab00000, 0x000000070ab00000| Untracked 
| 100|0x000000070ac00000, 0x000000070ad00000, 0x000000070ad00000|100%| O|  |TAMS 0x000000070ac00000, 0x000000070ac00000| Untracked 
| 101|0x000000070ad00000, 0x000000070ae00000, 0x000000070ae00000|100%| O|  |TAMS 0x000000070ad00000, 0x000000070ad00000| Untracked 
| 102|0x000000070ae00000, 0x000000070af00000, 0x000000070af00000|100%| O|  |TAMS 0x000000070ae00000, 0x000000070ae00000| Untracked 
| 103|0x000000070af00000, 0x000000070b000000, 0x000000070b000000|100%| O|  |TAMS 0x000000070af00000, 0x000000070af00000| Untracked 
| 104|0x000000070b000000, 0x000000070b100000, 0x000000070b100000|100%| O|  |TAMS 0x000000070b000000, 0x000000070b000000| Untracked 
| 105|0x000000070b100000, 0x000000070b200000, 0x000000070b200000|100%| O|  |TAMS 0x000000070b100000, 0x000000070b100000| Untracked 
| 106|0x000000070b200000, 0x000000070b300000, 0x000000070b300000|100%| O|  |TAMS 0x000000070b200000, 0x000000070b200000| Untracked 
| 107|0x000000070b300000, 0x000000070b400000, 0x000000070b400000|100%| O|  |TAMS 0x000000070b300000, 0x000000070b300000| Untracked 
| 108|0x000000070b400000, 0x000000070b500000, 0x000000070b500000|100%| O|  |TAMS 0x000000070b400000, 0x000000070b400000| Untracked 
| 109|0x000000070b500000, 0x000000070b500000, 0x000000070b600000|  0%| F|  |TAMS 0x000000070b500000, 0x000000070b500000| Untracked 
| 110|0x000000070b600000, 0x000000070b600000, 0x000000070b700000|  0%| F|  |TAMS 0x000000070b600000, 0x000000070b600000| Untracked 
| 111|0x000000070b700000, 0x000000070b800000, 0x000000070b800000|100%|HS|  |TAMS 0x000000070b700000, 0x000000070b700000| Complete 
| 112|0x000000070b800000, 0x000000070b900000, 0x000000070b900000|100%|HC|  |TAMS 0x000000070b800000, 0x000000070b800000| Complete 
| 113|0x000000070b900000, 0x000000070ba00000, 0x000000070ba00000|100%|HS|  |TAMS 0x000000070b900000, 0x000000070b900000| Complete 
| 114|0x000000070ba00000, 0x000000070bb00000, 0x000000070bb00000|100%|HC|  |TAMS 0x000000070ba00000, 0x000000070ba00000| Complete 
| 115|0x000000070bb00000, 0x000000070bc00000, 0x000000070bc00000|100%|HS|  |TAMS 0x000000070bb00000, 0x000000070bb00000| Complete 
| 116|0x000000070bc00000, 0x000000070bd00000, 0x000000070bd00000|100%|HC|  |TAMS 0x000000070bc00000, 0x000000070bc00000| Complete 
| 117|0x000000070bd00000, 0x000000070be00000, 0x000000070be00000|100%|HS|  |TAMS 0x000000070bd00000, 0x000000070bd00000| Complete 
| 118|0x000000070be00000, 0x000000070bf00000, 0x000000070bf00000|100%|HC|  |TAMS 0x000000070be00000, 0x000000070be00000| Complete 
| 119|0x000000070bf00000, 0x000000070c000000, 0x000000070c000000|100%|HC|  |TAMS 0x000000070bf00000, 0x000000070bf00000| Complete 
| 120|0x000000070c000000, 0x000000070c100000, 0x000000070c100000|100%|HC|  |TAMS 0x000000070c000000, 0x000000070c000000| Complete 
| 121|0x000000070c100000, 0x000000070c200000, 0x000000070c200000|100%|HC|  |TAMS 0x000000070c100000, 0x000000070c100000| Complete 
| 122|0x000000070c200000, 0x000000070c300000, 0x000000070c300000|100%| O|  |TAMS 0x000000070c200000, 0x000000070c200000| Untracked 
| 123|0x000000070c300000, 0x000000070c400000, 0x000000070c400000|100%| O|  |TAMS 0x000000070c300000, 0x000000070c300000| Untracked 
| 124|0x000000070c400000, 0x000000070c500000, 0x000000070c500000|100%| O|  |TAMS 0x000000070c400000, 0x000000070c400000| Untracked 
| 125|0x000000070c500000, 0x000000070c600000, 0x000000070c600000|100%| O|  |TAMS 0x000000070c500000, 0x000000070c500000| Untracked 
| 126|0x000000070c600000, 0x000000070c700000, 0x000000070c700000|100%| O|  |TAMS 0x000000070c600000, 0x000000070c600000| Untracked 
| 127|0x000000070c700000, 0x000000070c800000, 0x000000070c800000|100%| O|  |TAMS 0x000000070c700000, 0x000000070c700000| Untracked 
| 128|0x000000070c800000, 0x000000070c900000, 0x000000070c900000|100%| O|  |TAMS 0x000000070c800000, 0x000000070c800000| Untracked 
| 129|0x000000070c900000, 0x000000070ca00000, 0x000000070ca00000|100%| O|  |TAMS 0x000000070c900000, 0x000000070c900000| Untracked 
| 130|0x000000070ca00000, 0x000000070cb00000, 0x000000070cb00000|100%|HS|  |TAMS 0x000000070ca00000, 0x000000070ca00000| Complete 
| 131|0x000000070cb00000, 0x000000070cc00000, 0x000000070cc00000|100%|HC|  |TAMS 0x000000070cb00000, 0x000000070cb00000| Complete 
| 132|0x000000070cc00000, 0x000000070cd00000, 0x000000070cd00000|100%|HS|  |TAMS 0x000000070cc00000, 0x000000070cc00000| Complete 
| 133|0x000000070cd00000, 0x000000070ce00000, 0x000000070ce00000|100%|HC|  |TAMS 0x000000070cd00000, 0x000000070cd00000| Complete 
| 134|0x000000070ce00000, 0x000000070cf00000, 0x000000070cf00000|100%|HS|  |TAMS 0x000000070ce00000, 0x000000070ce00000| Complete 
| 135|0x000000070cf00000, 0x000000070d000000, 0x000000070d000000|100%|HC|  |TAMS 0x000000070cf00000, 0x000000070cf00000| Complete 
| 136|0x000000070d000000, 0x000000070d100000, 0x000000070d100000|100%|HS|  |TAMS 0x000000070d000000, 0x000000070d000000| Complete 
| 137|0x000000070d100000, 0x000000070d200000, 0x000000070d200000|100%|HC|  |TAMS 0x000000070d100000, 0x000000070d100000| Complete 
| 138|0x000000070d200000, 0x000000070d300000, 0x000000070d300000|100%|HS|  |TAMS 0x000000070d200000, 0x000000070d200000| Complete 
| 139|0x000000070d300000, 0x000000070d400000, 0x000000070d400000|100%|HC|  |TAMS 0x000000070d300000, 0x000000070d300000| Complete 
| 140|0x000000070d400000, 0x000000070d500000, 0x000000070d500000|100%|HC|  |TAMS 0x000000070d400000, 0x000000070d400000| Complete 
| 141|0x000000070d500000, 0x000000070d600000, 0x000000070d600000|100%|HC|  |TAMS 0x000000070d500000, 0x000000070d500000| Complete 
| 142|0x000000070d600000, 0x000000070d700000, 0x000000070d700000|100%|HC|  |TAMS 0x000000070d600000, 0x000000070d600000| Complete 
| 143|0x000000070d700000, 0x000000070d800000, 0x000000070d800000|100%|HC|  |TAMS 0x000000070d700000, 0x000000070d700000| Complete 
| 144|0x000000070d800000, 0x000000070d900000, 0x000000070d900000|100%|HS|  |TAMS 0x000000070d800000, 0x000000070d800000| Complete 
| 145|0x000000070d900000, 0x000000070da00000, 0x000000070da00000|100%|HC|  |TAMS 0x000000070d900000, 0x000000070d900000| Complete 
| 146|0x000000070da00000, 0x000000070da00000, 0x000000070db00000|  0%| F|  |TAMS 0x000000070da00000, 0x000000070da00000| Untracked 
| 147|0x000000070db00000, 0x000000070db00000, 0x000000070dc00000|  0%| F|  |TAMS 0x000000070db00000, 0x000000070db00000| Untracked 
| 148|0x000000070dc00000, 0x000000070dc00000, 0x000000070dd00000|  0%| F|  |TAMS 0x000000070dc00000, 0x000000070dc00000| Untracked 
| 149|0x000000070dd00000, 0x000000070dd00000, 0x000000070de00000|  0%| F|  |TAMS 0x000000070dd00000, 0x000000070dd00000| Untracked 
| 150|0x000000070de00000, 0x000000070df00000, 0x000000070df00000|100%|HS|  |TAMS 0x000000070de00000, 0x000000070de00000| Complete 
| 151|0x000000070df00000, 0x000000070e000000, 0x000000070e000000|100%| S|CS|TAMS 0x000000070df00000, 0x000000070df00000| Complete 
| 152|0x000000070e000000, 0x000000070e100000, 0x000000070e100000|100%| S|CS|TAMS 0x000000070e000000, 0x000000070e000000| Complete 
| 153|0x000000070e100000, 0x000000070e200000, 0x000000070e200000|100%| S|CS|TAMS 0x000000070e100000, 0x000000070e100000| Complete 
| 154|0x000000070e200000, 0x000000070e300000, 0x000000070e300000|100%| S|CS|TAMS 0x000000070e200000, 0x000000070e200000| Complete 
| 155|0x000000070e300000, 0x000000070e400000, 0x000000070e400000|100%| S|CS|TAMS 0x000000070e300000, 0x000000070e300000| Complete 
| 156|0x000000070e400000, 0x000000070e500000, 0x000000070e500000|100%| S|CS|TAMS 0x000000070e400000, 0x000000070e400000| Complete 
| 157|0x000000070e500000, 0x000000070e600000, 0x000000070e600000|100%| S|CS|TAMS 0x000000070e500000, 0x000000070e500000| Complete 
| 158|0x000000070e600000, 0x000000070e700000, 0x000000070e700000|100%| S|CS|TAMS 0x000000070e600000, 0x000000070e600000| Complete 
| 159|0x000000070e700000, 0x000000070e800000, 0x000000070e800000|100%| S|CS|TAMS 0x000000070e700000, 0x000000070e700000| Complete 
| 160|0x000000070e800000, 0x000000070e900000, 0x000000070e900000|100%| S|CS|TAMS 0x000000070e800000, 0x000000070e800000| Complete 
| 161|0x000000070e900000, 0x000000070ea00000, 0x000000070ea00000|100%| S|CS|TAMS 0x000000070e900000, 0x000000070e900000| Complete 
| 162|0x000000070ea00000, 0x000000070eb00000, 0x000000070eb00000|100%| S|CS|TAMS 0x000000070ea00000, 0x000000070ea00000| Complete 
| 163|0x000000070eb00000, 0x000000070ec00000, 0x000000070ec00000|100%| S|CS|TAMS 0x000000070eb00000, 0x000000070eb00000| Complete 
| 164|0x000000070ec00000, 0x000000070ed00000, 0x000000070ed00000|100%| S|CS|TAMS 0x000000070ec00000, 0x000000070ec00000| Complete 
| 165|0x000000070ed00000, 0x000000070ee00000, 0x000000070ee00000|100%| S|CS|TAMS 0x000000070ed00000, 0x000000070ed00000| Complete 
| 166|0x000000070ee00000, 0x000000070ef00000, 0x000000070ef00000|100%| S|CS|TAMS 0x000000070ee00000, 0x000000070ee00000| Complete 
| 167|0x000000070ef00000, 0x000000070f000000, 0x000000070f000000|100%| S|CS|TAMS 0x000000070ef00000, 0x000000070ef00000| Complete 
| 168|0x000000070f000000, 0x000000070f100000, 0x000000070f100000|100%| S|CS|TAMS 0x000000070f000000, 0x000000070f000000| Complete 
| 169|0x000000070f100000, 0x000000070f200000, 0x000000070f200000|100%| S|CS|TAMS 0x000000070f100000, 0x000000070f100000| Complete 
| 170|0x000000070f200000, 0x000000070f300000, 0x000000070f300000|100%| S|CS|TAMS 0x000000070f200000, 0x000000070f200000| Complete 
| 171|0x000000070f300000, 0x000000070f400000, 0x000000070f400000|100%| S|CS|TAMS 0x000000070f300000, 0x000000070f300000| Complete 
| 172|0x000000070f400000, 0x000000070f500000, 0x000000070f500000|100%| S|CS|TAMS 0x000000070f400000, 0x000000070f400000| Complete 
| 173|0x000000070f500000, 0x000000070f500000, 0x000000070f600000|  0%| F|  |TAMS 0x000000070f500000, 0x000000070f500000| Untracked 
| 174|0x000000070f600000, 0x000000070f600000, 0x000000070f700000|  0%| F|  |TAMS 0x000000070f600000, 0x000000070f600000| Untracked 
| 175|0x000000070f700000, 0x000000070f700000, 0x000000070f800000|  0%| F|  |TAMS 0x000000070f700000, 0x000000070f700000| Untracked 
| 176|0x000000070f800000, 0x000000070f800000, 0x000000070f900000|  0%| F|  |TAMS 0x000000070f800000, 0x000000070f800000| Untracked 
| 177|0x000000070f900000, 0x000000070f900000, 0x000000070fa00000|  0%| F|  |TAMS 0x000000070f900000, 0x000000070f900000| Untracked 
| 178|0x000000070fa00000, 0x000000070fa00000, 0x000000070fb00000|  0%| F|  |TAMS 0x000000070fa00000, 0x000000070fa00000| Untracked 
| 179|0x000000070fb00000, 0x000000070fb00000, 0x000000070fc00000|  0%| F|  |TAMS 0x000000070fb00000, 0x000000070fb00000| Untracked 
| 180|0x000000070fc00000, 0x000000070fc00000, 0x000000070fd00000|  0%| F|  |TAMS 0x000000070fc00000, 0x000000070fc00000| Untracked 
| 181|0x000000070fd00000, 0x000000070fd00000, 0x000000070fe00000|  0%| F|  |TAMS 0x000000070fd00000, 0x000000070fd00000| Untracked 
| 182|0x000000070fe00000, 0x000000070fe00000, 0x000000070ff00000|  0%| F|  |TAMS 0x000000070fe00000, 0x000000070fe00000| Untracked 
| 183|0x000000070ff00000, 0x000000070ff00000, 0x0000000710000000|  0%| F|  |TAMS 0x000000070ff00000, 0x000000070ff00000| Untracked 
| 184|0x0000000710000000, 0x0000000710000000, 0x0000000710100000|  0%| F|  |TAMS 0x0000000710000000, 0x0000000710000000| Untracked 
| 185|0x0000000710100000, 0x0000000710100000, 0x0000000710200000|  0%| F|  |TAMS 0x0000000710100000, 0x0000000710100000| Untracked 
| 186|0x0000000710200000, 0x0000000710200000, 0x0000000710300000|  0%| F|  |TAMS 0x0000000710200000, 0x0000000710200000| Untracked 
| 187|0x0000000710300000, 0x0000000710300000, 0x0000000710400000|  0%| F|  |TAMS 0x0000000710300000, 0x0000000710300000| Untracked 
| 188|0x0000000710400000, 0x0000000710400000, 0x0000000710500000|  0%| F|  |TAMS 0x0000000710400000, 0x0000000710400000| Untracked 
| 189|0x0000000710500000, 0x0000000710500000, 0x0000000710600000|  0%| F|  |TAMS 0x0000000710500000, 0x0000000710500000| Untracked 
| 190|0x0000000710600000, 0x0000000710600000, 0x0000000710700000|  0%| F|  |TAMS 0x0000000710600000, 0x0000000710600000| Untracked 
| 191|0x0000000710700000, 0x0000000710700000, 0x0000000710800000|  0%| F|  |TAMS 0x0000000710700000, 0x0000000710700000| Untracked 
| 192|0x0000000710800000, 0x0000000710800000, 0x0000000710900000|  0%| F|  |TAMS 0x0000000710800000, 0x0000000710800000| Untracked 
| 193|0x0000000710900000, 0x0000000710900000, 0x0000000710a00000|  0%| F|  |TAMS 0x0000000710900000, 0x0000000710900000| Untracked 
| 194|0x0000000710a00000, 0x0000000710a00000, 0x0000000710b00000|  0%| F|  |TAMS 0x0000000710a00000, 0x0000000710a00000| Untracked 
| 195|0x0000000710b00000, 0x0000000710b00000, 0x0000000710c00000|  0%| F|  |TAMS 0x0000000710b00000, 0x0000000710b00000| Untracked 
| 196|0x0000000710c00000, 0x0000000710c00000, 0x0000000710d00000|  0%| F|  |TAMS 0x0000000710c00000, 0x0000000710c00000| Untracked 
| 197|0x0000000710d00000, 0x0000000710d00000, 0x0000000710e00000|  0%| F|  |TAMS 0x0000000710d00000, 0x0000000710d00000| Untracked 
| 198|0x0000000710e00000, 0x0000000710e00000, 0x0000000710f00000|  0%| F|  |TAMS 0x0000000710e00000, 0x0000000710e00000| Untracked 
| 199|0x0000000710f00000, 0x0000000710f00000, 0x0000000711000000|  0%| F|  |TAMS 0x0000000710f00000, 0x0000000710f00000| Untracked 
| 200|0x0000000711000000, 0x0000000711000000, 0x0000000711100000|  0%| F|  |TAMS 0x0000000711000000, 0x0000000711000000| Untracked 
| 201|0x0000000711100000, 0x0000000711100000, 0x0000000711200000|  0%| F|  |TAMS 0x0000000711100000, 0x0000000711100000| Untracked 
| 202|0x0000000711200000, 0x0000000711200000, 0x0000000711300000|  0%| F|  |TAMS 0x0000000711200000, 0x0000000711200000| Untracked 
| 203|0x0000000711300000, 0x0000000711300000, 0x0000000711400000|  0%| F|  |TAMS 0x0000000711300000, 0x0000000711300000| Untracked 
| 204|0x0000000711400000, 0x0000000711400000, 0x0000000711500000|  0%| F|  |TAMS 0x0000000711400000, 0x0000000711400000| Untracked 
| 205|0x0000000711500000, 0x0000000711500000, 0x0000000711600000|  0%| F|  |TAMS 0x0000000711500000, 0x0000000711500000| Untracked 
| 206|0x0000000711600000, 0x0000000711600000, 0x0000000711700000|  0%| F|  |TAMS 0x0000000711600000, 0x0000000711600000| Untracked 
| 207|0x0000000711700000, 0x0000000711700000, 0x0000000711800000|  0%| F|  |TAMS 0x0000000711700000, 0x0000000711700000| Untracked 
| 208|0x0000000711800000, 0x0000000711800000, 0x0000000711900000|  0%| F|  |TAMS 0x0000000711800000, 0x0000000711800000| Untracked 
| 209|0x0000000711900000, 0x0000000711900000, 0x0000000711a00000|  0%| F|  |TAMS 0x0000000711900000, 0x0000000711900000| Untracked 
| 210|0x0000000711a00000, 0x0000000711a00000, 0x0000000711b00000|  0%| F|  |TAMS 0x0000000711a00000, 0x0000000711a00000| Untracked 
| 211|0x0000000711b00000, 0x0000000711b00000, 0x0000000711c00000|  0%| F|  |TAMS 0x0000000711b00000, 0x0000000711b00000| Untracked 
| 212|0x0000000711c00000, 0x0000000711c00000, 0x0000000711d00000|  0%| F|  |TAMS 0x0000000711c00000, 0x0000000711c00000| Untracked 
| 213|0x0000000711d00000, 0x0000000711d00000, 0x0000000711e00000|  0%| F|  |TAMS 0x0000000711d00000, 0x0000000711d00000| Untracked 
| 214|0x0000000711e00000, 0x0000000711e00000, 0x0000000711f00000|  0%| F|  |TAMS 0x0000000711e00000, 0x0000000711e00000| Untracked 
| 215|0x0000000711f00000, 0x0000000711f00000, 0x0000000712000000|  0%| F|  |TAMS 0x0000000711f00000, 0x0000000711f00000| Untracked 
| 216|0x0000000712000000, 0x0000000712000000, 0x0000000712100000|  0%| F|  |TAMS 0x0000000712000000, 0x0000000712000000| Untracked 
| 217|0x0000000712100000, 0x0000000712100000, 0x0000000712200000|  0%| F|  |TAMS 0x0000000712100000, 0x0000000712100000| Untracked 
| 218|0x0000000712200000, 0x0000000712200000, 0x0000000712300000|  0%| F|  |TAMS 0x0000000712200000, 0x0000000712200000| Untracked 
| 219|0x0000000712300000, 0x0000000712300000, 0x0000000712400000|  0%| F|  |TAMS 0x0000000712300000, 0x0000000712300000| Untracked 
| 220|0x0000000712400000, 0x0000000712400000, 0x0000000712500000|  0%| F|  |TAMS 0x0000000712400000, 0x0000000712400000| Untracked 
| 221|0x0000000712500000, 0x0000000712500000, 0x0000000712600000|  0%| F|  |TAMS 0x0000000712500000, 0x0000000712500000| Untracked 
| 222|0x0000000712600000, 0x0000000712600000, 0x0000000712700000|  0%| F|  |TAMS 0x0000000712600000, 0x0000000712600000| Untracked 
| 223|0x0000000712700000, 0x0000000712700000, 0x0000000712800000|  0%| F|  |TAMS 0x0000000712700000, 0x0000000712700000| Untracked 
| 224|0x0000000712800000, 0x0000000712800000, 0x0000000712900000|  0%| F|  |TAMS 0x0000000712800000, 0x0000000712800000| Untracked 
| 225|0x0000000712900000, 0x0000000712900000, 0x0000000712a00000|  0%| F|  |TAMS 0x0000000712900000, 0x0000000712900000| Untracked 
| 226|0x0000000712a00000, 0x0000000712a00000, 0x0000000712b00000|  0%| F|  |TAMS 0x0000000712a00000, 0x0000000712a00000| Untracked 
| 227|0x0000000712b00000, 0x0000000712b00000, 0x0000000712c00000|  0%| F|  |TAMS 0x0000000712b00000, 0x0000000712b00000| Untracked 
| 228|0x0000000712c00000, 0x0000000712c00000, 0x0000000712d00000|  0%| F|  |TAMS 0x0000000712c00000, 0x0000000712c00000| Untracked 
| 229|0x0000000712d00000, 0x0000000712d00000, 0x0000000712e00000|  0%| F|  |TAMS 0x0000000712d00000, 0x0000000712d00000| Untracked 
| 230|0x0000000712e00000, 0x0000000712e00000, 0x0000000712f00000|  0%| F|  |TAMS 0x0000000712e00000, 0x0000000712e00000| Untracked 
| 231|0x0000000712f00000, 0x0000000712f00000, 0x0000000713000000|  0%| F|  |TAMS 0x0000000712f00000, 0x0000000712f00000| Untracked 
| 232|0x0000000713000000, 0x0000000713000000, 0x0000000713100000|  0%| F|  |TAMS 0x0000000713000000, 0x0000000713000000| Untracked 
| 233|0x0000000713100000, 0x0000000713100000, 0x0000000713200000|  0%| F|  |TAMS 0x0000000713100000, 0x0000000713100000| Untracked 
| 234|0x0000000713200000, 0x0000000713200000, 0x0000000713300000|  0%| F|  |TAMS 0x0000000713200000, 0x0000000713200000| Untracked 
| 235|0x0000000713300000, 0x0000000713300000, 0x0000000713400000|  0%| F|  |TAMS 0x0000000713300000, 0x0000000713300000| Untracked 
| 236|0x0000000713400000, 0x0000000713400000, 0x0000000713500000|  0%| F|  |TAMS 0x0000000713400000, 0x0000000713400000| Untracked 
| 237|0x0000000713500000, 0x0000000713500000, 0x0000000713600000|  0%| F|  |TAMS 0x0000000713500000, 0x0000000713500000| Untracked 
| 238|0x0000000713600000, 0x0000000713600000, 0x0000000713700000|  0%| F|  |TAMS 0x0000000713600000, 0x0000000713600000| Untracked 
| 239|0x0000000713700000, 0x0000000713700000, 0x0000000713800000|  0%| F|  |TAMS 0x0000000713700000, 0x0000000713700000| Untracked 
| 240|0x0000000713800000, 0x0000000713800000, 0x0000000713900000|  0%| F|  |TAMS 0x0000000713800000, 0x0000000713800000| Untracked 
| 241|0x0000000713900000, 0x0000000713900000, 0x0000000713a00000|  0%| F|  |TAMS 0x0000000713900000, 0x0000000713900000| Untracked 
| 242|0x0000000713a00000, 0x0000000713a00000, 0x0000000713b00000|  0%| F|  |TAMS 0x0000000713a00000, 0x0000000713a00000| Untracked 
| 243|0x0000000713b00000, 0x0000000713b00000, 0x0000000713c00000|  0%| F|  |TAMS 0x0000000713b00000, 0x0000000713b00000| Untracked 
| 244|0x0000000713c00000, 0x0000000713c00000, 0x0000000713d00000|  0%| F|  |TAMS 0x0000000713c00000, 0x0000000713c00000| Untracked 
| 245|0x0000000713d00000, 0x0000000713d00000, 0x0000000713e00000|  0%| F|  |TAMS 0x0000000713d00000, 0x0000000713d00000| Untracked 
| 246|0x0000000713e00000, 0x0000000713e00000, 0x0000000713f00000|  0%| F|  |TAMS 0x0000000713e00000, 0x0000000713e00000| Untracked 
| 247|0x0000000713f00000, 0x0000000713f00000, 0x0000000714000000|  0%| F|  |TAMS 0x0000000713f00000, 0x0000000713f00000| Untracked 
| 248|0x0000000714000000, 0x0000000714000000, 0x0000000714100000|  0%| F|  |TAMS 0x0000000714000000, 0x0000000714000000| Untracked 
| 249|0x0000000714100000, 0x0000000714100000, 0x0000000714200000|  0%| F|  |TAMS 0x0000000714100000, 0x0000000714100000| Untracked 
| 250|0x0000000714200000, 0x0000000714200000, 0x0000000714300000|  0%| F|  |TAMS 0x0000000714200000, 0x0000000714200000| Untracked 
| 251|0x0000000714300000, 0x0000000714300000, 0x0000000714400000|  0%| F|  |TAMS 0x0000000714300000, 0x0000000714300000| Untracked 
| 252|0x0000000714400000, 0x0000000714400000, 0x0000000714500000|  0%| F|  |TAMS 0x0000000714400000, 0x0000000714400000| Untracked 
| 253|0x0000000714500000, 0x0000000714500000, 0x0000000714600000|  0%| F|  |TAMS 0x0000000714500000, 0x0000000714500000| Untracked 
| 254|0x0000000714600000, 0x0000000714600000, 0x0000000714700000|  0%| F|  |TAMS 0x0000000714600000, 0x0000000714600000| Untracked 
| 255|0x0000000714700000, 0x0000000714700000, 0x0000000714800000|  0%| F|  |TAMS 0x0000000714700000, 0x0000000714700000| Untracked 
| 256|0x0000000714800000, 0x0000000714800000, 0x0000000714900000|  0%| F|  |TAMS 0x0000000714800000, 0x0000000714800000| Untracked 
| 257|0x0000000714900000, 0x0000000714900000, 0x0000000714a00000|  0%| F|  |TAMS 0x0000000714900000, 0x0000000714900000| Untracked 
| 258|0x0000000714a00000, 0x0000000714a00000, 0x0000000714b00000|  0%| F|  |TAMS 0x0000000714a00000, 0x0000000714a00000| Untracked 
| 259|0x0000000714b00000, 0x0000000714b00000, 0x0000000714c00000|  0%| F|  |TAMS 0x0000000714b00000, 0x0000000714b00000| Untracked 
| 260|0x0000000714c00000, 0x0000000714c00000, 0x0000000714d00000|  0%| F|  |TAMS 0x0000000714c00000, 0x0000000714c00000| Untracked 
| 261|0x0000000714d00000, 0x0000000714d00000, 0x0000000714e00000|  0%| F|  |TAMS 0x0000000714d00000, 0x0000000714d00000| Untracked 
| 262|0x0000000714e00000, 0x0000000714e00000, 0x0000000714f00000|  0%| F|  |TAMS 0x0000000714e00000, 0x0000000714e00000| Untracked 
| 263|0x0000000714f00000, 0x0000000714f00000, 0x0000000715000000|  0%| F|  |TAMS 0x0000000714f00000, 0x0000000714f00000| Untracked 
| 264|0x0000000715000000, 0x0000000715000000, 0x0000000715100000|  0%| F|  |TAMS 0x0000000715000000, 0x0000000715000000| Untracked 
| 265|0x0000000715100000, 0x0000000715100000, 0x0000000715200000|  0%| F|  |TAMS 0x0000000715100000, 0x0000000715100000| Untracked 
| 266|0x0000000715200000, 0x0000000715200000, 0x0000000715300000|  0%| F|  |TAMS 0x0000000715200000, 0x0000000715200000| Untracked 
| 267|0x0000000715300000, 0x0000000715300000, 0x0000000715400000|  0%| F|  |TAMS 0x0000000715300000, 0x0000000715300000| Untracked 
| 268|0x0000000715400000, 0x0000000715400000, 0x0000000715500000|  0%| F|  |TAMS 0x0000000715400000, 0x0000000715400000| Untracked 
| 269|0x0000000715500000, 0x0000000715500000, 0x0000000715600000|  0%| F|  |TAMS 0x0000000715500000, 0x0000000715500000| Untracked 
| 270|0x0000000715600000, 0x0000000715600000, 0x0000000715700000|  0%| F|  |TAMS 0x0000000715600000, 0x0000000715600000| Untracked 
| 271|0x0000000715700000, 0x0000000715700000, 0x0000000715800000|  0%| F|  |TAMS 0x0000000715700000, 0x0000000715700000| Untracked 
| 272|0x0000000715800000, 0x0000000715800000, 0x0000000715900000|  0%| F|  |TAMS 0x0000000715800000, 0x0000000715800000| Untracked 
| 273|0x0000000715900000, 0x0000000715900000, 0x0000000715a00000|  0%| F|  |TAMS 0x0000000715900000, 0x0000000715900000| Untracked 
| 274|0x0000000715a00000, 0x0000000715a00000, 0x0000000715b00000|  0%| F|  |TAMS 0x0000000715a00000, 0x0000000715a00000| Untracked 
| 275|0x0000000715b00000, 0x0000000715b00000, 0x0000000715c00000|  0%| F|  |TAMS 0x0000000715b00000, 0x0000000715b00000| Untracked 
| 276|0x0000000715c00000, 0x0000000715c00000, 0x0000000715d00000|  0%| F|  |TAMS 0x0000000715c00000, 0x0000000715c00000| Untracked 
| 277|0x0000000715d00000, 0x0000000715d00000, 0x0000000715e00000|  0%| F|  |TAMS 0x0000000715d00000, 0x0000000715d00000| Untracked 
| 278|0x0000000715e00000, 0x0000000715e00000, 0x0000000715f00000|  0%| F|  |TAMS 0x0000000715e00000, 0x0000000715e00000| Untracked 
| 279|0x0000000715f00000, 0x0000000715f00000, 0x0000000716000000|  0%| F|  |TAMS 0x0000000715f00000, 0x0000000715f00000| Untracked 
| 280|0x0000000716000000, 0x0000000716000000, 0x0000000716100000|  0%| F|  |TAMS 0x0000000716000000, 0x0000000716000000| Untracked 
| 281|0x0000000716100000, 0x0000000716100000, 0x0000000716200000|  0%| F|  |TAMS 0x0000000716100000, 0x0000000716100000| Untracked 
| 282|0x0000000716200000, 0x0000000716200000, 0x0000000716300000|  0%| F|  |TAMS 0x0000000716200000, 0x0000000716200000| Untracked 
| 283|0x0000000716300000, 0x0000000716300000, 0x0000000716400000|  0%| F|  |TAMS 0x0000000716300000, 0x0000000716300000| Untracked 
| 284|0x0000000716400000, 0x0000000716400000, 0x0000000716500000|  0%| F|  |TAMS 0x0000000716400000, 0x0000000716400000| Untracked 
| 285|0x0000000716500000, 0x0000000716500000, 0x0000000716600000|  0%| F|  |TAMS 0x0000000716500000, 0x0000000716500000| Untracked 
| 286|0x0000000716600000, 0x0000000716600000, 0x0000000716700000|  0%| F|  |TAMS 0x0000000716600000, 0x0000000716600000| Untracked 
| 287|0x0000000716700000, 0x0000000716700000, 0x0000000716800000|  0%| F|  |TAMS 0x0000000716700000, 0x0000000716700000| Untracked 
| 288|0x0000000716800000, 0x0000000716800000, 0x0000000716900000|  0%| F|  |TAMS 0x0000000716800000, 0x0000000716800000| Untracked 
| 289|0x0000000716900000, 0x0000000716900000, 0x0000000716a00000|  0%| F|  |TAMS 0x0000000716900000, 0x0000000716900000| Untracked 
| 290|0x0000000716a00000, 0x0000000716a00000, 0x0000000716b00000|  0%| F|  |TAMS 0x0000000716a00000, 0x0000000716a00000| Untracked 
| 291|0x0000000716b00000, 0x0000000716b00000, 0x0000000716c00000|  0%| F|  |TAMS 0x0000000716b00000, 0x0000000716b00000| Untracked 
| 292|0x0000000716c00000, 0x0000000716c00000, 0x0000000716d00000|  0%| F|  |TAMS 0x0000000716c00000, 0x0000000716c00000| Untracked 
| 293|0x0000000716d00000, 0x0000000716d00000, 0x0000000716e00000|  0%| F|  |TAMS 0x0000000716d00000, 0x0000000716d00000| Untracked 
| 294|0x0000000716e00000, 0x0000000716e00000, 0x0000000716f00000|  0%| F|  |TAMS 0x0000000716e00000, 0x0000000716e00000| Untracked 
| 295|0x0000000716f00000, 0x0000000716f00000, 0x0000000717000000|  0%| F|  |TAMS 0x0000000716f00000, 0x0000000716f00000| Untracked 
| 296|0x0000000717000000, 0x0000000717000000, 0x0000000717100000|  0%| F|  |TAMS 0x0000000717000000, 0x0000000717000000| Untracked 
| 297|0x0000000717100000, 0x0000000717100000, 0x0000000717200000|  0%| F|  |TAMS 0x0000000717100000, 0x0000000717100000| Untracked 
| 298|0x0000000717200000, 0x0000000717200000, 0x0000000717300000|  0%| F|  |TAMS 0x0000000717200000, 0x0000000717200000| Untracked 
| 299|0x0000000717300000, 0x0000000717300000, 0x0000000717400000|  0%| F|  |TAMS 0x0000000717300000, 0x0000000717300000| Untracked 
| 300|0x0000000717400000, 0x0000000717400000, 0x0000000717500000|  0%| F|  |TAMS 0x0000000717400000, 0x0000000717400000| Untracked 
| 301|0x0000000717500000, 0x0000000717500000, 0x0000000717600000|  0%| F|  |TAMS 0x0000000717500000, 0x0000000717500000| Untracked 
| 302|0x0000000717600000, 0x0000000717600000, 0x0000000717700000|  0%| F|  |TAMS 0x0000000717600000, 0x0000000717600000| Untracked 
| 303|0x0000000717700000, 0x0000000717700000, 0x0000000717800000|  0%| F|  |TAMS 0x0000000717700000, 0x0000000717700000| Untracked 
| 304|0x0000000717800000, 0x0000000717800000, 0x0000000717900000|  0%| F|  |TAMS 0x0000000717800000, 0x0000000717800000| Untracked 
| 305|0x0000000717900000, 0x0000000717900000, 0x0000000717a00000|  0%| F|  |TAMS 0x0000000717900000, 0x0000000717900000| Untracked 
| 306|0x0000000717a00000, 0x0000000717a00000, 0x0000000717b00000|  0%| F|  |TAMS 0x0000000717a00000, 0x0000000717a00000| Untracked 
| 307|0x0000000717b00000, 0x0000000717b00000, 0x0000000717c00000|  0%| F|  |TAMS 0x0000000717b00000, 0x0000000717b00000| Untracked 
| 308|0x0000000717c00000, 0x0000000717c00000, 0x0000000717d00000|  0%| F|  |TAMS 0x0000000717c00000, 0x0000000717c00000| Untracked 
| 309|0x0000000717d00000, 0x0000000717d00000, 0x0000000717e00000|  0%| F|  |TAMS 0x0000000717d00000, 0x0000000717d00000| Untracked 
| 310|0x0000000717e00000, 0x0000000717e00000, 0x0000000717f00000|  0%| F|  |TAMS 0x0000000717e00000, 0x0000000717e00000| Untracked 
| 311|0x0000000717f00000, 0x0000000717f00000, 0x0000000718000000|  0%| F|  |TAMS 0x0000000717f00000, 0x0000000717f00000| Untracked 
| 312|0x0000000718000000, 0x0000000718000000, 0x0000000718100000|  0%| F|  |TAMS 0x0000000718000000, 0x0000000718000000| Untracked 
| 313|0x0000000718100000, 0x0000000718100000, 0x0000000718200000|  0%| F|  |TAMS 0x0000000718100000, 0x0000000718100000| Untracked 
| 314|0x0000000718200000, 0x0000000718200000, 0x0000000718300000|  0%| F|  |TAMS 0x0000000718200000, 0x0000000718200000| Untracked 
| 315|0x0000000718300000, 0x0000000718300000, 0x0000000718400000|  0%| F|  |TAMS 0x0000000718300000, 0x0000000718300000| Untracked 
| 316|0x0000000718400000, 0x0000000718400000, 0x0000000718500000|  0%| F|  |TAMS 0x0000000718400000, 0x0000000718400000| Untracked 
| 317|0x0000000718500000, 0x0000000718500000, 0x0000000718600000|  0%| F|  |TAMS 0x0000000718500000, 0x0000000718500000| Untracked 
| 318|0x0000000718600000, 0x0000000718600000, 0x0000000718700000|  0%| F|  |TAMS 0x0000000718600000, 0x0000000718600000| Untracked 
| 319|0x0000000718700000, 0x0000000718700000, 0x0000000718800000|  0%| F|  |TAMS 0x0000000718700000, 0x0000000718700000| Untracked 
| 320|0x0000000718800000, 0x0000000718800000, 0x0000000718900000|  0%| F|  |TAMS 0x0000000718800000, 0x0000000718800000| Untracked 
| 321|0x0000000718900000, 0x0000000718900000, 0x0000000718a00000|  0%| F|  |TAMS 0x0000000718900000, 0x0000000718900000| Untracked 
| 322|0x0000000718a00000, 0x0000000718a00000, 0x0000000718b00000|  0%| F|  |TAMS 0x0000000718a00000, 0x0000000718a00000| Untracked 
| 323|0x0000000718b00000, 0x0000000718b00000, 0x0000000718c00000|  0%| F|  |TAMS 0x0000000718b00000, 0x0000000718b00000| Untracked 
| 324|0x0000000718c00000, 0x0000000718c00000, 0x0000000718d00000|  0%| F|  |TAMS 0x0000000718c00000, 0x0000000718c00000| Untracked 
| 325|0x0000000718d00000, 0x0000000718d00000, 0x0000000718e00000|  0%| F|  |TAMS 0x0000000718d00000, 0x0000000718d00000| Untracked 
| 326|0x0000000718e00000, 0x0000000718e00000, 0x0000000718f00000|  0%| F|  |TAMS 0x0000000718e00000, 0x0000000718e00000| Untracked 
| 327|0x0000000718f00000, 0x0000000718f00000, 0x0000000719000000|  0%| F|  |TAMS 0x0000000718f00000, 0x0000000718f00000| Untracked 
| 328|0x0000000719000000, 0x0000000719000000, 0x0000000719100000|  0%| F|  |TAMS 0x0000000719000000, 0x0000000719000000| Untracked 
| 329|0x0000000719100000, 0x0000000719100000, 0x0000000719200000|  0%| F|  |TAMS 0x0000000719100000, 0x0000000719100000| Untracked 
| 330|0x0000000719200000, 0x0000000719200000, 0x0000000719300000|  0%| F|  |TAMS 0x0000000719200000, 0x0000000719200000| Untracked 
| 331|0x0000000719300000, 0x0000000719300000, 0x0000000719400000|  0%| F|  |TAMS 0x0000000719300000, 0x0000000719300000| Untracked 
| 332|0x0000000719400000, 0x0000000719400000, 0x0000000719500000|  0%| F|  |TAMS 0x0000000719400000, 0x0000000719400000| Untracked 
| 333|0x0000000719500000, 0x0000000719500000, 0x0000000719600000|  0%| F|  |TAMS 0x0000000719500000, 0x0000000719500000| Untracked 
| 334|0x0000000719600000, 0x0000000719600000, 0x0000000719700000|  0%| F|  |TAMS 0x0000000719600000, 0x0000000719600000| Untracked 
| 335|0x0000000719700000, 0x0000000719700000, 0x0000000719800000|  0%| F|  |TAMS 0x0000000719700000, 0x0000000719700000| Untracked 
| 336|0x0000000719800000, 0x0000000719800000, 0x0000000719900000|  0%| F|  |TAMS 0x0000000719800000, 0x0000000719800000| Untracked 
| 337|0x0000000719900000, 0x0000000719900000, 0x0000000719a00000|  0%| F|  |TAMS 0x0000000719900000, 0x0000000719900000| Untracked 
| 338|0x0000000719a00000, 0x0000000719a00000, 0x0000000719b00000|  0%| F|  |TAMS 0x0000000719a00000, 0x0000000719a00000| Untracked 
| 339|0x0000000719b00000, 0x0000000719c00000, 0x0000000719c00000|100%| E|  |TAMS 0x0000000719b00000, 0x0000000719b00000| Complete 
| 340|0x0000000719c00000, 0x0000000719d00000, 0x0000000719d00000|100%| E|CS|TAMS 0x0000000719c00000, 0x0000000719c00000| Complete 
| 341|0x0000000719d00000, 0x0000000719e00000, 0x0000000719e00000|100%| E|CS|TAMS 0x0000000719d00000, 0x0000000719d00000| Complete 
| 342|0x0000000719e00000, 0x0000000719f00000, 0x0000000719f00000|100%| E|CS|TAMS 0x0000000719e00000, 0x0000000719e00000| Complete 
| 343|0x0000000719f00000, 0x000000071a000000, 0x000000071a000000|100%| E|CS|TAMS 0x0000000719f00000, 0x0000000719f00000| Complete 
| 344|0x000000071a000000, 0x000000071a100000, 0x000000071a100000|100%| E|CS|TAMS 0x000000071a000000, 0x000000071a000000| Complete 
| 345|0x000000071a100000, 0x000000071a200000, 0x000000071a200000|100%| E|CS|TAMS 0x000000071a100000, 0x000000071a100000| Complete 
| 346|0x000000071a200000, 0x000000071a300000, 0x000000071a300000|100%| E|CS|TAMS 0x000000071a200000, 0x000000071a200000| Complete 
| 347|0x000000071a300000, 0x000000071a400000, 0x000000071a400000|100%| E|CS|TAMS 0x000000071a300000, 0x000000071a300000| Complete 
| 348|0x000000071a400000, 0x000000071a500000, 0x000000071a500000|100%| E|CS|TAMS 0x000000071a400000, 0x000000071a400000| Complete 
| 349|0x000000071a500000, 0x000000071a600000, 0x000000071a600000|100%| E|CS|TAMS 0x000000071a500000, 0x000000071a500000| Complete 
| 350|0x000000071a600000, 0x000000071a700000, 0x000000071a700000|100%| E|CS|TAMS 0x000000071a600000, 0x000000071a600000| Complete 
| 351|0x000000071a700000, 0x000000071a800000, 0x000000071a800000|100%| E|CS|TAMS 0x000000071a700000, 0x000000071a700000| Complete 
| 352|0x000000071a800000, 0x000000071a900000, 0x000000071a900000|100%| E|CS|TAMS 0x000000071a800000, 0x000000071a800000| Complete 
| 353|0x000000071a900000, 0x000000071aa00000, 0x000000071aa00000|100%| E|CS|TAMS 0x000000071a900000, 0x000000071a900000| Complete 
| 354|0x000000071aa00000, 0x000000071ab00000, 0x000000071ab00000|100%| E|CS|TAMS 0x000000071aa00000, 0x000000071aa00000| Complete 
| 355|0x000000071ab00000, 0x000000071ac00000, 0x000000071ac00000|100%| E|CS|TAMS 0x000000071ab00000, 0x000000071ab00000| Complete 
| 356|0x000000071ac00000, 0x000000071ad00000, 0x000000071ad00000|100%| E|CS|TAMS 0x000000071ac00000, 0x000000071ac00000| Complete 
| 357|0x000000071ad00000, 0x000000071ae00000, 0x000000071ae00000|100%| E|CS|TAMS 0x000000071ad00000, 0x000000071ad00000| Complete 
| 358|0x000000071ae00000, 0x000000071af00000, 0x000000071af00000|100%| E|CS|TAMS 0x000000071ae00000, 0x000000071ae00000| Complete 
| 359|0x000000071af00000, 0x000000071b000000, 0x000000071b000000|100%| E|CS|TAMS 0x000000071af00000, 0x000000071af00000| Complete 
| 360|0x000000071b000000, 0x000000071b100000, 0x000000071b100000|100%| E|CS|TAMS 0x000000071b000000, 0x000000071b000000| Complete 
| 361|0x000000071b100000, 0x000000071b200000, 0x000000071b200000|100%| E|CS|TAMS 0x000000071b100000, 0x000000071b100000| Complete 
| 362|0x000000071b200000, 0x000000071b300000, 0x000000071b300000|100%| E|CS|TAMS 0x000000071b200000, 0x000000071b200000| Complete 
| 363|0x000000071b300000, 0x000000071b400000, 0x000000071b400000|100%| E|CS|TAMS 0x000000071b300000, 0x000000071b300000| Complete 
| 364|0x000000071b400000, 0x000000071b500000, 0x000000071b500000|100%| S|CS|TAMS 0x000000071b400000, 0x000000071b400000| Complete 
| 365|0x000000071b500000, 0x000000071b600000, 0x000000071b600000|100%| S|CS|TAMS 0x000000071b500000, 0x000000071b500000| Complete 
| 366|0x000000071b600000, 0x000000071b700000, 0x000000071b700000|100%| O|  |TAMS 0x000000071b600000, 0x000000071b600000| Untracked 
| 367|0x000000071b700000, 0x000000071b800000, 0x000000071b800000|100%| O|  |TAMS 0x000000071b700000, 0x000000071b700000| Untracked 
| 368|0x000000071b800000, 0x000000071b900000, 0x000000071b900000|100%| O|  |TAMS 0x000000071b800000, 0x000000071b800000| Untracked 
| 369|0x000000071b900000, 0x000000071ba00000, 0x000000071ba00000|100%| O|  |TAMS 0x000000071b900000, 0x000000071b900000| Untracked 
| 370|0x000000071ba00000, 0x000000071bb00000, 0x000000071bb00000|100%| O|  |TAMS 0x000000071ba00000, 0x000000071ba00000| Untracked 
| 371|0x000000071bb00000, 0x000000071bc00000, 0x000000071bc00000|100%| O|  |TAMS 0x000000071bb00000, 0x000000071bb00000| Untracked 
| 372|0x000000071bc00000, 0x000000071bd00000, 0x000000071bd00000|100%| O|  |TAMS 0x000000071bc00000, 0x000000071bc00000| Untracked 
| 373|0x000000071bd00000, 0x000000071be00000, 0x000000071be00000|100%| O|  |TAMS 0x000000071bd00000, 0x000000071bd00000| Untracked 
| 374|0x000000071be00000, 0x000000071be8c600, 0x000000071bf00000| 54%| O|  |TAMS 0x000000071be00000, 0x000000071be00000| Untracked 

Card table byte_map: [0x000001ebd6a40000,0x000001ebd7220000] _byte_map_base: 0x000001ebd321c000

Marking Bits (Prev, Next): (CMBitMap*) 0x000001ebbe80be70, (CMBitMap*) 0x000001ebbe80be38
 Prev Bits: [0x000001ebdb8e0000, 0x000001ebdf7c0000)
 Next Bits: [0x000001ebd7a00000, 0x000001ebdb8e0000)

Polling page: 0x000001ebbdf60000

Metaspace:

Usage:
  Non-class:     80.39 MB capacity,    78.58 MB ( 98%) used,     1.44 MB (  2%) free+waste,   375.94 KB ( <1%) overhead. 
      Class:     10.35 MB capacity,     9.11 MB ( 88%) used,     1.08 MB ( 10%) free+waste,   171.44 KB (  2%) overhead. 
       Both:     90.74 MB capacity,    87.69 MB ( 97%) used,     2.52 MB (  3%) free+waste,   547.38 KB ( <1%) overhead. 

Virtual space:
  Non-class space:       82.00 MB reserved,      80.50 MB ( 98%) committed 
      Class space:        1.00 GB reserved,      10.38 MB (  1%) committed 
             Both:        1.08 GB reserved,      90.88 MB (  8%) committed 

Chunk freelists:
   Non-Class:  49.00 KB
       Class:  0 bytes
        Both:  49.00 KB

MaxMetaspaceSize: 17179869184.00 GB
CompressedClassSpaceSize: 1.00 GB
Initial GC threshold: 20.80 MB
Current GC threshold: 98.12 MB
CDS: off

CodeHeap 'non-profiled nmethods': size=120000Kb used=8955Kb max_used=9168Kb free=111045Kb
 bounds [0x000001ebce9f0000, 0x000001ebcf310000, 0x000001ebd5f20000]
CodeHeap 'profiled nmethods': size=120000Kb used=35615Kb max_used=36775Kb free=84385Kb
 bounds [0x000001ebc74c0000, 0x000001ebc98e0000, 0x000001ebce9f0000]
CodeHeap 'non-nmethods': size=5760Kb used=1764Kb max_used=1849Kb free=3995Kb
 bounds [0x000001ebc6f20000, 0x000001ebc7190000, 0x000001ebc74c0000]
 total_blobs=11546 nmethods=10472 adapters=990
 compilation: enabled
              stopped_count=0, restarted_count=0
 full_count=0

Compilation events (20 events):
Event: 25.801 Thread 0x000001ebe2c6b800 nmethod 11710 0x000001ebc78d3c10 code [0x000001ebc78d3dc0, 0x000001ebc78d3f38]
Event: 25.801 Thread 0x000001ebe2c6b800 11708       2       org.bouncycastle.math.ec.custom.sec.SecP256R1FieldElement::isOne (8 bytes)
Event: 25.801 Thread 0x000001ebe2c6b800 nmethod 11708 0x000001ebc78d3890 code [0x000001ebc78d3a40, 0x000001ebc78d3b68]
Event: 25.801 Thread 0x000001ebe2c6b800 11712       2       org.bouncycastle.math.raw.Mod::getTrailingZeroes (23 bytes)
Event: 25.802 Thread 0x000001ebe2c6b800 nmethod 11712 0x000001ebc78d3410 code [0x000001ebc78d35c0, 0x000001ebc78d3778]
Event: 25.802 Thread 0x000001ebe2c6b800 11711       2       org.bouncycastle.math.raw.Nat::isOne (41 bytes)
Event: 25.802 Thread 0x000001ebe2c6b800 nmethod 11711 0x000001ebc78d2e10 code [0x000001ebc78d2fc0, 0x000001ebc78d31d8]
Event: 25.802 Thread 0x000001ebe2c6b800 11713       2       org.bouncycastle.math.ec.ECPoint::<init> (31 bytes)
Event: 25.802 Thread 0x000001ebe2c6b800 nmethod 11713 0x000001ebc7e54c90 code [0x000001ebc7e54e40, 0x000001ebc7e550f8]
Event: 25.802 Thread 0x000001ebe2c6b800 11715       2       org.bouncycastle.math.raw.Nat256::addBothTo (325 bytes)
Event: 25.803 Thread 0x000001ebe2c6b800 nmethod 11715 0x000001ebc7e53f10 code [0x000001ebc7e54100, 0x000001ebc7e54698]
Event: 25.803 Thread 0x000001ebe2c6b800 11716       2       org.bouncycastle.math.ec.custom.sec.SecP256R1Point::<init> (16 bytes)
Event: 25.803 Thread 0x000001ebe2c6b800 nmethod 11716 0x000001ebc76fe390 code [0x000001ebc76fe540, 0x000001ebc76fe818]
Event: 25.803 Thread 0x000001ebe2c6b800 11717       2       org.bouncycastle.math.ec.custom.sec.SecP256R1Field::add (40 bytes)
Event: 25.803 Thread 0x000001ebe2c6b800 nmethod 11717 0x000001ebc76fdd90 code [0x000001ebc76fdf60, 0x000001ebc76fe1c8]
Event: 25.804 Thread 0x000001ebe2c6b800 11719       2       org.bouncycastle.math.ec.custom.sec.SecP256R1Point::twice (419 bytes)
Event: 25.806 Thread 0x000001ebe2c6b800 nmethod 11719 0x000001ebc7581390 code [0x000001ebc75817a0, 0x000001ebc7583028]
Event: 25.806 Thread 0x000001ebe2c6b800 11720       2       org.bouncycastle.math.raw.Mod::inversionStep (144 bytes)
Event: 25.807 Thread 0x000001ebe2c6b800 nmethod 11720 0x000001ebc7811390 code [0x000001ebc78115c0, 0x000001ebc7811cb8]
Event: 25.807 Thread 0x000001ebe2c6b800 11724 %     3       org.bouncycastle.math.raw.Nat256::mul @ 292 (637 bytes)

GC Heap History (20 events):
Event: 9.107 GC heap before
{Heap before GC invocations=11 (full 0):
 garbage-first heap   total 310272K, used 226727K [0x0000000704800000, 0x0000000800000000)
  region size 1024K, 159 young (162816K), 20 survivors (20480K)
 Metaspace       used 77654K, capacity 79314K, committed 79360K, reserved 1120256K
  class space    used 7979K, capacity 8677K, committed 8704K, reserved 1048576K
}
Event: 9.126 GC heap after
{Heap after GC invocations=12 (full 0):
 garbage-first heap   total 310272K, used 98111K [0x0000000704800000, 0x0000000800000000)
  region size 1024K, 18 young (18432K), 18 survivors (18432K)
 Metaspace       used 77654K, capacity 79314K, committed 79360K, reserved 1120256K
  class space    used 7979K, capacity 8677K, committed 8704K, reserved 1048576K
}
Event: 11.429 GC heap before
{Heap before GC invocations=12 (full 0):
 garbage-first heap   total 310272K, used 231231K [0x0000000704800000, 0x0000000800000000)
  region size 1024K, 145 young (148480K), 18 survivors (18432K)
 Metaspace       used 81191K, capacity 83541K, committed 83712K, reserved 1124352K
  class space    used 8454K, capacity 9403K, committed 9472K, reserved 1048576K
}
Event: 11.451 GC heap after
{Heap after GC invocations=13 (full 0):
 garbage-first heap   total 372736K, used 110663K [0x0000000704800000, 0x0000000800000000)
  region size 1024K, 14 young (14336K), 14 survivors (14336K)
 Metaspace       used 81191K, capacity 83541K, committed 83712K, reserved 1124352K
  class space    used 8454K, capacity 9403K, committed 9472K, reserved 1048576K
}
Event: 12.757 GC heap before
{Heap before GC invocations=13 (full 0):
 garbage-first heap   total 372736K, used 272455K [0x0000000704800000, 0x0000000800000000)
  region size 1024K, 171 young (175104K), 14 survivors (14336K)
 Metaspace       used 83254K, capacity 85936K, committed 86016K, reserved 1126400K
  class space    used 8841K, capacity 9945K, committed 9984K, reserved 1048576K
}
Event: 12.775 GC heap after
{Heap after GC invocations=14 (full 0):
 garbage-first heap   total 372736K, used 120960K [0x0000000704800000, 0x0000000800000000)
  region size 1024K, 11 young (11264K), 11 survivors (11264K)
 Metaspace       used 83254K, capacity 85936K, committed 86016K, reserved 1126400K
  class space    used 8841K, capacity 9945K, committed 9984K, reserved 1048576K
}
Event: 17.850 GC heap before
{Heap before GC invocations=14 (full 0):
 garbage-first heap   total 372736K, used 292992K [0x0000000704800000, 0x0000000800000000)
  region size 1024K, 166 young (169984K), 11 survivors (11264K)
 Metaspace       used 84609K, capacity 87392K, committed 87424K, reserved 1126400K
  class space    used 8965K, capacity 10091K, committed 10112K, reserved 1048576K
}
Event: 17.858 GC heap after
{Heap after GC invocations=15 (full 0):
 garbage-first heap   total 372736K, used 136320K [0x0000000704800000, 0x0000000800000000)
  region size 1024K, 13 young (13312K), 13 survivors (13312K)
 Metaspace       used 84609K, capacity 87392K, committed 87424K, reserved 1126400K
  class space    used 8965K, capacity 10091K, committed 10112K, reserved 1048576K
}
Event: 17.893 GC heap before
{Heap before GC invocations=15 (full 0):
 garbage-first heap   total 372736K, used 291968K [0x0000000704800000, 0x0000000800000000)
  region size 1024K, 165 young (168960K), 13 survivors (13312K)
 Metaspace       used 84609K, capacity 87392K, committed 87424K, reserved 1126400K
  class space    used 8965K, capacity 10091K, committed 10112K, reserved 1048576K
}
Event: 17.899 GC heap after
{Heap after GC invocations=16 (full 0):
 garbage-first heap   total 372736K, used 128393K [0x0000000704800000, 0x0000000800000000)
  region size 1024K, 4 young (4096K), 4 survivors (4096K)
 Metaspace       used 84609K, capacity 87392K, committed 87424K, reserved 1126400K
  class space    used 8965K, capacity 10091K, committed 10112K, reserved 1048576K
}
Event: 17.947 GC heap before
{Heap before GC invocations=16 (full 0):
 garbage-first heap   total 372736K, used 297353K [0x0000000704800000, 0x0000000800000000)
  region size 1024K, 169 young (173056K), 4 survivors (4096K)
 Metaspace       used 84619K, capacity 87393K, committed 87424K, reserved 1126400K
  class space    used 8965K, capacity 10091K, committed 10112K, reserved 1048576K
}
Event: 17.951 GC heap after
{Heap after GC invocations=17 (full 0):
 garbage-first heap   total 372736K, used 127882K [0x0000000704800000, 0x0000000800000000)
  region size 1024K, 4 young (4096K), 4 survivors (4096K)
 Metaspace       used 84619K, capacity 87393K, committed 87424K, reserved 1126400K
  class space    used 8965K, capacity 10091K, committed 10112K, reserved 1048576K
}
Event: 17.988 GC heap before
{Heap before GC invocations=17 (full 0):
 garbage-first heap   total 372736K, used 298890K [0x0000000704800000, 0x0000000800000000)
  region size 1024K, 171 young (175104K), 4 survivors (4096K)
 Metaspace       used 84637K, capacity 87393K, committed 87424K, reserved 1126400K
  class space    used 8965K, capacity 10091K, committed 10112K, reserved 1048576K
}
Event: 17.991 GC heap after
{Heap after GC invocations=18 (full 0):
 garbage-first heap   total 372736K, used 127544K [0x0000000704800000, 0x0000000800000000)
  region size 1024K, 4 young (4096K), 4 survivors (4096K)
 Metaspace       used 84637K, capacity 87393K, committed 87424K, reserved 1126400K
  class space    used 8965K, capacity 10091K, committed 10112K, reserved 1048576K
}
Event: 18.023 GC heap before
{Heap before GC invocations=18 (full 0):
 garbage-first heap   total 372736K, used 305720K [0x0000000704800000, 0x0000000800000000)
  region size 1024K, 178 young (182272K), 4 survivors (4096K)
 Metaspace       used 84659K, capacity 87393K, committed 87424K, reserved 1126400K
  class space    used 8965K, capacity 10091K, committed 10112K, reserved 1048576K
}
Event: 18.026 GC heap after
{Heap after GC invocations=19 (full 0):
 garbage-first heap   total 372736K, used 127685K [0x0000000704800000, 0x0000000800000000)
  region size 1024K, 4 young (4096K), 4 survivors (4096K)
 Metaspace       used 84659K, capacity 87393K, committed 87424K, reserved 1126400K
  class space    used 8965K, capacity 10091K, committed 10112K, reserved 1048576K
}
Event: 18.059 GC heap before
{Heap before GC invocations=19 (full 0):
 garbage-first heap   total 372736K, used 314053K [0x0000000704800000, 0x0000000800000000)
  region size 1024K, 186 young (190464K), 4 survivors (4096K)
 Metaspace       used 84661K, capacity 87393K, committed 87424K, reserved 1126400K
  class space    used 8965K, capacity 10091K, committed 10112K, reserved 1048576K
}
Event: 18.062 GC heap after
{Heap after GC invocations=20 (full 0):
 garbage-first heap   total 372736K, used 127523K [0x0000000704800000, 0x0000000800000000)
  region size 1024K, 4 young (4096K), 4 survivors (4096K)
 Metaspace       used 84661K, capacity 87393K, committed 87424K, reserved 1126400K
  class space    used 8965K, capacity 10091K, committed 10112K, reserved 1048576K
}
Event: 24.750 GC heap before
{Heap before GC invocations=20 (full 0):
 garbage-first heap   total 372736K, used 347683K [0x0000000704800000, 0x0000000800000000)
  region size 1024K, 191 young (195584K), 4 survivors (4096K)
 Metaspace       used 88712K, capacity 91774K, committed 92032K, reserved 1130496K
  class space    used 9285K, capacity 10564K, committed 10624K, reserved 1048576K
}
Event: 24.773 GC heap after
{Heap after GC invocations=21 (full 0):
 garbage-first heap   total 384000K, used 181809K [0x0000000704800000, 0x0000000800000000)
  region size 1024K, 24 young (24576K), 24 survivors (24576K)
 Metaspace       used 88712K, capacity 91774K, committed 92032K, reserved 1130496K
  class space    used 9285K, capacity 10564K, committed 10624K, reserved 1048576K
}

Deoptimization events (20 events):
Event: 25.797 Thread 0x000001ebe591b000 DEOPT PACKING pc=0x000001ebc95dc7b8 sp=0x00000006929fcd60
Event: 25.797 Thread 0x000001ebe591b000 DEOPT UNPACKING pc=0x000001ebc6f69d0e sp=0x00000006929fc1c0 mode 0
Event: 25.797 Thread 0x000001ebe591b000 DEOPT PACKING pc=0x000001ebc9584a3e sp=0x00000006929fce10
Event: 25.797 Thread 0x000001ebe591b000 DEOPT UNPACKING pc=0x000001ebc6f69d0e sp=0x00000006929fc530 mode 0
Event: 25.798 Thread 0x000001ebe591b000 DEOPT PACKING pc=0x000001ebc969828c sp=0x00000006929fdd70
Event: 25.798 Thread 0x000001ebe591b000 DEOPT UNPACKING pc=0x000001ebc6f69d0e sp=0x00000006929fd1c8 mode 0
Event: 25.800 Thread 0x000001ebe591b000 DEOPT PACKING pc=0x000001ebc8f4c9f9 sp=0x00000006929fc780
Event: 25.800 Thread 0x000001ebe591b000 DEOPT UNPACKING pc=0x000001ebc6f69d0e sp=0x00000006929fbc60 mode 0
Event: 25.802 Thread 0x000001ebe591b000 DEOPT PACKING pc=0x000001ebc969828c sp=0x00000006929fb340
Event: 25.802 Thread 0x000001ebe591b000 DEOPT UNPACKING pc=0x000001ebc6f69d0e sp=0x00000006929fa798 mode 0
Event: 25.804 Thread 0x000001ebe591b000 DEOPT PACKING pc=0x000001ebc8ba028f sp=0x00000006929fc490
Event: 25.804 Thread 0x000001ebe591b000 DEOPT UNPACKING pc=0x000001ebc6f69d0e sp=0x00000006929fb9a0 mode 0
Event: 25.805 Thread 0x000001ebe591b000 DEOPT PACKING pc=0x000001ebc8b9f855 sp=0x00000006929fc490
Event: 25.805 Thread 0x000001ebe591b000 DEOPT UNPACKING pc=0x000001ebc6f69d0e sp=0x00000006929fb9a0 mode 0
Event: 25.806 Thread 0x000001ebe591b000 DEOPT PACKING pc=0x000001ebc8b9f855 sp=0x00000006929fc490
Event: 25.806 Thread 0x000001ebe591b000 DEOPT UNPACKING pc=0x000001ebc6f69d0e sp=0x00000006929fb9a0 mode 0
Event: 25.807 Thread 0x000001ebe591b000 DEOPT PACKING pc=0x000001ebc8b9f855 sp=0x00000006929fc490
Event: 25.807 Thread 0x000001ebe591b000 DEOPT UNPACKING pc=0x000001ebc6f69d0e sp=0x00000006929fb9a0 mode 0
Event: 25.807 Thread 0x000001ebe591b000 DEOPT PACKING pc=0x000001ebc9840787 sp=0x00000006929fc3d0
Event: 25.807 Thread 0x000001ebe591b000 DEOPT UNPACKING pc=0x000001ebc6f69d0e sp=0x00000006929fb8b0 mode 0

Classes redefined (0 events):
No events

Internal exceptions (20 events):
Event: 23.021 Thread 0x000001ebe591b000 Exception <a 'java/lang/IncompatibleClassChangeError'{0x000000071289ba78}: Found class java.lang.Object, but interface was expected> (0x000000071289ba78) thrown at [s\src\hotspot\share\interpreter\linkResolver.cpp, line 839]
Event: 23.021 Thread 0x000001ebe591b000 Exception <a 'java/lang/IncompatibleClassChangeError'{0x000000071289e2a0}: Found class java.lang.Object, but interface was expected> (0x000000071289e2a0) thrown at [s\src\hotspot\share\interpreter\linkResolver.cpp, line 839]
Event: 23.021 Thread 0x000001ebe591b000 Exception <a 'java/lang/IncompatibleClassChangeError'{0x00000007128a0af8}: Found class java.lang.Object, but interface was expected> (0x00000007128a0af8) thrown at [s\src\hotspot\share\interpreter\linkResolver.cpp, line 839]
Event: 23.021 Thread 0x000001ebe591b000 Exception <a 'java/lang/IncompatibleClassChangeError'{0x00000007128a3570}: Found class java.lang.Object, but interface was expected> (0x00000007128a3570) thrown at [s\src\hotspot\share\interpreter\linkResolver.cpp, line 839]
Event: 23.022 Thread 0x000001ebe591b000 Exception <a 'java/lang/IncompatibleClassChangeError'{0x00000007128a5dd0}: Found class java.lang.Object, but interface was expected> (0x00000007128a5dd0) thrown at [s\src\hotspot\share\interpreter\linkResolver.cpp, line 839]
Event: 23.022 Thread 0x000001ebe591b000 Exception <a 'java/lang/IncompatibleClassChangeError'{0x00000007128a8638}: Found class java.lang.Object, but interface was expected> (0x00000007128a8638) thrown at [s\src\hotspot\share\interpreter\linkResolver.cpp, line 839]
Event: 23.022 Thread 0x000001ebe591b000 Exception <a 'java/lang/IncompatibleClassChangeError'{0x00000007128ab120}: Found class java.lang.Object, but interface was expected> (0x00000007128ab120) thrown at [s\src\hotspot\share\interpreter\linkResolver.cpp, line 839]
Event: 23.022 Thread 0x000001ebe591b000 Exception <a 'java/lang/IncompatibleClassChangeError'{0x00000007128ad988}: Found class java.lang.Object, but interface was expected> (0x00000007128ad988) thrown at [s\src\hotspot\share\interpreter\linkResolver.cpp, line 839]
Event: 23.023 Thread 0x000001ebe591b000 Exception <a 'java/lang/IncompatibleClassChangeError'{0x00000007128b01d8}: Found class java.lang.Object, but interface was expected> (0x00000007128b01d8) thrown at [s\src\hotspot\share\interpreter\linkResolver.cpp, line 839]
Event: 23.023 Thread 0x000001ebe591b000 Exception <a 'java/lang/IncompatibleClassChangeError'{0x00000007128b2a38}: Found class java.lang.Object, but interface was expected> (0x00000007128b2a38) thrown at [s\src\hotspot\share\interpreter\linkResolver.cpp, line 839]
Event: 23.023 Thread 0x000001ebe591b000 Exception <a 'java/lang/IncompatibleClassChangeError'{0x00000007128b5518}: Found class java.lang.Object, but interface was expected> (0x00000007128b5518) thrown at [s\src\hotspot\share\interpreter\linkResolver.cpp, line 839]
Event: 23.023 Thread 0x000001ebe591b000 Exception <a 'java/lang/IncompatibleClassChangeError'{0x00000007128b7d78}: Found class java.lang.Object, but interface was expected> (0x00000007128b7d78) thrown at [s\src\hotspot\share\interpreter\linkResolver.cpp, line 839]
Event: 23.023 Thread 0x000001ebe591b000 Exception <a 'java/lang/IncompatibleClassChangeError'{0x00000007128ba5d8}: Found class java.lang.Object, but interface was expected> (0x00000007128ba5d8) thrown at [s\src\hotspot\share\interpreter\linkResolver.cpp, line 839]
Event: 23.023 Thread 0x000001ebe591b000 Exception <a 'java/lang/IncompatibleClassChangeError'{0x00000007128bd090}: Found class java.lang.Object, but interface was expected> (0x00000007128bd090) thrown at [s\src\hotspot\share\interpreter\linkResolver.cpp, line 839]
Event: 23.058 Thread 0x000001ebe591b000 Exception <a 'java/lang/NoSuchMethodError'{0x000000071279e278}: 'void java.lang.invoke.DirectMethodHandle$Holder.invokeStatic(java.lang.Object, long)'> (0x000000071279e278) thrown at [s\src\hotspot\share\interpreter\linkResolver.cpp, line 773]
Event: 23.426 Thread 0x000001ebe591b000 Exception <a 'java/lang/NoSuchMethodError'{0x0000000710f88f40}: 'java.lang.Object java.lang.invoke.DirectMethodHandle$Holder.invokeStatic(java.lang.Object, java.lang.Object, java.lang.Object, java.lang.Object, java.lang.Object, int)'> (0x0000000710f88f40) thrown at [s\src\hotspot\share\interpreter\linkResolver.cpp, line 773]
Event: 23.426 Thread 0x000001ebe591b000 Exception <a 'java/lang/NoSuchMethodError'{0x0000000710f8ccb8}: 'java.lang.Object java.lang.invoke.DirectMethodHandle$Holder.invokeSpecial(java.lang.Object, java.lang.Object, java.lang.Object, java.lang.Object, java.lang.Object, java.lang.Object, int)'> (0x0000000710f8ccb8) thrown at [s\src\hotspot\share\interpreter\linkResolver.cpp, line 773]
Event: 23.435 Thread 0x000001ebe47db000 Exception <a 'java/lang/NoSuchMethodError'{0x0000000710e17b78}: 'java.lang.Object java.lang.invoke.DirectMethodHandle$Holder.invokeStatic(java.lang.Object, java.lang.Object, java.lang.Object, java.lang.Object, java.lang.Object, java.lang.Object, java.lang.Object, java.lang.Object, java.lang.Object, java.lang.Object, java.lang.Object, java.lang.Object, java.lang.Object, java.lang.Object, java.lang.Object, int)'> (0x0000000710e17b78) thrown at [s\src\hotspot\share\interpreter\linkResolver.cpp, line 773]
Event: 24.958 Thread 0x000001ebe591b000 Exception <a 'java/lang/NoSuchMethodError'{0x000000071ad24988}: 'void java.lang.invoke.DirectMethodHandle$Holder.invokeSpecial(java.lang.Object, java.lang.Object, java.lang.Object, java.lang.Object, java.lang.Object, java.lang.Object)'> (0x000000071ad24988) thrown at [s\src\hotspot\share\interpreter\linkResolver.cpp, line 773]
Event: 25.484 Thread 0x000001ebe591b000 Exception <a 'java/lang/NoSuchMethodError'{0x000000071a75e938}: 'java.lang.Object java.lang.invoke.DelegatingMethodHandle$Holder.reinvoke_L(java.lang.Object, int, java.lang.Object)'> (0x000000071a75e938) thrown at [s\src\hotspot\share\interpreter\linkResolver.cpp, line 773]

Events (20 events):
Event: 25.718 loading class sun/security/util/AnchorCertificates$1
Event: 25.718 loading class sun/security/util/AnchorCertificates$1 done
Event: 25.718 loading class sun/security/provider/JavaKeyStore$DualFormatJKS
Event: 25.721 loading class sun/security/provider/JavaKeyStore$DualFormatJKS done
Event: 25.721 Executing VM operation: RevokeBias
Event: 25.722 Executing VM operation: RevokeBias done
Event: 25.722 Executing VM operation: RevokeBias
Event: 25.722 Executing VM operation: RevokeBias done
Event: 25.722 Executing VM operation: RevokeBias
Event: 25.723 Executing VM operation: RevokeBias done
Event: 25.730 loading class sun/security/util/HostnameChecker
Event: 25.731 loading class sun/security/util/HostnameChecker done
Event: 25.736 loading class java/util/SimpleTimeZone
Event: 25.737 loading class java/util/SimpleTimeZone done
Event: 25.746 loading class java/util/concurrent/ConcurrentHashMap$TreeNode
Event: 25.747 loading class java/util/concurrent/ConcurrentHashMap$TreeNode done
Event: 25.747 loading class java/util/concurrent/ConcurrentHashMap$TreeBin
Event: 25.747 loading class java/util/concurrent/ConcurrentHashMap$TreeBin done
Event: 25.754 Executing VM operation: RevokeBias
Event: 25.754 Executing VM operation: RevokeBias done


Dynamic libraries:
0x00007ff71cf00000 - 0x00007ff71cf0e000 	C:\Users\Donni\.jdks\corretto-11.0.22\bin\java.exe
0x00007ff8c0490000 - 0x00007ff8c06a7000 	C:\WINDOWS\SYSTEM32\ntdll.dll
0x00007ff8bf7f0000 - 0x00007ff8bf8b4000 	C:\WINDOWS\System32\KERNEL32.DLL
0x00007ff8bd7d0000 - 0x00007ff8bdb76000 	C:\WINDOWS\System32\KERNELBASE.dll
0x00007ff8be0c0000 - 0x00007ff8be1d1000 	C:\WINDOWS\System32\ucrtbase.dll
0x00007ff8aeca0000 - 0x00007ff8aecbb000 	C:\Users\Donni\.jdks\corretto-11.0.22\bin\VCRUNTIME140.dll
0x00007ff8ba1e0000 - 0x00007ff8ba1f7000 	C:\Users\Donni\.jdks\corretto-11.0.22\bin\jli.dll
0x00007ff8bec20000 - 0x00007ff8bedce000 	C:\WINDOWS\System32\USER32.dll
0x00007ff8bdf50000 - 0x00007ff8bdf76000 	C:\WINDOWS\System32\win32u.dll
0x00007ff8a5680000 - 0x00007ff8a5913000 	C:\WINDOWS\WinSxS\amd64_microsoft.windows.common-controls_6595b64144ccf1df_6.0.22621.2506_none_270c5ae97388e100\COMCTL32.dll
0x00007ff8c0060000 - 0x00007ff8c0089000 	C:\WINDOWS\System32\GDI32.dll
0x00007ff8bfa40000 - 0x00007ff8bfae7000 	C:\WINDOWS\System32\msvcrt.dll
0x00007ff8bdb80000 - 0x00007ff8bdc98000 	C:\WINDOWS\System32\gdi32full.dll
0x00007ff8bdf80000 - 0x00007ff8be01a000 	C:\WINDOWS\System32\msvcp_win.dll
0x00007ff8bfaf0000 - 0x00007ff8bfb21000 	C:\WINDOWS\System32\IMM32.DLL
0x00007ff8ba300000 - 0x00007ff8ba30c000 	C:\Users\Donni\.jdks\corretto-11.0.22\bin\vcruntime140_1.dll
0x00007ff8897c0000 - 0x00007ff88984d000 	C:\Users\Donni\.jdks\corretto-11.0.22\bin\msvcp140.dll
0x00007ff871f00000 - 0x00007ff872ac3000 	C:\Users\Donni\.jdks\corretto-11.0.22\bin\server\jvm.dll
0x00007ff8bef00000 - 0x00007ff8befb3000 	C:\WINDOWS\System32\ADVAPI32.dll
0x00007ff8c03a0000 - 0x00007ff8c0448000 	C:\WINDOWS\System32\sechost.dll
0x00007ff8be090000 - 0x00007ff8be0b8000 	C:\WINDOWS\System32\bcrypt.dll
0x00007ff8bedd0000 - 0x00007ff8beee7000 	C:\WINDOWS\System32\RPCRT4.dll
0x00007ff8bf950000 - 0x00007ff8bf958000 	C:\WINDOWS\System32\PSAPI.DLL
0x00007ff8b39f0000 - 0x00007ff8b39f9000 	C:\WINDOWS\SYSTEM32\WSOCK32.dll
0x00007ff8b4200000 - 0x00007ff8b4234000 	C:\WINDOWS\SYSTEM32\WINMM.dll
0x00007ff8c0320000 - 0x00007ff8c0391000 	C:\WINDOWS\System32\WS2_32.dll
0x00007ff8b59b0000 - 0x00007ff8b59ba000 	C:\WINDOWS\SYSTEM32\VERSION.dll
0x00007ff8bc800000 - 0x00007ff8bc818000 	C:\WINDOWS\SYSTEM32\kernel.appcore.dll
0x00007ff8ba1d0000 - 0x00007ff8ba1e0000 	C:\Users\Donni\.jdks\corretto-11.0.22\bin\verify.dll
0x00007ff8bab10000 - 0x00007ff8bad43000 	C:\WINDOWS\SYSTEM32\DBGHELP.DLL
0x00007ff8bfcd0000 - 0x00007ff8c0059000 	C:\WINDOWS\System32\combase.dll
0x00007ff8c0140000 - 0x00007ff8c0217000 	C:\WINDOWS\System32\OLEAUT32.dll
0x00007ff88d230000 - 0x00007ff88d262000 	C:\WINDOWS\SYSTEM32\dbgcore.DLL
0x00007ff8bdca0000 - 0x00007ff8bdd1a000 	C:\WINDOWS\System32\bcryptPrimitives.dll
0x00007ff8aec70000 - 0x00007ff8aec98000 	C:\Users\Donni\.jdks\corretto-11.0.22\bin\java.dll
0x00007ff8956b0000 - 0x00007ff8956ba000 	C:\Users\Donni\.jdks\corretto-11.0.22\bin\jimage.dll
0x00007ff8ba590000 - 0x00007ff8ba5c9000 	C:\Users\Donni\.jdks\corretto-11.0.22\bin\jdwp.dll
0x00007ff8ba350000 - 0x00007ff8ba35e000 	C:\Users\Donni\.jdks\corretto-11.0.22\bin\instrument.dll
0x00007ff88d510000 - 0x00007ff88d528000 	C:\Users\Donni\.jdks\corretto-11.0.22\bin\zip.dll
0x00007ff8be1e0000 - 0x00007ff8bea3a000 	C:\WINDOWS\System32\SHELL32.dll
0x00007ff8bb720000 - 0x00007ff8bc016000 	C:\WINDOWS\SYSTEM32\windows.storage.dll
0x00007ff8bb5e0000 - 0x00007ff8bb71e000 	C:\WINDOWS\SYSTEM32\wintypes.dll
0x00007ff8bf060000 - 0x00007ff8bf153000 	C:\WINDOWS\System32\SHCORE.dll
0x00007ff8bf9e0000 - 0x00007ff8bfa3e000 	C:\WINDOWS\System32\shlwapi.dll
0x00007ff8bd700000 - 0x00007ff8bd726000 	C:\WINDOWS\SYSTEM32\profapi.dll
0x00007ff8ba340000 - 0x00007ff8ba34a000 	C:\Users\Donni\.jdks\corretto-11.0.22\bin\dt_socket.dll
0x00007ff8bcc80000 - 0x00007ff8bcce9000 	C:\WINDOWS\system32\mswsock.dll
0x00007ff88d4f0000 - 0x00007ff88d509000 	C:\Users\Donni\.jdks\corretto-11.0.22\bin\net.dll
0x00007ff8b72f0000 - 0x00007ff8b7427000 	C:\WINDOWS\SYSTEM32\WINHTTP.dll
0x00007ff88c840000 - 0x00007ff88c852000 	C:\Users\Donni\.jdks\corretto-11.0.22\bin\nio.dll
0x00007ff8ba330000 - 0x00007ff8ba33e000 	C:\Users\Donni\.jdks\corretto-11.0.22\bin\sunmscapi.dll
0x00007ff8bdde0000 - 0x00007ff8bdf46000 	C:\WINDOWS\System32\CRYPT32.dll
0x00007ff8bd100000 - 0x00007ff8bd12e000 	C:\WINDOWS\SYSTEM32\ncrypt.dll
0x00007ff8bd0c0000 - 0x00007ff8bd0f7000 	C:\WINDOWS\SYSTEM32\NTASN1.dll
0x00007ff8ba2b0000 - 0x00007ff8ba2d7000 	C:\Users\Donni\.jdks\corretto-11.0.22\bin\sunec.dll
0x00007ff8bcf30000 - 0x00007ff8bcf42000 	C:\WINDOWS\SYSTEM32\MSASN1.dll
0x00007ff8bcee0000 - 0x00007ff8bcefb000 	C:\WINDOWS\SYSTEM32\CRYPTSP.dll
0x00007ff8bc760000 - 0x00007ff8bc795000 	C:\WINDOWS\system32\rsaenh.dll
0x00007ff8bced0000 - 0x00007ff8bcedc000 	C:\WINDOWS\SYSTEM32\CRYPTBASE.dll
0x00007ff8bcd10000 - 0x00007ff8bcd36000 	C:\WINDOWS\SYSTEM32\gpapi.dll
0x00007ff8bcd70000 - 0x00007ff8bcd9c000 	C:\WINDOWS\SYSTEM32\USERENV.dll
0x00007ff8bd4b0000 - 0x00007ff8bd4ba000 	C:\WINDOWS\SYSTEM32\DPAPI.dll
0x00007ff8bc280000 - 0x00007ff8bc2ad000 	C:\WINDOWS\SYSTEM32\IPHLPAPI.DLL
0x00007ff8bec10000 - 0x00007ff8bec19000 	C:\WINDOWS\System32\NSI.dll
0x00007ff8b7150000 - 0x00007ff8b7169000 	C:\WINDOWS\SYSTEM32\dhcpcsvc6.DLL
0x00007ff8b7040000 - 0x00007ff8b705f000 	C:\WINDOWS\SYSTEM32\dhcpcsvc.DLL
0x00007ff8bc2f0000 - 0x00007ff8bc3e9000 	C:\WINDOWS\SYSTEM32\DNSAPI.dll
0x00007ff8aee90000 - 0x00007ff8af012000 	C:\Users\Donni\.jdks\corretto-11.0.22\bin\awt.dll
0x00007ff8ba4e0000 - 0x00007ff8ba577000 	C:\WINDOWS\SYSTEM32\apphelp.dll
0x00007ff8ba930000 - 0x00007ff8ba9db000 	C:\WINDOWS\system32\uxtheme.dll
0x00007ff8bea40000 - 0x00007ff8beb90000 	C:\WINDOWS\System32\MSCTF.dll
0x00007ff8bfb30000 - 0x00007ff8bfcd0000 	C:\WINDOWS\System32\ole32.dll
0x00007ff8baf70000 - 0x00007ff8baf9b000 	C:\WINDOWS\system32\DWMAPI.DLL
0x00007ff8a1060000 - 0x00007ff8a1160000 	C:\WINDOWS\system32\opengl32.dll
0x00007ff8a6840000 - 0x00007ff8a686d000 	C:\WINDOWS\SYSTEM32\GLU32.dll
0x00007ff8bada0000 - 0x00007ff8badd6000 	C:\WINDOWS\SYSTEM32\dxcore.dll
0x00007ff8b43a0000 - 0x00007ff8b4427000 	C:\Users\Donni\.jdks\corretto-11.0.22\bin\freetype.dll
0x00007ff8af040000 - 0x00007ff8af113000 	C:\Users\Donni\.jdks\corretto-11.0.22\bin\fontmanager.dll
0x00007ff89b200000 - 0x00007ff89b34a000 	C:\WINDOWS\SYSTEM32\textinputframework.dll
0x00007ff8b9b20000 - 0x00007ff8b9c54000 	C:\WINDOWS\SYSTEM32\CoreMessaging.dll
0x00007ff8b63d0000 - 0x00007ff8b673c000 	C:\WINDOWS\SYSTEM32\CoreUIComponents.dll
0x00007ff8ba320000 - 0x00007ff8ba329000 	C:\Users\Donni\.jdks\corretto-11.0.22\bin\management.dll
0x00007ff8ba310000 - 0x00007ff8ba31b000 	C:\Users\Donni\.jdks\corretto-11.0.22\bin\management_ext.dll
0x00007ff8b6c80000 - 0x00007ff8b6c8a000 	C:\Windows\System32\rasadhlp.dll
0x00007ff8b40a0000 - 0x00007ff8b4123000 	C:\WINDOWS\System32\fwpuclnt.dll
0x00007ff8b9620000 - 0x00007ff8b9664000 	C:\Users\Donni\AppData\Local\Temp\jna-68899\jna8442754730488656785.dll
0x00007ff8aedf0000 - 0x00007ff8aee8c000 	C:\Users\Donni\AppData\Local\Temp\jna-68899\jna6671586181637473096.dll
0x00007ff8aed70000 - 0x00007ff8aedef000 	C:\Users\Donni\.jdks\corretto-11.0.22\bin\mlib_image.dll
0x00007ff8b9600000 - 0x00007ff8b9612000 	C:\Users\Donni\.jdks\corretto-11.0.22\bin\jsound.dll
0x00007ff8ae5f0000 - 0x00007ff8ae692000 	C:\WINDOWS\SYSTEM32\DSOUND.dll
0x00007ff8bd5f0000 - 0x00007ff8bd63d000 	C:\WINDOWS\SYSTEM32\powrprof.dll
0x00007ff8a5410000 - 0x00007ff8a54c1000 	C:\WINDOWS\SYSTEM32\ResampleDmo.DLL
0x00007ff8ae500000 - 0x00007ff8ae529000 	C:\WINDOWS\SYSTEM32\winmmbase.dll
0x00007ff8ba290000 - 0x00007ff8ba29b000 	C:\WINDOWS\SYSTEM32\msdmo.dll
0x00007ff8bd4d0000 - 0x00007ff8bd4e3000 	C:\WINDOWS\SYSTEM32\UMPDC.dll
0x00007ff8c0090000 - 0x00007ff8c0140000 	C:\WINDOWS\System32\clbcatq.dll
0x00007ff8b0990000 - 0x00007ff8b0a2d000 	C:\WINDOWS\System32\MMDevApi.dll
0x00007ff8bd460000 - 0x00007ff8bd48c000 	C:\WINDOWS\System32\DEVOBJ.dll
0x00007ff8bd410000 - 0x00007ff8bd45e000 	C:\WINDOWS\System32\CFGMGR32.dll
0x00007ff87bab0000 - 0x00007ff87baf6000 	C:\WINDOWS\SYSTEM32\wdmaud.drv
0x00007ff8b6ed0000 - 0x00007ff8b6edb000 	C:\WINDOWS\SYSTEM32\AVRT.dll
0x00007ff8a1750000 - 0x00007ff8a1759000 	C:\WINDOWS\SYSTEM32\ksuser.dll
0x00007ff8af850000 - 0x00007ff8afa3c000 	C:\WINDOWS\SYSTEM32\AUDIOSES.DLL
0x00007ff8a40b0000 - 0x00007ff8a40be000 	C:\WINDOWS\SYSTEM32\msacm32.drv
0x00007ff883410000 - 0x00007ff88342e000 	C:\WINDOWS\SYSTEM32\MSACM32.dll
0x00007ff8a31c0000 - 0x00007ff8a31cb000 	C:\WINDOWS\SYSTEM32\midimap.dll
0x00007ff8bb2b0000 - 0x00007ff8bb2c5000 	C:\WINDOWS\SYSTEM32\resourcepolicyclient.dll
0x00007ff8963f0000 - 0x00007ff896564000 	C:\Windows\System32\Windows.UI.dll
0x00007ff8b79b0000 - 0x00007ff8b79dd000 	C:\Users\Donni\.jdks\corretto-11.0.22\bin\javajpeg.dll
0x00007ff8ba1c0000 - 0x00007ff8ba1c6000 	C:\Users\Donni\AppData\Local\Temp\flatlaf.temp\flatlaf-windows-x86_64-1716763223460000.dll
0x00007ff8b54e0000 - 0x00007ff8b54e7000 	C:\Users\Donni\.jdks\corretto-11.0.22\bin\jawt.dll
0x00007ff8baad0000 - 0x00007ff8baadd000 	C:\WINDOWS\SYSTEM32\WINNSI.DLL
0x00007ff8b82f0000 - 0x00007ff8b84a0000 	C:\WINDOWS\SYSTEM32\WindowsCodecs.dll
0x00007ff896670000 - 0x00007ff8966ce000 	C:\WINDOWS\system32\dataexchange.dll
0x00007ff8b4cb0000 - 0x00007ff8b4f35000 	C:\WINDOWS\system32\twinapi.appcore.dll
0x00007ff8b56c0000 - 0x00007ff8b577c000 	C:\WINDOWS\SYSTEM32\mscms.dll
0x00007ff8b1c80000 - 0x00007ff8b1cc9000 	C:\WINDOWS\SYSTEM32\icm32.dll

dbghelp: loaded successfully - version: 4.0.5 - missing functions: none
symbol engine: initialized successfully - sym options: 0x614 - pdb path: .;C:\Users\Donni\.jdks\corretto-11.0.22\bin;C:\WINDOWS\SYSTEM32;C:\WINDOWS\WinSxS\amd64_microsoft.windows.common-controls_6595b64144ccf1df_6.0.22621.2506_none_270c5ae97388e100;C:\Users\Donni\.jdks\corretto-11.0.22\bin\server;C:\Users\Donni\AppData\Local\Temp\jna-68899;C:\Users\Donni\AppData\Local\Temp\flatlaf.temp

VM Arguments:
jvm_args: -agentlib:jdwp=transport=dt_socket,server=n,suspend=y,address=127.0.0.1:56538 -javaagent:C:\Users\Donni\.gradle\caches\modules-2\files-2.1\org.jetbrains.kotlinx\kotlinx-coroutines-core-jvm\1.6.0\f3b8fd26c2e76d2f18cbc36aacb6e349fcb9fd5f\kotlinx-coroutines-core-jvm-1.6.0.jar -Dfile.encoding=windows-1252 -Duser.country=US -Duser.language=en -Duser.variant -ea 
java_command: com.piggyplugins.PluginTester
java_class_path (initial): C:\Users\Donni\IdeaProjects\PiggyPlugins\build\classes\java\test;C:\Users\Donni\IdeaProjects\PiggyPlugins\build\resources\test;C:\Users\Donni\IdeaProjects\PiggyPlugins\build\classes\java\main;C:\Users\Donni\IdeaProjects\PiggyPlugins\build\resources\main;C:\Users\Donni\IdeaProjects\PiggyPlugins\AutoTitheFarm\build\libs\AutoTitheFarm-1.0.0.jar;C:\Users\Donni\IdeaProjects\PiggyPlugins\AutoAerial\build\libs\AutoAerial-1.0.0.jar;C:\Users\Donni\IdeaProjects\PiggyPlugins\AutoRuneDragons\build\libs\AutoRuneDragons-1.0.0.jar;C:\Users\Donni\IdeaProjects\PiggyPlugins\AutoBoner\build\libs\AutoBoner-1.0.3.jar;C:\Users\Donni\IdeaProjects\PiggyPlugins\AutoChompy\build\libs\AutoChompy-1.0.3.jar;C:\Users\Donni\IdeaProjects\PiggyPlugins\AutoVorkath\build\libs\AutoVorkath-1.0.19.jar;C:\Users\Donni\IdeaProjects\PiggyPlugins\AutoCombat\build\libs\AutoCombat-1.0.0.jar;C:\Users\Donni\IdeaProjects\PiggyPlugins\AutoTrapper\build\libs\AutoTrapper-1.0.0.jar;C:\Users\Donni\IdeaProjects\PiggyPlugins\AutoSmith\build\libs\AutoSmith-1.0.0.jar;C:\Users\Donni\IdeaProjects\PiggyPlugins\ButterflyCatcher\build\libs\ButterflyCatcher-1.0.0.jar;C:\Users\Donni\IdeaProjects\PiggyPlugins\DialogueContinuer\build\libs\DialogueContinuer-1.0.0.jar;C:\Users\Donni\IdeaProjects\PiggyPlugins\Firemaking\build\libs\Firemaking-1.0.0.jar;C:\Users\Donni\IdeaProjects\PiggyPlugins\KittenFeeder\build\libs\KittenFeeder-1.0.0.jar;C:\Users\Donni\IdeaProjects\PiggyPlugins\AutoJugHumidifier\build\libs\AutoJugHumidifier-1.0.0.jar;C:\Users\Donni\IdeaProjects\PiggyPlugins\AutoRifts\build\libs\AutoRifts-1.0.0.jar;C:\Users\Donni\IdeaProjects\PiggyPlugins\AutoTele\build\libs\AutoTele-1.0.0.jar;C:\Users\Donni\IdeaProjects\PiggyPlugins\CalvarionHelper\build\libs\CalvarionHelper-1.0.0.jar;C:\Users\Donni\IdeaProjects\PiggyPlugins\CannonReloader\build\libs\CannonReloader-1.0.0.jar;C:\Users\Donni\IdeaProjects\PiggyPlugins\E3T4G\build\libs\E3T4G-1.0.0.jar;C:\Users\Donni\IdeaProjects\PiggyPlugins\EthansApi\build\l
Launcher Type: SUN_STANDARD

[Global flags]
     intx CICompilerCount                          = 4                                         {product} {ergonomic}
     uint ConcGCThreads                            = 2                                         {product} {ergonomic}
     uint G1ConcRefinementThreads                  = 8                                         {product} {ergonomic}
   size_t G1HeapRegionSize                         = 1048576                                   {product} {ergonomic}
    uintx GCDrainStackTargetSize                   = 64                                        {product} {ergonomic}
   size_t InitialHeapSize                          = 264241152                                 {product} {ergonomic}
   size_t MarkStackSize                            = 4194304                                   {product} {ergonomic}
   size_t MaxHeapSize                              = 4219469824                                {product} {ergonomic}
   size_t MaxNewSize                               = 2531262464                                {product} {ergonomic}
   size_t MinHeapDeltaBytes                        = 1048576                                   {product} {ergonomic}
    uintx NonNMethodCodeHeapSize                   = 5836300                                {pd product} {ergonomic}
    uintx NonProfiledCodeHeapSize                  = 122910970                              {pd product} {ergonomic}
    uintx ProfiledCodeHeapSize                     = 122910970                              {pd product} {ergonomic}
    uintx ReservedCodeCacheSize                    = 251658240                              {pd product} {ergonomic}
     bool SegmentedCodeCache                       = true                                      {product} {ergonomic}
     bool UseCompressedClassPointers               = true                                 {lp64_product} {ergonomic}
     bool UseCompressedOops                        = true                                 {lp64_product} {ergonomic}
     bool UseG1GC                                  = true                                      {product} {ergonomic}
     bool UseLargePagesIndividualAllocation        = false                                  {pd product} {ergonomic}

Logging:
Log output configuration:
 #0: stdout all=warning uptime,level,tags
 #1: stderr all=off uptime,level,tags

Environment Variables:
JAVA_HOME=C:\Program Files (x86)\Eclipse Adoptium\jdk-11.0.21.9-hotspot\
PATH=C:\Program Files (x86)\Eclipse Adoptium\jdk-11.0.21.9-hotspot\bin;C:\Program Files\Common Files\Oracle\Java\javapath;C:\Python311\Scripts\;C:\Python311\;C:\WINDOWS\system32;C:\WINDOWS;C:\WINDOWS\System32\Wbem;C:\WINDOWS\System32\WindowsPowerShell\v1.0\;C:\WINDOWS\System32\OpenSSH\;C:\ProgramData\chocolatey\bin;C:\Program Files\Git\cmd;C:\Program Files\nodejs\;C:\Program Files\Microsoft VS Code\bin;C:\Program Files\dotnet\;C:\Users\Donni\AppData\Local\Microsoft\WindowsApps;;C:\Exercism;C:\Users\Donni\AppData\Roaming\npm;C:\Program Files\JetBrains\IntelliJ IDEA Community Edition 2023.2.5\bin;
USERNAME=Don
OS=Windows_NT
PROCESSOR_IDENTIFIER=Intel64 Family 6 Model 140 Stepping 1, GenuineIntel
TMP=C:\Users\Donni\AppData\Local\Temp
TEMP=C:\Users\Donni\AppData\Local\Temp



---------------  S Y S T E M  ---------------

OS: Windows 11 , 64 bit Build 22621 (10.0.22621.2506)
OS uptime: 1 days 23:41 hours

CPU:total 8 (initial active 8) (4 cores per cpu, 2 threads per core) family 6 model 140 stepping 1 microcode 0xac, cmov, cx8, fxsr, mmx, sse, sse2, sse3, ssse3, sse4.1, sse4.2, popcnt, avx, avx2, aes, clmul, erms, 3dnowpref, lzcnt, ht, tsc, tscinvbit, bmi1, bmi2, adx, evex, sha, fma

Memory: 4k page, system-wide physical 16091M (8366M free)
TotalPageFile size 17115M (AvailPageFile size 7932M)
current process WorkingSet (physical memory assigned to process): 697M, peak: 767M
current process commit charge ("private bytes"): 741M, peak: 814M

vm_info: OpenJDK 64-Bit Server VM (11.0.22+7-LTS) for windows-amd64 JRE (11.0.22+7-LTS), built on Jan 10 2024 19:54:00 by "Administrator" with MS VC++ 16.10 / 16.11 (VS2019)

END.
