#
# A fatal error has been detected by the Java Runtime Environment:
#
#  Internal Error (c1/c1_LIR.hpp:731), pid=5160, tid=10752
#  Error: ShouldNotReachHere()
#
# JRE version: OpenJDK Runtime Environment Corretto-11.0.22.7.1 (11.0.22+7) (build 11.0.22+7-LTS)
# Java VM: OpenJDK 64-Bit Server VM Corretto-11.0.22.7.1 (11.0.22+7-LTS, mixed mode, tiered, compressed oops, g1 gc, windows-amd64)
# No core dump will be written. Minidumps are not enabled by default on client versions of Windows
#
# If you would like to submit a bug report, please visit:
#   https://github.com/corretto/corretto-11/issues/
#

---------------  S U M M A R Y ------------

Command Line: -agentlib:jdwp=transport=dt_socket,server=n,suspend=y,address=127.0.0.1:50813 -javaagent:C:\Users\Donni\.gradle\caches\modules-2\files-2.1\org.jetbrains.kotlinx\kotlinx-coroutines-core-jvm\1.6.0\f3b8fd26c2e76d2f18cbc36aacb6e349fcb9fd5f\kotlinx-coroutines-core-jvm-1.6.0.jar -Dfile.encoding=windows-1252 -Duser.country=US -Duser.language=en -Duser.variant -ea com.piggyplugins.PluginTester

Host: 11th Gen Intel(R) Core(TM) i5-1145G7 @ 2.60GHz, 8 cores, 15G,  Windows 11 , 64 bit Build 22621 (10.0.22621.2506)
Time: Sun Feb 11 16:35:46 2024 Mountain Standard Time elapsed time: 24.869568 seconds (0d 0h 0m 24s)

---------------  T H R E A D  ---------------

Current thread (0x0000027b7fa7c800):  JavaThread "C1 CompilerThread0" daemon [_thread_in_native, id=10752, stack(0x000000b754a00000,0x000000b754b00000)]


Current CompileTask:
C1:  24869 11277 %     3       org.bouncycastle.math.raw.Nat256::mul @ 292 (637 bytes)

Stack: [0x000000b754a00000,0x000000b754b00000]
Native frames: (J=compiled Java code, j=interpreted, Vv=VM code, C=native code)
V  [jvm.dll+0x64585a]
V  [jvm.dll+0x7d9bb9]
V  [jvm.dll+0x7db2b9]
V  [jvm.dll+0x7db957]
V  [jvm.dll+0x26941c]
V  [jvm.dll+0x269363]
V  [jvm.dll+0x1760a9]
V  [jvm.dll+0x171ea4]
V  [jvm.dll+0x168c0e]
V  [jvm.dll+0x1552d0]
V  [jvm.dll+0x13c659]
V  [jvm.dll+0x13bf8f]
V  [jvm.dll+0x13c1c4]
V  [jvm.dll+0x13b512]
V  [jvm.dll+0x13d3ac]
V  [jvm.dll+0x2305e9]
V  [jvm.dll+0x22e75f]
V  [jvm.dll+0x79ae51]
V  [jvm.dll+0x793b24]
V  [jvm.dll+0x644615]
C  [ucrtbase.dll+0x29363]
C  [KERNEL32.DLL+0x1257d]
C  [ntdll.dll+0x5aa58]


---------------  P R O C E S S  ---------------

Threads class SMR info:
_java_thread_list=0x0000027b27fff130, length=41, elements={
0x0000027b7fa27000, 0x0000027b7fa30000, 0x0000027b7fa25000, 0x0000027b7fa77800,
0x0000027b7fa7a000, 0x0000027b7fa7b000, 0x0000027b7fa7c800, 0x0000027b7fa7d800,
0x0000027b7f926800, 0x0000027b1ddec800, 0x0000027b7fd53800, 0x0000027b7fd54800,
0x0000027b1e2e0800, 0x0000027b1f00d800, 0x0000027b1ef8f800, 0x0000027b1ee89800,
0x0000027b20628000, 0x0000027b1ed92000, 0x0000027b20855000, 0x0000027b1f112000,
0x0000027b1ee48000, 0x0000027b2361e800, 0x0000027b23623800, 0x0000027b23621000,
0x0000027b23622800, 0x0000027b2361e000, 0x0000027b23624800, 0x0000027b2361f800,
0x0000027b23620800, 0x0000027b27352800, 0x0000027b27354000, 0x0000027b27351800,
0x0000027b27353800, 0x0000027b27350000, 0x0000027b27356000, 0x0000027b27351000,
0x0000027b27356800, 0x0000027b2735a800, 0x0000027b23a37800, 0x0000027b2542b800,
0x0000027b27355000
}

Java Threads: ( => current thread )
  0x0000027b7fa27000 JavaThread "Reference Handler" daemon [_thread_blocked, id=9204, stack(0x000000b754400000,0x000000b754500000)]
  0x0000027b7fa30000 JavaThread "Finalizer" daemon [_thread_blocked, id=9320, stack(0x000000b754500000,0x000000b754600000)]
  0x0000027b7fa25000 JavaThread "Signal Dispatcher" daemon [_thread_blocked, id=2356, stack(0x000000b754600000,0x000000b754700000)]
  0x0000027b7fa77800 JavaThread "Attach Listener" daemon [_thread_blocked, id=10420, stack(0x000000b754700000,0x000000b754800000)]
  0x0000027b7fa7a000 JavaThread "Service Thread" daemon [_thread_blocked, id=2008, stack(0x000000b754800000,0x000000b754900000)]
  0x0000027b7fa7b000 JavaThread "C2 CompilerThread0" daemon [_thread_in_native, id=11816, stack(0x000000b754900000,0x000000b754a00000)]
=>0x0000027b7fa7c800 JavaThread "C1 CompilerThread0" daemon [_thread_in_native, id=10752, stack(0x000000b754a00000,0x000000b754b00000)]
  0x0000027b7fa7d800 JavaThread "Sweeper thread" daemon [_thread_blocked, id=2260, stack(0x000000b754b00000,0x000000b754c00000)]
  0x0000027b7f926800 JavaThread "Common-Cleaner" daemon [_thread_blocked, id=5276, stack(0x000000b754c00000,0x000000b754d00000)]
  0x0000027b1ddec800 JavaThread "JDWP Transport Listener: dt_socket" daemon [_thread_blocked, id=11616, stack(0x000000b754e00000,0x000000b754f00000)]
  0x0000027b7fd53800 JavaThread "JDWP Event Helper Thread" daemon [_thread_blocked, id=4428, stack(0x000000b754f00000,0x000000b755000000)]
  0x0000027b7fd54800 JavaThread "JDWP Command Reader" daemon [_thread_in_native, id=10120, stack(0x000000b755000000,0x000000b755100000)]
  0x0000027b1e2e0800 JavaThread "Coroutines Debugger Cleaner" daemon [_thread_blocked, id=3512, stack(0x000000b755100000,0x000000b755200000)]
  0x0000027b1f00d800 JavaThread "Java2D Disposer" daemon [_thread_blocked, id=4240, stack(0x000000b755c00000,0x000000b755d00000)]
  0x0000027b1ef8f800 JavaThread "AWT-Shutdown" [_thread_blocked, id=3616, stack(0x000000b755d00000,0x000000b755e00000)]
  0x0000027b1ee89800 JavaThread "AWT-Windows" daemon [_thread_in_native, id=3624, stack(0x000000b755e00000,0x000000b755f00000)]
  0x0000027b20628000 JavaThread "AWT-EventQueue-0" [_thread_blocked, id=10020, stack(0x000000b756000000,0x000000b756100000)]
  0x0000027b1ed92000 JavaThread "TimerQueue" daemon [_thread_blocked, id=8524, stack(0x000000b756100000,0x000000b756200000)]
  0x0000027b20855000 JavaThread "OkHttp Dispatcher" [_thread_blocked, id=7328, stack(0x000000b756200000,0x000000b756300000)]
  0x0000027b1f112000 JavaThread "OkHttp ConnectionPool" daemon [_thread_blocked, id=3200, stack(0x000000b754d00000,0x000000b754e00000)]
  0x0000027b1ee48000 JavaThread "Okio Watchdog" daemon [_thread_blocked, id=5440, stack(0x000000b755300000,0x000000b755400000)]
  0x0000027b2361e800 JavaThread "pool-2-thread-1" [_thread_blocked, id=9876, stack(0x000000b756900000,0x000000b756a00000)]
  0x0000027b23623800 JavaThread "Thread-1" daemon [_thread_blocked, id=13964, stack(0x000000b756300000,0x000000b756400000)]
  0x0000027b23621000 JavaThread "Client" daemon [_thread_in_Java, id=772, stack(0x000000b756b00000,0x000000b756c00000)]
  0x0000027b23622800 JavaThread "Thread-3" daemon [_thread_in_native, id=4652, stack(0x000000b756800000,0x000000b756900000)]
  0x0000027b2361e000 JavaThread "Thread-4" daemon [_thread_in_native, id=4720, stack(0x000000b756d00000,0x000000b756e00000)]
  0x0000027b23624800 JavaThread "Thread-5" daemon [_thread_blocked, id=13816, stack(0x000000b756e00000,0x000000b756f00000)]
  0x0000027b2361f800 JavaThread "cache io" daemon [_thread_blocked, id=11732, stack(0x000000b756f00000,0x000000b757000000)]
  0x0000027b23620800 JavaThread "OkHttp repo.runelite.net Writer" [_thread_blocked, id=3096, stack(0x000000b757000000,0x000000b757100000)]
  0x0000027b27352800 JavaThread "OkHttp repo.runelite.net" [_thread_in_native, id=4276, stack(0x000000b757100000,0x000000b757200000)]
  0x0000027b27354000 JavaThread "OkHttp Http2Connection" daemon [_thread_blocked, id=6076, stack(0x000000b757200000,0x000000b757300000)]
  0x0000027b27351800 JavaThread "Java Sound Event Dispatcher" daemon [_thread_blocked, id=3032, stack(0x000000b757500000,0x000000b757600000)]
  0x0000027b27353800 JavaThread "Sound Engine" [_thread_blocked, id=2556, stack(0x000000b757900000,0x000000b757a00000)]
  0x0000027b27350000 JavaThread "Thread-8" daemon [_thread_blocked, id=1840, stack(0x000000b757e00000,0x000000b757f00000)]
  0x0000027b27356000 JavaThread "pool-5-thread-1" [_thread_in_native, id=6692, stack(0x000000b757f00000,0x000000b758000000)]
  0x0000027b27351000 JavaThread "DestroyJavaVM" [_thread_blocked, id=13576, stack(0x000000b753d00000,0x000000b753e00000)]
  0x0000027b27356800 JavaThread "Thread-10" daemon [_thread_in_native, id=11496, stack(0x000000b756500000,0x000000b756600000)]
  0x0000027b2735a800 JavaThread "Thread-11" daemon [_thread_blocked, id=3540, stack(0x000000b756a00000,0x000000b756b00000)]
  0x0000027b23a37800 JavaThread "C2 CompilerThread1" daemon [_thread_in_native, id=8796, stack(0x000000b756c00000,0x000000b756d00000)]
  0x0000027b2542b800 JavaThread "C2 CompilerThread2" daemon [_thread_in_native, id=5632, stack(0x000000b758000000,0x000000b758100000)]
  0x0000027b27355000 JavaThread "crmsession-rest-request-1" daemon [_thread_in_native, id=7992, stack(0x000000b758100000,0x000000b758200000)]

Other Threads:
  0x0000027b7f96e800 VMThread "VM Thread" [stack: 0x000000b754300000,0x000000b754400000] [id=4000]
  0x0000027b1de4a800 WatcherThread [stack: 0x000000b755200000,0x000000b755300000] [id=3068]
  0x0000027b79380000 GCTaskThread "GC Thread#0" [stack: 0x000000b753e00000,0x000000b753f00000] [id=2668]
  0x0000027b1eb6b800 GCTaskThread "GC Thread#1" [stack: 0x000000b755400000,0x000000b755500000] [id=492]
  0x0000027b1eb6a000 GCTaskThread "GC Thread#2" [stack: 0x000000b755500000,0x000000b755600000] [id=7232]
  0x0000027b1e5db000 GCTaskThread "GC Thread#3" [stack: 0x000000b755600000,0x000000b755700000] [id=14200]
  0x0000027b1ecc4000 GCTaskThread "GC Thread#4" [stack: 0x000000b755700000,0x000000b755800000] [id=3840]
  0x0000027b1ee38800 GCTaskThread "GC Thread#5" [stack: 0x000000b755800000,0x000000b755900000] [id=4780]
  0x0000027b20dbb000 GCTaskThread "GC Thread#6" [stack: 0x000000b756600000,0x000000b756700000] [id=3416]
  0x0000027b20907000 GCTaskThread "GC Thread#7" [stack: 0x000000b756700000,0x000000b756800000] [id=13344]
  0x0000027b793da800 ConcurrentGCThread "G1 Main Marker" [stack: 0x000000b753f00000,0x000000b754000000] [id=14160]
  0x0000027b793dc000 ConcurrentGCThread "G1 Conc#0" [stack: 0x000000b754000000,0x000000b754100000] [id=4620]
  0x0000027b205e0800 ConcurrentGCThread "G1 Conc#1" [stack: 0x000000b755f00000,0x000000b756000000] [id=13076]
  0x0000027b7f851000 ConcurrentGCThread "G1 Refine#0" [stack: 0x000000b754100000,0x000000b754200000] [id=13220]
  0x0000027b1df9b000 ConcurrentGCThread "G1 Refine#1" [stack: 0x000000b755900000,0x000000b755a00000] [id=3960]
  0x0000027b1ec7e800 ConcurrentGCThread "G1 Refine#2" [stack: 0x000000b755a00000,0x000000b755b00000] [id=12112]
  0x0000027b7f852000 ConcurrentGCThread "G1 Young RemSet Sampling" [stack: 0x000000b754200000,0x000000b754300000] [id=6644]

Threads with active compile tasks:
C2 CompilerThread0    24881 11063 %     4       km::cj @ 1017 (2177 bytes)
C1 CompilerThread0    24881 11277 %     3       org.bouncycastle.math.raw.Nat256::mul @ 292 (637 bytes)
C2 CompilerThread1    24881 10516       4       km::bj (2113 bytes)
C2 CompilerThread2    24881 10963   !   4       jt::af (4395 bytes)

VM state:not at safepoint (normal execution)

VM Mutex/Monitor currently owned by a thread: None

Heap address: 0x0000000704800000, size: 4024 MB, Compressed Oops mode: Zero based, Oop shift amount: 3
Narrow klass base: 0x0000000800000000, Narrow klass shift: 0
Compressed class space size: 1073741824 Address: 0x0000000800000000

Heap:
 garbage-first heap   total 372736K, used 267137K [0x0000000704800000, 0x0000000800000000)
  region size 1024K, 101 young (103424K), 20 survivors (20480K)
 Metaspace       used 88655K, capacity 91663K, committed 91940K, reserved 1130496K
  class space    used 9255K, capacity 10510K, committed 10572K, reserved 1048576K
Heap Regions: E=young(eden), S=young(survivor), O=old, HS=humongous(starts), HC=humongous(continues), CS=collection set, F=free, A=archive, TAMS=top-at-mark-start (previous, next)
|   0|0x0000000704800000, 0x0000000704900000, 0x0000000704900000|100%| O|  |TAMS 0x0000000704900000, 0x0000000704800000| Untracked 
|   1|0x0000000704900000, 0x0000000704a00000, 0x0000000704a00000|100%| O|  |TAMS 0x0000000704a00000, 0x0000000704900000| Untracked 
|   2|0x0000000704a00000, 0x0000000704b00000, 0x0000000704b00000|100%| O|  |TAMS 0x0000000704b00000, 0x0000000704a00000| Untracked 
|   3|0x0000000704b00000, 0x0000000704c00000, 0x0000000704c00000|100%| O|  |TAMS 0x0000000704c00000, 0x0000000704b00000| Untracked 
|   4|0x0000000704c00000, 0x0000000704d00000, 0x0000000704d00000|100%| O|  |TAMS 0x0000000704d00000, 0x0000000704c00000| Untracked 
|   5|0x0000000704d00000, 0x0000000704e00000, 0x0000000704e00000|100%| O|  |TAMS 0x0000000704e00000, 0x0000000704d00000| Untracked 
|   6|0x0000000704e00000, 0x0000000704f00000, 0x0000000704f00000|100%| O|  |TAMS 0x0000000704f00000, 0x0000000704e00000| Untracked 
|   7|0x0000000704f00000, 0x0000000705000000, 0x0000000705000000|100%| O|  |TAMS 0x0000000705000000, 0x0000000704f00000| Untracked 
|   8|0x0000000705000000, 0x0000000705100000, 0x0000000705100000|100%| O|  |TAMS 0x0000000705100000, 0x0000000705000000| Untracked 
|   9|0x0000000705100000, 0x0000000705200000, 0x0000000705200000|100%| O|  |TAMS 0x0000000705200000, 0x0000000705100000| Untracked 
|  10|0x0000000705200000, 0x0000000705300000, 0x0000000705300000|100%| O|  |TAMS 0x0000000705300000, 0x0000000705200000| Untracked 
|  11|0x0000000705300000, 0x0000000705400000, 0x0000000705400000|100%| O|  |TAMS 0x0000000705400000, 0x0000000705300000| Untracked 
|  12|0x0000000705400000, 0x0000000705500000, 0x0000000705500000|100%| O|  |TAMS 0x0000000705500000, 0x0000000705400000| Untracked 
|  13|0x0000000705500000, 0x0000000705600000, 0x0000000705600000|100%| O|  |TAMS 0x0000000705600000, 0x0000000705500000| Untracked 
|  14|0x0000000705600000, 0x0000000705700000, 0x0000000705700000|100%| O|  |TAMS 0x0000000705700000, 0x0000000705600000| Untracked 
|  15|0x0000000705700000, 0x0000000705800000, 0x0000000705800000|100%| O|  |TAMS 0x0000000705800000, 0x0000000705700000| Untracked 
|  16|0x0000000705800000, 0x0000000705900000, 0x0000000705900000|100%| O|  |TAMS 0x0000000705900000, 0x0000000705800000| Untracked 
|  17|0x0000000705900000, 0x0000000705a00000, 0x0000000705a00000|100%|HS|  |TAMS 0x0000000705a00000, 0x0000000705900000| Complete 
|  18|0x0000000705a00000, 0x0000000705b00000, 0x0000000705b00000|100%|HC|  |TAMS 0x0000000705b00000, 0x0000000705a00000| Complete 
|  19|0x0000000705b00000, 0x0000000705c00000, 0x0000000705c00000|100%|HC|  |TAMS 0x0000000705c00000, 0x0000000705b00000| Complete 
|  20|0x0000000705c00000, 0x0000000705d00000, 0x0000000705d00000|100%| O|  |TAMS 0x0000000705d00000, 0x0000000705c00000| Untracked 
|  21|0x0000000705d00000, 0x0000000705e00000, 0x0000000705e00000|100%| O|  |TAMS 0x0000000705e00000, 0x0000000705d00000| Untracked 
|  22|0x0000000705e00000, 0x0000000705f00000, 0x0000000705f00000|100%|HS|  |TAMS 0x0000000705f00000, 0x0000000705e00000| Complete 
|  23|0x0000000705f00000, 0x0000000706000000, 0x0000000706000000|100%|HC|  |TAMS 0x0000000706000000, 0x0000000705f00000| Complete 
|  24|0x0000000706000000, 0x0000000706100000, 0x0000000706100000|100%|HS|  |TAMS 0x0000000706100000, 0x0000000706000000| Complete 
|  25|0x0000000706100000, 0x0000000706200000, 0x0000000706200000|100%|HC|  |TAMS 0x0000000706200000, 0x0000000706100000| Complete 
|  26|0x0000000706200000, 0x0000000706300000, 0x0000000706300000|100%|HS|  |TAMS 0x0000000706300000, 0x0000000706200000| Complete 
|  27|0x0000000706300000, 0x0000000706400000, 0x0000000706400000|100%|HC|  |TAMS 0x0000000706400000, 0x0000000706300000| Complete 
|  28|0x0000000706400000, 0x0000000706500000, 0x0000000706500000|100%|HS|  |TAMS 0x0000000706500000, 0x0000000706400000| Complete 
|  29|0x0000000706500000, 0x0000000706600000, 0x0000000706600000|100%|HC|  |TAMS 0x0000000706600000, 0x0000000706500000| Complete 
|  30|0x0000000706600000, 0x0000000706700000, 0x0000000706700000|100%|HS|  |TAMS 0x0000000706700000, 0x0000000706600000| Complete 
|  31|0x0000000706700000, 0x0000000706800000, 0x0000000706800000|100%|HC|  |TAMS 0x0000000706800000, 0x0000000706700000| Complete 
|  32|0x0000000706800000, 0x0000000706900000, 0x0000000706900000|100%|HS|  |TAMS 0x0000000706900000, 0x0000000706800000| Complete 
|  33|0x0000000706900000, 0x0000000706a00000, 0x0000000706a00000|100%|HC|  |TAMS 0x0000000706a00000, 0x0000000706900000| Complete 
|  34|0x0000000706a00000, 0x0000000706b00000, 0x0000000706b00000|100%|HS|  |TAMS 0x0000000706b00000, 0x0000000706a00000| Complete 
|  35|0x0000000706b00000, 0x0000000706c00000, 0x0000000706c00000|100%|HC|  |TAMS 0x0000000706c00000, 0x0000000706b00000| Complete 
|  36|0x0000000706c00000, 0x0000000706d00000, 0x0000000706d00000|100%|HS|  |TAMS 0x0000000706d00000, 0x0000000706c00000| Complete 
|  37|0x0000000706d00000, 0x0000000706e00000, 0x0000000706e00000|100%|HC|  |TAMS 0x0000000706e00000, 0x0000000706d00000| Complete 
|  38|0x0000000706e00000, 0x0000000706f00000, 0x0000000706f00000|100%|HC|  |TAMS 0x0000000706f00000, 0x0000000706e00000| Complete 
|  39|0x0000000706f00000, 0x0000000707000000, 0x0000000707000000|100%|HC|  |TAMS 0x0000000707000000, 0x0000000706f00000| Complete 
|  40|0x0000000707000000, 0x0000000707100000, 0x0000000707100000|100%|HC|  |TAMS 0x0000000707100000, 0x0000000707000000| Complete 
|  41|0x0000000707100000, 0x0000000707200000, 0x0000000707200000|100%|HC|  |TAMS 0x0000000707200000, 0x0000000707100000| Complete 
|  42|0x0000000707200000, 0x0000000707300000, 0x0000000707300000|100%|HS|  |TAMS 0x0000000707300000, 0x0000000707200000| Complete 
|  43|0x0000000707300000, 0x0000000707400000, 0x0000000707400000|100%|HC|  |TAMS 0x0000000707400000, 0x0000000707300000| Complete 
|  44|0x0000000707400000, 0x0000000707500000, 0x0000000707500000|100%|HS|  |TAMS 0x0000000707500000, 0x0000000707400000| Complete 
|  45|0x0000000707500000, 0x0000000707600000, 0x0000000707600000|100%|HC|  |TAMS 0x0000000707600000, 0x0000000707500000| Complete 
|  46|0x0000000707600000, 0x0000000707700000, 0x0000000707700000|100%|HS|  |TAMS 0x0000000707700000, 0x0000000707600000| Complete 
|  47|0x0000000707700000, 0x0000000707800000, 0x0000000707800000|100%|HC|  |TAMS 0x0000000707800000, 0x0000000707700000| Complete 
|  48|0x0000000707800000, 0x0000000707900000, 0x0000000707900000|100%| O|  |TAMS 0x0000000707900000, 0x0000000707800000| Untracked 
|  49|0x0000000707900000, 0x0000000707a00000, 0x0000000707a00000|100%| O|  |TAMS 0x0000000707a00000, 0x0000000707900000| Untracked 
|  50|0x0000000707a00000, 0x0000000707b00000, 0x0000000707b00000|100%| O|  |TAMS 0x0000000707b00000, 0x0000000707a00000| Untracked 
|  51|0x0000000707b00000, 0x0000000707c00000, 0x0000000707c00000|100%| O|  |TAMS 0x0000000707c00000, 0x0000000707b00000| Untracked 
|  52|0x0000000707c00000, 0x0000000707d00000, 0x0000000707d00000|100%| O|  |TAMS 0x0000000707d00000, 0x0000000707c00000| Untracked 
|  53|0x0000000707d00000, 0x0000000707e00000, 0x0000000707e00000|100%| O|  |TAMS 0x0000000707e00000, 0x0000000707d00000| Untracked 
|  54|0x0000000707e00000, 0x0000000707f00000, 0x0000000707f00000|100%| O|  |TAMS 0x0000000707f00000, 0x0000000707e00000| Untracked 
|  55|0x0000000707f00000, 0x0000000708000000, 0x0000000708000000|100%| O|  |TAMS 0x0000000708000000, 0x0000000707f00000| Untracked 
|  56|0x0000000708000000, 0x0000000708100000, 0x0000000708100000|100%| O|  |TAMS 0x0000000708100000, 0x0000000708000000| Untracked 
|  57|0x0000000708100000, 0x0000000708200000, 0x0000000708200000|100%| O|  |TAMS 0x0000000708200000, 0x0000000708100000| Untracked 
|  58|0x0000000708200000, 0x0000000708300000, 0x0000000708300000|100%| O|  |TAMS 0x0000000708300000, 0x0000000708200000| Untracked 
|  59|0x0000000708300000, 0x0000000708400000, 0x0000000708400000|100%| O|  |TAMS 0x0000000708300000, 0x0000000708300000| Untracked 
|  60|0x0000000708400000, 0x0000000708500000, 0x0000000708500000|100%| O|  |TAMS 0x0000000708500000, 0x0000000708400000| Untracked 
|  61|0x0000000708500000, 0x0000000708600000, 0x0000000708600000|100%| O|  |TAMS 0x0000000708600000, 0x0000000708500000| Untracked 
|  62|0x0000000708600000, 0x0000000708700000, 0x0000000708700000|100%| O|  |TAMS 0x0000000708700000, 0x0000000708600000| Untracked 
|  63|0x0000000708700000, 0x0000000708800000, 0x0000000708800000|100%| O|  |TAMS 0x0000000708800000, 0x0000000708700000| Untracked 
|  64|0x0000000708800000, 0x0000000708900000, 0x0000000708900000|100%| O|  |TAMS 0x0000000708800000, 0x0000000708800000| Untracked 
|  65|0x0000000708900000, 0x0000000708a00000, 0x0000000708a00000|100%| O|  |TAMS 0x0000000708a00000, 0x0000000708900000| Untracked 
|  66|0x0000000708a00000, 0x0000000708b00000, 0x0000000708b00000|100%| O|  |TAMS 0x0000000708b00000, 0x0000000708a00000| Untracked 
|  67|0x0000000708b00000, 0x0000000708c00000, 0x0000000708c00000|100%|HS|  |TAMS 0x0000000708b00000, 0x0000000708b00000| Complete 
|  68|0x0000000708c00000, 0x0000000708d00000, 0x0000000708d00000|100%|HC|  |TAMS 0x0000000708c00000, 0x0000000708c00000| Complete 
|  69|0x0000000708d00000, 0x0000000708e00000, 0x0000000708e00000|100%| O|  |TAMS 0x0000000708e00000, 0x0000000708d00000| Untracked 
|  70|0x0000000708e00000, 0x0000000708f00000, 0x0000000708f00000|100%| O|  |TAMS 0x0000000708f00000, 0x0000000708e00000| Untracked 
|  71|0x0000000708f00000, 0x0000000709000000, 0x0000000709000000|100%| O|  |TAMS 0x0000000709000000, 0x0000000708f00000| Untracked 
|  72|0x0000000709000000, 0x0000000709100000, 0x0000000709100000|100%| O|  |TAMS 0x0000000709100000, 0x0000000709000000| Untracked 
|  73|0x0000000709100000, 0x0000000709200000, 0x0000000709200000|100%| O|  |TAMS 0x0000000709200000, 0x0000000709100000| Untracked 
|  74|0x0000000709200000, 0x0000000709300000, 0x0000000709300000|100%| O|  |TAMS 0x0000000709300000, 0x0000000709200000| Untracked 
|  75|0x0000000709300000, 0x0000000709400000, 0x0000000709400000|100%| O|  |TAMS 0x0000000709400000, 0x0000000709300000| Untracked 
|  76|0x0000000709400000, 0x0000000709500000, 0x0000000709500000|100%| O|  |TAMS 0x0000000709500000, 0x0000000709400000| Untracked 
|  77|0x0000000709500000, 0x0000000709600000, 0x0000000709600000|100%| O|  |TAMS 0x0000000709600000, 0x0000000709500000| Untracked 
|  78|0x0000000709600000, 0x0000000709700000, 0x0000000709700000|100%| O|  |TAMS 0x0000000709700000, 0x0000000709600000| Untracked 
|  79|0x0000000709700000, 0x0000000709800000, 0x0000000709800000|100%| O|  |TAMS 0x0000000709800000, 0x0000000709700000| Untracked 
|  80|0x0000000709800000, 0x0000000709900000, 0x0000000709900000|100%| O|  |TAMS 0x0000000709900000, 0x0000000709800000| Untracked 
|  81|0x0000000709900000, 0x0000000709a00000, 0x0000000709a00000|100%| O|  |TAMS 0x0000000709a00000, 0x0000000709900000| Untracked 
|  82|0x0000000709a00000, 0x0000000709b00000, 0x0000000709b00000|100%| O|  |TAMS 0x0000000709b00000, 0x0000000709a00000| Untracked 
|  83|0x0000000709b00000, 0x0000000709c00000, 0x0000000709c00000|100%| O|  |TAMS 0x0000000709c00000, 0x0000000709b00000| Untracked 
|  84|0x0000000709c00000, 0x0000000709d00000, 0x0000000709d00000|100%| O|  |TAMS 0x0000000709d00000, 0x0000000709c00000| Untracked 
|  85|0x0000000709d00000, 0x0000000709e00000, 0x0000000709e00000|100%| O|  |TAMS 0x0000000709e00000, 0x0000000709d00000| Untracked 
|  86|0x0000000709e00000, 0x0000000709f00000, 0x0000000709f00000|100%| O|  |TAMS 0x0000000709f00000, 0x0000000709e00000| Untracked 
|  87|0x0000000709f00000, 0x000000070a000000, 0x000000070a000000|100%| O|  |TAMS 0x000000070a000000, 0x0000000709f00000| Untracked 
|  88|0x000000070a000000, 0x000000070a100000, 0x000000070a100000|100%| O|  |TAMS 0x000000070a100000, 0x000000070a000000| Untracked 
|  89|0x000000070a100000, 0x000000070a200000, 0x000000070a200000|100%| O|  |TAMS 0x000000070a200000, 0x000000070a100000| Untracked 
|  90|0x000000070a200000, 0x000000070a300000, 0x000000070a300000|100%| O|  |TAMS 0x000000070a300000, 0x000000070a200000| Untracked 
|  91|0x000000070a300000, 0x000000070a400000, 0x000000070a400000|100%| O|  |TAMS 0x000000070a400000, 0x000000070a300000| Untracked 
|  92|0x000000070a400000, 0x000000070a500000, 0x000000070a500000|100%| O|  |TAMS 0x000000070a500000, 0x000000070a400000| Untracked 
|  93|0x000000070a500000, 0x000000070a600000, 0x000000070a600000|100%| O|  |TAMS 0x000000070a600000, 0x000000070a500000| Untracked 
|  94|0x000000070a600000, 0x000000070a700000, 0x000000070a700000|100%| O|  |TAMS 0x000000070a700000, 0x000000070a600000| Untracked 
|  95|0x000000070a700000, 0x000000070a800000, 0x000000070a800000|100%| O|  |TAMS 0x000000070a800000, 0x000000070a700000| Untracked 
|  96|0x000000070a800000, 0x000000070a900000, 0x000000070a900000|100%| O|  |TAMS 0x000000070a900000, 0x000000070a800000| Untracked 
|  97|0x000000070a900000, 0x000000070aa00000, 0x000000070aa00000|100%| O|  |TAMS 0x000000070aa00000, 0x000000070a900000| Untracked 
|  98|0x000000070aa00000, 0x000000070ab00000, 0x000000070ab00000|100%| O|  |TAMS 0x000000070ab00000, 0x000000070aa00000| Untracked 
|  99|0x000000070ab00000, 0x000000070ac00000, 0x000000070ac00000|100%| O|  |TAMS 0x000000070ac00000, 0x000000070ab00000| Untracked 
| 100|0x000000070ac00000, 0x000000070ad00000, 0x000000070ad00000|100%| O|  |TAMS 0x000000070ad00000, 0x000000070ac00000| Untracked 
| 101|0x000000070ad00000, 0x000000070ae00000, 0x000000070ae00000|100%| O|  |TAMS 0x000000070ae00000, 0x000000070ad00000| Untracked 
| 102|0x000000070ae00000, 0x000000070af00000, 0x000000070af00000|100%| O|  |TAMS 0x000000070af00000, 0x000000070ae00000| Untracked 
| 103|0x000000070af00000, 0x000000070b000000, 0x000000070b000000|100%| O|  |TAMS 0x000000070b000000, 0x000000070af00000| Untracked 
| 104|0x000000070b000000, 0x000000070b100000, 0x000000070b100000|100%| O|  |TAMS 0x000000070b100000, 0x000000070b000000| Untracked 
| 105|0x000000070b100000, 0x000000070b200000, 0x000000070b200000|100%| O|  |TAMS 0x000000070b200000, 0x000000070b100000| Untracked 
| 106|0x000000070b200000, 0x000000070b300000, 0x000000070b300000|100%| O|  |TAMS 0x000000070b300000, 0x000000070b200000| Untracked 
| 107|0x000000070b300000, 0x000000070b400000, 0x000000070b400000|100%| O|  |TAMS 0x000000070b400000, 0x000000070b300000| Untracked 
| 108|0x000000070b400000, 0x000000070b500000, 0x000000070b500000|100%| O|  |TAMS 0x000000070b500000, 0x000000070b400000| Untracked 
| 109|0x000000070b500000, 0x000000070b600000, 0x000000070b600000|100%| O|  |TAMS 0x000000070b600000, 0x000000070b500000| Untracked 
| 110|0x000000070b600000, 0x000000070b700000, 0x000000070b700000|100%| O|  |TAMS 0x000000070b700000, 0x000000070b600000| Untracked 
| 111|0x000000070b700000, 0x000000070b800000, 0x000000070b800000|100%| O|  |TAMS 0x000000070b7b8800, 0x000000070b700000| Untracked 
| 112|0x000000070b800000, 0x000000070b900000, 0x000000070b900000|100%| O|  |TAMS 0x000000070b800000, 0x000000070b800000| Untracked 
| 113|0x000000070b900000, 0x000000070ba00000, 0x000000070ba00000|100%|HS|  |TAMS 0x000000070ba00000, 0x000000070b900000| Complete 
| 114|0x000000070ba00000, 0x000000070bb00000, 0x000000070bb00000|100%|HS|  |TAMS 0x000000070bb00000, 0x000000070ba00000| Complete 
| 115|0x000000070bb00000, 0x000000070bc00000, 0x000000070bc00000|100%|HS|  |TAMS 0x000000070bb00000, 0x000000070bb00000| Complete 
| 116|0x000000070bc00000, 0x000000070bd00000, 0x000000070bd00000|100%|HS|  |TAMS 0x000000070bc00000, 0x000000070bc00000| Complete 
| 117|0x000000070bd00000, 0x000000070be00000, 0x000000070be00000|100%|HS|  |TAMS 0x000000070bd00000, 0x000000070bd00000| Complete 
| 118|0x000000070be00000, 0x000000070bf00000, 0x000000070bf00000|100%|HC|  |TAMS 0x000000070be00000, 0x000000070be00000| Complete 
| 119|0x000000070bf00000, 0x000000070c000000, 0x000000070c000000|100%| O|  |TAMS 0x000000070bf00000, 0x000000070bf00000| Untracked 
| 120|0x000000070c000000, 0x000000070c100000, 0x000000070c100000|100%| O|  |TAMS 0x000000070c000000, 0x000000070c000000| Untracked 
| 121|0x000000070c100000, 0x000000070c200000, 0x000000070c200000|100%|HS|  |TAMS 0x000000070c100000, 0x000000070c100000| Complete 
| 122|0x000000070c200000, 0x000000070c300000, 0x000000070c300000|100%|HC|  |TAMS 0x000000070c200000, 0x000000070c200000| Complete 
| 123|0x000000070c300000, 0x000000070c400000, 0x000000070c400000|100%|HC|  |TAMS 0x000000070c300000, 0x000000070c300000| Complete 
| 124|0x000000070c400000, 0x000000070c500000, 0x000000070c500000|100%|HC|  |TAMS 0x000000070c400000, 0x000000070c400000| Complete 
| 125|0x000000070c500000, 0x000000070c600000, 0x000000070c600000|100%|HC|  |TAMS 0x000000070c500000, 0x000000070c500000| Complete 
| 126|0x000000070c600000, 0x000000070c700000, 0x000000070c700000|100%| O|  |TAMS 0x000000070c600000, 0x000000070c600000| Untracked 
| 127|0x000000070c700000, 0x000000070c800000, 0x000000070c800000|100%| O|  |TAMS 0x000000070c700000, 0x000000070c700000| Untracked 
| 128|0x000000070c800000, 0x000000070c900000, 0x000000070c900000|100%| O|  |TAMS 0x000000070c800000, 0x000000070c800000| Untracked 
| 129|0x000000070c900000, 0x000000070ca00000, 0x000000070ca00000|100%| O|  |TAMS 0x000000070c900000, 0x000000070c900000| Untracked 
| 130|0x000000070ca00000, 0x000000070cb00000, 0x000000070cb00000|100%| O|  |TAMS 0x000000070ca00000, 0x000000070ca00000| Untracked 
| 131|0x000000070cb00000, 0x000000070cc00000, 0x000000070cc00000|100%| O|  |TAMS 0x000000070cb00000, 0x000000070cb00000| Untracked 
| 132|0x000000070cc00000, 0x000000070cd00000, 0x000000070cd00000|100%| O|  |TAMS 0x000000070cc00000, 0x000000070cc00000| Untracked 
| 133|0x000000070cd00000, 0x000000070ce00000, 0x000000070ce00000|100%| O|  |TAMS 0x000000070cd00000, 0x000000070cd00000| Untracked 
| 134|0x000000070ce00000, 0x000000070cf00000, 0x000000070cf00000|100%| O|  |TAMS 0x000000070ce00000, 0x000000070ce00000| Untracked 
| 135|0x000000070cf00000, 0x000000070d000000, 0x000000070d000000|100%| O|  |TAMS 0x000000070cf00000, 0x000000070cf00000| Untracked 
| 136|0x000000070d000000, 0x000000070d100000, 0x000000070d100000|100%| O|  |TAMS 0x000000070d000000, 0x000000070d000000| Untracked 
| 137|0x000000070d100000, 0x000000070d200000, 0x000000070d200000|100%| O|  |TAMS 0x000000070d100000, 0x000000070d100000| Untracked 
| 138|0x000000070d200000, 0x000000070d300000, 0x000000070d300000|100%| O|  |TAMS 0x000000070d200000, 0x000000070d200000| Untracked 
| 139|0x000000070d300000, 0x000000070d400000, 0x000000070d400000|100%| O|  |TAMS 0x000000070d300000, 0x000000070d300000| Untracked 
| 140|0x000000070d400000, 0x000000070d4e1200, 0x000000070d500000| 87%| O|  |TAMS 0x000000070d400000, 0x000000070d400000| Untracked 
| 141|0x000000070d500000, 0x000000070d600000, 0x000000070d600000|100%|HS|  |TAMS 0x000000070d500000, 0x000000070d500000| Complete 
| 142|0x000000070d600000, 0x000000070d700000, 0x000000070d700000|100%|HC|  |TAMS 0x000000070d600000, 0x000000070d600000| Complete 
| 143|0x000000070d700000, 0x000000070d800000, 0x000000070d800000|100%|HS|  |TAMS 0x000000070d700000, 0x000000070d700000| Complete 
| 144|0x000000070d800000, 0x000000070d900000, 0x000000070d900000|100%|HC|  |TAMS 0x000000070d800000, 0x000000070d800000| Complete 
| 145|0x000000070d900000, 0x000000070da00000, 0x000000070da00000|100%|HS|  |TAMS 0x000000070d900000, 0x000000070d900000| Complete 
| 146|0x000000070da00000, 0x000000070db00000, 0x000000070db00000|100%|HC|  |TAMS 0x000000070da00000, 0x000000070da00000| Complete 
| 147|0x000000070db00000, 0x000000070dc00000, 0x000000070dc00000|100%|HS|  |TAMS 0x000000070db00000, 0x000000070db00000| Complete 
| 148|0x000000070dc00000, 0x000000070dd00000, 0x000000070dd00000|100%|HC|  |TAMS 0x000000070dc00000, 0x000000070dc00000| Complete 
| 149|0x000000070dd00000, 0x000000070de00000, 0x000000070de00000|100%|HS|  |TAMS 0x000000070dd00000, 0x000000070dd00000| Complete 
| 150|0x000000070de00000, 0x000000070df00000, 0x000000070df00000|100%|HC|  |TAMS 0x000000070de00000, 0x000000070de00000| Complete 
| 151|0x000000070df00000, 0x000000070e000000, 0x000000070e000000|100%|HS|  |TAMS 0x000000070df00000, 0x000000070df00000| Complete 
| 152|0x000000070e000000, 0x000000070e100000, 0x000000070e100000|100%|HC|  |TAMS 0x000000070e000000, 0x000000070e000000| Complete 
| 153|0x000000070e100000, 0x000000070e200000, 0x000000070e200000|100%|HS|  |TAMS 0x000000070e100000, 0x000000070e100000| Complete 
| 154|0x000000070e200000, 0x000000070e300000, 0x000000070e300000|100%|HC|  |TAMS 0x000000070e200000, 0x000000070e200000| Complete 
| 155|0x000000070e300000, 0x000000070e400000, 0x000000070e400000|100%|HC|  |TAMS 0x000000070e300000, 0x000000070e300000| Complete 
| 156|0x000000070e400000, 0x000000070e500000, 0x000000070e500000|100%|HC|  |TAMS 0x000000070e400000, 0x000000070e400000| Complete 
| 157|0x000000070e500000, 0x000000070e600000, 0x000000070e600000|100%|HC|  |TAMS 0x000000070e500000, 0x000000070e500000| Complete 
| 158|0x000000070e600000, 0x000000070e700000, 0x000000070e700000|100%|HC|  |TAMS 0x000000070e600000, 0x000000070e600000| Complete 
| 159|0x000000070e700000, 0x000000070e800000, 0x000000070e800000|100%|HS|  |TAMS 0x000000070e700000, 0x000000070e700000| Complete 
| 160|0x000000070e800000, 0x000000070e900000, 0x000000070e900000|100%|HC|  |TAMS 0x000000070e800000, 0x000000070e800000| Complete 
| 161|0x000000070e900000, 0x000000070ea00000, 0x000000070ea00000|100%|HS|  |TAMS 0x000000070e900000, 0x000000070e900000| Complete 
| 162|0x000000070ea00000, 0x000000070ea00000, 0x000000070eb00000|  0%| F|  |TAMS 0x000000070ea00000, 0x000000070ea00000| Untracked 
| 163|0x000000070eb00000, 0x000000070eb00000, 0x000000070ec00000|  0%| F|  |TAMS 0x000000070eb00000, 0x000000070eb00000| Untracked 
| 164|0x000000070ec00000, 0x000000070ecff260, 0x000000070ed00000| 99%| S|CS|TAMS 0x000000070ec00000, 0x000000070ec00000| Complete 
| 165|0x000000070ed00000, 0x000000070ee00000, 0x000000070ee00000|100%| S|CS|TAMS 0x000000070ed00000, 0x000000070ed00000| Complete 
| 166|0x000000070ee00000, 0x000000070ef00000, 0x000000070ef00000|100%| S|CS|TAMS 0x000000070ee00000, 0x000000070ee00000| Complete 
| 167|0x000000070ef00000, 0x000000070f000000, 0x000000070f000000|100%| S|CS|TAMS 0x000000070ef00000, 0x000000070ef00000| Complete 
| 168|0x000000070f000000, 0x000000070f100000, 0x000000070f100000|100%| S|CS|TAMS 0x000000070f000000, 0x000000070f000000| Complete 
| 169|0x000000070f100000, 0x000000070f200000, 0x000000070f200000|100%| S|CS|TAMS 0x000000070f100000, 0x000000070f100000| Complete 
| 170|0x000000070f200000, 0x000000070f300000, 0x000000070f300000|100%| S|CS|TAMS 0x000000070f200000, 0x000000070f200000| Complete 
| 171|0x000000070f300000, 0x000000070f400000, 0x000000070f400000|100%| S|CS|TAMS 0x000000070f300000, 0x000000070f300000| Complete 
| 172|0x000000070f400000, 0x000000070f500000, 0x000000070f500000|100%| S|CS|TAMS 0x000000070f400000, 0x000000070f400000| Complete 
| 173|0x000000070f500000, 0x000000070f600000, 0x000000070f600000|100%| S|CS|TAMS 0x000000070f500000, 0x000000070f500000| Complete 
| 174|0x000000070f600000, 0x000000070f700000, 0x000000070f700000|100%| S|CS|TAMS 0x000000070f600000, 0x000000070f600000| Complete 
| 175|0x000000070f700000, 0x000000070f800000, 0x000000070f800000|100%| S|CS|TAMS 0x000000070f700000, 0x000000070f700000| Complete 
| 176|0x000000070f800000, 0x000000070f900000, 0x000000070f900000|100%| S|CS|TAMS 0x000000070f800000, 0x000000070f800000| Complete 
| 177|0x000000070f900000, 0x000000070fa00000, 0x000000070fa00000|100%| S|CS|TAMS 0x000000070f900000, 0x000000070f900000| Complete 
| 178|0x000000070fa00000, 0x000000070fb00000, 0x000000070fb00000|100%| S|CS|TAMS 0x000000070fa00000, 0x000000070fa00000| Complete 
| 179|0x000000070fb00000, 0x000000070fc00000, 0x000000070fc00000|100%| S|CS|TAMS 0x000000070fb00000, 0x000000070fb00000| Complete 
| 180|0x000000070fc00000, 0x000000070fd00000, 0x000000070fd00000|100%| S|CS|TAMS 0x000000070fc00000, 0x000000070fc00000| Complete 
| 181|0x000000070fd00000, 0x000000070fe00000, 0x000000070fe00000|100%| S|CS|TAMS 0x000000070fd00000, 0x000000070fd00000| Complete 
| 182|0x000000070fe00000, 0x000000070ff00000, 0x000000070ff00000|100%| S|CS|TAMS 0x000000070fe00000, 0x000000070fe00000| Complete 
| 183|0x000000070ff00000, 0x0000000710000000, 0x0000000710000000|100%| S|CS|TAMS 0x000000070ff00000, 0x000000070ff00000| Complete 
| 184|0x0000000710000000, 0x0000000710000000, 0x0000000710100000|  0%| F|  |TAMS 0x0000000710000000, 0x0000000710000000| Untracked 
| 185|0x0000000710100000, 0x0000000710100000, 0x0000000710200000|  0%| F|  |TAMS 0x0000000710100000, 0x0000000710100000| Untracked 
| 186|0x0000000710200000, 0x0000000710200000, 0x0000000710300000|  0%| F|  |TAMS 0x0000000710200000, 0x0000000710200000| Untracked 
| 187|0x0000000710300000, 0x0000000710300000, 0x0000000710400000|  0%| F|  |TAMS 0x0000000710300000, 0x0000000710300000| Untracked 
| 188|0x0000000710400000, 0x0000000710400000, 0x0000000710500000|  0%| F|  |TAMS 0x0000000710400000, 0x0000000710400000| Untracked 
| 189|0x0000000710500000, 0x0000000710500000, 0x0000000710600000|  0%| F|  |TAMS 0x0000000710500000, 0x0000000710500000| Untracked 
| 190|0x0000000710600000, 0x0000000710600000, 0x0000000710700000|  0%| F|  |TAMS 0x0000000710600000, 0x0000000710600000| Untracked 
| 191|0x0000000710700000, 0x0000000710700000, 0x0000000710800000|  0%| F|  |TAMS 0x0000000710700000, 0x0000000710700000| Untracked 
| 192|0x0000000710800000, 0x0000000710800000, 0x0000000710900000|  0%| F|  |TAMS 0x0000000710800000, 0x0000000710800000| Untracked 
| 193|0x0000000710900000, 0x0000000710900000, 0x0000000710a00000|  0%| F|  |TAMS 0x0000000710900000, 0x0000000710900000| Untracked 
| 194|0x0000000710a00000, 0x0000000710a00000, 0x0000000710b00000|  0%| F|  |TAMS 0x0000000710a00000, 0x0000000710a00000| Untracked 
| 195|0x0000000710b00000, 0x0000000710b00000, 0x0000000710c00000|  0%| F|  |TAMS 0x0000000710b00000, 0x0000000710b00000| Untracked 
| 196|0x0000000710c00000, 0x0000000710c00000, 0x0000000710d00000|  0%| F|  |TAMS 0x0000000710c00000, 0x0000000710c00000| Untracked 
| 197|0x0000000710d00000, 0x0000000710d00000, 0x0000000710e00000|  0%| F|  |TAMS 0x0000000710d00000, 0x0000000710d00000| Untracked 
| 198|0x0000000710e00000, 0x0000000710e00000, 0x0000000710f00000|  0%| F|  |TAMS 0x0000000710e00000, 0x0000000710e00000| Untracked 
| 199|0x0000000710f00000, 0x0000000710f00000, 0x0000000711000000|  0%| F|  |TAMS 0x0000000710f00000, 0x0000000710f00000| Untracked 
| 200|0x0000000711000000, 0x0000000711000000, 0x0000000711100000|  0%| F|  |TAMS 0x0000000711000000, 0x0000000711000000| Untracked 
| 201|0x0000000711100000, 0x0000000711100000, 0x0000000711200000|  0%| F|  |TAMS 0x0000000711100000, 0x0000000711100000| Untracked 
| 202|0x0000000711200000, 0x0000000711200000, 0x0000000711300000|  0%| F|  |TAMS 0x0000000711200000, 0x0000000711200000| Untracked 
| 203|0x0000000711300000, 0x0000000711300000, 0x0000000711400000|  0%| F|  |TAMS 0x0000000711300000, 0x0000000711300000| Untracked 
| 204|0x0000000711400000, 0x0000000711400000, 0x0000000711500000|  0%| F|  |TAMS 0x0000000711400000, 0x0000000711400000| Untracked 
| 205|0x0000000711500000, 0x0000000711500000, 0x0000000711600000|  0%| F|  |TAMS 0x0000000711500000, 0x0000000711500000| Untracked 
| 206|0x0000000711600000, 0x0000000711600000, 0x0000000711700000|  0%| F|  |TAMS 0x0000000711600000, 0x0000000711600000| Untracked 
| 207|0x0000000711700000, 0x0000000711700000, 0x0000000711800000|  0%| F|  |TAMS 0x0000000711700000, 0x0000000711700000| Untracked 
| 208|0x0000000711800000, 0x0000000711800000, 0x0000000711900000|  0%| F|  |TAMS 0x0000000711800000, 0x0000000711800000| Untracked 
| 209|0x0000000711900000, 0x0000000711900000, 0x0000000711a00000|  0%| F|  |TAMS 0x0000000711900000, 0x0000000711900000| Untracked 
| 210|0x0000000711a00000, 0x0000000711a00000, 0x0000000711b00000|  0%| F|  |TAMS 0x0000000711a00000, 0x0000000711a00000| Untracked 
| 211|0x0000000711b00000, 0x0000000711b00000, 0x0000000711c00000|  0%| F|  |TAMS 0x0000000711b00000, 0x0000000711b00000| Untracked 
| 212|0x0000000711c00000, 0x0000000711c00000, 0x0000000711d00000|  0%| F|  |TAMS 0x0000000711c00000, 0x0000000711c00000| Untracked 
| 213|0x0000000711d00000, 0x0000000711d00000, 0x0000000711e00000|  0%| F|  |TAMS 0x0000000711d00000, 0x0000000711d00000| Untracked 
| 214|0x0000000711e00000, 0x0000000711e00000, 0x0000000711f00000|  0%| F|  |TAMS 0x0000000711e00000, 0x0000000711e00000| Untracked 
| 215|0x0000000711f00000, 0x0000000711f00000, 0x0000000712000000|  0%| F|  |TAMS 0x0000000711f00000, 0x0000000711f00000| Untracked 
| 216|0x0000000712000000, 0x0000000712000000, 0x0000000712100000|  0%| F|  |TAMS 0x0000000712000000, 0x0000000712000000| Untracked 
| 217|0x0000000712100000, 0x0000000712100000, 0x0000000712200000|  0%| F|  |TAMS 0x0000000712100000, 0x0000000712100000| Untracked 
| 218|0x0000000712200000, 0x0000000712200000, 0x0000000712300000|  0%| F|  |TAMS 0x0000000712200000, 0x0000000712200000| Untracked 
| 219|0x0000000712300000, 0x0000000712300000, 0x0000000712400000|  0%| F|  |TAMS 0x0000000712300000, 0x0000000712300000| Untracked 
| 220|0x0000000712400000, 0x0000000712400000, 0x0000000712500000|  0%| F|  |TAMS 0x0000000712400000, 0x0000000712400000| Untracked 
| 221|0x0000000712500000, 0x0000000712500000, 0x0000000712600000|  0%| F|  |TAMS 0x0000000712500000, 0x0000000712500000| Untracked 
| 222|0x0000000712600000, 0x0000000712600000, 0x0000000712700000|  0%| F|  |TAMS 0x0000000712600000, 0x0000000712600000| Untracked 
| 223|0x0000000712700000, 0x0000000712700000, 0x0000000712800000|  0%| F|  |TAMS 0x0000000712700000, 0x0000000712700000| Untracked 
| 224|0x0000000712800000, 0x0000000712800000, 0x0000000712900000|  0%| F|  |TAMS 0x0000000712800000, 0x0000000712800000| Untracked 
| 225|0x0000000712900000, 0x0000000712900000, 0x0000000712a00000|  0%| F|  |TAMS 0x0000000712900000, 0x0000000712900000| Untracked 
| 226|0x0000000712a00000, 0x0000000712a00000, 0x0000000712b00000|  0%| F|  |TAMS 0x0000000712a00000, 0x0000000712a00000| Untracked 
| 227|0x0000000712b00000, 0x0000000712b00000, 0x0000000712c00000|  0%| F|  |TAMS 0x0000000712b00000, 0x0000000712b00000| Untracked 
| 228|0x0000000712c00000, 0x0000000712c00000, 0x0000000712d00000|  0%| F|  |TAMS 0x0000000712c00000, 0x0000000712c00000| Untracked 
| 229|0x0000000712d00000, 0x0000000712d00000, 0x0000000712e00000|  0%| F|  |TAMS 0x0000000712d00000, 0x0000000712d00000| Untracked 
| 230|0x0000000712e00000, 0x0000000712e00000, 0x0000000712f00000|  0%| F|  |TAMS 0x0000000712e00000, 0x0000000712e00000| Untracked 
| 231|0x0000000712f00000, 0x0000000712f00000, 0x0000000713000000|  0%| F|  |TAMS 0x0000000712f00000, 0x0000000712f00000| Untracked 
| 232|0x0000000713000000, 0x0000000713000000, 0x0000000713100000|  0%| F|  |TAMS 0x0000000713000000, 0x0000000713000000| Untracked 
| 233|0x0000000713100000, 0x0000000713100000, 0x0000000713200000|  0%| F|  |TAMS 0x0000000713100000, 0x0000000713100000| Untracked 
| 234|0x0000000713200000, 0x0000000713200000, 0x0000000713300000|  0%| F|  |TAMS 0x0000000713200000, 0x0000000713200000| Untracked 
| 235|0x0000000713300000, 0x0000000713300000, 0x0000000713400000|  0%| F|  |TAMS 0x0000000713300000, 0x0000000713300000| Untracked 
| 236|0x0000000713400000, 0x0000000713400000, 0x0000000713500000|  0%| F|  |TAMS 0x0000000713400000, 0x0000000713400000| Untracked 
| 237|0x0000000713500000, 0x0000000713500000, 0x0000000713600000|  0%| F|  |TAMS 0x0000000713500000, 0x0000000713500000| Untracked 
| 238|0x0000000713600000, 0x0000000713600000, 0x0000000713700000|  0%| F|  |TAMS 0x0000000713600000, 0x0000000713600000| Untracked 
| 239|0x0000000713700000, 0x0000000713700000, 0x0000000713800000|  0%| F|  |TAMS 0x0000000713700000, 0x0000000713700000| Untracked 
| 240|0x0000000713800000, 0x0000000713800000, 0x0000000713900000|  0%| F|  |TAMS 0x0000000713800000, 0x0000000713800000| Untracked 
| 241|0x0000000713900000, 0x0000000713900000, 0x0000000713a00000|  0%| F|  |TAMS 0x0000000713900000, 0x0000000713900000| Untracked 
| 242|0x0000000713a00000, 0x0000000713a00000, 0x0000000713b00000|  0%| F|  |TAMS 0x0000000713a00000, 0x0000000713a00000| Untracked 
| 243|0x0000000713b00000, 0x0000000713b00000, 0x0000000713c00000|  0%| F|  |TAMS 0x0000000713b00000, 0x0000000713b00000| Untracked 
| 244|0x0000000713c00000, 0x0000000713c00000, 0x0000000713d00000|  0%| F|  |TAMS 0x0000000713c00000, 0x0000000713c00000| Untracked 
| 245|0x0000000713d00000, 0x0000000713d00000, 0x0000000713e00000|  0%| F|  |TAMS 0x0000000713d00000, 0x0000000713d00000| Untracked 
| 246|0x0000000713e00000, 0x0000000713e00000, 0x0000000713f00000|  0%| F|  |TAMS 0x0000000713e00000, 0x0000000713e00000| Untracked 
| 247|0x0000000713f00000, 0x0000000713f00000, 0x0000000714000000|  0%| F|  |TAMS 0x0000000713f00000, 0x0000000713f00000| Untracked 
| 248|0x0000000714000000, 0x0000000714000000, 0x0000000714100000|  0%| F|  |TAMS 0x0000000714000000, 0x0000000714000000| Untracked 
| 249|0x0000000714100000, 0x0000000714100000, 0x0000000714200000|  0%| F|  |TAMS 0x0000000714100000, 0x0000000714100000| Untracked 
| 250|0x0000000714200000, 0x0000000714200000, 0x0000000714300000|  0%| F|  |TAMS 0x0000000714200000, 0x0000000714200000| Untracked 
| 251|0x0000000714300000, 0x0000000714300000, 0x0000000714400000|  0%| F|  |TAMS 0x0000000714300000, 0x0000000714300000| Untracked 
| 252|0x0000000714400000, 0x0000000714400000, 0x0000000714500000|  0%| F|  |TAMS 0x0000000714400000, 0x0000000714400000| Untracked 
| 253|0x0000000714500000, 0x0000000714500000, 0x0000000714600000|  0%| F|  |TAMS 0x0000000714500000, 0x0000000714500000| Untracked 
| 254|0x0000000714600000, 0x0000000714600000, 0x0000000714700000|  0%| F|  |TAMS 0x0000000714600000, 0x0000000714600000| Untracked 
| 255|0x0000000714700000, 0x0000000714700000, 0x0000000714800000|  0%| F|  |TAMS 0x0000000714700000, 0x0000000714700000| Untracked 
| 256|0x0000000714800000, 0x0000000714800000, 0x0000000714900000|  0%| F|  |TAMS 0x0000000714800000, 0x0000000714800000| Untracked 
| 257|0x0000000714900000, 0x0000000714900000, 0x0000000714a00000|  0%| F|  |TAMS 0x0000000714900000, 0x0000000714900000| Untracked 
| 258|0x0000000714a00000, 0x0000000714a00000, 0x0000000714b00000|  0%| F|  |TAMS 0x0000000714a00000, 0x0000000714a00000| Untracked 
| 259|0x0000000714b00000, 0x0000000714b00000, 0x0000000714c00000|  0%| F|  |TAMS 0x0000000714b00000, 0x0000000714b00000| Untracked 
| 260|0x0000000714c00000, 0x0000000714c00000, 0x0000000714d00000|  0%| F|  |TAMS 0x0000000714c00000, 0x0000000714c00000| Untracked 
| 261|0x0000000714d00000, 0x0000000714d00000, 0x0000000714e00000|  0%| F|  |TAMS 0x0000000714d00000, 0x0000000714d00000| Untracked 
| 262|0x0000000714e00000, 0x0000000714e00000, 0x0000000714f00000|  0%| F|  |TAMS 0x0000000714e00000, 0x0000000714e00000| Untracked 
| 263|0x0000000714f00000, 0x0000000714f00000, 0x0000000715000000|  0%| F|  |TAMS 0x0000000714f00000, 0x0000000714f00000| Untracked 
| 264|0x0000000715000000, 0x0000000715000000, 0x0000000715100000|  0%| F|  |TAMS 0x0000000715000000, 0x0000000715000000| Untracked 
| 265|0x0000000715100000, 0x0000000715100000, 0x0000000715200000|  0%| F|  |TAMS 0x0000000715100000, 0x0000000715100000| Untracked 
| 266|0x0000000715200000, 0x0000000715200000, 0x0000000715300000|  0%| F|  |TAMS 0x0000000715200000, 0x0000000715200000| Untracked 
| 267|0x0000000715300000, 0x0000000715300000, 0x0000000715400000|  0%| F|  |TAMS 0x0000000715300000, 0x0000000715300000| Untracked 
| 268|0x0000000715400000, 0x0000000715400000, 0x0000000715500000|  0%| F|  |TAMS 0x0000000715400000, 0x0000000715400000| Untracked 
| 269|0x0000000715500000, 0x0000000715500000, 0x0000000715600000|  0%| F|  |TAMS 0x0000000715500000, 0x0000000715500000| Untracked 
| 270|0x0000000715600000, 0x0000000715600000, 0x0000000715700000|  0%| F|  |TAMS 0x0000000715600000, 0x0000000715600000| Untracked 
| 271|0x0000000715700000, 0x0000000715700000, 0x0000000715800000|  0%| F|  |TAMS 0x0000000715700000, 0x0000000715700000| Untracked 
| 272|0x0000000715800000, 0x0000000715800000, 0x0000000715900000|  0%| F|  |TAMS 0x0000000715800000, 0x0000000715800000| Untracked 
| 273|0x0000000715900000, 0x0000000715900000, 0x0000000715a00000|  0%| F|  |TAMS 0x0000000715900000, 0x0000000715900000| Untracked 
| 274|0x0000000715a00000, 0x0000000715a00000, 0x0000000715b00000|  0%| F|  |TAMS 0x0000000715a00000, 0x0000000715a00000| Untracked 
| 275|0x0000000715b00000, 0x0000000715b00000, 0x0000000715c00000|  0%| F|  |TAMS 0x0000000715b00000, 0x0000000715b00000| Untracked 
| 276|0x0000000715c00000, 0x0000000715c00000, 0x0000000715d00000|  0%| F|  |TAMS 0x0000000715c00000, 0x0000000715c00000| Untracked 
| 277|0x0000000715d00000, 0x0000000715d00000, 0x0000000715e00000|  0%| F|  |TAMS 0x0000000715d00000, 0x0000000715d00000| Untracked 
| 278|0x0000000715e00000, 0x0000000715e00000, 0x0000000715f00000|  0%| F|  |TAMS 0x0000000715e00000, 0x0000000715e00000| Untracked 
| 279|0x0000000715f00000, 0x0000000715f00000, 0x0000000716000000|  0%| F|  |TAMS 0x0000000715f00000, 0x0000000715f00000| Untracked 
| 280|0x0000000716000000, 0x0000000716000000, 0x0000000716100000|  0%| F|  |TAMS 0x0000000716000000, 0x0000000716000000| Untracked 
| 281|0x0000000716100000, 0x0000000716100000, 0x0000000716200000|  0%| F|  |TAMS 0x0000000716100000, 0x0000000716100000| Untracked 
| 282|0x0000000716200000, 0x0000000716200000, 0x0000000716300000|  0%| F|  |TAMS 0x0000000716200000, 0x0000000716200000| Untracked 
| 283|0x0000000716300000, 0x00000007163694c0, 0x0000000716400000| 41%| E|  |TAMS 0x0000000716300000, 0x0000000716300000| Complete 
| 284|0x0000000716400000, 0x0000000716500000, 0x0000000716500000|100%| E|CS|TAMS 0x0000000716400000, 0x0000000716400000| Complete 
| 285|0x0000000716500000, 0x0000000716600000, 0x0000000716600000|100%| E|CS|TAMS 0x0000000716500000, 0x0000000716500000| Complete 
| 286|0x0000000716600000, 0x0000000716700000, 0x0000000716700000|100%| E|CS|TAMS 0x0000000716600000, 0x0000000716600000| Complete 
| 287|0x0000000716700000, 0x0000000716800000, 0x0000000716800000|100%| E|CS|TAMS 0x0000000716700000, 0x0000000716700000| Complete 
| 288|0x0000000716800000, 0x0000000716900000, 0x0000000716900000|100%| E|CS|TAMS 0x0000000716800000, 0x0000000716800000| Complete 
| 289|0x0000000716900000, 0x0000000716a00000, 0x0000000716a00000|100%| E|CS|TAMS 0x0000000716900000, 0x0000000716900000| Complete 
| 290|0x0000000716a00000, 0x0000000716b00000, 0x0000000716b00000|100%| E|CS|TAMS 0x0000000716a00000, 0x0000000716a00000| Complete 
| 291|0x0000000716b00000, 0x0000000716c00000, 0x0000000716c00000|100%| E|  |TAMS 0x0000000716b00000, 0x0000000716b00000| Complete 
| 292|0x0000000716c00000, 0x0000000716d00000, 0x0000000716d00000|100%| E|CS|TAMS 0x0000000716c00000, 0x0000000716c00000| Complete 
| 293|0x0000000716d00000, 0x0000000716e00000, 0x0000000716e00000|100%| E|CS|TAMS 0x0000000716d00000, 0x0000000716d00000| Complete 
| 294|0x0000000716e00000, 0x0000000716f00000, 0x0000000716f00000|100%| E|CS|TAMS 0x0000000716e00000, 0x0000000716e00000| Complete 
| 295|0x0000000716f00000, 0x0000000717000000, 0x0000000717000000|100%| E|CS|TAMS 0x0000000716f00000, 0x0000000716f00000| Complete 
| 296|0x0000000717000000, 0x0000000717100000, 0x0000000717100000|100%| E|CS|TAMS 0x0000000717000000, 0x0000000717000000| Complete 
| 297|0x0000000717100000, 0x0000000717200000, 0x0000000717200000|100%| E|CS|TAMS 0x0000000717100000, 0x0000000717100000| Complete 
| 298|0x0000000717200000, 0x0000000717300000, 0x0000000717300000|100%| E|CS|TAMS 0x0000000717200000, 0x0000000717200000| Complete 
| 299|0x0000000717300000, 0x0000000717400000, 0x0000000717400000|100%| E|CS|TAMS 0x0000000717300000, 0x0000000717300000| Complete 
| 300|0x0000000717400000, 0x0000000717500000, 0x0000000717500000|100%| E|CS|TAMS 0x0000000717400000, 0x0000000717400000| Complete 
| 301|0x0000000717500000, 0x0000000717600000, 0x0000000717600000|100%| E|CS|TAMS 0x0000000717500000, 0x0000000717500000| Complete 
| 302|0x0000000717600000, 0x0000000717700000, 0x0000000717700000|100%| E|CS|TAMS 0x0000000717600000, 0x0000000717600000| Complete 
| 303|0x0000000717700000, 0x0000000717800000, 0x0000000717800000|100%| E|CS|TAMS 0x0000000717700000, 0x0000000717700000| Complete 
| 304|0x0000000717800000, 0x0000000717900000, 0x0000000717900000|100%| E|CS|TAMS 0x0000000717800000, 0x0000000717800000| Complete 
| 305|0x0000000717900000, 0x0000000717a00000, 0x0000000717a00000|100%| E|CS|TAMS 0x0000000717900000, 0x0000000717900000| Complete 
| 306|0x0000000717a00000, 0x0000000717b00000, 0x0000000717b00000|100%| E|CS|TAMS 0x0000000717a00000, 0x0000000717a00000| Complete 
| 307|0x0000000717b00000, 0x0000000717c00000, 0x0000000717c00000|100%| E|CS|TAMS 0x0000000717b00000, 0x0000000717b00000| Complete 
| 308|0x0000000717c00000, 0x0000000717d00000, 0x0000000717d00000|100%| E|CS|TAMS 0x0000000717c00000, 0x0000000717c00000| Complete 
| 309|0x0000000717d00000, 0x0000000717e00000, 0x0000000717e00000|100%| E|CS|TAMS 0x0000000717d00000, 0x0000000717d00000| Complete 
| 310|0x0000000717e00000, 0x0000000717f00000, 0x0000000717f00000|100%| E|CS|TAMS 0x0000000717e00000, 0x0000000717e00000| Complete 
| 311|0x0000000717f00000, 0x0000000718000000, 0x0000000718000000|100%| E|CS|TAMS 0x0000000717f00000, 0x0000000717f00000| Complete 
| 312|0x0000000718000000, 0x0000000718100000, 0x0000000718100000|100%| E|CS|TAMS 0x0000000718000000, 0x0000000718000000| Complete 
| 313|0x0000000718100000, 0x0000000718200000, 0x0000000718200000|100%| E|CS|TAMS 0x0000000718100000, 0x0000000718100000| Complete 
| 314|0x0000000718200000, 0x0000000718300000, 0x0000000718300000|100%| E|CS|TAMS 0x0000000718200000, 0x0000000718200000| Complete 
| 315|0x0000000718300000, 0x0000000718400000, 0x0000000718400000|100%| E|CS|TAMS 0x0000000718300000, 0x0000000718300000| Complete 
| 316|0x0000000718400000, 0x0000000718500000, 0x0000000718500000|100%| E|CS|TAMS 0x0000000718400000, 0x0000000718400000| Complete 
| 317|0x0000000718500000, 0x0000000718600000, 0x0000000718600000|100%| E|CS|TAMS 0x0000000718500000, 0x0000000718500000| Complete 
| 318|0x0000000718600000, 0x0000000718700000, 0x0000000718700000|100%| E|CS|TAMS 0x0000000718600000, 0x0000000718600000| Complete 
| 319|0x0000000718700000, 0x0000000718800000, 0x0000000718800000|100%| E|CS|TAMS 0x0000000718700000, 0x0000000718700000| Complete 
| 320|0x0000000718800000, 0x0000000718900000, 0x0000000718900000|100%| E|CS|TAMS 0x0000000718800000, 0x0000000718800000| Complete 
| 321|0x0000000718900000, 0x0000000718a00000, 0x0000000718a00000|100%| E|CS|TAMS 0x0000000718900000, 0x0000000718900000| Complete 
| 322|0x0000000718a00000, 0x0000000718b00000, 0x0000000718b00000|100%| E|CS|TAMS 0x0000000718a00000, 0x0000000718a00000| Complete 
| 323|0x0000000718b00000, 0x0000000718c00000, 0x0000000718c00000|100%| E|CS|TAMS 0x0000000718b00000, 0x0000000718b00000| Complete 
| 324|0x0000000718c00000, 0x0000000718d00000, 0x0000000718d00000|100%| E|CS|TAMS 0x0000000718c00000, 0x0000000718c00000| Complete 
| 325|0x0000000718d00000, 0x0000000718e00000, 0x0000000718e00000|100%| E|CS|TAMS 0x0000000718d00000, 0x0000000718d00000| Complete 
| 326|0x0000000718e00000, 0x0000000718f00000, 0x0000000718f00000|100%| E|CS|TAMS 0x0000000718e00000, 0x0000000718e00000| Complete 
| 327|0x0000000718f00000, 0x0000000719000000, 0x0000000719000000|100%| E|CS|TAMS 0x0000000718f00000, 0x0000000718f00000| Complete 
| 328|0x0000000719000000, 0x0000000719100000, 0x0000000719100000|100%| E|CS|TAMS 0x0000000719000000, 0x0000000719000000| Complete 
| 329|0x0000000719100000, 0x0000000719200000, 0x0000000719200000|100%| E|CS|TAMS 0x0000000719100000, 0x0000000719100000| Complete 
| 330|0x0000000719200000, 0x0000000719300000, 0x0000000719300000|100%| E|CS|TAMS 0x0000000719200000, 0x0000000719200000| Complete 
| 331|0x0000000719300000, 0x0000000719400000, 0x0000000719400000|100%| E|CS|TAMS 0x0000000719300000, 0x0000000719300000| Complete 
| 332|0x0000000719400000, 0x0000000719500000, 0x0000000719500000|100%| E|CS|TAMS 0x0000000719400000, 0x0000000719400000| Complete 
| 333|0x0000000719500000, 0x0000000719600000, 0x0000000719600000|100%| E|CS|TAMS 0x0000000719500000, 0x0000000719500000| Complete 
| 334|0x0000000719600000, 0x0000000719700000, 0x0000000719700000|100%| E|CS|TAMS 0x0000000719600000, 0x0000000719600000| Complete 
| 335|0x0000000719700000, 0x0000000719800000, 0x0000000719800000|100%| E|CS|TAMS 0x0000000719700000, 0x0000000719700000| Complete 
| 336|0x0000000719800000, 0x0000000719900000, 0x0000000719900000|100%| E|CS|TAMS 0x0000000719800000, 0x0000000719800000| Complete 
| 337|0x0000000719900000, 0x0000000719a00000, 0x0000000719a00000|100%| E|CS|TAMS 0x0000000719900000, 0x0000000719900000| Complete 
| 338|0x0000000719a00000, 0x0000000719b00000, 0x0000000719b00000|100%| E|CS|TAMS 0x0000000719a00000, 0x0000000719a00000| Complete 
| 339|0x0000000719b00000, 0x0000000719c00000, 0x0000000719c00000|100%| E|CS|TAMS 0x0000000719b00000, 0x0000000719b00000| Complete 
| 340|0x0000000719c00000, 0x0000000719d00000, 0x0000000719d00000|100%| E|CS|TAMS 0x0000000719c00000, 0x0000000719c00000| Complete 
| 341|0x0000000719d00000, 0x0000000719e00000, 0x0000000719e00000|100%| E|CS|TAMS 0x0000000719d00000, 0x0000000719d00000| Complete 
| 342|0x0000000719e00000, 0x0000000719f00000, 0x0000000719f00000|100%| E|CS|TAMS 0x0000000719e00000, 0x0000000719e00000| Complete 
| 343|0x0000000719f00000, 0x000000071a000000, 0x000000071a000000|100%| E|CS|TAMS 0x0000000719f00000, 0x0000000719f00000| Complete 
| 344|0x000000071a000000, 0x000000071a100000, 0x000000071a100000|100%| E|CS|TAMS 0x000000071a000000, 0x000000071a000000| Complete 
| 345|0x000000071a100000, 0x000000071a200000, 0x000000071a200000|100%| E|CS|TAMS 0x000000071a100000, 0x000000071a100000| Complete 
| 346|0x000000071a200000, 0x000000071a300000, 0x000000071a300000|100%| E|CS|TAMS 0x000000071a200000, 0x000000071a200000| Complete 
| 347|0x000000071a300000, 0x000000071a400000, 0x000000071a400000|100%| E|CS|TAMS 0x000000071a300000, 0x000000071a300000| Complete 
| 348|0x000000071a400000, 0x000000071a500000, 0x000000071a500000|100%| E|CS|TAMS 0x000000071a400000, 0x000000071a400000| Complete 
| 349|0x000000071a500000, 0x000000071a600000, 0x000000071a600000|100%| E|CS|TAMS 0x000000071a500000, 0x000000071a500000| Complete 
| 350|0x000000071a600000, 0x000000071a700000, 0x000000071a700000|100%| E|CS|TAMS 0x000000071a600000, 0x000000071a600000| Complete 
| 351|0x000000071a700000, 0x000000071a800000, 0x000000071a800000|100%| E|CS|TAMS 0x000000071a700000, 0x000000071a700000| Complete 
| 352|0x000000071a800000, 0x000000071a900000, 0x000000071a900000|100%| E|CS|TAMS 0x000000071a800000, 0x000000071a800000| Complete 
| 353|0x000000071a900000, 0x000000071aa00000, 0x000000071aa00000|100%| E|CS|TAMS 0x000000071a900000, 0x000000071a900000| Complete 
| 354|0x000000071aa00000, 0x000000071ab00000, 0x000000071ab00000|100%| E|CS|TAMS 0x000000071aa00000, 0x000000071aa00000| Complete 
| 355|0x000000071ab00000, 0x000000071ac00000, 0x000000071ac00000|100%| E|CS|TAMS 0x000000071ab00000, 0x000000071ab00000| Complete 
| 356|0x000000071ac00000, 0x000000071ad00000, 0x000000071ad00000|100%| E|CS|TAMS 0x000000071ac00000, 0x000000071ac00000| Complete 
| 357|0x000000071ad00000, 0x000000071ae00000, 0x000000071ae00000|100%| E|CS|TAMS 0x000000071ad00000, 0x000000071ad00000| Complete 
| 358|0x000000071ae00000, 0x000000071af00000, 0x000000071af00000|100%| E|CS|TAMS 0x000000071ae00000, 0x000000071ae00000| Complete 
| 359|0x000000071af00000, 0x000000071b000000, 0x000000071b000000|100%| E|CS|TAMS 0x000000071af00000, 0x000000071af00000| Complete 
| 360|0x000000071b000000, 0x000000071b100000, 0x000000071b100000|100%| E|CS|TAMS 0x000000071b000000, 0x000000071b000000| Complete 
| 361|0x000000071b100000, 0x000000071b200000, 0x000000071b200000|100%| E|CS|TAMS 0x000000071b100000, 0x000000071b100000| Complete 
| 362|0x000000071b200000, 0x000000071b300000, 0x000000071b300000|100%| E|CS|TAMS 0x000000071b200000, 0x000000071b200000| Complete 
| 363|0x000000071b300000, 0x000000071b400000, 0x000000071b400000|100%| E|CS|TAMS 0x000000071b300000, 0x000000071b300000| Complete 

Card table byte_map: [0x0000027b79f40000,0x0000027b7a720000] _byte_map_base: 0x0000027b7671c000

Marking Bits (Prev, Next): (CMBitMap*) 0x0000027b793c9e48, (CMBitMap*) 0x0000027b793c9e80
 Prev Bits: [0x0000027b7af00000, 0x0000027b7ede0000)
 Next Bits: [0x0000027b176c0000, 0x0000027b1b5a0000)

Polling page: 0x0000027b774e0000

Metaspace:

Usage:
  Non-class:     79.25 MB capacity,    77.54 MB ( 98%) used,     1.36 MB (  2%) free+waste,   362.31 KB ( <1%) overhead. 
      Class:     10.26 MB capacity,     9.04 MB ( 88%) used,     1.06 MB ( 10%) free+waste,   165.69 KB (  2%) overhead. 
       Both:     89.51 MB capacity,    86.58 MB ( 97%) used,     2.42 MB (  3%) free+waste,   528.00 KB ( <1%) overhead. 

Virtual space:
  Non-class space:       80.00 MB reserved,      79.46 MB (>99%) committed 
      Class space:        1.00 GB reserved,      10.32 MB (  1%) committed 
             Both:        1.08 GB reserved,      89.79 MB (  8%) committed 

Chunk freelists:
   Non-Class:  23.00 KB
       Class:  0 bytes
        Both:  23.00 KB

MaxMetaspaceSize: 17179869184.00 GB
CompressedClassSpaceSize: 1.00 GB
Initial GC threshold: 20.80 MB
Current GC threshold: 137.35 MB
CDS: off

CodeHeap 'non-profiled nmethods': size=120000Kb used=8541Kb max_used=9135Kb free=111458Kb
 bounds [0x0000027b10190000, 0x0000027b10a80000, 0x0000027b176c0000]
CodeHeap 'profiled nmethods': size=120000Kb used=32100Kb max_used=34527Kb free=87899Kb
 bounds [0x0000027b08c60000, 0x0000027b0ae20000, 0x0000027b10190000]
CodeHeap 'non-nmethods': size=5760Kb used=1757Kb max_used=1813Kb free=4003Kb
 bounds [0x0000027b086c0000, 0x0000027b08930000, 0x0000027b08c60000]
 total_blobs=11150 nmethods=10083 adapters=986
 compilation: enabled
              stopped_count=0, restarted_count=0
 full_count=0

Compilation events (20 events):
Event: 24.856 Thread 0x0000027b7fa7c800 nmethod 11264 0x0000027b08e9e990 code [0x0000027b08e9eb40, 0x0000027b08e9ed58]
Event: 24.856 Thread 0x0000027b7fa7c800 11262       2       org.bouncycastle.math.raw.Nat256::add (251 bytes)
Event: 24.856 Thread 0x0000027b7fa7c800 nmethod 11262 0x0000027b092ac710 code [0x0000027b092ac900, 0x0000027b092ace38]
Event: 24.856 Thread 0x0000027b7fa7c800 11270       2       rl3::getParam1 (9 bytes)
Event: 24.856 Thread 0x0000027b7fa7c800 nmethod 11270 0x0000027b08f4a710 code [0x0000027b08f4a8c0, 0x0000027b08f4a9f8]
Event: 24.856 Thread 0x0000027b7fa7c800 11269       1       org.bouncycastle.math.ec.ECCurve::getCoordinateSystem (5 bytes)
Event: 24.856 Thread 0x0000027b7fa7c800 nmethod 11269 0x0000027b1041f090 code [0x0000027b1041f240, 0x0000027b1041f2f8]
Event: 24.856 Thread 0x0000027b7fa7c800 11271   !   2       hl::xp (64 bytes)
Event: 24.857 Thread 0x0000027b7fa7c800 nmethod 11271 0x0000027b09174310 code [0x0000027b09174540, 0x0000027b09174a98]
Event: 24.857 Thread 0x0000027b7fa7c800 11273       2       net.runelite.api.events.MenuEntryAdded::getActionParam1 (10 bytes)
Event: 24.857 Thread 0x0000027b7fa7c800 nmethod 11273 0x0000027b09225d90 code [0x0000027b09225f40, 0x0000027b092260b8]
Event: 24.857 Thread 0x0000027b7fa7c800 11272       2       rl3::getOption (9 bytes)
Event: 24.857 Thread 0x0000027b7fa7c800 nmethod 11272 0x0000027b08fd2490 code [0x0000027b08fd2640, 0x0000027b08fd2778]
Event: 24.857 Thread 0x0000027b7fa7c800 11274       1       iz::hi (5 bytes)
Event: 24.857 Thread 0x0000027b7fa7c800 nmethod 11274 0x0000027b101b7090 code [0x0000027b101b7240, 0x0000027b101b72f8]
Event: 24.857 Thread 0x0000027b7fa7c800 11275   !   2       jc::ap (193 bytes)
Event: 24.857 Thread 0x0000027b7fa7c800 nmethod 11275 0x0000027b08d3a510 code [0x0000027b08d3a7a0, 0x0000027b08d3b048]
Event: 24.858 Thread 0x0000027b7fa7c800 11276       2       org.bouncycastle.math.ec.custom.sec.SecP256R1Field::addPInvTo (198 bytes)
Event: 24.858 Thread 0x0000027b7fa7c800 nmethod 11276 0x0000027b08e32e10 code [0x0000027b08e32fe0, 0x0000027b08e333b8]
Event: 24.858 Thread 0x0000027b7fa7c800 11277 %     3       org.bouncycastle.math.raw.Nat256::mul @ 292 (637 bytes)

GC Heap History (20 events):
Event: 18.525 GC heap before
{Heap before GC invocations=18 (full 0):
 garbage-first heap   total 372736K, used 287692K [0x0000000704800000, 0x0000000800000000)
  region size 1024K, 150 young (153600K), 11 survivors (11264K)
 Metaspace       used 84544K, capacity 87319K, committed 87460K, reserved 1126400K
  class space    used 8961K, capacity 10088K, committed 10188K, reserved 1048576K
}
Event: 18.530 GC heap after
{Heap after GC invocations=19 (full 0):
 garbage-first heap   total 372736K, used 141995K [0x0000000704800000, 0x0000000800000000)
  region size 1024K, 2 young (2048K), 2 survivors (2048K)
 Metaspace       used 84544K, capacity 87319K, committed 87460K, reserved 1126400K
  class space    used 8961K, capacity 10088K, committed 10188K, reserved 1048576K
}
Event: 18.564 GC heap before
{Heap before GC invocations=19 (full 0):
 garbage-first heap   total 372736K, used 290475K [0x0000000704800000, 0x0000000800000000)
  region size 1024K, 147 young (150528K), 2 survivors (2048K)
 Metaspace       used 84546K, capacity 87319K, committed 87460K, reserved 1126400K
  class space    used 8961K, capacity 10088K, committed 10188K, reserved 1048576K
}
Event: 18.566 GC heap after
{Heap after GC invocations=20 (full 0):
 garbage-first heap   total 372736K, used 140728K [0x0000000704800000, 0x0000000800000000)
  region size 1024K, 1 young (1024K), 1 survivors (1024K)
 Metaspace       used 84546K, capacity 87319K, committed 87460K, reserved 1126400K
  class space    used 8961K, capacity 10088K, committed 10188K, reserved 1048576K
}
Event: 18.596 GC heap before
{Heap before GC invocations=20 (full 0):
 garbage-first heap   total 372736K, used 302520K [0x0000000704800000, 0x0000000800000000)
  region size 1024K, 159 young (162816K), 1 survivors (1024K)
 Metaspace       used 84552K, capacity 87320K, committed 87460K, reserved 1126400K
  class space    used 8961K, capacity 10088K, committed 10188K, reserved 1048576K
}
Event: 18.598 GC heap after
{Heap after GC invocations=21 (full 0):
 garbage-first heap   total 372736K, used 140419K [0x0000000704800000, 0x0000000800000000)
  region size 1024K, 1 young (1024K), 1 survivors (1024K)
 Metaspace       used 84552K, capacity 87320K, committed 87460K, reserved 1126400K
  class space    used 8961K, capacity 10088K, committed 10188K, reserved 1048576K
}
Event: 18.630 GC heap before
{Heap before GC invocations=21 (full 0):
 garbage-first heap   total 372736K, used 307331K [0x0000000704800000, 0x0000000800000000)
  region size 1024K, 164 young (167936K), 1 survivors (1024K)
 Metaspace       used 84552K, capacity 87320K, committed 87460K, reserved 1126400K
  class space    used 8961K, capacity 10088K, committed 10188K, reserved 1048576K
}
Event: 18.631 GC heap after
{Heap after GC invocations=22 (full 0):
 garbage-first heap   total 372736K, used 140360K [0x0000000704800000, 0x0000000800000000)
  region size 1024K, 1 young (1024K), 1 survivors (1024K)
 Metaspace       used 84552K, capacity 87320K, committed 87460K, reserved 1126400K
  class space    used 8961K, capacity 10088K, committed 10188K, reserved 1048576K
}
Event: 18.664 GC heap before
{Heap before GC invocations=22 (full 0):
 garbage-first heap   total 372736K, used 311368K [0x0000000704800000, 0x0000000800000000)
  region size 1024K, 168 young (172032K), 1 survivors (1024K)
 Metaspace       used 84553K, capacity 87320K, committed 87460K, reserved 1126400K
  class space    used 8961K, capacity 10088K, committed 10188K, reserved 1048576K
}
Event: 18.665 GC heap after
{Heap after GC invocations=23 (full 0):
 garbage-first heap   total 372736K, used 140347K [0x0000000704800000, 0x0000000800000000)
  region size 1024K, 1 young (1024K), 1 survivors (1024K)
 Metaspace       used 84553K, capacity 87320K, committed 87460K, reserved 1126400K
  class space    used 8961K, capacity 10088K, committed 10188K, reserved 1048576K
}
Event: 18.697 GC heap before
{Heap before GC invocations=23 (full 0):
 garbage-first heap   total 372736K, used 315451K [0x0000000704800000, 0x0000000800000000)
  region size 1024K, 172 young (176128K), 1 survivors (1024K)
 Metaspace       used 84555K, capacity 87320K, committed 87460K, reserved 1126400K
  class space    used 8961K, capacity 10088K, committed 10188K, reserved 1048576K
}
Event: 18.699 GC heap after
{Heap after GC invocations=24 (full 0):
 garbage-first heap   total 372736K, used 140345K [0x0000000704800000, 0x0000000800000000)
  region size 1024K, 1 young (1024K), 1 survivors (1024K)
 Metaspace       used 84555K, capacity 87320K, committed 87460K, reserved 1126400K
  class space    used 8961K, capacity 10088K, committed 10188K, reserved 1048576K
}
Event: 18.731 GC heap before
{Heap before GC invocations=24 (full 0):
 garbage-first heap   total 372736K, used 318521K [0x0000000704800000, 0x0000000800000000)
  region size 1024K, 175 young (179200K), 1 survivors (1024K)
 Metaspace       used 84563K, capacity 87320K, committed 87460K, reserved 1126400K
  class space    used 8961K, capacity 10088K, committed 10188K, reserved 1048576K
}
Event: 18.733 GC heap after
{Heap after GC invocations=25 (full 0):
 garbage-first heap   total 372736K, used 140342K [0x0000000704800000, 0x0000000800000000)
  region size 1024K, 1 young (1024K), 1 survivors (1024K)
 Metaspace       used 84563K, capacity 87320K, committed 87460K, reserved 1126400K
  class space    used 8961K, capacity 10088K, committed 10188K, reserved 1048576K
}
Event: 18.765 GC heap before
{Heap before GC invocations=25 (full 0):
 garbage-first heap   total 372736K, used 320566K [0x0000000704800000, 0x0000000800000000)
  region size 1024K, 177 young (181248K), 1 survivors (1024K)
 Metaspace       used 84571K, capacity 87320K, committed 87460K, reserved 1126400K
  class space    used 8961K, capacity 10088K, committed 10188K, reserved 1048576K
}
Event: 18.767 GC heap after
{Heap after GC invocations=26 (full 0):
 garbage-first heap   total 372736K, used 140381K [0x0000000704800000, 0x0000000800000000)
  region size 1024K, 1 young (1024K), 1 survivors (1024K)
 Metaspace       used 84571K, capacity 87320K, committed 87460K, reserved 1126400K
  class space    used 8961K, capacity 10088K, committed 10188K, reserved 1048576K
}
Event: 18.801 GC heap before
{Heap before GC invocations=26 (full 0):
 garbage-first heap   total 372736K, used 322653K [0x0000000704800000, 0x0000000800000000)
  region size 1024K, 179 young (183296K), 1 survivors (1024K)
 Metaspace       used 84572K, capacity 87320K, committed 87460K, reserved 1126400K
  class space    used 8961K, capacity 10088K, committed 10188K, reserved 1048576K
}
Event: 18.802 GC heap after
{Heap after GC invocations=27 (full 0):
 garbage-first heap   total 372736K, used 140386K [0x0000000704800000, 0x0000000800000000)
  region size 1024K, 1 young (1024K), 1 survivors (1024K)
 Metaspace       used 84572K, capacity 87320K, committed 87460K, reserved 1126400K
  class space    used 8961K, capacity 10088K, committed 10188K, reserved 1048576K
}
Event: 23.532 GC heap before
{Heap before GC invocations=27 (full 0):
 garbage-first heap   total 372736K, used 349282K [0x0000000704800000, 0x0000000800000000)
  region size 1024K, 180 young (184320K), 1 survivors (1024K)
 Metaspace       used 85484K, capacity 88316K, committed 88484K, reserved 1128448K
  class space    used 9028K, capacity 10162K, committed 10188K, reserved 1048576K
}
Event: 23.539 GC heap after
{Heap after GC invocations=28 (full 0):
 garbage-first heap   total 372736K, used 183169K [0x0000000704800000, 0x0000000800000000)
  region size 1024K, 20 young (20480K), 20 survivors (20480K)
 Metaspace       used 85484K, capacity 88316K, committed 88484K, reserved 1128448K
  class space    used 9028K, capacity 10162K, committed 10188K, reserved 1048576K
}

Deoptimization events (20 events):
Event: 24.812 Thread 0x0000027b27355000 Uncommon trap: trap_request=0xffffff4d fr.pc=0x0000027b103bb854 relative=0x00000000000013b4
Event: 24.812 Thread 0x0000027b27355000 Uncommon trap: reason=unstable_if action=reinterpret pc=0x0000027b103bb854 method=java.util.concurrent.ConcurrentHashMap.putVal(Ljava/lang/Object;Ljava/lang/Object;Z)Ljava/lang/Object; @ 401 c2
Event: 24.812 Thread 0x0000027b27355000 DEOPT PACKING pc=0x0000027b103bb854 sp=0x000000b7581fcd90
Event: 24.812 Thread 0x0000027b27355000 DEOPT UNPACKING pc=0x0000027b086c85af sp=0x000000b7581fcd40 mode 2
Event: 24.813 Thread 0x0000027b27355000 Uncommon trap: trap_request=0xffffff4d fr.pc=0x0000027b10326b58 relative=0x0000000000000298
Event: 24.813 Thread 0x0000027b27355000 Uncommon trap: reason=unstable_if action=reinterpret pc=0x0000027b10326b58 method=java.util.concurrent.ConcurrentHashMap.get(Ljava/lang/Object;)Ljava/lang/Object; @ 86 c2
Event: 24.813 Thread 0x0000027b27355000 DEOPT PACKING pc=0x0000027b10326b58 sp=0x000000b7581fce40
Event: 24.813 Thread 0x0000027b27355000 DEOPT UNPACKING pc=0x0000027b086c85af sp=0x000000b7581fcdd8 mode 2
Event: 24.814 Thread 0x0000027b23621000 DEOPT PACKING pc=0x0000027b0adf7613 sp=0x000000b756bfc210
Event: 24.814 Thread 0x0000027b23621000 DEOPT UNPACKING pc=0x0000027b08709d0e sp=0x000000b756bfb768 mode 0
Event: 24.817 Thread 0x0000027b27355000 Uncommon trap: trap_request=0xffffff4d fr.pc=0x0000027b1026e9b4 relative=0x0000000000001234
Event: 24.817 Thread 0x0000027b27355000 Uncommon trap: reason=unstable_if action=reinterpret pc=0x0000027b1026e9b4 method=java.util.concurrent.ConcurrentHashMap.transfer([Ljava/util/concurrent/ConcurrentHashMap$Node;[Ljava/util/concurrent/ConcurrentHashMap$Node;)V @ 352 c2
Event: 24.817 Thread 0x0000027b27355000 DEOPT PACKING pc=0x0000027b1026e9b4 sp=0x000000b7581fd680
Event: 24.817 Thread 0x0000027b27355000 DEOPT UNPACKING pc=0x0000027b086c85af sp=0x000000b7581fd618 mode 2
Event: 24.839 Thread 0x0000027b27355000 DEOPT PACKING pc=0x0000027b08d813c5 sp=0x000000b7581fded0
Event: 24.839 Thread 0x0000027b27355000 DEOPT UNPACKING pc=0x0000027b08709d0e sp=0x000000b7581fd360 mode 0
Event: 24.839 Thread 0x0000027b23621000 DEOPT PACKING pc=0x0000027b0ad31425 sp=0x000000b756bfc170
Event: 24.839 Thread 0x0000027b23621000 DEOPT UNPACKING pc=0x0000027b08709d0e sp=0x000000b756bfb6b0 mode 0
Event: 24.844 Thread 0x0000027b23621000 DEOPT PACKING pc=0x0000027b0ad88aed sp=0x000000b756bfa800
Event: 24.844 Thread 0x0000027b23621000 DEOPT UNPACKING pc=0x0000027b08709d0e sp=0x000000b756bf9cc8 mode 0

Classes redefined (0 events):
No events

Internal exceptions (20 events):
Event: 24.172 Thread 0x0000027b23621000 Exception <a 'java/lang/IncompatibleClassChangeError'{0x0000000718d88a38}: Found class java.lang.Object, but interface was expected> (0x0000000718d88a38) thrown at [s\src\hotspot\share\interpreter\linkResolver.cpp, line 839]
Event: 24.172 Thread 0x0000027b23621000 Exception <a 'java/lang/IncompatibleClassChangeError'{0x0000000718d8b2b8}: Found class java.lang.Object, but interface was expected> (0x0000000718d8b2b8) thrown at [s\src\hotspot\share\interpreter\linkResolver.cpp, line 839]
Event: 24.172 Thread 0x0000027b23621000 Exception <a 'java/lang/IncompatibleClassChangeError'{0x0000000718d8db28}: Found class java.lang.Object, but interface was expected> (0x0000000718d8db28) thrown at [s\src\hotspot\share\interpreter\linkResolver.cpp, line 839]
Event: 24.172 Thread 0x0000027b23621000 Exception <a 'java/lang/IncompatibleClassChangeError'{0x0000000718d905d8}: Found class java.lang.Object, but interface was expected> (0x0000000718d905d8) thrown at [s\src\hotspot\share\interpreter\linkResolver.cpp, line 839]
Event: 24.172 Thread 0x0000027b23621000 Exception <a 'java/lang/IncompatibleClassChangeError'{0x0000000718d92e00}: Found class java.lang.Object, but interface was expected> (0x0000000718d92e00) thrown at [s\src\hotspot\share\interpreter\linkResolver.cpp, line 839]
Event: 24.173 Thread 0x0000027b23621000 Exception <a 'java/lang/IncompatibleClassChangeError'{0x0000000718d95658}: Found class java.lang.Object, but interface was expected> (0x0000000718d95658) thrown at [s\src\hotspot\share\interpreter\linkResolver.cpp, line 839]
Event: 24.173 Thread 0x0000027b23621000 Exception <a 'java/lang/IncompatibleClassChangeError'{0x0000000718d98158}: Found class java.lang.Object, but interface was expected> (0x0000000718d98158) thrown at [s\src\hotspot\share\interpreter\linkResolver.cpp, line 839]
Event: 24.173 Thread 0x0000027b23621000 Exception <a 'java/lang/IncompatibleClassChangeError'{0x0000000718d9a9b8}: Found class java.lang.Object, but interface was expected> (0x0000000718d9a9b8) thrown at [s\src\hotspot\share\interpreter\linkResolver.cpp, line 839]
Event: 24.173 Thread 0x0000027b23621000 Exception <a 'java/lang/IncompatibleClassChangeError'{0x0000000718d9d468}: Found class java.lang.Object, but interface was expected> (0x0000000718d9d468) thrown at [s\src\hotspot\share\interpreter\linkResolver.cpp, line 839]
Event: 24.173 Thread 0x0000027b23621000 Exception <a 'java/lang/IncompatibleClassChangeError'{0x0000000718d9fcd0}: Found class java.lang.Object, but interface was expected> (0x0000000718d9fcd0) thrown at [s\src\hotspot\share\interpreter\linkResolver.cpp, line 839]
Event: 24.174 Thread 0x0000027b23621000 Exception <a 'java/lang/IncompatibleClassChangeError'{0x0000000718da2538}: Found class java.lang.Object, but interface was expected> (0x0000000718da2538) thrown at [s\src\hotspot\share\interpreter\linkResolver.cpp, line 839]
Event: 24.174 Thread 0x0000027b23621000 Exception <a 'java/lang/IncompatibleClassChangeError'{0x0000000718da4ff8}: Found class java.lang.Object, but interface was expected> (0x0000000718da4ff8) thrown at [s\src\hotspot\share\interpreter\linkResolver.cpp, line 839]
Event: 24.174 Thread 0x0000027b23621000 Exception <a 'java/lang/IncompatibleClassChangeError'{0x0000000718da7858}: Found class java.lang.Object, but interface was expected> (0x0000000718da7858) thrown at [s\src\hotspot\share\interpreter\linkResolver.cpp, line 839]
Event: 24.174 Thread 0x0000027b23621000 Exception <a 'java/lang/IncompatibleClassChangeError'{0x0000000718daa320}: Found class java.lang.Object, but interface was expected> (0x0000000718daa320) thrown at [s\src\hotspot\share\interpreter\linkResolver.cpp, line 839]
Event: 24.174 Thread 0x0000027b23621000 Exception <a 'java/lang/IncompatibleClassChangeError'{0x0000000718dacb80}: Found class java.lang.Object, but interface was expected> (0x0000000718dacb80) thrown at [s\src\hotspot\share\interpreter\linkResolver.cpp, line 839]
Event: 24.175 Thread 0x0000027b23621000 Exception <a 'java/lang/IncompatibleClassChangeError'{0x0000000718daf3e0}: Found class java.lang.Object, but interface was expected> (0x0000000718daf3e0) thrown at [s\src\hotspot\share\interpreter\linkResolver.cpp, line 839]
Event: 24.175 Thread 0x0000027b23621000 Exception <a 'java/lang/IncompatibleClassChangeError'{0x0000000718db1ec0}: Found class java.lang.Object, but interface was expected> (0x0000000718db1ec0) thrown at [s\src\hotspot\share\interpreter\linkResolver.cpp, line 839]
Event: 24.203 Thread 0x0000027b23621000 Exception <a 'java/lang/NoSuchMethodError'{0x0000000718cbbc00}: 'void java.lang.invoke.DirectMethodHandle$Holder.invokeStatic(java.lang.Object, long)'> (0x0000000718cbbc00) thrown at [s\src\hotspot\share\interpreter\linkResolver.cpp, line 773]
Event: 24.490 Thread 0x0000027b23621000 Exception <a 'java/lang/NoSuchMethodError'{0x0000000717480c98}: 'java.lang.Object java.lang.invoke.DirectMethodHandle$Holder.invokeStatic(java.lang.Object, java.lang.Object, java.lang.Object, java.lang.Object, java.lang.Object, int)'> (0x0000000717480c98) thrown at [s\src\hotspot\share\interpreter\linkResolver.cpp, line 773]
Event: 24.490 Thread 0x0000027b23621000 Exception <a 'java/lang/NoSuchMethodError'{0x0000000717484c50}: 'java.lang.Object java.lang.invoke.DirectMethodHandle$Holder.invokeSpecial(java.lang.Object, java.lang.Object, java.lang.Object, java.lang.Object, java.lang.Object, java.lang.Object, int)'> (0x0000000717484c50) thrown at [s\src\hotspot\share\interpreter\linkResolver.cpp, line 773]

Events (20 events):
Event: 24.807 Thread 0x0000027b7fa7d800 flushing nmethod 0x0000027b098e4090
Event: 24.807 Thread 0x0000027b7fa7d800 flushing nmethod 0x0000027b098e6910
Event: 24.807 Thread 0x0000027b7fa7d800 flushing nmethod 0x0000027b09900f10
Event: 24.808 Thread 0x0000027b7fa7d800 flushing nmethod 0x0000027b09aa6310
Event: 24.808 Thread 0x0000027b7fa7d800 flushing nmethod 0x0000027b09abd390
Event: 24.808 Thread 0x0000027b7fa7d800 flushing nmethod 0x0000027b09acda10
Event: 24.808 Thread 0x0000027b7fa7d800 flushing nmethod 0x0000027b09adde10
Event: 24.808 Thread 0x0000027b7fa7d800 flushing nmethod 0x0000027b09ae8510
Event: 24.808 Thread 0x0000027b7fa7d800 flushing nmethod 0x0000027b09ae9390
Event: 24.808 Thread 0x0000027b7fa7d800 flushing nmethod 0x0000027b09aefa10
Event: 24.810 Thread 0x0000027b7fa7d800 flushing nmethod 0x0000027b09e0da90
Event: 24.810 Thread 0x0000027b7fa7d800 flushing nmethod 0x0000027b09f3eb10
Event: 24.811 Thread 0x0000027b7fa7d800 flushing nmethod 0x0000027b09f41190
Event: 24.811 Thread 0x0000027b7fa7d800 flushing nmethod 0x0000027b09f93390
Event: 24.812 loading class java/util/concurrent/ConcurrentHashMap$TreeNode
Event: 24.812 loading class java/util/concurrent/ConcurrentHashMap$TreeNode done
Event: 24.812 loading class java/util/concurrent/ConcurrentHashMap$TreeBin
Event: 24.813 loading class java/util/concurrent/ConcurrentHashMap$TreeBin done
Event: 24.817 Executing VM operation: RevokeBias
Event: 24.817 Executing VM operation: RevokeBias done


Dynamic libraries:
0x00007ff76faa0000 - 0x00007ff76faae000 	C:\Users\Donni\.jdks\corretto-11.0.22\bin\java.exe
0x00007ff8c0490000 - 0x00007ff8c06a7000 	C:\WINDOWS\SYSTEM32\ntdll.dll
0x00007ff8bf7f0000 - 0x00007ff8bf8b4000 	C:\WINDOWS\System32\KERNEL32.DLL
0x00007ff8bd7d0000 - 0x00007ff8bdb76000 	C:\WINDOWS\System32\KERNELBASE.dll
0x00007ff8be0c0000 - 0x00007ff8be1d1000 	C:\WINDOWS\System32\ucrtbase.dll
0x00007ff8b4240000 - 0x00007ff8b425b000 	C:\Users\Donni\.jdks\corretto-11.0.22\bin\VCRUNTIME140.dll
0x00007ff8ad700000 - 0x00007ff8ad717000 	C:\Users\Donni\.jdks\corretto-11.0.22\bin\jli.dll
0x00007ff8bec20000 - 0x00007ff8bedce000 	C:\WINDOWS\System32\USER32.dll
0x00007ff8a5680000 - 0x00007ff8a5913000 	C:\WINDOWS\WinSxS\amd64_microsoft.windows.common-controls_6595b64144ccf1df_6.0.22621.2506_none_270c5ae97388e100\COMCTL32.dll
0x00007ff8bdf50000 - 0x00007ff8bdf76000 	C:\WINDOWS\System32\win32u.dll
0x00007ff8bfa40000 - 0x00007ff8bfae7000 	C:\WINDOWS\System32\msvcrt.dll
0x00007ff8c0060000 - 0x00007ff8c0089000 	C:\WINDOWS\System32\GDI32.dll
0x00007ff8bdb80000 - 0x00007ff8bdc98000 	C:\WINDOWS\System32\gdi32full.dll
0x00007ff8bdf80000 - 0x00007ff8be01a000 	C:\WINDOWS\System32\msvcp_win.dll
0x00007ff8bfaf0000 - 0x00007ff8bfb21000 	C:\WINDOWS\System32\IMM32.DLL
0x00007ff8b5530000 - 0x00007ff8b553c000 	C:\Users\Donni\.jdks\corretto-11.0.22\bin\vcruntime140_1.dll
0x00007ff88a780000 - 0x00007ff88a80d000 	C:\Users\Donni\.jdks\corretto-11.0.22\bin\msvcp140.dll
0x00007ff8696b0000 - 0x00007ff86a273000 	C:\Users\Donni\.jdks\corretto-11.0.22\bin\server\jvm.dll
0x00007ff8bef00000 - 0x00007ff8befb3000 	C:\WINDOWS\System32\ADVAPI32.dll
0x00007ff8c03a0000 - 0x00007ff8c0448000 	C:\WINDOWS\System32\sechost.dll
0x00007ff8be090000 - 0x00007ff8be0b8000 	C:\WINDOWS\System32\bcrypt.dll
0x00007ff8bedd0000 - 0x00007ff8beee7000 	C:\WINDOWS\System32\RPCRT4.dll
0x00007ff8bf950000 - 0x00007ff8bf958000 	C:\WINDOWS\System32\PSAPI.DLL
0x00007ff8b4200000 - 0x00007ff8b4234000 	C:\WINDOWS\SYSTEM32\WINMM.dll
0x00007ff887060000 - 0x00007ff887069000 	C:\WINDOWS\SYSTEM32\WSOCK32.dll
0x00007ff8b59b0000 - 0x00007ff8b59ba000 	C:\WINDOWS\SYSTEM32\VERSION.dll
0x00007ff8c0320000 - 0x00007ff8c0391000 	C:\WINDOWS\System32\WS2_32.dll
0x00007ff8bc800000 - 0x00007ff8bc818000 	C:\WINDOWS\SYSTEM32\kernel.appcore.dll
0x00007ff8ad6f0000 - 0x00007ff8ad700000 	C:\Users\Donni\.jdks\corretto-11.0.22\bin\verify.dll
0x00007ff8bab10000 - 0x00007ff8bad43000 	C:\WINDOWS\SYSTEM32\DBGHELP.DLL
0x00007ff8bfcd0000 - 0x00007ff8c0059000 	C:\WINDOWS\System32\combase.dll
0x00007ff8c0140000 - 0x00007ff8c0217000 	C:\WINDOWS\System32\OLEAUT32.dll
0x00007ff88d230000 - 0x00007ff88d262000 	C:\WINDOWS\SYSTEM32\dbgcore.DLL
0x00007ff8bdca0000 - 0x00007ff8bdd1a000 	C:\WINDOWS\System32\bcryptPrimitives.dll
0x00007ff8a5a20000 - 0x00007ff8a5a48000 	C:\Users\Donni\.jdks\corretto-11.0.22\bin\java.dll
0x00007ff8ad6e0000 - 0x00007ff8ad6ea000 	C:\Users\Donni\.jdks\corretto-11.0.22\bin\jimage.dll
0x00007ff8ba590000 - 0x00007ff8ba5c9000 	C:\Users\Donni\.jdks\corretto-11.0.22\bin\jdwp.dll
0x00007ff8ba580000 - 0x00007ff8ba58e000 	C:\Users\Donni\.jdks\corretto-11.0.22\bin\instrument.dll
0x00007ff8a6c60000 - 0x00007ff8a6c78000 	C:\Users\Donni\.jdks\corretto-11.0.22\bin\zip.dll
0x00007ff8be1e0000 - 0x00007ff8bea3a000 	C:\WINDOWS\System32\SHELL32.dll
0x00007ff8bb720000 - 0x00007ff8bc016000 	C:\WINDOWS\SYSTEM32\windows.storage.dll
0x00007ff8bb5e0000 - 0x00007ff8bb71e000 	C:\WINDOWS\SYSTEM32\wintypes.dll
0x00007ff8bf060000 - 0x00007ff8bf153000 	C:\WINDOWS\System32\SHCORE.dll
0x00007ff8bf9e0000 - 0x00007ff8bfa3e000 	C:\WINDOWS\System32\shlwapi.dll
0x00007ff8bd700000 - 0x00007ff8bd726000 	C:\WINDOWS\SYSTEM32\profapi.dll
0x00007ff8b79d0000 - 0x00007ff8b79da000 	C:\Users\Donni\.jdks\corretto-11.0.22\bin\dt_socket.dll
0x00007ff8bcc80000 - 0x00007ff8bcce9000 	C:\WINDOWS\system32\mswsock.dll
0x00007ff88a760000 - 0x00007ff88a779000 	C:\Users\Donni\.jdks\corretto-11.0.22\bin\net.dll
0x00007ff8b72f0000 - 0x00007ff8b7427000 	C:\WINDOWS\SYSTEM32\WINHTTP.dll
0x00007ff88a740000 - 0x00007ff88a752000 	C:\Users\Donni\.jdks\corretto-11.0.22\bin\nio.dll
0x00007ff8b79a0000 - 0x00007ff8b79c7000 	C:\Users\Donni\.jdks\corretto-11.0.22\bin\sunec.dll
0x00007ff8b7990000 - 0x00007ff8b799e000 	C:\Users\Donni\.jdks\corretto-11.0.22\bin\sunmscapi.dll
0x00007ff8bdde0000 - 0x00007ff8bdf46000 	C:\WINDOWS\System32\CRYPT32.dll
0x00007ff8bd100000 - 0x00007ff8bd12e000 	C:\WINDOWS\SYSTEM32\ncrypt.dll
0x00007ff8bd0c0000 - 0x00007ff8bd0f7000 	C:\WINDOWS\SYSTEM32\NTASN1.dll
0x00007ff8bcf30000 - 0x00007ff8bcf42000 	C:\WINDOWS\SYSTEM32\MSASN1.dll
0x00007ff8bcee0000 - 0x00007ff8bcefb000 	C:\WINDOWS\SYSTEM32\CRYPTSP.dll
0x00007ff8bc760000 - 0x00007ff8bc795000 	C:\WINDOWS\system32\rsaenh.dll
0x00007ff8bced0000 - 0x00007ff8bcedc000 	C:\WINDOWS\SYSTEM32\CRYPTBASE.dll
0x00007ff8bcd10000 - 0x00007ff8bcd36000 	C:\WINDOWS\SYSTEM32\gpapi.dll
0x00007ff8bcd70000 - 0x00007ff8bcd9c000 	C:\WINDOWS\SYSTEM32\USERENV.dll
0x00007ff8bd4b0000 - 0x00007ff8bd4ba000 	C:\WINDOWS\SYSTEM32\DPAPI.dll
0x00007ff8bc280000 - 0x00007ff8bc2ad000 	C:\WINDOWS\SYSTEM32\IPHLPAPI.DLL
0x00007ff8bec10000 - 0x00007ff8bec19000 	C:\WINDOWS\System32\NSI.dll
0x00007ff8b7150000 - 0x00007ff8b7169000 	C:\WINDOWS\SYSTEM32\dhcpcsvc6.DLL
0x00007ff8b7040000 - 0x00007ff8b705f000 	C:\WINDOWS\SYSTEM32\dhcpcsvc.DLL
0x00007ff8bc2f0000 - 0x00007ff8bc3e9000 	C:\WINDOWS\SYSTEM32\DNSAPI.dll
0x00007ff8ae1c0000 - 0x00007ff8ae342000 	C:\Users\Donni\.jdks\corretto-11.0.22\bin\awt.dll
0x00007ff8ba4e0000 - 0x00007ff8ba577000 	C:\WINDOWS\SYSTEM32\apphelp.dll
0x00007ff8ba930000 - 0x00007ff8ba9db000 	C:\WINDOWS\system32\uxtheme.dll
0x00007ff8bea40000 - 0x00007ff8beb90000 	C:\WINDOWS\System32\MSCTF.dll
0x00007ff8bfb30000 - 0x00007ff8bfcd0000 	C:\WINDOWS\System32\ole32.dll
0x00007ff8baf70000 - 0x00007ff8baf9b000 	C:\WINDOWS\system32\DWMAPI.DLL
0x00007ff8a24f0000 - 0x00007ff8a25f0000 	C:\WINDOWS\system32\opengl32.dll
0x00007ff8a2480000 - 0x00007ff8a24ad000 	C:\WINDOWS\SYSTEM32\GLU32.dll
0x00007ff8bada0000 - 0x00007ff8badd6000 	C:\WINDOWS\SYSTEM32\dxcore.dll
0x00007ff8a1c70000 - 0x00007ff8a1cf7000 	C:\Users\Donni\.jdks\corretto-11.0.22\bin\freetype.dll
0x00007ff8a1b90000 - 0x00007ff8a1c63000 	C:\Users\Donni\.jdks\corretto-11.0.22\bin\fontmanager.dll
0x00007ff8ae3b0000 - 0x00007ff8ae4fa000 	C:\WINDOWS\SYSTEM32\textinputframework.dll
0x00007ff8b9b20000 - 0x00007ff8b9c54000 	C:\WINDOWS\SYSTEM32\CoreMessaging.dll
0x00007ff8b63d0000 - 0x00007ff8b673c000 	C:\WINDOWS\SYSTEM32\CoreUIComponents.dll
0x00007ff8b7980000 - 0x00007ff8b7989000 	C:\Users\Donni\.jdks\corretto-11.0.22\bin\management.dll
0x00007ff8b7970000 - 0x00007ff8b797b000 	C:\Users\Donni\.jdks\corretto-11.0.22\bin\management_ext.dll
0x00007ff8b6c80000 - 0x00007ff8b6c8a000 	C:\Windows\System32\rasadhlp.dll
0x00007ff8b40a0000 - 0x00007ff8b4123000 	C:\WINDOWS\System32\fwpuclnt.dll
0x00007ff8ae170000 - 0x00007ff8ae1b4000 	C:\Users\Donni\AppData\Local\Temp\jna-68899\jna4093894791841360050.dll
0x00007ff8969d0000 - 0x00007ff896a6c000 	C:\Users\Donni\AppData\Local\Temp\jna-68899\jna16882227331829234236.dll
0x00007ff89a7d0000 - 0x00007ff89a84f000 	C:\Users\Donni\.jdks\corretto-11.0.22\bin\mlib_image.dll
0x00007ff8b3ad0000 - 0x00007ff8b3ae2000 	C:\Users\Donni\.jdks\corretto-11.0.22\bin\jsound.dll
0x00007ff895c30000 - 0x00007ff895cd2000 	C:\WINDOWS\SYSTEM32\DSOUND.dll
0x00007ff8bd5f0000 - 0x00007ff8bd63d000 	C:\WINDOWS\SYSTEM32\powrprof.dll
0x00007ff895b70000 - 0x00007ff895c21000 	C:\WINDOWS\SYSTEM32\ResampleDmo.DLL
0x00007ff8ae500000 - 0x00007ff8ae529000 	C:\WINDOWS\SYSTEM32\winmmbase.dll
0x00007ff8b7960000 - 0x00007ff8b796b000 	C:\WINDOWS\SYSTEM32\msdmo.dll
0x00007ff8bd4d0000 - 0x00007ff8bd4e3000 	C:\WINDOWS\SYSTEM32\UMPDC.dll
0x00007ff8c0090000 - 0x00007ff8c0140000 	C:\WINDOWS\System32\clbcatq.dll
0x00007ff8b0990000 - 0x00007ff8b0a2d000 	C:\WINDOWS\System32\MMDevApi.dll
0x00007ff8bd460000 - 0x00007ff8bd48c000 	C:\WINDOWS\System32\DEVOBJ.dll
0x00007ff8bd410000 - 0x00007ff8bd45e000 	C:\WINDOWS\SYSTEM32\cfgmgr32.dll
0x00007ff8b7900000 - 0x00007ff8b7946000 	C:\WINDOWS\SYSTEM32\wdmaud.drv
0x00007ff8a1750000 - 0x00007ff8a1759000 	C:\WINDOWS\SYSTEM32\ksuser.dll
0x00007ff8b6ed0000 - 0x00007ff8b6edb000 	C:\WINDOWS\SYSTEM32\AVRT.dll
0x00007ff8af850000 - 0x00007ff8afa3c000 	C:\WINDOWS\SYSTEM32\AUDIOSES.DLL
0x00007ff8b78f0000 - 0x00007ff8b78fe000 	C:\WINDOWS\SYSTEM32\msacm32.drv
0x00007ff8b78d0000 - 0x00007ff8b78ee000 	C:\WINDOWS\SYSTEM32\MSACM32.dll
0x00007ff8b78c0000 - 0x00007ff8b78cb000 	C:\WINDOWS\SYSTEM32\midimap.dll
0x00007ff8bb2b0000 - 0x00007ff8bb2c5000 	C:\WINDOWS\SYSTEM32\resourcepolicyclient.dll
0x00007ff8b3b80000 - 0x00007ff8b3b86000 	C:\Users\Donni\AppData\Local\Temp\flatlaf.temp\flatlaf-windows-x86_64-181855888735000.dll
0x00007ff8963f0000 - 0x00007ff896564000 	C:\Windows\System32\Windows.UI.dll
0x00007ff8b3950000 - 0x00007ff8b3957000 	C:\Users\Donni\.jdks\corretto-11.0.22\bin\jawt.dll
0x00007ff8b38d0000 - 0x00007ff8b38fd000 	C:\Users\Donni\.jdks\corretto-11.0.22\bin\javajpeg.dll
0x00007ff8baad0000 - 0x00007ff8baadd000 	C:\WINDOWS\SYSTEM32\WINNSI.DLL
0x00007ff8b82f0000 - 0x00007ff8b84a0000 	C:\WINDOWS\SYSTEM32\WindowsCodecs.dll
0x00007ff891800000 - 0x00007ff89185e000 	C:\WINDOWS\system32\dataexchange.dll
0x00007ff8b4cb0000 - 0x00007ff8b4f35000 	C:\WINDOWS\system32\twinapi.appcore.dll
0x00007ff8b56c0000 - 0x00007ff8b577c000 	C:\WINDOWS\SYSTEM32\mscms.dll
0x00007ff8b1c80000 - 0x00007ff8b1cc9000 	C:\WINDOWS\SYSTEM32\icm32.dll

dbghelp: loaded successfully - version: 4.0.5 - missing functions: none
symbol engine: initialized successfully - sym options: 0x614 - pdb path: .;C:\Users\Donni\.jdks\corretto-11.0.22\bin;C:\WINDOWS\SYSTEM32;C:\WINDOWS\WinSxS\amd64_microsoft.windows.common-controls_6595b64144ccf1df_6.0.22621.2506_none_270c5ae97388e100;C:\Users\Donni\.jdks\corretto-11.0.22\bin\server;C:\Users\Donni\AppData\Local\Temp\jna-68899;C:\Users\Donni\AppData\Local\Temp\flatlaf.temp

VM Arguments:
jvm_args: -agentlib:jdwp=transport=dt_socket,server=n,suspend=y,address=127.0.0.1:50813 -javaagent:C:\Users\Donni\.gradle\caches\modules-2\files-2.1\org.jetbrains.kotlinx\kotlinx-coroutines-core-jvm\1.6.0\f3b8fd26c2e76d2f18cbc36aacb6e349fcb9fd5f\kotlinx-coroutines-core-jvm-1.6.0.jar -Dfile.encoding=windows-1252 -Duser.country=US -Duser.language=en -Duser.variant -ea 
java_command: com.piggyplugins.PluginTester
java_class_path (initial): C:\Users\Donni\IdeaProjects\PiggyPlugins\build\classes\java\test;C:\Users\Donni\IdeaProjects\PiggyPlugins\build\resources\test;C:\Users\Donni\IdeaProjects\PiggyPlugins\build\classes\java\main;C:\Users\Donni\IdeaProjects\PiggyPlugins\build\resources\main;C:\Users\Donni\IdeaProjects\PiggyPlugins\AutoTitheFarm\build\libs\AutoTitheFarm-1.0.0.jar;C:\Users\Donni\IdeaProjects\PiggyPlugins\AutoAerial\build\libs\AutoAerial-1.0.0.jar;C:\Users\Donni\IdeaProjects\PiggyPlugins\AutoRuneDragons\build\libs\AutoRuneDragons-1.0.0.jar;C:\Users\Donni\IdeaProjects\PiggyPlugins\AutoBoner\build\libs\AutoBoner-1.0.3.jar;C:\Users\Donni\IdeaProjects\PiggyPlugins\AutoChompy\build\libs\AutoChompy-1.0.3.jar;C:\Users\Donni\IdeaProjects\PiggyPlugins\AutoVorkath\build\libs\AutoVorkath-1.0.19.jar;C:\Users\Donni\IdeaProjects\PiggyPlugins\AutoCombat\build\libs\AutoCombat-1.0.0.jar;C:\Users\Donni\IdeaProjects\PiggyPlugins\AutoTrapper\build\libs\AutoTrapper-1.0.0.jar;C:\Users\Donni\IdeaProjects\PiggyPlugins\AutoSmith\build\libs\AutoSmith-1.0.0.jar;C:\Users\Donni\IdeaProjects\PiggyPlugins\ButterflyCatcher\build\libs\ButterflyCatcher-1.0.0.jar;C:\Users\Donni\IdeaProjects\PiggyPlugins\DialogueContinuer\build\libs\DialogueContinuer-1.0.0.jar;C:\Users\Donni\IdeaProjects\PiggyPlugins\Firemaking\build\libs\Firemaking-1.0.0.jar;C:\Users\Donni\IdeaProjects\PiggyPlugins\KittenFeeder\build\libs\KittenFeeder-1.0.0.jar;C:\Users\Donni\IdeaProjects\PiggyPlugins\AutoJugHumidifier\build\libs\AutoJugHumidifier-1.0.0.jar;C:\Users\Donni\IdeaProjects\PiggyPlugins\AutoRifts\build\libs\AutoRifts-1.0.0.jar;C:\Users\Donni\IdeaProjects\PiggyPlugins\AutoTele\build\libs\AutoTele-1.0.0.jar;C:\Users\Donni\IdeaProjects\PiggyPlugins\CalvarionHelper\build\libs\CalvarionHelper-1.0.0.jar;C:\Users\Donni\IdeaProjects\PiggyPlugins\CannonReloader\build\libs\CannonReloader-1.0.0.jar;C:\Users\Donni\IdeaProjects\PiggyPlugins\E3T4G\build\libs\E3T4G-1.0.0.jar;C:\Users\Donni\IdeaProjects\PiggyPlugins\EthansApi\build\l
Launcher Type: SUN_STANDARD

[Global flags]
     intx CICompilerCount                          = 4                                         {product} {ergonomic}
     uint ConcGCThreads                            = 2                                         {product} {ergonomic}
     uint G1ConcRefinementThreads                  = 8                                         {product} {ergonomic}
   size_t G1HeapRegionSize                         = 1048576                                   {product} {ergonomic}
    uintx GCDrainStackTargetSize                   = 64                                        {product} {ergonomic}
   size_t InitialHeapSize                          = 264241152                                 {product} {ergonomic}
   size_t MarkStackSize                            = 4194304                                   {product} {ergonomic}
   size_t MaxHeapSize                              = 4219469824                                {product} {ergonomic}
   size_t MaxNewSize                               = 2531262464                                {product} {ergonomic}
   size_t MinHeapDeltaBytes                        = 1048576                                   {product} {ergonomic}
    uintx NonNMethodCodeHeapSize                   = 5836300                                {pd product} {ergonomic}
    uintx NonProfiledCodeHeapSize                  = 122910970                              {pd product} {ergonomic}
    uintx ProfiledCodeHeapSize                     = 122910970                              {pd product} {ergonomic}
    uintx ReservedCodeCacheSize                    = 251658240                              {pd product} {ergonomic}
     bool SegmentedCodeCache                       = true                                      {product} {ergonomic}
     bool UseCompressedClassPointers               = true                                 {lp64_product} {ergonomic}
     bool UseCompressedOops                        = true                                 {lp64_product} {ergonomic}
     bool UseG1GC                                  = true                                      {product} {ergonomic}
     bool UseLargePagesIndividualAllocation        = false                                  {pd product} {ergonomic}

Logging:
Log output configuration:
 #0: stdout all=warning uptime,level,tags
 #1: stderr all=off uptime,level,tags

Environment Variables:
JAVA_HOME=C:\Program Files (x86)\Eclipse Adoptium\jdk-11.0.21.9-hotspot\
PATH=C:\Program Files (x86)\Eclipse Adoptium\jdk-11.0.21.9-hotspot\bin;C:\Program Files\Common Files\Oracle\Java\javapath;C:\Python311\Scripts\;C:\Python311\;C:\WINDOWS\system32;C:\WINDOWS;C:\WINDOWS\System32\Wbem;C:\WINDOWS\System32\WindowsPowerShell\v1.0\;C:\WINDOWS\System32\OpenSSH\;C:\ProgramData\chocolatey\bin;C:\Program Files\Git\cmd;C:\Program Files\nodejs\;C:\Program Files\Microsoft VS Code\bin;C:\Program Files\dotnet\;C:\Users\Donni\AppData\Local\Microsoft\WindowsApps;;C:\Exercism;C:\Users\Donni\AppData\Roaming\npm;C:\Program Files\JetBrains\IntelliJ IDEA Community Edition 2023.2.5\bin;
USERNAME=Don
OS=Windows_NT
PROCESSOR_IDENTIFIER=Intel64 Family 6 Model 140 Stepping 1, GenuineIntel
TMP=C:\Users\Donni\AppData\Local\Temp
TEMP=C:\Users\Donni\AppData\Local\Temp



---------------  S Y S T E M  ---------------

OS: Windows 11 , 64 bit Build 22621 (10.0.22621.2506)
OS uptime: 0 days 5:03 hours

CPU:total 8 (initial active 8) (4 cores per cpu, 2 threads per core) family 6 model 140 stepping 1 microcode 0xac, cmov, cx8, fxsr, mmx, sse, sse2, sse3, ssse3, sse4.1, sse4.2, popcnt, avx, avx2, aes, clmul, erms, 3dnowpref, lzcnt, ht, tsc, tscinvbit, bmi1, bmi2, adx, evex, sha, fma

Memory: 4k page, system-wide physical 16091M (8408M free)
TotalPageFile size 17115M (AvailPageFile size 8570M)
current process WorkingSet (physical memory assigned to process): 729M, peak: 735M
current process commit charge ("private bytes"): 775M, peak: 780M

vm_info: OpenJDK 64-Bit Server VM (11.0.22+7-LTS) for windows-amd64 JRE (11.0.22+7-LTS), built on Jan 10 2024 19:54:00 by "Administrator" with MS VC++ 16.10 / 16.11 (VS2019)

END.
