#
# A fatal error has been detected by the Java Runtime Environment:
#
#  Internal Error (c1/c1_LIR.hpp:731), pid=3396, tid=15248
#  Error: ShouldNotReachHere()
#
# JRE version: OpenJDK Runtime Environment Corretto-11.0.22.7.1 (11.0.22+7) (build 11.0.22+7-LTS)
# Java VM: OpenJDK 64-Bit Server VM Corretto-11.0.22.7.1 (11.0.22+7-LTS, mixed mode, tiered, compressed oops, g1 gc, windows-amd64)
# No core dump will be written. Minidumps are not enabled by default on client versions of Windows
#
# If you would like to submit a bug report, please visit:
#   https://github.com/corretto/corretto-11/issues/
#

---------------  S U M M A R Y ------------

Command Line: -agentlib:jdwp=transport=dt_socket,server=n,suspend=y,address=127.0.0.1:57805 -javaagent:C:\Users\Donni\.gradle\caches\modules-2\files-2.1\org.jetbrains.kotlinx\kotlinx-coroutines-core-jvm\1.6.0\f3b8fd26c2e76d2f18cbc36aacb6e349fcb9fd5f\kotlinx-coroutines-core-jvm-1.6.0.jar -Dfile.encoding=windows-1252 -Duser.country=US -Duser.language=en -Duser.variant -ea com.piggyplugins.PluginTester

Host: 11th Gen Intel(R) Core(TM) i5-1145G7 @ 2.60GHz, 8 cores, 15G,  Windows 11 , 64 bit Build 22621 (10.0.22621.2506)
Time: Fri Feb  9 19:46:51 2024 Mountain Standard Time elapsed time: 21.332417 seconds (0d 0h 0m 21s)

---------------  T H R E A D  ---------------

Current thread (0x0000024ab362b800):  JavaThread "C1 CompilerThread0" daemon [_thread_in_native, id=15248, stack(0x00000056a4c00000,0x00000056a4d00000)]


Current CompileTask:
C1:  21332 10672 %     3       org.bouncycastle.math.raw.Nat256::mul @ 292 (637 bytes)

Stack: [0x00000056a4c00000,0x00000056a4d00000]
Native frames: (J=compiled Java code, j=interpreted, Vv=VM code, C=native code)
V  [jvm.dll+0x64585a]
V  [jvm.dll+0x7d9bb9]
V  [jvm.dll+0x7db2b9]
V  [jvm.dll+0x7db957]
V  [jvm.dll+0x26941c]
V  [jvm.dll+0x269363]
V  [jvm.dll+0x1760a9]
V  [jvm.dll+0x171ea4]
V  [jvm.dll+0x168c0e]
V  [jvm.dll+0x1552d0]
V  [jvm.dll+0x13c659]
V  [jvm.dll+0x13bf8f]
V  [jvm.dll+0x13c1c4]
V  [jvm.dll+0x13b512]
V  [jvm.dll+0x13d3ac]
V  [jvm.dll+0x2305e9]
V  [jvm.dll+0x22e75f]
V  [jvm.dll+0x79ae51]
V  [jvm.dll+0x793b24]
V  [jvm.dll+0x644615]
C  [ucrtbase.dll+0x29363]
C  [KERNEL32.DLL+0x1257d]
C  [ntdll.dll+0x5aa58]


---------------  P R O C E S S  ---------------

Threads class SMR info:
_java_thread_list=0x0000024ab669eb10, length=41, elements={
0x0000024ab35c7000, 0x0000024ab35d0000, 0x0000024ab3621800, 0x0000024ab3627000,
0x0000024ab3629000, 0x0000024ab362a800, 0x0000024ab362b800, 0x0000024ab3630000,
0x0000024ab37b2800, 0x0000024ab38fb800, 0x0000024ab3a56800, 0x0000024ab3a58800,
0x0000024ab3f2b000, 0x0000024ab4cc5000, 0x0000024ab4e92800, 0x0000024ab4cd2800,
0x0000024ab4689800, 0x0000024ab4e5b000, 0x0000024ab5137000, 0x0000024ab3d6e000,
0x0000024ab427e000, 0x0000024abbc31800, 0x0000024abbc33800, 0x0000024abbc36000,
0x0000024abbc38000, 0x0000024abbc37800, 0x0000024abbc32800, 0x0000024abbc36800,
0x0000024abbc34000, 0x0000024ab6327800, 0x0000024ab632d000, 0x0000024ab632a000,
0x0000024ab632e000, 0x0000024ab6329000, 0x0000024ab632f000, 0x0000024ab6330800,
0x0000024ab632b000, 0x0000024ab6331800, 0x0000024ab941a000, 0x0000024abba22800,
0x0000024ab632b800
}

Java Threads: ( => current thread )
  0x0000024ab35c7000 JavaThread "Reference Handler" daemon [_thread_blocked, id=1604, stack(0x00000056a4600000,0x00000056a4700000)]
  0x0000024ab35d0000 JavaThread "Finalizer" daemon [_thread_blocked, id=944, stack(0x00000056a4700000,0x00000056a4800000)]
  0x0000024ab3621800 JavaThread "Signal Dispatcher" daemon [_thread_blocked, id=14264, stack(0x00000056a4800000,0x00000056a4900000)]
  0x0000024ab3627000 JavaThread "Attach Listener" daemon [_thread_blocked, id=16308, stack(0x00000056a4900000,0x00000056a4a00000)]
  0x0000024ab3629000 JavaThread "Service Thread" daemon [_thread_blocked, id=14948, stack(0x00000056a4a00000,0x00000056a4b00000)]
  0x0000024ab362a800 JavaThread "C2 CompilerThread0" daemon [_thread_in_native, id=10028, stack(0x00000056a4b00000,0x00000056a4c00000)]
=>0x0000024ab362b800 JavaThread "C1 CompilerThread0" daemon [_thread_in_native, id=15248, stack(0x00000056a4c00000,0x00000056a4d00000)]
  0x0000024ab3630000 JavaThread "Sweeper thread" daemon [_thread_blocked, id=14368, stack(0x00000056a4d00000,0x00000056a4e00000)]
  0x0000024ab37b2800 JavaThread "Common-Cleaner" daemon [_thread_blocked, id=3704, stack(0x00000056a4e00000,0x00000056a4f00000)]
  0x0000024ab38fb800 JavaThread "JDWP Transport Listener: dt_socket" daemon [_thread_blocked, id=11628, stack(0x00000056a4f00000,0x00000056a5000000)]
  0x0000024ab3a56800 JavaThread "JDWP Event Helper Thread" daemon [_thread_blocked, id=11228, stack(0x00000056a5000000,0x00000056a5100000)]
  0x0000024ab3a58800 JavaThread "JDWP Command Reader" daemon [_thread_in_native, id=11380, stack(0x00000056a5100000,0x00000056a5200000)]
  0x0000024ab3f2b000 JavaThread "Coroutines Debugger Cleaner" daemon [_thread_blocked, id=13436, stack(0x00000056a5300000,0x00000056a5400000)]
  0x0000024ab4cc5000 JavaThread "Java2D Disposer" daemon [_thread_blocked, id=15664, stack(0x00000056a5e00000,0x00000056a5f00000)]
  0x0000024ab4e92800 JavaThread "AWT-Shutdown" [_thread_blocked, id=10244, stack(0x00000056a5f00000,0x00000056a6000000)]
  0x0000024ab4cd2800 JavaThread "AWT-Windows" daemon [_thread_in_native, id=7324, stack(0x00000056a6000000,0x00000056a6100000)]
  0x0000024ab4689800 JavaThread "AWT-EventQueue-0" [_thread_blocked, id=2520, stack(0x00000056a6200000,0x00000056a6300000)]
  0x0000024ab4e5b000 JavaThread "TimerQueue" daemon [_thread_blocked, id=9040, stack(0x00000056a6300000,0x00000056a6400000)]
  0x0000024ab5137000 JavaThread "OkHttp Dispatcher" [_thread_blocked, id=12284, stack(0x00000056a6400000,0x00000056a6500000)]
  0x0000024ab3d6e000 JavaThread "OkHttp ConnectionPool" daemon [_thread_blocked, id=1840, stack(0x00000056a5200000,0x00000056a5300000)]
  0x0000024ab427e000 JavaThread "Okio Watchdog" daemon [_thread_blocked, id=9904, stack(0x00000056a5500000,0x00000056a5600000)]
  0x0000024abbc31800 JavaThread "pool-2-thread-1" [_thread_blocked, id=4496, stack(0x00000056a6b00000,0x00000056a6c00000)]
  0x0000024abbc33800 JavaThread "Thread-1" daemon [_thread_blocked, id=1432, stack(0x00000056a6500000,0x00000056a6600000)]
  0x0000024abbc36000 JavaThread "Client" daemon [_thread_in_Java, id=16004, stack(0x00000056a6c00000,0x00000056a6d00000)]
  0x0000024abbc38000 JavaThread "Thread-3" daemon [_thread_in_native, id=15632, stack(0x00000056a6d00000,0x00000056a6e00000)]
  0x0000024abbc37800 JavaThread "Thread-4" daemon [_thread_in_native, id=15304, stack(0x00000056a6f00000,0x00000056a7000000)]
  0x0000024abbc32800 JavaThread "Thread-5" daemon [_thread_blocked, id=5096, stack(0x00000056a7000000,0x00000056a7100000)]
  0x0000024abbc36800 JavaThread "cache io" daemon [_thread_blocked, id=5852, stack(0x00000056a7100000,0x00000056a7200000)]
  0x0000024abbc34000 JavaThread "Java Sound Event Dispatcher" daemon [_thread_blocked, id=15040, stack(0x00000056a7400000,0x00000056a7500000)]
  0x0000024ab6327800 JavaThread "Sound Engine" [_thread_blocked, id=8996, stack(0x00000056a7800000,0x00000056a7900000)]
  0x0000024ab632d000 JavaThread "OkHttp repo.runelite.net Writer" [_thread_blocked, id=5280, stack(0x00000056a7900000,0x00000056a7a00000)]
  0x0000024ab632a000 JavaThread "OkHttp repo.runelite.net" [_thread_in_native, id=13704, stack(0x00000056a7a00000,0x00000056a7b00000)]
  0x0000024ab632e000 JavaThread "OkHttp Http2Connection" daemon [_thread_blocked, id=4192, stack(0x00000056a6800000,0x00000056a6900000)]
  0x0000024ab6329000 JavaThread "Thread-8" daemon [_thread_blocked, id=4124, stack(0x00000056a7f00000,0x00000056a8000000)]
  0x0000024ab632f000 JavaThread "pool-5-thread-1" [_thread_in_native, id=15252, stack(0x00000056a8200000,0x00000056a8300000)]
  0x0000024ab6330800 JavaThread "DestroyJavaVM" [_thread_blocked, id=9484, stack(0x00000056a3f00000,0x00000056a4000000)]
  0x0000024ab632b000 JavaThread "Thread-10" daemon [_thread_in_native, id=1580, stack(0x00000056a6700000,0x00000056a6800000)]
  0x0000024ab6331800 JavaThread "Thread-11" daemon [_thread_blocked, id=6852, stack(0x00000056a7d00000,0x00000056a7e00000)]
  0x0000024ab941a000 JavaThread "C2 CompilerThread1" daemon [_thread_in_native, id=6196, stack(0x00000056a7e00000,0x00000056a7f00000)]
  0x0000024abba22800 JavaThread "C2 CompilerThread2" daemon [_thread_in_native, id=5864, stack(0x00000056a8100000,0x00000056a8200000)]
  0x0000024ab632b800 JavaThread "crmsession-rest-request-1" daemon [_thread_in_native, id=9952, stack(0x00000056a8400000,0x00000056a8500000)]

Other Threads:
  0x0000024ab2d1e000 VMThread "VM Thread" [stack: 0x00000056a4500000,0x00000056a4600000] [id=16368]
  0x0000024ab3fb2800 WatcherThread [stack: 0x00000056a5400000,0x00000056a5500000] [id=16252]
  0x0000024a8d281000 GCTaskThread "GC Thread#0" [stack: 0x00000056a4000000,0x00000056a4100000] [id=10056]
  0x0000024ab40ff800 GCTaskThread "GC Thread#1" [stack: 0x00000056a5600000,0x00000056a5700000] [id=4500]
  0x0000024ab45a0000 GCTaskThread "GC Thread#2" [stack: 0x00000056a5700000,0x00000056a5800000] [id=14468]
  0x0000024ab45a0800 GCTaskThread "GC Thread#3" [stack: 0x00000056a5800000,0x00000056a5900000] [id=13632]
  0x0000024ab48b5000 GCTaskThread "GC Thread#4" [stack: 0x00000056a5900000,0x00000056a5a00000] [id=13788]
  0x0000024ab48b5800 GCTaskThread "GC Thread#5" [stack: 0x00000056a5a00000,0x00000056a5b00000] [id=14440]
  0x0000024ab590a000 GCTaskThread "GC Thread#6" [stack: 0x00000056a6900000,0x00000056a6a00000] [id=1884]
  0x0000024ab61ca800 GCTaskThread "GC Thread#7" [stack: 0x00000056a6a00000,0x00000056a6b00000] [id=1436]
  0x0000024a8d2db800 ConcurrentGCThread "G1 Main Marker" [stack: 0x00000056a4100000,0x00000056a4200000] [id=11208]
  0x0000024a8d2dd000 ConcurrentGCThread "G1 Conc#0" [stack: 0x00000056a4200000,0x00000056a4300000] [id=15808]
  0x0000024ab581d800 ConcurrentGCThread "G1 Conc#1" [stack: 0x00000056a6100000,0x00000056a6200000] [id=15996]
  0x0000024ab2c01800 ConcurrentGCThread "G1 Refine#0" [stack: 0x00000056a4300000,0x00000056a4400000] [id=12852]
  0x0000024ab3cd5000 ConcurrentGCThread "G1 Refine#1" [stack: 0x00000056a5b00000,0x00000056a5c00000] [id=6372]
  0x0000024ab3fc2800 ConcurrentGCThread "G1 Refine#2" [stack: 0x00000056a5c00000,0x00000056a5d00000] [id=4972]
  0x0000024ab2c02800 ConcurrentGCThread "G1 Young RemSet Sampling" [stack: 0x00000056a4400000,0x00000056a4500000] [id=7896]

Threads with active compile tasks:
C2 CompilerThread0    21347 10595 %     4       km::cj @ 437 (2177 bytes)
C1 CompilerThread0    21347 10672 %     3       org.bouncycastle.math.raw.Nat256::mul @ 292 (637 bytes)
C2 CompilerThread1    21347 10410   !   4       kt::ad (1687 bytes)
C2 CompilerThread2    21347 10387   !   4       qs::mq (371 bytes)

VM state:not at safepoint (normal execution)

VM Mutex/Monitor currently owned by a thread: None

Heap address: 0x0000000704800000, size: 4024 MB, Compressed Oops mode: Zero based, Oop shift amount: 3
Narrow klass base: 0x0000000800000000, Narrow klass shift: 0
Compressed class space size: 1073741824 Address: 0x0000000800000000

Heap:
 garbage-first heap   total 310272K, used 177485K [0x0000000704800000, 0x0000000800000000)
  region size 1024K, 9 young (9216K), 7 survivors (7168K)
 Metaspace       used 88214K, capacity 91193K, committed 91228K, reserved 1130496K
  class space    used 9218K, capacity 10482K, committed 10496K, reserved 1048576K
Heap Regions: E=young(eden), S=young(survivor), O=old, HS=humongous(starts), HC=humongous(continues), CS=collection set, F=free, A=archive, TAMS=top-at-mark-start (previous, next)
|   0|0x0000000704800000, 0x0000000704900000, 0x0000000704900000|100%| O|  |TAMS 0x0000000704900000, 0x0000000704800000| Untracked 
|   1|0x0000000704900000, 0x0000000704a00000, 0x0000000704a00000|100%| O|  |TAMS 0x0000000704a00000, 0x0000000704900000| Complete 
|   2|0x0000000704a00000, 0x0000000704b00000, 0x0000000704b00000|100%| O|  |TAMS 0x0000000704b00000, 0x0000000704a00000| Untracked 
|   3|0x0000000704b00000, 0x0000000704c00000, 0x0000000704c00000|100%| O|  |TAMS 0x0000000704c00000, 0x0000000704b00000| Untracked 
|   4|0x0000000704c00000, 0x0000000704d00000, 0x0000000704d00000|100%| O|  |TAMS 0x0000000704d00000, 0x0000000704c00000| Untracked 
|   5|0x0000000704d00000, 0x0000000704e00000, 0x0000000704e00000|100%| O|  |TAMS 0x0000000704e00000, 0x0000000704d00000| Complete 
|   6|0x0000000704e00000, 0x0000000704f00000, 0x0000000704f00000|100%| O|  |TAMS 0x0000000704f00000, 0x0000000704e00000| Untracked 
|   7|0x0000000704f00000, 0x0000000705000000, 0x0000000705000000|100%| O|  |TAMS 0x0000000705000000, 0x0000000704f00000| Untracked 
|   8|0x0000000705000000, 0x0000000705100000, 0x0000000705100000|100%| O|  |TAMS 0x0000000705100000, 0x0000000705000000| Untracked 
|   9|0x0000000705100000, 0x0000000705200000, 0x0000000705200000|100%| O|  |TAMS 0x0000000705200000, 0x0000000705100000| Untracked 
|  10|0x0000000705200000, 0x0000000705300000, 0x0000000705300000|100%| O|  |TAMS 0x0000000705300000, 0x0000000705200000| Untracked 
|  11|0x0000000705300000, 0x0000000705400000, 0x0000000705400000|100%|HS|  |TAMS 0x0000000705400000, 0x0000000705300000| Complete 
|  12|0x0000000705400000, 0x0000000705500000, 0x0000000705500000|100%|HC|  |TAMS 0x0000000705500000, 0x0000000705400000| Complete 
|  13|0x0000000705500000, 0x0000000705600000, 0x0000000705600000|100%|HC|  |TAMS 0x0000000705600000, 0x0000000705500000| Complete 
|  14|0x0000000705600000, 0x0000000705700000, 0x0000000705700000|100%| O|  |TAMS 0x0000000705700000, 0x0000000705600000| Untracked 
|  15|0x0000000705700000, 0x0000000705800000, 0x0000000705800000|100%| O|  |TAMS 0x0000000705800000, 0x0000000705700000| Untracked 
|  16|0x0000000705800000, 0x0000000705900000, 0x0000000705900000|100%| O|  |TAMS 0x0000000705900000, 0x0000000705800000| Untracked 
|  17|0x0000000705900000, 0x0000000705a00000, 0x0000000705a00000|100%| O|  |TAMS 0x0000000705a00000, 0x0000000705900000| Untracked 
|  18|0x0000000705a00000, 0x0000000705b00000, 0x0000000705b00000|100%| O|  |TAMS 0x0000000705b00000, 0x0000000705a00000| Untracked 
|  19|0x0000000705b00000, 0x0000000705c00000, 0x0000000705c00000|100%| O|  |TAMS 0x0000000705c00000, 0x0000000705b00000| Untracked 
|  20|0x0000000705c00000, 0x0000000705d00000, 0x0000000705d00000|100%| O|  |TAMS 0x0000000705d00000, 0x0000000705c00000| Untracked 
|  21|0x0000000705d00000, 0x0000000705e00000, 0x0000000705e00000|100%| O|  |TAMS 0x0000000705e00000, 0x0000000705d00000| Untracked 
|  22|0x0000000705e00000, 0x0000000705f00000, 0x0000000705f00000|100%| O|  |TAMS 0x0000000705f00000, 0x0000000705e00000| Untracked 
|  23|0x0000000705f00000, 0x0000000706000000, 0x0000000706000000|100%| O|  |TAMS 0x0000000706000000, 0x0000000705f00000| Untracked 
|  24|0x0000000706000000, 0x0000000706100000, 0x0000000706100000|100%| O|  |TAMS 0x0000000706100000, 0x0000000706000000| Untracked 
|  25|0x0000000706100000, 0x0000000706200000, 0x0000000706200000|100%| O|  |TAMS 0x0000000706200000, 0x0000000706100000| Untracked 
|  26|0x0000000706200000, 0x0000000706300000, 0x0000000706300000|100%| O|  |TAMS 0x0000000706300000, 0x0000000706200000| Untracked 
|  27|0x0000000706300000, 0x0000000706400000, 0x0000000706400000|100%| O|  |TAMS 0x0000000706400000, 0x0000000706300000| Untracked 
|  28|0x0000000706400000, 0x0000000706500000, 0x0000000706500000|100%| O|  |TAMS 0x0000000706500000, 0x0000000706400000| Untracked 
|  29|0x0000000706500000, 0x0000000706600000, 0x0000000706600000|100%| O|  |TAMS 0x0000000706600000, 0x0000000706500000| Complete 
|  30|0x0000000706600000, 0x0000000706700000, 0x0000000706700000|100%| O|  |TAMS 0x0000000706693c00, 0x0000000706600000| Untracked 
|  31|0x0000000706700000, 0x0000000706700000, 0x0000000706800000|  0%| F|  |TAMS 0x0000000706700000, 0x0000000706700000| Untracked 
|  32|0x0000000706800000, 0x0000000706900000, 0x0000000706900000|100%|HS|  |TAMS 0x0000000706800000, 0x0000000706800000| Complete 
|  33|0x0000000706900000, 0x0000000706a00000, 0x0000000706a00000|100%|HS|  |TAMS 0x0000000706900000, 0x0000000706900000| Complete 
|  34|0x0000000706a00000, 0x0000000706b00000, 0x0000000706b00000|100%| O|  |TAMS 0x0000000706a00000, 0x0000000706a00000| Untracked 
|  35|0x0000000706b00000, 0x0000000706c00000, 0x0000000706c00000|100%| O|  |TAMS 0x0000000706b00000, 0x0000000706b00000| Untracked 
|  36|0x0000000706c00000, 0x0000000706d00000, 0x0000000706d00000|100%| O|  |TAMS 0x0000000706c00000, 0x0000000706c00000| Untracked 
|  37|0x0000000706d00000, 0x0000000706d53400, 0x0000000706e00000| 32%| O|  |TAMS 0x0000000706d00000, 0x0000000706d00000| Untracked 
|  38|0x0000000706e00000, 0x0000000706f00000, 0x0000000706f00000|100%|HS|  |TAMS 0x0000000706f00000, 0x0000000706e00000| Complete 
|  39|0x0000000706f00000, 0x0000000707000000, 0x0000000707000000|100%|HC|  |TAMS 0x0000000707000000, 0x0000000706f00000| Complete 
|  40|0x0000000707000000, 0x0000000707000000, 0x0000000707100000|  0%| F|  |TAMS 0x0000000707000000, 0x0000000707000000| Untracked 
|  41|0x0000000707100000, 0x0000000707100000, 0x0000000707200000|  0%| F|  |TAMS 0x0000000707100000, 0x0000000707100000| Untracked 
|  42|0x0000000707200000, 0x0000000707300000, 0x0000000707300000|100%| O|  |TAMS 0x0000000707300000, 0x0000000707200000| Untracked 
|  43|0x0000000707300000, 0x0000000707400000, 0x0000000707400000|100%| O|  |TAMS 0x0000000707400000, 0x0000000707300000| Untracked 
|  44|0x0000000707400000, 0x0000000707500000, 0x0000000707500000|100%| O|  |TAMS 0x0000000707500000, 0x0000000707400000| Untracked 
|  45|0x0000000707500000, 0x0000000707600000, 0x0000000707600000|100%| O|  |TAMS 0x0000000707600000, 0x0000000707500000| Complete 
|  46|0x0000000707600000, 0x0000000707700000, 0x0000000707700000|100%| O|  |TAMS 0x0000000707700000, 0x0000000707600000| Complete 
|  47|0x0000000707700000, 0x0000000707800000, 0x0000000707800000|100%| O|  |TAMS 0x0000000707800000, 0x0000000707700000| Untracked 
|  48|0x0000000707800000, 0x0000000707900000, 0x0000000707900000|100%| O|  |TAMS 0x0000000707900000, 0x0000000707800000| Complete 
|  49|0x0000000707900000, 0x0000000707a00000, 0x0000000707a00000|100%| O|  |TAMS 0x0000000707a00000, 0x0000000707900000| Complete 
|  50|0x0000000707a00000, 0x0000000707b00000, 0x0000000707b00000|100%| O|  |TAMS 0x0000000707b00000, 0x0000000707a00000| Complete 
|  51|0x0000000707b00000, 0x0000000707c00000, 0x0000000707c00000|100%| O|  |TAMS 0x0000000707c00000, 0x0000000707b00000| Complete 
|  52|0x0000000707c00000, 0x0000000707d00000, 0x0000000707d00000|100%| O|  |TAMS 0x0000000707d00000, 0x0000000707c00000| Untracked 
|  53|0x0000000707d00000, 0x0000000707e00000, 0x0000000707e00000|100%| O|  |TAMS 0x0000000707e00000, 0x0000000707d00000| Untracked 
|  54|0x0000000707e00000, 0x0000000707f00000, 0x0000000707f00000|100%| O|  |TAMS 0x0000000707f00000, 0x0000000707e00000| Untracked 
|  55|0x0000000707f00000, 0x0000000708000000, 0x0000000708000000|100%| O|  |TAMS 0x0000000708000000, 0x0000000707f00000| Untracked 
|  56|0x0000000708000000, 0x0000000708100000, 0x0000000708100000|100%| O|  |TAMS 0x0000000708100000, 0x0000000708000000| Untracked 
|  57|0x0000000708100000, 0x0000000708200000, 0x0000000708200000|100%| O|  |TAMS 0x0000000708200000, 0x0000000708100000| Untracked 
|  58|0x0000000708200000, 0x0000000708300000, 0x0000000708300000|100%| O|  |TAMS 0x0000000708300000, 0x0000000708200000| Untracked 
|  59|0x0000000708300000, 0x0000000708400000, 0x0000000708400000|100%| O|  |TAMS 0x0000000708400000, 0x0000000708300000| Complete 
|  60|0x0000000708400000, 0x0000000708500000, 0x0000000708500000|100%| O|  |TAMS 0x0000000708500000, 0x0000000708400000| Complete 
|  61|0x0000000708500000, 0x0000000708600000, 0x0000000708600000|100%| O|  |TAMS 0x0000000708600000, 0x0000000708500000| Complete 
|  62|0x0000000708600000, 0x0000000708700000, 0x0000000708700000|100%| O|  |TAMS 0x0000000708700000, 0x0000000708600000| Untracked 
|  63|0x0000000708700000, 0x0000000708800000, 0x0000000708800000|100%| O|  |TAMS 0x0000000708800000, 0x0000000708700000| Untracked 
|  64|0x0000000708800000, 0x0000000708900000, 0x0000000708900000|100%| O|  |TAMS 0x0000000708900000, 0x0000000708800000| Untracked 
|  65|0x0000000708900000, 0x0000000708a00000, 0x0000000708a00000|100%| O|  |TAMS 0x0000000708a00000, 0x0000000708900000| Complete 
|  66|0x0000000708a00000, 0x0000000708b00000, 0x0000000708b00000|100%| O|  |TAMS 0x0000000708b00000, 0x0000000708a00000| Untracked 
|  67|0x0000000708b00000, 0x0000000708c00000, 0x0000000708c00000|100%| O|  |TAMS 0x0000000708c00000, 0x0000000708b00000| Untracked 
|  68|0x0000000708c00000, 0x0000000708d00000, 0x0000000708d00000|100%| O|  |TAMS 0x0000000708d00000, 0x0000000708c00000| Untracked 
|  69|0x0000000708d00000, 0x0000000708e00000, 0x0000000708e00000|100%| O|  |TAMS 0x0000000708e00000, 0x0000000708d00000| Untracked 
|  70|0x0000000708e00000, 0x0000000708f00000, 0x0000000708f00000|100%| O|  |TAMS 0x0000000708f00000, 0x0000000708e00000| Untracked 
|  71|0x0000000708f00000, 0x0000000709000000, 0x0000000709000000|100%| O|  |TAMS 0x0000000709000000, 0x0000000708f00000| Untracked 
|  72|0x0000000709000000, 0x0000000709100000, 0x0000000709100000|100%| O|  |TAMS 0x0000000709100000, 0x0000000709000000| Untracked 
|  73|0x0000000709100000, 0x0000000709200000, 0x0000000709200000|100%| O|  |TAMS 0x0000000709200000, 0x0000000709100000| Untracked 
|  74|0x0000000709200000, 0x0000000709300000, 0x0000000709300000|100%| O|  |TAMS 0x0000000709300000, 0x0000000709200000| Untracked 
|  75|0x0000000709300000, 0x0000000709400000, 0x0000000709400000|100%| O|  |TAMS 0x0000000709400000, 0x0000000709300000| Untracked 
|  76|0x0000000709400000, 0x0000000709500000, 0x0000000709500000|100%| O|  |TAMS 0x0000000709500000, 0x0000000709400000| Untracked 
|  77|0x0000000709500000, 0x0000000709600000, 0x0000000709600000|100%| O|  |TAMS 0x0000000709600000, 0x0000000709500000| Untracked 
|  78|0x0000000709600000, 0x0000000709700000, 0x0000000709700000|100%| O|  |TAMS 0x0000000709700000, 0x0000000709600000| Untracked 
|  79|0x0000000709700000, 0x0000000709800000, 0x0000000709800000|100%| O|  |TAMS 0x0000000709800000, 0x0000000709700000| Untracked 
|  80|0x0000000709800000, 0x0000000709900000, 0x0000000709900000|100%| O|  |TAMS 0x0000000709900000, 0x0000000709800000| Complete 
|  81|0x0000000709900000, 0x0000000709a00000, 0x0000000709a00000|100%| O|  |TAMS 0x0000000709a00000, 0x0000000709900000| Complete 
|  82|0x0000000709a00000, 0x0000000709b00000, 0x0000000709b00000|100%| O|  |TAMS 0x0000000709b00000, 0x0000000709a00000| Complete 
|  83|0x0000000709b00000, 0x0000000709c00000, 0x0000000709c00000|100%| O|  |TAMS 0x0000000709c00000, 0x0000000709b00000| Complete 
|  84|0x0000000709c00000, 0x0000000709d00000, 0x0000000709d00000|100%| O|  |TAMS 0x0000000709d00000, 0x0000000709c00000| Complete 
|  85|0x0000000709d00000, 0x0000000709e00000, 0x0000000709e00000|100%| O|  |TAMS 0x0000000709e00000, 0x0000000709d00000| Complete 
|  86|0x0000000709e00000, 0x0000000709f00000, 0x0000000709f00000|100%| O|  |TAMS 0x0000000709f00000, 0x0000000709e00000| Untracked 
|  87|0x0000000709f00000, 0x000000070a000000, 0x000000070a000000|100%| O|  |TAMS 0x000000070a000000, 0x0000000709f00000| Untracked 
|  88|0x000000070a000000, 0x000000070a100000, 0x000000070a100000|100%| O|  |TAMS 0x000000070a100000, 0x000000070a000000| Complete 
|  89|0x000000070a100000, 0x000000070a200000, 0x000000070a200000|100%| O|  |TAMS 0x000000070a200000, 0x000000070a100000| Untracked 
|  90|0x000000070a200000, 0x000000070a300000, 0x000000070a300000|100%| O|  |TAMS 0x000000070a300000, 0x000000070a200000| Untracked 
|  91|0x000000070a300000, 0x000000070a400000, 0x000000070a400000|100%| O|  |TAMS 0x000000070a400000, 0x000000070a300000| Untracked 
|  92|0x000000070a400000, 0x000000070a500000, 0x000000070a500000|100%| O|  |TAMS 0x000000070a500000, 0x000000070a400000| Untracked 
|  93|0x000000070a500000, 0x000000070a600000, 0x000000070a600000|100%| O|  |TAMS 0x000000070a600000, 0x000000070a500000| Complete 
|  94|0x000000070a600000, 0x000000070a700000, 0x000000070a700000|100%| O|  |TAMS 0x000000070a700000, 0x000000070a600000| Complete 
|  95|0x000000070a700000, 0x000000070a800000, 0x000000070a800000|100%| O|  |TAMS 0x000000070a800000, 0x000000070a700000| Untracked 
|  96|0x000000070a800000, 0x000000070a900000, 0x000000070a900000|100%| O|  |TAMS 0x000000070a900000, 0x000000070a800000| Untracked 
|  97|0x000000070a900000, 0x000000070aa00000, 0x000000070aa00000|100%| O|  |TAMS 0x000000070aa00000, 0x000000070a900000| Untracked 
|  98|0x000000070aa00000, 0x000000070ab00000, 0x000000070ab00000|100%| O|  |TAMS 0x000000070ab00000, 0x000000070aa00000| Complete 
|  99|0x000000070ab00000, 0x000000070ac00000, 0x000000070ac00000|100%| O|  |TAMS 0x000000070ac00000, 0x000000070ab00000| Untracked 
| 100|0x000000070ac00000, 0x000000070ad00000, 0x000000070ad00000|100%| O|  |TAMS 0x000000070ad00000, 0x000000070ac00000| Complete 
| 101|0x000000070ad00000, 0x000000070ae00000, 0x000000070ae00000|100%| O|  |TAMS 0x000000070ae00000, 0x000000070ad00000| Complete 
| 102|0x000000070ae00000, 0x000000070af00000, 0x000000070af00000|100%| O|  |TAMS 0x000000070af00000, 0x000000070ae00000| Complete 
| 103|0x000000070af00000, 0x000000070b000000, 0x000000070b000000|100%| O|  |TAMS 0x000000070b000000, 0x000000070af00000| Untracked 
| 104|0x000000070b000000, 0x000000070b100000, 0x000000070b100000|100%| O|  |TAMS 0x000000070b100000, 0x000000070b000000| Complete 
| 105|0x000000070b100000, 0x000000070b200000, 0x000000070b200000|100%| O|  |TAMS 0x000000070b200000, 0x000000070b100000| Complete 
| 106|0x000000070b200000, 0x000000070b300000, 0x000000070b300000|100%| O|  |TAMS 0x000000070b300000, 0x000000070b200000| Untracked 
| 107|0x000000070b300000, 0x000000070b400000, 0x000000070b400000|100%| O|  |TAMS 0x000000070b400000, 0x000000070b300000| Untracked 
| 108|0x000000070b400000, 0x000000070b500000, 0x000000070b500000|100%| O|  |TAMS 0x000000070b500000, 0x000000070b400000| Untracked 
| 109|0x000000070b500000, 0x000000070b600000, 0x000000070b600000|100%|HS|  |TAMS 0x000000070b600000, 0x000000070b500000| Complete 
| 110|0x000000070b600000, 0x000000070b700000, 0x000000070b700000|100%|HC|  |TAMS 0x000000070b700000, 0x000000070b600000| Complete 
| 111|0x000000070b700000, 0x000000070b800000, 0x000000070b800000|100%|HS|  |TAMS 0x000000070b800000, 0x000000070b700000| Complete 
| 112|0x000000070b800000, 0x000000070b900000, 0x000000070b900000|100%|HC|  |TAMS 0x000000070b900000, 0x000000070b800000| Complete 
| 113|0x000000070b900000, 0x000000070ba00000, 0x000000070ba00000|100%|HC|  |TAMS 0x000000070ba00000, 0x000000070b900000| Complete 
| 114|0x000000070ba00000, 0x000000070bb00000, 0x000000070bb00000|100%|HC|  |TAMS 0x000000070bb00000, 0x000000070ba00000| Complete 
| 115|0x000000070bb00000, 0x000000070bc00000, 0x000000070bc00000|100%| O|  |TAMS 0x000000070bc00000, 0x000000070bb00000| Complete 
| 116|0x000000070bc00000, 0x000000070bd00000, 0x000000070bd00000|100%| O|  |TAMS 0x000000070bd00000, 0x000000070bc00000| Complete 
| 117|0x000000070bd00000, 0x000000070be00000, 0x000000070be00000|100%| O|  |TAMS 0x000000070be00000, 0x000000070bd00000| Untracked 
| 118|0x000000070be00000, 0x000000070bf00000, 0x000000070bf00000|100%| O|  |TAMS 0x000000070bf00000, 0x000000070be00000| Complete 
| 119|0x000000070bf00000, 0x000000070c000000, 0x000000070c000000|100%| O|  |TAMS 0x000000070c000000, 0x000000070bf00000| Complete 
| 120|0x000000070c000000, 0x000000070c100000, 0x000000070c100000|100%| O|  |TAMS 0x000000070c100000, 0x000000070c000000| Untracked 
| 121|0x000000070c100000, 0x000000070c200000, 0x000000070c200000|100%| O|  |TAMS 0x000000070c200000, 0x000000070c100000| Untracked 
| 122|0x000000070c200000, 0x000000070c300000, 0x000000070c300000|100%| O|  |TAMS 0x000000070c300000, 0x000000070c200000| Untracked 
| 123|0x000000070c300000, 0x000000070c400000, 0x000000070c400000|100%| O|  |TAMS 0x000000070c400000, 0x000000070c300000| Untracked 
| 124|0x000000070c400000, 0x000000070c500000, 0x000000070c500000|100%| O|  |TAMS 0x000000070c500000, 0x000000070c400000| Untracked 
| 125|0x000000070c500000, 0x000000070c600000, 0x000000070c600000|100%| O|  |TAMS 0x000000070c600000, 0x000000070c500000| Untracked 
| 126|0x000000070c600000, 0x000000070c700000, 0x000000070c700000|100%| O|  |TAMS 0x000000070c700000, 0x000000070c600000| Untracked 
| 127|0x000000070c700000, 0x000000070c800000, 0x000000070c800000|100%| O|  |TAMS 0x000000070c800000, 0x000000070c700000| Untracked 
| 128|0x000000070c800000, 0x000000070c900000, 0x000000070c900000|100%| O|  |TAMS 0x000000070c900000, 0x000000070c800000| Complete 
| 129|0x000000070c900000, 0x000000070ca00000, 0x000000070ca00000|100%|HS|  |TAMS 0x000000070ca00000, 0x000000070c900000| Complete 
| 130|0x000000070ca00000, 0x000000070cb00000, 0x000000070cb00000|100%|HC|  |TAMS 0x000000070cb00000, 0x000000070ca00000| Complete 
| 131|0x000000070cb00000, 0x000000070cc00000, 0x000000070cc00000|100%|HS|  |TAMS 0x000000070cc00000, 0x000000070cb00000| Complete 
| 132|0x000000070cc00000, 0x000000070cd00000, 0x000000070cd00000|100%|HC|  |TAMS 0x000000070cd00000, 0x000000070cc00000| Complete 
| 133|0x000000070cd00000, 0x000000070ce00000, 0x000000070ce00000|100%|HS|  |TAMS 0x000000070ce00000, 0x000000070cd00000| Complete 
| 134|0x000000070ce00000, 0x000000070cf00000, 0x000000070cf00000|100%|HC|  |TAMS 0x000000070cf00000, 0x000000070ce00000| Complete 
| 135|0x000000070cf00000, 0x000000070d000000, 0x000000070d000000|100%|HS|  |TAMS 0x000000070d000000, 0x000000070cf00000| Complete 
| 136|0x000000070d000000, 0x000000070d100000, 0x000000070d100000|100%|HC|  |TAMS 0x000000070d100000, 0x000000070d000000| Complete 
| 137|0x000000070d100000, 0x000000070d200000, 0x000000070d200000|100%|HS|  |TAMS 0x000000070d200000, 0x000000070d100000| Complete 
| 138|0x000000070d200000, 0x000000070d300000, 0x000000070d300000|100%|HC|  |TAMS 0x000000070d300000, 0x000000070d200000| Complete 
| 139|0x000000070d300000, 0x000000070d400000, 0x000000070d400000|100%|HS|  |TAMS 0x000000070d400000, 0x000000070d300000| Complete 
| 140|0x000000070d400000, 0x000000070d500000, 0x000000070d500000|100%|HC|  |TAMS 0x000000070d500000, 0x000000070d400000| Complete 
| 141|0x000000070d500000, 0x000000070d600000, 0x000000070d600000|100%|HS|  |TAMS 0x000000070d600000, 0x000000070d500000| Complete 
| 142|0x000000070d600000, 0x000000070d700000, 0x000000070d700000|100%|HC|  |TAMS 0x000000070d700000, 0x000000070d600000| Complete 
| 143|0x000000070d700000, 0x000000070d800000, 0x000000070d800000|100%|HS|  |TAMS 0x000000070d800000, 0x000000070d700000| Complete 
| 144|0x000000070d800000, 0x000000070d900000, 0x000000070d900000|100%|HC|  |TAMS 0x000000070d900000, 0x000000070d800000| Complete 
| 145|0x000000070d900000, 0x000000070da00000, 0x000000070da00000|100%|HC|  |TAMS 0x000000070da00000, 0x000000070d900000| Complete 
| 146|0x000000070da00000, 0x000000070db00000, 0x000000070db00000|100%|HC|  |TAMS 0x000000070db00000, 0x000000070da00000| Complete 
| 147|0x000000070db00000, 0x000000070dc00000, 0x000000070dc00000|100%|HC|  |TAMS 0x000000070dc00000, 0x000000070db00000| Complete 
| 148|0x000000070dc00000, 0x000000070dd00000, 0x000000070dd00000|100%|HC|  |TAMS 0x000000070dd00000, 0x000000070dc00000| Complete 
| 149|0x000000070dd00000, 0x000000070de00000, 0x000000070de00000|100%|HS|  |TAMS 0x000000070de00000, 0x000000070dd00000| Complete 
| 150|0x000000070de00000, 0x000000070df00000, 0x000000070df00000|100%|HC|  |TAMS 0x000000070df00000, 0x000000070de00000| Complete 
| 151|0x000000070df00000, 0x000000070e000000, 0x000000070e000000|100%| O|  |TAMS 0x000000070e000000, 0x000000070df00000| Untracked 
| 152|0x000000070e000000, 0x000000070e100000, 0x000000070e100000|100%| O|  |TAMS 0x000000070e100000, 0x000000070e000000| Untracked 
| 153|0x000000070e100000, 0x000000070e200000, 0x000000070e200000|100%| O|  |TAMS 0x000000070e200000, 0x000000070e100000| Untracked 
| 154|0x000000070e200000, 0x000000070e300000, 0x000000070e300000|100%| O|  |TAMS 0x000000070e300000, 0x000000070e200000| Untracked 
| 155|0x000000070e300000, 0x000000070e400000, 0x000000070e400000|100%| O|  |TAMS 0x000000070e400000, 0x000000070e300000| Untracked 
| 156|0x000000070e400000, 0x000000070e500000, 0x000000070e500000|100%| O|  |TAMS 0x000000070e500000, 0x000000070e400000| Untracked 
| 157|0x000000070e500000, 0x000000070e600000, 0x000000070e600000|100%| O|  |TAMS 0x000000070e600000, 0x000000070e500000| Untracked 
| 158|0x000000070e600000, 0x000000070e700000, 0x000000070e700000|100%| O|  |TAMS 0x000000070e700000, 0x000000070e600000| Untracked 
| 159|0x000000070e700000, 0x000000070e800000, 0x000000070e800000|100%| O|  |TAMS 0x000000070e800000, 0x000000070e700000| Complete 
| 160|0x000000070e800000, 0x000000070e900000, 0x000000070e900000|100%| O|  |TAMS 0x000000070e900000, 0x000000070e800000| Untracked 
| 161|0x000000070e900000, 0x000000070ea00000, 0x000000070ea00000|100%| O|  |TAMS 0x000000070ea00000, 0x000000070e900000| Complete 
| 162|0x000000070ea00000, 0x000000070eb00000, 0x000000070eb00000|100%| O|  |TAMS 0x000000070eb00000, 0x000000070ea00000| Complete 
| 163|0x000000070eb00000, 0x000000070ec00000, 0x000000070ec00000|100%| O|  |TAMS 0x000000070ec00000, 0x000000070eb00000| Complete 
| 164|0x000000070ec00000, 0x000000070ed00000, 0x000000070ed00000|100%| O|  |TAMS 0x000000070ed00000, 0x000000070ec00000| Untracked 
| 165|0x000000070ed00000, 0x000000070ee00000, 0x000000070ee00000|100%| O|  |TAMS 0x000000070ee00000, 0x000000070ed00000| Untracked 
| 166|0x000000070ee00000, 0x000000070ef00000, 0x000000070ef00000|100%| O|  |TAMS 0x000000070ef00000, 0x000000070ee00000| Untracked 
| 167|0x000000070ef00000, 0x000000070f000000, 0x000000070f000000|100%| O|  |TAMS 0x000000070f000000, 0x000000070ef00000| Untracked 
| 168|0x000000070f000000, 0x000000070f100000, 0x000000070f100000|100%| O|  |TAMS 0x000000070f100000, 0x000000070f000000| Untracked 
| 169|0x000000070f100000, 0x000000070f100000, 0x000000070f200000|  0%| F|  |TAMS 0x000000070f100000, 0x000000070f100000| Untracked 
| 170|0x000000070f200000, 0x000000070f200000, 0x000000070f300000|  0%| F|  |TAMS 0x000000070f200000, 0x000000070f200000| Untracked 
| 171|0x000000070f300000, 0x000000070f300000, 0x000000070f400000|  0%| F|  |TAMS 0x000000070f300000, 0x000000070f300000| Untracked 
| 172|0x000000070f400000, 0x000000070f400000, 0x000000070f500000|  0%| F|  |TAMS 0x000000070f400000, 0x000000070f400000| Untracked 
| 173|0x000000070f500000, 0x000000070f500000, 0x000000070f600000|  0%| F|  |TAMS 0x000000070f500000, 0x000000070f500000| Untracked 
| 174|0x000000070f600000, 0x000000070f600000, 0x000000070f700000|  0%| F|  |TAMS 0x000000070f600000, 0x000000070f600000| Untracked 
| 175|0x000000070f700000, 0x000000070f700000, 0x000000070f800000|  0%| F|  |TAMS 0x000000070f700000, 0x000000070f700000| Untracked 
| 176|0x000000070f800000, 0x000000070f800000, 0x000000070f900000|  0%| F|  |TAMS 0x000000070f800000, 0x000000070f800000| Untracked 
| 177|0x000000070f900000, 0x000000070f900000, 0x000000070fa00000|  0%| F|  |TAMS 0x000000070f900000, 0x000000070f900000| Untracked 
| 178|0x000000070fa00000, 0x000000070fa00000, 0x000000070fb00000|  0%| F|  |TAMS 0x000000070fa00000, 0x000000070fa00000| Untracked 
| 179|0x000000070fb00000, 0x000000070fb00000, 0x000000070fc00000|  0%| F|  |TAMS 0x000000070fb00000, 0x000000070fb00000| Untracked 
| 180|0x000000070fc00000, 0x000000070fc00000, 0x000000070fd00000|  0%| F|  |TAMS 0x000000070fc00000, 0x000000070fc00000| Untracked 
| 181|0x000000070fd00000, 0x000000070fd00000, 0x000000070fe00000|  0%| F|  |TAMS 0x000000070fd00000, 0x000000070fd00000| Untracked 
| 182|0x000000070fe00000, 0x000000070fe00000, 0x000000070ff00000|  0%| F|  |TAMS 0x000000070fe00000, 0x000000070fe00000| Untracked 
| 183|0x000000070ff00000, 0x000000070ff00000, 0x0000000710000000|  0%| F|  |TAMS 0x000000070ff00000, 0x000000070ff00000| Untracked 
| 184|0x0000000710000000, 0x0000000710000000, 0x0000000710100000|  0%| F|  |TAMS 0x0000000710000000, 0x0000000710000000| Untracked 
| 185|0x0000000710100000, 0x0000000710100000, 0x0000000710200000|  0%| F|  |TAMS 0x0000000710100000, 0x0000000710100000| Untracked 
| 186|0x0000000710200000, 0x0000000710200000, 0x0000000710300000|  0%| F|  |TAMS 0x0000000710200000, 0x0000000710200000| Untracked 
| 187|0x0000000710300000, 0x0000000710300000, 0x0000000710400000|  0%| F|  |TAMS 0x0000000710300000, 0x0000000710300000| Untracked 
| 188|0x0000000710400000, 0x0000000710400000, 0x0000000710500000|  0%| F|  |TAMS 0x0000000710400000, 0x0000000710400000| Untracked 
| 189|0x0000000710500000, 0x0000000710500000, 0x0000000710600000|  0%| F|  |TAMS 0x0000000710500000, 0x0000000710500000| Untracked 
| 190|0x0000000710600000, 0x0000000710600000, 0x0000000710700000|  0%| F|  |TAMS 0x0000000710600000, 0x0000000710600000| Untracked 
| 191|0x0000000710700000, 0x0000000710700000, 0x0000000710800000|  0%| F|  |TAMS 0x0000000710700000, 0x0000000710700000| Untracked 
| 192|0x0000000710800000, 0x0000000710800000, 0x0000000710900000|  0%| F|  |TAMS 0x0000000710800000, 0x0000000710800000| Untracked 
| 193|0x0000000710900000, 0x0000000710900000, 0x0000000710a00000|  0%| F|  |TAMS 0x0000000710900000, 0x0000000710900000| Untracked 
| 194|0x0000000710a00000, 0x0000000710a00000, 0x0000000710b00000|  0%| F|  |TAMS 0x0000000710a00000, 0x0000000710a00000| Untracked 
| 195|0x0000000710b00000, 0x0000000710b00000, 0x0000000710c00000|  0%| F|  |TAMS 0x0000000710b00000, 0x0000000710b00000| Untracked 
| 196|0x0000000710c00000, 0x0000000710c00000, 0x0000000710d00000|  0%| F|  |TAMS 0x0000000710c00000, 0x0000000710c00000| Untracked 
| 197|0x0000000710d00000, 0x0000000710d00000, 0x0000000710e00000|  0%| F|  |TAMS 0x0000000710d00000, 0x0000000710d00000| Untracked 
| 198|0x0000000710e00000, 0x0000000710e00000, 0x0000000710f00000|  0%| F|  |TAMS 0x0000000710e00000, 0x0000000710e00000| Untracked 
| 199|0x0000000710f00000, 0x0000000710f00000, 0x0000000711000000|  0%| F|  |TAMS 0x0000000710f00000, 0x0000000710f00000| Untracked 
| 200|0x0000000711000000, 0x0000000711000000, 0x0000000711100000|  0%| F|  |TAMS 0x0000000711000000, 0x0000000711000000| Untracked 
| 201|0x0000000711100000, 0x0000000711100000, 0x0000000711200000|  0%| F|  |TAMS 0x0000000711100000, 0x0000000711100000| Untracked 
| 202|0x0000000711200000, 0x0000000711200000, 0x0000000711300000|  0%| F|  |TAMS 0x0000000711200000, 0x0000000711200000| Untracked 
| 203|0x0000000711300000, 0x0000000711300000, 0x0000000711400000|  0%| F|  |TAMS 0x0000000711300000, 0x0000000711300000| Untracked 
| 204|0x0000000711400000, 0x0000000711400000, 0x0000000711500000|  0%| F|  |TAMS 0x0000000711400000, 0x0000000711400000| Untracked 
| 205|0x0000000711500000, 0x0000000711500000, 0x0000000711600000|  0%| F|  |TAMS 0x0000000711500000, 0x0000000711500000| Untracked 
| 206|0x0000000711600000, 0x0000000711600000, 0x0000000711700000|  0%| F|  |TAMS 0x0000000711600000, 0x0000000711600000| Untracked 
| 207|0x0000000711700000, 0x0000000711700000, 0x0000000711800000|  0%| F|  |TAMS 0x0000000711700000, 0x0000000711700000| Untracked 
| 208|0x0000000711800000, 0x0000000711800000, 0x0000000711900000|  0%| F|  |TAMS 0x0000000711800000, 0x0000000711800000| Untracked 
| 209|0x0000000711900000, 0x0000000711900000, 0x0000000711a00000|  0%| F|  |TAMS 0x0000000711900000, 0x0000000711900000| Untracked 
| 210|0x0000000711a00000, 0x0000000711a00000, 0x0000000711b00000|  0%| F|  |TAMS 0x0000000711a00000, 0x0000000711a00000| Untracked 
| 211|0x0000000711b00000, 0x0000000711b00000, 0x0000000711c00000|  0%| F|  |TAMS 0x0000000711b00000, 0x0000000711b00000| Untracked 
| 212|0x0000000711c00000, 0x0000000711c00000, 0x0000000711d00000|  0%| F|  |TAMS 0x0000000711c00000, 0x0000000711c00000| Untracked 
| 213|0x0000000711d00000, 0x0000000711d00000, 0x0000000711e00000|  0%| F|  |TAMS 0x0000000711d00000, 0x0000000711d00000| Untracked 
| 214|0x0000000711e00000, 0x0000000711e00000, 0x0000000711f00000|  0%| F|  |TAMS 0x0000000711e00000, 0x0000000711e00000| Untracked 
| 215|0x0000000711f00000, 0x0000000711f00000, 0x0000000712000000|  0%| F|  |TAMS 0x0000000711f00000, 0x0000000711f00000| Untracked 
| 216|0x0000000712000000, 0x0000000712000000, 0x0000000712100000|  0%| F|  |TAMS 0x0000000712000000, 0x0000000712000000| Untracked 
| 217|0x0000000712100000, 0x0000000712100000, 0x0000000712200000|  0%| F|  |TAMS 0x0000000712100000, 0x0000000712100000| Untracked 
| 218|0x0000000712200000, 0x0000000712200000, 0x0000000712300000|  0%| F|  |TAMS 0x0000000712200000, 0x0000000712200000| Untracked 
| 219|0x0000000712300000, 0x0000000712300000, 0x0000000712400000|  0%| F|  |TAMS 0x0000000712300000, 0x0000000712300000| Untracked 
| 220|0x0000000712400000, 0x0000000712400000, 0x0000000712500000|  0%| F|  |TAMS 0x0000000712400000, 0x0000000712400000| Untracked 
| 221|0x0000000712500000, 0x0000000712500000, 0x0000000712600000|  0%| F|  |TAMS 0x0000000712500000, 0x0000000712500000| Untracked 
| 222|0x0000000712600000, 0x0000000712600000, 0x0000000712700000|  0%| F|  |TAMS 0x0000000712600000, 0x0000000712600000| Untracked 
| 223|0x0000000712700000, 0x0000000712700000, 0x0000000712800000|  0%| F|  |TAMS 0x0000000712700000, 0x0000000712700000| Untracked 
| 224|0x0000000712800000, 0x0000000712800000, 0x0000000712900000|  0%| F|  |TAMS 0x0000000712800000, 0x0000000712800000| Untracked 
| 225|0x0000000712900000, 0x0000000712900000, 0x0000000712a00000|  0%| F|  |TAMS 0x0000000712900000, 0x0000000712900000| Untracked 
| 226|0x0000000712a00000, 0x0000000712a00000, 0x0000000712b00000|  0%| F|  |TAMS 0x0000000712a00000, 0x0000000712a00000| Untracked 
| 227|0x0000000712b00000, 0x0000000712b00000, 0x0000000712c00000|  0%| F|  |TAMS 0x0000000712b00000, 0x0000000712b00000| Untracked 
| 228|0x0000000712c00000, 0x0000000712c00000, 0x0000000712d00000|  0%| F|  |TAMS 0x0000000712c00000, 0x0000000712c00000| Untracked 
| 229|0x0000000712d00000, 0x0000000712d00000, 0x0000000712e00000|  0%| F|  |TAMS 0x0000000712d00000, 0x0000000712d00000| Untracked 
| 230|0x0000000712e00000, 0x0000000712e00000, 0x0000000712f00000|  0%| F|  |TAMS 0x0000000712e00000, 0x0000000712e00000| Untracked 
| 231|0x0000000712f00000, 0x0000000712f00000, 0x0000000713000000|  0%| F|  |TAMS 0x0000000712f00000, 0x0000000712f00000| Untracked 
| 232|0x0000000713000000, 0x0000000713000000, 0x0000000713100000|  0%| F|  |TAMS 0x0000000713000000, 0x0000000713000000| Untracked 
| 233|0x0000000713100000, 0x0000000713100000, 0x0000000713200000|  0%| F|  |TAMS 0x0000000713100000, 0x0000000713100000| Untracked 
| 234|0x0000000713200000, 0x0000000713200000, 0x0000000713300000|  0%| F|  |TAMS 0x0000000713200000, 0x0000000713200000| Untracked 
| 235|0x0000000713300000, 0x0000000713300000, 0x0000000713400000|  0%| F|  |TAMS 0x0000000713300000, 0x0000000713300000| Untracked 
| 236|0x0000000713400000, 0x0000000713400000, 0x0000000713500000|  0%| F|  |TAMS 0x0000000713400000, 0x0000000713400000| Untracked 
| 237|0x0000000713500000, 0x0000000713500000, 0x0000000713600000|  0%| F|  |TAMS 0x0000000713500000, 0x0000000713500000| Untracked 
| 238|0x0000000713600000, 0x0000000713600000, 0x0000000713700000|  0%| F|  |TAMS 0x0000000713600000, 0x0000000713600000| Untracked 
| 239|0x0000000713700000, 0x0000000713700000, 0x0000000713800000|  0%| F|  |TAMS 0x0000000713700000, 0x0000000713700000| Untracked 
| 240|0x0000000713800000, 0x0000000713800000, 0x0000000713900000|  0%| F|  |TAMS 0x0000000713800000, 0x0000000713800000| Untracked 
| 241|0x0000000713900000, 0x0000000713900000, 0x0000000713a00000|  0%| F|  |TAMS 0x0000000713900000, 0x0000000713900000| Untracked 
| 242|0x0000000713a00000, 0x0000000713b00000, 0x0000000713b00000|100%| S|CS|TAMS 0x0000000713a00000, 0x0000000713a00000| Complete 
| 243|0x0000000713b00000, 0x0000000713c00000, 0x0000000713c00000|100%| S|CS|TAMS 0x0000000713b00000, 0x0000000713b00000| Complete 
| 244|0x0000000713c00000, 0x0000000713d00000, 0x0000000713d00000|100%| S|CS|TAMS 0x0000000713c00000, 0x0000000713c00000| Complete 
| 245|0x0000000713d00000, 0x0000000713e00000, 0x0000000713e00000|100%| S|CS|TAMS 0x0000000713d00000, 0x0000000713d00000| Complete 
| 246|0x0000000713e00000, 0x0000000713f00000, 0x0000000713f00000|100%| S|CS|TAMS 0x0000000713e00000, 0x0000000713e00000| Complete 
| 247|0x0000000713f00000, 0x0000000714000000, 0x0000000714000000|100%| S|CS|TAMS 0x0000000713f00000, 0x0000000713f00000| Complete 
| 248|0x0000000714000000, 0x0000000714100000, 0x0000000714100000|100%| S|CS|TAMS 0x0000000714000000, 0x0000000714000000| Complete 
| 249|0x0000000714100000, 0x0000000714100000, 0x0000000714200000|  0%| F|  |TAMS 0x0000000714100000, 0x0000000714100000| Untracked 
| 250|0x0000000714200000, 0x0000000714200000, 0x0000000714300000|  0%| F|  |TAMS 0x0000000714200000, 0x0000000714200000| Untracked 
| 251|0x0000000714300000, 0x0000000714300000, 0x0000000714400000|  0%| F|  |TAMS 0x0000000714300000, 0x0000000714300000| Untracked 
| 252|0x0000000714400000, 0x0000000714400000, 0x0000000714500000|  0%| F|  |TAMS 0x0000000714400000, 0x0000000714400000| Untracked 
| 253|0x0000000714500000, 0x0000000714500000, 0x0000000714600000|  0%| F|  |TAMS 0x0000000714500000, 0x0000000714500000| Untracked 
| 254|0x0000000714600000, 0x0000000714600000, 0x0000000714700000|  0%| F|  |TAMS 0x0000000714600000, 0x0000000714600000| Untracked 
| 255|0x0000000714700000, 0x0000000714700000, 0x0000000714800000|  0%| F|  |TAMS 0x0000000714700000, 0x0000000714700000| Untracked 
| 256|0x0000000714800000, 0x0000000714800000, 0x0000000714900000|  0%| F|  |TAMS 0x0000000714800000, 0x0000000714800000| Untracked 
| 257|0x0000000714900000, 0x0000000714900000, 0x0000000714a00000|  0%| F|  |TAMS 0x0000000714900000, 0x0000000714900000| Untracked 
| 258|0x0000000714a00000, 0x0000000714a00000, 0x0000000714b00000|  0%| F|  |TAMS 0x0000000714a00000, 0x0000000714a00000| Untracked 
| 259|0x0000000714b00000, 0x0000000714b00000, 0x0000000714c00000|  0%| F|  |TAMS 0x0000000714b00000, 0x0000000714b00000| Untracked 
| 260|0x0000000714c00000, 0x0000000714c00000, 0x0000000714d00000|  0%| F|  |TAMS 0x0000000714c00000, 0x0000000714c00000| Untracked 
| 261|0x0000000714d00000, 0x0000000714d00000, 0x0000000714e00000|  0%| F|  |TAMS 0x0000000714d00000, 0x0000000714d00000| Untracked 
| 262|0x0000000714e00000, 0x0000000714e00000, 0x0000000714f00000|  0%| F|  |TAMS 0x0000000714e00000, 0x0000000714e00000| Untracked 
| 263|0x0000000714f00000, 0x0000000714f00000, 0x0000000715000000|  0%| F|  |TAMS 0x0000000714f00000, 0x0000000714f00000| Untracked 
| 264|0x0000000715000000, 0x0000000715000000, 0x0000000715100000|  0%| F|  |TAMS 0x0000000715000000, 0x0000000715000000| Untracked 
| 265|0x0000000715100000, 0x0000000715100000, 0x0000000715200000|  0%| F|  |TAMS 0x0000000715100000, 0x0000000715100000| Untracked 
| 266|0x0000000715200000, 0x0000000715200000, 0x0000000715300000|  0%| F|  |TAMS 0x0000000715200000, 0x0000000715200000| Untracked 
| 267|0x0000000715300000, 0x0000000715300000, 0x0000000715400000|  0%| F|  |TAMS 0x0000000715300000, 0x0000000715300000| Untracked 
| 268|0x0000000715400000, 0x0000000715400000, 0x0000000715500000|  0%| F|  |TAMS 0x0000000715400000, 0x0000000715400000| Untracked 
| 269|0x0000000715500000, 0x0000000715500000, 0x0000000715600000|  0%| F|  |TAMS 0x0000000715500000, 0x0000000715500000| Untracked 
| 270|0x0000000715600000, 0x0000000715600000, 0x0000000715700000|  0%| F|  |TAMS 0x0000000715600000, 0x0000000715600000| Untracked 
| 271|0x0000000715700000, 0x0000000715700000, 0x0000000715800000|  0%| F|  |TAMS 0x0000000715700000, 0x0000000715700000| Untracked 
| 272|0x0000000715800000, 0x0000000715800000, 0x0000000715900000|  0%| F|  |TAMS 0x0000000715800000, 0x0000000715800000| Untracked 
| 273|0x0000000715900000, 0x0000000715900000, 0x0000000715a00000|  0%| F|  |TAMS 0x0000000715900000, 0x0000000715900000| Untracked 
| 274|0x0000000715a00000, 0x0000000715a00000, 0x0000000715b00000|  0%| F|  |TAMS 0x0000000715a00000, 0x0000000715a00000| Untracked 
| 275|0x0000000715b00000, 0x0000000715b00000, 0x0000000715c00000|  0%| F|  |TAMS 0x0000000715b00000, 0x0000000715b00000| Untracked 
| 276|0x0000000715c00000, 0x0000000715c00000, 0x0000000715d00000|  0%| F|  |TAMS 0x0000000715c00000, 0x0000000715c00000| Untracked 
| 277|0x0000000715d00000, 0x0000000715d00000, 0x0000000715e00000|  0%| F|  |TAMS 0x0000000715d00000, 0x0000000715d00000| Untracked 
| 278|0x0000000715e00000, 0x0000000715e00000, 0x0000000715f00000|  0%| F|  |TAMS 0x0000000715e00000, 0x0000000715e00000| Untracked 
| 279|0x0000000715f00000, 0x0000000715f00000, 0x0000000716000000|  0%| F|  |TAMS 0x0000000715f00000, 0x0000000715f00000| Untracked 
| 280|0x0000000716000000, 0x0000000716000000, 0x0000000716100000|  0%| F|  |TAMS 0x0000000716000000, 0x0000000716000000| Untracked 
| 281|0x0000000716100000, 0x0000000716100000, 0x0000000716200000|  0%| F|  |TAMS 0x0000000716100000, 0x0000000716100000| Untracked 
| 282|0x0000000716200000, 0x0000000716200000, 0x0000000716300000|  0%| F|  |TAMS 0x0000000716200000, 0x0000000716200000| Untracked 
| 283|0x0000000716300000, 0x0000000716300000, 0x0000000716400000|  0%| F|  |TAMS 0x0000000716300000, 0x0000000716300000| Untracked 
| 284|0x0000000716400000, 0x0000000716400000, 0x0000000716500000|  0%| F|  |TAMS 0x0000000716400000, 0x0000000716400000| Untracked 
| 285|0x0000000716500000, 0x0000000716500000, 0x0000000716600000|  0%| F|  |TAMS 0x0000000716500000, 0x0000000716500000| Untracked 
| 286|0x0000000716600000, 0x0000000716600000, 0x0000000716700000|  0%| F|  |TAMS 0x0000000716600000, 0x0000000716600000| Untracked 
| 287|0x0000000716700000, 0x0000000716700000, 0x0000000716800000|  0%| F|  |TAMS 0x0000000716700000, 0x0000000716700000| Untracked 
| 288|0x0000000716800000, 0x0000000716800000, 0x0000000716900000|  0%| F|  |TAMS 0x0000000716800000, 0x0000000716800000| Untracked 
| 289|0x0000000716900000, 0x0000000716900000, 0x0000000716a00000|  0%| F|  |TAMS 0x0000000716900000, 0x0000000716900000| Untracked 
| 290|0x0000000716a00000, 0x0000000716a00000, 0x0000000716b00000|  0%| F|  |TAMS 0x0000000716a00000, 0x0000000716a00000| Untracked 
| 291|0x0000000716b00000, 0x0000000716b00000, 0x0000000716c00000|  0%| F|  |TAMS 0x0000000716b00000, 0x0000000716b00000| Untracked 
| 292|0x0000000716c00000, 0x0000000716c00000, 0x0000000716d00000|  0%| F|  |TAMS 0x0000000716c00000, 0x0000000716c00000| Untracked 
| 293|0x0000000716d00000, 0x0000000716d00000, 0x0000000716e00000|  0%| F|  |TAMS 0x0000000716d00000, 0x0000000716d00000| Untracked 
| 294|0x0000000716e00000, 0x0000000716e00000, 0x0000000716f00000|  0%| F|  |TAMS 0x0000000716e00000, 0x0000000716e00000| Untracked 
| 295|0x0000000716f00000, 0x0000000716f00000, 0x0000000717000000|  0%| F|  |TAMS 0x0000000716f00000, 0x0000000716f00000| Untracked 
| 296|0x0000000717000000, 0x0000000717000000, 0x0000000717100000|  0%| F|  |TAMS 0x0000000717000000, 0x0000000717000000| Untracked 
| 297|0x0000000717100000, 0x0000000717100000, 0x0000000717200000|  0%| F|  |TAMS 0x0000000717100000, 0x0000000717100000| Untracked 
| 298|0x0000000717200000, 0x0000000717200000, 0x0000000717300000|  0%| F|  |TAMS 0x0000000717200000, 0x0000000717200000| Untracked 
| 299|0x0000000717300000, 0x0000000717300000, 0x0000000717400000|  0%| F|  |TAMS 0x0000000717300000, 0x0000000717300000| Untracked 
| 300|0x0000000717400000, 0x0000000717400000, 0x0000000717500000|  0%| F|  |TAMS 0x0000000717400000, 0x0000000717400000| Untracked 
| 301|0x0000000717500000, 0x0000000717600000, 0x0000000717600000|100%| E|  |TAMS 0x0000000717500000, 0x0000000717500000| Complete 
| 302|0x0000000717600000, 0x0000000717700000, 0x0000000717700000|100%| E|CS|TAMS 0x0000000717600000, 0x0000000717600000| Complete 

Card table byte_map: [0x0000024aa7410000,0x0000024aa7bf0000] _byte_map_base: 0x0000024aa3bec000

Marking Bits (Prev, Next): (CMBitMap*) 0x0000024a8d2cae28, (CMBitMap*) 0x0000024a8d2cae60
 Prev Bits: [0x0000024aa83d0000, 0x0000024aac2b0000)
 Next Bits: [0x0000024aac2b0000, 0x0000024ab0190000)

Polling page: 0x0000024a8d320000

Metaspace:

Usage:
  Non-class:     78.82 MB capacity,    77.14 MB ( 98%) used,     1.32 MB (  2%) free+waste,   362.44 KB ( <1%) overhead. 
      Class:     10.24 MB capacity,     9.00 MB ( 88%) used,     1.07 MB ( 10%) free+waste,   165.81 KB (  2%) overhead. 
       Both:     89.06 MB capacity,    86.15 MB ( 97%) used,     2.39 MB (  3%) free+waste,   528.25 KB ( <1%) overhead. 

Virtual space:
  Non-class space:       80.00 MB reserved,      78.84 MB ( 99%) committed 
      Class space:        1.00 GB reserved,      10.25 MB (  1%) committed 
             Both:        1.08 GB reserved,      89.09 MB (  8%) committed 

Chunk freelists:
   Non-Class:  21.00 KB
       Class:  0 bytes
        Both:  21.00 KB

MaxMetaspaceSize: 17179869184.00 GB
CompressedClassSpaceSize: 1.00 GB
Initial GC threshold: 20.80 MB
Current GC threshold: 146.61 MB
CDS: off

CodeHeap 'non-profiled nmethods': size=120000Kb used=8749Kb max_used=8749Kb free=111250Kb
 bounds [0x0000024a9ec80000, 0x0000024a9f510000, 0x0000024aa61b0000]
CodeHeap 'profiled nmethods': size=120000Kb used=31669Kb max_used=31669Kb free=88330Kb
 bounds [0x0000024a97750000, 0x0000024a99640000, 0x0000024a9ec80000]
CodeHeap 'non-nmethods': size=5760Kb used=1759Kb max_used=1818Kb free=4000Kb
 bounds [0x0000024a971b0000, 0x0000024a97420000, 0x0000024a97750000]
 total_blobs=11355 nmethods=10284 adapters=990
 compilation: enabled
              stopped_count=0, restarted_count=0
 full_count=0

Compilation events (20 events):
Event: 21.323 Thread 0x0000024ab362b800 nmethod 10604 0x0000024a99630210 code [0x0000024a99630460, 0x0000024a99630b78]
Event: 21.323 Thread 0x0000024ab362b800 10664 %     3       ko::ac @ 164 (1301 bytes)
Event: 21.326 Thread 0x0000024ab362b800 nmethod 10664% 0x0000024a99631010 code [0x0000024a99631560, 0x0000024a99634818]
Event: 21.326 Thread 0x0000024ab362b800 10662       2       org.bouncycastle.math.raw.Nat256::mul (637 bytes)
Event: 21.327 Thread 0x0000024ab362b800 nmethod 10662 0x0000024a99636990 code [0x0000024a99636b80, 0x0000024a996374f8]
Event: 21.327 Thread 0x0000024ab362b800 10667       2       org.bouncycastle.math.raw.Nat::subFrom (56 bytes)
Event: 21.327 Thread 0x0000024ab362b800 nmethod 10667 0x0000024a99637d10 code [0x0000024a99637ec0, 0x0000024a99638098]
Event: 21.327 Thread 0x0000024ab362b800 10618       2       lp::ar (77 bytes)
Event: 21.327 Thread 0x0000024ab362b800 nmethod 10618 0x0000024a99638210 code [0x0000024a996383c0, 0x0000024a99638618]
Event: 21.327 Thread 0x0000024ab362b800 10643       2       java.math.MutableBigInteger::difference (176 bytes)
Event: 21.327 Thread 0x0000024ab362b800 nmethod 10643 0x0000024a99638790 code [0x0000024a99638980, 0x0000024a99638d38]
Event: 21.327 Thread 0x0000024ab362b800 10623 %     3       uc::ax @ 38 (257 bytes)
Event: 21.328 Thread 0x0000024ab362b800 nmethod 10623% 0x0000024a99639010 code [0x0000024a99639280, 0x0000024a99639f78]
Event: 21.328 Thread 0x0000024ab362b800 10645       2       org.bouncycastle.asn1.StreamUtil::calculateBodyLength (60 bytes)
Event: 21.328 Thread 0x0000024ab362b800 nmethod 10645 0x0000024a9963a710 code [0x0000024a9963a8c0, 0x0000024a9963aad8]
Event: 21.328 Thread 0x0000024ab362b800 10669 %     3       uc::ax @ 69 (257 bytes)
Event: 21.329 Thread 0x0000024ab362b800 nmethod 10669% 0x0000024a9963ac10 code [0x0000024a9963ae80, 0x0000024a9963bb38]
Event: 21.329 Thread 0x0000024ab362b800 10629 %     3       ue::fw @ 10 (272 bytes)
Event: 21.330 Thread 0x0000024ab362b800 nmethod 10629% 0x0000024a9963c290 code [0x0000024a9963c500, 0x0000024a9963d028]
Event: 21.330 Thread 0x0000024ab362b800 10672 %     3       org.bouncycastle.math.raw.Nat256::mul @ 292 (637 bytes)

GC Heap History (20 events):
Event: 9.485 GC heap before
{Heap before GC invocations=13 (full 0):
 garbage-first heap   total 310272K, used 231717K [0x0000000704800000, 0x0000000800000000)
  region size 1024K, 132 young (135168K), 12 survivors (12288K)
 Metaspace       used 80161K, capacity 82274K, committed 82524K, reserved 1122304K
  class space    used 8267K, capacity 9136K, committed 9216K, reserved 1048576K
}
Event: 9.494 GC heap after
{Heap after GC invocations=14 (full 0):
 garbage-first heap   total 310272K, used 114597K [0x0000000704800000, 0x0000000800000000)
  region size 1024K, 7 young (7168K), 7 survivors (7168K)
 Metaspace       used 80161K, capacity 82274K, committed 82524K, reserved 1122304K
  class space    used 8267K, capacity 9136K, committed 9216K, reserved 1048576K
}
Event: 9.997 GC heap before
{Heap before GC invocations=14 (full 0):
 garbage-first heap   total 310272K, used 239525K [0x0000000704800000, 0x0000000800000000)
  region size 1024K, 127 young (130048K), 7 survivors (7168K)
 Metaspace       used 81337K, capacity 83757K, committed 83932K, reserved 1124352K
  class space    used 8496K, capacity 9519K, committed 9600K, reserved 1048576K
}
Event: 10.006 GC heap after
{Heap after GC invocations=15 (full 0):
 garbage-first heap   total 310272K, used 119138K [0x0000000704800000, 0x0000000800000000)
  region size 1024K, 9 young (9216K), 9 survivors (9216K)
 Metaspace       used 81337K, capacity 83757K, committed 83932K, reserved 1124352K
  class space    used 8496K, capacity 9519K, committed 9600K, reserved 1048576K
}
Event: 10.564 GC heap before
{Heap before GC invocations=15 (full 0):
 garbage-first heap   total 310272K, used 244066K [0x0000000704800000, 0x0000000800000000)
  region size 1024K, 130 young (133120K), 9 survivors (9216K)
 Metaspace       used 83161K, capacity 85848K, committed 86108K, reserved 1126400K
  class space    used 8822K, capacity 9917K, committed 9984K, reserved 1048576K
}
Event: 10.572 GC heap after
{Heap after GC invocations=16 (full 0):
 garbage-first heap   total 310272K, used 125846K [0x0000000704800000, 0x0000000800000000)
  region size 1024K, 16 young (16384K), 16 survivors (16384K)
 Metaspace       used 83161K, capacity 85848K, committed 86108K, reserved 1126400K
  class space    used 8822K, capacity 9917K, committed 9984K, reserved 1048576K
}
Event: 15.240 GC heap before
{Heap before GC invocations=16 (full 0):
 garbage-first heap   total 310272K, used 253846K [0x0000000704800000, 0x0000000800000000)
  region size 1024K, 135 young (138240K), 16 survivors (16384K)
 Metaspace       used 84407K, capacity 87205K, committed 87260K, reserved 1126400K
  class space    used 8955K, capacity 10094K, committed 10112K, reserved 1048576K
}
Event: 15.248 GC heap after
{Heap after GC invocations=17 (full 0):
 garbage-first heap   total 310272K, used 135220K [0x0000000704800000, 0x0000000800000000)
  region size 1024K, 11 young (11264K), 11 survivors (11264K)
 Metaspace       used 84407K, capacity 87205K, committed 87260K, reserved 1126400K
  class space    used 8955K, capacity 10094K, committed 10112K, reserved 1048576K
}
Event: 15.274 GC heap before
{Heap before GC invocations=17 (full 0):
 garbage-first heap   total 310272K, used 252980K [0x0000000704800000, 0x0000000800000000)
  region size 1024K, 126 young (129024K), 11 survivors (11264K)
 Metaspace       used 84407K, capacity 87205K, committed 87260K, reserved 1126400K
  class space    used 8955K, capacity 10094K, committed 10112K, reserved 1048576K
}
Event: 15.279 GC heap after
{Heap after GC invocations=18 (full 0):
 garbage-first heap   total 310272K, used 135613K [0x0000000704800000, 0x0000000800000000)
  region size 1024K, 4 young (4096K), 4 survivors (4096K)
 Metaspace       used 84407K, capacity 87205K, committed 87260K, reserved 1126400K
  class space    used 8955K, capacity 10094K, committed 10112K, reserved 1048576K
}
Event: 15.305 GC heap before
{Heap before GC invocations=18 (full 0):
 garbage-first heap   total 310272K, used 257469K [0x0000000704800000, 0x0000000800000000)
  region size 1024K, 123 young (125952K), 4 survivors (4096K)
 Metaspace       used 84409K, capacity 87205K, committed 87260K, reserved 1126400K
  class space    used 8955K, capacity 10094K, committed 10112K, reserved 1048576K
}
Event: 15.310 GC heap after
{Heap after GC invocations=19 (full 0):
 garbage-first heap   total 310272K, used 135415K [0x0000000704800000, 0x0000000800000000)
  region size 1024K, 4 young (4096K), 4 survivors (4096K)
 Metaspace       used 84409K, capacity 87205K, committed 87260K, reserved 1126400K
  class space    used 8955K, capacity 10094K, committed 10112K, reserved 1048576K
}
Event: 19.556 GC heap before
{Heap before GC invocations=19 (full 0):
 garbage-first heap   total 310272K, used 222455K [0x0000000704800000, 0x0000000800000000)
  region size 1024K, 83 young (84992K), 4 survivors (4096K)
 Metaspace       used 84910K, capacity 87770K, committed 87900K, reserved 1126400K
  class space    used 8990K, capacity 10130K, committed 10240K, reserved 1048576K
}
Event: 19.563 GC heap after
{Heap after GC invocations=20 (full 0):
 garbage-first heap   total 310272K, used 148197K [0x0000000704800000, 0x0000000800000000)
  region size 1024K, 11 young (11264K), 11 survivors (11264K)
 Metaspace       used 84910K, capacity 87770K, committed 87900K, reserved 1126400K
  class space    used 8990K, capacity 10130K, committed 10240K, reserved 1048576K
}
Event: 20.228 GC heap before
{Heap before GC invocations=21 (full 0):
 garbage-first heap   total 310272K, used 221925K [0x0000000704800000, 0x0000000800000000)
  region size 1024K, 73 young (74752K), 11 survivors (11264K)
 Metaspace       used 85691K, capacity 88594K, committed 88796K, reserved 1128448K
  class space    used 9061K, capacity 10251K, committed 10368K, reserved 1048576K
}
Event: 20.237 GC heap after
{Heap after GC invocations=22 (full 0):
 garbage-first heap   total 310272K, used 187890K [0x0000000704800000, 0x0000000800000000)
  region size 1024K, 15 young (15360K), 15 survivors (15360K)
 Metaspace       used 85691K, capacity 88594K, committed 88796K, reserved 1128448K
  class space    used 9061K, capacity 10251K, committed 10368K, reserved 1048576K
}
Event: 20.638 GC heap before
{Heap before GC invocations=23 (full 0):
 garbage-first heap   total 310272K, used 176626K [0x0000000704800000, 0x0000000800000000)
  region size 1024K, 27 young (27648K), 15 survivors (15360K)
 Metaspace       used 86768K, capacity 89694K, committed 89820K, reserved 1128448K
  class space    used 9121K, capacity 10366K, committed 10368K, reserved 1048576K
}
Event: 20.649 GC heap after
{Heap after GC invocations=24 (full 0):
 garbage-first heap   total 310272K, used 168527K [0x0000000704800000, 0x0000000800000000)
  region size 1024K, 5 young (5120K), 5 survivors (5120K)
 Metaspace       used 86768K, capacity 89694K, committed 89820K, reserved 1128448K
  class space    used 9121K, capacity 10366K, committed 10368K, reserved 1048576K
}
Event: 21.250 GC heap before
{Heap before GC invocations=25 (full 0):
 garbage-first heap   total 310272K, used 220751K [0x0000000704800000, 0x0000000800000000)
  region size 1024K, 54 young (55296K), 5 survivors (5120K)
 Metaspace       used 88029K, capacity 91065K, committed 91228K, reserved 1130496K
  class space    used 9215K, capacity 10482K, committed 10496K, reserved 1048576K
}
Event: 21.266 GC heap after
{Heap after GC invocations=26 (full 0):
 garbage-first heap   total 310272K, used 176461K [0x0000000704800000, 0x0000000800000000)
  region size 1024K, 7 young (7168K), 7 survivors (7168K)
 Metaspace       used 88029K, capacity 91065K, committed 91228K, reserved 1130496K
  class space    used 9215K, capacity 10482K, committed 10496K, reserved 1048576K
}

Deoptimization events (20 events):
Event: 21.275 Thread 0x0000024ab632b800 Uncommon trap: trap_request=0xffffff4d fr.pc=0x0000024a9ed614e4 relative=0x0000000000001264
Event: 21.275 Thread 0x0000024ab632b800 Uncommon trap: reason=unstable_if action=reinterpret pc=0x0000024a9ed614e4 method=java.util.concurrent.ConcurrentHashMap.transfer([Ljava/util/concurrent/ConcurrentHashMap$Node;[Ljava/util/concurrent/ConcurrentHashMap$Node;)V @ 352 c2
Event: 21.275 Thread 0x0000024ab632b800 DEOPT PACKING pc=0x0000024a9ed614e4 sp=0x00000056a84fdc10
Event: 21.275 Thread 0x0000024ab632b800 DEOPT UNPACKING pc=0x0000024a971b85af sp=0x00000056a84fdba8 mode 2
Event: 21.277 Thread 0x0000024abbc38000 DEOPT PACKING pc=0x0000024a97ca886c sp=0x00000056a6dfdbe0
Event: 21.277 Thread 0x0000024abbc38000 DEOPT UNPACKING pc=0x0000024a971f9d0e sp=0x00000056a6dfd020 mode 0
Event: 21.280 Thread 0x0000024abbc36000 DEOPT PACKING pc=0x0000024a98464ddb sp=0x00000056a6cfdea0
Event: 21.280 Thread 0x0000024abbc36000 DEOPT UNPACKING pc=0x0000024a971f9d0e sp=0x00000056a6cfd338 mode 0
Event: 21.285 Thread 0x0000024abbc36000 DEOPT PACKING pc=0x0000024a99508200 sp=0x00000056a6cfcb40
Event: 21.285 Thread 0x0000024abbc36000 DEOPT UNPACKING pc=0x0000024a971f9d0e sp=0x00000056a6cfc250 mode 0
Event: 21.288 Thread 0x0000024abbc36000 DEOPT PACKING pc=0x0000024a995b9bac sp=0x00000056a6cfe090
Event: 21.288 Thread 0x0000024abbc36000 DEOPT UNPACKING pc=0x0000024a971f9d0e sp=0x00000056a6cfd688 mode 0
Event: 21.292 Thread 0x0000024abbc36000 DEOPT PACKING pc=0x0000024a98464ddb sp=0x00000056a6cfe800
Event: 21.292 Thread 0x0000024abbc36000 DEOPT UNPACKING pc=0x0000024a971f9d0e sp=0x00000056a6cfdc98 mode 0
Event: 21.307 Thread 0x0000024abbc36000 DEOPT PACKING pc=0x0000024a98464ddb sp=0x00000056a6cfdea0
Event: 21.307 Thread 0x0000024abbc36000 DEOPT UNPACKING pc=0x0000024a971f9d0e sp=0x00000056a6cfd338 mode 0
Event: 21.317 Thread 0x0000024abbc36000 DEOPT PACKING pc=0x0000024a98464ddb sp=0x00000056a6cfe800
Event: 21.317 Thread 0x0000024abbc36000 DEOPT UNPACKING pc=0x0000024a971f9d0e sp=0x00000056a6cfdc98 mode 0
Event: 21.329 Thread 0x0000024abbc36000 DEOPT PACKING pc=0x0000024a98464ddb sp=0x00000056a6cfdea0
Event: 21.329 Thread 0x0000024abbc36000 DEOPT UNPACKING pc=0x0000024a971f9d0e sp=0x00000056a6cfd338 mode 0

Classes redefined (0 events):
No events

Internal exceptions (20 events):
Event: 20.795 Thread 0x0000024abbc36000 Exception <a 'java/lang/IncompatibleClassChangeError'{0x0000000716b50100}: Found class java.lang.Object, but interface was expected> (0x0000000716b50100) thrown at [s\src\hotspot\share\interpreter\linkResolver.cpp, line 839]
Event: 20.796 Thread 0x0000024abbc36000 Exception <a 'java/lang/IncompatibleClassChangeError'{0x0000000716b52980}: Found class java.lang.Object, but interface was expected> (0x0000000716b52980) thrown at [s\src\hotspot\share\interpreter\linkResolver.cpp, line 839]
Event: 20.796 Thread 0x0000024abbc36000 Exception <a 'java/lang/IncompatibleClassChangeError'{0x0000000716b551f0}: Found class java.lang.Object, but interface was expected> (0x0000000716b551f0) thrown at [s\src\hotspot\share\interpreter\linkResolver.cpp, line 839]
Event: 20.796 Thread 0x0000024abbc36000 Exception <a 'java/lang/IncompatibleClassChangeError'{0x0000000716b57a48}: Found class java.lang.Object, but interface was expected> (0x0000000716b57a48) thrown at [s\src\hotspot\share\interpreter\linkResolver.cpp, line 839]
Event: 20.796 Thread 0x0000024abbc36000 Exception <a 'java/lang/IncompatibleClassChangeError'{0x0000000716b5a270}: Found class java.lang.Object, but interface was expected> (0x0000000716b5a270) thrown at [s\src\hotspot\share\interpreter\linkResolver.cpp, line 839]
Event: 20.796 Thread 0x0000024abbc36000 Exception <a 'java/lang/IncompatibleClassChangeError'{0x0000000716b5d090}: Found class java.lang.Object, but interface was expected> (0x0000000716b5d090) thrown at [s\src\hotspot\share\interpreter\linkResolver.cpp, line 839]
Event: 20.797 Thread 0x0000024abbc36000 Exception <a 'java/lang/IncompatibleClassChangeError'{0x0000000716b5f8c0}: Found class java.lang.Object, but interface was expected> (0x0000000716b5f8c0) thrown at [s\src\hotspot\share\interpreter\linkResolver.cpp, line 839]
Event: 20.797 Thread 0x0000024abbc36000 Exception <a 'java/lang/IncompatibleClassChangeError'{0x0000000716b62120}: Found class java.lang.Object, but interface was expected> (0x0000000716b62120) thrown at [s\src\hotspot\share\interpreter\linkResolver.cpp, line 839]
Event: 20.797 Thread 0x0000024abbc36000 Exception <a 'java/lang/IncompatibleClassChangeError'{0x0000000716b64988}: Found class java.lang.Object, but interface was expected> (0x0000000716b64988) thrown at [s\src\hotspot\share\interpreter\linkResolver.cpp, line 839]
Event: 20.797 Thread 0x0000024abbc36000 Exception <a 'java/lang/IncompatibleClassChangeError'{0x0000000716b671f0}: Found class java.lang.Object, but interface was expected> (0x0000000716b671f0) thrown at [s\src\hotspot\share\interpreter\linkResolver.cpp, line 839]
Event: 20.797 Thread 0x0000024abbc36000 Exception <a 'java/lang/IncompatibleClassChangeError'{0x0000000716b69a58}: Found class java.lang.Object, but interface was expected> (0x0000000716b69a58) thrown at [s\src\hotspot\share\interpreter\linkResolver.cpp, line 839]
Event: 20.797 Thread 0x0000024abbc36000 Exception <a 'java/lang/IncompatibleClassChangeError'{0x0000000716b6c2a8}: Found class java.lang.Object, but interface was expected> (0x0000000716b6c2a8) thrown at [s\src\hotspot\share\interpreter\linkResolver.cpp, line 839]
Event: 20.797 Thread 0x0000024abbc36000 Exception <a 'java/lang/IncompatibleClassChangeError'{0x0000000716b6f0a8}: Found class java.lang.Object, but interface was expected> (0x0000000716b6f0a8) thrown at [s\src\hotspot\share\interpreter\linkResolver.cpp, line 839]
Event: 20.798 Thread 0x0000024abbc36000 Exception <a 'java/lang/IncompatibleClassChangeError'{0x0000000716b71908}: Found class java.lang.Object, but interface was expected> (0x0000000716b71908) thrown at [s\src\hotspot\share\interpreter\linkResolver.cpp, line 839]
Event: 20.798 Thread 0x0000024abbc36000 Exception <a 'java/lang/IncompatibleClassChangeError'{0x0000000716b74168}: Found class java.lang.Object, but interface was expected> (0x0000000716b74168) thrown at [s\src\hotspot\share\interpreter\linkResolver.cpp, line 839]
Event: 20.798 Thread 0x0000024abbc36000 Exception <a 'java/lang/IncompatibleClassChangeError'{0x0000000716b769c8}: Found class java.lang.Object, but interface was expected> (0x0000000716b769c8) thrown at [s\src\hotspot\share\interpreter\linkResolver.cpp, line 839]
Event: 20.798 Thread 0x0000024abbc36000 Exception <a 'java/lang/IncompatibleClassChangeError'{0x0000000716b79238}: Found class java.lang.Object, but interface was expected> (0x0000000716b79238) thrown at [s\src\hotspot\share\interpreter\linkResolver.cpp, line 839]
Event: 20.823 Thread 0x0000024abbc36000 Exception <a 'java/lang/NoSuchMethodError'{0x000000071655ab90}: 'void java.lang.invoke.DirectMethodHandle$Holder.invokeStatic(java.lang.Object, long)'> (0x000000071655ab90) thrown at [s\src\hotspot\share\interpreter\linkResolver.cpp, line 773]
Event: 21.040 Thread 0x0000024abbc36000 Exception <a 'java/lang/NoSuchMethodError'{0x0000000714ff3c38}: 'java.lang.Object java.lang.invoke.DirectMethodHandle$Holder.invokeStatic(java.lang.Object, java.lang.Object, java.lang.Object, java.lang.Object, java.lang.Object, int)'> (0x0000000714ff3c38) thrown at [s\src\hotspot\share\interpreter\linkResolver.cpp, line 773]
Event: 21.040 Thread 0x0000024abbc36000 Exception <a 'java/lang/NoSuchMethodError'{0x0000000714ff79b0}: 'java.lang.Object java.lang.invoke.DirectMethodHandle$Holder.invokeSpecial(java.lang.Object, java.lang.Object, java.lang.Object, java.lang.Object, java.lang.Object, java.lang.Object, int)'> (0x0000000714ff79b0) thrown at [s\src\hotspot\share\interpreter\linkResolver.cpp, line 773]

Events (20 events):
Event: 21.246 loading class java/security/cert/PKIXRevocationChecker
Event: 21.246 loading class java/security/cert/PKIXRevocationChecker done
Event: 21.248 loading class sun/security/util/AnchorCertificates
Event: 21.248 loading class sun/security/util/AnchorCertificates done
Event: 21.248 loading class sun/security/util/AnchorCertificates$1
Event: 21.248 loading class sun/security/util/AnchorCertificates$1 done
Event: 21.248 loading class sun/security/provider/JavaKeyStore$DualFormatJKS
Event: 21.248 loading class sun/security/provider/JavaKeyStore$DualFormatJKS done
Event: 21.249 loading class java/util/SimpleTimeZone
Event: 21.250 loading class java/util/SimpleTimeZone done
Event: 21.250 Executing VM operation: G1CollectForAllocation
Event: 21.266 Executing VM operation: G1CollectForAllocation done
Event: 21.268 loading class sun/security/util/HostnameChecker
Event: 21.268 loading class sun/security/util/HostnameChecker done
Event: 21.271 loading class java/util/concurrent/ConcurrentHashMap$TreeNode
Event: 21.271 loading class java/util/concurrent/ConcurrentHashMap$TreeNode done
Event: 21.271 loading class java/util/concurrent/ConcurrentHashMap$TreeBin
Event: 21.272 loading class java/util/concurrent/ConcurrentHashMap$TreeBin done
Event: 21.275 Executing VM operation: RevokeBias
Event: 21.275 Executing VM operation: RevokeBias done


Dynamic libraries:
0x00007ff770740000 - 0x00007ff77074e000 	C:\Users\Donni\.jdks\corretto-11.0.22\bin\java.exe
0x00007fff2cc50000 - 0x00007fff2ce67000 	C:\WINDOWS\SYSTEM32\ntdll.dll
0x00007fff2c200000 - 0x00007fff2c2c4000 	C:\WINDOWS\System32\KERNEL32.DLL
0x00007fff2a2a0000 - 0x00007fff2a646000 	C:\WINDOWS\System32\KERNELBASE.dll
0x00007fff2a180000 - 0x00007fff2a291000 	C:\WINDOWS\System32\ucrtbase.dll
0x00007fff072f0000 - 0x00007fff07307000 	C:\Users\Donni\.jdks\corretto-11.0.22\bin\jli.dll
0x00007fff07310000 - 0x00007fff0732b000 	C:\Users\Donni\.jdks\corretto-11.0.22\bin\VCRUNTIME140.dll
0x00007fff2af40000 - 0x00007fff2b0ee000 	C:\WINDOWS\System32\USER32.dll
0x00007fff2a650000 - 0x00007fff2a676000 	C:\WINDOWS\System32\win32u.dll
0x00007fff0be70000 - 0x00007fff0c103000 	C:\WINDOWS\WinSxS\amd64_microsoft.windows.common-controls_6595b64144ccf1df_6.0.22621.2506_none_270c5ae97388e100\COMCTL32.dll
0x00007fff2b170000 - 0x00007fff2b199000 	C:\WINDOWS\System32\GDI32.dll
0x00007fff2bbe0000 - 0x00007fff2bc87000 	C:\WINDOWS\System32\msvcrt.dll
0x00007fff2a030000 - 0x00007fff2a148000 	C:\WINDOWS\System32\gdi32full.dll
0x00007fff29f90000 - 0x00007fff2a02a000 	C:\WINDOWS\System32\msvcp_win.dll
0x00007fff2cb40000 - 0x00007fff2cb71000 	C:\WINDOWS\System32\IMM32.DLL
0x00007fff1ff30000 - 0x00007fff1ff3c000 	C:\Users\Donni\.jdks\corretto-11.0.22\bin\vcruntime140_1.dll
0x00007ffef7d50000 - 0x00007ffef7ddd000 	C:\Users\Donni\.jdks\corretto-11.0.22\bin\msvcp140.dll
0x00007ffed82d0000 - 0x00007ffed8e93000 	C:\Users\Donni\.jdks\corretto-11.0.22\bin\server\jvm.dll
0x00007fff2c2e0000 - 0x00007fff2c393000 	C:\WINDOWS\System32\ADVAPI32.dll
0x00007fff2c8f0000 - 0x00007fff2c998000 	C:\WINDOWS\System32\sechost.dll
0x00007fff2a150000 - 0x00007fff2a178000 	C:\WINDOWS\System32\bcrypt.dll
0x00007fff2c9a0000 - 0x00007fff2cab7000 	C:\WINDOWS\System32\RPCRT4.dll
0x00007fff2ae20000 - 0x00007fff2ae28000 	C:\WINDOWS\System32\PSAPI.DLL
0x00007fff20f10000 - 0x00007fff20f44000 	C:\WINDOWS\SYSTEM32\WINMM.dll
0x00007fff26d80000 - 0x00007fff26d89000 	C:\WINDOWS\SYSTEM32\WSOCK32.dll
0x00007fff203f0000 - 0x00007fff203fa000 	C:\WINDOWS\SYSTEM32\VERSION.dll
0x00007fff2cac0000 - 0x00007fff2cb31000 	C:\WINDOWS\System32\WS2_32.dll
0x00007fff28fc0000 - 0x00007fff28fd8000 	C:\WINDOWS\SYSTEM32\kernel.appcore.dll
0x00007fff1fea0000 - 0x00007fff1feb0000 	C:\Users\Donni\.jdks\corretto-11.0.22\bin\verify.dll
0x00007fff272d0000 - 0x00007fff27503000 	C:\WINDOWS\SYSTEM32\DBGHELP.DLL
0x00007fff2bc90000 - 0x00007fff2c019000 	C:\WINDOWS\System32\combase.dll
0x00007fff2ba90000 - 0x00007fff2bb67000 	C:\WINDOWS\System32\OLEAUT32.dll
0x00007ffefe410000 - 0x00007ffefe442000 	C:\WINDOWS\SYSTEM32\dbgcore.DLL
0x00007fff2a860000 - 0x00007fff2a8da000 	C:\WINDOWS\System32\bcryptPrimitives.dll
0x00007fff06e10000 - 0x00007fff06e38000 	C:\Users\Donni\.jdks\corretto-11.0.22\bin\java.dll
0x00007fff1cb60000 - 0x00007fff1cb6a000 	C:\Users\Donni\.jdks\corretto-11.0.22\bin\jimage.dll
0x00007fff1cc30000 - 0x00007fff1cc69000 	C:\Users\Donni\.jdks\corretto-11.0.22\bin\jdwp.dll
0x00007fff26470000 - 0x00007fff2647e000 	C:\Users\Donni\.jdks\corretto-11.0.22\bin\instrument.dll
0x00007fff06df0000 - 0x00007fff06e08000 	C:\Users\Donni\.jdks\corretto-11.0.22\bin\zip.dll
0x00007fff2b230000 - 0x00007fff2ba8a000 	C:\WINDOWS\System32\SHELL32.dll
0x00007fff27ee0000 - 0x00007fff287d6000 	C:\WINDOWS\SYSTEM32\windows.storage.dll
0x00007fff27da0000 - 0x00007fff27ede000 	C:\WINDOWS\SYSTEM32\wintypes.dll
0x00007fff2c7f0000 - 0x00007fff2c8e3000 	C:\WINDOWS\System32\SHCORE.dll
0x00007fff2ae30000 - 0x00007fff2ae8e000 	C:\WINDOWS\System32\shlwapi.dll
0x00007fff29ec0000 - 0x00007fff29ee6000 	C:\WINDOWS\SYSTEM32\profapi.dll
0x00007fff254a0000 - 0x00007fff254aa000 	C:\Users\Donni\.jdks\corretto-11.0.22\bin\dt_socket.dll
0x00007fff29440000 - 0x00007fff294a9000 	C:\WINDOWS\system32\mswsock.dll
0x00007fff06dd0000 - 0x00007fff06de9000 	C:\Users\Donni\.jdks\corretto-11.0.22\bin\net.dll
0x00007fff23b20000 - 0x00007fff23c57000 	C:\WINDOWS\SYSTEM32\WINHTTP.dll
0x00007fff02130000 - 0x00007fff02142000 	C:\Users\Donni\.jdks\corretto-11.0.22\bin\nio.dll
0x00007fff24070000 - 0x00007fff2407e000 	C:\Users\Donni\.jdks\corretto-11.0.22\bin\sunmscapi.dll
0x00007fff2a6f0000 - 0x00007fff2a856000 	C:\WINDOWS\System32\CRYPT32.dll
0x00007fff29850000 - 0x00007fff2987e000 	C:\WINDOWS\SYSTEM32\ncrypt.dll
0x00007fff29810000 - 0x00007fff29847000 	C:\WINDOWS\SYSTEM32\NTASN1.dll
0x00007fff20040000 - 0x00007fff20067000 	C:\Users\Donni\.jdks\corretto-11.0.22\bin\sunec.dll
0x00007fff296f0000 - 0x00007fff29702000 	C:\WINDOWS\SYSTEM32\MSASN1.dll
0x00007fff296a0000 - 0x00007fff296bb000 	C:\WINDOWS\SYSTEM32\CRYPTSP.dll
0x00007fff28f20000 - 0x00007fff28f55000 	C:\WINDOWS\system32\rsaenh.dll
0x00007fff29690000 - 0x00007fff2969c000 	C:\WINDOWS\SYSTEM32\CRYPTBASE.dll
0x00007fff294d0000 - 0x00007fff294f6000 	C:\WINDOWS\SYSTEM32\gpapi.dll
0x00007fff29530000 - 0x00007fff2955c000 	C:\WINDOWS\SYSTEM32\USERENV.dll
0x00007fff29c70000 - 0x00007fff29c7a000 	C:\WINDOWS\SYSTEM32\DPAPI.dll
0x00007fff28ad0000 - 0x00007fff28afd000 	C:\WINDOWS\SYSTEM32\IPHLPAPI.DLL
0x00007fff2b160000 - 0x00007fff2b169000 	C:\WINDOWS\System32\NSI.dll
0x00007fff23960000 - 0x00007fff23979000 	C:\WINDOWS\SYSTEM32\dhcpcsvc6.DLL
0x00007fff23930000 - 0x00007fff2394f000 	C:\WINDOWS\SYSTEM32\dhcpcsvc.DLL
0x00007fff28b00000 - 0x00007fff28bf9000 	C:\WINDOWS\SYSTEM32\DNSAPI.dll
0x00007ffef7bc0000 - 0x00007ffef7d42000 	C:\Users\Donni\.jdks\corretto-11.0.22\bin\awt.dll
0x00007fff263c0000 - 0x00007fff26457000 	C:\WINDOWS\SYSTEM32\apphelp.dll
0x00007fff26f10000 - 0x00007fff26fbb000 	C:\WINDOWS\system32\uxtheme.dll
0x00007fff2c3a0000 - 0x00007fff2c4f0000 	C:\WINDOWS\System32\MSCTF.dll
0x00007fff2c650000 - 0x00007fff2c7f0000 	C:\WINDOWS\System32\ole32.dll
0x00007fff27730000 - 0x00007fff2775b000 	C:\WINDOWS\system32\DWMAPI.DLL
0x00007ffef6b10000 - 0x00007ffef6c10000 	C:\WINDOWS\system32\opengl32.dll
0x00007ffef6ae0000 - 0x00007ffef6b0d000 	C:\WINDOWS\SYSTEM32\GLU32.dll
0x00007fff27570000 - 0x00007fff275a6000 	C:\WINDOWS\SYSTEM32\dxcore.dll
0x00007fff116e0000 - 0x00007fff11767000 	C:\Users\Donni\.jdks\corretto-11.0.22\bin\freetype.dll
0x00007ffef8100000 - 0x00007ffef81d3000 	C:\Users\Donni\.jdks\corretto-11.0.22\bin\fontmanager.dll
0x00007fff105f0000 - 0x00007fff1073a000 	C:\WINDOWS\SYSTEM32\textinputframework.dll
0x00007fff254d0000 - 0x00007fff25604000 	C:\WINDOWS\SYSTEM32\CoreMessaging.dll
0x00007fff23ce0000 - 0x00007fff23ce9000 	C:\Users\Donni\.jdks\corretto-11.0.22\bin\management.dll
0x00007fff22860000 - 0x00007fff22bcc000 	C:\WINDOWS\SYSTEM32\CoreUIComponents.dll
0x00007fff21130000 - 0x00007fff2113b000 	C:\Users\Donni\.jdks\corretto-11.0.22\bin\management_ext.dll
0x00007fff203e0000 - 0x00007fff203ea000 	C:\Windows\System32\rasadhlp.dll
0x00007fff22570000 - 0x00007fff225f3000 	C:\WINDOWS\System32\fwpuclnt.dll
0x00007fff12450000 - 0x00007fff12494000 	C:\Users\Donni\AppData\Local\Temp\jna-68899\jna12365159775599429997.dll
0x00007ffef8060000 - 0x00007ffef80fc000 	C:\Users\Donni\AppData\Local\Temp\jna-68899\jna903580415287359991.dll
0x00007fff0acf0000 - 0x00007fff0ad6f000 	C:\Users\Donni\.jdks\corretto-11.0.22\bin\mlib_image.dll
0x00007fff1fdd0000 - 0x00007fff1fde2000 	C:\Users\Donni\.jdks\corretto-11.0.22\bin\jsound.dll
0x00007ffef78f0000 - 0x00007ffef7992000 	C:\WINDOWS\SYSTEM32\DSOUND.dll
0x00007fff29e60000 - 0x00007fff29ead000 	C:\WINDOWS\SYSTEM32\powrprof.dll
0x00007ffef44a0000 - 0x00007ffef4551000 	C:\WINDOWS\SYSTEM32\ResampleDmo.DLL
0x00007fff125d0000 - 0x00007fff125f9000 	C:\WINDOWS\SYSTEM32\winmmbase.dll
0x00007fff21120000 - 0x00007fff2112b000 	C:\WINDOWS\SYSTEM32\msdmo.dll
0x00007fff29d90000 - 0x00007fff29da3000 	C:\WINDOWS\SYSTEM32\UMPDC.dll
0x00007fff2ae90000 - 0x00007fff2af40000 	C:\WINDOWS\System32\clbcatq.dll
0x00007fff1d470000 - 0x00007fff1d50d000 	C:\WINDOWS\System32\MMDevApi.dll
0x00007fff29bd0000 - 0x00007fff29bfc000 	C:\WINDOWS\System32\DEVOBJ.dll
0x00007fff29c00000 - 0x00007fff29c4e000 	C:\WINDOWS\SYSTEM32\cfgmgr32.dll
0x00007ffeccbc0000 - 0x00007ffeccc06000 	C:\WINDOWS\SYSTEM32\wdmaud.drv
0x00007fff05b50000 - 0x00007fff05b59000 	C:\WINDOWS\SYSTEM32\ksuser.dll
0x00007fff22e70000 - 0x00007fff22e7b000 	C:\WINDOWS\SYSTEM32\AVRT.dll
0x00007fff19ad0000 - 0x00007fff19cbc000 	C:\WINDOWS\SYSTEM32\AUDIOSES.DLL
0x00007fff23cd0000 - 0x00007fff23cde000 	C:\WINDOWS\SYSTEM32\msacm32.drv
0x00007fff19420000 - 0x00007fff1943e000 	C:\WINDOWS\SYSTEM32\MSACM32.dll
0x00007fff19410000 - 0x00007fff1941b000 	C:\WINDOWS\SYSTEM32\midimap.dll
0x00007fff27a70000 - 0x00007fff27a85000 	C:\WINDOWS\SYSTEM32\resourcepolicyclient.dll
0x00007fff1c770000 - 0x00007fff1c8e4000 	C:\Windows\System32\Windows.UI.dll
0x00007fff12420000 - 0x00007fff1244d000 	C:\Users\Donni\.jdks\corretto-11.0.22\bin\javajpeg.dll
0x00007fff122c0000 - 0x00007fff122c6000 	C:\Users\Donni\AppData\Local\Temp\flatlaf.temp\flatlaf-windows-x86_64-2131494051055000.dll
0x00007fff122b0000 - 0x00007fff122b7000 	C:\Users\Donni\.jdks\corretto-11.0.22\bin\jawt.dll
0x00007fff26ec0000 - 0x00007fff26ecd000 	C:\WINDOWS\SYSTEM32\WINNSI.DLL
0x00007fff244b0000 - 0x00007fff24660000 	C:\WINDOWS\SYSTEM32\WindowsCodecs.dll
0x00007ffef3f20000 - 0x00007ffef3f7e000 	C:\WINDOWS\system32\dataexchange.dll
0x00007fff20ac0000 - 0x00007fff20d45000 	C:\WINDOWS\system32\twinapi.appcore.dll
0x00007fff21550000 - 0x00007fff2160c000 	C:\WINDOWS\SYSTEM32\mscms.dll
0x00007fff1fc70000 - 0x00007fff1fcb9000 	C:\WINDOWS\SYSTEM32\icm32.dll

dbghelp: loaded successfully - version: 4.0.5 - missing functions: none
symbol engine: initialized successfully - sym options: 0x614 - pdb path: .;C:\Users\Donni\.jdks\corretto-11.0.22\bin;C:\WINDOWS\SYSTEM32;C:\WINDOWS\WinSxS\amd64_microsoft.windows.common-controls_6595b64144ccf1df_6.0.22621.2506_none_270c5ae97388e100;C:\Users\Donni\.jdks\corretto-11.0.22\bin\server;C:\Users\Donni\AppData\Local\Temp\jna-68899;C:\Users\Donni\AppData\Local\Temp\flatlaf.temp

VM Arguments:
jvm_args: -agentlib:jdwp=transport=dt_socket,server=n,suspend=y,address=127.0.0.1:57805 -javaagent:C:\Users\Donni\.gradle\caches\modules-2\files-2.1\org.jetbrains.kotlinx\kotlinx-coroutines-core-jvm\1.6.0\f3b8fd26c2e76d2f18cbc36aacb6e349fcb9fd5f\kotlinx-coroutines-core-jvm-1.6.0.jar -Dfile.encoding=windows-1252 -Duser.country=US -Duser.language=en -Duser.variant -ea 
java_command: com.piggyplugins.PluginTester
java_class_path (initial): C:\Users\Donni\IdeaProjects\PiggyPlugins\build\classes\java\test;C:\Users\Donni\IdeaProjects\PiggyPlugins\build\resources\test;C:\Users\Donni\IdeaProjects\PiggyPlugins\build\classes\java\main;C:\Users\Donni\IdeaProjects\PiggyPlugins\build\resources\main;C:\Users\Donni\IdeaProjects\PiggyPlugins\AutoTitheFarm\build\libs\AutoTitheFarm-1.0.0.jar;C:\Users\Donni\IdeaProjects\PiggyPlugins\AutoAerial\build\libs\AutoAerial-1.0.0.jar;C:\Users\Donni\IdeaProjects\PiggyPlugins\AutoRuneDragons\build\libs\AutoRuneDragons-1.0.0.jar;C:\Users\Donni\IdeaProjects\PiggyPlugins\AutoBoner\build\libs\AutoBoner-1.0.3.jar;C:\Users\Donni\IdeaProjects\PiggyPlugins\AutoChompy\build\libs\AutoChompy-1.0.3.jar;C:\Users\Donni\IdeaProjects\PiggyPlugins\AutoVorkath\build\libs\AutoVorkath-1.0.19.jar;C:\Users\Donni\IdeaProjects\PiggyPlugins\AutoCombat\build\libs\AutoCombat-1.0.0.jar;C:\Users\Donni\IdeaProjects\PiggyPlugins\AutoTrapper\build\libs\AutoTrapper-1.0.0.jar;C:\Users\Donni\IdeaProjects\PiggyPlugins\AutoSmith\build\libs\AutoSmith-1.0.0.jar;C:\Users\Donni\IdeaProjects\PiggyPlugins\ButterflyCatcher\build\libs\ButterflyCatcher-1.0.0.jar;C:\Users\Donni\IdeaProjects\PiggyPlugins\DialogueContinuer\build\libs\DialogueContinuer-1.0.0.jar;C:\Users\Donni\IdeaProjects\PiggyPlugins\Firemaking\build\libs\Firemaking-1.0.0.jar;C:\Users\Donni\IdeaProjects\PiggyPlugins\KittenFeeder\build\libs\KittenFeeder-1.0.0.jar;C:\Users\Donni\IdeaProjects\PiggyPlugins\AutoJugHumidifier\build\libs\AutoJugHumidifier-1.0.0.jar;C:\Users\Donni\IdeaProjects\PiggyPlugins\AutoRifts\build\libs\AutoRifts-1.0.0.jar;C:\Users\Donni\IdeaProjects\PiggyPlugins\AutoTele\build\libs\AutoTele-1.0.0.jar;C:\Users\Donni\IdeaProjects\PiggyPlugins\CalvarionHelper\build\libs\CalvarionHelper-1.0.0.jar;C:\Users\Donni\IdeaProjects\PiggyPlugins\CannonReloader\build\libs\CannonReloader-1.0.0.jar;C:\Users\Donni\IdeaProjects\PiggyPlugins\E3T4G\build\libs\E3T4G-1.0.0.jar;C:\Users\Donni\IdeaProjects\PiggyPlugins\EthansApi\build\l
Launcher Type: SUN_STANDARD

[Global flags]
     intx CICompilerCount                          = 4                                         {product} {ergonomic}
     uint ConcGCThreads                            = 2                                         {product} {ergonomic}
     uint G1ConcRefinementThreads                  = 8                                         {product} {ergonomic}
   size_t G1HeapRegionSize                         = 1048576                                   {product} {ergonomic}
    uintx GCDrainStackTargetSize                   = 64                                        {product} {ergonomic}
   size_t InitialHeapSize                          = 264241152                                 {product} {ergonomic}
   size_t MarkStackSize                            = 4194304                                   {product} {ergonomic}
   size_t MaxHeapSize                              = 4219469824                                {product} {ergonomic}
   size_t MaxNewSize                               = 2531262464                                {product} {ergonomic}
   size_t MinHeapDeltaBytes                        = 1048576                                   {product} {ergonomic}
    uintx NonNMethodCodeHeapSize                   = 5836300                                {pd product} {ergonomic}
    uintx NonProfiledCodeHeapSize                  = 122910970                              {pd product} {ergonomic}
    uintx ProfiledCodeHeapSize                     = 122910970                              {pd product} {ergonomic}
    uintx ReservedCodeCacheSize                    = 251658240                              {pd product} {ergonomic}
     bool SegmentedCodeCache                       = true                                      {product} {ergonomic}
     bool UseCompressedClassPointers               = true                                 {lp64_product} {ergonomic}
     bool UseCompressedOops                        = true                                 {lp64_product} {ergonomic}
     bool UseG1GC                                  = true                                      {product} {ergonomic}
     bool UseLargePagesIndividualAllocation        = false                                  {pd product} {ergonomic}

Logging:
Log output configuration:
 #0: stdout all=warning uptime,level,tags
 #1: stderr all=off uptime,level,tags

Environment Variables:
JAVA_HOME=C:\Program Files (x86)\Eclipse Adoptium\jdk-11.0.21.9-hotspot\
PATH=C:\Program Files (x86)\Eclipse Adoptium\jdk-11.0.21.9-hotspot\bin;C:\Program Files\Common Files\Oracle\Java\javapath;C:\Python311\Scripts\;C:\Python311\;C:\WINDOWS\system32;C:\WINDOWS;C:\WINDOWS\System32\Wbem;C:\WINDOWS\System32\WindowsPowerShell\v1.0\;C:\WINDOWS\System32\OpenSSH\;C:\ProgramData\chocolatey\bin;C:\Program Files\Git\cmd;C:\Program Files\nodejs\;C:\Program Files\Microsoft VS Code\bin;C:\Program Files\dotnet\;C:\Users\Donni\AppData\Local\Microsoft\WindowsApps;;C:\Exercism;C:\Users\Donni\AppData\Roaming\npm;C:\Program Files\JetBrains\IntelliJ IDEA Community Edition 2023.2.5\bin;
USERNAME=Don
OS=Windows_NT
PROCESSOR_IDENTIFIER=Intel64 Family 6 Model 140 Stepping 1, GenuineIntel
TMP=C:\Users\Donni\AppData\Local\Temp
TEMP=C:\Users\Donni\AppData\Local\Temp



---------------  S Y S T E M  ---------------

OS: Windows 11 , 64 bit Build 22621 (10.0.22621.2506)
OS uptime: 2 days 11:12 hours

CPU:total 8 (initial active 8) (4 cores per cpu, 2 threads per core) family 6 model 140 stepping 1 microcode 0xac, cmov, cx8, fxsr, mmx, sse, sse2, sse3, ssse3, sse4.1, sse4.2, popcnt, avx, avx2, aes, clmul, erms, 3dnowpref, lzcnt, ht, tsc, tscinvbit, bmi1, bmi2, adx, evex, sha, fma

Memory: 4k page, system-wide physical 16091M (7869M free)
TotalPageFile size 17115M (AvailPageFile size 7154M)
current process WorkingSet (physical memory assigned to process): 609M, peak: 633M
current process commit charge ("private bytes"): 645M, peak: 679M

vm_info: OpenJDK 64-Bit Server VM (11.0.22+7-LTS) for windows-amd64 JRE (11.0.22+7-LTS), built on Jan 10 2024 19:54:00 by "Administrator" with MS VC++ 16.10 / 16.11 (VS2019)

END.
