#
# A fatal error has been detected by the Java Runtime Environment:
#
#  Internal Error (c1/c1_LIR.hpp:731), pid=4060, tid=6840
#  Error: ShouldNotReachHere()
#
# JRE version: OpenJDK Runtime Environment Corretto-11.0.22.7.1 (11.0.22+7) (build 11.0.22+7-LTS)
# Java VM: OpenJDK 64-Bit Server VM Corretto-11.0.22.7.1 (11.0.22+7-LTS, mixed mode, tiered, compressed oops, g1 gc, windows-amd64)
# No core dump will be written. Minidumps are not enabled by default on client versions of Windows
#
# If you would like to submit a bug report, please visit:
#   https://github.com/corretto/corretto-11/issues/
#

---------------  S U M M A R Y ------------

Command Line: -agentlib:jdwp=transport=dt_socket,server=n,suspend=y,address=127.0.0.1:59916 -javaagent:C:\Users\Donni\.gradle\caches\modules-2\files-2.1\org.jetbrains.kotlinx\kotlinx-coroutines-core-jvm\1.6.0\f3b8fd26c2e76d2f18cbc36aacb6e349fcb9fd5f\kotlinx-coroutines-core-jvm-1.6.0.jar -Dfile.encoding=windows-1252 -Duser.country=US -Duser.language=en -Duser.variant -ea com.piggyplugins.PluginTester

Host: 11th Gen Intel(R) Core(TM) i5-1145G7 @ 2.60GHz, 8 cores, 15G,  Windows 11 , 64 bit Build 22621 (10.0.22621.2506)
Time: Sat Feb 10 15:52:01 2024 Mountain Standard Time elapsed time: 20.029110 seconds (0d 0h 0m 20s)

---------------  T H R E A D  ---------------

Current thread (0x000001c7ff3f8000):  JavaThread "C1 CompilerThread0" daemon [_thread_in_native, id=6840, stack(0x0000006524900000,0x0000006524a00000)]


Current CompileTask:
C1:  20029 10903 %     3       org.bouncycastle.math.raw.Nat256::mul @ 292 (637 bytes)

Stack: [0x0000006524900000,0x0000006524a00000]
Native frames: (J=compiled Java code, j=interpreted, Vv=VM code, C=native code)
V  [jvm.dll+0x64585a]
V  [jvm.dll+0x7d9bb9]
V  [jvm.dll+0x7db2b9]
V  [jvm.dll+0x7db957]
V  [jvm.dll+0x26941c]
V  [jvm.dll+0x269363]
V  [jvm.dll+0x1760a9]
V  [jvm.dll+0x171ea4]
V  [jvm.dll+0x168c0e]
V  [jvm.dll+0x1552d0]
V  [jvm.dll+0x13c659]
V  [jvm.dll+0x13bf8f]
V  [jvm.dll+0x13c1c4]
V  [jvm.dll+0x13b512]
V  [jvm.dll+0x13d3ac]
V  [jvm.dll+0x2305e9]
V  [jvm.dll+0x22e75f]
V  [jvm.dll+0x79ae51]
V  [jvm.dll+0x793b24]
V  [jvm.dll+0x644615]
C  [ucrtbase.dll+0x29363]
C  [KERNEL32.DLL+0x1257d]
C  [ntdll.dll+0x5aa58]


---------------  P R O C E S S  ---------------

Threads class SMR info:
_java_thread_list=0x000001c78e5d9810, length=41, elements={
0x000001c7feaed800, 0x000001c7ff394000, 0x000001c7ff3ee000, 0x000001c7ff3f3000,
0x000001c7ff3f5800, 0x000001c7ff3f6800, 0x000001c7ff3f8000, 0x000001c7ff3fd000,
0x000001c7ff370800, 0x000001c7ff69d800, 0x000001c7ff6d2800, 0x000001c7ff813000,
0x000001c7ff8fa800, 0x000001c782c8b000, 0x000001c783776800, 0x000001c782c88800,
0x000001c782a6f800, 0x000001c782f37000, 0x000001c7846e2000, 0x000001c784112800,
0x000001c7844c6000, 0x000001c783ac2000, 0x000001c783ac1800, 0x000001c783ac3000,
0x000001c7872ad000, 0x000001c7872a7000, 0x000001c7872a9800, 0x000001c7872a8800,
0x000001c7872ac000, 0x000001c7872aa800, 0x000001c7872a8000, 0x000001c7872ae800,
0x000001c7872b0000, 0x000001c7872b1000, 0x000001c7872ab000, 0x000001c7872b1800,
0x000001c7872ad800, 0x000001c7872b3800, 0x000001c790e2e800, 0x000001c790644800,
0x000001c7872b5000
}

Java Threads: ( => current thread )
  0x000001c7feaed800 JavaThread "Reference Handler" daemon [_thread_blocked, id=10968, stack(0x0000006524300000,0x0000006524400000)]
  0x000001c7ff394000 JavaThread "Finalizer" daemon [_thread_blocked, id=10016, stack(0x0000006524400000,0x0000006524500000)]
  0x000001c7ff3ee000 JavaThread "Signal Dispatcher" daemon [_thread_blocked, id=13720, stack(0x0000006524500000,0x0000006524600000)]
  0x000001c7ff3f3000 JavaThread "Attach Listener" daemon [_thread_blocked, id=9548, stack(0x0000006524600000,0x0000006524700000)]
  0x000001c7ff3f5800 JavaThread "Service Thread" daemon [_thread_blocked, id=1528, stack(0x0000006524700000,0x0000006524800000)]
  0x000001c7ff3f6800 JavaThread "C2 CompilerThread0" daemon [_thread_in_native, id=16104, stack(0x0000006524800000,0x0000006524900000)]
=>0x000001c7ff3f8000 JavaThread "C1 CompilerThread0" daemon [_thread_in_native, id=6840, stack(0x0000006524900000,0x0000006524a00000)]
  0x000001c7ff3fd000 JavaThread "Sweeper thread" daemon [_thread_blocked, id=9380, stack(0x0000006524a00000,0x0000006524b00000)]
  0x000001c7ff370800 JavaThread "Common-Cleaner" daemon [_thread_blocked, id=15088, stack(0x0000006524b00000,0x0000006524c00000)]
  0x000001c7ff69d800 JavaThread "JDWP Transport Listener: dt_socket" daemon [_thread_blocked, id=15008, stack(0x0000006524d00000,0x0000006524e00000)]
  0x000001c7ff6d2800 JavaThread "JDWP Event Helper Thread" daemon [_thread_blocked, id=10088, stack(0x0000006524e00000,0x0000006524f00000)]
  0x000001c7ff813000 JavaThread "JDWP Command Reader" daemon [_thread_in_native, id=16072, stack(0x0000006524f00000,0x0000006525000000)]
  0x000001c7ff8fa800 JavaThread "Coroutines Debugger Cleaner" daemon [_thread_blocked, id=2068, stack(0x0000006525000000,0x0000006525100000)]
  0x000001c782c8b000 JavaThread "Java2D Disposer" daemon [_thread_blocked, id=10004, stack(0x0000006525b00000,0x0000006525c00000)]
  0x000001c783776800 JavaThread "AWT-Shutdown" [_thread_blocked, id=7832, stack(0x0000006525c00000,0x0000006525d00000)]
  0x000001c782c88800 JavaThread "AWT-Windows" daemon [_thread_in_native, id=10408, stack(0x0000006525d00000,0x0000006525e00000)]
  0x000001c782a6f800 JavaThread "AWT-EventQueue-0" [_thread_blocked, id=15328, stack(0x0000006525f00000,0x0000006526000000)]
  0x000001c782f37000 JavaThread "TimerQueue" daemon [_thread_blocked, id=8964, stack(0x0000006526000000,0x0000006526100000)]
  0x000001c7846e2000 JavaThread "OkHttp Dispatcher" [_thread_blocked, id=9096, stack(0x0000006526100000,0x0000006526200000)]
  0x000001c784112800 JavaThread "OkHttp static.runelite.net Writer" [_thread_blocked, id=13640, stack(0x0000006526400000,0x0000006526500000)]
  0x000001c7844c6000 JavaThread "OkHttp static.runelite.net" [_thread_in_native, id=12356, stack(0x0000006526500000,0x0000006526600000)]
  0x000001c783ac2000 JavaThread "OkHttp ConnectionPool" daemon [_thread_blocked, id=1688, stack(0x0000006526600000,0x0000006526700000)]
  0x000001c783ac1800 JavaThread "Okio Watchdog" daemon [_thread_blocked, id=7864, stack(0x0000006526700000,0x0000006526800000)]
  0x000001c783ac3000 JavaThread "OkHttp Http2Connection" daemon [_thread_blocked, id=12160, stack(0x0000006524c00000,0x0000006524d00000)]
  0x000001c7872ad000 JavaThread "pool-2-thread-1" [_thread_blocked, id=13960, stack(0x0000006526c00000,0x0000006526d00000)]
  0x000001c7872a7000 JavaThread "Thread-2" daemon [_thread_blocked, id=14804, stack(0x0000006526200000,0x0000006526300000)]
  0x000001c7872a9800 JavaThread "Client" daemon [_thread_in_native, id=1132, stack(0x0000006526d00000,0x0000006526e00000)]
  0x000001c7872a8800 JavaThread "Thread-4" daemon [_thread_in_native, id=13912, stack(0x0000006526b00000,0x0000006526c00000)]
  0x000001c7872ac000 JavaThread "Thread-5" daemon [_thread_in_native, id=16360, stack(0x0000006526f00000,0x0000006527000000)]
  0x000001c7872aa800 JavaThread "Thread-6" daemon [_thread_blocked, id=7912, stack(0x0000006527000000,0x0000006527100000)]
  0x000001c7872a8000 JavaThread "cache io" daemon [_thread_blocked, id=13048, stack(0x0000006526e00000,0x0000006526f00000)]
  0x000001c7872ae800 JavaThread "Java Sound Event Dispatcher" daemon [_thread_blocked, id=13424, stack(0x0000006527400000,0x0000006527500000)]
  0x000001c7872b0000 JavaThread "Sound Engine" [_thread_blocked, id=6064, stack(0x0000006527800000,0x0000006527900000)]
  0x000001c7872b1000 JavaThread "Thread-8" daemon [_thread_blocked, id=5492, stack(0x0000006527b00000,0x0000006527c00000)]
  0x000001c7872ab000 JavaThread "pool-5-thread-1" [_thread_in_native, id=6196, stack(0x0000006527e00000,0x0000006527f00000)]
  0x000001c7872b1800 JavaThread "DestroyJavaVM" [_thread_blocked, id=3492, stack(0x0000006523c00000,0x0000006523d00000)]
  0x000001c7872ad800 JavaThread "Thread-10" daemon [_thread_in_native, id=4764, stack(0x0000006526900000,0x0000006526a00000)]
  0x000001c7872b3800 JavaThread "Thread-11" daemon [_thread_blocked, id=14612, stack(0x0000006526a00000,0x0000006526b00000)]
  0x000001c790e2e800 JavaThread "C2 CompilerThread1" daemon [_thread_in_native, id=15960, stack(0x0000006527100000,0x0000006527200000)]
  0x000001c790644800 JavaThread "C2 CompilerThread2" daemon [_thread_in_native, id=9512, stack(0x0000006527d00000,0x0000006527e00000)]
  0x000001c7872b5000 JavaThread "crmsession-rest-request-1" daemon [_thread_in_native, id=3924, stack(0x0000006528000000,0x0000006528100000)]

Other Threads:
  0x000001c7feaeb000 VMThread "VM Thread" [stack: 0x0000006524200000,0x0000006524300000] [id=5388]
  0x000001c7ffd96800 WatcherThread [stack: 0x0000006525100000,0x0000006525200000] [id=8636]
  0x000001c7dcf71000 GCTaskThread "GC Thread#0" [stack: 0x0000006523d00000,0x0000006523e00000] [id=6384]
  0x000001c7826a1800 GCTaskThread "GC Thread#1" [stack: 0x0000006525300000,0x0000006525400000] [id=12360]
  0x000001c78237d000 GCTaskThread "GC Thread#2" [stack: 0x0000006525400000,0x0000006525500000] [id=7108]
  0x000001c782208800 GCTaskThread "GC Thread#3" [stack: 0x0000006525500000,0x0000006525600000] [id=16124]
  0x000001c7828e1000 GCTaskThread "GC Thread#4" [stack: 0x0000006525600000,0x0000006525700000] [id=4396]
  0x000001c7fff3c000 GCTaskThread "GC Thread#5" [stack: 0x0000006525700000,0x0000006525800000] [id=3252]
  0x000001c783ca5800 GCTaskThread "GC Thread#6" [stack: 0x0000006525200000,0x0000006525300000] [id=16040]
  0x000001c78440a800 GCTaskThread "GC Thread#7" [stack: 0x0000006526800000,0x0000006526900000] [id=15736]
  0x000001c7dcfcb800 ConcurrentGCThread "G1 Main Marker" [stack: 0x0000006523e00000,0x0000006523f00000] [id=8076]
  0x000001c7dcfce000 ConcurrentGCThread "G1 Conc#0" [stack: 0x0000006523f00000,0x0000006524000000] [id=13544]
  0x000001c782b35000 ConcurrentGCThread "G1 Conc#1" [stack: 0x0000006525e00000,0x0000006525f00000] [id=5724]
  0x000001c7fe9d1000 ConcurrentGCThread "G1 Refine#0" [stack: 0x0000006524000000,0x0000006524100000] [id=13876]
  0x000001c7ffaf3000 ConcurrentGCThread "G1 Refine#1" [stack: 0x0000006525800000,0x0000006525900000] [id=16312]
  0x000001c7ffe70800 ConcurrentGCThread "G1 Refine#2" [stack: 0x0000006525900000,0x0000006525a00000] [id=10788]
  0x000001c7fe9d2000 ConcurrentGCThread "G1 Young RemSet Sampling" [stack: 0x0000006524100000,0x0000006524200000] [id=15836]

Threads with active compile tasks:
C2 CompilerThread0    20042 10226 %     4       km::bj @ 685 (2113 bytes)
C1 CompilerThread0    20042 10903 %     3       org.bouncycastle.math.raw.Nat256::mul @ 292 (637 bytes)
C2 CompilerThread1    20042 10615   !   4       jt::af (4395 bytes)
C2 CompilerThread2    20042 10286   !   4       fx::ag (5569 bytes)

VM state:not at safepoint (normal execution)

VM Mutex/Monitor currently owned by a thread: None

Heap address: 0x0000000704800000, size: 4024 MB, Compressed Oops mode: Zero based, Oop shift amount: 3
Narrow klass base: 0x0000000800000000, Narrow klass shift: 0
Compressed class space size: 1073741824 Address: 0x0000000800000000

Heap:
 garbage-first heap   total 372736K, used 280829K [0x0000000704800000, 0x0000000800000000)
  region size 1024K, 109 young (111616K), 14 survivors (14336K)
 Metaspace       used 88383K, capacity 91375K, committed 91648K, reserved 1130496K
  class space    used 9226K, capacity 10477K, committed 10496K, reserved 1048576K
Heap Regions: E=young(eden), S=young(survivor), O=old, HS=humongous(starts), HC=humongous(continues), CS=collection set, F=free, A=archive, TAMS=top-at-mark-start (previous, next)
|   0|0x0000000704800000, 0x0000000704900000, 0x0000000704900000|100%| O|  |TAMS 0x0000000704900000, 0x0000000704800000| Untracked 
|   1|0x0000000704900000, 0x0000000704a00000, 0x0000000704a00000|100%| O|  |TAMS 0x0000000704a00000, 0x0000000704900000| Untracked 
|   2|0x0000000704a00000, 0x0000000704b00000, 0x0000000704b00000|100%| O|  |TAMS 0x0000000704b00000, 0x0000000704a00000| Untracked 
|   3|0x0000000704b00000, 0x0000000704c00000, 0x0000000704c00000|100%| O|  |TAMS 0x0000000704c00000, 0x0000000704b00000| Untracked 
|   4|0x0000000704c00000, 0x0000000704d00000, 0x0000000704d00000|100%| O|  |TAMS 0x0000000704d00000, 0x0000000704c00000| Untracked 
|   5|0x0000000704d00000, 0x0000000704e00000, 0x0000000704e00000|100%| O|  |TAMS 0x0000000704e00000, 0x0000000704d00000| Untracked 
|   6|0x0000000704e00000, 0x0000000704f00000, 0x0000000704f00000|100%| O|  |TAMS 0x0000000704f00000, 0x0000000704e00000| Untracked 
|   7|0x0000000704f00000, 0x0000000705000000, 0x0000000705000000|100%| O|  |TAMS 0x0000000705000000, 0x0000000704f00000| Untracked 
|   8|0x0000000705000000, 0x0000000705100000, 0x0000000705100000|100%| O|  |TAMS 0x0000000705100000, 0x0000000705000000| Untracked 
|   9|0x0000000705100000, 0x0000000705200000, 0x0000000705200000|100%| O|  |TAMS 0x0000000705200000, 0x0000000705100000| Untracked 
|  10|0x0000000705200000, 0x0000000705300000, 0x0000000705300000|100%| O|  |TAMS 0x0000000705300000, 0x0000000705200000| Complete 
|  11|0x0000000705300000, 0x0000000705400000, 0x0000000705400000|100%|HS|  |TAMS 0x0000000705400000, 0x0000000705300000| Complete 
|  12|0x0000000705400000, 0x0000000705500000, 0x0000000705500000|100%|HC|  |TAMS 0x0000000705500000, 0x0000000705400000| Complete 
|  13|0x0000000705500000, 0x0000000705600000, 0x0000000705600000|100%|HC|  |TAMS 0x0000000705600000, 0x0000000705500000| Complete 
|  14|0x0000000705600000, 0x0000000705700000, 0x0000000705700000|100%| O|  |TAMS 0x0000000705700000, 0x0000000705600000| Untracked 
|  15|0x0000000705700000, 0x0000000705800000, 0x0000000705800000|100%| O|  |TAMS 0x0000000705800000, 0x0000000705700000| Complete 
|  16|0x0000000705800000, 0x0000000705900000, 0x0000000705900000|100%| O|  |TAMS 0x0000000705900000, 0x0000000705800000| Untracked 
|  17|0x0000000705900000, 0x0000000705a00000, 0x0000000705a00000|100%| O|  |TAMS 0x0000000705a00000, 0x0000000705900000| Complete 
|  18|0x0000000705a00000, 0x0000000705b00000, 0x0000000705b00000|100%|HS|  |TAMS 0x0000000705b00000, 0x0000000705a00000| Complete 
|  19|0x0000000705b00000, 0x0000000705c00000, 0x0000000705c00000|100%|HC|  |TAMS 0x0000000705c00000, 0x0000000705b00000| Complete 
|  20|0x0000000705c00000, 0x0000000705d00000, 0x0000000705d00000|100%|HS|  |TAMS 0x0000000705d00000, 0x0000000705c00000| Complete 
|  21|0x0000000705d00000, 0x0000000705e00000, 0x0000000705e00000|100%|HC|  |TAMS 0x0000000705e00000, 0x0000000705d00000| Complete 
|  22|0x0000000705e00000, 0x0000000705f00000, 0x0000000705f00000|100%|HS|  |TAMS 0x0000000705f00000, 0x0000000705e00000| Complete 
|  23|0x0000000705f00000, 0x0000000706000000, 0x0000000706000000|100%|HC|  |TAMS 0x0000000706000000, 0x0000000705f00000| Complete 
|  24|0x0000000706000000, 0x0000000706100000, 0x0000000706100000|100%|HS|  |TAMS 0x0000000706100000, 0x0000000706000000| Complete 
|  25|0x0000000706100000, 0x0000000706200000, 0x0000000706200000|100%|HC|  |TAMS 0x0000000706200000, 0x0000000706100000| Complete 
|  26|0x0000000706200000, 0x0000000706300000, 0x0000000706300000|100%|HS|  |TAMS 0x0000000706300000, 0x0000000706200000| Complete 
|  27|0x0000000706300000, 0x0000000706400000, 0x0000000706400000|100%|HC|  |TAMS 0x0000000706400000, 0x0000000706300000| Complete 
|  28|0x0000000706400000, 0x0000000706500000, 0x0000000706500000|100%|HS|  |TAMS 0x0000000706500000, 0x0000000706400000| Complete 
|  29|0x0000000706500000, 0x0000000706600000, 0x0000000706600000|100%|HC|  |TAMS 0x0000000706600000, 0x0000000706500000| Complete 
|  30|0x0000000706600000, 0x0000000706700000, 0x0000000706700000|100%|HS|  |TAMS 0x0000000706700000, 0x0000000706600000| Complete 
|  31|0x0000000706700000, 0x0000000706800000, 0x0000000706800000|100%|HC|  |TAMS 0x0000000706800000, 0x0000000706700000| Complete 
|  32|0x0000000706800000, 0x0000000706900000, 0x0000000706900000|100%|HS|  |TAMS 0x0000000706900000, 0x0000000706800000| Complete 
|  33|0x0000000706900000, 0x0000000706a00000, 0x0000000706a00000|100%|HC|  |TAMS 0x0000000706a00000, 0x0000000706900000| Complete 
|  34|0x0000000706a00000, 0x0000000706b00000, 0x0000000706b00000|100%|HC|  |TAMS 0x0000000706b00000, 0x0000000706a00000| Complete 
|  35|0x0000000706b00000, 0x0000000706c00000, 0x0000000706c00000|100%|HC|  |TAMS 0x0000000706c00000, 0x0000000706b00000| Complete 
|  36|0x0000000706c00000, 0x0000000706d00000, 0x0000000706d00000|100%|HC|  |TAMS 0x0000000706d00000, 0x0000000706c00000| Complete 
|  37|0x0000000706d00000, 0x0000000706e00000, 0x0000000706e00000|100%|HC|  |TAMS 0x0000000706e00000, 0x0000000706d00000| Complete 
|  38|0x0000000706e00000, 0x0000000706f00000, 0x0000000706f00000|100%|HS|  |TAMS 0x0000000706f00000, 0x0000000706e00000| Complete 
|  39|0x0000000706f00000, 0x0000000707000000, 0x0000000707000000|100%|HC|  |TAMS 0x0000000707000000, 0x0000000706f00000| Complete 
|  40|0x0000000707000000, 0x0000000707100000, 0x0000000707100000|100%|HS|  |TAMS 0x0000000707100000, 0x0000000707000000| Complete 
|  41|0x0000000707100000, 0x0000000707200000, 0x0000000707200000|100%|HC|  |TAMS 0x0000000707200000, 0x0000000707100000| Complete 
|  42|0x0000000707200000, 0x0000000707300000, 0x0000000707300000|100%|HS|  |TAMS 0x0000000707300000, 0x0000000707200000| Complete 
|  43|0x0000000707300000, 0x0000000707400000, 0x0000000707400000|100%|HC|  |TAMS 0x0000000707400000, 0x0000000707300000| Complete 
|  44|0x0000000707400000, 0x0000000707500000, 0x0000000707500000|100%| O|  |TAMS 0x0000000707500000, 0x0000000707400000| Complete 
|  45|0x0000000707500000, 0x0000000707600000, 0x0000000707600000|100%| O|  |TAMS 0x0000000707600000, 0x0000000707500000| Complete 
|  46|0x0000000707600000, 0x0000000707700000, 0x0000000707700000|100%| O|  |TAMS 0x0000000707700000, 0x0000000707600000| Untracked 
|  47|0x0000000707700000, 0x0000000707800000, 0x0000000707800000|100%| O|  |TAMS 0x0000000707800000, 0x0000000707700000| Untracked 
|  48|0x0000000707800000, 0x0000000707900000, 0x0000000707900000|100%| O|  |TAMS 0x0000000707900000, 0x0000000707800000| Complete 
|  49|0x0000000707900000, 0x0000000707a00000, 0x0000000707a00000|100%| O|  |TAMS 0x0000000707a00000, 0x0000000707900000| Complete 
|  50|0x0000000707a00000, 0x0000000707b00000, 0x0000000707b00000|100%| O|  |TAMS 0x0000000707b00000, 0x0000000707a00000| Untracked 
|  51|0x0000000707b00000, 0x0000000707c00000, 0x0000000707c00000|100%| O|  |TAMS 0x0000000707c00000, 0x0000000707b00000| Complete 
|  52|0x0000000707c00000, 0x0000000707d00000, 0x0000000707d00000|100%| O|  |TAMS 0x0000000707d00000, 0x0000000707c00000| Complete 
|  53|0x0000000707d00000, 0x0000000707e00000, 0x0000000707e00000|100%| O|  |TAMS 0x0000000707e00000, 0x0000000707d00000| Untracked 
|  54|0x0000000707e00000, 0x0000000707f00000, 0x0000000707f00000|100%| O|  |TAMS 0x0000000707f00000, 0x0000000707e00000| Complete 
|  55|0x0000000707f00000, 0x0000000708000000, 0x0000000708000000|100%| O|  |TAMS 0x0000000708000000, 0x0000000707f00000| Complete 
|  56|0x0000000708000000, 0x0000000708100000, 0x0000000708100000|100%| O|  |TAMS 0x0000000708100000, 0x0000000708000000| Complete 
|  57|0x0000000708100000, 0x0000000708200000, 0x0000000708200000|100%| O|  |TAMS 0x0000000708200000, 0x0000000708100000| Complete 
|  58|0x0000000708200000, 0x0000000708300000, 0x0000000708300000|100%| O|  |TAMS 0x0000000708300000, 0x0000000708200000| Complete 
|  59|0x0000000708300000, 0x0000000708400000, 0x0000000708400000|100%|HS|  |TAMS 0x0000000708400000, 0x0000000708300000| Complete 
|  60|0x0000000708400000, 0x0000000708500000, 0x0000000708500000|100%|HC|  |TAMS 0x0000000708500000, 0x0000000708400000| Complete 
|  61|0x0000000708500000, 0x0000000708600000, 0x0000000708600000|100%| O|  |TAMS 0x0000000708600000, 0x0000000708500000| Complete 
|  62|0x0000000708600000, 0x0000000708700000, 0x0000000708700000|100%|HS|  |TAMS 0x0000000708600000, 0x0000000708600000| Complete 
|  63|0x0000000708700000, 0x0000000708800000, 0x0000000708800000|100%|HS|  |TAMS 0x0000000708700000, 0x0000000708700000| Complete 
|  64|0x0000000708800000, 0x0000000708900000, 0x0000000708900000|100%| O|  |TAMS 0x0000000708900000, 0x0000000708800000| Complete 
|  65|0x0000000708900000, 0x0000000708a00000, 0x0000000708a00000|100%| O|  |TAMS 0x0000000708a00000, 0x0000000708900000| Complete 
|  66|0x0000000708a00000, 0x0000000708b00000, 0x0000000708b00000|100%| O|  |TAMS 0x0000000708b00000, 0x0000000708a00000| Complete 
|  67|0x0000000708b00000, 0x0000000708c00000, 0x0000000708c00000|100%| O|  |TAMS 0x0000000708c00000, 0x0000000708b00000| Complete 
|  68|0x0000000708c00000, 0x0000000708d00000, 0x0000000708d00000|100%| O|  |TAMS 0x0000000708d00000, 0x0000000708c00000| Complete 
|  69|0x0000000708d00000, 0x0000000708e00000, 0x0000000708e00000|100%| O|  |TAMS 0x0000000708e00000, 0x0000000708d00000| Untracked 
|  70|0x0000000708e00000, 0x0000000708f00000, 0x0000000708f00000|100%| O|  |TAMS 0x0000000708f00000, 0x0000000708e00000| Complete 
|  71|0x0000000708f00000, 0x0000000709000000, 0x0000000709000000|100%| O|  |TAMS 0x0000000709000000, 0x0000000708f00000| Untracked 
|  72|0x0000000709000000, 0x0000000709100000, 0x0000000709100000|100%| O|  |TAMS 0x0000000709100000, 0x0000000709000000| Complete 
|  73|0x0000000709100000, 0x0000000709200000, 0x0000000709200000|100%| O|  |TAMS 0x0000000709200000, 0x0000000709100000| Complete 
|  74|0x0000000709200000, 0x0000000709300000, 0x0000000709300000|100%| O|  |TAMS 0x0000000709300000, 0x0000000709200000| Complete 
|  75|0x0000000709300000, 0x0000000709400000, 0x0000000709400000|100%| O|  |TAMS 0x0000000709400000, 0x0000000709300000| Untracked 
|  76|0x0000000709400000, 0x0000000709500000, 0x0000000709500000|100%| O|  |TAMS 0x0000000709500000, 0x0000000709400000| Complete 
|  77|0x0000000709500000, 0x0000000709600000, 0x0000000709600000|100%| O|  |TAMS 0x0000000709600000, 0x0000000709500000| Complete 
|  78|0x0000000709600000, 0x0000000709700000, 0x0000000709700000|100%| O|  |TAMS 0x0000000709700000, 0x0000000709600000| Untracked 
|  79|0x0000000709700000, 0x0000000709800000, 0x0000000709800000|100%| O|  |TAMS 0x0000000709800000, 0x0000000709700000| Complete 
|  80|0x0000000709800000, 0x0000000709900000, 0x0000000709900000|100%| O|  |TAMS 0x0000000709900000, 0x0000000709800000| Untracked 
|  81|0x0000000709900000, 0x0000000709a00000, 0x0000000709a00000|100%| O|  |TAMS 0x0000000709a00000, 0x0000000709900000| Untracked 
|  82|0x0000000709a00000, 0x0000000709b00000, 0x0000000709b00000|100%| O|  |TAMS 0x0000000709b00000, 0x0000000709a00000| Untracked 
|  83|0x0000000709b00000, 0x0000000709c00000, 0x0000000709c00000|100%| O|  |TAMS 0x0000000709c00000, 0x0000000709b00000| Untracked 
|  84|0x0000000709c00000, 0x0000000709d00000, 0x0000000709d00000|100%| O|  |TAMS 0x0000000709d00000, 0x0000000709c00000| Untracked 
|  85|0x0000000709d00000, 0x0000000709e00000, 0x0000000709e00000|100%| O|  |TAMS 0x0000000709e00000, 0x0000000709d00000| Untracked 
|  86|0x0000000709e00000, 0x0000000709f00000, 0x0000000709f00000|100%| O|  |TAMS 0x0000000709f00000, 0x0000000709e00000| Untracked 
|  87|0x0000000709f00000, 0x000000070a000000, 0x000000070a000000|100%| O|  |TAMS 0x000000070a000000, 0x0000000709f00000| Untracked 
|  88|0x000000070a000000, 0x000000070a100000, 0x000000070a100000|100%| O|  |TAMS 0x000000070a100000, 0x000000070a000000| Untracked 
|  89|0x000000070a100000, 0x000000070a200000, 0x000000070a200000|100%| O|  |TAMS 0x000000070a200000, 0x000000070a100000| Untracked 
|  90|0x000000070a200000, 0x000000070a300000, 0x000000070a300000|100%| O|  |TAMS 0x000000070a300000, 0x000000070a200000| Untracked 
|  91|0x000000070a300000, 0x000000070a400000, 0x000000070a400000|100%| O|  |TAMS 0x000000070a400000, 0x000000070a300000| Untracked 
|  92|0x000000070a400000, 0x000000070a500000, 0x000000070a500000|100%| O|  |TAMS 0x000000070a500000, 0x000000070a400000| Untracked 
|  93|0x000000070a500000, 0x000000070a600000, 0x000000070a600000|100%| O|  |TAMS 0x000000070a600000, 0x000000070a500000| Untracked 
|  94|0x000000070a600000, 0x000000070a700000, 0x000000070a700000|100%| O|  |TAMS 0x000000070a700000, 0x000000070a600000| Complete 
|  95|0x000000070a700000, 0x000000070a76e400, 0x000000070a800000| 43%| O|  |TAMS 0x000000070a76e400, 0x000000070a700000| Untracked 
|  96|0x000000070a800000, 0x000000070a900000, 0x000000070a900000|100%| O|  |TAMS 0x000000070a900000, 0x000000070a800000| Complete 
|  97|0x000000070a900000, 0x000000070aa00000, 0x000000070aa00000|100%|HS|  |TAMS 0x000000070a900000, 0x000000070a900000| Complete 
|  98|0x000000070aa00000, 0x000000070ab00000, 0x000000070ab00000|100%| O|  |TAMS 0x000000070ab00000, 0x000000070aa00000| Complete 
|  99|0x000000070ab00000, 0x000000070ac00000, 0x000000070ac00000|100%| O|  |TAMS 0x000000070ac00000, 0x000000070ab00000| Complete 
| 100|0x000000070ac00000, 0x000000070ad00000, 0x000000070ad00000|100%| O|  |TAMS 0x000000070ad00000, 0x000000070ac00000| Complete 
| 101|0x000000070ad00000, 0x000000070ad00000, 0x000000070ae00000|  0%| F|  |TAMS 0x000000070ad00000, 0x000000070ad00000| Untracked 
| 102|0x000000070ae00000, 0x000000070af00000, 0x000000070af00000|100%| O|  |TAMS 0x000000070af00000, 0x000000070ae00000| Complete 
| 103|0x000000070af00000, 0x000000070b000000, 0x000000070b000000|100%| O|  |TAMS 0x000000070b000000, 0x000000070af00000| Complete 
| 104|0x000000070b000000, 0x000000070b100000, 0x000000070b100000|100%| O|  |TAMS 0x000000070b100000, 0x000000070b000000| Untracked 
| 105|0x000000070b100000, 0x000000070b200000, 0x000000070b200000|100%| O|  |TAMS 0x000000070b200000, 0x000000070b100000| Complete 
| 106|0x000000070b200000, 0x000000070b300000, 0x000000070b300000|100%| O|  |TAMS 0x000000070b300000, 0x000000070b200000| Untracked 
| 107|0x000000070b300000, 0x000000070b400000, 0x000000070b400000|100%| O|  |TAMS 0x000000070b400000, 0x000000070b300000| Untracked 
| 108|0x000000070b400000, 0x000000070b500000, 0x000000070b500000|100%| O|  |TAMS 0x000000070b500000, 0x000000070b400000| Complete 
| 109|0x000000070b500000, 0x000000070b600000, 0x000000070b600000|100%| O|  |TAMS 0x000000070b600000, 0x000000070b500000| Complete 
| 110|0x000000070b600000, 0x000000070b700000, 0x000000070b700000|100%| O|  |TAMS 0x000000070b700000, 0x000000070b600000| Complete 
| 111|0x000000070b700000, 0x000000070b800000, 0x000000070b800000|100%| O|  |TAMS 0x000000070b800000, 0x000000070b700000| Complete 
| 112|0x000000070b800000, 0x000000070b900000, 0x000000070b900000|100%| O|  |TAMS 0x000000070b900000, 0x000000070b800000| Untracked 
| 113|0x000000070b900000, 0x000000070ba00000, 0x000000070ba00000|100%| O|  |TAMS 0x000000070ba00000, 0x000000070b900000| Untracked 
| 114|0x000000070ba00000, 0x000000070bb00000, 0x000000070bb00000|100%| O|  |TAMS 0x000000070bb00000, 0x000000070ba00000| Untracked 
| 115|0x000000070bb00000, 0x000000070bc00000, 0x000000070bc00000|100%| O|  |TAMS 0x000000070bc00000, 0x000000070bb00000| Complete 
| 116|0x000000070bc00000, 0x000000070bd00000, 0x000000070bd00000|100%| O|  |TAMS 0x000000070bd00000, 0x000000070bc00000| Complete 
| 117|0x000000070bd00000, 0x000000070be00000, 0x000000070be00000|100%| O|  |TAMS 0x000000070be00000, 0x000000070bd00000| Untracked 
| 118|0x000000070be00000, 0x000000070bf00000, 0x000000070bf00000|100%| O|  |TAMS 0x000000070bf00000, 0x000000070be00000| Complete 
| 119|0x000000070bf00000, 0x000000070bf00000, 0x000000070c000000|  0%| F|  |TAMS 0x000000070bf00000, 0x000000070bf00000| Untracked 
| 120|0x000000070c000000, 0x000000070c100000, 0x000000070c100000|100%| O|  |TAMS 0x000000070c100000, 0x000000070c000000| Complete 
| 121|0x000000070c100000, 0x000000070c200000, 0x000000070c200000|100%| O|  |TAMS 0x000000070c200000, 0x000000070c100000| Untracked 
| 122|0x000000070c200000, 0x000000070c300000, 0x000000070c300000|100%|HS|  |TAMS 0x000000070c200000, 0x000000070c200000| Complete 
| 123|0x000000070c300000, 0x000000070c400000, 0x000000070c400000|100%|HC|  |TAMS 0x000000070c300000, 0x000000070c300000| Complete 
| 124|0x000000070c400000, 0x000000070c500000, 0x000000070c500000|100%| O|  |TAMS 0x000000070c500000, 0x000000070c400000| Complete 
| 125|0x000000070c500000, 0x000000070c600000, 0x000000070c600000|100%|HS|  |TAMS 0x000000070c600000, 0x000000070c500000| Complete 
| 126|0x000000070c600000, 0x000000070c700000, 0x000000070c700000|100%|HC|  |TAMS 0x000000070c700000, 0x000000070c600000| Complete 
| 127|0x000000070c700000, 0x000000070c800000, 0x000000070c800000|100%|HC|  |TAMS 0x000000070c800000, 0x000000070c700000| Complete 
| 128|0x000000070c800000, 0x000000070c900000, 0x000000070c900000|100%|HC|  |TAMS 0x000000070c900000, 0x000000070c800000| Complete 
| 129|0x000000070c900000, 0x000000070ca00000, 0x000000070ca00000|100%|HS|  |TAMS 0x000000070ca00000, 0x000000070c900000| Complete 
| 130|0x000000070ca00000, 0x000000070cb00000, 0x000000070cb00000|100%|HC|  |TAMS 0x000000070cb00000, 0x000000070ca00000| Complete 
| 131|0x000000070cb00000, 0x000000070cc00000, 0x000000070cc00000|100%|HS|  |TAMS 0x000000070cc00000, 0x000000070cb00000| Complete 
| 132|0x000000070cc00000, 0x000000070cd00000, 0x000000070cd00000|100%|HC|  |TAMS 0x000000070cd00000, 0x000000070cc00000| Complete 
| 133|0x000000070cd00000, 0x000000070ce00000, 0x000000070ce00000|100%|HS|  |TAMS 0x000000070ce00000, 0x000000070cd00000| Complete 
| 134|0x000000070ce00000, 0x000000070cf00000, 0x000000070cf00000|100%|HC|  |TAMS 0x000000070cf00000, 0x000000070ce00000| Complete 
| 135|0x000000070cf00000, 0x000000070cf00000, 0x000000070d000000|  0%| F|  |TAMS 0x000000070cf00000, 0x000000070cf00000| Untracked 
| 136|0x000000070d000000, 0x000000070d100000, 0x000000070d100000|100%| O|  |TAMS 0x000000070d100000, 0x000000070d000000| Complete 
| 137|0x000000070d100000, 0x000000070d100000, 0x000000070d200000|  0%| F|  |TAMS 0x000000070d100000, 0x000000070d100000| Untracked 
| 138|0x000000070d200000, 0x000000070d300000, 0x000000070d300000|100%| O|  |TAMS 0x000000070d300000, 0x000000070d200000| Complete 
| 139|0x000000070d300000, 0x000000070d400000, 0x000000070d400000|100%|HS|  |TAMS 0x000000070d400000, 0x000000070d300000| Complete 
| 140|0x000000070d400000, 0x000000070d500000, 0x000000070d500000|100%|HC|  |TAMS 0x000000070d500000, 0x000000070d400000| Complete 
| 141|0x000000070d500000, 0x000000070d600000, 0x000000070d600000|100%| O|  |TAMS 0x000000070d600000, 0x000000070d500000| Untracked 
| 142|0x000000070d600000, 0x000000070d700000, 0x000000070d700000|100%| O|  |TAMS 0x000000070d700000, 0x000000070d600000| Untracked 
| 143|0x000000070d700000, 0x000000070d800000, 0x000000070d800000|100%| O|  |TAMS 0x000000070d800000, 0x000000070d700000| Complete 
| 144|0x000000070d800000, 0x000000070d900000, 0x000000070d900000|100%| O|  |TAMS 0x000000070d900000, 0x000000070d800000| Complete 
| 145|0x000000070d900000, 0x000000070da00000, 0x000000070da00000|100%| O|  |TAMS 0x000000070da00000, 0x000000070d900000| Complete 
| 146|0x000000070da00000, 0x000000070db00000, 0x000000070db00000|100%| O|  |TAMS 0x000000070db00000, 0x000000070da00000| Untracked 
| 147|0x000000070db00000, 0x000000070dc00000, 0x000000070dc00000|100%| O|  |TAMS 0x000000070dc00000, 0x000000070db00000| Complete 
| 148|0x000000070dc00000, 0x000000070dd00000, 0x000000070dd00000|100%| O|  |TAMS 0x000000070dd00000, 0x000000070dc00000| Complete 
| 149|0x000000070dd00000, 0x000000070de00000, 0x000000070de00000|100%| O|  |TAMS 0x000000070de00000, 0x000000070dd00000| Untracked 
| 150|0x000000070de00000, 0x000000070df00000, 0x000000070df00000|100%| O|  |TAMS 0x000000070df00000, 0x000000070de00000| Complete 
| 151|0x000000070df00000, 0x000000070e000000, 0x000000070e000000|100%| O|  |TAMS 0x000000070e000000, 0x000000070df00000| Untracked 
| 152|0x000000070e000000, 0x000000070e100000, 0x000000070e100000|100%| O|  |TAMS 0x000000070e100000, 0x000000070e000000| Complete 
| 153|0x000000070e100000, 0x000000070e100000, 0x000000070e200000|  0%| F|  |TAMS 0x000000070e100000, 0x000000070e100000| Untracked 
| 154|0x000000070e200000, 0x000000070e200000, 0x000000070e300000|  0%| F|  |TAMS 0x000000070e200000, 0x000000070e200000| Untracked 
| 155|0x000000070e300000, 0x000000070e300000, 0x000000070e400000|  0%| F|  |TAMS 0x000000070e300000, 0x000000070e300000| Untracked 
| 156|0x000000070e400000, 0x000000070e500000, 0x000000070e500000|100%|HS|  |TAMS 0x000000070e500000, 0x000000070e400000| Complete 
| 157|0x000000070e500000, 0x000000070e600000, 0x000000070e600000|100%|HC|  |TAMS 0x000000070e600000, 0x000000070e500000| Complete 
| 158|0x000000070e600000, 0x000000070e700000, 0x000000070e700000|100%|HS|  |TAMS 0x000000070e700000, 0x000000070e600000| Complete 
| 159|0x000000070e700000, 0x000000070e800000, 0x000000070e800000|100%|HC|  |TAMS 0x000000070e800000, 0x000000070e700000| Complete 
| 160|0x000000070e800000, 0x000000070e900000, 0x000000070e900000|100%|HS|  |TAMS 0x000000070e900000, 0x000000070e800000| Complete 
| 161|0x000000070e900000, 0x000000070ea00000, 0x000000070ea00000|100%|HC|  |TAMS 0x000000070ea00000, 0x000000070e900000| Complete 
| 162|0x000000070ea00000, 0x000000070eb00000, 0x000000070eb00000|100%|HS|  |TAMS 0x000000070eb00000, 0x000000070ea00000| Complete 
| 163|0x000000070eb00000, 0x000000070ec00000, 0x000000070ec00000|100%|HC|  |TAMS 0x000000070ec00000, 0x000000070eb00000| Complete 
| 164|0x000000070ec00000, 0x000000070ed00000, 0x000000070ed00000|100%|HC|  |TAMS 0x000000070ed00000, 0x000000070ec00000| Complete 
| 165|0x000000070ed00000, 0x000000070ee00000, 0x000000070ee00000|100%|HC|  |TAMS 0x000000070ee00000, 0x000000070ed00000| Complete 
| 166|0x000000070ee00000, 0x000000070ef00000, 0x000000070ef00000|100%|HC|  |TAMS 0x000000070ef00000, 0x000000070ee00000| Complete 
| 167|0x000000070ef00000, 0x000000070f000000, 0x000000070f000000|100%|HC|  |TAMS 0x000000070f000000, 0x000000070ef00000| Complete 
| 168|0x000000070f000000, 0x000000070f100000, 0x000000070f100000|100%|HS|  |TAMS 0x000000070f100000, 0x000000070f000000| Complete 
| 169|0x000000070f100000, 0x000000070f200000, 0x000000070f200000|100%|HC|  |TAMS 0x000000070f200000, 0x000000070f100000| Complete 
| 170|0x000000070f200000, 0x000000070f300000, 0x000000070f300000|100%|HS|  |TAMS 0x000000070f200000, 0x000000070f200000| Complete 
| 171|0x000000070f300000, 0x000000070f400000, 0x000000070f400000|100%|HC|  |TAMS 0x000000070f300000, 0x000000070f300000| Complete 
| 172|0x000000070f400000, 0x000000070f500000, 0x000000070f500000|100%|HC|  |TAMS 0x000000070f400000, 0x000000070f400000| Complete 
| 173|0x000000070f500000, 0x000000070f600000, 0x000000070f600000|100%|HC|  |TAMS 0x000000070f500000, 0x000000070f500000| Complete 
| 174|0x000000070f600000, 0x000000070f700000, 0x000000070f700000|100%|HC|  |TAMS 0x000000070f600000, 0x000000070f600000| Complete 
| 175|0x000000070f700000, 0x000000070f700000, 0x000000070f800000|  0%| F|  |TAMS 0x000000070f700000, 0x000000070f700000| Untracked 
| 176|0x000000070f800000, 0x000000070f800000, 0x000000070f900000|  0%| F|  |TAMS 0x000000070f800000, 0x000000070f800000| Untracked 
| 177|0x000000070f900000, 0x000000070f900000, 0x000000070fa00000|  0%| F|  |TAMS 0x000000070f900000, 0x000000070f900000| Untracked 
| 178|0x000000070fa00000, 0x000000070fa00000, 0x000000070fb00000|  0%| F|  |TAMS 0x000000070fa00000, 0x000000070fa00000| Untracked 
| 179|0x000000070fb00000, 0x000000070fb00000, 0x000000070fc00000|  0%| F|  |TAMS 0x000000070fb00000, 0x000000070fb00000| Untracked 
| 180|0x000000070fc00000, 0x000000070fc00000, 0x000000070fd00000|  0%| F|  |TAMS 0x000000070fc00000, 0x000000070fc00000| Untracked 
| 181|0x000000070fd00000, 0x000000070fd00000, 0x000000070fe00000|  0%| F|  |TAMS 0x000000070fd00000, 0x000000070fd00000| Untracked 
| 182|0x000000070fe00000, 0x000000070fe00000, 0x000000070ff00000|  0%| F|  |TAMS 0x000000070fe00000, 0x000000070fe00000| Untracked 
| 183|0x000000070ff00000, 0x000000070ff00000, 0x0000000710000000|  0%| F|  |TAMS 0x000000070ff00000, 0x000000070ff00000| Untracked 
| 184|0x0000000710000000, 0x0000000710000000, 0x0000000710100000|  0%| F|  |TAMS 0x0000000710000000, 0x0000000710000000| Untracked 
| 185|0x0000000710100000, 0x0000000710100000, 0x0000000710200000|  0%| F|  |TAMS 0x0000000710100000, 0x0000000710100000| Untracked 
| 186|0x0000000710200000, 0x0000000710200000, 0x0000000710300000|  0%| F|  |TAMS 0x0000000710200000, 0x0000000710200000| Untracked 
| 187|0x0000000710300000, 0x0000000710300000, 0x0000000710400000|  0%| F|  |TAMS 0x0000000710300000, 0x0000000710300000| Untracked 
| 188|0x0000000710400000, 0x0000000710400000, 0x0000000710500000|  0%| F|  |TAMS 0x0000000710400000, 0x0000000710400000| Untracked 
| 189|0x0000000710500000, 0x0000000710500000, 0x0000000710600000|  0%| F|  |TAMS 0x0000000710500000, 0x0000000710500000| Untracked 
| 190|0x0000000710600000, 0x0000000710600000, 0x0000000710700000|  0%| F|  |TAMS 0x0000000710600000, 0x0000000710600000| Untracked 
| 191|0x0000000710700000, 0x0000000710700000, 0x0000000710800000|  0%| F|  |TAMS 0x0000000710700000, 0x0000000710700000| Untracked 
| 192|0x0000000710800000, 0x0000000710800000, 0x0000000710900000|  0%| F|  |TAMS 0x0000000710800000, 0x0000000710800000| Untracked 
| 193|0x0000000710900000, 0x0000000710900000, 0x0000000710a00000|  0%| F|  |TAMS 0x0000000710900000, 0x0000000710900000| Untracked 
| 194|0x0000000710a00000, 0x0000000710a00000, 0x0000000710b00000|  0%| F|  |TAMS 0x0000000710a00000, 0x0000000710a00000| Untracked 
| 195|0x0000000710b00000, 0x0000000710b00000, 0x0000000710c00000|  0%| F|  |TAMS 0x0000000710b00000, 0x0000000710b00000| Untracked 
| 196|0x0000000710c00000, 0x0000000710c00000, 0x0000000710d00000|  0%| F|  |TAMS 0x0000000710c00000, 0x0000000710c00000| Untracked 
| 197|0x0000000710d00000, 0x0000000710d00000, 0x0000000710e00000|  0%| F|  |TAMS 0x0000000710d00000, 0x0000000710d00000| Untracked 
| 198|0x0000000710e00000, 0x0000000710e00000, 0x0000000710f00000|  0%| F|  |TAMS 0x0000000710e00000, 0x0000000710e00000| Untracked 
| 199|0x0000000710f00000, 0x0000000710f00000, 0x0000000711000000|  0%| F|  |TAMS 0x0000000710f00000, 0x0000000710f00000| Untracked 
| 200|0x0000000711000000, 0x0000000711000000, 0x0000000711100000|  0%| F|  |TAMS 0x0000000711000000, 0x0000000711000000| Untracked 
| 201|0x0000000711100000, 0x0000000711100000, 0x0000000711200000|  0%| F|  |TAMS 0x0000000711100000, 0x0000000711100000| Untracked 
| 202|0x0000000711200000, 0x0000000711200000, 0x0000000711300000|  0%| F|  |TAMS 0x0000000711200000, 0x0000000711200000| Untracked 
| 203|0x0000000711300000, 0x0000000711300000, 0x0000000711400000|  0%| F|  |TAMS 0x0000000711300000, 0x0000000711300000| Untracked 
| 204|0x0000000711400000, 0x0000000711400000, 0x0000000711500000|  0%| F|  |TAMS 0x0000000711400000, 0x0000000711400000| Untracked 
| 205|0x0000000711500000, 0x0000000711500000, 0x0000000711600000|  0%| F|  |TAMS 0x0000000711500000, 0x0000000711500000| Untracked 
| 206|0x0000000711600000, 0x0000000711600000, 0x0000000711700000|  0%| F|  |TAMS 0x0000000711600000, 0x0000000711600000| Untracked 
| 207|0x0000000711700000, 0x0000000711700000, 0x0000000711800000|  0%| F|  |TAMS 0x0000000711700000, 0x0000000711700000| Untracked 
| 208|0x0000000711800000, 0x0000000711800000, 0x0000000711900000|  0%| F|  |TAMS 0x0000000711800000, 0x0000000711800000| Untracked 
| 209|0x0000000711900000, 0x0000000711900000, 0x0000000711a00000|  0%| F|  |TAMS 0x0000000711900000, 0x0000000711900000| Untracked 
| 210|0x0000000711a00000, 0x0000000711a00000, 0x0000000711b00000|  0%| F|  |TAMS 0x0000000711a00000, 0x0000000711a00000| Untracked 
| 211|0x0000000711b00000, 0x0000000711b00000, 0x0000000711c00000|  0%| F|  |TAMS 0x0000000711b00000, 0x0000000711b00000| Untracked 
| 212|0x0000000711c00000, 0x0000000711c00000, 0x0000000711d00000|  0%| F|  |TAMS 0x0000000711c00000, 0x0000000711c00000| Untracked 
| 213|0x0000000711d00000, 0x0000000711d00000, 0x0000000711e00000|  0%| F|  |TAMS 0x0000000711d00000, 0x0000000711d00000| Untracked 
| 214|0x0000000711e00000, 0x0000000711e00000, 0x0000000711f00000|  0%| F|  |TAMS 0x0000000711e00000, 0x0000000711e00000| Untracked 
| 215|0x0000000711f00000, 0x0000000711f00000, 0x0000000712000000|  0%| F|  |TAMS 0x0000000711f00000, 0x0000000711f00000| Untracked 
| 216|0x0000000712000000, 0x0000000712000000, 0x0000000712100000|  0%| F|  |TAMS 0x0000000712000000, 0x0000000712000000| Untracked 
| 217|0x0000000712100000, 0x0000000712100000, 0x0000000712200000|  0%| F|  |TAMS 0x0000000712100000, 0x0000000712100000| Untracked 
| 218|0x0000000712200000, 0x0000000712200000, 0x0000000712300000|  0%| F|  |TAMS 0x0000000712200000, 0x0000000712200000| Untracked 
| 219|0x0000000712300000, 0x0000000712300000, 0x0000000712400000|  0%| F|  |TAMS 0x0000000712300000, 0x0000000712300000| Untracked 
| 220|0x0000000712400000, 0x0000000712400000, 0x0000000712500000|  0%| F|  |TAMS 0x0000000712400000, 0x0000000712400000| Untracked 
| 221|0x0000000712500000, 0x0000000712500000, 0x0000000712600000|  0%| F|  |TAMS 0x0000000712500000, 0x0000000712500000| Untracked 
| 222|0x0000000712600000, 0x0000000712600000, 0x0000000712700000|  0%| F|  |TAMS 0x0000000712600000, 0x0000000712600000| Untracked 
| 223|0x0000000712700000, 0x0000000712700000, 0x0000000712800000|  0%| F|  |TAMS 0x0000000712700000, 0x0000000712700000| Untracked 
| 224|0x0000000712800000, 0x0000000712800000, 0x0000000712900000|  0%| F|  |TAMS 0x0000000712800000, 0x0000000712800000| Untracked 
| 225|0x0000000712900000, 0x0000000712900000, 0x0000000712a00000|  0%| F|  |TAMS 0x0000000712900000, 0x0000000712900000| Untracked 
| 226|0x0000000712a00000, 0x0000000712a00000, 0x0000000712b00000|  0%| F|  |TAMS 0x0000000712a00000, 0x0000000712a00000| Untracked 
| 227|0x0000000712b00000, 0x0000000712b00000, 0x0000000712c00000|  0%| F|  |TAMS 0x0000000712b00000, 0x0000000712b00000| Untracked 
| 228|0x0000000712c00000, 0x0000000712c00000, 0x0000000712d00000|  0%| F|  |TAMS 0x0000000712c00000, 0x0000000712c00000| Untracked 
| 229|0x0000000712d00000, 0x0000000712d00000, 0x0000000712e00000|  0%| F|  |TAMS 0x0000000712d00000, 0x0000000712d00000| Untracked 
| 230|0x0000000712e00000, 0x0000000712e00000, 0x0000000712f00000|  0%| F|  |TAMS 0x0000000712e00000, 0x0000000712e00000| Untracked 
| 231|0x0000000712f00000, 0x0000000712f00000, 0x0000000713000000|  0%| F|  |TAMS 0x0000000712f00000, 0x0000000712f00000| Untracked 
| 232|0x0000000713000000, 0x0000000713000000, 0x0000000713100000|  0%| F|  |TAMS 0x0000000713000000, 0x0000000713000000| Untracked 
| 233|0x0000000713100000, 0x0000000713100000, 0x0000000713200000|  0%| F|  |TAMS 0x0000000713100000, 0x0000000713100000| Untracked 
| 234|0x0000000713200000, 0x0000000713200000, 0x0000000713300000|  0%| F|  |TAMS 0x0000000713200000, 0x0000000713200000| Untracked 
| 235|0x0000000713300000, 0x0000000713300000, 0x0000000713400000|  0%| F|  |TAMS 0x0000000713300000, 0x0000000713300000| Untracked 
| 236|0x0000000713400000, 0x0000000713400000, 0x0000000713500000|  0%| F|  |TAMS 0x0000000713400000, 0x0000000713400000| Untracked 
| 237|0x0000000713500000, 0x0000000713500000, 0x0000000713600000|  0%| F|  |TAMS 0x0000000713500000, 0x0000000713500000| Untracked 
| 238|0x0000000713600000, 0x0000000713600000, 0x0000000713700000|  0%| F|  |TAMS 0x0000000713600000, 0x0000000713600000| Untracked 
| 239|0x0000000713700000, 0x0000000713700000, 0x0000000713800000|  0%| F|  |TAMS 0x0000000713700000, 0x0000000713700000| Untracked 
| 240|0x0000000713800000, 0x0000000713800000, 0x0000000713900000|  0%| F|  |TAMS 0x0000000713800000, 0x0000000713800000| Untracked 
| 241|0x0000000713900000, 0x0000000713900000, 0x0000000713a00000|  0%| F|  |TAMS 0x0000000713900000, 0x0000000713900000| Untracked 
| 242|0x0000000713a00000, 0x0000000713a00000, 0x0000000713b00000|  0%| F|  |TAMS 0x0000000713a00000, 0x0000000713a00000| Untracked 
| 243|0x0000000713b00000, 0x0000000713b00000, 0x0000000713c00000|  0%| F|  |TAMS 0x0000000713b00000, 0x0000000713b00000| Untracked 
| 244|0x0000000713c00000, 0x0000000713c00000, 0x0000000713d00000|  0%| F|  |TAMS 0x0000000713c00000, 0x0000000713c00000| Untracked 
| 245|0x0000000713d00000, 0x0000000713d00000, 0x0000000713e00000|  0%| F|  |TAMS 0x0000000713d00000, 0x0000000713d00000| Untracked 
| 246|0x0000000713e00000, 0x0000000713e00000, 0x0000000713f00000|  0%| F|  |TAMS 0x0000000713e00000, 0x0000000713e00000| Untracked 
| 247|0x0000000713f00000, 0x0000000713f00000, 0x0000000714000000|  0%| F|  |TAMS 0x0000000713f00000, 0x0000000713f00000| Untracked 
| 248|0x0000000714000000, 0x0000000714000000, 0x0000000714100000|  0%| F|  |TAMS 0x0000000714000000, 0x0000000714000000| Untracked 
| 249|0x0000000714100000, 0x0000000714100000, 0x0000000714200000|  0%| F|  |TAMS 0x0000000714100000, 0x0000000714100000| Untracked 
| 250|0x0000000714200000, 0x0000000714200000, 0x0000000714300000|  0%| F|  |TAMS 0x0000000714200000, 0x0000000714200000| Untracked 
| 251|0x0000000714300000, 0x0000000714300000, 0x0000000714400000|  0%| F|  |TAMS 0x0000000714300000, 0x0000000714300000| Untracked 
| 252|0x0000000714400000, 0x0000000714400000, 0x0000000714500000|  0%| F|  |TAMS 0x0000000714400000, 0x0000000714400000| Untracked 
| 253|0x0000000714500000, 0x0000000714500000, 0x0000000714600000|  0%| F|  |TAMS 0x0000000714500000, 0x0000000714500000| Untracked 
| 254|0x0000000714600000, 0x0000000714600000, 0x0000000714700000|  0%| F|  |TAMS 0x0000000714600000, 0x0000000714600000| Untracked 
| 255|0x0000000714700000, 0x0000000714800000, 0x0000000714800000|100%| E|  |TAMS 0x0000000714700000, 0x0000000714700000| Complete 
| 256|0x0000000714800000, 0x0000000714900000, 0x0000000714900000|100%| E|CS|TAMS 0x0000000714800000, 0x0000000714800000| Complete 
| 257|0x0000000714900000, 0x0000000714a00000, 0x0000000714a00000|100%| E|CS|TAMS 0x0000000714900000, 0x0000000714900000| Complete 
| 258|0x0000000714a00000, 0x0000000714b00000, 0x0000000714b00000|100%| E|CS|TAMS 0x0000000714a00000, 0x0000000714a00000| Complete 
| 259|0x0000000714b00000, 0x0000000714c00000, 0x0000000714c00000|100%| E|CS|TAMS 0x0000000714b00000, 0x0000000714b00000| Complete 
| 260|0x0000000714c00000, 0x0000000714d00000, 0x0000000714d00000|100%| E|  |TAMS 0x0000000714c00000, 0x0000000714c00000| Complete 
| 261|0x0000000714d00000, 0x0000000714e00000, 0x0000000714e00000|100%| E|CS|TAMS 0x0000000714d00000, 0x0000000714d00000| Complete 
| 262|0x0000000714e00000, 0x0000000714f00000, 0x0000000714f00000|100%| E|CS|TAMS 0x0000000714e00000, 0x0000000714e00000| Complete 
| 263|0x0000000714f00000, 0x0000000715000000, 0x0000000715000000|100%| E|CS|TAMS 0x0000000714f00000, 0x0000000714f00000| Complete 
| 264|0x0000000715000000, 0x0000000715100000, 0x0000000715100000|100%| E|CS|TAMS 0x0000000715000000, 0x0000000715000000| Complete 
| 265|0x0000000715100000, 0x0000000715200000, 0x0000000715200000|100%| E|CS|TAMS 0x0000000715100000, 0x0000000715100000| Complete 
| 266|0x0000000715200000, 0x0000000715300000, 0x0000000715300000|100%| E|CS|TAMS 0x0000000715200000, 0x0000000715200000| Complete 
| 267|0x0000000715300000, 0x0000000715400000, 0x0000000715400000|100%| E|CS|TAMS 0x0000000715300000, 0x0000000715300000| Complete 
| 268|0x0000000715400000, 0x0000000715500000, 0x0000000715500000|100%| E|CS|TAMS 0x0000000715400000, 0x0000000715400000| Complete 
| 269|0x0000000715500000, 0x0000000715600000, 0x0000000715600000|100%| E|CS|TAMS 0x0000000715500000, 0x0000000715500000| Complete 
| 270|0x0000000715600000, 0x0000000715700000, 0x0000000715700000|100%| E|CS|TAMS 0x0000000715600000, 0x0000000715600000| Complete 
| 271|0x0000000715700000, 0x00000007157d10b0, 0x0000000715800000| 81%| S|CS|TAMS 0x0000000715700000, 0x0000000715700000| Complete 
| 272|0x0000000715800000, 0x0000000715900000, 0x0000000715900000|100%| S|CS|TAMS 0x0000000715800000, 0x0000000715800000| Complete 
| 273|0x0000000715900000, 0x0000000715a00000, 0x0000000715a00000|100%| S|CS|TAMS 0x0000000715900000, 0x0000000715900000| Complete 
| 274|0x0000000715a00000, 0x0000000715b00000, 0x0000000715b00000|100%| S|CS|TAMS 0x0000000715a00000, 0x0000000715a00000| Complete 
| 275|0x0000000715b00000, 0x0000000715c00000, 0x0000000715c00000|100%| S|CS|TAMS 0x0000000715b00000, 0x0000000715b00000| Complete 
| 276|0x0000000715c00000, 0x0000000715d00000, 0x0000000715d00000|100%| S|CS|TAMS 0x0000000715c00000, 0x0000000715c00000| Complete 
| 277|0x0000000715d00000, 0x0000000715e00000, 0x0000000715e00000|100%| S|CS|TAMS 0x0000000715d00000, 0x0000000715d00000| Complete 
| 278|0x0000000715e00000, 0x0000000715f00000, 0x0000000715f00000|100%| S|CS|TAMS 0x0000000715e00000, 0x0000000715e00000| Complete 
| 279|0x0000000715f00000, 0x0000000716000000, 0x0000000716000000|100%| S|CS|TAMS 0x0000000715f00000, 0x0000000715f00000| Complete 
| 280|0x0000000716000000, 0x0000000716100000, 0x0000000716100000|100%| S|CS|TAMS 0x0000000716000000, 0x0000000716000000| Complete 
| 281|0x0000000716100000, 0x0000000716200000, 0x0000000716200000|100%| S|CS|TAMS 0x0000000716100000, 0x0000000716100000| Complete 
| 282|0x0000000716200000, 0x0000000716300000, 0x0000000716300000|100%| S|CS|TAMS 0x0000000716200000, 0x0000000716200000| Complete 
| 283|0x0000000716300000, 0x0000000716400000, 0x0000000716400000|100%| S|CS|TAMS 0x0000000716300000, 0x0000000716300000| Complete 
| 284|0x0000000716400000, 0x0000000716500000, 0x0000000716500000|100%| S|CS|TAMS 0x0000000716400000, 0x0000000716400000| Complete 
| 285|0x0000000716500000, 0x0000000716600000, 0x0000000716600000|100%| E|CS|TAMS 0x0000000716500000, 0x0000000716500000| Complete 
| 286|0x0000000716600000, 0x0000000716700000, 0x0000000716700000|100%| E|CS|TAMS 0x0000000716600000, 0x0000000716600000| Complete 
| 287|0x0000000716700000, 0x0000000716800000, 0x0000000716800000|100%| E|CS|TAMS 0x0000000716700000, 0x0000000716700000| Complete 
| 288|0x0000000716800000, 0x0000000716900000, 0x0000000716900000|100%| E|CS|TAMS 0x0000000716800000, 0x0000000716800000| Complete 
| 289|0x0000000716900000, 0x0000000716a00000, 0x0000000716a00000|100%| E|CS|TAMS 0x0000000716900000, 0x0000000716900000| Complete 
| 290|0x0000000716a00000, 0x0000000716b00000, 0x0000000716b00000|100%| E|CS|TAMS 0x0000000716a00000, 0x0000000716a00000| Complete 
| 291|0x0000000716b00000, 0x0000000716c00000, 0x0000000716c00000|100%| E|CS|TAMS 0x0000000716b00000, 0x0000000716b00000| Complete 
| 292|0x0000000716c00000, 0x0000000716d00000, 0x0000000716d00000|100%| E|CS|TAMS 0x0000000716c00000, 0x0000000716c00000| Complete 
| 293|0x0000000716d00000, 0x0000000716e00000, 0x0000000716e00000|100%| E|CS|TAMS 0x0000000716d00000, 0x0000000716d00000| Complete 
| 294|0x0000000716e00000, 0x0000000716f00000, 0x0000000716f00000|100%| E|CS|TAMS 0x0000000716e00000, 0x0000000716e00000| Complete 
| 295|0x0000000716f00000, 0x0000000717000000, 0x0000000717000000|100%| E|CS|TAMS 0x0000000716f00000, 0x0000000716f00000| Complete 
| 296|0x0000000717000000, 0x0000000717100000, 0x0000000717100000|100%| E|CS|TAMS 0x0000000717000000, 0x0000000717000000| Complete 
| 297|0x0000000717100000, 0x0000000717200000, 0x0000000717200000|100%| E|CS|TAMS 0x0000000717100000, 0x0000000717100000| Complete 
| 298|0x0000000717200000, 0x0000000717300000, 0x0000000717300000|100%| E|CS|TAMS 0x0000000717200000, 0x0000000717200000| Complete 
| 299|0x0000000717300000, 0x0000000717400000, 0x0000000717400000|100%| E|CS|TAMS 0x0000000717300000, 0x0000000717300000| Complete 
| 300|0x0000000717400000, 0x0000000717500000, 0x0000000717500000|100%| E|CS|TAMS 0x0000000717400000, 0x0000000717400000| Complete 
| 301|0x0000000717500000, 0x0000000717600000, 0x0000000717600000|100%| E|CS|TAMS 0x0000000717500000, 0x0000000717500000| Complete 
| 302|0x0000000717600000, 0x0000000717700000, 0x0000000717700000|100%| E|CS|TAMS 0x0000000717600000, 0x0000000717600000| Complete 
| 303|0x0000000717700000, 0x0000000717800000, 0x0000000717800000|100%| E|CS|TAMS 0x0000000717700000, 0x0000000717700000| Complete 
| 304|0x0000000717800000, 0x0000000717900000, 0x0000000717900000|100%| E|CS|TAMS 0x0000000717800000, 0x0000000717800000| Complete 
| 305|0x0000000717900000, 0x0000000717a00000, 0x0000000717a00000|100%| E|CS|TAMS 0x0000000717900000, 0x0000000717900000| Complete 
| 306|0x0000000717a00000, 0x0000000717b00000, 0x0000000717b00000|100%| E|CS|TAMS 0x0000000717a00000, 0x0000000717a00000| Complete 
| 307|0x0000000717b00000, 0x0000000717c00000, 0x0000000717c00000|100%| E|CS|TAMS 0x0000000717b00000, 0x0000000717b00000| Complete 
| 308|0x0000000717c00000, 0x0000000717d00000, 0x0000000717d00000|100%| E|CS|TAMS 0x0000000717c00000, 0x0000000717c00000| Complete 
| 309|0x0000000717d00000, 0x0000000717e00000, 0x0000000717e00000|100%| E|CS|TAMS 0x0000000717d00000, 0x0000000717d00000| Complete 
| 310|0x0000000717e00000, 0x0000000717f00000, 0x0000000717f00000|100%| E|CS|TAMS 0x0000000717e00000, 0x0000000717e00000| Complete 
| 311|0x0000000717f00000, 0x0000000718000000, 0x0000000718000000|100%| E|CS|TAMS 0x0000000717f00000, 0x0000000717f00000| Complete 
| 312|0x0000000718000000, 0x0000000718100000, 0x0000000718100000|100%| E|CS|TAMS 0x0000000718000000, 0x0000000718000000| Complete 
| 313|0x0000000718100000, 0x0000000718200000, 0x0000000718200000|100%| E|CS|TAMS 0x0000000718100000, 0x0000000718100000| Complete 
| 314|0x0000000718200000, 0x0000000718300000, 0x0000000718300000|100%| E|CS|TAMS 0x0000000718200000, 0x0000000718200000| Complete 
| 315|0x0000000718300000, 0x0000000718400000, 0x0000000718400000|100%| E|CS|TAMS 0x0000000718300000, 0x0000000718300000| Complete 
| 316|0x0000000718400000, 0x0000000718500000, 0x0000000718500000|100%| E|CS|TAMS 0x0000000718400000, 0x0000000718400000| Complete 
| 317|0x0000000718500000, 0x0000000718600000, 0x0000000718600000|100%| E|CS|TAMS 0x0000000718500000, 0x0000000718500000| Complete 
| 318|0x0000000718600000, 0x0000000718700000, 0x0000000718700000|100%| E|CS|TAMS 0x0000000718600000, 0x0000000718600000| Complete 
| 319|0x0000000718700000, 0x0000000718800000, 0x0000000718800000|100%| E|CS|TAMS 0x0000000718700000, 0x0000000718700000| Complete 
| 320|0x0000000718800000, 0x0000000718900000, 0x0000000718900000|100%| E|CS|TAMS 0x0000000718800000, 0x0000000718800000| Complete 
| 321|0x0000000718900000, 0x0000000718a00000, 0x0000000718a00000|100%| E|CS|TAMS 0x0000000718900000, 0x0000000718900000| Complete 
| 322|0x0000000718a00000, 0x0000000718b00000, 0x0000000718b00000|100%| E|CS|TAMS 0x0000000718a00000, 0x0000000718a00000| Complete 
| 323|0x0000000718b00000, 0x0000000718c00000, 0x0000000718c00000|100%| E|CS|TAMS 0x0000000718b00000, 0x0000000718b00000| Complete 
| 324|0x0000000718c00000, 0x0000000718d00000, 0x0000000718d00000|100%| E|CS|TAMS 0x0000000718c00000, 0x0000000718c00000| Complete 
| 325|0x0000000718d00000, 0x0000000718e00000, 0x0000000718e00000|100%| E|CS|TAMS 0x0000000718d00000, 0x0000000718d00000| Complete 
| 326|0x0000000718e00000, 0x0000000718f00000, 0x0000000718f00000|100%| E|CS|TAMS 0x0000000718e00000, 0x0000000718e00000| Complete 
| 327|0x0000000718f00000, 0x0000000719000000, 0x0000000719000000|100%| E|CS|TAMS 0x0000000718f00000, 0x0000000718f00000| Complete 
| 328|0x0000000719000000, 0x0000000719100000, 0x0000000719100000|100%| E|CS|TAMS 0x0000000719000000, 0x0000000719000000| Complete 
| 329|0x0000000719100000, 0x0000000719200000, 0x0000000719200000|100%| E|CS|TAMS 0x0000000719100000, 0x0000000719100000| Complete 
| 330|0x0000000719200000, 0x0000000719300000, 0x0000000719300000|100%| E|CS|TAMS 0x0000000719200000, 0x0000000719200000| Complete 
| 331|0x0000000719300000, 0x0000000719400000, 0x0000000719400000|100%| E|CS|TAMS 0x0000000719300000, 0x0000000719300000| Complete 
| 332|0x0000000719400000, 0x0000000719500000, 0x0000000719500000|100%| E|CS|TAMS 0x0000000719400000, 0x0000000719400000| Complete 
| 333|0x0000000719500000, 0x0000000719600000, 0x0000000719600000|100%| E|CS|TAMS 0x0000000719500000, 0x0000000719500000| Complete 
| 334|0x0000000719600000, 0x0000000719700000, 0x0000000719700000|100%| E|CS|TAMS 0x0000000719600000, 0x0000000719600000| Complete 
| 335|0x0000000719700000, 0x0000000719800000, 0x0000000719800000|100%| E|CS|TAMS 0x0000000719700000, 0x0000000719700000| Complete 
| 336|0x0000000719800000, 0x0000000719900000, 0x0000000719900000|100%| E|CS|TAMS 0x0000000719800000, 0x0000000719800000| Complete 
| 337|0x0000000719900000, 0x0000000719a00000, 0x0000000719a00000|100%| E|CS|TAMS 0x0000000719900000, 0x0000000719900000| Complete 
| 338|0x0000000719a00000, 0x0000000719b00000, 0x0000000719b00000|100%| E|CS|TAMS 0x0000000719a00000, 0x0000000719a00000| Complete 
| 339|0x0000000719b00000, 0x0000000719c00000, 0x0000000719c00000|100%| E|CS|TAMS 0x0000000719b00000, 0x0000000719b00000| Complete 
| 340|0x0000000719c00000, 0x0000000719d00000, 0x0000000719d00000|100%| E|CS|TAMS 0x0000000719c00000, 0x0000000719c00000| Complete 
| 341|0x0000000719d00000, 0x0000000719e00000, 0x0000000719e00000|100%| E|CS|TAMS 0x0000000719d00000, 0x0000000719d00000| Complete 
| 342|0x0000000719e00000, 0x0000000719f00000, 0x0000000719f00000|100%| E|CS|TAMS 0x0000000719e00000, 0x0000000719e00000| Complete 
| 343|0x0000000719f00000, 0x000000071a000000, 0x000000071a000000|100%| E|CS|TAMS 0x0000000719f00000, 0x0000000719f00000| Complete 
| 344|0x000000071a000000, 0x000000071a100000, 0x000000071a100000|100%| E|CS|TAMS 0x000000071a000000, 0x000000071a000000| Complete 
| 345|0x000000071a100000, 0x000000071a200000, 0x000000071a200000|100%| E|CS|TAMS 0x000000071a100000, 0x000000071a100000| Complete 
| 346|0x000000071a200000, 0x000000071a300000, 0x000000071a300000|100%| E|CS|TAMS 0x000000071a200000, 0x000000071a200000| Complete 
| 347|0x000000071a300000, 0x000000071a400000, 0x000000071a400000|100%| E|CS|TAMS 0x000000071a300000, 0x000000071a300000| Complete 
| 348|0x000000071a400000, 0x000000071a500000, 0x000000071a500000|100%| E|CS|TAMS 0x000000071a400000, 0x000000071a400000| Complete 
| 349|0x000000071a500000, 0x000000071a600000, 0x000000071a600000|100%| E|CS|TAMS 0x000000071a500000, 0x000000071a500000| Complete 
| 350|0x000000071a600000, 0x000000071a700000, 0x000000071a700000|100%| E|CS|TAMS 0x000000071a600000, 0x000000071a600000| Complete 
| 351|0x000000071a700000, 0x000000071a800000, 0x000000071a800000|100%| E|CS|TAMS 0x000000071a700000, 0x000000071a700000| Complete 
| 352|0x000000071a800000, 0x000000071a900000, 0x000000071a900000|100%| E|CS|TAMS 0x000000071a800000, 0x000000071a800000| Complete 
| 353|0x000000071a900000, 0x000000071aa00000, 0x000000071aa00000|100%| E|CS|TAMS 0x000000071a900000, 0x000000071a900000| Complete 
| 354|0x000000071aa00000, 0x000000071ab00000, 0x000000071ab00000|100%| E|CS|TAMS 0x000000071aa00000, 0x000000071aa00000| Complete 
| 355|0x000000071ab00000, 0x000000071ac00000, 0x000000071ac00000|100%| E|CS|TAMS 0x000000071ab00000, 0x000000071ab00000| Complete 
| 356|0x000000071ac00000, 0x000000071ad00000, 0x000000071ad00000|100%| E|CS|TAMS 0x000000071ac00000, 0x000000071ac00000| Complete 
| 357|0x000000071ad00000, 0x000000071ae00000, 0x000000071ae00000|100%| E|CS|TAMS 0x000000071ad00000, 0x000000071ad00000| Complete 
| 358|0x000000071ae00000, 0x000000071af00000, 0x000000071af00000|100%| E|CS|TAMS 0x000000071ae00000, 0x000000071ae00000| Complete 
| 359|0x000000071af00000, 0x000000071b000000, 0x000000071b000000|100%| E|CS|TAMS 0x000000071af00000, 0x000000071af00000| Complete 
| 360|0x000000071b000000, 0x000000071b100000, 0x000000071b100000|100%| E|CS|TAMS 0x000000071b000000, 0x000000071b000000| Complete 
| 361|0x000000071b100000, 0x000000071b200000, 0x000000071b200000|100%| E|CS|TAMS 0x000000071b100000, 0x000000071b100000| Complete 
| 362|0x000000071b200000, 0x000000071b300000, 0x000000071b300000|100%| E|CS|TAMS 0x000000071b200000, 0x000000071b200000| Complete 
| 363|0x000000071b300000, 0x000000071b400000, 0x000000071b400000|100%| E|CS|TAMS 0x000000071b300000, 0x000000071b300000| Complete 

Card table byte_map: [0x000001c7f51e0000,0x000001c7f59c0000] _byte_map_base: 0x000001c7f19bc000

Marking Bits (Prev, Next): (CMBitMap*) 0x000001c7dcfbae40, (CMBitMap*) 0x000001c7dcfbae08
 Prev Bits: [0x000001c7fa080000, 0x000001c7fdf60000)
 Next Bits: [0x000001c7f61a0000, 0x000001c7fa080000)

Polling page: 0x000001c7dc710000

Metaspace:

Usage:
  Non-class:     79.00 MB capacity,    77.30 MB ( 98%) used,     1.35 MB (  2%) free+waste,   362.12 KB ( <1%) overhead. 
      Class:     10.23 MB capacity,     9.01 MB ( 88%) used,     1.06 MB ( 10%) free+waste,   165.50 KB (  2%) overhead. 
       Both:     89.23 MB capacity,    86.31 MB ( 97%) used,     2.41 MB (  3%) free+waste,   527.62 KB ( <1%) overhead. 

Virtual space:
  Non-class space:       80.00 MB reserved,      79.25 MB (>99%) committed 
      Class space:        1.00 GB reserved,      10.25 MB (  1%) committed 
             Both:        1.08 GB reserved,      89.50 MB (  8%) committed 

Chunk freelists:
   Non-Class:  62.00 KB
       Class:  0 bytes
        Both:  62.00 KB

MaxMetaspaceSize: 17179869184.00 GB
CompressedClassSpaceSize: 1.00 GB
Initial GC threshold: 20.80 MB
Current GC threshold: 143.34 MB
CDS: off

CodeHeap 'non-profiled nmethods': size=120000Kb used=8445Kb max_used=8445Kb free=111554Kb
 bounds [0x000001c7ed1a0000, 0x000001c7ed9e0000, 0x000001c7f46d0000]
CodeHeap 'profiled nmethods': size=120000Kb used=34034Kb max_used=34034Kb free=85965Kb
 bounds [0x000001c7e5c70000, 0x000001c7e7db0000, 0x000001c7ed1a0000]
CodeHeap 'non-nmethods': size=5760Kb used=1759Kb max_used=1895Kb free=4000Kb
 bounds [0x000001c7e56d0000, 0x000001c7e5940000, 0x000001c7e5c70000]
 total_blobs=11703 nmethods=10637 adapters=985
 compilation: enabled
              stopped_count=0, restarted_count=0
 full_count=0

Compilation events (20 events):
Event: 20.015 Thread 0x000001c7ff3f8000 nmethod 10897 0x000001c7e7da6790 code [0x000001c7e7da6940, 0x000001c7e7da6ad8]
Event: 20.015 Thread 0x000001c7ff3f8000 10896       2       org.bouncycastle.math.raw.Mod::inversionStep (144 bytes)
Event: 20.015 Thread 0x000001c7ff3f8000 nmethod 10896 0x000001c7e7da6c10 code [0x000001c7e7da6e40, 0x000001c7e7da7538]
Event: 20.015 Thread 0x000001c7ff3f8000 10898       2       org.bouncycastle.math.raw.Nat::gte (56 bytes)
Event: 20.016 Thread 0x000001c7ff3f8000 nmethod 10898 0x000001c7e7da7990 code [0x000001c7e7da7b60, 0x000001c7e7da7df8]
Event: 20.016 Thread 0x000001c7ff3f8000 10892       2       org.bouncycastle.math.ec.custom.sec.SecP256R1Point::twice (419 bytes)
Event: 20.017 Thread 0x000001c7ff3f8000 nmethod 10892 0x000001c7e7da8010 code [0x000001c7e7da8420, 0x000001c7e7da9ca8]
Event: 20.017 Thread 0x000001c7ff3f8000 10895       2       org.bouncycastle.math.raw.Nat::isOne (41 bytes)
Event: 20.017 Thread 0x000001c7ff3f8000 nmethod 10895 0x000001c7e7daac90 code [0x000001c7e7daae40, 0x000001c7e7dab058]
Event: 20.017 Thread 0x000001c7ff3f8000 10890       2       org.bouncycastle.math.ec.ECPoint$AbstractFp::<init> (10 bytes)
Event: 20.017 Thread 0x000001c7ff3f8000 nmethod 10890 0x000001c7e7dab190 code [0x000001c7e7dab340, 0x000001c7e7dab5f8]
Event: 20.017 Thread 0x000001c7ff3f8000 10900       2       java.util.LinkedList::node (65 bytes)
Event: 20.017 Thread 0x000001c7ff3f8000 nmethod 10900 0x000001c7e7dab690 code [0x000001c7e7dab840, 0x000001c7e7daba58]
Event: 20.017 Thread 0x000001c7ff3f8000 10894       2       net.runelite.api.events.MenuEntryAdded::getType (13 bytes)
Event: 20.018 Thread 0x000001c7ff3f8000 nmethod 10894 0x000001c7e7dabb90 code [0x000001c7e7dabd60, 0x000001c7e7dac018]
Event: 20.018 Thread 0x000001c7ff3f8000 10899       1       org.bouncycastle.math.ec.ECCurve::getCoordinateSystem (5 bytes)
Event: 20.018 Thread 0x000001c7ff3f8000 nmethod 10899 0x000001c7ed9df410 code [0x000001c7ed9df5c0, 0x000001c7ed9df678]
Event: 20.018 Thread 0x000001c7ff3f8000 10901       2       org.bouncycastle.math.ec.custom.sec.SecP256R1Field::addPInvTo (198 bytes)
Event: 20.018 Thread 0x000001c7ff3f8000 nmethod 10901 0x000001c7e7dac290 code [0x000001c7e7dac460, 0x000001c7e7dac838]
Event: 20.019 Thread 0x000001c7ff3f8000 10903 %     3       org.bouncycastle.math.raw.Nat256::mul @ 292 (637 bytes)

GC Heap History (20 events):
Event: 8.188 GC heap before
{Heap before GC invocations=14 (full 0):
 garbage-first heap   total 310272K, used 159744K [0x0000000704800000, 0x0000000800000000)
  region size 1024K, 18 young (18432K), 12 survivors (12288K)
 Metaspace       used 79032K, capacity 80992K, committed 81280K, reserved 1122304K
  class space    used 8180K, capacity 9002K, committed 9088K, reserved 1048576K
}
Event: 8.193 GC heap after
{Heap after GC invocations=15 (full 0):
 garbage-first heap   total 310272K, used 159046K [0x0000000704800000, 0x0000000800000000)
  region size 1024K, 3 young (3072K), 3 survivors (3072K)
 Metaspace       used 79032K, capacity 80992K, committed 81280K, reserved 1122304K
  class space    used 8180K, capacity 9002K, committed 9088K, reserved 1048576K
}
Event: 8.910 GC heap before
{Heap before GC invocations=16 (full 0):
 garbage-first heap   total 310272K, used 188742K [0x0000000704800000, 0x0000000800000000)
  region size 1024K, 54 young (55296K), 3 survivors (3072K)
 Metaspace       used 80406K, capacity 82607K, committed 82816K, reserved 1122304K
  class space    used 8381K, capacity 9289K, committed 9344K, reserved 1048576K
}
Event: 8.916 GC heap after
{Heap after GC invocations=17 (full 0):
 garbage-first heap   total 310272K, used 144384K [0x0000000704800000, 0x0000000800000000)
  region size 1024K, 7 young (7168K), 7 survivors (7168K)
 Metaspace       used 80406K, capacity 82607K, committed 82816K, reserved 1122304K
  class space    used 8381K, capacity 9289K, committed 9344K, reserved 1048576K
}
Event: 9.029 GC heap before
{Heap before GC invocations=17 (full 0):
 garbage-first heap   total 310272K, used 152576K [0x0000000704800000, 0x0000000800000000)
  region size 1024K, 15 young (15360K), 7 survivors (7168K)
 Metaspace       used 80561K, capacity 82772K, committed 83072K, reserved 1122304K
  class space    used 8392K, capacity 9298K, committed 9344K, reserved 1048576K
}
Event: 9.038 GC heap after
{Heap after GC invocations=18 (full 0):
 garbage-first heap   total 310272K, used 128117K [0x0000000704800000, 0x0000000800000000)
  region size 1024K, 2 young (2048K), 2 survivors (2048K)
 Metaspace       used 80561K, capacity 82772K, committed 83072K, reserved 1122304K
  class space    used 8392K, capacity 9298K, committed 9344K, reserved 1048576K
}
Event: 9.500 GC heap before
{Heap before GC invocations=18 (full 0):
 garbage-first heap   total 310272K, used 197749K [0x0000000704800000, 0x0000000800000000)
  region size 1024K, 70 young (71680K), 2 survivors (2048K)
 Metaspace       used 81489K, capacity 83882K, committed 84096K, reserved 1124352K
  class space    used 8512K, capacity 9536K, committed 9600K, reserved 1048576K
}
Event: 9.505 GC heap after
{Heap after GC invocations=19 (full 0):
 garbage-first heap   total 372736K, used 131170K [0x0000000704800000, 0x0000000800000000)
  region size 1024K, 5 young (5120K), 5 survivors (5120K)
 Metaspace       used 81489K, capacity 83882K, committed 84096K, reserved 1124352K
  class space    used 8512K, capacity 9536K, committed 9600K, reserved 1048576K
}
Event: 9.980 GC heap before
{Heap before GC invocations=19 (full 0):
 garbage-first heap   total 372736K, used 232546K [0x0000000704800000, 0x0000000800000000)
  region size 1024K, 103 young (105472K), 5 survivors (5120K)
 Metaspace       used 83073K, capacity 85787K, committed 86016K, reserved 1126400K
  class space    used 8825K, capacity 9915K, committed 9984K, reserved 1048576K
}
Event: 9.985 GC heap after
{Heap after GC invocations=20 (full 0):
 garbage-first heap   total 372736K, used 137198K [0x0000000704800000, 0x0000000800000000)
  region size 1024K, 11 young (11264K), 11 survivors (11264K)
 Metaspace       used 83073K, capacity 85787K, committed 86016K, reserved 1126400K
  class space    used 8825K, capacity 9915K, committed 9984K, reserved 1048576K
}
Event: 14.786 GC heap before
{Heap before GC invocations=20 (full 0):
 garbage-first heap   total 372736K, used 249838K [0x0000000704800000, 0x0000000800000000)
  region size 1024K, 116 young (118784K), 11 survivors (11264K)
 Metaspace       used 84335K, capacity 87134K, committed 87168K, reserved 1126400K
  class space    used 8956K, capacity 10089K, committed 10112K, reserved 1048576K
}
Event: 14.793 GC heap after
{Heap after GC invocations=21 (full 0):
 garbage-first heap   total 372736K, used 146497K [0x0000000704800000, 0x0000000800000000)
  region size 1024K, 10 young (10240K), 10 survivors (10240K)
 Metaspace       used 84335K, capacity 87134K, committed 87168K, reserved 1126400K
  class space    used 8956K, capacity 10089K, committed 10112K, reserved 1048576K
}
Event: 14.822 GC heap before
{Heap before GC invocations=21 (full 0):
 garbage-first heap   total 372736K, used 256065K [0x0000000704800000, 0x0000000800000000)
  region size 1024K, 117 young (119808K), 10 survivors (10240K)
 Metaspace       used 84335K, capacity 87134K, committed 87168K, reserved 1126400K
  class space    used 8956K, capacity 10089K, committed 10112K, reserved 1048576K
}
Event: 14.828 GC heap after
{Heap after GC invocations=22 (full 0):
 garbage-first heap   total 372736K, used 146520K [0x0000000704800000, 0x0000000800000000)
  region size 1024K, 4 young (4096K), 4 survivors (4096K)
 Metaspace       used 84335K, capacity 87134K, committed 87168K, reserved 1126400K
  class space    used 8956K, capacity 10089K, committed 10112K, reserved 1048576K
}
Event: 14.854 GC heap before
{Heap before GC invocations=22 (full 0):
 garbage-first heap   total 372736K, used 264280K [0x0000000704800000, 0x0000000800000000)
  region size 1024K, 119 young (121856K), 4 survivors (4096K)
 Metaspace       used 84337K, capacity 87134K, committed 87168K, reserved 1126400K
  class space    used 8956K, capacity 10089K, committed 10112K, reserved 1048576K
}
Event: 14.858 GC heap after
{Heap after GC invocations=23 (full 0):
 garbage-first heap   total 372736K, used 146182K [0x0000000704800000, 0x0000000800000000)
  region size 1024K, 4 young (4096K), 4 survivors (4096K)
 Metaspace       used 84337K, capacity 87134K, committed 87168K, reserved 1126400K
  class space    used 8956K, capacity 10089K, committed 10112K, reserved 1048576K
}
Event: 14.885 GC heap before
{Heap before GC invocations=23 (full 0):
 garbage-first heap   total 372736K, used 271110K [0x0000000704800000, 0x0000000800000000)
  region size 1024K, 126 young (129024K), 4 survivors (4096K)
 Metaspace       used 84338K, capacity 87135K, committed 87168K, reserved 1126400K
  class space    used 8956K, capacity 10089K, committed 10112K, reserved 1048576K
}
Event: 14.888 GC heap after
{Heap after GC invocations=24 (full 0):
 garbage-first heap   total 372736K, used 146015K [0x0000000704800000, 0x0000000800000000)
  region size 1024K, 4 young (4096K), 4 survivors (4096K)
 Metaspace       used 84338K, capacity 87135K, committed 87168K, reserved 1126400K
  class space    used 8956K, capacity 10089K, committed 10112K, reserved 1048576K
}
Event: 18.517 GC heap before
{Heap before GC invocations=24 (full 0):
 garbage-first heap   total 372736K, used 249439K [0x0000000704800000, 0x0000000800000000)
  region size 1024K, 83 young (84992K), 4 survivors (4096K)
 Metaspace       used 84872K, capacity 87685K, committed 87808K, reserved 1126400K
  class space    used 8990K, capacity 10123K, committed 10240K, reserved 1048576K
}
Event: 18.523 GC heap after
{Heap after GC invocations=25 (full 0):
 garbage-first heap   total 372736K, used 179453K [0x0000000704800000, 0x0000000800000000)
  region size 1024K, 14 young (14336K), 14 survivors (14336K)
 Metaspace       used 84872K, capacity 87685K, committed 87808K, reserved 1126400K
  class space    used 8990K, capacity 10123K, committed 10240K, reserved 1048576K
}

Deoptimization events (20 events):
Event: 19.982 Thread 0x000001c7872a9800 DEOPT PACKING pc=0x000001c7e7c942fc sp=0x0000006526dfa6e0
Event: 19.982 Thread 0x000001c7872a9800 DEOPT UNPACKING pc=0x000001c7e5719d0e sp=0x0000006526df9ba8 mode 0
Event: 19.982 Thread 0x000001c7872a9800 DEOPT PACKING pc=0x000001c7e76d69a6 sp=0x0000006526dfa750
Event: 19.982 Thread 0x000001c7872a9800 DEOPT UNPACKING pc=0x000001c7e5719d0e sp=0x0000006526df9c60 mode 0
Event: 19.985 Thread 0x000001c7872a9800 DEOPT PACKING pc=0x000001c7e76d65af sp=0x0000006526df8ec0
Event: 19.985 Thread 0x000001c7872a9800 DEOPT UNPACKING pc=0x000001c7e5719d0e sp=0x0000006526df83d0 mode 0
Event: 19.985 Thread 0x000001c7872b5000 Uncommon trap: trap_request=0xffffff4d fr.pc=0x000001c7ed27f664 relative=0x0000000000001264
Event: 19.986 Thread 0x000001c7872b5000 Uncommon trap: reason=unstable_if action=reinterpret pc=0x000001c7ed27f664 method=java.util.concurrent.ConcurrentHashMap.transfer([Ljava/util/concurrent/ConcurrentHashMap$Node;[Ljava/util/concurrent/ConcurrentHashMap$Node;)V @ 352 c2
Event: 19.986 Thread 0x000001c7872b5000 DEOPT PACKING pc=0x000001c7ed27f664 sp=0x00000065280fdc20
Event: 19.986 Thread 0x000001c7872b5000 DEOPT UNPACKING pc=0x000001c7e56d85af sp=0x00000065280fdbb8 mode 2
Event: 19.996 Thread 0x000001c7872a9800 DEOPT PACKING pc=0x000001c7e7bc8aa0 sp=0x0000006526dfcf10
Event: 19.996 Thread 0x000001c7872a9800 DEOPT UNPACKING pc=0x000001c7e5719d0e sp=0x0000006526dfc630 mode 0
Event: 19.996 Thread 0x000001c7872a9800 DEOPT PACKING pc=0x000001c7e7bc5a0a sp=0x0000006526dfcb60
Event: 19.996 Thread 0x000001c7872a9800 DEOPT UNPACKING pc=0x000001c7e5719d0e sp=0x0000006526dfc280 mode 0
Event: 20.001 Thread 0x000001c7872a9800 Uncommon trap: trap_request=0xffffff4d fr.pc=0x000001c7ed9bd2b8 relative=0x00000000000014b8
Event: 20.001 Thread 0x000001c7872a9800 Uncommon trap: reason=unstable_if action=reinterpret pc=0x000001c7ed9bd2b8 method=kl.nc(Lnn;I)V @ 48 c2
Event: 20.001 Thread 0x000001c7872a9800 DEOPT PACKING pc=0x000001c7ed9bd2b8 sp=0x0000006526dfe610
Event: 20.001 Thread 0x000001c7872a9800 DEOPT UNPACKING pc=0x000001c7e56d85af sp=0x0000006526dfe598 mode 2
Event: 20.015 Thread 0x000001c7872a9800 DEOPT PACKING pc=0x000001c7e7bc5a0a sp=0x0000006526dfde60
Event: 20.015 Thread 0x000001c7872a9800 DEOPT UNPACKING pc=0x000001c7e5719d0e sp=0x0000006526dfd580 mode 0

Classes redefined (0 events):
No events

Internal exceptions (20 events):
Event: 19.369 Thread 0x000001c7872a9800 Exception <a 'java/lang/IncompatibleClassChangeError'{0x0000000717de46d0}: Found class java.lang.Object, but interface was expected> (0x0000000717de46d0) thrown at [s\src\hotspot\share\interpreter\linkResolver.cpp, line 839]
Event: 19.369 Thread 0x000001c7872a9800 Exception <a 'java/lang/IncompatibleClassChangeError'{0x0000000717de6f50}: Found class java.lang.Object, but interface was expected> (0x0000000717de6f50) thrown at [s\src\hotspot\share\interpreter\linkResolver.cpp, line 839]
Event: 19.369 Thread 0x000001c7872a9800 Exception <a 'java/lang/IncompatibleClassChangeError'{0x0000000717de97c0}: Found class java.lang.Object, but interface was expected> (0x0000000717de97c0) thrown at [s\src\hotspot\share\interpreter\linkResolver.cpp, line 839]
Event: 19.370 Thread 0x000001c7872a9800 Exception <a 'java/lang/IncompatibleClassChangeError'{0x0000000717dec018}: Found class java.lang.Object, but interface was expected> (0x0000000717dec018) thrown at [s\src\hotspot\share\interpreter\linkResolver.cpp, line 839]
Event: 19.370 Thread 0x000001c7872a9800 Exception <a 'java/lang/IncompatibleClassChangeError'{0x0000000717dee840}: Found class java.lang.Object, but interface was expected> (0x0000000717dee840) thrown at [s\src\hotspot\share\interpreter\linkResolver.cpp, line 839]
Event: 19.370 Thread 0x000001c7872a9800 Exception <a 'java/lang/IncompatibleClassChangeError'{0x0000000717df1098}: Found class java.lang.Object, but interface was expected> (0x0000000717df1098) thrown at [s\src\hotspot\share\interpreter\linkResolver.cpp, line 839]
Event: 19.370 Thread 0x000001c7872a9800 Exception <a 'java/lang/IncompatibleClassChangeError'{0x0000000717df38c8}: Found class java.lang.Object, but interface was expected> (0x0000000717df38c8) thrown at [s\src\hotspot\share\interpreter\linkResolver.cpp, line 839]
Event: 19.371 Thread 0x000001c7872a9800 Exception <a 'java/lang/IncompatibleClassChangeError'{0x0000000717df63a8}: Found class java.lang.Object, but interface was expected> (0x0000000717df63a8) thrown at [s\src\hotspot\share\interpreter\linkResolver.cpp, line 839]
Event: 19.371 Thread 0x000001c7872a9800 Exception <a 'java/lang/IncompatibleClassChangeError'{0x0000000717df8c10}: Found class java.lang.Object, but interface was expected> (0x0000000717df8c10) thrown at [s\src\hotspot\share\interpreter\linkResolver.cpp, line 839]
Event: 19.371 Thread 0x000001c7872a9800 Exception <a 'java/lang/IncompatibleClassChangeError'{0x0000000717dfb478}: Found class java.lang.Object, but interface was expected> (0x0000000717dfb478) thrown at [s\src\hotspot\share\interpreter\linkResolver.cpp, line 839]
Event: 19.371 Thread 0x000001c7872a9800 Exception <a 'java/lang/IncompatibleClassChangeError'{0x0000000717dfdce0}: Found class java.lang.Object, but interface was expected> (0x0000000717dfdce0) thrown at [s\src\hotspot\share\interpreter\linkResolver.cpp, line 839]
Event: 19.371 Thread 0x000001c7872a9800 Exception <a 'java/lang/IncompatibleClassChangeError'{0x0000000717c009d8}: Found class java.lang.Object, but interface was expected> (0x0000000717c009d8) thrown at [s\src\hotspot\share\interpreter\linkResolver.cpp, line 839]
Event: 19.372 Thread 0x000001c7872a9800 Exception <a 'java/lang/IncompatibleClassChangeError'{0x0000000717c03238}: Found class java.lang.Object, but interface was expected> (0x0000000717c03238) thrown at [s\src\hotspot\share\interpreter\linkResolver.cpp, line 839]
Event: 19.372 Thread 0x000001c7872a9800 Exception <a 'java/lang/IncompatibleClassChangeError'{0x0000000717c05a98}: Found class java.lang.Object, but interface was expected> (0x0000000717c05a98) thrown at [s\src\hotspot\share\interpreter\linkResolver.cpp, line 839]
Event: 19.372 Thread 0x000001c7872a9800 Exception <a 'java/lang/IncompatibleClassChangeError'{0x0000000717c082f8}: Found class java.lang.Object, but interface was expected> (0x0000000717c082f8) thrown at [s\src\hotspot\share\interpreter\linkResolver.cpp, line 839]
Event: 19.373 Thread 0x000001c7872a9800 Exception <a 'java/lang/IncompatibleClassChangeError'{0x0000000717c0ab58}: Found class java.lang.Object, but interface was expected> (0x0000000717c0ab58) thrown at [s\src\hotspot\share\interpreter\linkResolver.cpp, line 839]
Event: 19.373 Thread 0x000001c7872a9800 Exception <a 'java/lang/IncompatibleClassChangeError'{0x0000000717c0d3c8}: Found class java.lang.Object, but interface was expected> (0x0000000717c0d3c8) thrown at [s\src\hotspot\share\interpreter\linkResolver.cpp, line 839]
Event: 19.403 Thread 0x000001c7872a9800 Exception <a 'java/lang/NoSuchMethodError'{0x0000000717cd76f0}: 'void java.lang.invoke.DirectMethodHandle$Holder.invokeStatic(java.lang.Object, long)'> (0x0000000717cd76f0) thrown at [s\src\hotspot\share\interpreter\linkResolver.cpp, line 773]
Event: 19.679 Thread 0x000001c7872a9800 Exception <a 'java/lang/NoSuchMethodError'{0x00000007156d67e8}: 'java.lang.Object java.lang.invoke.DirectMethodHandle$Holder.invokeStatic(java.lang.Object, java.lang.Object, java.lang.Object, java.lang.Object, java.lang.Object, int)'> (0x00000007156d67e8) thrown at [s\src\hotspot\share\interpreter\linkResolver.cpp, line 773]
Event: 19.679 Thread 0x000001c7872a9800 Exception <a 'java/lang/NoSuchMethodError'{0x00000007156da560}: 'java.lang.Object java.lang.invoke.DirectMethodHandle$Holder.invokeSpecial(java.lang.Object, java.lang.Object, java.lang.Object, java.lang.Object, java.lang.Object, java.lang.Object, int)'> (0x00000007156da560) thrown at [s\src\hotspot\share\interpreter\linkResolver.cpp, line 773]

Events (20 events):
Event: 19.973 loading class java/security/cert/PKIXRevocationChecker
Event: 19.974 loading class java/security/cert/PKIXRevocationChecker done
Event: 19.975 loading class sun/security/util/AnchorCertificates
Event: 19.975 loading class sun/security/util/AnchorCertificates done
Event: 19.976 loading class sun/security/util/AnchorCertificates$1
Event: 19.976 loading class sun/security/util/AnchorCertificates$1 done
Event: 19.976 loading class sun/security/provider/JavaKeyStore$DualFormatJKS
Event: 19.976 loading class sun/security/provider/JavaKeyStore$DualFormatJKS done
Event: 19.976 loading class java/util/SimpleTimeZone
Event: 19.977 loading class java/util/SimpleTimeZone done
Event: 19.980 loading class sun/security/util/HostnameChecker
Event: 19.981 loading class sun/security/util/HostnameChecker done
Event: 19.981 loading class java/util/concurrent/ConcurrentHashMap$TreeNode
Event: 19.981 loading class java/util/concurrent/ConcurrentHashMap$TreeNode done
Event: 19.981 loading class java/util/concurrent/ConcurrentHashMap$TreeBin
Event: 19.982 loading class java/util/concurrent/ConcurrentHashMap$TreeBin done
Event: 19.985 Executing VM operation: RevokeBias
Event: 19.986 Executing VM operation: RevokeBias done
Event: 19.995 loading class net/runelite/client/plugins/chathistory/ChatHistoryPlugin$1
Event: 19.995 loading class net/runelite/client/plugins/chathistory/ChatHistoryPlugin$1 done


Dynamic libraries:
0x00007ff770740000 - 0x00007ff77074e000 	C:\Users\Donni\.jdks\corretto-11.0.22\bin\java.exe
0x00007fff2cc50000 - 0x00007fff2ce67000 	C:\WINDOWS\SYSTEM32\ntdll.dll
0x00007fff2c200000 - 0x00007fff2c2c4000 	C:\WINDOWS\System32\KERNEL32.DLL
0x00007fff2a2a0000 - 0x00007fff2a646000 	C:\WINDOWS\System32\KERNELBASE.dll
0x00007fff2a180000 - 0x00007fff2a291000 	C:\WINDOWS\System32\ucrtbase.dll
0x00007fff25400000 - 0x00007fff25417000 	C:\Users\Donni\.jdks\corretto-11.0.22\bin\jli.dll
0x00007fff21120000 - 0x00007fff2113b000 	C:\Users\Donni\.jdks\corretto-11.0.22\bin\VCRUNTIME140.dll
0x00007fff2af40000 - 0x00007fff2b0ee000 	C:\WINDOWS\System32\USER32.dll
0x00007fff0be70000 - 0x00007fff0c103000 	C:\WINDOWS\WinSxS\amd64_microsoft.windows.common-controls_6595b64144ccf1df_6.0.22621.2506_none_270c5ae97388e100\COMCTL32.dll
0x00007fff2a650000 - 0x00007fff2a676000 	C:\WINDOWS\System32\win32u.dll
0x00007fff2bbe0000 - 0x00007fff2bc87000 	C:\WINDOWS\System32\msvcrt.dll
0x00007fff2b170000 - 0x00007fff2b199000 	C:\WINDOWS\System32\GDI32.dll
0x00007fff2a030000 - 0x00007fff2a148000 	C:\WINDOWS\System32\gdi32full.dll
0x00007fff29f90000 - 0x00007fff2a02a000 	C:\WINDOWS\System32\msvcp_win.dll
0x00007fff2cb40000 - 0x00007fff2cb71000 	C:\WINDOWS\System32\IMM32.DLL
0x00007fff254a0000 - 0x00007fff254ac000 	C:\Users\Donni\.jdks\corretto-11.0.22\bin\vcruntime140_1.dll
0x00007fff1cc70000 - 0x00007fff1ccfd000 	C:\Users\Donni\.jdks\corretto-11.0.22\bin\msvcp140.dll
0x00007ffed70b0000 - 0x00007ffed7c73000 	C:\Users\Donni\.jdks\corretto-11.0.22\bin\server\jvm.dll
0x00007fff2c2e0000 - 0x00007fff2c393000 	C:\WINDOWS\System32\ADVAPI32.dll
0x00007fff2c8f0000 - 0x00007fff2c998000 	C:\WINDOWS\System32\sechost.dll
0x00007fff2a150000 - 0x00007fff2a178000 	C:\WINDOWS\System32\bcrypt.dll
0x00007fff2c9a0000 - 0x00007fff2cab7000 	C:\WINDOWS\System32\RPCRT4.dll
0x00007fff2ae20000 - 0x00007fff2ae28000 	C:\WINDOWS\System32\PSAPI.DLL
0x00007fff26d80000 - 0x00007fff26d89000 	C:\WINDOWS\SYSTEM32\WSOCK32.dll
0x00007fff20f10000 - 0x00007fff20f44000 	C:\WINDOWS\SYSTEM32\WINMM.dll
0x00007fff2cac0000 - 0x00007fff2cb31000 	C:\WINDOWS\System32\WS2_32.dll
0x00007fff203f0000 - 0x00007fff203fa000 	C:\WINDOWS\SYSTEM32\VERSION.dll
0x00007fff28fc0000 - 0x00007fff28fd8000 	C:\WINDOWS\SYSTEM32\kernel.appcore.dll
0x00007fff253f0000 - 0x00007fff25400000 	C:\Users\Donni\.jdks\corretto-11.0.22\bin\verify.dll
0x00007fff272d0000 - 0x00007fff27503000 	C:\WINDOWS\SYSTEM32\DBGHELP.DLL
0x00007fff2bc90000 - 0x00007fff2c019000 	C:\WINDOWS\System32\combase.dll
0x00007fff2ba90000 - 0x00007fff2bb67000 	C:\WINDOWS\System32\OLEAUT32.dll
0x00007ffefe410000 - 0x00007ffefe442000 	C:\WINDOWS\SYSTEM32\dbgcore.DLL
0x00007fff2a860000 - 0x00007fff2a8da000 	C:\WINDOWS\System32\bcryptPrimitives.dll
0x00007fff20040000 - 0x00007fff20068000 	C:\Users\Donni\.jdks\corretto-11.0.22\bin\java.dll
0x00007fff24070000 - 0x00007fff2407a000 	C:\Users\Donni\.jdks\corretto-11.0.22\bin\jimage.dll
0x00007fff1cc30000 - 0x00007fff1cc69000 	C:\Users\Donni\.jdks\corretto-11.0.22\bin\jdwp.dll
0x00007fff23ce0000 - 0x00007fff23cee000 	C:\Users\Donni\.jdks\corretto-11.0.22\bin\instrument.dll
0x00007fff1fdd0000 - 0x00007fff1fde8000 	C:\Users\Donni\.jdks\corretto-11.0.22\bin\zip.dll
0x00007fff2b230000 - 0x00007fff2ba8a000 	C:\WINDOWS\System32\SHELL32.dll
0x00007fff27ee0000 - 0x00007fff287d6000 	C:\WINDOWS\SYSTEM32\windows.storage.dll
0x00007fff27da0000 - 0x00007fff27ede000 	C:\WINDOWS\SYSTEM32\wintypes.dll
0x00007fff2c7f0000 - 0x00007fff2c8e3000 	C:\WINDOWS\System32\SHCORE.dll
0x00007fff2ae30000 - 0x00007fff2ae8e000 	C:\WINDOWS\System32\shlwapi.dll
0x00007fff29ec0000 - 0x00007fff29ee6000 	C:\WINDOWS\SYSTEM32\profapi.dll
0x00007fff1ff30000 - 0x00007fff1ff3a000 	C:\Users\Donni\.jdks\corretto-11.0.22\bin\dt_socket.dll
0x00007fff29440000 - 0x00007fff294a9000 	C:\WINDOWS\system32\mswsock.dll
0x00007fff12700000 - 0x00007fff12719000 	C:\Users\Donni\.jdks\corretto-11.0.22\bin\net.dll
0x00007fff23b20000 - 0x00007fff23c57000 	C:\WINDOWS\SYSTEM32\WINHTTP.dll
0x00007fff126e0000 - 0x00007fff126f2000 	C:\Users\Donni\.jdks\corretto-11.0.22\bin\nio.dll
0x00007fff126b0000 - 0x00007fff126d7000 	C:\Users\Donni\.jdks\corretto-11.0.22\bin\sunec.dll
0x00007fff1fea0000 - 0x00007fff1feae000 	C:\Users\Donni\.jdks\corretto-11.0.22\bin\sunmscapi.dll
0x00007fff2a6f0000 - 0x00007fff2a856000 	C:\WINDOWS\System32\CRYPT32.dll
0x00007fff29850000 - 0x00007fff2987e000 	C:\WINDOWS\SYSTEM32\ncrypt.dll
0x00007fff29810000 - 0x00007fff29847000 	C:\WINDOWS\SYSTEM32\NTASN1.dll
0x00007fff296f0000 - 0x00007fff29702000 	C:\WINDOWS\SYSTEM32\MSASN1.dll
0x00007fff296a0000 - 0x00007fff296bb000 	C:\WINDOWS\SYSTEM32\CRYPTSP.dll
0x00007fff28f20000 - 0x00007fff28f55000 	C:\WINDOWS\system32\rsaenh.dll
0x00007fff29690000 - 0x00007fff2969c000 	C:\WINDOWS\SYSTEM32\CRYPTBASE.dll
0x00007fff294d0000 - 0x00007fff294f6000 	C:\WINDOWS\SYSTEM32\gpapi.dll
0x00007fff29530000 - 0x00007fff2955c000 	C:\WINDOWS\SYSTEM32\USERENV.dll
0x00007fff29c70000 - 0x00007fff29c7a000 	C:\WINDOWS\SYSTEM32\DPAPI.dll
0x00007fff28ad0000 - 0x00007fff28afd000 	C:\WINDOWS\SYSTEM32\IPHLPAPI.DLL
0x00007fff2b160000 - 0x00007fff2b169000 	C:\WINDOWS\System32\NSI.dll
0x00007fff23960000 - 0x00007fff23979000 	C:\WINDOWS\SYSTEM32\dhcpcsvc6.DLL
0x00007fff23930000 - 0x00007fff2394f000 	C:\WINDOWS\SYSTEM32\dhcpcsvc.DLL
0x00007fff28b00000 - 0x00007fff28bf9000 	C:\WINDOWS\SYSTEM32\DNSAPI.dll
0x00007ffef43d0000 - 0x00007ffef4552000 	C:\Users\Donni\.jdks\corretto-11.0.22\bin\awt.dll
0x00007fff263c0000 - 0x00007fff26457000 	C:\WINDOWS\SYSTEM32\apphelp.dll
0x00007fff26f10000 - 0x00007fff26fbb000 	C:\WINDOWS\system32\uxtheme.dll
0x00007fff2c3a0000 - 0x00007fff2c4f0000 	C:\WINDOWS\System32\MSCTF.dll
0x00007fff2c650000 - 0x00007fff2c7f0000 	C:\WINDOWS\System32\ole32.dll
0x00007fff27730000 - 0x00007fff2775b000 	C:\WINDOWS\system32\DWMAPI.DLL
0x00007ffef6b10000 - 0x00007ffef6c10000 	C:\WINDOWS\system32\opengl32.dll
0x00007ffef6ae0000 - 0x00007ffef6b0d000 	C:\WINDOWS\SYSTEM32\GLU32.dll
0x00007fff27570000 - 0x00007fff275a6000 	C:\WINDOWS\SYSTEM32\dxcore.dll
0x00007fff12620000 - 0x00007fff126a7000 	C:\Users\Donni\.jdks\corretto-11.0.22\bin\freetype.dll
0x00007ffef42f0000 - 0x00007ffef43c3000 	C:\Users\Donni\.jdks\corretto-11.0.22\bin\fontmanager.dll
0x00007fff105f0000 - 0x00007fff1073a000 	C:\WINDOWS\SYSTEM32\textinputframework.dll
0x00007fff1cb60000 - 0x00007fff1cb69000 	C:\Users\Donni\.jdks\corretto-11.0.22\bin\management.dll
0x00007fff254d0000 - 0x00007fff25604000 	C:\WINDOWS\SYSTEM32\CoreMessaging.dll
0x00007fff22860000 - 0x00007fff22bcc000 	C:\WINDOWS\SYSTEM32\CoreUIComponents.dll
0x00007fff1ca10000 - 0x00007fff1ca1b000 	C:\Users\Donni\.jdks\corretto-11.0.22\bin\management_ext.dll
0x00007fff203e0000 - 0x00007fff203ea000 	C:\Windows\System32\rasadhlp.dll
0x00007fff22570000 - 0x00007fff225f3000 	C:\WINDOWS\System32\fwpuclnt.dll
0x00007fff12450000 - 0x00007fff12494000 	C:\Users\Donni\AppData\Local\Temp\jna-68899\jna10170665836004417810.dll
0x00007ffef4250000 - 0x00007ffef42ec000 	C:\Users\Donni\AppData\Local\Temp\jna-68899\jna5019700230307977477.dll
0x00007fff116f0000 - 0x00007fff1176f000 	C:\Users\Donni\.jdks\corretto-11.0.22\bin\mlib_image.dll
0x00007fff12600000 - 0x00007fff12612000 	C:\Users\Donni\.jdks\corretto-11.0.22\bin\jsound.dll
0x00007ffef0390000 - 0x00007ffef0432000 	C:\WINDOWS\SYSTEM32\DSOUND.dll
0x00007fff29e60000 - 0x00007fff29ead000 	C:\WINDOWS\SYSTEM32\powrprof.dll
0x00007ffee0c90000 - 0x00007ffee0d41000 	C:\WINDOWS\SYSTEM32\ResampleDmo.DLL
0x00007fff125d0000 - 0x00007fff125f9000 	C:\WINDOWS\SYSTEM32\winmmbase.dll
0x00007fff12440000 - 0x00007fff1244b000 	C:\WINDOWS\SYSTEM32\msdmo.dll
0x00007fff29d90000 - 0x00007fff29da3000 	C:\WINDOWS\SYSTEM32\UMPDC.dll
0x00007fff2ae90000 - 0x00007fff2af40000 	C:\WINDOWS\System32\clbcatq.dll
0x00007fff1d470000 - 0x00007fff1d50d000 	C:\WINDOWS\System32\MMDevApi.dll
0x00007fff29bd0000 - 0x00007fff29bfc000 	C:\WINDOWS\System32\DEVOBJ.dll
0x00007fff29c00000 - 0x00007fff29c4e000 	C:\WINDOWS\SYSTEM32\cfgmgr32.dll
0x00007ffeccbc0000 - 0x00007ffeccc06000 	C:\WINDOWS\SYSTEM32\wdmaud.drv
0x00007fff22e70000 - 0x00007fff22e7b000 	C:\WINDOWS\SYSTEM32\AVRT.dll
0x00007fff05b50000 - 0x00007fff05b59000 	C:\WINDOWS\SYSTEM32\ksuser.dll
0x00007fff19ad0000 - 0x00007fff19cbc000 	C:\WINDOWS\SYSTEM32\AUDIOSES.DLL
0x00007fff23cd0000 - 0x00007fff23cde000 	C:\WINDOWS\SYSTEM32\msacm32.drv
0x00007fff19420000 - 0x00007fff1943e000 	C:\WINDOWS\SYSTEM32\MSACM32.dll
0x00007fff19410000 - 0x00007fff1941b000 	C:\WINDOWS\SYSTEM32\midimap.dll
0x00007fff27a70000 - 0x00007fff27a85000 	C:\WINDOWS\SYSTEM32\resourcepolicyclient.dll
0x00007fff1c770000 - 0x00007fff1c8e4000 	C:\Windows\System32\Windows.UI.dll
0x00007fff122a0000 - 0x00007fff122cd000 	C:\Users\Donni\.jdks\corretto-11.0.22\bin\javajpeg.dll
0x00007fff12430000 - 0x00007fff12436000 	C:\Users\Donni\AppData\Local\Temp\flatlaf.temp\flatlaf-windows-x86_64-2854638781075000.dll
0x00007fff12420000 - 0x00007fff12427000 	C:\Users\Donni\.jdks\corretto-11.0.22\bin\jawt.dll
0x00007fff26ec0000 - 0x00007fff26ecd000 	C:\WINDOWS\SYSTEM32\WINNSI.DLL
0x00007fff244b0000 - 0x00007fff24660000 	C:\WINDOWS\SYSTEM32\WindowsCodecs.dll
0x00007ffef3f20000 - 0x00007ffef3f7e000 	C:\WINDOWS\system32\dataexchange.dll
0x00007fff20ac0000 - 0x00007fff20d45000 	C:\WINDOWS\system32\twinapi.appcore.dll
0x00007fff21550000 - 0x00007fff2160c000 	C:\WINDOWS\SYSTEM32\mscms.dll
0x00007fff1fc70000 - 0x00007fff1fcb9000 	C:\WINDOWS\SYSTEM32\icm32.dll

dbghelp: loaded successfully - version: 4.0.5 - missing functions: none
symbol engine: initialized successfully - sym options: 0x614 - pdb path: .;C:\Users\Donni\.jdks\corretto-11.0.22\bin;C:\WINDOWS\SYSTEM32;C:\WINDOWS\WinSxS\amd64_microsoft.windows.common-controls_6595b64144ccf1df_6.0.22621.2506_none_270c5ae97388e100;C:\Users\Donni\.jdks\corretto-11.0.22\bin\server;C:\Users\Donni\AppData\Local\Temp\jna-68899;C:\Users\Donni\AppData\Local\Temp\flatlaf.temp

VM Arguments:
jvm_args: -agentlib:jdwp=transport=dt_socket,server=n,suspend=y,address=127.0.0.1:59916 -javaagent:C:\Users\Donni\.gradle\caches\modules-2\files-2.1\org.jetbrains.kotlinx\kotlinx-coroutines-core-jvm\1.6.0\f3b8fd26c2e76d2f18cbc36aacb6e349fcb9fd5f\kotlinx-coroutines-core-jvm-1.6.0.jar -Dfile.encoding=windows-1252 -Duser.country=US -Duser.language=en -Duser.variant -ea 
java_command: com.piggyplugins.PluginTester
java_class_path (initial): C:\Users\Donni\IdeaProjects\PiggyPlugins\build\classes\java\test;C:\Users\Donni\IdeaProjects\PiggyPlugins\build\resources\test;C:\Users\Donni\IdeaProjects\PiggyPlugins\build\classes\java\main;C:\Users\Donni\IdeaProjects\PiggyPlugins\build\resources\main;C:\Users\Donni\IdeaProjects\PiggyPlugins\AutoTitheFarm\build\libs\AutoTitheFarm-1.0.0.jar;C:\Users\Donni\IdeaProjects\PiggyPlugins\AutoAerial\build\libs\AutoAerial-1.0.0.jar;C:\Users\Donni\IdeaProjects\PiggyPlugins\AutoRuneDragons\build\libs\AutoRuneDragons-1.0.0.jar;C:\Users\Donni\IdeaProjects\PiggyPlugins\AutoBoner\build\libs\AutoBoner-1.0.3.jar;C:\Users\Donni\IdeaProjects\PiggyPlugins\AutoChompy\build\libs\AutoChompy-1.0.3.jar;C:\Users\Donni\IdeaProjects\PiggyPlugins\AutoVorkath\build\libs\AutoVorkath-1.0.19.jar;C:\Users\Donni\IdeaProjects\PiggyPlugins\AutoCombat\build\libs\AutoCombat-1.0.0.jar;C:\Users\Donni\IdeaProjects\PiggyPlugins\AutoTrapper\build\libs\AutoTrapper-1.0.0.jar;C:\Users\Donni\IdeaProjects\PiggyPlugins\AutoSmith\build\libs\AutoSmith-1.0.0.jar;C:\Users\Donni\IdeaProjects\PiggyPlugins\ButterflyCatcher\build\libs\ButterflyCatcher-1.0.0.jar;C:\Users\Donni\IdeaProjects\PiggyPlugins\DialogueContinuer\build\libs\DialogueContinuer-1.0.0.jar;C:\Users\Donni\IdeaProjects\PiggyPlugins\Firemaking\build\libs\Firemaking-1.0.0.jar;C:\Users\Donni\IdeaProjects\PiggyPlugins\KittenFeeder\build\libs\KittenFeeder-1.0.0.jar;C:\Users\Donni\IdeaProjects\PiggyPlugins\AutoJugHumidifier\build\libs\AutoJugHumidifier-1.0.0.jar;C:\Users\Donni\IdeaProjects\PiggyPlugins\AutoRifts\build\libs\AutoRifts-1.0.0.jar;C:\Users\Donni\IdeaProjects\PiggyPlugins\AutoTele\build\libs\AutoTele-1.0.0.jar;C:\Users\Donni\IdeaProjects\PiggyPlugins\CalvarionHelper\build\libs\CalvarionHelper-1.0.0.jar;C:\Users\Donni\IdeaProjects\PiggyPlugins\CannonReloader\build\libs\CannonReloader-1.0.0.jar;C:\Users\Donni\IdeaProjects\PiggyPlugins\E3T4G\build\libs\E3T4G-1.0.0.jar;C:\Users\Donni\IdeaProjects\PiggyPlugins\EthansApi\build\l
Launcher Type: SUN_STANDARD

[Global flags]
     intx CICompilerCount                          = 4                                         {product} {ergonomic}
     uint ConcGCThreads                            = 2                                         {product} {ergonomic}
     uint G1ConcRefinementThreads                  = 8                                         {product} {ergonomic}
   size_t G1HeapRegionSize                         = 1048576                                   {product} {ergonomic}
    uintx GCDrainStackTargetSize                   = 64                                        {product} {ergonomic}
   size_t InitialHeapSize                          = 264241152                                 {product} {ergonomic}
   size_t MarkStackSize                            = 4194304                                   {product} {ergonomic}
   size_t MaxHeapSize                              = 4219469824                                {product} {ergonomic}
   size_t MaxNewSize                               = 2531262464                                {product} {ergonomic}
   size_t MinHeapDeltaBytes                        = 1048576                                   {product} {ergonomic}
    uintx NonNMethodCodeHeapSize                   = 5836300                                {pd product} {ergonomic}
    uintx NonProfiledCodeHeapSize                  = 122910970                              {pd product} {ergonomic}
    uintx ProfiledCodeHeapSize                     = 122910970                              {pd product} {ergonomic}
    uintx ReservedCodeCacheSize                    = 251658240                              {pd product} {ergonomic}
     bool SegmentedCodeCache                       = true                                      {product} {ergonomic}
     bool UseCompressedClassPointers               = true                                 {lp64_product} {ergonomic}
     bool UseCompressedOops                        = true                                 {lp64_product} {ergonomic}
     bool UseG1GC                                  = true                                      {product} {ergonomic}
     bool UseLargePagesIndividualAllocation        = false                                  {pd product} {ergonomic}

Logging:
Log output configuration:
 #0: stdout all=warning uptime,level,tags
 #1: stderr all=off uptime,level,tags

Environment Variables:
JAVA_HOME=C:\Program Files (x86)\Eclipse Adoptium\jdk-11.0.21.9-hotspot\
PATH=C:\Program Files (x86)\Eclipse Adoptium\jdk-11.0.21.9-hotspot\bin;C:\Program Files\Common Files\Oracle\Java\javapath;C:\Python311\Scripts\;C:\Python311\;C:\WINDOWS\system32;C:\WINDOWS;C:\WINDOWS\System32\Wbem;C:\WINDOWS\System32\WindowsPowerShell\v1.0\;C:\WINDOWS\System32\OpenSSH\;C:\ProgramData\chocolatey\bin;C:\Program Files\Git\cmd;C:\Program Files\nodejs\;C:\Program Files\Microsoft VS Code\bin;C:\Program Files\dotnet\;C:\Users\Donni\AppData\Local\Microsoft\WindowsApps;;C:\Exercism;C:\Users\Donni\AppData\Roaming\npm;C:\Program Files\JetBrains\IntelliJ IDEA Community Edition 2023.2.5\bin;
USERNAME=Don
OS=Windows_NT
PROCESSOR_IDENTIFIER=Intel64 Family 6 Model 140 Stepping 1, GenuineIntel
TMP=C:\Users\Donni\AppData\Local\Temp
TEMP=C:\Users\Donni\AppData\Local\Temp



---------------  S Y S T E M  ---------------

OS: Windows 11 , 64 bit Build 22621 (10.0.22621.2506)
OS uptime: 3 days 7:17 hours

CPU:total 8 (initial active 8) (4 cores per cpu, 2 threads per core) family 6 model 140 stepping 1 microcode 0xac, cmov, cx8, fxsr, mmx, sse, sse2, sse3, ssse3, sse4.1, sse4.2, popcnt, avx, avx2, aes, clmul, erms, 3dnowpref, lzcnt, ht, tsc, tscinvbit, bmi1, bmi2, adx, evex, sha, fma

Memory: 4k page, system-wide physical 16091M (6882M free)
TotalPageFile size 17115M (AvailPageFile size 5875M)
current process WorkingSet (physical memory assigned to process): 773M, peak: 773M
current process commit charge ("private bytes"): 818M, peak: 818M

vm_info: OpenJDK 64-Bit Server VM (11.0.22+7-LTS) for windows-amd64 JRE (11.0.22+7-LTS), built on Jan 10 2024 19:54:00 by "Administrator" with MS VC++ 16.10 / 16.11 (VS2019)

END.
